2025-03-04 19:13:35,180 - INFO - Clock rate for client 2: 5 events per second
2025-03-04 19:13:35,688 - INFO - EVENT: Send Msg | RECIPIENT: 1 and 3 | LOGICAL TIME: 1 | PHYSICAL TIME: 2025-03-04 19:13:35.68, MESSAGE QUEUE LENGTH: 0

2025-03-04 19:13:35,940 - INFO - EVENT: Receive Msg | SENDER: 3 | LOGICAL TIME: 2 | PHYSICAL TIME: 2025-03-04 19:13:35.00, MESSAGE QUEUE LENGTH: 1

2025-03-04 19:13:36,189 - INFO - EVENT: Receive Msg | SENDER: 1 | LOGICAL TIME: 3 | PHYSICAL TIME: 2025-03-04 19:13:35.00, MESSAGE QUEUE LENGTH: 1

2025-03-04 19:13:36,454 - INFO - EVENT: Receive Msg | SENDER: 3 | LOGICAL TIME: 4 | PHYSICAL TIME: 2025-03-04 19:13:36.00, MESSAGE QUEUE LENGTH: 1

2025-03-04 19:13:36,688 - INFO - EVENT: Internal Event | LOGICAL TIME: 5 | PHYSICAL TIME: 2025-03-04 19:13:36.68, MESSAGE QUEUE LENGTH: 0

2025-03-04 19:13:36,891 - INFO - EVENT: Send Msg | RECIPIENT: 3 | LOGICAL TIME: 6 | PHYSICAL TIME: 2025-03-04 19:13:36.89, MESSAGE QUEUE LENGTH: 0

2025-03-04 19:13:37,189 - INFO - EVENT: Receive Msg | SENDER: 3 | LOGICAL TIME: 7 | PHYSICAL TIME: 2025-03-04 19:13:36.00, MESSAGE QUEUE LENGTH: 1

2025-03-04 19:13:37,511 - INFO - EVENT: Receive Msg | SENDER: 1 | LOGICAL TIME: 8 | PHYSICAL TIME: 2025-03-04 19:13:37.00, MESSAGE QUEUE LENGTH: 1

2025-03-04 19:13:37,856 - INFO - EVENT: Receive Msg | SENDER: 3 | LOGICAL TIME: 10 | PHYSICAL TIME: 2025-03-04 19:13:37.00, MESSAGE QUEUE LENGTH: 2

2025-03-04 19:13:38,197 - INFO - EVENT: Receive Msg | SENDER: 3 | LOGICAL TIME: 11 | PHYSICAL TIME: 2025-03-04 19:13:37.00, MESSAGE QUEUE LENGTH: 1

2025-03-04 19:13:38,444 - INFO - EVENT: Internal Event | LOGICAL TIME: 12 | PHYSICAL TIME: 2025-03-04 19:13:38.44, MESSAGE QUEUE LENGTH: 0

2025-03-04 19:13:38,813 - INFO - EVENT: Internal Event | LOGICAL TIME: 13 | PHYSICAL TIME: 2025-03-04 19:13:38.81, MESSAGE QUEUE LENGTH: 0

2025-03-04 19:13:39,043 - INFO - EVENT: Receive Msg | SENDER: 3 | LOGICAL TIME: 16 | PHYSICAL TIME: 2025-03-04 19:13:38.00, MESSAGE QUEUE LENGTH: 1

2025-03-04 19:13:39,292 - INFO - EVENT: Internal Event | LOGICAL TIME: 17 | PHYSICAL TIME: 2025-03-04 19:13:39.29, MESSAGE QUEUE LENGTH: 0

2025-03-04 19:13:39,530 - INFO - EVENT: Receive Msg | SENDER: 1 | LOGICAL TIME: 18 | PHYSICAL TIME: 2025-03-04 19:13:39.00, MESSAGE QUEUE LENGTH: 1

2025-03-04 19:13:39,778 - INFO - EVENT: Receive Msg | SENDER: 1 | LOGICAL TIME: 19 | PHYSICAL TIME: 2025-03-04 19:13:39.00, MESSAGE QUEUE LENGTH: 1

2025-03-04 19:13:40,094 - INFO - EVENT: Receive Msg | SENDER: 1 | LOGICAL TIME: 20 | PHYSICAL TIME: 2025-03-04 19:13:39.00, MESSAGE QUEUE LENGTH: 1

2025-03-04 19:13:40,456 - INFO - EVENT: Receive Msg | SENDER: 3 | LOGICAL TIME: 22 | PHYSICAL TIME: 2025-03-04 19:13:40.00, MESSAGE QUEUE LENGTH: 1

2025-03-04 19:13:40,710 - INFO - EVENT: Receive Msg | SENDER: 3 | LOGICAL TIME: 24 | PHYSICAL TIME: 2025-03-04 19:13:40.00, MESSAGE QUEUE LENGTH: 1

2025-03-04 19:13:40,940 - INFO - EVENT: Internal Event | LOGICAL TIME: 25 | PHYSICAL TIME: 2025-03-04 19:13:40.94, MESSAGE QUEUE LENGTH: 0

2025-03-04 19:13:41,143 - INFO - EVENT: Internal Event | LOGICAL TIME: 26 | PHYSICAL TIME: 2025-03-04 19:13:41.14, MESSAGE QUEUE LENGTH: 0

2025-03-04 19:13:41,345 - INFO - EVENT: Send Msg | RECIPIENT: 3 | LOGICAL TIME: 27 | PHYSICAL TIME: 2025-03-04 19:13:41.34, MESSAGE QUEUE LENGTH: 0

2025-03-04 19:13:41,562 - INFO - EVENT: Internal Event | LOGICAL TIME: 28 | PHYSICAL TIME: 2025-03-04 19:13:41.56, MESSAGE QUEUE LENGTH: 0

2025-03-04 19:13:41,973 - INFO - EVENT: Receive Msg | SENDER: 1 | LOGICAL TIME: 29 | PHYSICAL TIME: 2025-03-04 19:13:41.00, MESSAGE QUEUE LENGTH: 1

2025-03-04 19:13:42,204 - INFO - EVENT: Internal Event | LOGICAL TIME: 30 | PHYSICAL TIME: 2025-03-04 19:13:42.20, MESSAGE QUEUE LENGTH: 0

2025-03-04 19:13:42,449 - INFO - EVENT: Internal Event | LOGICAL TIME: 31 | PHYSICAL TIME: 2025-03-04 19:13:42.44, MESSAGE QUEUE LENGTH: 0

2025-03-04 19:13:42,671 - INFO - EVENT: Receive Msg | SENDER: 1 | LOGICAL TIME: 32 | PHYSICAL TIME: 2025-03-04 19:13:42.00, MESSAGE QUEUE LENGTH: 1

2025-03-04 19:13:42,978 - INFO - EVENT: Receive Msg | SENDER: 3 | LOGICAL TIME: 34 | PHYSICAL TIME: 2025-03-04 19:13:42.00, MESSAGE QUEUE LENGTH: 1

2025-03-04 19:13:43,195 - INFO - EVENT: Send Msg | RECIPIENT: 1 | LOGICAL TIME: 35 | PHYSICAL TIME: 2025-03-04 19:13:43.19, MESSAGE QUEUE LENGTH: 0

2025-03-04 19:13:43,412 - INFO - EVENT: Internal Event | LOGICAL TIME: 36 | PHYSICAL TIME: 2025-03-04 19:13:43.41, MESSAGE QUEUE LENGTH: 0

2025-03-04 19:13:43,629 - INFO - EVENT: Internal Event | LOGICAL TIME: 37 | PHYSICAL TIME: 2025-03-04 19:13:43.62, MESSAGE QUEUE LENGTH: 0

2025-03-04 19:13:43,902 - INFO - EVENT: Send Msg | RECIPIENT: 3 | LOGICAL TIME: 38 | PHYSICAL TIME: 2025-03-04 19:13:43.90, MESSAGE QUEUE LENGTH: 0

2025-03-04 19:13:44,104 - INFO - EVENT: Internal Event | LOGICAL TIME: 39 | PHYSICAL TIME: 2025-03-04 19:13:44.10, MESSAGE QUEUE LENGTH: 0

2025-03-04 19:13:44,524 - INFO - EVENT: Internal Event | LOGICAL TIME: 40 | PHYSICAL TIME: 2025-03-04 19:13:44.52, MESSAGE QUEUE LENGTH: 0

2025-03-04 19:13:44,727 - INFO - EVENT: Receive Msg | SENDER: 1 | LOGICAL TIME: 41 | PHYSICAL TIME: 2025-03-04 19:13:44.00, MESSAGE QUEUE LENGTH: 1

2025-03-04 19:13:44,927 - INFO - EVENT: Internal Event | LOGICAL TIME: 42 | PHYSICAL TIME: 2025-03-04 19:13:44.92, MESSAGE QUEUE LENGTH: 0

2025-03-04 19:13:45,135 - INFO - EVENT: Internal Event | LOGICAL TIME: 43 | PHYSICAL TIME: 2025-03-04 19:13:45.13, MESSAGE QUEUE LENGTH: 0

2025-03-04 19:13:45,374 - INFO - EVENT: Internal Event | LOGICAL TIME: 44 | PHYSICAL TIME: 2025-03-04 19:13:45.37, MESSAGE QUEUE LENGTH: 0

2025-03-04 19:13:45,641 - INFO - EVENT: Send Msg | RECIPIENT: 1 | LOGICAL TIME: 45 | PHYSICAL TIME: 2025-03-04 19:13:45.64, MESSAGE QUEUE LENGTH: 0

2025-03-04 19:13:45,842 - INFO - EVENT: Receive Msg | SENDER: 3 | LOGICAL TIME: 48 | PHYSICAL TIME: 2025-03-04 19:13:45.00, MESSAGE QUEUE LENGTH: 1

2025-03-04 19:13:46,148 - INFO - EVENT: Internal Event | LOGICAL TIME: 49 | PHYSICAL TIME: 2025-03-04 19:13:46.14, MESSAGE QUEUE LENGTH: 0

2025-03-04 19:13:46,457 - INFO - EVENT: Internal Event | LOGICAL TIME: 50 | PHYSICAL TIME: 2025-03-04 19:13:46.45, MESSAGE QUEUE LENGTH: 0

2025-03-04 19:13:46,719 - INFO - EVENT: Receive Msg | SENDER: 3 | LOGICAL TIME: 53 | PHYSICAL TIME: 2025-03-04 19:13:46.00, MESSAGE QUEUE LENGTH: 1

2025-03-04 19:13:46,997 - INFO - EVENT: Internal Event | LOGICAL TIME: 54 | PHYSICAL TIME: 2025-03-04 19:13:46.99, MESSAGE QUEUE LENGTH: 0

2025-03-04 19:13:47,216 - INFO - EVENT: Receive Msg | SENDER: 3 | LOGICAL TIME: 55 | PHYSICAL TIME: 2025-03-04 19:13:46.00, MESSAGE QUEUE LENGTH: 2

2025-03-04 19:13:47,438 - INFO - EVENT: Receive Msg | SENDER: 3 | LOGICAL TIME: 56 | PHYSICAL TIME: 2025-03-04 19:13:47.00, MESSAGE QUEUE LENGTH: 1

2025-03-04 19:13:47,639 - INFO - EVENT: Internal Event | LOGICAL TIME: 57 | PHYSICAL TIME: 2025-03-04 19:13:47.63, MESSAGE QUEUE LENGTH: 0

2025-03-04 19:13:47,841 - INFO - EVENT: Internal Event | LOGICAL TIME: 58 | PHYSICAL TIME: 2025-03-04 19:13:47.84, MESSAGE QUEUE LENGTH: 0

2025-03-04 19:13:48,116 - INFO - EVENT: Internal Event | LOGICAL TIME: 59 | PHYSICAL TIME: 2025-03-04 19:13:48.11, MESSAGE QUEUE LENGTH: 0

2025-03-04 19:13:48,348 - INFO - EVENT: Send Msg | RECIPIENT: 1 | LOGICAL TIME: 60 | PHYSICAL TIME: 2025-03-04 19:13:48.34, MESSAGE QUEUE LENGTH: 0

2025-03-04 19:13:48,612 - INFO - EVENT: Internal Event | LOGICAL TIME: 61 | PHYSICAL TIME: 2025-03-04 19:13:48.61, MESSAGE QUEUE LENGTH: 0

2025-03-04 19:13:48,878 - INFO - EVENT: Send Msg | RECIPIENT: 1 and 3 | LOGICAL TIME: 62 | PHYSICAL TIME: 2025-03-04 19:13:48.87, MESSAGE QUEUE LENGTH: 0

2025-03-04 19:13:49,082 - INFO - EVENT: Internal Event | LOGICAL TIME: 63 | PHYSICAL TIME: 2025-03-04 19:13:49.08, MESSAGE QUEUE LENGTH: 0

2025-03-04 19:13:49,305 - INFO - EVENT: Internal Event | LOGICAL TIME: 64 | PHYSICAL TIME: 2025-03-04 19:13:49.30, MESSAGE QUEUE LENGTH: 0

2025-03-04 19:13:49,548 - INFO - EVENT: Send Msg | RECIPIENT: 1 and 3 | LOGICAL TIME: 65 | PHYSICAL TIME: 2025-03-04 19:13:49.54, MESSAGE QUEUE LENGTH: 0

2025-03-04 19:13:49,829 - INFO - EVENT: Receive Msg | SENDER: 1 | LOGICAL TIME: 66 | PHYSICAL TIME: 2025-03-04 19:13:49.00, MESSAGE QUEUE LENGTH: 1

2025-03-04 19:13:50,067 - INFO - EVENT: Send Msg | RECIPIENT: 1 | LOGICAL TIME: 67 | PHYSICAL TIME: 2025-03-04 19:13:50.06, MESSAGE QUEUE LENGTH: 0

2025-03-04 19:13:50,366 - INFO - EVENT: Internal Event | LOGICAL TIME: 68 | PHYSICAL TIME: 2025-03-04 19:13:50.36, MESSAGE QUEUE LENGTH: 0

2025-03-04 19:13:50,676 - INFO - EVENT: Internal Event | LOGICAL TIME: 69 | PHYSICAL TIME: 2025-03-04 19:13:50.67, MESSAGE QUEUE LENGTH: 0

2025-03-04 19:13:50,902 - INFO - EVENT: Internal Event | LOGICAL TIME: 70 | PHYSICAL TIME: 2025-03-04 19:13:50.90, MESSAGE QUEUE LENGTH: 0

2025-03-04 19:13:51,107 - INFO - EVENT: Internal Event | LOGICAL TIME: 71 | PHYSICAL TIME: 2025-03-04 19:13:51.10, MESSAGE QUEUE LENGTH: 0

2025-03-04 19:13:51,369 - INFO - EVENT: Internal Event | LOGICAL TIME: 72 | PHYSICAL TIME: 2025-03-04 19:13:51.36, MESSAGE QUEUE LENGTH: 0

2025-03-04 19:13:51,571 - INFO - EVENT: Internal Event | LOGICAL TIME: 73 | PHYSICAL TIME: 2025-03-04 19:13:51.57, MESSAGE QUEUE LENGTH: 0

2025-03-04 19:13:51,786 - INFO - EVENT: Internal Event | LOGICAL TIME: 74 | PHYSICAL TIME: 2025-03-04 19:13:51.78, MESSAGE QUEUE LENGTH: 0

2025-03-04 19:13:52,115 - INFO - EVENT: Receive Msg | SENDER: 1 | LOGICAL TIME: 78 | PHYSICAL TIME: 2025-03-04 19:13:52.00, MESSAGE QUEUE LENGTH: 1

2025-03-04 19:13:52,452 - INFO - EVENT: Internal Event | LOGICAL TIME: 79 | PHYSICAL TIME: 2025-03-04 19:13:52.45, MESSAGE QUEUE LENGTH: 0

2025-03-04 19:13:52,665 - INFO - EVENT: Receive Msg | SENDER: 3 | LOGICAL TIME: 80 | PHYSICAL TIME: 2025-03-04 19:13:52.00, MESSAGE QUEUE LENGTH: 1

2025-03-04 19:13:52,869 - INFO - EVENT: Internal Event | LOGICAL TIME: 81 | PHYSICAL TIME: 2025-03-04 19:13:52.86, MESSAGE QUEUE LENGTH: 0

2025-03-04 19:13:53,079 - INFO - EVENT: Receive Msg | SENDER: 1 | LOGICAL TIME: 82 | PHYSICAL TIME: 2025-03-04 19:13:52.00, MESSAGE QUEUE LENGTH: 1

2025-03-04 19:13:53,281 - INFO - EVENT: Internal Event | LOGICAL TIME: 83 | PHYSICAL TIME: 2025-03-04 19:13:53.28, MESSAGE QUEUE LENGTH: 0

2025-03-04 19:13:53,482 - INFO - EVENT: Internal Event | LOGICAL TIME: 84 | PHYSICAL TIME: 2025-03-04 19:13:53.48, MESSAGE QUEUE LENGTH: 0

2025-03-04 19:13:53,688 - INFO - EVENT: Internal Event | LOGICAL TIME: 85 | PHYSICAL TIME: 2025-03-04 19:13:53.68, MESSAGE QUEUE LENGTH: 0

2025-03-04 19:13:53,937 - INFO - EVENT: Internal Event | LOGICAL TIME: 86 | PHYSICAL TIME: 2025-03-04 19:13:53.93, MESSAGE QUEUE LENGTH: 0

2025-03-04 19:13:54,154 - INFO - EVENT: Internal Event | LOGICAL TIME: 87 | PHYSICAL TIME: 2025-03-04 19:13:54.15, MESSAGE QUEUE LENGTH: 0

2025-03-04 19:13:54,437 - INFO - EVENT: Internal Event | LOGICAL TIME: 88 | PHYSICAL TIME: 2025-03-04 19:13:54.43, MESSAGE QUEUE LENGTH: 0

2025-03-04 19:13:54,769 - INFO - EVENT: Internal Event | LOGICAL TIME: 89 | PHYSICAL TIME: 2025-03-04 19:13:54.76, MESSAGE QUEUE LENGTH: 0

2025-03-04 19:13:54,974 - INFO - EVENT: Receive Msg | SENDER: 1 | LOGICAL TIME: 90 | PHYSICAL TIME: 2025-03-04 19:13:54.00, MESSAGE QUEUE LENGTH: 1

2025-03-04 19:13:55,238 - INFO - EVENT: Internal Event | LOGICAL TIME: 91 | PHYSICAL TIME: 2025-03-04 19:13:55.23, MESSAGE QUEUE LENGTH: 0

2025-03-04 19:13:55,472 - INFO - EVENT: Receive Msg | SENDER: 3 | LOGICAL TIME: 93 | PHYSICAL TIME: 2025-03-04 19:13:55.00, MESSAGE QUEUE LENGTH: 2

2025-03-04 19:13:55,676 - INFO - EVENT: Receive Msg | SENDER: 1 | LOGICAL TIME: 94 | PHYSICAL TIME: 2025-03-04 19:13:55.00, MESSAGE QUEUE LENGTH: 1

2025-03-04 19:13:55,922 - INFO - EVENT: Internal Event | LOGICAL TIME: 95 | PHYSICAL TIME: 2025-03-04 19:13:55.92, MESSAGE QUEUE LENGTH: 0

2025-03-04 19:13:56,254 - INFO - EVENT: Send Msg | RECIPIENT: 1 and 3 | LOGICAL TIME: 96 | PHYSICAL TIME: 2025-03-04 19:13:56.25, MESSAGE QUEUE LENGTH: 0

2025-03-04 19:13:56,466 - INFO - EVENT: Internal Event | LOGICAL TIME: 97 | PHYSICAL TIME: 2025-03-04 19:13:56.46, MESSAGE QUEUE LENGTH: 0

2025-03-04 19:13:56,668 - INFO - EVENT: Send Msg | RECIPIENT: 3 | LOGICAL TIME: 98 | PHYSICAL TIME: 2025-03-04 19:13:56.66, MESSAGE QUEUE LENGTH: 0

2025-03-04 19:13:56,874 - INFO - EVENT: Send Msg | RECIPIENT: 3 | LOGICAL TIME: 99 | PHYSICAL TIME: 2025-03-04 19:13:56.87, MESSAGE QUEUE LENGTH: 0

2025-03-04 19:13:57,087 - INFO - EVENT: Send Msg | RECIPIENT: 1 | LOGICAL TIME: 100 | PHYSICAL TIME: 2025-03-04 19:13:57.08, MESSAGE QUEUE LENGTH: 0

2025-03-04 19:13:57,304 - INFO - EVENT: Internal Event | LOGICAL TIME: 101 | PHYSICAL TIME: 2025-03-04 19:13:57.30, MESSAGE QUEUE LENGTH: 0

2025-03-04 19:13:57,575 - INFO - EVENT: Send Msg | RECIPIENT: 3 | LOGICAL TIME: 102 | PHYSICAL TIME: 2025-03-04 19:13:57.57, MESSAGE QUEUE LENGTH: 0

2025-03-04 19:13:57,777 - INFO - EVENT: Internal Event | LOGICAL TIME: 103 | PHYSICAL TIME: 2025-03-04 19:13:57.77, MESSAGE QUEUE LENGTH: 0

2025-03-04 19:13:58,006 - INFO - EVENT: Send Msg | RECIPIENT: 1 | LOGICAL TIME: 104 | PHYSICAL TIME: 2025-03-04 19:13:58.00, MESSAGE QUEUE LENGTH: 0

2025-03-04 19:13:58,262 - INFO - EVENT: Receive Msg | SENDER: 3 | LOGICAL TIME: 106 | PHYSICAL TIME: 2025-03-04 19:13:57.00, MESSAGE QUEUE LENGTH: 1

2025-03-04 19:13:58,464 - INFO - EVENT: Send Msg | RECIPIENT: 3 | LOGICAL TIME: 107 | PHYSICAL TIME: 2025-03-04 19:13:58.46, MESSAGE QUEUE LENGTH: 0

2025-03-04 19:13:58,668 - INFO - EVENT: Internal Event | LOGICAL TIME: 108 | PHYSICAL TIME: 2025-03-04 19:13:58.66, MESSAGE QUEUE LENGTH: 0

2025-03-04 19:13:58,886 - INFO - EVENT: Receive Msg | SENDER: 3 | LOGICAL TIME: 109 | PHYSICAL TIME: 2025-03-04 19:13:58.00, MESSAGE QUEUE LENGTH: 1

2025-03-04 19:13:59,096 - INFO - EVENT: Send Msg | RECIPIENT: 1 | LOGICAL TIME: 110 | PHYSICAL TIME: 2025-03-04 19:13:59.09, MESSAGE QUEUE LENGTH: 0

2025-03-04 19:13:59,374 - INFO - EVENT: Receive Msg | SENDER: 1 | LOGICAL TIME: 111 | PHYSICAL TIME: 2025-03-04 19:13:59.00, MESSAGE QUEUE LENGTH: 1

2025-03-04 19:13:59,576 - INFO - EVENT: Send Msg | RECIPIENT: 1 and 3 | LOGICAL TIME: 112 | PHYSICAL TIME: 2025-03-04 19:13:59.57, MESSAGE QUEUE LENGTH: 0

2025-03-04 19:13:59,795 - INFO - EVENT: Send Msg | RECIPIENT: 1 and 3 | LOGICAL TIME: 113 | PHYSICAL TIME: 2025-03-04 19:13:59.79, MESSAGE QUEUE LENGTH: 0

2025-03-04 19:14:00,000 - INFO - EVENT: Internal Event | LOGICAL TIME: 114 | PHYSICAL TIME: 2025-03-04 19:14:00.00, MESSAGE QUEUE LENGTH: 0

2025-03-04 19:14:00,273 - INFO - EVENT: Internal Event | LOGICAL TIME: 115 | PHYSICAL TIME: 2025-03-04 19:14:00.27, MESSAGE QUEUE LENGTH: 0

2025-03-04 19:14:00,505 - INFO - EVENT: Send Msg | RECIPIENT: 1 | LOGICAL TIME: 116 | PHYSICAL TIME: 2025-03-04 19:14:00.50, MESSAGE QUEUE LENGTH: 0

2025-03-04 19:14:00,715 - INFO - EVENT: Internal Event | LOGICAL TIME: 117 | PHYSICAL TIME: 2025-03-04 19:14:00.71, MESSAGE QUEUE LENGTH: 0

2025-03-04 19:14:00,922 - INFO - EVENT: Internal Event | LOGICAL TIME: 118 | PHYSICAL TIME: 2025-03-04 19:14:00.92, MESSAGE QUEUE LENGTH: 0

2025-03-04 19:14:01,125 - INFO - EVENT: Receive Msg | SENDER: 3 | LOGICAL TIME: 119 | PHYSICAL TIME: 2025-03-04 19:14:00.00, MESSAGE QUEUE LENGTH: 1

2025-03-04 19:14:01,328 - INFO - EVENT: Internal Event | LOGICAL TIME: 120 | PHYSICAL TIME: 2025-03-04 19:14:01.32, MESSAGE QUEUE LENGTH: 0

2025-03-04 19:14:01,567 - INFO - EVENT: Receive Msg | SENDER: 3 | LOGICAL TIME: 121 | PHYSICAL TIME: 2025-03-04 19:14:00.00, MESSAGE QUEUE LENGTH: 1

2025-03-04 19:14:01,768 - INFO - EVENT: Send Msg | RECIPIENT: 1 | LOGICAL TIME: 122 | PHYSICAL TIME: 2025-03-04 19:14:01.76, MESSAGE QUEUE LENGTH: 0

2025-03-04 19:14:01,971 - INFO - EVENT: Send Msg | RECIPIENT: 3 | LOGICAL TIME: 123 | PHYSICAL TIME: 2025-03-04 19:14:01.97, MESSAGE QUEUE LENGTH: 0

2025-03-04 19:14:02,202 - INFO - EVENT: Internal Event | LOGICAL TIME: 124 | PHYSICAL TIME: 2025-03-04 19:14:02.20, MESSAGE QUEUE LENGTH: 0

2025-03-04 19:14:02,410 - INFO - EVENT: Internal Event | LOGICAL TIME: 125 | PHYSICAL TIME: 2025-03-04 19:14:02.41, MESSAGE QUEUE LENGTH: 0

2025-03-04 19:14:02,678 - INFO - EVENT: Internal Event | LOGICAL TIME: 126 | PHYSICAL TIME: 2025-03-04 19:14:02.67, MESSAGE QUEUE LENGTH: 0

2025-03-04 19:14:02,909 - INFO - EVENT: Internal Event | LOGICAL TIME: 127 | PHYSICAL TIME: 2025-03-04 19:14:02.90, MESSAGE QUEUE LENGTH: 0

2025-03-04 19:14:03,169 - INFO - EVENT: Internal Event | LOGICAL TIME: 128 | PHYSICAL TIME: 2025-03-04 19:14:03.16, MESSAGE QUEUE LENGTH: 0

2025-03-04 19:14:03,411 - INFO - EVENT: Receive Msg | SENDER: 3 | LOGICAL TIME: 132 | PHYSICAL TIME: 2025-03-04 19:14:03.00, MESSAGE QUEUE LENGTH: 1

2025-03-04 19:14:03,704 - INFO - EVENT: Internal Event | LOGICAL TIME: 133 | PHYSICAL TIME: 2025-03-04 19:14:03.70, MESSAGE QUEUE LENGTH: 0

2025-03-04 19:14:04,038 - INFO - EVENT: Internal Event | LOGICAL TIME: 134 | PHYSICAL TIME: 2025-03-04 19:14:04.03, MESSAGE QUEUE LENGTH: 0

2025-03-04 19:14:04,263 - INFO - EVENT: Send Msg | RECIPIENT: 3 | LOGICAL TIME: 135 | PHYSICAL TIME: 2025-03-04 19:14:04.26, MESSAGE QUEUE LENGTH: 0

2025-03-04 19:14:04,511 - INFO - EVENT: Internal Event | LOGICAL TIME: 136 | PHYSICAL TIME: 2025-03-04 19:14:04.51, MESSAGE QUEUE LENGTH: 0

2025-03-04 19:14:04,817 - INFO - EVENT: Internal Event | LOGICAL TIME: 137 | PHYSICAL TIME: 2025-03-04 19:14:04.81, MESSAGE QUEUE LENGTH: 0

2025-03-04 19:14:05,042 - INFO - EVENT: Receive Msg | SENDER: 3 | LOGICAL TIME: 140 | PHYSICAL TIME: 2025-03-04 19:14:04.00, MESSAGE QUEUE LENGTH: 1

2025-03-04 19:14:05,258 - INFO - EVENT: Receive Msg | SENDER: 3 | LOGICAL TIME: 141 | PHYSICAL TIME: 2025-03-04 19:14:04.00, MESSAGE QUEUE LENGTH: 1

2025-03-04 19:14:05,474 - INFO - EVENT: Receive Msg | SENDER: 3 | LOGICAL TIME: 143 | PHYSICAL TIME: 2025-03-04 19:14:05.00, MESSAGE QUEUE LENGTH: 1

2025-03-04 19:14:05,675 - INFO - EVENT: Internal Event | LOGICAL TIME: 144 | PHYSICAL TIME: 2025-03-04 19:14:05.67, MESSAGE QUEUE LENGTH: 0

2025-03-04 19:14:05,876 - INFO - EVENT: Receive Msg | SENDER: 1 | LOGICAL TIME: 145 | PHYSICAL TIME: 2025-03-04 19:14:05.00, MESSAGE QUEUE LENGTH: 1

2025-03-04 19:14:06,079 - INFO - EVENT: Internal Event | LOGICAL TIME: 146 | PHYSICAL TIME: 2025-03-04 19:14:06.07, MESSAGE QUEUE LENGTH: 0

2025-03-04 19:14:06,282 - INFO - EVENT: Internal Event | LOGICAL TIME: 147 | PHYSICAL TIME: 2025-03-04 19:14:06.28, MESSAGE QUEUE LENGTH: 0

2025-03-04 19:14:06,529 - INFO - EVENT: Receive Msg | SENDER: 1 | LOGICAL TIME: 148 | PHYSICAL TIME: 2025-03-04 19:14:06.00, MESSAGE QUEUE LENGTH: 1

2025-03-04 19:14:06,733 - INFO - EVENT: Internal Event | LOGICAL TIME: 149 | PHYSICAL TIME: 2025-03-04 19:14:06.73, MESSAGE QUEUE LENGTH: 0

2025-03-04 19:14:06,949 - INFO - EVENT: Internal Event | LOGICAL TIME: 150 | PHYSICAL TIME: 2025-03-04 19:14:06.94, MESSAGE QUEUE LENGTH: 0

2025-03-04 19:14:07,246 - INFO - EVENT: Receive Msg | SENDER: 3 | LOGICAL TIME: 151 | PHYSICAL TIME: 2025-03-04 19:14:06.00, MESSAGE QUEUE LENGTH: 1

2025-03-04 19:14:07,450 - INFO - EVENT: Internal Event | LOGICAL TIME: 152 | PHYSICAL TIME: 2025-03-04 19:14:07.45, MESSAGE QUEUE LENGTH: 0

2025-03-04 19:14:07,703 - INFO - EVENT: Send Msg | RECIPIENT: 1 | LOGICAL TIME: 153 | PHYSICAL TIME: 2025-03-04 19:14:07.70, MESSAGE QUEUE LENGTH: 0

2025-03-04 19:14:07,921 - INFO - EVENT: Receive Msg | SENDER: 1 | LOGICAL TIME: 154 | PHYSICAL TIME: 2025-03-04 19:14:07.00, MESSAGE QUEUE LENGTH: 2

2025-03-04 19:14:08,123 - INFO - EVENT: Receive Msg | SENDER: 3 | LOGICAL TIME: 155 | PHYSICAL TIME: 2025-03-04 19:14:07.00, MESSAGE QUEUE LENGTH: 1

2025-03-04 19:14:08,418 - INFO - EVENT: Receive Msg | SENDER: 3 | LOGICAL TIME: 157 | PHYSICAL TIME: 2025-03-04 19:14:08.00, MESSAGE QUEUE LENGTH: 1

2025-03-04 19:14:08,631 - INFO - EVENT: Send Msg | RECIPIENT: 3 | LOGICAL TIME: 158 | PHYSICAL TIME: 2025-03-04 19:14:08.63, MESSAGE QUEUE LENGTH: 0

2025-03-04 19:14:08,924 - INFO - EVENT: Internal Event | LOGICAL TIME: 159 | PHYSICAL TIME: 2025-03-04 19:14:08.92, MESSAGE QUEUE LENGTH: 0

2025-03-04 19:14:09,126 - INFO - EVENT: Send Msg | RECIPIENT: 3 | LOGICAL TIME: 160 | PHYSICAL TIME: 2025-03-04 19:14:09.12, MESSAGE QUEUE LENGTH: 0

2025-03-04 19:14:09,329 - INFO - EVENT: Receive Msg | SENDER: 1 | LOGICAL TIME: 161 | PHYSICAL TIME: 2025-03-04 19:14:09.00, MESSAGE QUEUE LENGTH: 1

2025-03-04 19:14:09,604 - INFO - EVENT: Internal Event | LOGICAL TIME: 162 | PHYSICAL TIME: 2025-03-04 19:14:09.60, MESSAGE QUEUE LENGTH: 0

2025-03-04 19:14:09,866 - INFO - EVENT: Internal Event | LOGICAL TIME: 163 | PHYSICAL TIME: 2025-03-04 19:14:09.86, MESSAGE QUEUE LENGTH: 0

2025-03-04 19:14:10,068 - INFO - EVENT: Receive Msg | SENDER: 3 | LOGICAL TIME: 165 | PHYSICAL TIME: 2025-03-04 19:14:09.00, MESSAGE QUEUE LENGTH: 1

2025-03-04 19:14:10,285 - INFO - EVENT: Internal Event | LOGICAL TIME: 166 | PHYSICAL TIME: 2025-03-04 19:14:10.28, MESSAGE QUEUE LENGTH: 0

2025-03-04 19:14:10,562 - INFO - EVENT: Send Msg | RECIPIENT: 1 and 3 | LOGICAL TIME: 167 | PHYSICAL TIME: 2025-03-04 19:14:10.56, MESSAGE QUEUE LENGTH: 0

2025-03-04 19:14:10,764 - INFO - EVENT: Internal Event | LOGICAL TIME: 168 | PHYSICAL TIME: 2025-03-04 19:14:10.76, MESSAGE QUEUE LENGTH: 0

2025-03-04 19:14:10,994 - INFO - EVENT: Send Msg | RECIPIENT: 3 | LOGICAL TIME: 169 | PHYSICAL TIME: 2025-03-04 19:14:10.99, MESSAGE QUEUE LENGTH: 0

2025-03-04 19:14:11,225 - INFO - EVENT: Receive Msg | SENDER: 1 | LOGICAL TIME: 170 | PHYSICAL TIME: 2025-03-04 19:14:11.00, MESSAGE QUEUE LENGTH: 1

2025-03-04 19:14:11,430 - INFO - EVENT: Internal Event | LOGICAL TIME: 171 | PHYSICAL TIME: 2025-03-04 19:14:11.43, MESSAGE QUEUE LENGTH: 0

2025-03-04 19:14:11,637 - INFO - EVENT: Internal Event | LOGICAL TIME: 172 | PHYSICAL TIME: 2025-03-04 19:14:11.63, MESSAGE QUEUE LENGTH: 0

2025-03-04 19:14:11,886 - INFO - EVENT: Receive Msg | SENDER: 1 | LOGICAL TIME: 173 | PHYSICAL TIME: 2025-03-04 19:14:11.00, MESSAGE QUEUE LENGTH: 1

2025-03-04 19:14:12,172 - INFO - EVENT: Send Msg | RECIPIENT: 1 and 3 | LOGICAL TIME: 174 | PHYSICAL TIME: 2025-03-04 19:14:12.17, MESSAGE QUEUE LENGTH: 0

2025-03-04 19:14:12,404 - INFO - EVENT: Internal Event | LOGICAL TIME: 175 | PHYSICAL TIME: 2025-03-04 19:14:12.40, MESSAGE QUEUE LENGTH: 0

2025-03-04 19:14:12,633 - INFO - EVENT: Send Msg | RECIPIENT: 1 and 3 | LOGICAL TIME: 176 | PHYSICAL TIME: 2025-03-04 19:14:12.63, MESSAGE QUEUE LENGTH: 0

2025-03-04 19:14:12,835 - INFO - EVENT: Receive Msg | SENDER: 3 | LOGICAL TIME: 177 | PHYSICAL TIME: 2025-03-04 19:14:12.00, MESSAGE QUEUE LENGTH: 1

2025-03-04 19:14:13,114 - INFO - EVENT: Internal Event | LOGICAL TIME: 178 | PHYSICAL TIME: 2025-03-04 19:14:13.11, MESSAGE QUEUE LENGTH: 0

2025-03-04 19:14:13,353 - INFO - EVENT: Internal Event | LOGICAL TIME: 179 | PHYSICAL TIME: 2025-03-04 19:14:13.35, MESSAGE QUEUE LENGTH: 0

2025-03-04 19:14:13,556 - INFO - EVENT: Internal Event | LOGICAL TIME: 180 | PHYSICAL TIME: 2025-03-04 19:14:13.55, MESSAGE QUEUE LENGTH: 0

2025-03-04 19:14:13,770 - INFO - EVENT: Receive Msg | SENDER: 3 | LOGICAL TIME: 182 | PHYSICAL TIME: 2025-03-04 19:14:13.00, MESSAGE QUEUE LENGTH: 1

2025-03-04 19:14:14,288 - INFO - EVENT: Receive Msg | SENDER: 3 | LOGICAL TIME: 183 | PHYSICAL TIME: 2025-03-04 19:14:13.00, MESSAGE QUEUE LENGTH: 1

2025-03-04 19:14:14,491 - INFO - EVENT: Receive Msg | SENDER: 3 | LOGICAL TIME: 184 | PHYSICAL TIME: 2025-03-04 19:14:14.00, MESSAGE QUEUE LENGTH: 1

2025-03-04 19:14:14,703 - INFO - EVENT: Send Msg | RECIPIENT: 1 | LOGICAL TIME: 185 | PHYSICAL TIME: 2025-03-04 19:14:14.70, MESSAGE QUEUE LENGTH: 0

2025-03-04 19:14:14,974 - INFO - EVENT: Receive Msg | SENDER: 3 | LOGICAL TIME: 186 | PHYSICAL TIME: 2025-03-04 19:14:14.00, MESSAGE QUEUE LENGTH: 1

2025-03-04 19:14:15,223 - INFO - EVENT: Receive Msg | SENDER: 3 | LOGICAL TIME: 187 | PHYSICAL TIME: 2025-03-04 19:14:14.00, MESSAGE QUEUE LENGTH: 1

2025-03-04 19:14:15,426 - INFO - EVENT: Internal Event | LOGICAL TIME: 188 | PHYSICAL TIME: 2025-03-04 19:14:15.42, MESSAGE QUEUE LENGTH: 0

2025-03-04 19:14:15,628 - INFO - EVENT: Internal Event | LOGICAL TIME: 189 | PHYSICAL TIME: 2025-03-04 19:14:15.62, MESSAGE QUEUE LENGTH: 0

2025-03-04 19:14:15,857 - INFO - EVENT: Internal Event | LOGICAL TIME: 190 | PHYSICAL TIME: 2025-03-04 19:14:15.85, MESSAGE QUEUE LENGTH: 0

2025-03-04 19:14:16,121 - INFO - EVENT: Send Msg | RECIPIENT: 3 | LOGICAL TIME: 191 | PHYSICAL TIME: 2025-03-04 19:14:16.12, MESSAGE QUEUE LENGTH: 0

2025-03-04 19:14:16,339 - INFO - EVENT: Send Msg | RECIPIENT: 3 | LOGICAL TIME: 192 | PHYSICAL TIME: 2025-03-04 19:14:16.33, MESSAGE QUEUE LENGTH: 0

2025-03-04 19:14:16,552 - INFO - EVENT: Internal Event | LOGICAL TIME: 193 | PHYSICAL TIME: 2025-03-04 19:14:16.55, MESSAGE QUEUE LENGTH: 0

2025-03-04 19:14:16,764 - INFO - EVENT: Send Msg | RECIPIENT: 1 | LOGICAL TIME: 194 | PHYSICAL TIME: 2025-03-04 19:14:16.76, MESSAGE QUEUE LENGTH: 0

2025-03-04 19:14:17,008 - INFO - EVENT: Receive Msg | SENDER: 3 | LOGICAL TIME: 197 | PHYSICAL TIME: 2025-03-04 19:14:16.00, MESSAGE QUEUE LENGTH: 1

2025-03-04 19:14:17,254 - INFO - EVENT: Send Msg | RECIPIENT: 1 and 3 | LOGICAL TIME: 198 | PHYSICAL TIME: 2025-03-04 19:14:17.25, MESSAGE QUEUE LENGTH: 0

2025-03-04 19:14:17,456 - INFO - EVENT: Receive Msg | SENDER: 3 | LOGICAL TIME: 199 | PHYSICAL TIME: 2025-03-04 19:14:17.00, MESSAGE QUEUE LENGTH: 1

2025-03-04 19:14:17,688 - INFO - EVENT: Internal Event | LOGICAL TIME: 200 | PHYSICAL TIME: 2025-03-04 19:14:17.68, MESSAGE QUEUE LENGTH: 0

2025-03-04 19:14:17,942 - INFO - EVENT: Send Msg | RECIPIENT: 1 | LOGICAL TIME: 201 | PHYSICAL TIME: 2025-03-04 19:14:17.94, MESSAGE QUEUE LENGTH: 0

2025-03-04 19:14:18,269 - INFO - EVENT: Internal Event | LOGICAL TIME: 202 | PHYSICAL TIME: 2025-03-04 19:14:18.26, MESSAGE QUEUE LENGTH: 0

2025-03-04 19:14:18,479 - INFO - EVENT: Internal Event | LOGICAL TIME: 203 | PHYSICAL TIME: 2025-03-04 19:14:18.47, MESSAGE QUEUE LENGTH: 0

2025-03-04 19:14:18,692 - INFO - EVENT: Internal Event | LOGICAL TIME: 204 | PHYSICAL TIME: 2025-03-04 19:14:18.69, MESSAGE QUEUE LENGTH: 0

2025-03-04 19:14:18,904 - INFO - EVENT: Receive Msg | SENDER: 3 | LOGICAL TIME: 206 | PHYSICAL TIME: 2025-03-04 19:14:18.00, MESSAGE QUEUE LENGTH: 1

2025-03-04 19:14:19,125 - INFO - EVENT: Internal Event | LOGICAL TIME: 207 | PHYSICAL TIME: 2025-03-04 19:14:19.12, MESSAGE QUEUE LENGTH: 0

2025-03-04 19:14:19,438 - INFO - EVENT: Send Msg | RECIPIENT: 1 and 3 | LOGICAL TIME: 208 | PHYSICAL TIME: 2025-03-04 19:14:19.43, MESSAGE QUEUE LENGTH: 0

2025-03-04 19:14:19,782 - INFO - EVENT: Send Msg | RECIPIENT: 3 | LOGICAL TIME: 209 | PHYSICAL TIME: 2025-03-04 19:14:19.78, MESSAGE QUEUE LENGTH: 0

2025-03-04 19:14:19,984 - INFO - EVENT: Send Msg | RECIPIENT: 1 and 3 | LOGICAL TIME: 210 | PHYSICAL TIME: 2025-03-04 19:14:19.98, MESSAGE QUEUE LENGTH: 0

2025-03-04 19:14:20,190 - INFO - EVENT: Internal Event | LOGICAL TIME: 211 | PHYSICAL TIME: 2025-03-04 19:14:20.19, MESSAGE QUEUE LENGTH: 0

2025-03-04 19:14:20,440 - INFO - EVENT: Send Msg | RECIPIENT: 1 | LOGICAL TIME: 212 | PHYSICAL TIME: 2025-03-04 19:14:20.44, MESSAGE QUEUE LENGTH: 0

2025-03-04 19:14:20,672 - INFO - EVENT: Internal Event | LOGICAL TIME: 213 | PHYSICAL TIME: 2025-03-04 19:14:20.67, MESSAGE QUEUE LENGTH: 0

2025-03-04 19:14:20,941 - INFO - EVENT: Internal Event | LOGICAL TIME: 214 | PHYSICAL TIME: 2025-03-04 19:14:20.94, MESSAGE QUEUE LENGTH: 0

2025-03-04 19:14:21,188 - INFO - EVENT: Internal Event | LOGICAL TIME: 215 | PHYSICAL TIME: 2025-03-04 19:14:21.18, MESSAGE QUEUE LENGTH: 0

2025-03-04 19:14:21,395 - INFO - EVENT: Internal Event | LOGICAL TIME: 216 | PHYSICAL TIME: 2025-03-04 19:14:21.39, MESSAGE QUEUE LENGTH: 0

2025-03-04 19:14:21,611 - INFO - EVENT: Send Msg | RECIPIENT: 1 and 3 | LOGICAL TIME: 217 | PHYSICAL TIME: 2025-03-04 19:14:21.61, MESSAGE QUEUE LENGTH: 0

2025-03-04 19:14:21,812 - INFO - EVENT: Internal Event | LOGICAL TIME: 218 | PHYSICAL TIME: 2025-03-04 19:14:21.81, MESSAGE QUEUE LENGTH: 0

2025-03-04 19:14:22,040 - INFO - EVENT: Internal Event | LOGICAL TIME: 219 | PHYSICAL TIME: 2025-03-04 19:14:22.04, MESSAGE QUEUE LENGTH: 0

2025-03-04 19:14:22,390 - INFO - EVENT: Receive Msg | SENDER: 3 | LOGICAL TIME: 222 | PHYSICAL TIME: 2025-03-04 19:14:22.00, MESSAGE QUEUE LENGTH: 1

2025-03-04 19:14:22,710 - INFO - EVENT: Internal Event | LOGICAL TIME: 223 | PHYSICAL TIME: 2025-03-04 19:14:22.71, MESSAGE QUEUE LENGTH: 0

2025-03-04 19:14:22,978 - INFO - EVENT: Receive Msg | SENDER: 1 | LOGICAL TIME: 224 | PHYSICAL TIME: 2025-03-04 19:14:22.00, MESSAGE QUEUE LENGTH: 1

2025-03-04 19:14:23,182 - INFO - EVENT: Send Msg | RECIPIENT: 1 | LOGICAL TIME: 225 | PHYSICAL TIME: 2025-03-04 19:14:23.18, MESSAGE QUEUE LENGTH: 0

2025-03-04 19:14:23,436 - INFO - EVENT: Internal Event | LOGICAL TIME: 226 | PHYSICAL TIME: 2025-03-04 19:14:23.43, MESSAGE QUEUE LENGTH: 0

2025-03-04 19:14:23,654 - INFO - EVENT: Send Msg | RECIPIENT: 3 | LOGICAL TIME: 227 | PHYSICAL TIME: 2025-03-04 19:14:23.65, MESSAGE QUEUE LENGTH: 0

2025-03-04 19:14:23,860 - INFO - EVENT: Receive Msg | SENDER: 3 | LOGICAL TIME: 230 | PHYSICAL TIME: 2025-03-04 19:14:23.00, MESSAGE QUEUE LENGTH: 1

2025-03-04 19:14:24,084 - INFO - EVENT: Internal Event | LOGICAL TIME: 231 | PHYSICAL TIME: 2025-03-04 19:14:24.08, MESSAGE QUEUE LENGTH: 0

2025-03-04 19:14:24,346 - INFO - EVENT: Internal Event | LOGICAL TIME: 232 | PHYSICAL TIME: 2025-03-04 19:14:24.34, MESSAGE QUEUE LENGTH: 0

2025-03-04 19:14:24,592 - INFO - EVENT: Internal Event | LOGICAL TIME: 233 | PHYSICAL TIME: 2025-03-04 19:14:24.59, MESSAGE QUEUE LENGTH: 0

2025-03-04 19:14:24,794 - INFO - EVENT: Send Msg | RECIPIENT: 3 | LOGICAL TIME: 234 | PHYSICAL TIME: 2025-03-04 19:14:24.79, MESSAGE QUEUE LENGTH: 0

2025-03-04 19:14:24,997 - INFO - EVENT: Internal Event | LOGICAL TIME: 235 | PHYSICAL TIME: 2025-03-04 19:14:24.99, MESSAGE QUEUE LENGTH: 0

2025-03-04 19:14:25,330 - INFO - EVENT: Receive Msg | SENDER: 3 | LOGICAL TIME: 237 | PHYSICAL TIME: 2025-03-04 19:14:25.00, MESSAGE QUEUE LENGTH: 1

2025-03-04 19:14:25,644 - INFO - EVENT: Internal Event | LOGICAL TIME: 238 | PHYSICAL TIME: 2025-03-04 19:14:25.64, MESSAGE QUEUE LENGTH: 0

2025-03-04 19:14:25,979 - INFO - EVENT: Internal Event | LOGICAL TIME: 239 | PHYSICAL TIME: 2025-03-04 19:14:25.97, MESSAGE QUEUE LENGTH: 0

2025-03-04 19:14:26,193 - INFO - EVENT: Receive Msg | SENDER: 1 | LOGICAL TIME: 240 | PHYSICAL TIME: 2025-03-04 19:14:26.00, MESSAGE QUEUE LENGTH: 1

2025-03-04 19:14:26,492 - INFO - EVENT: Internal Event | LOGICAL TIME: 241 | PHYSICAL TIME: 2025-03-04 19:14:26.49, MESSAGE QUEUE LENGTH: 0

2025-03-04 19:14:26,730 - INFO - EVENT: Receive Msg | SENDER: 1 | LOGICAL TIME: 242 | PHYSICAL TIME: 2025-03-04 19:14:26.00, MESSAGE QUEUE LENGTH: 1

2025-03-04 19:14:27,050 - INFO - EVENT: Internal Event | LOGICAL TIME: 243 | PHYSICAL TIME: 2025-03-04 19:14:27.05, MESSAGE QUEUE LENGTH: 0

2025-03-04 19:14:27,282 - INFO - EVENT: Receive Msg | SENDER: 1 | LOGICAL TIME: 244 | PHYSICAL TIME: 2025-03-04 19:14:26.00, MESSAGE QUEUE LENGTH: 1

2025-03-04 19:14:27,495 - INFO - EVENT: Internal Event | LOGICAL TIME: 245 | PHYSICAL TIME: 2025-03-04 19:14:27.49, MESSAGE QUEUE LENGTH: 0

2025-03-04 19:14:27,706 - INFO - EVENT: Send Msg | RECIPIENT: 1 and 3 | LOGICAL TIME: 246 | PHYSICAL TIME: 2025-03-04 19:14:27.70, MESSAGE QUEUE LENGTH: 0

2025-03-04 19:14:27,950 - INFO - EVENT: Internal Event | LOGICAL TIME: 247 | PHYSICAL TIME: 2025-03-04 19:14:27.95, MESSAGE QUEUE LENGTH: 0

2025-03-04 19:14:28,195 - INFO - EVENT: Send Msg | RECIPIENT: 1 and 3 | LOGICAL TIME: 248 | PHYSICAL TIME: 2025-03-04 19:14:28.19, MESSAGE QUEUE LENGTH: 0

2025-03-04 19:14:28,533 - INFO - EVENT: Send Msg | RECIPIENT: 1 | LOGICAL TIME: 249 | PHYSICAL TIME: 2025-03-04 19:14:28.53, MESSAGE QUEUE LENGTH: 0

2025-03-04 19:14:28,797 - INFO - EVENT: Send Msg | RECIPIENT: 1 and 3 | LOGICAL TIME: 250 | PHYSICAL TIME: 2025-03-04 19:14:28.79, MESSAGE QUEUE LENGTH: 0

2025-03-04 19:14:29,028 - INFO - EVENT: Internal Event | LOGICAL TIME: 251 | PHYSICAL TIME: 2025-03-04 19:14:29.02, MESSAGE QUEUE LENGTH: 0

2025-03-04 19:14:29,258 - INFO - EVENT: Internal Event | LOGICAL TIME: 252 | PHYSICAL TIME: 2025-03-04 19:14:29.25, MESSAGE QUEUE LENGTH: 0

2025-03-04 19:14:29,468 - INFO - EVENT: Internal Event | LOGICAL TIME: 253 | PHYSICAL TIME: 2025-03-04 19:14:29.46, MESSAGE QUEUE LENGTH: 0

2025-03-04 19:14:29,686 - INFO - EVENT: Receive Msg | SENDER: 3 | LOGICAL TIME: 259 | PHYSICAL TIME: 2025-03-04 19:14:29.00, MESSAGE QUEUE LENGTH: 1

2025-03-04 19:14:29,912 - INFO - EVENT: Internal Event | LOGICAL TIME: 260 | PHYSICAL TIME: 2025-03-04 19:14:29.91, MESSAGE QUEUE LENGTH: 0

2025-03-04 19:14:30,113 - INFO - EVENT: Internal Event | LOGICAL TIME: 261 | PHYSICAL TIME: 2025-03-04 19:14:30.11, MESSAGE QUEUE LENGTH: 0

2025-03-04 19:14:30,351 - INFO - EVENT: Internal Event | LOGICAL TIME: 262 | PHYSICAL TIME: 2025-03-04 19:14:30.35, MESSAGE QUEUE LENGTH: 0

2025-03-04 19:14:30,636 - INFO - EVENT: Receive Msg | SENDER: 1 | LOGICAL TIME: 263 | PHYSICAL TIME: 2025-03-04 19:14:30.00, MESSAGE QUEUE LENGTH: 1

2025-03-04 19:14:30,883 - INFO - EVENT: Receive Msg | SENDER: 1 | LOGICAL TIME: 264 | PHYSICAL TIME: 2025-03-04 19:14:30.00, MESSAGE QUEUE LENGTH: 1

2025-03-04 19:14:31,180 - INFO - EVENT: Internal Event | LOGICAL TIME: 265 | PHYSICAL TIME: 2025-03-04 19:14:31.18, MESSAGE QUEUE LENGTH: 0

2025-03-04 19:14:31,404 - INFO - EVENT: Internal Event | LOGICAL TIME: 266 | PHYSICAL TIME: 2025-03-04 19:14:31.40, MESSAGE QUEUE LENGTH: 0

2025-03-04 19:14:31,605 - INFO - EVENT: Internal Event | LOGICAL TIME: 267 | PHYSICAL TIME: 2025-03-04 19:14:31.60, MESSAGE QUEUE LENGTH: 0

2025-03-04 19:14:31,962 - INFO - EVENT: Receive Msg | SENDER: 3 | LOGICAL TIME: 271 | PHYSICAL TIME: 2025-03-04 19:14:31.00, MESSAGE QUEUE LENGTH: 1

2025-03-04 19:14:32,169 - INFO - EVENT: Internal Event | LOGICAL TIME: 272 | PHYSICAL TIME: 2025-03-04 19:14:32.16, MESSAGE QUEUE LENGTH: 0

2025-03-04 19:14:32,397 - INFO - EVENT: Receive Msg | SENDER: 3 | LOGICAL TIME: 273 | PHYSICAL TIME: 2025-03-04 19:14:32.00, MESSAGE QUEUE LENGTH: 1

2025-03-04 19:14:32,663 - INFO - EVENT: Internal Event | LOGICAL TIME: 274 | PHYSICAL TIME: 2025-03-04 19:14:32.66, MESSAGE QUEUE LENGTH: 0

2025-03-04 19:14:32,933 - INFO - EVENT: Receive Msg | SENDER: 3 | LOGICAL TIME: 275 | PHYSICAL TIME: 2025-03-04 19:14:32.00, MESSAGE QUEUE LENGTH: 1

2025-03-04 19:14:33,138 - INFO - EVENT: Internal Event | LOGICAL TIME: 276 | PHYSICAL TIME: 2025-03-04 19:14:33.13, MESSAGE QUEUE LENGTH: 0

2025-03-04 19:14:33,341 - INFO - EVENT: Internal Event | LOGICAL TIME: 277 | PHYSICAL TIME: 2025-03-04 19:14:33.34, MESSAGE QUEUE LENGTH: 0

2025-03-04 19:14:33,588 - INFO - EVENT: Internal Event | LOGICAL TIME: 278 | PHYSICAL TIME: 2025-03-04 19:14:33.58, MESSAGE QUEUE LENGTH: 0

2025-03-04 19:14:33,791 - INFO - EVENT: Receive Msg | SENDER: 3 | LOGICAL TIME: 280 | PHYSICAL TIME: 2025-03-04 19:14:33.00, MESSAGE QUEUE LENGTH: 1

2025-03-04 19:14:34,020 - INFO - EVENT: Send Msg | RECIPIENT: 1 and 3 | LOGICAL TIME: 281 | PHYSICAL TIME: 2025-03-04 19:14:34.02, MESSAGE QUEUE LENGTH: 0

2025-03-04 19:14:34,220 - INFO - EVENT: Receive Msg | SENDER: 1 | LOGICAL TIME: 282 | PHYSICAL TIME: 2025-03-04 19:14:34.00, MESSAGE QUEUE LENGTH: 1

2025-03-04 19:14:34,422 - INFO - EVENT: Internal Event | LOGICAL TIME: 283 | PHYSICAL TIME: 2025-03-04 19:14:34.42, MESSAGE QUEUE LENGTH: 0

2025-03-04 19:14:34,678 - INFO - EVENT: Internal Event | LOGICAL TIME: 284 | PHYSICAL TIME: 2025-03-04 19:14:34.67, MESSAGE QUEUE LENGTH: 0

2025-03-04 19:14:34,905 - INFO - EVENT: Internal Event | LOGICAL TIME: 285 | PHYSICAL TIME: 2025-03-04 19:14:34.90, MESSAGE QUEUE LENGTH: 0

2025-03-04 19:14:35,116 - INFO - EVENT: Receive Msg | SENDER: 1 | LOGICAL TIME: 286 | PHYSICAL TIME: 2025-03-04 19:14:34.00, MESSAGE QUEUE LENGTH: 1

2025-03-04 19:14:35,330 - INFO - EVENT: Send Msg | RECIPIENT: 1 and 3 | LOGICAL TIME: 287 | PHYSICAL TIME: 2025-03-04 19:14:35.33, MESSAGE QUEUE LENGTH: 0

2025-03-04 19:14:35,531 - INFO - EVENT: Send Msg | RECIPIENT: 1 and 3 | LOGICAL TIME: 288 | PHYSICAL TIME: 2025-03-04 19:14:35.53, MESSAGE QUEUE LENGTH: 0

2025-03-04 19:14:35,734 - INFO - EVENT: Internal Event | LOGICAL TIME: 289 | PHYSICAL TIME: 2025-03-04 19:14:35.73, MESSAGE QUEUE LENGTH: 0

2025-03-04 19:14:36,006 - INFO - EVENT: Internal Event | LOGICAL TIME: 290 | PHYSICAL TIME: 2025-03-04 19:14:36.00, MESSAGE QUEUE LENGTH: 0

2025-03-04 19:14:36,238 - INFO - EVENT: Internal Event | LOGICAL TIME: 291 | PHYSICAL TIME: 2025-03-04 19:14:36.23, MESSAGE QUEUE LENGTH: 0

2025-03-04 19:14:36,528 - INFO - EVENT: Receive Msg | SENDER: 1 | LOGICAL TIME: 292 | PHYSICAL TIME: 2025-03-04 19:14:36.00, MESSAGE QUEUE LENGTH: 1

2025-03-04 19:14:36,767 - INFO - EVENT: Send Msg | RECIPIENT: 3 | LOGICAL TIME: 293 | PHYSICAL TIME: 2025-03-04 19:14:36.76, MESSAGE QUEUE LENGTH: 0

2025-03-04 19:14:36,984 - INFO - EVENT: Internal Event | LOGICAL TIME: 294 | PHYSICAL TIME: 2025-03-04 19:14:36.98, MESSAGE QUEUE LENGTH: 0

2025-03-04 19:14:37,222 - INFO - EVENT: Internal Event | LOGICAL TIME: 295 | PHYSICAL TIME: 2025-03-04 19:14:37.22, MESSAGE QUEUE LENGTH: 0

2025-03-04 19:14:37,425 - INFO - EVENT: Send Msg | RECIPIENT: 1 | LOGICAL TIME: 296 | PHYSICAL TIME: 2025-03-04 19:14:37.42, MESSAGE QUEUE LENGTH: 0

2025-03-04 19:14:37,673 - INFO - EVENT: Receive Msg | SENDER: 1 | LOGICAL TIME: 297 | PHYSICAL TIME: 2025-03-04 19:14:37.00, MESSAGE QUEUE LENGTH: 1

2025-03-04 19:14:37,878 - INFO - EVENT: Internal Event | LOGICAL TIME: 298 | PHYSICAL TIME: 2025-03-04 19:14:37.87, MESSAGE QUEUE LENGTH: 0

2025-03-04 19:14:38,094 - INFO - EVENT: Internal Event | LOGICAL TIME: 299 | PHYSICAL TIME: 2025-03-04 19:14:38.09, MESSAGE QUEUE LENGTH: 0

2025-03-04 19:14:38,394 - INFO - EVENT: Internal Event | LOGICAL TIME: 300 | PHYSICAL TIME: 2025-03-04 19:14:38.39, MESSAGE QUEUE LENGTH: 0

2025-03-04 19:14:38,609 - INFO - EVENT: Internal Event | LOGICAL TIME: 301 | PHYSICAL TIME: 2025-03-04 19:14:38.60, MESSAGE QUEUE LENGTH: 0

2025-03-04 19:14:38,812 - INFO - EVENT: Internal Event | LOGICAL TIME: 302 | PHYSICAL TIME: 2025-03-04 19:14:38.81, MESSAGE QUEUE LENGTH: 0

2025-03-04 19:14:39,035 - INFO - EVENT: Internal Event | LOGICAL TIME: 303 | PHYSICAL TIME: 2025-03-04 19:14:39.03, MESSAGE QUEUE LENGTH: 0

2025-03-04 19:14:39,255 - INFO - EVENT: Receive Msg | SENDER: 3 | LOGICAL TIME: 308 | PHYSICAL TIME: 2025-03-04 19:14:39.00, MESSAGE QUEUE LENGTH: 1

2025-03-04 19:14:39,499 - INFO - EVENT: Internal Event | LOGICAL TIME: 309 | PHYSICAL TIME: 2025-03-04 19:14:39.49, MESSAGE QUEUE LENGTH: 0

2025-03-04 19:14:39,700 - INFO - EVENT: Send Msg | RECIPIENT: 1 and 3 | LOGICAL TIME: 310 | PHYSICAL TIME: 2025-03-04 19:14:39.70, MESSAGE QUEUE LENGTH: 0

2025-03-04 19:14:39,988 - INFO - EVENT: Internal Event | LOGICAL TIME: 311 | PHYSICAL TIME: 2025-03-04 19:14:39.98, MESSAGE QUEUE LENGTH: 0

2025-03-04 19:14:40,211 - INFO - EVENT: Send Msg | RECIPIENT: 1 and 3 | LOGICAL TIME: 312 | PHYSICAL TIME: 2025-03-04 19:14:40.21, MESSAGE QUEUE LENGTH: 0

2025-03-04 19:14:40,421 - INFO - EVENT: Internal Event | LOGICAL TIME: 313 | PHYSICAL TIME: 2025-03-04 19:14:40.42, MESSAGE QUEUE LENGTH: 0

2025-03-04 19:14:40,623 - INFO - EVENT: Internal Event | LOGICAL TIME: 314 | PHYSICAL TIME: 2025-03-04 19:14:40.62, MESSAGE QUEUE LENGTH: 0

