2025-03-04 19:13:35,172 - INFO - Clock rate for client 1: 4 events per second
2025-03-04 19:13:36,041 - INFO - EVENT: Receive Msg | SENDER: 2 | LOGICAL TIME: 1 | PHYSICAL TIME: 2025-03-04 19:13:35.00, MESSAGE QUEUE LENGTH: 3

2025-03-04 19:13:36,308 - INFO - EVENT: Receive Msg | SENDER: 3 | LOGICAL TIME: 2 | PHYSICAL TIME: 2025-03-04 19:13:35.00, MESSAGE QUEUE LENGTH: 2

2025-03-04 19:13:36,622 - INFO - EVENT: Receive Msg | SENDER: 2 | LOGICAL TIME: 3 | PHYSICAL TIME: 2025-03-04 19:13:35.00, MESSAGE QUEUE LENGTH: 1

2025-03-04 19:13:36,921 - INFO - EVENT: Internal Event | LOGICAL TIME: 4 | PHYSICAL TIME: 2025-03-04 19:13:36.92, MESSAGE QUEUE LENGTH: 0

2025-03-04 19:13:37,220 - INFO - EVENT: Send Msg | RECIPIENT: 2 | LOGICAL TIME: 5 | PHYSICAL TIME: 2025-03-04 19:13:37.22, MESSAGE QUEUE LENGTH: 0

2025-03-04 19:13:37,672 - INFO - EVENT: Receive Msg | SENDER: 3 | LOGICAL TIME: 10 | PHYSICAL TIME: 2025-03-04 19:13:37.00, MESSAGE QUEUE LENGTH: 1

2025-03-04 19:13:37,987 - INFO - EVENT: Internal Event | LOGICAL TIME: 11 | PHYSICAL TIME: 2025-03-04 19:13:37.98, MESSAGE QUEUE LENGTH: 0

2025-03-04 19:13:38,320 - INFO - EVENT: Internal Event | LOGICAL TIME: 12 | PHYSICAL TIME: 2025-03-04 19:13:38.32, MESSAGE QUEUE LENGTH: 0

2025-03-04 19:13:38,583 - INFO - EVENT: Internal Event | LOGICAL TIME: 13 | PHYSICAL TIME: 2025-03-04 19:13:38.58, MESSAGE QUEUE LENGTH: 0

2025-03-04 19:13:38,890 - INFO - EVENT: Internal Event | LOGICAL TIME: 14 | PHYSICAL TIME: 2025-03-04 19:13:38.89, MESSAGE QUEUE LENGTH: 0

2025-03-04 19:13:39,141 - INFO - EVENT: Send Msg | RECIPIENT: 2 | LOGICAL TIME: 15 | PHYSICAL TIME: 2025-03-04 19:13:39.14, MESSAGE QUEUE LENGTH: 0

2025-03-04 19:13:39,406 - INFO - EVENT: Send Msg | RECIPIENT: 2 and 3 | LOGICAL TIME: 16 | PHYSICAL TIME: 2025-03-04 19:13:39.40, MESSAGE QUEUE LENGTH: 0

2025-03-04 19:13:39,668 - INFO - EVENT: Send Msg | RECIPIENT: 2 | LOGICAL TIME: 17 | PHYSICAL TIME: 2025-03-04 19:13:39.66, MESSAGE QUEUE LENGTH: 0

2025-03-04 19:13:39,974 - INFO - EVENT: Internal Event | LOGICAL TIME: 18 | PHYSICAL TIME: 2025-03-04 19:13:39.97, MESSAGE QUEUE LENGTH: 0

2025-03-04 19:13:40,265 - INFO - EVENT: Internal Event | LOGICAL TIME: 19 | PHYSICAL TIME: 2025-03-04 19:13:40.26, MESSAGE QUEUE LENGTH: 0

2025-03-04 19:13:40,594 - INFO - EVENT: Internal Event | LOGICAL TIME: 20 | PHYSICAL TIME: 2025-03-04 19:13:40.59, MESSAGE QUEUE LENGTH: 0

2025-03-04 19:13:40,861 - INFO - EVENT: Send Msg | RECIPIENT: 3 | LOGICAL TIME: 21 | PHYSICAL TIME: 2025-03-04 19:13:40.86, MESSAGE QUEUE LENGTH: 0

2025-03-04 19:13:41,158 - INFO - EVENT: Internal Event | LOGICAL TIME: 22 | PHYSICAL TIME: 2025-03-04 19:13:41.15, MESSAGE QUEUE LENGTH: 0

2025-03-04 19:13:41,469 - INFO - EVENT: Receive Msg | SENDER: 3 | LOGICAL TIME: 27 | PHYSICAL TIME: 2025-03-04 19:13:41.00, MESSAGE QUEUE LENGTH: 1

2025-03-04 19:13:41,743 - INFO - EVENT: Send Msg | RECIPIENT: 2 | LOGICAL TIME: 28 | PHYSICAL TIME: 2025-03-04 19:13:41.74, MESSAGE QUEUE LENGTH: 0

2025-03-04 19:13:42,004 - INFO - EVENT: Receive Msg | SENDER: 3 | LOGICAL TIME: 30 | PHYSICAL TIME: 2025-03-04 19:13:41.00, MESSAGE QUEUE LENGTH: 1

2025-03-04 19:13:42,311 - INFO - EVENT: Send Msg | RECIPIENT: 2 and 3 | LOGICAL TIME: 31 | PHYSICAL TIME: 2025-03-04 19:13:42.31, MESSAGE QUEUE LENGTH: 0

2025-03-04 19:13:42,625 - INFO - EVENT: Internal Event | LOGICAL TIME: 32 | PHYSICAL TIME: 2025-03-04 19:13:42.62, MESSAGE QUEUE LENGTH: 0

2025-03-04 19:13:42,896 - INFO - EVENT: Receive Msg | SENDER: 3 | LOGICAL TIME: 34 | PHYSICAL TIME: 2025-03-04 19:13:42.00, MESSAGE QUEUE LENGTH: 1

2025-03-04 19:13:43,148 - INFO - EVENT: Internal Event | LOGICAL TIME: 35 | PHYSICAL TIME: 2025-03-04 19:13:43.14, MESSAGE QUEUE LENGTH: 0

2025-03-04 19:13:43,475 - INFO - EVENT: Receive Msg | SENDER: 2 | LOGICAL TIME: 36 | PHYSICAL TIME: 2025-03-04 19:13:43.00, MESSAGE QUEUE LENGTH: 1

2025-03-04 19:13:43,778 - INFO - EVENT: Internal Event | LOGICAL TIME: 37 | PHYSICAL TIME: 2025-03-04 19:13:43.77, MESSAGE QUEUE LENGTH: 0

2025-03-04 19:13:44,181 - INFO - EVENT: Send Msg | RECIPIENT: 2 and 3 | LOGICAL TIME: 38 | PHYSICAL TIME: 2025-03-04 19:13:44.18, MESSAGE QUEUE LENGTH: 0

2025-03-04 19:13:44,439 - INFO - EVENT: Internal Event | LOGICAL TIME: 39 | PHYSICAL TIME: 2025-03-04 19:13:44.43, MESSAGE QUEUE LENGTH: 0

2025-03-04 19:13:44,711 - INFO - EVENT: Internal Event | LOGICAL TIME: 40 | PHYSICAL TIME: 2025-03-04 19:13:44.71, MESSAGE QUEUE LENGTH: 0

2025-03-04 19:13:44,962 - INFO - EVENT: Internal Event | LOGICAL TIME: 41 | PHYSICAL TIME: 2025-03-04 19:13:44.96, MESSAGE QUEUE LENGTH: 0

2025-03-04 19:13:45,212 - INFO - EVENT: Receive Msg | SENDER: 3 | LOGICAL TIME: 44 | PHYSICAL TIME: 2025-03-04 19:13:44.00, MESSAGE QUEUE LENGTH: 1

2025-03-04 19:13:45,548 - INFO - EVENT: Internal Event | LOGICAL TIME: 45 | PHYSICAL TIME: 2025-03-04 19:13:45.54, MESSAGE QUEUE LENGTH: 0

2025-03-04 19:13:45,913 - INFO - EVENT: Receive Msg | SENDER: 3 | LOGICAL TIME: 48 | PHYSICAL TIME: 2025-03-04 19:13:45.00, MESSAGE QUEUE LENGTH: 3

2025-03-04 19:13:46,198 - INFO - EVENT: Receive Msg | SENDER: 2 | LOGICAL TIME: 49 | PHYSICAL TIME: 2025-03-04 19:13:45.00, MESSAGE QUEUE LENGTH: 2

2025-03-04 19:13:46,457 - INFO - EVENT: Receive Msg | SENDER: 3 | LOGICAL TIME: 50 | PHYSICAL TIME: 2025-03-04 19:13:45.00, MESSAGE QUEUE LENGTH: 1

2025-03-04 19:13:46,719 - INFO - EVENT: Receive Msg | SENDER: 3 | LOGICAL TIME: 52 | PHYSICAL TIME: 2025-03-04 19:13:46.00, MESSAGE QUEUE LENGTH: 2

2025-03-04 19:13:47,028 - INFO - EVENT: Receive Msg | SENDER: 3 | LOGICAL TIME: 53 | PHYSICAL TIME: 2025-03-04 19:13:46.00, MESSAGE QUEUE LENGTH: 2

2025-03-04 19:13:47,313 - INFO - EVENT: Receive Msg | SENDER: 3 | LOGICAL TIME: 55 | PHYSICAL TIME: 2025-03-04 19:13:46.00, MESSAGE QUEUE LENGTH: 1

2025-03-04 19:13:47,577 - INFO - EVENT: Internal Event | LOGICAL TIME: 56 | PHYSICAL TIME: 2025-03-04 19:13:47.57, MESSAGE QUEUE LENGTH: 0

2025-03-04 19:13:47,850 - INFO - EVENT: Internal Event | LOGICAL TIME: 57 | PHYSICAL TIME: 2025-03-04 19:13:47.85, MESSAGE QUEUE LENGTH: 0

2025-03-04 19:13:48,150 - INFO - EVENT: Internal Event | LOGICAL TIME: 58 | PHYSICAL TIME: 2025-03-04 19:13:48.15, MESSAGE QUEUE LENGTH: 0

2025-03-04 19:13:48,495 - INFO - EVENT: Receive Msg | SENDER: 2 | LOGICAL TIME: 61 | PHYSICAL TIME: 2025-03-04 19:13:48.00, MESSAGE QUEUE LENGTH: 1

2025-03-04 19:13:48,832 - INFO - EVENT: Internal Event | LOGICAL TIME: 62 | PHYSICAL TIME: 2025-03-04 19:13:48.83, MESSAGE QUEUE LENGTH: 0

2025-03-04 19:13:49,289 - INFO - EVENT: Receive Msg | SENDER: 2 | LOGICAL TIME: 63 | PHYSICAL TIME: 2025-03-04 19:13:48.00, MESSAGE QUEUE LENGTH: 1

2025-03-04 19:13:49,595 - INFO - EVENT: Send Msg | RECIPIENT: 2 and 3 | LOGICAL TIME: 64 | PHYSICAL TIME: 2025-03-04 19:13:49.59, MESSAGE QUEUE LENGTH: 0

2025-03-04 19:13:49,897 - INFO - EVENT: Receive Msg | SENDER: 2 | LOGICAL TIME: 66 | PHYSICAL TIME: 2025-03-04 19:13:49.00, MESSAGE QUEUE LENGTH: 1

2025-03-04 19:13:50,247 - INFO - EVENT: Receive Msg | SENDER: 3 | LOGICAL TIME: 69 | PHYSICAL TIME: 2025-03-04 19:13:50.00, MESSAGE QUEUE LENGTH: 2

2025-03-04 19:13:50,629 - INFO - EVENT: Receive Msg | SENDER: 2 | LOGICAL TIME: 70 | PHYSICAL TIME: 2025-03-04 19:13:50.00, MESSAGE QUEUE LENGTH: 1

2025-03-04 19:13:50,902 - INFO - EVENT: Internal Event | LOGICAL TIME: 71 | PHYSICAL TIME: 2025-03-04 19:13:50.90, MESSAGE QUEUE LENGTH: 0

2025-03-04 19:13:51,154 - INFO - EVENT: Internal Event | LOGICAL TIME: 72 | PHYSICAL TIME: 2025-03-04 19:13:51.15, MESSAGE QUEUE LENGTH: 0

2025-03-04 19:13:51,447 - INFO - EVENT: Receive Msg | SENDER: 3 | LOGICAL TIME: 75 | PHYSICAL TIME: 2025-03-04 19:13:51.00, MESSAGE QUEUE LENGTH: 1

2025-03-04 19:13:51,734 - INFO - EVENT: Internal Event | LOGICAL TIME: 76 | PHYSICAL TIME: 2025-03-04 19:13:51.73, MESSAGE QUEUE LENGTH: 0

2025-03-04 19:13:52,013 - INFO - EVENT: Send Msg | RECIPIENT: 2 | LOGICAL TIME: 77 | PHYSICAL TIME: 2025-03-04 19:13:52.01, MESSAGE QUEUE LENGTH: 0

2025-03-04 19:13:52,294 - INFO - EVENT: Receive Msg | SENDER: 3 | LOGICAL TIME: 78 | PHYSICAL TIME: 2025-03-04 19:13:52.00, MESSAGE QUEUE LENGTH: 1

2025-03-04 19:13:52,545 - INFO - EVENT: Send Msg | RECIPIENT: 3 | LOGICAL TIME: 79 | PHYSICAL TIME: 2025-03-04 19:13:52.54, MESSAGE QUEUE LENGTH: 0

2025-03-04 19:13:52,836 - INFO - EVENT: Send Msg | RECIPIENT: 2 and 3 | LOGICAL TIME: 80 | PHYSICAL TIME: 2025-03-04 19:13:52.83, MESSAGE QUEUE LENGTH: 0

2025-03-04 19:13:53,127 - INFO - EVENT: Internal Event | LOGICAL TIME: 81 | PHYSICAL TIME: 2025-03-04 19:13:53.12, MESSAGE QUEUE LENGTH: 0

2025-03-04 19:13:53,387 - INFO - EVENT: Internal Event | LOGICAL TIME: 82 | PHYSICAL TIME: 2025-03-04 19:13:53.38, MESSAGE QUEUE LENGTH: 0

2025-03-04 19:13:53,642 - INFO - EVENT: Internal Event | LOGICAL TIME: 83 | PHYSICAL TIME: 2025-03-04 19:13:53.64, MESSAGE QUEUE LENGTH: 0

2025-03-04 19:13:53,969 - INFO - EVENT: Receive Msg | SENDER: 3 | LOGICAL TIME: 85 | PHYSICAL TIME: 2025-03-04 19:13:53.00, MESSAGE QUEUE LENGTH: 1

2025-03-04 19:13:54,232 - INFO - EVENT: Internal Event | LOGICAL TIME: 86 | PHYSICAL TIME: 2025-03-04 19:13:54.23, MESSAGE QUEUE LENGTH: 0

2025-03-04 19:13:54,487 - INFO - EVENT: Internal Event | LOGICAL TIME: 87 | PHYSICAL TIME: 2025-03-04 19:13:54.48, MESSAGE QUEUE LENGTH: 0

2025-03-04 19:13:54,754 - INFO - EVENT: Send Msg | RECIPIENT: 2 | LOGICAL TIME: 88 | PHYSICAL TIME: 2025-03-04 19:13:54.75, MESSAGE QUEUE LENGTH: 0

2025-03-04 19:13:55,081 - INFO - EVENT: Internal Event | LOGICAL TIME: 89 | PHYSICAL TIME: 2025-03-04 19:13:55.08, MESSAGE QUEUE LENGTH: 0

2025-03-04 19:13:55,351 - INFO - EVENT: Send Msg | RECIPIENT: 2 | LOGICAL TIME: 90 | PHYSICAL TIME: 2025-03-04 19:13:55.35, MESSAGE QUEUE LENGTH: 0

2025-03-04 19:13:55,613 - INFO - EVENT: Send Msg | RECIPIENT: 3 | LOGICAL TIME: 91 | PHYSICAL TIME: 2025-03-04 19:13:55.61, MESSAGE QUEUE LENGTH: 0

2025-03-04 19:13:55,906 - INFO - EVENT: Receive Msg | SENDER: 3 | LOGICAL TIME: 95 | PHYSICAL TIME: 2025-03-04 19:13:55.00, MESSAGE QUEUE LENGTH: 1

2025-03-04 19:13:56,160 - INFO - EVENT: Internal Event | LOGICAL TIME: 96 | PHYSICAL TIME: 2025-03-04 19:13:56.16, MESSAGE QUEUE LENGTH: 0

2025-03-04 19:13:56,543 - INFO - EVENT: Receive Msg | SENDER: 2 | LOGICAL TIME: 97 | PHYSICAL TIME: 2025-03-04 19:13:56.00, MESSAGE QUEUE LENGTH: 2

2025-03-04 19:13:56,874 - INFO - EVENT: Receive Msg | SENDER: 3 | LOGICAL TIME: 98 | PHYSICAL TIME: 2025-03-04 19:13:56.00, MESSAGE QUEUE LENGTH: 1

2025-03-04 19:13:57,134 - INFO - EVENT: Internal Event | LOGICAL TIME: 99 | PHYSICAL TIME: 2025-03-04 19:13:57.13, MESSAGE QUEUE LENGTH: 0

2025-03-04 19:13:57,535 - INFO - EVENT: Receive Msg | SENDER: 2 | LOGICAL TIME: 101 | PHYSICAL TIME: 2025-03-04 19:13:57.00, MESSAGE QUEUE LENGTH: 2

2025-03-04 19:13:57,793 - INFO - EVENT: Receive Msg | SENDER: 3 | LOGICAL TIME: 103 | PHYSICAL TIME: 2025-03-04 19:13:57.00, MESSAGE QUEUE LENGTH: 1

2025-03-04 19:13:58,066 - INFO - EVENT: Receive Msg | SENDER: 2 | LOGICAL TIME: 105 | PHYSICAL TIME: 2025-03-04 19:13:58.00, MESSAGE QUEUE LENGTH: 2

2025-03-04 19:13:58,340 - INFO - EVENT: Receive Msg | SENDER: 3 | LOGICAL TIME: 106 | PHYSICAL TIME: 2025-03-04 19:13:57.00, MESSAGE QUEUE LENGTH: 2

2025-03-04 19:13:58,607 - INFO - EVENT: Receive Msg | SENDER: 3 | LOGICAL TIME: 107 | PHYSICAL TIME: 2025-03-04 19:13:58.00, MESSAGE QUEUE LENGTH: 1

2025-03-04 19:13:58,941 - INFO - EVENT: Receive Msg | SENDER: 3 | LOGICAL TIME: 109 | PHYSICAL TIME: 2025-03-04 19:13:58.00, MESSAGE QUEUE LENGTH: 1

2025-03-04 19:13:59,273 - INFO - EVENT: Send Msg | RECIPIENT: 2 | LOGICAL TIME: 110 | PHYSICAL TIME: 2025-03-04 19:13:59.27, MESSAGE QUEUE LENGTH: 0

2025-03-04 19:13:59,546 - INFO - EVENT: Receive Msg | SENDER: 2 | LOGICAL TIME: 111 | PHYSICAL TIME: 2025-03-04 19:13:59.00, MESSAGE QUEUE LENGTH: 1

2025-03-04 19:13:59,871 - INFO - EVENT: Receive Msg | SENDER: 2 | LOGICAL TIME: 113 | PHYSICAL TIME: 2025-03-04 19:13:59.00, MESSAGE QUEUE LENGTH: 1

2025-03-04 19:14:00,161 - INFO - EVENT: Receive Msg | SENDER: 2 | LOGICAL TIME: 114 | PHYSICAL TIME: 2025-03-04 19:13:59.00, MESSAGE QUEUE LENGTH: 1

2025-03-04 19:14:00,458 - INFO - EVENT: Internal Event | LOGICAL TIME: 115 | PHYSICAL TIME: 2025-03-04 19:14:00.45, MESSAGE QUEUE LENGTH: 0

2025-03-04 19:14:00,777 - INFO - EVENT: Receive Msg | SENDER: 2 | LOGICAL TIME: 117 | PHYSICAL TIME: 2025-03-04 19:14:00.00, MESSAGE QUEUE LENGTH: 2

2025-03-04 19:14:01,037 - INFO - EVENT: Receive Msg | SENDER: 3 | LOGICAL TIME: 119 | PHYSICAL TIME: 2025-03-04 19:14:00.00, MESSAGE QUEUE LENGTH: 1

2025-03-04 19:14:01,344 - INFO - EVENT: Internal Event | LOGICAL TIME: 120 | PHYSICAL TIME: 2025-03-04 19:14:01.34, MESSAGE QUEUE LENGTH: 0

2025-03-04 19:14:01,630 - INFO - EVENT: Send Msg | RECIPIENT: 3 | LOGICAL TIME: 121 | PHYSICAL TIME: 2025-03-04 19:14:01.63, MESSAGE QUEUE LENGTH: 0

2025-03-04 19:14:01,893 - INFO - EVENT: Receive Msg | SENDER: 2 | LOGICAL TIME: 123 | PHYSICAL TIME: 2025-03-04 19:14:01.00, MESSAGE QUEUE LENGTH: 1

2025-03-04 19:14:02,155 - INFO - EVENT: Internal Event | LOGICAL TIME: 124 | PHYSICAL TIME: 2025-03-04 19:14:02.15, MESSAGE QUEUE LENGTH: 0

2025-03-04 19:14:02,410 - INFO - EVENT: Internal Event | LOGICAL TIME: 125 | PHYSICAL TIME: 2025-03-04 19:14:02.41, MESSAGE QUEUE LENGTH: 0

2025-03-04 19:14:02,770 - INFO - EVENT: Internal Event | LOGICAL TIME: 126 | PHYSICAL TIME: 2025-03-04 19:14:02.77, MESSAGE QUEUE LENGTH: 0

2025-03-04 19:14:03,122 - INFO - EVENT: Internal Event | LOGICAL TIME: 127 | PHYSICAL TIME: 2025-03-04 19:14:03.12, MESSAGE QUEUE LENGTH: 0

2025-03-04 19:14:03,458 - INFO - EVENT: Receive Msg | SENDER: 3 | LOGICAL TIME: 132 | PHYSICAL TIME: 2025-03-04 19:14:03.00, MESSAGE QUEUE LENGTH: 1

2025-03-04 19:14:03,720 - INFO - EVENT: Receive Msg | SENDER: 3 | LOGICAL TIME: 134 | PHYSICAL TIME: 2025-03-04 19:14:03.00, MESSAGE QUEUE LENGTH: 1

2025-03-04 19:14:03,976 - INFO - EVENT: Send Msg | RECIPIENT: 3 | LOGICAL TIME: 135 | PHYSICAL TIME: 2025-03-04 19:14:03.97, MESSAGE QUEUE LENGTH: 0

2025-03-04 19:14:04,247 - INFO - EVENT: Internal Event | LOGICAL TIME: 136 | PHYSICAL TIME: 2025-03-04 19:14:04.24, MESSAGE QUEUE LENGTH: 0

2025-03-04 19:14:04,557 - INFO - EVENT: Internal Event | LOGICAL TIME: 137 | PHYSICAL TIME: 2025-03-04 19:14:04.55, MESSAGE QUEUE LENGTH: 0

2025-03-04 19:14:04,847 - INFO - EVENT: Receive Msg | SENDER: 3 | LOGICAL TIME: 139 | PHYSICAL TIME: 2025-03-04 19:14:04.00, MESSAGE QUEUE LENGTH: 1

2025-03-04 19:14:05,119 - INFO - EVENT: Internal Event | LOGICAL TIME: 140 | PHYSICAL TIME: 2025-03-04 19:14:05.11, MESSAGE QUEUE LENGTH: 0

2025-03-04 19:14:05,474 - INFO - EVENT: Receive Msg | SENDER: 3 | LOGICAL TIME: 143 | PHYSICAL TIME: 2025-03-04 19:14:05.00, MESSAGE QUEUE LENGTH: 1

2025-03-04 19:14:05,728 - INFO - EVENT: Send Msg | RECIPIENT: 2 | LOGICAL TIME: 144 | PHYSICAL TIME: 2025-03-04 19:14:05.72, MESSAGE QUEUE LENGTH: 0

2025-03-04 19:14:05,998 - INFO - EVENT: Internal Event | LOGICAL TIME: 145 | PHYSICAL TIME: 2025-03-04 19:14:05.99, MESSAGE QUEUE LENGTH: 0

2025-03-04 19:14:06,298 - INFO - EVENT: Send Msg | RECIPIENT: 2 | LOGICAL TIME: 146 | PHYSICAL TIME: 2025-03-04 19:14:06.29, MESSAGE QUEUE LENGTH: 0

2025-03-04 19:14:06,615 - INFO - EVENT: Internal Event | LOGICAL TIME: 147 | PHYSICAL TIME: 2025-03-04 19:14:06.61, MESSAGE QUEUE LENGTH: 0

2025-03-04 19:14:06,871 - INFO - EVENT: Receive Msg | SENDER: 3 | LOGICAL TIME: 149 | PHYSICAL TIME: 2025-03-04 19:14:06.00, MESSAGE QUEUE LENGTH: 1

2025-03-04 19:14:07,149 - INFO - EVENT: Receive Msg | SENDER: 3 | LOGICAL TIME: 151 | PHYSICAL TIME: 2025-03-04 19:14:06.00, MESSAGE QUEUE LENGTH: 1

2025-03-04 19:14:07,430 - INFO - EVENT: Receive Msg | SENDER: 3 | LOGICAL TIME: 152 | PHYSICAL TIME: 2025-03-04 19:14:07.00, MESSAGE QUEUE LENGTH: 1

2025-03-04 19:14:07,719 - INFO - EVENT: Send Msg | RECIPIENT: 2 and 3 | LOGICAL TIME: 153 | PHYSICAL TIME: 2025-03-04 19:14:07.71, MESSAGE QUEUE LENGTH: 0

2025-03-04 19:14:07,981 - INFO - EVENT: Receive Msg | SENDER: 2 | LOGICAL TIME: 154 | PHYSICAL TIME: 2025-03-04 19:14:07.00, MESSAGE QUEUE LENGTH: 2

2025-03-04 19:14:08,265 - INFO - EVENT: Receive Msg | SENDER: 3 | LOGICAL TIME: 155 | PHYSICAL TIME: 2025-03-04 19:14:07.00, MESSAGE QUEUE LENGTH: 1

2025-03-04 19:14:08,528 - INFO - EVENT: Receive Msg | SENDER: 3 | LOGICAL TIME: 157 | PHYSICAL TIME: 2025-03-04 19:14:08.00, MESSAGE QUEUE LENGTH: 1

2025-03-04 19:14:08,785 - INFO - EVENT: Internal Event | LOGICAL TIME: 158 | PHYSICAL TIME: 2025-03-04 19:14:08.78, MESSAGE QUEUE LENGTH: 0

2025-03-04 19:14:09,095 - INFO - EVENT: Send Msg | RECIPIENT: 2 | LOGICAL TIME: 159 | PHYSICAL TIME: 2025-03-04 19:14:09.09, MESSAGE QUEUE LENGTH: 0

2025-03-04 19:14:09,352 - INFO - EVENT: Internal Event | LOGICAL TIME: 160 | PHYSICAL TIME: 2025-03-04 19:14:09.35, MESSAGE QUEUE LENGTH: 0

2025-03-04 19:14:09,604 - INFO - EVENT: Internal Event | LOGICAL TIME: 161 | PHYSICAL TIME: 2025-03-04 19:14:09.60, MESSAGE QUEUE LENGTH: 0

2025-03-04 19:14:09,915 - INFO - EVENT: Internal Event | LOGICAL TIME: 162 | PHYSICAL TIME: 2025-03-04 19:14:09.91, MESSAGE QUEUE LENGTH: 0

2025-03-04 19:14:10,183 - INFO - EVENT: Internal Event | LOGICAL TIME: 163 | PHYSICAL TIME: 2025-03-04 19:14:10.18, MESSAGE QUEUE LENGTH: 0

2025-03-04 19:14:10,453 - INFO - EVENT: Internal Event | LOGICAL TIME: 164 | PHYSICAL TIME: 2025-03-04 19:14:10.45, MESSAGE QUEUE LENGTH: 0

2025-03-04 19:14:10,717 - INFO - EVENT: Receive Msg | SENDER: 2 | LOGICAL TIME: 168 | PHYSICAL TIME: 2025-03-04 19:14:10.00, MESSAGE QUEUE LENGTH: 1

2025-03-04 19:14:11,070 - INFO - EVENT: Send Msg | RECIPIENT: 2 | LOGICAL TIME: 169 | PHYSICAL TIME: 2025-03-04 19:14:11.07, MESSAGE QUEUE LENGTH: 0

2025-03-04 19:14:11,334 - INFO - EVENT: Internal Event | LOGICAL TIME: 170 | PHYSICAL TIME: 2025-03-04 19:14:11.33, MESSAGE QUEUE LENGTH: 0

2025-03-04 19:14:11,623 - INFO - EVENT: Send Msg | RECIPIENT: 2 and 3 | LOGICAL TIME: 171 | PHYSICAL TIME: 2025-03-04 19:14:11.62, MESSAGE QUEUE LENGTH: 0

2025-03-04 19:14:11,919 - INFO - EVENT: Internal Event | LOGICAL TIME: 172 | PHYSICAL TIME: 2025-03-04 19:14:11.91, MESSAGE QUEUE LENGTH: 0

2025-03-04 19:14:12,203 - INFO - EVENT: Internal Event | LOGICAL TIME: 173 | PHYSICAL TIME: 2025-03-04 19:14:12.20, MESSAGE QUEUE LENGTH: 0

2025-03-04 19:14:12,496 - INFO - EVENT: Receive Msg | SENDER: 2 | LOGICAL TIME: 175 | PHYSICAL TIME: 2025-03-04 19:14:12.00, MESSAGE QUEUE LENGTH: 1

2025-03-04 19:14:12,804 - INFO - EVENT: Receive Msg | SENDER: 3 | LOGICAL TIME: 177 | PHYSICAL TIME: 2025-03-04 19:14:12.00, MESSAGE QUEUE LENGTH: 2

2025-03-04 19:14:13,067 - INFO - EVENT: Receive Msg | SENDER: 2 | LOGICAL TIME: 178 | PHYSICAL TIME: 2025-03-04 19:14:12.00, MESSAGE QUEUE LENGTH: 1

2025-03-04 19:14:13,318 - INFO - EVENT: Receive Msg | SENDER: 3 | LOGICAL TIME: 180 | PHYSICAL TIME: 2025-03-04 19:14:13.00, MESSAGE QUEUE LENGTH: 1

2025-03-04 19:14:13,572 - INFO - EVENT: Internal Event | LOGICAL TIME: 181 | PHYSICAL TIME: 2025-03-04 19:14:13.57, MESSAGE QUEUE LENGTH: 0

2025-03-04 19:14:13,887 - INFO - EVENT: Receive Msg | SENDER: 3 | LOGICAL TIME: 182 | PHYSICAL TIME: 2025-03-04 19:14:13.00, MESSAGE QUEUE LENGTH: 1

2025-03-04 19:14:14,268 - INFO - EVENT: Internal Event | LOGICAL TIME: 183 | PHYSICAL TIME: 2025-03-04 19:14:14.26, MESSAGE QUEUE LENGTH: 0

2025-03-04 19:14:14,639 - INFO - EVENT: Internal Event | LOGICAL TIME: 184 | PHYSICAL TIME: 2025-03-04 19:14:14.63, MESSAGE QUEUE LENGTH: 0

2025-03-04 19:14:14,974 - INFO - EVENT: Receive Msg | SENDER: 2 | LOGICAL TIME: 186 | PHYSICAL TIME: 2025-03-04 19:14:14.00, MESSAGE QUEUE LENGTH: 2

2025-03-04 19:14:15,238 - INFO - EVENT: Receive Msg | SENDER: 3 | LOGICAL TIME: 187 | PHYSICAL TIME: 2025-03-04 19:14:14.00, MESSAGE QUEUE LENGTH: 2

2025-03-04 19:14:15,488 - INFO - EVENT: Receive Msg | SENDER: 3 | LOGICAL TIME: 188 | PHYSICAL TIME: 2025-03-04 19:14:15.00, MESSAGE QUEUE LENGTH: 1

2025-03-04 19:14:15,749 - INFO - EVENT: Internal Event | LOGICAL TIME: 189 | PHYSICAL TIME: 2025-03-04 19:14:15.74, MESSAGE QUEUE LENGTH: 0

2025-03-04 19:14:16,022 - INFO - EVENT: Internal Event | LOGICAL TIME: 190 | PHYSICAL TIME: 2025-03-04 19:14:16.02, MESSAGE QUEUE LENGTH: 0

2025-03-04 19:14:16,301 - INFO - EVENT: Receive Msg | SENDER: 3 | LOGICAL TIME: 193 | PHYSICAL TIME: 2025-03-04 19:14:16.00, MESSAGE QUEUE LENGTH: 1

2025-03-04 19:14:16,567 - INFO - EVENT: Internal Event | LOGICAL TIME: 194 | PHYSICAL TIME: 2025-03-04 19:14:16.56, MESSAGE QUEUE LENGTH: 0

2025-03-04 19:14:16,839 - INFO - EVENT: Internal Event | LOGICAL TIME: 195 | PHYSICAL TIME: 2025-03-04 19:14:16.83, MESSAGE QUEUE LENGTH: 0

2025-03-04 19:14:17,223 - INFO - EVENT: Receive Msg | SENDER: 2 | LOGICAL TIME: 196 | PHYSICAL TIME: 2025-03-04 19:14:16.00, MESSAGE QUEUE LENGTH: 1

2025-03-04 19:14:17,574 - INFO - EVENT: Receive Msg | SENDER: 3 | LOGICAL TIME: 199 | PHYSICAL TIME: 2025-03-04 19:14:17.00, MESSAGE QUEUE LENGTH: 2

2025-03-04 19:14:17,837 - INFO - EVENT: Receive Msg | SENDER: 2 | LOGICAL TIME: 200 | PHYSICAL TIME: 2025-03-04 19:14:17.00, MESSAGE QUEUE LENGTH: 1

2025-03-04 19:14:18,155 - INFO - EVENT: Internal Event | LOGICAL TIME: 201 | PHYSICAL TIME: 2025-03-04 19:14:18.15, MESSAGE QUEUE LENGTH: 0

2025-03-04 19:14:18,416 - INFO - EVENT: Receive Msg | SENDER: 3 | LOGICAL TIME: 203 | PHYSICAL TIME: 2025-03-04 19:14:17.00, MESSAGE QUEUE LENGTH: 2

2025-03-04 19:14:18,692 - INFO - EVENT: Receive Msg | SENDER: 2 | LOGICAL TIME: 204 | PHYSICAL TIME: 2025-03-04 19:14:17.00, MESSAGE QUEUE LENGTH: 2

2025-03-04 19:14:18,960 - INFO - EVENT: Receive Msg | SENDER: 3 | LOGICAL TIME: 206 | PHYSICAL TIME: 2025-03-04 19:14:18.00, MESSAGE QUEUE LENGTH: 1

2025-03-04 19:14:19,297 - INFO - EVENT: Internal Event | LOGICAL TIME: 207 | PHYSICAL TIME: 2025-03-04 19:14:19.29, MESSAGE QUEUE LENGTH: 0

2025-03-04 19:14:19,575 - INFO - EVENT: Receive Msg | SENDER: 3 | LOGICAL TIME: 209 | PHYSICAL TIME: 2025-03-04 19:14:19.00, MESSAGE QUEUE LENGTH: 3

2025-03-04 19:14:19,891 - INFO - EVENT: Receive Msg | SENDER: 3 | LOGICAL TIME: 210 | PHYSICAL TIME: 2025-03-04 19:14:19.00, MESSAGE QUEUE LENGTH: 2

2025-03-04 19:14:20,190 - INFO - EVENT: Receive Msg | SENDER: 2 | LOGICAL TIME: 211 | PHYSICAL TIME: 2025-03-04 19:14:19.00, MESSAGE QUEUE LENGTH: 2

2025-03-04 19:14:20,492 - INFO - EVENT: Receive Msg | SENDER: 2 | LOGICAL TIME: 212 | PHYSICAL TIME: 2025-03-04 19:14:19.00, MESSAGE QUEUE LENGTH: 1

2025-03-04 19:14:20,750 - INFO - EVENT: Receive Msg | SENDER: 2 | LOGICAL TIME: 213 | PHYSICAL TIME: 2025-03-04 19:14:20.00, MESSAGE QUEUE LENGTH: 1

2025-03-04 19:14:21,065 - INFO - EVENT: Internal Event | LOGICAL TIME: 214 | PHYSICAL TIME: 2025-03-04 19:14:21.06, MESSAGE QUEUE LENGTH: 0

2025-03-04 19:14:21,343 - INFO - EVENT: Internal Event | LOGICAL TIME: 215 | PHYSICAL TIME: 2025-03-04 19:14:21.34, MESSAGE QUEUE LENGTH: 0

2025-03-04 19:14:21,642 - INFO - EVENT: Internal Event | LOGICAL TIME: 216 | PHYSICAL TIME: 2025-03-04 19:14:21.64, MESSAGE QUEUE LENGTH: 0

2025-03-04 19:14:21,925 - INFO - EVENT: Receive Msg | SENDER: 2 | LOGICAL TIME: 218 | PHYSICAL TIME: 2025-03-04 19:14:21.00, MESSAGE QUEUE LENGTH: 1

2025-03-04 19:14:22,203 - INFO - EVENT: Internal Event | LOGICAL TIME: 219 | PHYSICAL TIME: 2025-03-04 19:14:22.20, MESSAGE QUEUE LENGTH: 0

2025-03-04 19:14:22,710 - INFO - EVENT: Send Msg | RECIPIENT: 2 and 3 | LOGICAL TIME: 220 | PHYSICAL TIME: 2025-03-04 19:14:22.71, MESSAGE QUEUE LENGTH: 0

2025-03-04 19:14:22,963 - INFO - EVENT: Internal Event | LOGICAL TIME: 221 | PHYSICAL TIME: 2025-03-04 19:14:22.96, MESSAGE QUEUE LENGTH: 0

2025-03-04 19:14:23,244 - INFO - EVENT: Internal Event | LOGICAL TIME: 222 | PHYSICAL TIME: 2025-03-04 19:14:23.24, MESSAGE QUEUE LENGTH: 0

2025-03-04 19:14:23,499 - INFO - EVENT: Receive Msg | SENDER: 2 | LOGICAL TIME: 226 | PHYSICAL TIME: 2025-03-04 19:14:23.00, MESSAGE QUEUE LENGTH: 1

2025-03-04 19:14:23,797 - INFO - EVENT: Internal Event | LOGICAL TIME: 227 | PHYSICAL TIME: 2025-03-04 19:14:23.79, MESSAGE QUEUE LENGTH: 0

2025-03-04 19:14:24,100 - INFO - EVENT: Internal Event | LOGICAL TIME: 228 | PHYSICAL TIME: 2025-03-04 19:14:24.10, MESSAGE QUEUE LENGTH: 0

2025-03-04 19:14:24,361 - INFO - EVENT: Internal Event | LOGICAL TIME: 229 | PHYSICAL TIME: 2025-03-04 19:14:24.36, MESSAGE QUEUE LENGTH: 0

2025-03-04 19:14:24,685 - INFO - EVENT: Receive Msg | SENDER: 3 | LOGICAL TIME: 233 | PHYSICAL TIME: 2025-03-04 19:14:24.00, MESSAGE QUEUE LENGTH: 1

2025-03-04 19:14:24,973 - INFO - EVENT: Internal Event | LOGICAL TIME: 234 | PHYSICAL TIME: 2025-03-04 19:14:24.97, MESSAGE QUEUE LENGTH: 0

2025-03-04 19:14:25,253 - INFO - EVENT: Internal Event | LOGICAL TIME: 235 | PHYSICAL TIME: 2025-03-04 19:14:25.25, MESSAGE QUEUE LENGTH: 0

2025-03-04 19:14:25,516 - INFO - EVENT: Internal Event | LOGICAL TIME: 236 | PHYSICAL TIME: 2025-03-04 19:14:25.51, MESSAGE QUEUE LENGTH: 0

2025-03-04 19:14:25,793 - INFO - EVENT: Internal Event | LOGICAL TIME: 237 | PHYSICAL TIME: 2025-03-04 19:14:25.79, MESSAGE QUEUE LENGTH: 0

2025-03-04 19:14:26,082 - INFO - EVENT: Send Msg | RECIPIENT: 2 | LOGICAL TIME: 238 | PHYSICAL TIME: 2025-03-04 19:14:26.08, MESSAGE QUEUE LENGTH: 0

2025-03-04 19:14:26,334 - INFO - EVENT: Send Msg | RECIPIENT: 2 and 3 | LOGICAL TIME: 239 | PHYSICAL TIME: 2025-03-04 19:14:26.33, MESSAGE QUEUE LENGTH: 0

2025-03-04 19:14:26,646 - INFO - EVENT: Send Msg | RECIPIENT: 2 | LOGICAL TIME: 240 | PHYSICAL TIME: 2025-03-04 19:14:26.64, MESSAGE QUEUE LENGTH: 0

2025-03-04 19:14:26,899 - INFO - EVENT: Send Msg | RECIPIENT: 3 | LOGICAL TIME: 241 | PHYSICAL TIME: 2025-03-04 19:14:26.89, MESSAGE QUEUE LENGTH: 0

2025-03-04 19:14:27,183 - INFO - EVENT: Internal Event | LOGICAL TIME: 242 | PHYSICAL TIME: 2025-03-04 19:14:27.18, MESSAGE QUEUE LENGTH: 0

2025-03-04 19:14:27,479 - INFO - EVENT: Internal Event | LOGICAL TIME: 243 | PHYSICAL TIME: 2025-03-04 19:14:27.47, MESSAGE QUEUE LENGTH: 0

2025-03-04 19:14:27,843 - INFO - EVENT: Internal Event | LOGICAL TIME: 244 | PHYSICAL TIME: 2025-03-04 19:14:27.84, MESSAGE QUEUE LENGTH: 0

2025-03-04 19:14:28,234 - INFO - EVENT: Receive Msg | SENDER: 2 | LOGICAL TIME: 247 | PHYSICAL TIME: 2025-03-04 19:14:27.00, MESSAGE QUEUE LENGTH: 2

2025-03-04 19:14:28,487 - INFO - EVENT: Receive Msg | SENDER: 2 | LOGICAL TIME: 249 | PHYSICAL TIME: 2025-03-04 19:14:28.00, MESSAGE QUEUE LENGTH: 1

2025-03-04 19:14:28,747 - INFO - EVENT: Receive Msg | SENDER: 3 | LOGICAL TIME: 254 | PHYSICAL TIME: 2025-03-04 19:14:28.00, MESSAGE QUEUE LENGTH: 2

2025-03-04 19:14:29,043 - INFO - EVENT: Receive Msg | SENDER: 2 | LOGICAL TIME: 255 | PHYSICAL TIME: 2025-03-04 19:14:28.00, MESSAGE QUEUE LENGTH: 3

2025-03-04 19:14:29,332 - INFO - EVENT: Receive Msg | SENDER: 3 | LOGICAL TIME: 256 | PHYSICAL TIME: 2025-03-04 19:14:28.00, MESSAGE QUEUE LENGTH: 2

2025-03-04 19:14:29,655 - INFO - EVENT: Receive Msg | SENDER: 2 | LOGICAL TIME: 257 | PHYSICAL TIME: 2025-03-04 19:14:28.00, MESSAGE QUEUE LENGTH: 1

2025-03-04 19:14:29,974 - INFO - EVENT: Receive Msg | SENDER: 3 | LOGICAL TIME: 259 | PHYSICAL TIME: 2025-03-04 19:14:29.00, MESSAGE QUEUE LENGTH: 1

2025-03-04 19:14:30,280 - INFO - EVENT: Send Msg | RECIPIENT: 2 | LOGICAL TIME: 260 | PHYSICAL TIME: 2025-03-04 19:14:30.28, MESSAGE QUEUE LENGTH: 0

2025-03-04 19:14:30,589 - INFO - EVENT: Send Msg | RECIPIENT: 2 | LOGICAL TIME: 261 | PHYSICAL TIME: 2025-03-04 19:14:30.58, MESSAGE QUEUE LENGTH: 0

2025-03-04 19:14:30,852 - INFO - EVENT: Internal Event | LOGICAL TIME: 262 | PHYSICAL TIME: 2025-03-04 19:14:30.85, MESSAGE QUEUE LENGTH: 0

2025-03-04 19:14:31,104 - INFO - EVENT: Internal Event | LOGICAL TIME: 263 | PHYSICAL TIME: 2025-03-04 19:14:31.10, MESSAGE QUEUE LENGTH: 0

2025-03-04 19:14:31,357 - INFO - EVENT: Internal Event | LOGICAL TIME: 264 | PHYSICAL TIME: 2025-03-04 19:14:31.35, MESSAGE QUEUE LENGTH: 0

2025-03-04 19:14:31,667 - INFO - EVENT: Internal Event | LOGICAL TIME: 265 | PHYSICAL TIME: 2025-03-04 19:14:31.66, MESSAGE QUEUE LENGTH: 0

2025-03-04 19:14:31,962 - INFO - EVENT: Receive Msg | SENDER: 3 | LOGICAL TIME: 271 | PHYSICAL TIME: 2025-03-04 19:14:31.00, MESSAGE QUEUE LENGTH: 1

2025-03-04 19:14:32,215 - INFO - EVENT: Internal Event | LOGICAL TIME: 272 | PHYSICAL TIME: 2025-03-04 19:14:32.21, MESSAGE QUEUE LENGTH: 0

2025-03-04 19:14:32,532 - INFO - EVENT: Internal Event | LOGICAL TIME: 273 | PHYSICAL TIME: 2025-03-04 19:14:32.53, MESSAGE QUEUE LENGTH: 0

2025-03-04 19:14:32,902 - INFO - EVENT: Internal Event | LOGICAL TIME: 274 | PHYSICAL TIME: 2025-03-04 19:14:32.90, MESSAGE QUEUE LENGTH: 0

2025-03-04 19:14:33,186 - INFO - EVENT: Receive Msg | SENDER: 3 | LOGICAL TIME: 275 | PHYSICAL TIME: 2025-03-04 19:14:32.00, MESSAGE QUEUE LENGTH: 1

2025-03-04 19:14:33,483 - INFO - EVENT: Receive Msg | SENDER: 3 | LOGICAL TIME: 278 | PHYSICAL TIME: 2025-03-04 19:14:33.00, MESSAGE QUEUE LENGTH: 1

2025-03-04 19:14:33,791 - INFO - EVENT: Receive Msg | SENDER: 3 | LOGICAL TIME: 280 | PHYSICAL TIME: 2025-03-04 19:14:33.00, MESSAGE QUEUE LENGTH: 1

2025-03-04 19:14:34,069 - INFO - EVENT: Send Msg | RECIPIENT: 2 | LOGICAL TIME: 281 | PHYSICAL TIME: 2025-03-04 19:14:34.06, MESSAGE QUEUE LENGTH: 0

2025-03-04 19:14:34,322 - INFO - EVENT: Receive Msg | SENDER: 2 | LOGICAL TIME: 282 | PHYSICAL TIME: 2025-03-04 19:14:34.00, MESSAGE QUEUE LENGTH: 1

2025-03-04 19:14:34,602 - INFO - EVENT: Send Msg | RECIPIENT: 3 | LOGICAL TIME: 283 | PHYSICAL TIME: 2025-03-04 19:14:34.60, MESSAGE QUEUE LENGTH: 0

2025-03-04 19:14:34,888 - INFO - EVENT: Send Msg | RECIPIENT: 2 and 3 | LOGICAL TIME: 284 | PHYSICAL TIME: 2025-03-04 19:14:34.88, MESSAGE QUEUE LENGTH: 0

2025-03-04 19:14:35,203 - INFO - EVENT: Internal Event | LOGICAL TIME: 285 | PHYSICAL TIME: 2025-03-04 19:14:35.20, MESSAGE QUEUE LENGTH: 0

2025-03-04 19:14:35,593 - INFO - EVENT: Receive Msg | SENDER: 2 | LOGICAL TIME: 288 | PHYSICAL TIME: 2025-03-04 19:14:35.00, MESSAGE QUEUE LENGTH: 1

2025-03-04 19:14:35,874 - INFO - EVENT: Receive Msg | SENDER: 2 | LOGICAL TIME: 289 | PHYSICAL TIME: 2025-03-04 19:14:35.00, MESSAGE QUEUE LENGTH: 1

2025-03-04 19:14:36,139 - INFO - EVENT: Send Msg | RECIPIENT: 2 | LOGICAL TIME: 290 | PHYSICAL TIME: 2025-03-04 19:14:36.13, MESSAGE QUEUE LENGTH: 0

2025-03-04 19:14:36,420 - INFO - EVENT: Internal Event | LOGICAL TIME: 291 | PHYSICAL TIME: 2025-03-04 19:14:36.42, MESSAGE QUEUE LENGTH: 0

2025-03-04 19:14:36,689 - INFO - EVENT: Receive Msg | SENDER: 3 | LOGICAL TIME: 294 | PHYSICAL TIME: 2025-03-04 19:14:36.00, MESSAGE QUEUE LENGTH: 2

2025-03-04 19:14:36,969 - INFO - EVENT: Receive Msg | SENDER: 3 | LOGICAL TIME: 295 | PHYSICAL TIME: 2025-03-04 19:14:36.00, MESSAGE QUEUE LENGTH: 1

2025-03-04 19:14:37,222 - INFO - EVENT: Send Msg | RECIPIENT: 2 and 3 | LOGICAL TIME: 296 | PHYSICAL TIME: 2025-03-04 19:14:37.22, MESSAGE QUEUE LENGTH: 0

2025-03-04 19:14:37,503 - INFO - EVENT: Internal Event | LOGICAL TIME: 297 | PHYSICAL TIME: 2025-03-04 19:14:37.50, MESSAGE QUEUE LENGTH: 0

2025-03-04 19:14:37,770 - INFO - EVENT: Receive Msg | SENDER: 3 | LOGICAL TIME: 300 | PHYSICAL TIME: 2025-03-04 19:14:37.00, MESSAGE QUEUE LENGTH: 2

2025-03-04 19:14:38,079 - INFO - EVENT: Receive Msg | SENDER: 2 | LOGICAL TIME: 301 | PHYSICAL TIME: 2025-03-04 19:14:37.00, MESSAGE QUEUE LENGTH: 2

2025-03-04 19:14:38,410 - INFO - EVENT: Receive Msg | SENDER: 3 | LOGICAL TIME: 302 | PHYSICAL TIME: 2025-03-04 19:14:37.00, MESSAGE QUEUE LENGTH: 1

2025-03-04 19:14:38,690 - INFO - EVENT: Internal Event | LOGICAL TIME: 303 | PHYSICAL TIME: 2025-03-04 19:14:38.69, MESSAGE QUEUE LENGTH: 0

2025-03-04 19:14:38,973 - INFO - EVENT: Internal Event | LOGICAL TIME: 304 | PHYSICAL TIME: 2025-03-04 19:14:38.97, MESSAGE QUEUE LENGTH: 0

2025-03-04 19:14:39,226 - INFO - EVENT: Receive Msg | SENDER: 3 | LOGICAL TIME: 308 | PHYSICAL TIME: 2025-03-04 19:14:39.00, MESSAGE QUEUE LENGTH: 1

2025-03-04 19:14:39,483 - INFO - EVENT: Internal Event | LOGICAL TIME: 309 | PHYSICAL TIME: 2025-03-04 19:14:39.48, MESSAGE QUEUE LENGTH: 0

2025-03-04 19:14:39,743 - INFO - EVENT: Receive Msg | SENDER: 3 | LOGICAL TIME: 310 | PHYSICAL TIME: 2025-03-04 19:14:39.00, MESSAGE QUEUE LENGTH: 2

2025-03-04 19:14:40,034 - INFO - EVENT: Receive Msg | SENDER: 2 | LOGICAL TIME: 311 | PHYSICAL TIME: 2025-03-04 19:14:39.00, MESSAGE QUEUE LENGTH: 1

2025-03-04 19:14:40,308 - INFO - EVENT: Internal Event | LOGICAL TIME: 312 | PHYSICAL TIME: 2025-03-04 19:14:40.30, MESSAGE QUEUE LENGTH: 0

2025-03-04 19:14:40,561 - INFO - EVENT: Receive Msg | SENDER: 2 | LOGICAL TIME: 313 | PHYSICAL TIME: 2025-03-04 19:14:40.00, MESSAGE QUEUE LENGTH: 1

2025-03-04 19:14:40,892 - INFO - EVENT: Send Msg | RECIPIENT: 2 and 3 | LOGICAL TIME: 314 | PHYSICAL TIME: 2025-03-04 19:14:40.89, MESSAGE QUEUE LENGTH: 0

