2025-03-04 19:13:35,200 - INFO - Clock rate for client 3: 6 events per second
2025-03-04 19:13:35,835 - INFO - EVENT: Receive Msg | SENDER: 2 | LOGICAL TIME: 1 | PHYSICAL TIME: 2025-03-04 19:13:35.00, MESSAGE QUEUE LENGTH: 1

2025-03-04 19:13:36,017 - INFO - EVENT: Receive Msg | SENDER: 2 | LOGICAL TIME: 2 | PHYSICAL TIME: 2025-03-04 19:13:35.00, MESSAGE QUEUE LENGTH: 1

2025-03-04 19:13:36,205 - INFO - EVENT: Send Msg | RECIPIENT: 2 | LOGICAL TIME: 3 | PHYSICAL TIME: 2025-03-04 19:13:36.20, MESSAGE QUEUE LENGTH: 0

2025-03-04 19:13:36,399 - INFO - EVENT: Receive Msg | SENDER: 1 | LOGICAL TIME: 4 | PHYSICAL TIME: 2025-03-04 19:13:36.00, MESSAGE QUEUE LENGTH: 1

2025-03-04 19:13:36,591 - INFO - EVENT: Internal Event | LOGICAL TIME: 5 | PHYSICAL TIME: 2025-03-04 19:13:36.59, MESSAGE QUEUE LENGTH: 0

2025-03-04 19:13:36,784 - INFO - EVENT: Send Msg | RECIPIENT: 2 | LOGICAL TIME: 6 | PHYSICAL TIME: 2025-03-04 19:13:36.78, MESSAGE QUEUE LENGTH: 0

2025-03-04 19:13:37,020 - INFO - EVENT: Internal Event | LOGICAL TIME: 7 | PHYSICAL TIME: 2025-03-04 19:13:37.02, MESSAGE QUEUE LENGTH: 0

2025-03-04 19:13:37,189 - INFO - EVENT: Receive Msg | SENDER: 2 | LOGICAL TIME: 8 | PHYSICAL TIME: 2025-03-04 19:13:36.00, MESSAGE QUEUE LENGTH: 1

2025-03-04 19:13:37,358 - INFO - EVENT: Send Msg | RECIPIENT: 1 and 2 | LOGICAL TIME: 9 | PHYSICAL TIME: 2025-03-04 19:13:37.35, MESSAGE QUEUE LENGTH: 0

2025-03-04 19:13:37,526 - INFO - EVENT: Send Msg | RECIPIENT: 2 | LOGICAL TIME: 10 | PHYSICAL TIME: 2025-03-04 19:13:37.52, MESSAGE QUEUE LENGTH: 0

2025-03-04 19:13:37,902 - INFO - EVENT: Internal Event | LOGICAL TIME: 11 | PHYSICAL TIME: 2025-03-04 19:13:37.90, MESSAGE QUEUE LENGTH: 0

2025-03-04 19:13:38,089 - INFO - EVENT: Internal Event | LOGICAL TIME: 12 | PHYSICAL TIME: 2025-03-04 19:13:38.08, MESSAGE QUEUE LENGTH: 0

2025-03-04 19:13:38,258 - INFO - EVENT: Internal Event | LOGICAL TIME: 13 | PHYSICAL TIME: 2025-03-04 19:13:38.25, MESSAGE QUEUE LENGTH: 0

2025-03-04 19:13:38,460 - INFO - EVENT: Internal Event | LOGICAL TIME: 14 | PHYSICAL TIME: 2025-03-04 19:13:38.46, MESSAGE QUEUE LENGTH: 0

2025-03-04 19:13:38,706 - INFO - EVENT: Send Msg | RECIPIENT: 2 | LOGICAL TIME: 15 | PHYSICAL TIME: 2025-03-04 19:13:38.70, MESSAGE QUEUE LENGTH: 0

2025-03-04 19:13:38,890 - INFO - EVENT: Internal Event | LOGICAL TIME: 16 | PHYSICAL TIME: 2025-03-04 19:13:38.89, MESSAGE QUEUE LENGTH: 0

2025-03-04 19:13:39,106 - INFO - EVENT: Internal Event | LOGICAL TIME: 17 | PHYSICAL TIME: 2025-03-04 19:13:39.10, MESSAGE QUEUE LENGTH: 0

2025-03-04 19:13:39,344 - INFO - EVENT: Internal Event | LOGICAL TIME: 18 | PHYSICAL TIME: 2025-03-04 19:13:39.34, MESSAGE QUEUE LENGTH: 0

2025-03-04 19:13:39,684 - INFO - EVENT: Receive Msg | SENDER: 1 | LOGICAL TIME: 19 | PHYSICAL TIME: 2025-03-04 19:13:39.00, MESSAGE QUEUE LENGTH: 1

2025-03-04 19:13:39,900 - INFO - EVENT: Internal Event | LOGICAL TIME: 20 | PHYSICAL TIME: 2025-03-04 19:13:39.90, MESSAGE QUEUE LENGTH: 0

2025-03-04 19:13:40,126 - INFO - EVENT: Send Msg | RECIPIENT: 2 | LOGICAL TIME: 21 | PHYSICAL TIME: 2025-03-04 19:13:40.12, MESSAGE QUEUE LENGTH: 0

2025-03-04 19:13:40,295 - INFO - EVENT: Internal Event | LOGICAL TIME: 22 | PHYSICAL TIME: 2025-03-04 19:13:40.29, MESSAGE QUEUE LENGTH: 0

2025-03-04 19:13:40,609 - INFO - EVENT: Send Msg | RECIPIENT: 2 | LOGICAL TIME: 23 | PHYSICAL TIME: 2025-03-04 19:13:40.60, MESSAGE QUEUE LENGTH: 0

2025-03-04 19:13:40,817 - INFO - EVENT: Internal Event | LOGICAL TIME: 24 | PHYSICAL TIME: 2025-03-04 19:13:40.81, MESSAGE QUEUE LENGTH: 0

2025-03-04 19:13:40,987 - INFO - EVENT: Receive Msg | SENDER: 1 | LOGICAL TIME: 25 | PHYSICAL TIME: 2025-03-04 19:13:40.00, MESSAGE QUEUE LENGTH: 1

2025-03-04 19:13:41,158 - INFO - EVENT: Send Msg | RECIPIENT: 1 | LOGICAL TIME: 26 | PHYSICAL TIME: 2025-03-04 19:13:41.15, MESSAGE QUEUE LENGTH: 0

2025-03-04 19:13:41,423 - INFO - EVENT: Internal Event | LOGICAL TIME: 27 | PHYSICAL TIME: 2025-03-04 19:13:41.42, MESSAGE QUEUE LENGTH: 0

2025-03-04 19:13:41,593 - INFO - EVENT: Receive Msg | SENDER: 2 | LOGICAL TIME: 28 | PHYSICAL TIME: 2025-03-04 19:13:41.00, MESSAGE QUEUE LENGTH: 1

2025-03-04 19:13:41,820 - INFO - EVENT: Send Msg | RECIPIENT: 1 | LOGICAL TIME: 29 | PHYSICAL TIME: 2025-03-04 19:13:41.82, MESSAGE QUEUE LENGTH: 0

2025-03-04 19:13:42,004 - INFO - EVENT: Internal Event | LOGICAL TIME: 30 | PHYSICAL TIME: 2025-03-04 19:13:42.00, MESSAGE QUEUE LENGTH: 0

2025-03-04 19:13:42,234 - INFO - EVENT: Internal Event | LOGICAL TIME: 31 | PHYSICAL TIME: 2025-03-04 19:13:42.23, MESSAGE QUEUE LENGTH: 0

2025-03-04 19:13:42,464 - INFO - EVENT: Receive Msg | SENDER: 1 | LOGICAL TIME: 32 | PHYSICAL TIME: 2025-03-04 19:13:42.00, MESSAGE QUEUE LENGTH: 1

2025-03-04 19:13:42,733 - INFO - EVENT: Send Msg | RECIPIENT: 1 and 2 | LOGICAL TIME: 33 | PHYSICAL TIME: 2025-03-04 19:13:42.73, MESSAGE QUEUE LENGTH: 0

2025-03-04 19:13:42,961 - INFO - EVENT: Internal Event | LOGICAL TIME: 34 | PHYSICAL TIME: 2025-03-04 19:13:42.96, MESSAGE QUEUE LENGTH: 0

2025-03-04 19:13:43,180 - INFO - EVENT: Internal Event | LOGICAL TIME: 35 | PHYSICAL TIME: 2025-03-04 19:13:43.18, MESSAGE QUEUE LENGTH: 0

2025-03-04 19:13:43,363 - INFO - EVENT: Internal Event | LOGICAL TIME: 36 | PHYSICAL TIME: 2025-03-04 19:13:43.36, MESSAGE QUEUE LENGTH: 0

2025-03-04 19:13:43,567 - INFO - EVENT: Internal Event | LOGICAL TIME: 37 | PHYSICAL TIME: 2025-03-04 19:13:43.56, MESSAGE QUEUE LENGTH: 0

2025-03-04 19:13:43,740 - INFO - EVENT: Internal Event | LOGICAL TIME: 38 | PHYSICAL TIME: 2025-03-04 19:13:43.74, MESSAGE QUEUE LENGTH: 0

2025-03-04 19:13:44,026 - INFO - EVENT: Internal Event | LOGICAL TIME: 39 | PHYSICAL TIME: 2025-03-04 19:13:44.02, MESSAGE QUEUE LENGTH: 0

2025-03-04 19:13:44,311 - INFO - EVENT: Receive Msg | SENDER: 2 | LOGICAL TIME: 40 | PHYSICAL TIME: 2025-03-04 19:13:43.00, MESSAGE QUEUE LENGTH: 2

2025-03-04 19:13:44,494 - INFO - EVENT: Receive Msg | SENDER: 1 | LOGICAL TIME: 41 | PHYSICAL TIME: 2025-03-04 19:13:44.00, MESSAGE QUEUE LENGTH: 1

2025-03-04 19:13:44,666 - INFO - EVENT: Internal Event | LOGICAL TIME: 42 | PHYSICAL TIME: 2025-03-04 19:13:44.66, MESSAGE QUEUE LENGTH: 0

2025-03-04 19:13:44,878 - INFO - EVENT: Send Msg | RECIPIENT: 1 | LOGICAL TIME: 43 | PHYSICAL TIME: 2025-03-04 19:13:44.87, MESSAGE QUEUE LENGTH: 0

2025-03-04 19:13:45,072 - INFO - EVENT: Internal Event | LOGICAL TIME: 44 | PHYSICAL TIME: 2025-03-04 19:13:45.07, MESSAGE QUEUE LENGTH: 0

2025-03-04 19:13:45,246 - INFO - EVENT: Internal Event | LOGICAL TIME: 45 | PHYSICAL TIME: 2025-03-04 19:13:45.24, MESSAGE QUEUE LENGTH: 0

2025-03-04 19:13:45,437 - INFO - EVENT: Internal Event | LOGICAL TIME: 46 | PHYSICAL TIME: 2025-03-04 19:13:45.43, MESSAGE QUEUE LENGTH: 0

2025-03-04 19:13:45,625 - INFO - EVENT: Send Msg | RECIPIENT: 1 and 2 | LOGICAL TIME: 47 | PHYSICAL TIME: 2025-03-04 19:13:45.62, MESSAGE QUEUE LENGTH: 0

2025-03-04 19:13:45,797 - INFO - EVENT: Send Msg | RECIPIENT: 1 | LOGICAL TIME: 48 | PHYSICAL TIME: 2025-03-04 19:13:45.79, MESSAGE QUEUE LENGTH: 0

2025-03-04 19:13:45,976 - INFO - EVENT: Internal Event | LOGICAL TIME: 49 | PHYSICAL TIME: 2025-03-04 19:13:45.97, MESSAGE QUEUE LENGTH: 0

2025-03-04 19:13:46,148 - INFO - EVENT: Internal Event | LOGICAL TIME: 50 | PHYSICAL TIME: 2025-03-04 19:13:46.14, MESSAGE QUEUE LENGTH: 0

2025-03-04 19:13:46,395 - INFO - EVENT: Send Msg | RECIPIENT: 1 | LOGICAL TIME: 51 | PHYSICAL TIME: 2025-03-04 19:13:46.39, MESSAGE QUEUE LENGTH: 0

2025-03-04 19:13:46,579 - INFO - EVENT: Send Msg | RECIPIENT: 1 and 2 | LOGICAL TIME: 52 | PHYSICAL TIME: 2025-03-04 19:13:46.57, MESSAGE QUEUE LENGTH: 0

2025-03-04 19:13:46,796 - INFO - EVENT: Internal Event | LOGICAL TIME: 53 | PHYSICAL TIME: 2025-03-04 19:13:46.79, MESSAGE QUEUE LENGTH: 0

2025-03-04 19:13:46,982 - INFO - EVENT: Send Msg | RECIPIENT: 1 and 2 | LOGICAL TIME: 54 | PHYSICAL TIME: 2025-03-04 19:13:46.98, MESSAGE QUEUE LENGTH: 0

2025-03-04 19:13:47,150 - INFO - EVENT: Send Msg | RECIPIENT: 2 | LOGICAL TIME: 55 | PHYSICAL TIME: 2025-03-04 19:13:47.15, MESSAGE QUEUE LENGTH: 0

2025-03-04 19:13:47,453 - INFO - EVENT: Internal Event | LOGICAL TIME: 56 | PHYSICAL TIME: 2025-03-04 19:13:47.45, MESSAGE QUEUE LENGTH: 0

2025-03-04 19:13:47,731 - INFO - EVENT: Internal Event | LOGICAL TIME: 57 | PHYSICAL TIME: 2025-03-04 19:13:47.73, MESSAGE QUEUE LENGTH: 0

2025-03-04 19:13:47,928 - INFO - EVENT: Internal Event | LOGICAL TIME: 58 | PHYSICAL TIME: 2025-03-04 19:13:47.92, MESSAGE QUEUE LENGTH: 0

2025-03-04 19:13:48,099 - INFO - EVENT: Internal Event | LOGICAL TIME: 59 | PHYSICAL TIME: 2025-03-04 19:13:48.09, MESSAGE QUEUE LENGTH: 0

2025-03-04 19:13:48,382 - INFO - EVENT: Internal Event | LOGICAL TIME: 60 | PHYSICAL TIME: 2025-03-04 19:13:48.38, MESSAGE QUEUE LENGTH: 0

2025-03-04 19:13:48,566 - INFO - EVENT: Internal Event | LOGICAL TIME: 61 | PHYSICAL TIME: 2025-03-04 19:13:48.56, MESSAGE QUEUE LENGTH: 0

2025-03-04 19:13:48,782 - INFO - EVENT: Internal Event | LOGICAL TIME: 62 | PHYSICAL TIME: 2025-03-04 19:13:48.78, MESSAGE QUEUE LENGTH: 0

2025-03-04 19:13:48,998 - INFO - EVENT: Internal Event | LOGICAL TIME: 63 | PHYSICAL TIME: 2025-03-04 19:13:48.99, MESSAGE QUEUE LENGTH: 0

2025-03-04 19:13:49,180 - INFO - EVENT: Receive Msg | SENDER: 2 | LOGICAL TIME: 64 | PHYSICAL TIME: 2025-03-04 19:13:48.00, MESSAGE QUEUE LENGTH: 1

2025-03-04 19:13:49,352 - INFO - EVENT: Internal Event | LOGICAL TIME: 65 | PHYSICAL TIME: 2025-03-04 19:13:49.35, MESSAGE QUEUE LENGTH: 0

2025-03-04 19:13:49,657 - INFO - EVENT: Receive Msg | SENDER: 1 | LOGICAL TIME: 66 | PHYSICAL TIME: 2025-03-04 19:13:49.00, MESSAGE QUEUE LENGTH: 1

2025-03-04 19:13:49,829 - INFO - EVENT: Receive Msg | SENDER: 2 | LOGICAL TIME: 67 | PHYSICAL TIME: 2025-03-04 19:13:49.00, MESSAGE QUEUE LENGTH: 1

2025-03-04 19:13:50,002 - INFO - EVENT: Send Msg | RECIPIENT: 1 | LOGICAL TIME: 68 | PHYSICAL TIME: 2025-03-04 19:13:50.00, MESSAGE QUEUE LENGTH: 0

2025-03-04 19:13:50,174 - INFO - EVENT: Internal Event | LOGICAL TIME: 69 | PHYSICAL TIME: 2025-03-04 19:13:50.17, MESSAGE QUEUE LENGTH: 0

2025-03-04 19:13:50,351 - INFO - EVENT: Internal Event | LOGICAL TIME: 70 | PHYSICAL TIME: 2025-03-04 19:13:50.35, MESSAGE QUEUE LENGTH: 0

2025-03-04 19:13:50,568 - INFO - EVENT: Internal Event | LOGICAL TIME: 71 | PHYSICAL TIME: 2025-03-04 19:13:50.56, MESSAGE QUEUE LENGTH: 0

2025-03-04 19:13:50,807 - INFO - EVENT: Internal Event | LOGICAL TIME: 72 | PHYSICAL TIME: 2025-03-04 19:13:50.80, MESSAGE QUEUE LENGTH: 0

2025-03-04 19:13:51,060 - INFO - EVENT: Internal Event | LOGICAL TIME: 73 | PHYSICAL TIME: 2025-03-04 19:13:51.06, MESSAGE QUEUE LENGTH: 0

2025-03-04 19:13:51,350 - INFO - EVENT: Send Msg | RECIPIENT: 1 | LOGICAL TIME: 74 | PHYSICAL TIME: 2025-03-04 19:13:51.35, MESSAGE QUEUE LENGTH: 0

2025-03-04 19:13:51,601 - INFO - EVENT: Internal Event | LOGICAL TIME: 75 | PHYSICAL TIME: 2025-03-04 19:13:51.60, MESSAGE QUEUE LENGTH: 0

2025-03-04 19:13:51,833 - INFO - EVENT: Internal Event | LOGICAL TIME: 76 | PHYSICAL TIME: 2025-03-04 19:13:51.83, MESSAGE QUEUE LENGTH: 0

2025-03-04 19:13:52,053 - INFO - EVENT: Send Msg | RECIPIENT: 1 | LOGICAL TIME: 77 | PHYSICAL TIME: 2025-03-04 19:13:52.05, MESSAGE QUEUE LENGTH: 0

2025-03-04 19:13:52,278 - INFO - EVENT: Send Msg | RECIPIENT: 2 | LOGICAL TIME: 78 | PHYSICAL TIME: 2025-03-04 19:13:52.27, MESSAGE QUEUE LENGTH: 0

2025-03-04 19:13:52,468 - INFO - EVENT: Internal Event | LOGICAL TIME: 79 | PHYSICAL TIME: 2025-03-04 19:13:52.46, MESSAGE QUEUE LENGTH: 0

2025-03-04 19:13:52,665 - INFO - EVENT: Internal Event | LOGICAL TIME: 80 | PHYSICAL TIME: 2025-03-04 19:13:52.66, MESSAGE QUEUE LENGTH: 0

2025-03-04 19:13:52,869 - INFO - EVENT: Receive Msg | SENDER: 1 | LOGICAL TIME: 81 | PHYSICAL TIME: 2025-03-04 19:13:52.00, MESSAGE QUEUE LENGTH: 1

2025-03-04 19:13:53,173 - INFO - EVENT: Receive Msg | SENDER: 1 | LOGICAL TIME: 82 | PHYSICAL TIME: 2025-03-04 19:13:52.00, MESSAGE QUEUE LENGTH: 1

2025-03-04 19:13:53,371 - INFO - EVENT: Internal Event | LOGICAL TIME: 83 | PHYSICAL TIME: 2025-03-04 19:13:53.37, MESSAGE QUEUE LENGTH: 0

2025-03-04 19:13:53,550 - INFO - EVENT: Send Msg | RECIPIENT: 1 | LOGICAL TIME: 84 | PHYSICAL TIME: 2025-03-04 19:13:53.55, MESSAGE QUEUE LENGTH: 0

2025-03-04 19:13:53,718 - INFO - EVENT: Internal Event | LOGICAL TIME: 85 | PHYSICAL TIME: 2025-03-04 19:13:53.71, MESSAGE QUEUE LENGTH: 0

2025-03-04 19:13:53,904 - INFO - EVENT: Internal Event | LOGICAL TIME: 86 | PHYSICAL TIME: 2025-03-04 19:13:53.90, MESSAGE QUEUE LENGTH: 0

2025-03-04 19:13:54,119 - INFO - EVENT: Internal Event | LOGICAL TIME: 87 | PHYSICAL TIME: 2025-03-04 19:13:54.11, MESSAGE QUEUE LENGTH: 0

2025-03-04 19:13:54,383 - INFO - EVENT: Internal Event | LOGICAL TIME: 88 | PHYSICAL TIME: 2025-03-04 19:13:54.38, MESSAGE QUEUE LENGTH: 0

2025-03-04 19:13:54,563 - INFO - EVENT: Internal Event | LOGICAL TIME: 89 | PHYSICAL TIME: 2025-03-04 19:13:54.56, MESSAGE QUEUE LENGTH: 0

2025-03-04 19:13:54,865 - INFO - EVENT: Internal Event | LOGICAL TIME: 90 | PHYSICAL TIME: 2025-03-04 19:13:54.86, MESSAGE QUEUE LENGTH: 0

2025-03-04 19:13:55,035 - INFO - EVENT: Internal Event | LOGICAL TIME: 91 | PHYSICAL TIME: 2025-03-04 19:13:55.03, MESSAGE QUEUE LENGTH: 0

2025-03-04 19:13:55,238 - INFO - EVENT: Send Msg | RECIPIENT: 2 | LOGICAL TIME: 92 | PHYSICAL TIME: 2025-03-04 19:13:55.23, MESSAGE QUEUE LENGTH: 0

2025-03-04 19:13:55,430 - INFO - EVENT: Internal Event | LOGICAL TIME: 93 | PHYSICAL TIME: 2025-03-04 19:13:55.43, MESSAGE QUEUE LENGTH: 0

2025-03-04 19:13:55,613 - INFO - EVENT: Send Msg | RECIPIENT: 1 | LOGICAL TIME: 94 | PHYSICAL TIME: 2025-03-04 19:13:55.61, MESSAGE QUEUE LENGTH: 0

2025-03-04 19:13:55,784 - INFO - EVENT: Receive Msg | SENDER: 1 | LOGICAL TIME: 95 | PHYSICAL TIME: 2025-03-04 19:13:55.00, MESSAGE QUEUE LENGTH: 1

2025-03-04 19:13:55,983 - INFO - EVENT: Internal Event | LOGICAL TIME: 96 | PHYSICAL TIME: 2025-03-04 19:13:55.98, MESSAGE QUEUE LENGTH: 0

2025-03-04 19:13:56,269 - INFO - EVENT: Send Msg | RECIPIENT: 1 | LOGICAL TIME: 97 | PHYSICAL TIME: 2025-03-04 19:13:56.26, MESSAGE QUEUE LENGTH: 0

2025-03-04 19:13:56,481 - INFO - EVENT: Receive Msg | SENDER: 2 | LOGICAL TIME: 98 | PHYSICAL TIME: 2025-03-04 19:13:56.00, MESSAGE QUEUE LENGTH: 1

2025-03-04 19:13:56,674 - INFO - EVENT: Internal Event | LOGICAL TIME: 99 | PHYSICAL TIME: 2025-03-04 19:13:56.67, MESSAGE QUEUE LENGTH: 0

2025-03-04 19:13:56,856 - INFO - EVENT: Receive Msg | SENDER: 2 | LOGICAL TIME: 100 | PHYSICAL TIME: 2025-03-04 19:13:56.00, MESSAGE QUEUE LENGTH: 1

2025-03-04 19:13:57,025 - INFO - EVENT: Receive Msg | SENDER: 2 | LOGICAL TIME: 101 | PHYSICAL TIME: 2025-03-04 19:13:56.00, MESSAGE QUEUE LENGTH: 1

2025-03-04 19:13:57,212 - INFO - EVENT: Send Msg | RECIPIENT: 1 | LOGICAL TIME: 102 | PHYSICAL TIME: 2025-03-04 19:13:57.21, MESSAGE QUEUE LENGTH: 0

2025-03-04 19:13:57,442 - INFO - EVENT: Internal Event | LOGICAL TIME: 103 | PHYSICAL TIME: 2025-03-04 19:13:57.44, MESSAGE QUEUE LENGTH: 0

2025-03-04 19:13:57,731 - INFO - EVENT: Receive Msg | SENDER: 2 | LOGICAL TIME: 104 | PHYSICAL TIME: 2025-03-04 19:13:57.00, MESSAGE QUEUE LENGTH: 1

2025-03-04 19:13:57,955 - INFO - EVENT: Send Msg | RECIPIENT: 1 and 2 | LOGICAL TIME: 105 | PHYSICAL TIME: 2025-03-04 19:13:57.95, MESSAGE QUEUE LENGTH: 0

2025-03-04 19:13:58,138 - INFO - EVENT: Send Msg | RECIPIENT: 1 | LOGICAL TIME: 106 | PHYSICAL TIME: 2025-03-04 19:13:58.13, MESSAGE QUEUE LENGTH: 0

2025-03-04 19:13:58,386 - INFO - EVENT: Internal Event | LOGICAL TIME: 107 | PHYSICAL TIME: 2025-03-04 19:13:58.38, MESSAGE QUEUE LENGTH: 0

2025-03-04 19:13:58,555 - INFO - EVENT: Send Msg | RECIPIENT: 1 and 2 | LOGICAL TIME: 108 | PHYSICAL TIME: 2025-03-04 19:13:58.55, MESSAGE QUEUE LENGTH: 0

2025-03-04 19:13:58,886 - INFO - EVENT: Receive Msg | SENDER: 2 | LOGICAL TIME: 109 | PHYSICAL TIME: 2025-03-04 19:13:58.00, MESSAGE QUEUE LENGTH: 1

2025-03-04 19:13:59,112 - INFO - EVENT: Internal Event | LOGICAL TIME: 110 | PHYSICAL TIME: 2025-03-04 19:13:59.11, MESSAGE QUEUE LENGTH: 0

2025-03-04 19:13:59,374 - INFO - EVENT: Internal Event | LOGICAL TIME: 111 | PHYSICAL TIME: 2025-03-04 19:13:59.37, MESSAGE QUEUE LENGTH: 0

2025-03-04 19:13:59,592 - INFO - EVENT: Internal Event | LOGICAL TIME: 112 | PHYSICAL TIME: 2025-03-04 19:13:59.59, MESSAGE QUEUE LENGTH: 0

2025-03-04 19:13:59,795 - INFO - EVENT: Receive Msg | SENDER: 2 | LOGICAL TIME: 113 | PHYSICAL TIME: 2025-03-04 19:13:59.00, MESSAGE QUEUE LENGTH: 1

2025-03-04 19:13:59,984 - INFO - EVENT: Receive Msg | SENDER: 2 | LOGICAL TIME: 114 | PHYSICAL TIME: 2025-03-04 19:13:59.00, MESSAGE QUEUE LENGTH: 1

2025-03-04 19:14:00,153 - INFO - EVENT: Internal Event | LOGICAL TIME: 115 | PHYSICAL TIME: 2025-03-04 19:14:00.15, MESSAGE QUEUE LENGTH: 0

2025-03-04 19:14:00,388 - INFO - EVENT: Internal Event | LOGICAL TIME: 116 | PHYSICAL TIME: 2025-03-04 19:14:00.38, MESSAGE QUEUE LENGTH: 0

2025-03-04 19:14:00,592 - INFO - EVENT: Internal Event | LOGICAL TIME: 117 | PHYSICAL TIME: 2025-03-04 19:14:00.59, MESSAGE QUEUE LENGTH: 0

2025-03-04 19:14:00,761 - INFO - EVENT: Send Msg | RECIPIENT: 1 and 2 | LOGICAL TIME: 118 | PHYSICAL TIME: 2025-03-04 19:14:00.76, MESSAGE QUEUE LENGTH: 0

2025-03-04 19:14:00,944 - INFO - EVENT: Send Msg | RECIPIENT: 2 | LOGICAL TIME: 119 | PHYSICAL TIME: 2025-03-04 19:14:00.94, MESSAGE QUEUE LENGTH: 0

2025-03-04 19:14:01,125 - INFO - EVENT: Internal Event | LOGICAL TIME: 120 | PHYSICAL TIME: 2025-03-04 19:14:01.12, MESSAGE QUEUE LENGTH: 0

2025-03-04 19:14:01,359 - INFO - EVENT: Internal Event | LOGICAL TIME: 121 | PHYSICAL TIME: 2025-03-04 19:14:01.35, MESSAGE QUEUE LENGTH: 0

2025-03-04 19:14:01,537 - INFO - EVENT: Internal Event | LOGICAL TIME: 122 | PHYSICAL TIME: 2025-03-04 19:14:01.53, MESSAGE QUEUE LENGTH: 0

2025-03-04 19:14:01,707 - INFO - EVENT: Internal Event | LOGICAL TIME: 123 | PHYSICAL TIME: 2025-03-04 19:14:01.70, MESSAGE QUEUE LENGTH: 0

2025-03-04 19:14:01,924 - INFO - EVENT: Receive Msg | SENDER: 1 | LOGICAL TIME: 124 | PHYSICAL TIME: 2025-03-04 19:14:01.00, MESSAGE QUEUE LENGTH: 1

2025-03-04 19:14:02,109 - INFO - EVENT: Receive Msg | SENDER: 2 | LOGICAL TIME: 125 | PHYSICAL TIME: 2025-03-04 19:14:01.00, MESSAGE QUEUE LENGTH: 1

2025-03-04 19:14:02,279 - INFO - EVENT: Internal Event | LOGICAL TIME: 126 | PHYSICAL TIME: 2025-03-04 19:14:02.27, MESSAGE QUEUE LENGTH: 0

2025-03-04 19:14:02,457 - INFO - EVENT: Internal Event | LOGICAL TIME: 127 | PHYSICAL TIME: 2025-03-04 19:14:02.45, MESSAGE QUEUE LENGTH: 0

2025-03-04 19:14:02,625 - INFO - EVENT: Internal Event | LOGICAL TIME: 128 | PHYSICAL TIME: 2025-03-04 19:14:02.62, MESSAGE QUEUE LENGTH: 0

2025-03-04 19:14:02,816 - INFO - EVENT: Internal Event | LOGICAL TIME: 129 | PHYSICAL TIME: 2025-03-04 19:14:02.81, MESSAGE QUEUE LENGTH: 0

2025-03-04 19:14:03,060 - INFO - EVENT: Internal Event | LOGICAL TIME: 130 | PHYSICAL TIME: 2025-03-04 19:14:03.06, MESSAGE QUEUE LENGTH: 0

2025-03-04 19:14:03,232 - INFO - EVENT: Send Msg | RECIPIENT: 1 and 2 | LOGICAL TIME: 131 | PHYSICAL TIME: 2025-03-04 19:14:03.23, MESSAGE QUEUE LENGTH: 0

2025-03-04 19:14:03,411 - INFO - EVENT: Internal Event | LOGICAL TIME: 132 | PHYSICAL TIME: 2025-03-04 19:14:03.41, MESSAGE QUEUE LENGTH: 0

2025-03-04 19:14:03,579 - INFO - EVENT: Send Msg | RECIPIENT: 1 | LOGICAL TIME: 133 | PHYSICAL TIME: 2025-03-04 19:14:03.57, MESSAGE QUEUE LENGTH: 0

2025-03-04 19:14:03,747 - INFO - EVENT: Internal Event | LOGICAL TIME: 134 | PHYSICAL TIME: 2025-03-04 19:14:03.74, MESSAGE QUEUE LENGTH: 0

2025-03-04 19:14:04,022 - INFO - EVENT: Internal Event | LOGICAL TIME: 135 | PHYSICAL TIME: 2025-03-04 19:14:04.02, MESSAGE QUEUE LENGTH: 0

2025-03-04 19:14:04,247 - INFO - EVENT: Receive Msg | SENDER: 1 | LOGICAL TIME: 136 | PHYSICAL TIME: 2025-03-04 19:14:03.00, MESSAGE QUEUE LENGTH: 1

2025-03-04 19:14:04,461 - INFO - EVENT: Receive Msg | SENDER: 2 | LOGICAL TIME: 137 | PHYSICAL TIME: 2025-03-04 19:14:04.00, MESSAGE QUEUE LENGTH: 1

2025-03-04 19:14:04,631 - INFO - EVENT: Send Msg | RECIPIENT: 1 | LOGICAL TIME: 138 | PHYSICAL TIME: 2025-03-04 19:14:04.63, MESSAGE QUEUE LENGTH: 0

2025-03-04 19:14:04,801 - INFO - EVENT: Send Msg | RECIPIENT: 2 | LOGICAL TIME: 139 | PHYSICAL TIME: 2025-03-04 19:14:04.80, MESSAGE QUEUE LENGTH: 0

2025-03-04 19:14:04,975 - INFO - EVENT: Send Msg | RECIPIENT: 2 | LOGICAL TIME: 140 | PHYSICAL TIME: 2025-03-04 19:14:04.97, MESSAGE QUEUE LENGTH: 0

2025-03-04 19:14:05,212 - INFO - EVENT: Internal Event | LOGICAL TIME: 141 | PHYSICAL TIME: 2025-03-04 19:14:05.21, MESSAGE QUEUE LENGTH: 0

2025-03-04 19:14:05,413 - INFO - EVENT: Send Msg | RECIPIENT: 1 and 2 | LOGICAL TIME: 142 | PHYSICAL TIME: 2025-03-04 19:14:05.41, MESSAGE QUEUE LENGTH: 0

2025-03-04 19:14:05,582 - INFO - EVENT: Internal Event | LOGICAL TIME: 143 | PHYSICAL TIME: 2025-03-04 19:14:05.58, MESSAGE QUEUE LENGTH: 0

2025-03-04 19:14:05,782 - INFO - EVENT: Internal Event | LOGICAL TIME: 144 | PHYSICAL TIME: 2025-03-04 19:14:05.78, MESSAGE QUEUE LENGTH: 0

2025-03-04 19:14:05,969 - INFO - EVENT: Internal Event | LOGICAL TIME: 145 | PHYSICAL TIME: 2025-03-04 19:14:05.96, MESSAGE QUEUE LENGTH: 0

2025-03-04 19:14:06,140 - INFO - EVENT: Internal Event | LOGICAL TIME: 146 | PHYSICAL TIME: 2025-03-04 19:14:06.14, MESSAGE QUEUE LENGTH: 0

2025-03-04 19:14:06,313 - INFO - EVENT: Internal Event | LOGICAL TIME: 147 | PHYSICAL TIME: 2025-03-04 19:14:06.31, MESSAGE QUEUE LENGTH: 0

2025-03-04 19:14:06,483 - INFO - EVENT: Send Msg | RECIPIENT: 1 | LOGICAL TIME: 148 | PHYSICAL TIME: 2025-03-04 19:14:06.48, MESSAGE QUEUE LENGTH: 0

2025-03-04 19:14:06,748 - INFO - EVENT: Internal Event | LOGICAL TIME: 149 | PHYSICAL TIME: 2025-03-04 19:14:06.74, MESSAGE QUEUE LENGTH: 0

2025-03-04 19:14:06,964 - INFO - EVENT: Send Msg | RECIPIENT: 1 and 2 | LOGICAL TIME: 150 | PHYSICAL TIME: 2025-03-04 19:14:06.96, MESSAGE QUEUE LENGTH: 0

2025-03-04 19:14:07,149 - INFO - EVENT: Send Msg | RECIPIENT: 1 | LOGICAL TIME: 151 | PHYSICAL TIME: 2025-03-04 19:14:07.14, MESSAGE QUEUE LENGTH: 0

2025-03-04 19:14:07,324 - INFO - EVENT: Internal Event | LOGICAL TIME: 152 | PHYSICAL TIME: 2025-03-04 19:14:07.32, MESSAGE QUEUE LENGTH: 0

2025-03-04 19:14:07,542 - INFO - EVENT: Internal Event | LOGICAL TIME: 153 | PHYSICAL TIME: 2025-03-04 19:14:07.54, MESSAGE QUEUE LENGTH: 0

2025-03-04 19:14:07,781 - INFO - EVENT: Send Msg | RECIPIENT: 1 and 2 | LOGICAL TIME: 154 | PHYSICAL TIME: 2025-03-04 19:14:07.78, MESSAGE QUEUE LENGTH: 0

2025-03-04 19:14:07,981 - INFO - EVENT: Receive Msg | SENDER: 1 | LOGICAL TIME: 155 | PHYSICAL TIME: 2025-03-04 19:14:07.00, MESSAGE QUEUE LENGTH: 1

2025-03-04 19:14:08,182 - INFO - EVENT: Send Msg | RECIPIENT: 1 and 2 | LOGICAL TIME: 156 | PHYSICAL TIME: 2025-03-04 19:14:08.18, MESSAGE QUEUE LENGTH: 0

2025-03-04 19:14:08,403 - INFO - EVENT: Internal Event | LOGICAL TIME: 157 | PHYSICAL TIME: 2025-03-04 19:14:08.40, MESSAGE QUEUE LENGTH: 0

2025-03-04 19:14:08,599 - INFO - EVENT: Internal Event | LOGICAL TIME: 158 | PHYSICAL TIME: 2025-03-04 19:14:08.59, MESSAGE QUEUE LENGTH: 0

2025-03-04 19:14:08,800 - INFO - EVENT: Internal Event | LOGICAL TIME: 159 | PHYSICAL TIME: 2025-03-04 19:14:08.80, MESSAGE QUEUE LENGTH: 0

2025-03-04 19:14:08,970 - INFO - EVENT: Receive Msg | SENDER: 2 | LOGICAL TIME: 160 | PHYSICAL TIME: 2025-03-04 19:14:08.00, MESSAGE QUEUE LENGTH: 1

2025-03-04 19:14:09,248 - INFO - EVENT: Receive Msg | SENDER: 2 | LOGICAL TIME: 161 | PHYSICAL TIME: 2025-03-04 19:14:09.00, MESSAGE QUEUE LENGTH: 1

2025-03-04 19:14:09,464 - INFO - EVENT: Internal Event | LOGICAL TIME: 162 | PHYSICAL TIME: 2025-03-04 19:14:09.46, MESSAGE QUEUE LENGTH: 0

2025-03-04 19:14:09,712 - INFO - EVENT: Internal Event | LOGICAL TIME: 163 | PHYSICAL TIME: 2025-03-04 19:14:09.71, MESSAGE QUEUE LENGTH: 0

2025-03-04 19:14:09,915 - INFO - EVENT: Send Msg | RECIPIENT: 2 | LOGICAL TIME: 164 | PHYSICAL TIME: 2025-03-04 19:14:09.91, MESSAGE QUEUE LENGTH: 0

2025-03-04 19:14:10,083 - INFO - EVENT: Internal Event | LOGICAL TIME: 165 | PHYSICAL TIME: 2025-03-04 19:14:10.08, MESSAGE QUEUE LENGTH: 0

2025-03-04 19:14:10,265 - INFO - EVENT: Internal Event | LOGICAL TIME: 166 | PHYSICAL TIME: 2025-03-04 19:14:10.26, MESSAGE QUEUE LENGTH: 0

2025-03-04 19:14:10,438 - INFO - EVENT: Internal Event | LOGICAL TIME: 167 | PHYSICAL TIME: 2025-03-04 19:14:10.43, MESSAGE QUEUE LENGTH: 0

2025-03-04 19:14:10,764 - INFO - EVENT: Receive Msg | SENDER: 2 | LOGICAL TIME: 168 | PHYSICAL TIME: 2025-03-04 19:14:10.00, MESSAGE QUEUE LENGTH: 1

2025-03-04 19:14:11,009 - INFO - EVENT: Internal Event | LOGICAL TIME: 169 | PHYSICAL TIME: 2025-03-04 19:14:11.00, MESSAGE QUEUE LENGTH: 0

2025-03-04 19:14:11,179 - INFO - EVENT: Receive Msg | SENDER: 2 | LOGICAL TIME: 170 | PHYSICAL TIME: 2025-03-04 19:14:10.00, MESSAGE QUEUE LENGTH: 1

2025-03-04 19:14:11,353 - INFO - EVENT: Internal Event | LOGICAL TIME: 171 | PHYSICAL TIME: 2025-03-04 19:14:11.35, MESSAGE QUEUE LENGTH: 0

2025-03-04 19:14:11,729 - INFO - EVENT: Receive Msg | SENDER: 1 | LOGICAL TIME: 172 | PHYSICAL TIME: 2025-03-04 19:14:11.00, MESSAGE QUEUE LENGTH: 1

2025-03-04 19:14:11,902 - INFO - EVENT: Internal Event | LOGICAL TIME: 173 | PHYSICAL TIME: 2025-03-04 19:14:11.90, MESSAGE QUEUE LENGTH: 0

2025-03-04 19:14:12,125 - INFO - EVENT: Internal Event | LOGICAL TIME: 174 | PHYSICAL TIME: 2025-03-04 19:14:12.12, MESSAGE QUEUE LENGTH: 0

2025-03-04 19:14:12,366 - INFO - EVENT: Receive Msg | SENDER: 2 | LOGICAL TIME: 175 | PHYSICAL TIME: 2025-03-04 19:14:12.00, MESSAGE QUEUE LENGTH: 1

2025-03-04 19:14:12,633 - INFO - EVENT: Send Msg | RECIPIENT: 1 and 2 | LOGICAL TIME: 176 | PHYSICAL TIME: 2025-03-04 19:14:12.63, MESSAGE QUEUE LENGTH: 0

2025-03-04 19:14:12,804 - INFO - EVENT: Receive Msg | SENDER: 2 | LOGICAL TIME: 177 | PHYSICAL TIME: 2025-03-04 19:14:12.00, MESSAGE QUEUE LENGTH: 1

2025-03-04 19:14:13,006 - INFO - EVENT: Internal Event | LOGICAL TIME: 178 | PHYSICAL TIME: 2025-03-04 19:14:13.00, MESSAGE QUEUE LENGTH: 0

2025-03-04 19:14:13,176 - INFO - EVENT: Send Msg | RECIPIENT: 1 | LOGICAL TIME: 179 | PHYSICAL TIME: 2025-03-04 19:14:13.17, MESSAGE QUEUE LENGTH: 0

2025-03-04 19:14:13,463 - INFO - EVENT: Internal Event | LOGICAL TIME: 180 | PHYSICAL TIME: 2025-03-04 19:14:13.46, MESSAGE QUEUE LENGTH: 0

2025-03-04 19:14:13,668 - INFO - EVENT: Send Msg | RECIPIENT: 1 and 2 | LOGICAL TIME: 181 | PHYSICAL TIME: 2025-03-04 19:14:13.66, MESSAGE QUEUE LENGTH: 0

2025-03-04 19:14:13,836 - INFO - EVENT: Send Msg | RECIPIENT: 2 | LOGICAL TIME: 182 | PHYSICAL TIME: 2025-03-04 19:14:13.83, MESSAGE QUEUE LENGTH: 0

2025-03-04 19:14:14,103 - INFO - EVENT: Send Msg | RECIPIENT: 2 | LOGICAL TIME: 183 | PHYSICAL TIME: 2025-03-04 19:14:14.10, MESSAGE QUEUE LENGTH: 0

2025-03-04 19:14:14,460 - INFO - EVENT: Internal Event | LOGICAL TIME: 184 | PHYSICAL TIME: 2025-03-04 19:14:14.46, MESSAGE QUEUE LENGTH: 0

2025-03-04 19:14:14,688 - INFO - EVENT: Send Msg | RECIPIENT: 1 and 2 | LOGICAL TIME: 185 | PHYSICAL TIME: 2025-03-04 19:14:14.68, MESSAGE QUEUE LENGTH: 0

2025-03-04 19:14:14,866 - INFO - EVENT: Send Msg | RECIPIENT: 2 | LOGICAL TIME: 186 | PHYSICAL TIME: 2025-03-04 19:14:14.86, MESSAGE QUEUE LENGTH: 0

2025-03-04 19:14:15,067 - INFO - EVENT: Send Msg | RECIPIENT: 1 | LOGICAL TIME: 187 | PHYSICAL TIME: 2025-03-04 19:14:15.06, MESSAGE QUEUE LENGTH: 0

2025-03-04 19:14:15,256 - INFO - EVENT: Internal Event | LOGICAL TIME: 188 | PHYSICAL TIME: 2025-03-04 19:14:15.25, MESSAGE QUEUE LENGTH: 0

2025-03-04 19:14:15,426 - INFO - EVENT: Internal Event | LOGICAL TIME: 189 | PHYSICAL TIME: 2025-03-04 19:14:15.42, MESSAGE QUEUE LENGTH: 0

2025-03-04 19:14:15,628 - INFO - EVENT: Internal Event | LOGICAL TIME: 190 | PHYSICAL TIME: 2025-03-04 19:14:15.62, MESSAGE QUEUE LENGTH: 0

2025-03-04 19:14:15,797 - INFO - EVENT: Internal Event | LOGICAL TIME: 191 | PHYSICAL TIME: 2025-03-04 19:14:15.79, MESSAGE QUEUE LENGTH: 0

2025-03-04 19:14:16,037 - INFO - EVENT: Send Msg | RECIPIENT: 1 | LOGICAL TIME: 192 | PHYSICAL TIME: 2025-03-04 19:14:16.03, MESSAGE QUEUE LENGTH: 0

2025-03-04 19:14:16,223 - INFO - EVENT: Receive Msg | SENDER: 2 | LOGICAL TIME: 193 | PHYSICAL TIME: 2025-03-04 19:14:16.00, MESSAGE QUEUE LENGTH: 1

2025-03-04 19:14:16,435 - INFO - EVENT: Receive Msg | SENDER: 2 | LOGICAL TIME: 194 | PHYSICAL TIME: 2025-03-04 19:14:16.00, MESSAGE QUEUE LENGTH: 1

2025-03-04 19:14:16,701 - INFO - EVENT: Internal Event | LOGICAL TIME: 195 | PHYSICAL TIME: 2025-03-04 19:14:16.70, MESSAGE QUEUE LENGTH: 0

2025-03-04 19:14:16,869 - INFO - EVENT: Send Msg | RECIPIENT: 2 | LOGICAL TIME: 196 | PHYSICAL TIME: 2025-03-04 19:14:16.86, MESSAGE QUEUE LENGTH: 0

2025-03-04 19:14:17,039 - INFO - EVENT: Internal Event | LOGICAL TIME: 197 | PHYSICAL TIME: 2025-03-04 19:14:17.03, MESSAGE QUEUE LENGTH: 0

2025-03-04 19:14:17,207 - INFO - EVENT: Send Msg | RECIPIENT: 1 and 2 | LOGICAL TIME: 198 | PHYSICAL TIME: 2025-03-04 19:14:17.20, MESSAGE QUEUE LENGTH: 0

2025-03-04 19:14:17,379 - INFO - EVENT: Receive Msg | SENDER: 2 | LOGICAL TIME: 199 | PHYSICAL TIME: 2025-03-04 19:14:17.00, MESSAGE QUEUE LENGTH: 1

2025-03-04 19:14:17,549 - INFO - EVENT: Internal Event | LOGICAL TIME: 200 | PHYSICAL TIME: 2025-03-04 19:14:17.54, MESSAGE QUEUE LENGTH: 0

2025-03-04 19:14:17,720 - INFO - EVENT: Internal Event | LOGICAL TIME: 201 | PHYSICAL TIME: 2025-03-04 19:14:17.72, MESSAGE QUEUE LENGTH: 0

2025-03-04 19:14:17,900 - INFO - EVENT: Send Msg | RECIPIENT: 1 | LOGICAL TIME: 202 | PHYSICAL TIME: 2025-03-04 19:14:17.90, MESSAGE QUEUE LENGTH: 0

2025-03-04 19:14:18,174 - INFO - EVENT: Internal Event | LOGICAL TIME: 203 | PHYSICAL TIME: 2025-03-04 19:14:18.17, MESSAGE QUEUE LENGTH: 0

2025-03-04 19:14:18,370 - INFO - EVENT: Internal Event | LOGICAL TIME: 204 | PHYSICAL TIME: 2025-03-04 19:14:18.37, MESSAGE QUEUE LENGTH: 0

2025-03-04 19:14:18,571 - INFO - EVENT: Send Msg | RECIPIENT: 1 and 2 | LOGICAL TIME: 205 | PHYSICAL TIME: 2025-03-04 19:14:18.57, MESSAGE QUEUE LENGTH: 0

2025-03-04 19:14:18,789 - INFO - EVENT: Internal Event | LOGICAL TIME: 206 | PHYSICAL TIME: 2025-03-04 19:14:18.78, MESSAGE QUEUE LENGTH: 0

2025-03-04 19:14:18,960 - INFO - EVENT: Internal Event | LOGICAL TIME: 207 | PHYSICAL TIME: 2025-03-04 19:14:18.96, MESSAGE QUEUE LENGTH: 0

2025-03-04 19:14:19,266 - INFO - EVENT: Send Msg | RECIPIENT: 1 | LOGICAL TIME: 208 | PHYSICAL TIME: 2025-03-04 19:14:19.26, MESSAGE QUEUE LENGTH: 0

2025-03-04 19:14:19,438 - INFO - EVENT: Send Msg | RECIPIENT: 1 | LOGICAL TIME: 209 | PHYSICAL TIME: 2025-03-04 19:14:19.43, MESSAGE QUEUE LENGTH: 0

2025-03-04 19:14:19,606 - INFO - EVENT: Receive Msg | SENDER: 2 | LOGICAL TIME: 210 | PHYSICAL TIME: 2025-03-04 19:14:19.00, MESSAGE QUEUE LENGTH: 1

2025-03-04 19:14:19,827 - INFO - EVENT: Internal Event | LOGICAL TIME: 211 | PHYSICAL TIME: 2025-03-04 19:14:19.82, MESSAGE QUEUE LENGTH: 0

2025-03-04 19:14:20,044 - INFO - EVENT: Receive Msg | SENDER: 2 | LOGICAL TIME: 212 | PHYSICAL TIME: 2025-03-04 19:14:19.00, MESSAGE QUEUE LENGTH: 1

2025-03-04 19:14:20,221 - INFO - EVENT: Receive Msg | SENDER: 2 | LOGICAL TIME: 213 | PHYSICAL TIME: 2025-03-04 19:14:19.00, MESSAGE QUEUE LENGTH: 1

2025-03-04 19:14:20,409 - INFO - EVENT: Internal Event | LOGICAL TIME: 214 | PHYSICAL TIME: 2025-03-04 19:14:20.40, MESSAGE QUEUE LENGTH: 0

2025-03-04 19:14:20,704 - INFO - EVENT: Internal Event | LOGICAL TIME: 215 | PHYSICAL TIME: 2025-03-04 19:14:20.70, MESSAGE QUEUE LENGTH: 0

2025-03-04 19:14:20,894 - INFO - EVENT: Internal Event | LOGICAL TIME: 216 | PHYSICAL TIME: 2025-03-04 19:14:20.89, MESSAGE QUEUE LENGTH: 0

2025-03-04 19:14:21,141 - INFO - EVENT: Internal Event | LOGICAL TIME: 217 | PHYSICAL TIME: 2025-03-04 19:14:21.14, MESSAGE QUEUE LENGTH: 0

2025-03-04 19:14:21,311 - INFO - EVENT: Internal Event | LOGICAL TIME: 218 | PHYSICAL TIME: 2025-03-04 19:14:21.31, MESSAGE QUEUE LENGTH: 0

2025-03-04 19:14:21,580 - INFO - EVENT: Internal Event | LOGICAL TIME: 219 | PHYSICAL TIME: 2025-03-04 19:14:21.58, MESSAGE QUEUE LENGTH: 0

2025-03-04 19:14:21,893 - INFO - EVENT: Receive Msg | SENDER: 2 | LOGICAL TIME: 220 | PHYSICAL TIME: 2025-03-04 19:14:21.00, MESSAGE QUEUE LENGTH: 1

2025-03-04 19:14:22,062 - INFO - EVENT: Send Msg | RECIPIENT: 2 | LOGICAL TIME: 221 | PHYSICAL TIME: 2025-03-04 19:14:22.06, MESSAGE QUEUE LENGTH: 0

2025-03-04 19:14:22,234 - INFO - EVENT: Internal Event | LOGICAL TIME: 222 | PHYSICAL TIME: 2025-03-04 19:14:22.23, MESSAGE QUEUE LENGTH: 0

2025-03-04 19:14:22,406 - INFO - EVENT: Internal Event | LOGICAL TIME: 223 | PHYSICAL TIME: 2025-03-04 19:14:22.40, MESSAGE QUEUE LENGTH: 0

2025-03-04 19:14:22,586 - INFO - EVENT: Internal Event | LOGICAL TIME: 224 | PHYSICAL TIME: 2025-03-04 19:14:22.58, MESSAGE QUEUE LENGTH: 0

2025-03-04 19:14:22,756 - INFO - EVENT: Internal Event | LOGICAL TIME: 225 | PHYSICAL TIME: 2025-03-04 19:14:22.75, MESSAGE QUEUE LENGTH: 0

2025-03-04 19:14:23,026 - INFO - EVENT: Receive Msg | SENDER: 1 | LOGICAL TIME: 226 | PHYSICAL TIME: 2025-03-04 19:14:22.00, MESSAGE QUEUE LENGTH: 1

2025-03-04 19:14:23,198 - INFO - EVENT: Internal Event | LOGICAL TIME: 227 | PHYSICAL TIME: 2025-03-04 19:14:23.19, MESSAGE QUEUE LENGTH: 0

2025-03-04 19:14:23,436 - INFO - EVENT: Internal Event | LOGICAL TIME: 228 | PHYSICAL TIME: 2025-03-04 19:14:23.43, MESSAGE QUEUE LENGTH: 0

2025-03-04 19:14:23,607 - INFO - EVENT: Send Msg | RECIPIENT: 2 | LOGICAL TIME: 229 | PHYSICAL TIME: 2025-03-04 19:14:23.60, MESSAGE QUEUE LENGTH: 0

2025-03-04 19:14:23,797 - INFO - EVENT: Receive Msg | SENDER: 2 | LOGICAL TIME: 230 | PHYSICAL TIME: 2025-03-04 19:14:23.00, MESSAGE QUEUE LENGTH: 1

2025-03-04 19:14:23,975 - INFO - EVENT: Internal Event | LOGICAL TIME: 231 | PHYSICAL TIME: 2025-03-04 19:14:23.97, MESSAGE QUEUE LENGTH: 0

2025-03-04 19:14:24,209 - INFO - EVENT: Send Msg | RECIPIENT: 1 | LOGICAL TIME: 232 | PHYSICAL TIME: 2025-03-04 19:14:24.20, MESSAGE QUEUE LENGTH: 0

2025-03-04 19:14:24,458 - INFO - EVENT: Internal Event | LOGICAL TIME: 233 | PHYSICAL TIME: 2025-03-04 19:14:24.45, MESSAGE QUEUE LENGTH: 0

2025-03-04 19:14:24,685 - INFO - EVENT: Internal Event | LOGICAL TIME: 234 | PHYSICAL TIME: 2025-03-04 19:14:24.68, MESSAGE QUEUE LENGTH: 0

2025-03-04 19:14:24,880 - INFO - EVENT: Receive Msg | SENDER: 2 | LOGICAL TIME: 235 | PHYSICAL TIME: 2025-03-04 19:14:24.00, MESSAGE QUEUE LENGTH: 1

2025-03-04 19:14:25,059 - INFO - EVENT: Send Msg | RECIPIENT: 2 | LOGICAL TIME: 236 | PHYSICAL TIME: 2025-03-04 19:14:25.05, MESSAGE QUEUE LENGTH: 0

2025-03-04 19:14:25,238 - INFO - EVENT: Internal Event | LOGICAL TIME: 237 | PHYSICAL TIME: 2025-03-04 19:14:25.23, MESSAGE QUEUE LENGTH: 0

2025-03-04 19:14:25,409 - INFO - EVENT: Internal Event | LOGICAL TIME: 238 | PHYSICAL TIME: 2025-03-04 19:14:25.40, MESSAGE QUEUE LENGTH: 0

2025-03-04 19:14:25,660 - INFO - EVENT: Internal Event | LOGICAL TIME: 239 | PHYSICAL TIME: 2025-03-04 19:14:25.66, MESSAGE QUEUE LENGTH: 0

2025-03-04 19:14:25,913 - INFO - EVENT: Internal Event | LOGICAL TIME: 240 | PHYSICAL TIME: 2025-03-04 19:14:25.91, MESSAGE QUEUE LENGTH: 0

2025-03-04 19:14:26,082 - INFO - EVENT: Internal Event | LOGICAL TIME: 241 | PHYSICAL TIME: 2025-03-04 19:14:26.08, MESSAGE QUEUE LENGTH: 0

2025-03-04 19:14:26,272 - INFO - EVENT: Internal Event | LOGICAL TIME: 242 | PHYSICAL TIME: 2025-03-04 19:14:26.27, MESSAGE QUEUE LENGTH: 0

2025-03-04 19:14:26,461 - INFO - EVENT: Internal Event | LOGICAL TIME: 243 | PHYSICAL TIME: 2025-03-04 19:14:26.46, MESSAGE QUEUE LENGTH: 0

2025-03-04 19:14:26,646 - INFO - EVENT: Receive Msg | SENDER: 1 | LOGICAL TIME: 244 | PHYSICAL TIME: 2025-03-04 19:14:26.00, MESSAGE QUEUE LENGTH: 1

2025-03-04 19:14:26,991 - INFO - EVENT: Internal Event | LOGICAL TIME: 245 | PHYSICAL TIME: 2025-03-04 19:14:26.99, MESSAGE QUEUE LENGTH: 0

2025-03-04 19:14:27,183 - INFO - EVENT: Receive Msg | SENDER: 1 | LOGICAL TIME: 246 | PHYSICAL TIME: 2025-03-04 19:14:26.00, MESSAGE QUEUE LENGTH: 1

2025-03-04 19:14:27,392 - INFO - EVENT: Internal Event | LOGICAL TIME: 247 | PHYSICAL TIME: 2025-03-04 19:14:27.39, MESSAGE QUEUE LENGTH: 0

2025-03-04 19:14:27,567 - INFO - EVENT: Internal Event | LOGICAL TIME: 248 | PHYSICAL TIME: 2025-03-04 19:14:27.56, MESSAGE QUEUE LENGTH: 0

2025-03-04 19:14:27,749 - INFO - EVENT: Internal Event | LOGICAL TIME: 249 | PHYSICAL TIME: 2025-03-04 19:14:27.74, MESSAGE QUEUE LENGTH: 0

2025-03-04 19:14:27,919 - INFO - EVENT: Internal Event | LOGICAL TIME: 250 | PHYSICAL TIME: 2025-03-04 19:14:27.91, MESSAGE QUEUE LENGTH: 0

2025-03-04 19:14:28,103 - INFO - EVENT: Receive Msg | SENDER: 2 | LOGICAL TIME: 251 | PHYSICAL TIME: 2025-03-04 19:14:27.00, MESSAGE QUEUE LENGTH: 1

2025-03-04 19:14:28,348 - INFO - EVENT: Receive Msg | SENDER: 2 | LOGICAL TIME: 252 | PHYSICAL TIME: 2025-03-04 19:14:28.00, MESSAGE QUEUE LENGTH: 1

2025-03-04 19:14:28,518 - INFO - EVENT: Send Msg | RECIPIENT: 1 | LOGICAL TIME: 253 | PHYSICAL TIME: 2025-03-04 19:14:28.51, MESSAGE QUEUE LENGTH: 0

2025-03-04 19:14:28,716 - INFO - EVENT: Send Msg | RECIPIENT: 1 | LOGICAL TIME: 254 | PHYSICAL TIME: 2025-03-04 19:14:28.71, MESSAGE QUEUE LENGTH: 0

2025-03-04 19:14:28,926 - INFO - EVENT: Receive Msg | SENDER: 2 | LOGICAL TIME: 255 | PHYSICAL TIME: 2025-03-04 19:14:28.00, MESSAGE QUEUE LENGTH: 1

2025-03-04 19:14:29,195 - INFO - EVENT: Internal Event | LOGICAL TIME: 256 | PHYSICAL TIME: 2025-03-04 19:14:29.19, MESSAGE QUEUE LENGTH: 0

2025-03-04 19:14:29,378 - INFO - EVENT: Internal Event | LOGICAL TIME: 257 | PHYSICAL TIME: 2025-03-04 19:14:29.37, MESSAGE QUEUE LENGTH: 0

2025-03-04 19:14:29,561 - INFO - EVENT: Send Msg | RECIPIENT: 1 and 2 | LOGICAL TIME: 258 | PHYSICAL TIME: 2025-03-04 19:14:29.56, MESSAGE QUEUE LENGTH: 0

2025-03-04 19:14:29,732 - INFO - EVENT: Internal Event | LOGICAL TIME: 259 | PHYSICAL TIME: 2025-03-04 19:14:29.73, MESSAGE QUEUE LENGTH: 0

2025-03-04 19:14:29,943 - INFO - EVENT: Internal Event | LOGICAL TIME: 260 | PHYSICAL TIME: 2025-03-04 19:14:29.94, MESSAGE QUEUE LENGTH: 0

2025-03-04 19:14:30,113 - INFO - EVENT: Internal Event | LOGICAL TIME: 261 | PHYSICAL TIME: 2025-03-04 19:14:30.11, MESSAGE QUEUE LENGTH: 0

2025-03-04 19:14:30,311 - INFO - EVENT: Internal Event | LOGICAL TIME: 262 | PHYSICAL TIME: 2025-03-04 19:14:30.31, MESSAGE QUEUE LENGTH: 0

2025-03-04 19:14:30,480 - INFO - EVENT: Internal Event | LOGICAL TIME: 263 | PHYSICAL TIME: 2025-03-04 19:14:30.48, MESSAGE QUEUE LENGTH: 0

2025-03-04 19:14:30,651 - INFO - EVENT: Internal Event | LOGICAL TIME: 264 | PHYSICAL TIME: 2025-03-04 19:14:30.65, MESSAGE QUEUE LENGTH: 0

2025-03-04 19:14:30,852 - INFO - EVENT: Internal Event | LOGICAL TIME: 265 | PHYSICAL TIME: 2025-03-04 19:14:30.85, MESSAGE QUEUE LENGTH: 0

2025-03-04 19:14:31,026 - INFO - EVENT: Internal Event | LOGICAL TIME: 266 | PHYSICAL TIME: 2025-03-04 19:14:31.02, MESSAGE QUEUE LENGTH: 0

2025-03-04 19:14:31,295 - INFO - EVENT: Internal Event | LOGICAL TIME: 267 | PHYSICAL TIME: 2025-03-04 19:14:31.29, MESSAGE QUEUE LENGTH: 0

2025-03-04 19:14:31,496 - INFO - EVENT: Internal Event | LOGICAL TIME: 268 | PHYSICAL TIME: 2025-03-04 19:14:31.49, MESSAGE QUEUE LENGTH: 0

2025-03-04 19:14:31,681 - INFO - EVENT: Internal Event | LOGICAL TIME: 269 | PHYSICAL TIME: 2025-03-04 19:14:31.68, MESSAGE QUEUE LENGTH: 0

2025-03-04 19:14:31,885 - INFO - EVENT: Send Msg | RECIPIENT: 1 and 2 | LOGICAL TIME: 270 | PHYSICAL TIME: 2025-03-04 19:14:31.88, MESSAGE QUEUE LENGTH: 0

2025-03-04 19:14:32,065 - INFO - EVENT: Internal Event | LOGICAL TIME: 271 | PHYSICAL TIME: 2025-03-04 19:14:32.06, MESSAGE QUEUE LENGTH: 0

2025-03-04 19:14:32,252 - INFO - EVENT: Send Msg | RECIPIENT: 2 | LOGICAL TIME: 272 | PHYSICAL TIME: 2025-03-04 19:14:32.25, MESSAGE QUEUE LENGTH: 0

2025-03-04 19:14:32,468 - INFO - EVENT: Internal Event | LOGICAL TIME: 273 | PHYSICAL TIME: 2025-03-04 19:14:32.46, MESSAGE QUEUE LENGTH: 0

2025-03-04 19:14:32,648 - INFO - EVENT: Send Msg | RECIPIENT: 1 and 2 | LOGICAL TIME: 274 | PHYSICAL TIME: 2025-03-04 19:14:32.64, MESSAGE QUEUE LENGTH: 0

2025-03-04 19:14:32,819 - INFO - EVENT: Internal Event | LOGICAL TIME: 275 | PHYSICAL TIME: 2025-03-04 19:14:32.81, MESSAGE QUEUE LENGTH: 0

2025-03-04 19:14:32,988 - INFO - EVENT: Internal Event | LOGICAL TIME: 276 | PHYSICAL TIME: 2025-03-04 19:14:32.98, MESSAGE QUEUE LENGTH: 0

2025-03-04 19:14:33,186 - INFO - EVENT: Send Msg | RECIPIENT: 1 | LOGICAL TIME: 277 | PHYSICAL TIME: 2025-03-04 19:14:33.18, MESSAGE QUEUE LENGTH: 0

2025-03-04 19:14:33,387 - INFO - EVENT: Internal Event | LOGICAL TIME: 278 | PHYSICAL TIME: 2025-03-04 19:14:33.38, MESSAGE QUEUE LENGTH: 0

2025-03-04 19:14:33,577 - INFO - EVENT: Send Msg | RECIPIENT: 1 and 2 | LOGICAL TIME: 279 | PHYSICAL TIME: 2025-03-04 19:14:33.57, MESSAGE QUEUE LENGTH: 0

2025-03-04 19:14:33,806 - INFO - EVENT: Internal Event | LOGICAL TIME: 280 | PHYSICAL TIME: 2025-03-04 19:14:33.80, MESSAGE QUEUE LENGTH: 0

2025-03-04 19:14:34,020 - INFO - EVENT: Internal Event | LOGICAL TIME: 281 | PHYSICAL TIME: 2025-03-04 19:14:34.02, MESSAGE QUEUE LENGTH: 0

2025-03-04 19:14:34,188 - INFO - EVENT: Receive Msg | SENDER: 2 | LOGICAL TIME: 282 | PHYSICAL TIME: 2025-03-04 19:14:34.00, MESSAGE QUEUE LENGTH: 1

2025-03-04 19:14:34,453 - INFO - EVENT: Internal Event | LOGICAL TIME: 283 | PHYSICAL TIME: 2025-03-04 19:14:34.45, MESSAGE QUEUE LENGTH: 0

2025-03-04 19:14:34,663 - INFO - EVENT: Internal Event | LOGICAL TIME: 284 | PHYSICAL TIME: 2025-03-04 19:14:34.66, MESSAGE QUEUE LENGTH: 0

2025-03-04 19:14:34,832 - INFO - EVENT: Receive Msg | SENDER: 1 | LOGICAL TIME: 285 | PHYSICAL TIME: 2025-03-04 19:14:34.00, MESSAGE QUEUE LENGTH: 1

2025-03-04 19:14:35,035 - INFO - EVENT: Receive Msg | SENDER: 1 | LOGICAL TIME: 286 | PHYSICAL TIME: 2025-03-04 19:14:34.00, MESSAGE QUEUE LENGTH: 1

2025-03-04 19:14:35,222 - INFO - EVENT: Internal Event | LOGICAL TIME: 287 | PHYSICAL TIME: 2025-03-04 19:14:35.22, MESSAGE QUEUE LENGTH: 0

2025-03-04 19:14:35,393 - INFO - EVENT: Internal Event | LOGICAL TIME: 288 | PHYSICAL TIME: 2025-03-04 19:14:35.39, MESSAGE QUEUE LENGTH: 0

2025-03-04 19:14:35,562 - INFO - EVENT: Internal Event | LOGICAL TIME: 289 | PHYSICAL TIME: 2025-03-04 19:14:35.56, MESSAGE QUEUE LENGTH: 0

2025-03-04 19:14:35,811 - INFO - EVENT: Receive Msg | SENDER: 2 | LOGICAL TIME: 290 | PHYSICAL TIME: 2025-03-04 19:14:35.00, MESSAGE QUEUE LENGTH: 1

2025-03-04 19:14:35,982 - INFO - EVENT: Internal Event | LOGICAL TIME: 291 | PHYSICAL TIME: 2025-03-04 19:14:35.98, MESSAGE QUEUE LENGTH: 0

2025-03-04 19:14:36,171 - INFO - EVENT: Receive Msg | SENDER: 2 | LOGICAL TIME: 292 | PHYSICAL TIME: 2025-03-04 19:14:35.00, MESSAGE QUEUE LENGTH: 1

2025-03-04 19:14:36,341 - INFO - EVENT: Send Msg | RECIPIENT: 1 | LOGICAL TIME: 293 | PHYSICAL TIME: 2025-03-04 19:14:36.34, MESSAGE QUEUE LENGTH: 0

2025-03-04 19:14:36,512 - INFO - EVENT: Send Msg | RECIPIENT: 1 | LOGICAL TIME: 294 | PHYSICAL TIME: 2025-03-04 19:14:36.51, MESSAGE QUEUE LENGTH: 0

2025-03-04 19:14:36,720 - INFO - EVENT: Internal Event | LOGICAL TIME: 295 | PHYSICAL TIME: 2025-03-04 19:14:36.72, MESSAGE QUEUE LENGTH: 0

2025-03-04 19:14:36,891 - INFO - EVENT: Receive Msg | SENDER: 2 | LOGICAL TIME: 296 | PHYSICAL TIME: 2025-03-04 19:14:36.00, MESSAGE QUEUE LENGTH: 1

2025-03-04 19:14:37,191 - INFO - EVENT: Internal Event | LOGICAL TIME: 297 | PHYSICAL TIME: 2025-03-04 19:14:37.19, MESSAGE QUEUE LENGTH: 0

2025-03-04 19:14:37,412 - INFO - EVENT: Receive Msg | SENDER: 1 | LOGICAL TIME: 298 | PHYSICAL TIME: 2025-03-04 19:14:37.00, MESSAGE QUEUE LENGTH: 1

2025-03-04 19:14:37,580 - INFO - EVENT: Send Msg | RECIPIENT: 1 | LOGICAL TIME: 299 | PHYSICAL TIME: 2025-03-04 19:14:37.58, MESSAGE QUEUE LENGTH: 0

2025-03-04 19:14:37,801 - INFO - EVENT: Internal Event | LOGICAL TIME: 300 | PHYSICAL TIME: 2025-03-04 19:14:37.80, MESSAGE QUEUE LENGTH: 0

2025-03-04 19:14:37,971 - INFO - EVENT: Send Msg | RECIPIENT: 1 | LOGICAL TIME: 301 | PHYSICAL TIME: 2025-03-04 19:14:37.97, MESSAGE QUEUE LENGTH: 0

2025-03-04 19:14:38,142 - INFO - EVENT: Internal Event | LOGICAL TIME: 302 | PHYSICAL TIME: 2025-03-04 19:14:38.14, MESSAGE QUEUE LENGTH: 0

2025-03-04 19:14:38,317 - INFO - EVENT: Internal Event | LOGICAL TIME: 303 | PHYSICAL TIME: 2025-03-04 19:14:38.31, MESSAGE QUEUE LENGTH: 0

2025-03-04 19:14:38,486 - INFO - EVENT: Internal Event | LOGICAL TIME: 304 | PHYSICAL TIME: 2025-03-04 19:14:38.48, MESSAGE QUEUE LENGTH: 0

2025-03-04 19:14:38,659 - INFO - EVENT: Internal Event | LOGICAL TIME: 305 | PHYSICAL TIME: 2025-03-04 19:14:38.65, MESSAGE QUEUE LENGTH: 0

2025-03-04 19:14:38,827 - INFO - EVENT: Internal Event | LOGICAL TIME: 306 | PHYSICAL TIME: 2025-03-04 19:14:38.82, MESSAGE QUEUE LENGTH: 0

2025-03-04 19:14:39,005 - INFO - EVENT: Send Msg | RECIPIENT: 1 and 2 | LOGICAL TIME: 307 | PHYSICAL TIME: 2025-03-04 19:14:39.00, MESSAGE QUEUE LENGTH: 0

2025-03-04 19:14:39,174 - INFO - EVENT: Internal Event | LOGICAL TIME: 308 | PHYSICAL TIME: 2025-03-04 19:14:39.17, MESSAGE QUEUE LENGTH: 0

2025-03-04 19:14:39,341 - INFO - EVENT: Send Msg | RECIPIENT: 1 | LOGICAL TIME: 309 | PHYSICAL TIME: 2025-03-04 19:14:39.34, MESSAGE QUEUE LENGTH: 0

2025-03-04 19:14:39,561 - INFO - EVENT: Internal Event | LOGICAL TIME: 310 | PHYSICAL TIME: 2025-03-04 19:14:39.56, MESSAGE QUEUE LENGTH: 0

2025-03-04 19:14:39,759 - INFO - EVENT: Receive Msg | SENDER: 2 | LOGICAL TIME: 311 | PHYSICAL TIME: 2025-03-04 19:14:39.00, MESSAGE QUEUE LENGTH: 1

2025-03-04 19:14:39,972 - INFO - EVENT: Internal Event | LOGICAL TIME: 312 | PHYSICAL TIME: 2025-03-04 19:14:39.97, MESSAGE QUEUE LENGTH: 0

2025-03-04 19:14:40,173 - INFO - EVENT: Internal Event | LOGICAL TIME: 313 | PHYSICAL TIME: 2025-03-04 19:14:40.17, MESSAGE QUEUE LENGTH: 0

2025-03-04 19:14:40,452 - INFO - EVENT: Receive Msg | SENDER: 2 | LOGICAL TIME: 314 | PHYSICAL TIME: 2025-03-04 19:14:40.00, MESSAGE QUEUE LENGTH: 1

2025-03-04 19:14:40,653 - INFO - EVENT: Internal Event | LOGICAL TIME: 315 | PHYSICAL TIME: 2025-03-04 19:14:40.65, MESSAGE QUEUE LENGTH: 0

