2025-03-04 19:13:35,212 - Process-3 - INFO - Starting server for client 3 at localhost:54402
2025-03-04 19:13:35,214 - Process-3 - INFO - Connected to client 1 at localhost:54400
2025-03-04 19:13:35,441 - Process-1 - INFO - Connected to client 2 at localhost:54401
2025-03-04 19:13:35,472 - Process-2 - INFO - Connected to client 3 at localhost:54402
2025-03-04 19:13:35,523 - Process-1 - INFO - Message Received from client 2
2025-03-04 19:13:35,631 - Process-3 - INFO - Connected to client 2 at localhost:54401
2025-03-04 19:13:35,721 - Process-1 - INFO - Message Received from client 3
2025-03-04 19:13:35,770 - Process-1 - INFO - Message Received from client 2
2025-03-04 19:13:35,881 - Process-2 - INFO - Message Received from client 3
2025-03-04 19:13:35,971 - Process-1 - INFO - Connected to client 3 at localhost:54402
2025-03-04 19:13:36,001 - Process-3 - INFO - Message Received from client 2
2025-03-04 19:13:36,091 - Process-2 - INFO - Message Received from client 1
2025-03-04 19:13:36,205 - Process-3 - INFO - Message Received from client 1
2025-03-04 19:13:36,252 - Process-2 - INFO - Message Received from client 3
2025-03-04 19:13:36,906 - Process-2 - INFO - Message Received from client 3
2025-03-04 19:13:37,128 - Process-3 - INFO - Message Received from client 2
2025-03-04 19:13:37,250 - Process-2 - INFO - Message Received from client 1
2025-03-04 19:13:37,481 - Process-1 - INFO - Message Received from client 3
2025-03-04 19:13:37,511 - Process-2 - INFO - Message Received from client 3
2025-03-04 19:13:37,672 - Process-2 - INFO - Message Received from client 3
2025-03-04 19:13:38,951 - Process-2 - INFO - Message Received from client 3
2025-03-04 19:13:39,323 - Process-2 - INFO - Message Received from client 1
2025-03-04 19:13:39,452 - Process-3 - INFO - Message Received from client 1
2025-03-04 19:13:39,561 - Process-2 - INFO - Message Received from client 1
2025-03-04 19:13:39,794 - Process-2 - INFO - Message Received from client 1
2025-03-04 19:13:40,158 - Process-2 - INFO - Message Received from client 3
2025-03-04 19:13:40,687 - Process-2 - INFO - Message Received from client 3
2025-03-04 19:13:40,909 - Process-3 - INFO - Message Received from client 1
2025-03-04 19:13:41,240 - Process-1 - INFO - Message Received from client 3
2025-03-04 19:13:41,407 - Process-3 - INFO - Message Received from client 2
2025-03-04 19:13:41,851 - Process-2 - INFO - Message Received from client 1
2025-03-04 19:13:41,881 - Process-1 - INFO - Message Received from client 3
2025-03-04 19:13:42,387 - Process-3 - INFO - Message Received from client 1
2025-03-04 19:13:42,464 - Process-2 - INFO - Message Received from client 1
2025-03-04 19:13:42,781 - Process-2 - INFO - Message Received from client 3
2025-03-04 19:13:42,796 - Process-1 - INFO - Message Received from client 3
2025-03-04 19:13:43,226 - Process-1 - INFO - Message Received from client 2
2025-03-04 19:13:44,181 - Process-3 - INFO - Message Received from client 2
2025-03-04 19:13:44,296 - Process-3 - INFO - Message Received from client 1
2025-03-04 19:13:44,524 - Process-2 - INFO - Message Received from client 1
2025-03-04 19:13:44,978 - Process-1 - INFO - Message Received from client 3
2025-03-04 19:13:45,656 - Process-1 - INFO - Message Received from client 3
2025-03-04 19:13:45,686 - Process-2 - INFO - Message Received from client 3
2025-03-04 19:13:45,763 - Process-1 - INFO - Message Received from client 2
2025-03-04 19:13:45,864 - Process-1 - INFO - Message Received from client 3
2025-03-04 19:13:46,534 - Process-1 - INFO - Message Received from client 3
2025-03-04 19:13:46,611 - Process-2 - INFO - Message Received from client 3
2025-03-04 19:13:46,626 - Process-1 - INFO - Message Received from client 3
2025-03-04 19:13:46,997 - Process-1 - INFO - Message Received from client 3
2025-03-04 19:13:47,028 - Process-2 - INFO - Message Received from client 3
2025-03-04 19:13:47,216 - Process-2 - INFO - Message Received from client 3
2025-03-04 19:13:48,413 - Process-1 - INFO - Message Received from client 2
2025-03-04 19:13:48,931 - Process-3 - INFO - Message Received from client 2
2025-03-04 19:13:48,931 - Process-1 - INFO - Message Received from client 2
2025-03-04 19:13:49,595 - Process-1 - INFO - Message Received from client 2
2025-03-04 19:13:49,642 - Process-3 - INFO - Message Received from client 1
2025-03-04 19:13:49,642 - Process-3 - INFO - Message Received from client 2
2025-03-04 19:13:49,657 - Process-2 - INFO - Message Received from client 1
2025-03-04 19:13:50,082 - Process-1 - INFO - Message Received from client 3
2025-03-04 19:13:50,143 - Process-1 - INFO - Message Received from client 2
2025-03-04 19:13:51,415 - Process-1 - INFO - Message Received from client 3
2025-03-04 19:13:52,084 - Process-2 - INFO - Message Received from client 1
2025-03-04 19:13:52,154 - Process-1 - INFO - Message Received from client 3
2025-03-04 19:13:52,468 - Process-2 - INFO - Message Received from client 3
2025-03-04 19:13:52,696 - Process-3 - INFO - Message Received from client 1
2025-03-04 19:13:52,869 - Process-2 - INFO - Message Received from client 1
2025-03-04 19:13:52,934 - Process-3 - INFO - Message Received from client 1
2025-03-04 19:13:53,642 - Process-1 - INFO - Message Received from client 3
2025-03-04 19:13:54,850 - Process-2 - INFO - Message Received from client 1
2025-03-04 19:13:55,351 - Process-2 - INFO - Message Received from client 3
2025-03-04 19:13:55,383 - Process-2 - INFO - Message Received from client 1
2025-03-04 19:13:55,644 - Process-3 - INFO - Message Received from client 1
2025-03-04 19:13:55,738 - Process-1 - INFO - Message Received from client 3
2025-03-04 19:13:56,299 - Process-1 - INFO - Message Received from client 2
2025-03-04 19:13:56,314 - Process-3 - INFO - Message Received from client 2
2025-03-04 19:13:56,314 - Process-1 - INFO - Message Received from client 3
2025-03-04 19:13:56,755 - Process-3 - INFO - Message Received from client 2
2025-03-04 19:13:56,980 - Process-3 - INFO - Message Received from client 2
2025-03-04 19:13:57,165 - Process-1 - INFO - Message Received from client 2
2025-03-04 19:13:57,473 - Process-1 - INFO - Message Received from client 3
2025-03-04 19:13:57,668 - Process-3 - INFO - Message Received from client 2
2025-03-04 19:13:57,990 - Process-2 - INFO - Message Received from client 3
2025-03-04 19:13:58,036 - Process-1 - INFO - Message Received from client 2
2025-03-04 19:13:58,036 - Process-1 - INFO - Message Received from client 3
2025-03-04 19:13:58,294 - Process-1 - INFO - Message Received from client 3
2025-03-04 19:13:58,555 - Process-3 - INFO - Message Received from client 2
2025-03-04 19:13:58,653 - Process-1 - INFO - Message Received from client 3
2025-03-04 19:13:58,825 - Process-2 - INFO - Message Received from client 3
2025-03-04 19:13:59,289 - Process-1 - INFO - Message Received from client 2
2025-03-04 19:13:59,374 - Process-2 - INFO - Message Received from client 1
2025-03-04 19:13:59,608 - Process-1 - INFO - Message Received from client 2
2025-03-04 19:13:59,701 - Process-3 - INFO - Message Received from client 2
2025-03-04 19:13:59,810 - Process-3 - INFO - Message Received from client 2
2025-03-04 19:13:59,871 - Process-1 - INFO - Message Received from client 2
2025-03-04 19:14:00,576 - Process-1 - INFO - Message Received from client 2
2025-03-04 19:14:00,777 - Process-1 - INFO - Message Received from client 3
2025-03-04 19:14:01,022 - Process-2 - INFO - Message Received from client 3
2025-03-04 19:14:01,410 - Process-2 - INFO - Message Received from client 3
2025-03-04 19:14:01,707 - Process-3 - INFO - Message Received from client 1
2025-03-04 19:14:01,811 - Process-1 - INFO - Message Received from client 2
2025-03-04 19:14:02,032 - Process-3 - INFO - Message Received from client 2
2025-03-04 19:14:03,277 - Process-2 - INFO - Message Received from client 3
2025-03-04 19:14:03,277 - Process-1 - INFO - Message Received from client 3
2025-03-04 19:14:03,688 - Process-1 - INFO - Message Received from client 3
2025-03-04 19:14:04,208 - Process-3 - INFO - Message Received from client 1
2025-03-04 19:14:04,381 - Process-3 - INFO - Message Received from client 2
2025-03-04 19:14:04,725 - Process-1 - INFO - Message Received from client 3
2025-03-04 19:14:04,831 - Process-2 - INFO - Message Received from client 3
2025-03-04 19:14:05,103 - Process-2 - INFO - Message Received from client 3
2025-03-04 19:14:05,428 - Process-1 - INFO - Message Received from client 3
2025-03-04 19:14:05,443 - Process-2 - INFO - Message Received from client 3
2025-03-04 19:14:05,829 - Process-2 - INFO - Message Received from client 1
2025-03-04 19:14:06,444 - Process-2 - INFO - Message Received from client 1
2025-03-04 19:14:06,708 - Process-1 - INFO - Message Received from client 3
2025-03-04 19:14:07,026 - Process-2 - INFO - Message Received from client 3
2025-03-04 19:14:07,119 - Process-1 - INFO - Message Received from client 3
2025-03-04 19:14:07,277 - Process-1 - INFO - Message Received from client 3
2025-03-04 19:14:07,766 - Process-1 - INFO - Message Received from client 2
2025-03-04 19:14:07,766 - Process-2 - INFO - Message Received from client 1
2025-03-04 19:14:07,781 - Process-2 - INFO - Message Received from client 3
2025-03-04 19:14:07,781 - Process-3 - INFO - Message Received from client 1
2025-03-04 19:14:07,843 - Process-1 - INFO - Message Received from client 3
2025-03-04 19:14:08,265 - Process-1 - INFO - Message Received from client 3
2025-03-04 19:14:08,403 - Process-2 - INFO - Message Received from client 3
2025-03-04 19:14:08,785 - Process-3 - INFO - Message Received from client 2
2025-03-04 19:14:09,141 - Process-2 - INFO - Message Received from client 1
2025-03-04 19:14:09,173 - Process-3 - INFO - Message Received from client 2
2025-03-04 19:14:09,946 - Process-2 - INFO - Message Received from client 3
2025-03-04 19:14:10,608 - Process-1 - INFO - Message Received from client 2
2025-03-04 19:14:10,623 - Process-3 - INFO - Message Received from client 2
2025-03-04 19:14:11,009 - Process-3 - INFO - Message Received from client 2
2025-03-04 19:14:11,179 - Process-2 - INFO - Message Received from client 1
2025-03-04 19:14:11,652 - Process-3 - INFO - Message Received from client 1
2025-03-04 19:14:11,714 - Process-2 - INFO - Message Received from client 1
2025-03-04 19:14:12,219 - Process-1 - INFO - Message Received from client 2
2025-03-04 19:14:12,237 - Process-3 - INFO - Message Received from client 2
2025-03-04 19:14:12,649 - Process-2 - INFO - Message Received from client 3
2025-03-04 19:14:12,649 - Process-1 - INFO - Message Received from client 3
2025-03-04 19:14:12,680 - Process-3 - INFO - Message Received from client 2
2025-03-04 19:14:12,735 - Process-1 - INFO - Message Received from client 2
2025-03-04 19:14:13,220 - Process-1 - INFO - Message Received from client 3
2025-03-04 19:14:13,703 - Process-2 - INFO - Message Received from client 3
2025-03-04 19:14:13,734 - Process-1 - INFO - Message Received from client 3
2025-03-04 19:14:14,118 - Process-2 - INFO - Message Received from client 3
2025-03-04 19:14:14,381 - Process-2 - INFO - Message Received from client 3
2025-03-04 19:14:14,718 - Process-2 - INFO - Message Received from client 3
2025-03-04 19:14:14,718 - Process-1 - INFO - Message Received from client 2
2025-03-04 19:14:14,739 - Process-1 - INFO - Message Received from client 3
2025-03-04 19:14:15,005 - Process-2 - INFO - Message Received from client 3
2025-03-04 19:14:15,129 - Process-1 - INFO - Message Received from client 3
2025-03-04 19:14:16,136 - Process-1 - INFO - Message Received from client 3
2025-03-04 19:14:16,174 - Process-3 - INFO - Message Received from client 2
2025-03-04 19:14:16,404 - Process-3 - INFO - Message Received from client 2
2025-03-04 19:14:16,854 - Process-1 - INFO - Message Received from client 2
2025-03-04 19:14:16,932 - Process-2 - INFO - Message Received from client 3
2025-03-04 19:14:17,254 - Process-1 - INFO - Message Received from client 3
2025-03-04 19:14:17,254 - Process-2 - INFO - Message Received from client 3
2025-03-04 19:14:17,301 - Process-3 - INFO - Message Received from client 2
2025-03-04 19:14:17,441 - Process-1 - INFO - Message Received from client 2
2025-03-04 19:14:18,239 - Process-1 - INFO - Message Received from client 3
2025-03-04 19:14:18,269 - Process-1 - INFO - Message Received from client 2
2025-03-04 19:14:18,641 - Process-1 - INFO - Message Received from client 3
2025-03-04 19:14:18,722 - Process-2 - INFO - Message Received from client 3
2025-03-04 19:14:19,391 - Process-1 - INFO - Message Received from client 3
2025-03-04 19:14:19,443 - Process-3 - INFO - Message Received from client 2
2025-03-04 19:14:19,506 - Process-1 - INFO - Message Received from client 3
2025-03-04 19:14:19,536 - Process-1 - INFO - Message Received from client 2
2025-03-04 19:14:19,922 - Process-3 - INFO - Message Received from client 2
2025-03-04 19:14:20,014 - Process-1 - INFO - Message Received from client 2
2025-03-04 19:14:20,091 - Process-3 - INFO - Message Received from client 2
2025-03-04 19:14:20,492 - Process-1 - INFO - Message Received from client 2
2025-03-04 19:14:21,798 - Process-3 - INFO - Message Received from client 2
2025-03-04 19:14:21,844 - Process-1 - INFO - Message Received from client 2
2025-03-04 19:14:22,157 - Process-2 - INFO - Message Received from client 3
2025-03-04 19:14:22,725 - Process-2 - INFO - Message Received from client 1
2025-03-04 19:14:22,756 - Process-3 - INFO - Message Received from client 1
2025-03-04 19:14:23,290 - Process-1 - INFO - Message Received from client 2
2025-03-04 19:14:23,654 - Process-2 - INFO - Message Received from client 3
2025-03-04 19:14:23,743 - Process-3 - INFO - Message Received from client 2
2025-03-04 19:14:24,346 - Process-1 - INFO - Message Received from client 3
2025-03-04 19:14:24,860 - Process-3 - INFO - Message Received from client 2
2025-03-04 19:14:25,208 - Process-2 - INFO - Message Received from client 3
2025-03-04 19:14:26,193 - Process-2 - INFO - Message Received from client 1
2025-03-04 19:14:26,461 - Process-2 - INFO - Message Received from client 1
2025-03-04 19:14:26,461 - Process-3 - INFO - Message Received from client 1
2025-03-04 19:14:26,991 - Process-3 - INFO - Message Received from client 1
2025-03-04 19:14:26,991 - Process-2 - INFO - Message Received from client 1
2025-03-04 19:14:27,780 - Process-1 - INFO - Message Received from client 2
2025-03-04 19:14:27,996 - Process-3 - INFO - Message Received from client 2
2025-03-04 19:14:28,227 - Process-1 - INFO - Message Received from client 2
2025-03-04 19:14:28,234 - Process-3 - INFO - Message Received from client 2
2025-03-04 19:14:28,625 - Process-1 - INFO - Message Received from client 3
2025-03-04 19:14:28,656 - Process-1 - INFO - Message Received from client 2
2025-03-04 19:14:28,797 - Process-1 - INFO - Message Received from client 3
2025-03-04 19:14:28,880 - Process-3 - INFO - Message Received from client 2
2025-03-04 19:14:28,911 - Process-1 - INFO - Message Received from client 2
2025-03-04 19:14:29,608 - Process-2 - INFO - Message Received from client 3
2025-03-04 19:14:29,763 - Process-1 - INFO - Message Received from client 3
2025-03-04 19:14:30,398 - Process-2 - INFO - Message Received from client 1
2025-03-04 19:14:30,719 - Process-2 - INFO - Message Received from client 1
2025-03-04 19:14:31,916 - Process-2 - INFO - Message Received from client 3
2025-03-04 19:14:31,931 - Process-1 - INFO - Message Received from client 3
2025-03-04 19:14:32,319 - Process-2 - INFO - Message Received from client 3
2025-03-04 19:14:32,836 - Process-2 - INFO - Message Received from client 3
2025-03-04 19:14:32,918 - Process-1 - INFO - Message Received from client 3
2025-03-04 19:14:33,325 - Process-1 - INFO - Message Received from client 3
2025-03-04 19:14:33,635 - Process-1 - INFO - Message Received from client 3
2025-03-04 19:14:33,696 - Process-2 - INFO - Message Received from client 3
2025-03-04 19:14:34,084 - Process-1 - INFO - Message Received from client 2
2025-03-04 19:14:34,100 - Process-2 - INFO - Message Received from client 1
2025-03-04 19:14:34,115 - Process-3 - INFO - Message Received from client 2
2025-03-04 19:14:34,663 - Process-3 - INFO - Message Received from client 1
2025-03-04 19:14:34,967 - Process-3 - INFO - Message Received from client 1
2025-03-04 19:14:34,983 - Process-2 - INFO - Message Received from client 1
2025-03-04 19:14:35,346 - Process-1 - INFO - Message Received from client 2
2025-03-04 19:14:35,516 - Process-3 - INFO - Message Received from client 2
2025-03-04 19:14:35,609 - Process-1 - INFO - Message Received from client 2
2025-03-04 19:14:36,037 - Process-3 - INFO - Message Received from client 2
2025-03-04 19:14:36,254 - Process-2 - INFO - Message Received from client 1
2025-03-04 19:14:36,450 - Process-1 - INFO - Message Received from client 3
2025-03-04 19:14:36,559 - Process-1 - INFO - Message Received from client 3
2025-03-04 19:14:36,852 - Process-3 - INFO - Message Received from client 2
2025-03-04 19:14:37,319 - Process-3 - INFO - Message Received from client 1
2025-03-04 19:14:37,425 - Process-2 - INFO - Message Received from client 1
2025-03-04 19:14:37,688 - Process-1 - INFO - Message Received from client 3
2025-03-04 19:14:37,754 - Process-1 - INFO - Message Received from client 2
2025-03-04 19:14:38,079 - Process-1 - INFO - Message Received from client 3
2025-03-04 19:14:39,020 - Process-1 - INFO - Message Received from client 3
2025-03-04 19:14:39,066 - Process-2 - INFO - Message Received from client 3
2025-03-04 19:14:39,499 - Process-1 - INFO - Message Received from client 3
2025-03-04 19:14:39,743 - Process-1 - INFO - Message Received from client 2
2025-03-04 19:14:39,758 - Process-3 - INFO - Message Received from client 2
2025-03-04 19:14:40,293 - Process-3 - INFO - Message Received from client 2
2025-03-04 19:14:40,343 - Process-1 - INFO - Message Received from client 2
2025-03-04 19:14:40,853 - Process-2 - INFO - Stopping messaging thread for client 3
2025-03-04 19:14:40,853 - Process-2 - INFO - Stopping messaging thread for client 1
2025-03-04 19:14:40,861 - Process-3 - INFO - Stopping messaging thread for client 2
2025-03-04 19:14:40,861 - Process-3 - INFO - Stopping messaging thread for client 1
2025-03-04 19:14:40,879 - Process-2 - INFO - Server stopped
2025-03-04 19:14:40,879 - Process-2 - INFO - Server for client 2 stopped
2025-03-04 19:14:40,879 - Process-2 - INFO - Closing client
2025-03-04 19:14:40,893 - Process-1 - INFO - Client 2 is unavailable. This is likely the result of graceful server shutdown and can be ignored.
2025-03-04 19:14:40,893 - Process-3 - INFO - Message Received from client 1
2025-03-04 19:14:40,894 - Process-3 - INFO - Server stopped
2025-03-04 19:14:40,895 - Process-3 - INFO - Server for client 3 stopped
2025-03-04 19:14:40,895 - Process-3 - INFO - Closing client
2025-03-04 19:14:40,999 - Process-1 - INFO - Client 3 is unavailable. This is likely the result of graceful server shutdown and can be ignored.
2025-03-04 19:14:41,161 - Process-1 - INFO - Stopping messaging thread for client 3
2025-03-04 19:14:41,162 - Process-1 - INFO - Server stopped
2025-03-04 19:14:41,164 - Process-1 - INFO - Server for client 1 stopped
2025-03-04 19:14:41,168 - Process-1 - INFO - Closing client
