2025-03-05 02:51:51,147 - INFO - Clock rate for client 2: 5 events per second
2025-03-05 02:51:51,681 - INFO - EVENT: Internal Event | LOGICAL TIME: 1 | PHYSICAL TIME: 2025-03-05 02:51:51.68, MESSAGE QUEUE LENGTH: 0

2025-03-05 02:51:51,912 - INFO - EVENT: Receive Msg | SENDER: 3 | LOGICAL TIME: 2 | PHYSICAL TIME: 2025-03-05 02:51:51.00, MESSAGE QUEUE LENGTH: 2

2025-03-05 02:51:52,131 - INFO - EVENT: Receive Msg | SENDER: 1 | LOGICAL TIME: 3 | PHYSICAL TIME: 2025-03-05 02:51:51.00, MESSAGE QUEUE LENGTH: 1

2025-03-05 02:51:52,464 - INFO - EVENT: Send Msg | RECIPIENT: 1 and 3 | LOGICAL TIME: 4 | PHYSICAL TIME: 2025-03-05 02:51:52.46, MESSAGE QUEUE LENGTH: 0

2025-03-05 02:51:52,698 - INFO - EVENT: Internal Event | LOGICAL TIME: 5 | PHYSICAL TIME: 2025-03-05 02:51:52.69, MESSAGE QUEUE LENGTH: 0

2025-03-05 02:51:52,933 - INFO - EVENT: Send Msg | RECIPIENT: 1 and 3 | LOGICAL TIME: 6 | PHYSICAL TIME: 2025-03-05 02:51:52.93, MESSAGE QUEUE LENGTH: 0

2025-03-05 02:51:53,147 - INFO - EVENT: Send Msg | RECIPIENT: 1 and 3 | LOGICAL TIME: 7 | PHYSICAL TIME: 2025-03-05 02:51:53.14, MESSAGE QUEUE LENGTH: 0

2025-03-05 02:51:53,360 - INFO - EVENT: Internal Event | LOGICAL TIME: 8 | PHYSICAL TIME: 2025-03-05 02:51:53.36, MESSAGE QUEUE LENGTH: 0

2025-03-05 02:51:53,629 - INFO - EVENT: Internal Event | LOGICAL TIME: 9 | PHYSICAL TIME: 2025-03-05 02:51:53.62, MESSAGE QUEUE LENGTH: 0

2025-03-05 02:51:53,833 - INFO - EVENT: Send Msg | RECIPIENT: 1 and 3 | LOGICAL TIME: 10 | PHYSICAL TIME: 2025-03-05 02:51:53.83, MESSAGE QUEUE LENGTH: 0

2025-03-05 02:51:54,049 - INFO - EVENT: Internal Event | LOGICAL TIME: 11 | PHYSICAL TIME: 2025-03-05 02:51:54.04, MESSAGE QUEUE LENGTH: 0

2025-03-05 02:51:54,263 - INFO - EVENT: Send Msg | RECIPIENT: 1 and 3 | LOGICAL TIME: 12 | PHYSICAL TIME: 2025-03-05 02:51:54.26, MESSAGE QUEUE LENGTH: 0

2025-03-05 02:51:54,511 - INFO - EVENT: Internal Event | LOGICAL TIME: 13 | PHYSICAL TIME: 2025-03-05 02:51:54.51, MESSAGE QUEUE LENGTH: 0

2025-03-05 02:51:54,714 - INFO - EVENT: Send Msg | RECIPIENT: 1 | LOGICAL TIME: 14 | PHYSICAL TIME: 2025-03-05 02:51:54.71, MESSAGE QUEUE LENGTH: 0

2025-03-05 02:51:54,916 - INFO - EVENT: Internal Event | LOGICAL TIME: 15 | PHYSICAL TIME: 2025-03-05 02:51:54.91, MESSAGE QUEUE LENGTH: 0

2025-03-05 02:51:55,118 - INFO - EVENT: Internal Event | LOGICAL TIME: 16 | PHYSICAL TIME: 2025-03-05 02:51:55.11, MESSAGE QUEUE LENGTH: 0

2025-03-05 02:51:55,333 - INFO - EVENT: Internal Event | LOGICAL TIME: 17 | PHYSICAL TIME: 2025-03-05 02:51:55.33, MESSAGE QUEUE LENGTH: 0

2025-03-05 02:51:55,547 - INFO - EVENT: Internal Event | LOGICAL TIME: 18 | PHYSICAL TIME: 2025-03-05 02:51:55.54, MESSAGE QUEUE LENGTH: 0

2025-03-05 02:51:55,767 - INFO - EVENT: Internal Event | LOGICAL TIME: 19 | PHYSICAL TIME: 2025-03-05 02:51:55.76, MESSAGE QUEUE LENGTH: 0

2025-03-05 02:51:55,981 - INFO - EVENT: Receive Msg | SENDER: 3 | LOGICAL TIME: 20 | PHYSICAL TIME: 2025-03-05 02:51:55.00, MESSAGE QUEUE LENGTH: 1

2025-03-05 02:51:56,183 - INFO - EVENT: Internal Event | LOGICAL TIME: 21 | PHYSICAL TIME: 2025-03-05 02:51:56.18, MESSAGE QUEUE LENGTH: 0

2025-03-05 02:51:56,501 - INFO - EVENT: Internal Event | LOGICAL TIME: 22 | PHYSICAL TIME: 2025-03-05 02:51:56.50, MESSAGE QUEUE LENGTH: 0

2025-03-05 02:51:56,835 - INFO - EVENT: Internal Event | LOGICAL TIME: 23 | PHYSICAL TIME: 2025-03-05 02:51:56.83, MESSAGE QUEUE LENGTH: 0

2025-03-05 02:51:57,117 - INFO - EVENT: Internal Event | LOGICAL TIME: 24 | PHYSICAL TIME: 2025-03-05 02:51:57.11, MESSAGE QUEUE LENGTH: 0

2025-03-05 02:51:57,335 - INFO - EVENT: Internal Event | LOGICAL TIME: 25 | PHYSICAL TIME: 2025-03-05 02:51:57.33, MESSAGE QUEUE LENGTH: 0

2025-03-05 02:51:57,542 - INFO - EVENT: Internal Event | LOGICAL TIME: 26 | PHYSICAL TIME: 2025-03-05 02:51:57.54, MESSAGE QUEUE LENGTH: 0

2025-03-05 02:51:57,802 - INFO - EVENT: Internal Event | LOGICAL TIME: 27 | PHYSICAL TIME: 2025-03-05 02:51:57.80, MESSAGE QUEUE LENGTH: 0

2025-03-05 02:51:58,015 - INFO - EVENT: Internal Event | LOGICAL TIME: 28 | PHYSICAL TIME: 2025-03-05 02:51:58.01, MESSAGE QUEUE LENGTH: 0

2025-03-05 02:51:58,218 - INFO - EVENT: Internal Event | LOGICAL TIME: 29 | PHYSICAL TIME: 2025-03-05 02:51:58.21, MESSAGE QUEUE LENGTH: 0

2025-03-05 02:51:58,514 - INFO - EVENT: Internal Event | LOGICAL TIME: 30 | PHYSICAL TIME: 2025-03-05 02:51:58.51, MESSAGE QUEUE LENGTH: 0

2025-03-05 02:51:58,733 - INFO - EVENT: Internal Event | LOGICAL TIME: 31 | PHYSICAL TIME: 2025-03-05 02:51:58.73, MESSAGE QUEUE LENGTH: 0

2025-03-05 02:51:58,953 - INFO - EVENT: Internal Event | LOGICAL TIME: 32 | PHYSICAL TIME: 2025-03-05 02:51:58.95, MESSAGE QUEUE LENGTH: 0

2025-03-05 02:51:59,169 - INFO - EVENT: Internal Event | LOGICAL TIME: 33 | PHYSICAL TIME: 2025-03-05 02:51:59.16, MESSAGE QUEUE LENGTH: 0

2025-03-05 02:51:59,400 - INFO - EVENT: Internal Event | LOGICAL TIME: 34 | PHYSICAL TIME: 2025-03-05 02:51:59.40, MESSAGE QUEUE LENGTH: 0

2025-03-05 02:51:59,637 - INFO - EVENT: Internal Event | LOGICAL TIME: 35 | PHYSICAL TIME: 2025-03-05 02:51:59.63, MESSAGE QUEUE LENGTH: 0

2025-03-05 02:51:59,868 - INFO - EVENT: Send Msg | RECIPIENT: 3 | LOGICAL TIME: 36 | PHYSICAL TIME: 2025-03-05 02:51:59.86, MESSAGE QUEUE LENGTH: 0

2025-03-05 02:52:00,154 - INFO - EVENT: Receive Msg | SENDER: 3 | LOGICAL TIME: 40 | PHYSICAL TIME: 2025-03-05 02:51:59.00, MESSAGE QUEUE LENGTH: 1

2025-03-05 02:52:00,356 - INFO - EVENT: Internal Event | LOGICAL TIME: 41 | PHYSICAL TIME: 2025-03-05 02:52:00.35, MESSAGE QUEUE LENGTH: 0

2025-03-05 02:52:00,586 - INFO - EVENT: Internal Event | LOGICAL TIME: 42 | PHYSICAL TIME: 2025-03-05 02:52:00.58, MESSAGE QUEUE LENGTH: 0

2025-03-05 02:52:00,788 - INFO - EVENT: Internal Event | LOGICAL TIME: 43 | PHYSICAL TIME: 2025-03-05 02:52:00.78, MESSAGE QUEUE LENGTH: 0

2025-03-05 02:52:01,002 - INFO - EVENT: Internal Event | LOGICAL TIME: 44 | PHYSICAL TIME: 2025-03-05 02:52:01.00, MESSAGE QUEUE LENGTH: 0

2025-03-05 02:52:01,205 - INFO - EVENT: Internal Event | LOGICAL TIME: 45 | PHYSICAL TIME: 2025-03-05 02:52:01.20, MESSAGE QUEUE LENGTH: 0

2025-03-05 02:52:01,407 - INFO - EVENT: Send Msg | RECIPIENT: 1 and 3 | LOGICAL TIME: 46 | PHYSICAL TIME: 2025-03-05 02:52:01.40, MESSAGE QUEUE LENGTH: 0

2025-03-05 02:52:01,618 - INFO - EVENT: Internal Event | LOGICAL TIME: 47 | PHYSICAL TIME: 2025-03-05 02:52:01.61, MESSAGE QUEUE LENGTH: 0

2025-03-05 02:52:01,886 - INFO - EVENT: Internal Event | LOGICAL TIME: 48 | PHYSICAL TIME: 2025-03-05 02:52:01.88, MESSAGE QUEUE LENGTH: 0

2025-03-05 02:52:02,172 - INFO - EVENT: Internal Event | LOGICAL TIME: 49 | PHYSICAL TIME: 2025-03-05 02:52:02.17, MESSAGE QUEUE LENGTH: 0

2025-03-05 02:52:02,455 - INFO - EVENT: Internal Event | LOGICAL TIME: 50 | PHYSICAL TIME: 2025-03-05 02:52:02.45, MESSAGE QUEUE LENGTH: 0

2025-03-05 02:52:02,688 - INFO - EVENT: Internal Event | LOGICAL TIME: 51 | PHYSICAL TIME: 2025-03-05 02:52:02.68, MESSAGE QUEUE LENGTH: 0

2025-03-05 02:52:02,890 - INFO - EVENT: Internal Event | LOGICAL TIME: 52 | PHYSICAL TIME: 2025-03-05 02:52:02.89, MESSAGE QUEUE LENGTH: 0

2025-03-05 02:52:03,091 - INFO - EVENT: Internal Event | LOGICAL TIME: 53 | PHYSICAL TIME: 2025-03-05 02:52:03.09, MESSAGE QUEUE LENGTH: 0

2025-03-05 02:52:03,339 - INFO - EVENT: Internal Event | LOGICAL TIME: 54 | PHYSICAL TIME: 2025-03-05 02:52:03.33, MESSAGE QUEUE LENGTH: 0

2025-03-05 02:52:03,557 - INFO - EVENT: Internal Event | LOGICAL TIME: 55 | PHYSICAL TIME: 2025-03-05 02:52:03.55, MESSAGE QUEUE LENGTH: 0

2025-03-05 02:52:03,806 - INFO - EVENT: Internal Event | LOGICAL TIME: 56 | PHYSICAL TIME: 2025-03-05 02:52:03.80, MESSAGE QUEUE LENGTH: 0

2025-03-05 02:52:04,139 - INFO - EVENT: Receive Msg | SENDER: 3 | LOGICAL TIME: 59 | PHYSICAL TIME: 2025-03-05 02:52:03.00, MESSAGE QUEUE LENGTH: 1

2025-03-05 02:52:04,407 - INFO - EVENT: Receive Msg | SENDER: 3 | LOGICAL TIME: 60 | PHYSICAL TIME: 2025-03-05 02:52:03.00, MESSAGE QUEUE LENGTH: 1

2025-03-05 02:52:04,635 - INFO - EVENT: Internal Event | LOGICAL TIME: 61 | PHYSICAL TIME: 2025-03-05 02:52:04.63, MESSAGE QUEUE LENGTH: 0

2025-03-05 02:52:04,936 - INFO - EVENT: Send Msg | RECIPIENT: 1 and 3 | LOGICAL TIME: 62 | PHYSICAL TIME: 2025-03-05 02:52:04.93, MESSAGE QUEUE LENGTH: 0

2025-03-05 02:52:05,172 - INFO - EVENT: Internal Event | LOGICAL TIME: 63 | PHYSICAL TIME: 2025-03-05 02:52:05.17, MESSAGE QUEUE LENGTH: 0

2025-03-05 02:52:05,409 - INFO - EVENT: Internal Event | LOGICAL TIME: 64 | PHYSICAL TIME: 2025-03-05 02:52:05.40, MESSAGE QUEUE LENGTH: 0

2025-03-05 02:52:05,858 - INFO - EVENT: Receive Msg | SENDER: 3 | LOGICAL TIME: 68 | PHYSICAL TIME: 2025-03-05 02:52:05.00, MESSAGE QUEUE LENGTH: 1

2025-03-05 02:52:06,092 - INFO - EVENT: Internal Event | LOGICAL TIME: 69 | PHYSICAL TIME: 2025-03-05 02:52:06.09, MESSAGE QUEUE LENGTH: 0

2025-03-05 02:52:06,360 - INFO - EVENT: Receive Msg | SENDER: 3 | LOGICAL TIME: 70 | PHYSICAL TIME: 2025-03-05 02:52:06.00, MESSAGE QUEUE LENGTH: 1

2025-03-05 02:52:06,674 - INFO - EVENT: Receive Msg | SENDER: 3 | LOGICAL TIME: 71 | PHYSICAL TIME: 2025-03-05 02:52:06.00, MESSAGE QUEUE LENGTH: 1

2025-03-05 02:52:06,877 - INFO - EVENT: Send Msg | RECIPIENT: 1 | LOGICAL TIME: 72 | PHYSICAL TIME: 2025-03-05 02:52:06.87, MESSAGE QUEUE LENGTH: 0

2025-03-05 02:52:07,090 - INFO - EVENT: Internal Event | LOGICAL TIME: 73 | PHYSICAL TIME: 2025-03-05 02:52:07.09, MESSAGE QUEUE LENGTH: 0

2025-03-05 02:52:07,328 - INFO - EVENT: Internal Event | LOGICAL TIME: 74 | PHYSICAL TIME: 2025-03-05 02:52:07.32, MESSAGE QUEUE LENGTH: 0

2025-03-05 02:52:07,542 - INFO - EVENT: Internal Event | LOGICAL TIME: 75 | PHYSICAL TIME: 2025-03-05 02:52:07.54, MESSAGE QUEUE LENGTH: 0

2025-03-05 02:52:07,745 - INFO - EVENT: Internal Event | LOGICAL TIME: 76 | PHYSICAL TIME: 2025-03-05 02:52:07.74, MESSAGE QUEUE LENGTH: 0

2025-03-05 02:52:07,993 - INFO - EVENT: Internal Event | LOGICAL TIME: 77 | PHYSICAL TIME: 2025-03-05 02:52:07.99, MESSAGE QUEUE LENGTH: 0

2025-03-05 02:52:08,243 - INFO - EVENT: Internal Event | LOGICAL TIME: 78 | PHYSICAL TIME: 2025-03-05 02:52:08.24, MESSAGE QUEUE LENGTH: 0

2025-03-05 02:52:08,478 - INFO - EVENT: Internal Event | LOGICAL TIME: 79 | PHYSICAL TIME: 2025-03-05 02:52:08.47, MESSAGE QUEUE LENGTH: 0

2025-03-05 02:52:08,792 - INFO - EVENT: Receive Msg | SENDER: 3 | LOGICAL TIME: 80 | PHYSICAL TIME: 2025-03-05 02:52:08.00, MESSAGE QUEUE LENGTH: 1

2025-03-05 02:52:08,996 - INFO - EVENT: Send Msg | RECIPIENT: 3 | LOGICAL TIME: 81 | PHYSICAL TIME: 2025-03-05 02:52:08.99, MESSAGE QUEUE LENGTH: 0

2025-03-05 02:52:09,224 - INFO - EVENT: Internal Event | LOGICAL TIME: 82 | PHYSICAL TIME: 2025-03-05 02:52:09.22, MESSAGE QUEUE LENGTH: 0

2025-03-05 02:52:09,428 - INFO - EVENT: Internal Event | LOGICAL TIME: 83 | PHYSICAL TIME: 2025-03-05 02:52:09.42, MESSAGE QUEUE LENGTH: 0

2025-03-05 02:52:09,677 - INFO - EVENT: Internal Event | LOGICAL TIME: 84 | PHYSICAL TIME: 2025-03-05 02:52:09.67, MESSAGE QUEUE LENGTH: 0

2025-03-05 02:52:09,978 - INFO - EVENT: Receive Msg | SENDER: 3 | LOGICAL TIME: 86 | PHYSICAL TIME: 2025-03-05 02:52:09.00, MESSAGE QUEUE LENGTH: 1

2025-03-05 02:52:10,194 - INFO - EVENT: Send Msg | RECIPIENT: 1 and 3 | LOGICAL TIME: 87 | PHYSICAL TIME: 2025-03-05 02:52:10.19, MESSAGE QUEUE LENGTH: 0

2025-03-05 02:52:10,397 - INFO - EVENT: Send Msg | RECIPIENT: 1 | LOGICAL TIME: 88 | PHYSICAL TIME: 2025-03-05 02:52:10.39, MESSAGE QUEUE LENGTH: 0

2025-03-05 02:52:10,612 - INFO - EVENT: Send Msg | RECIPIENT: 1 and 3 | LOGICAL TIME: 89 | PHYSICAL TIME: 2025-03-05 02:52:10.61, MESSAGE QUEUE LENGTH: 0

2025-03-05 02:52:10,828 - INFO - EVENT: Send Msg | RECIPIENT: 3 | LOGICAL TIME: 90 | PHYSICAL TIME: 2025-03-05 02:52:10.82, MESSAGE QUEUE LENGTH: 0

2025-03-05 02:52:11,097 - INFO - EVENT: Send Msg | RECIPIENT: 1 and 3 | LOGICAL TIME: 91 | PHYSICAL TIME: 2025-03-05 02:52:11.09, MESSAGE QUEUE LENGTH: 0

2025-03-05 02:52:11,330 - INFO - EVENT: Internal Event | LOGICAL TIME: 92 | PHYSICAL TIME: 2025-03-05 02:52:11.33, MESSAGE QUEUE LENGTH: 0

2025-03-05 02:52:11,579 - INFO - EVENT: Send Msg | RECIPIENT: 1 | LOGICAL TIME: 93 | PHYSICAL TIME: 2025-03-05 02:52:11.57, MESSAGE QUEUE LENGTH: 0

2025-03-05 02:52:11,845 - INFO - EVENT: Receive Msg | SENDER: 3 | LOGICAL TIME: 95 | PHYSICAL TIME: 2025-03-05 02:52:11.00, MESSAGE QUEUE LENGTH: 1

2025-03-05 02:52:12,056 - INFO - EVENT: Receive Msg | SENDER: 3 | LOGICAL TIME: 96 | PHYSICAL TIME: 2025-03-05 02:52:11.00, MESSAGE QUEUE LENGTH: 1

2025-03-05 02:52:12,275 - INFO - EVENT: Send Msg | RECIPIENT: 1 | LOGICAL TIME: 97 | PHYSICAL TIME: 2025-03-05 02:52:12.27, MESSAGE QUEUE LENGTH: 0

2025-03-05 02:52:12,512 - INFO - EVENT: Internal Event | LOGICAL TIME: 98 | PHYSICAL TIME: 2025-03-05 02:52:12.51, MESSAGE QUEUE LENGTH: 0

2025-03-05 02:52:12,729 - INFO - EVENT: Internal Event | LOGICAL TIME: 99 | PHYSICAL TIME: 2025-03-05 02:52:12.72, MESSAGE QUEUE LENGTH: 0

2025-03-05 02:52:12,964 - INFO - EVENT: Internal Event | LOGICAL TIME: 100 | PHYSICAL TIME: 2025-03-05 02:52:12.96, MESSAGE QUEUE LENGTH: 0

2025-03-05 02:52:13,178 - INFO - EVENT: Receive Msg | SENDER: 3 | LOGICAL TIME: 102 | PHYSICAL TIME: 2025-03-05 02:52:12.00, MESSAGE QUEUE LENGTH: 1

2025-03-05 02:52:13,414 - INFO - EVENT: Internal Event | LOGICAL TIME: 103 | PHYSICAL TIME: 2025-03-05 02:52:13.41, MESSAGE QUEUE LENGTH: 0

2025-03-05 02:52:13,616 - INFO - EVENT: Internal Event | LOGICAL TIME: 104 | PHYSICAL TIME: 2025-03-05 02:52:13.61, MESSAGE QUEUE LENGTH: 0

2025-03-05 02:52:13,830 - INFO - EVENT: Receive Msg | SENDER: 3 | LOGICAL TIME: 105 | PHYSICAL TIME: 2025-03-05 02:52:13.00, MESSAGE QUEUE LENGTH: 1

2025-03-05 02:52:14,064 - INFO - EVENT: Internal Event | LOGICAL TIME: 106 | PHYSICAL TIME: 2025-03-05 02:52:14.06, MESSAGE QUEUE LENGTH: 0

2025-03-05 02:52:14,431 - INFO - EVENT: Internal Event | LOGICAL TIME: 107 | PHYSICAL TIME: 2025-03-05 02:52:14.43, MESSAGE QUEUE LENGTH: 0

2025-03-05 02:52:14,711 - INFO - EVENT: Internal Event | LOGICAL TIME: 108 | PHYSICAL TIME: 2025-03-05 02:52:14.71, MESSAGE QUEUE LENGTH: 0

2025-03-05 02:52:15,025 - INFO - EVENT: Internal Event | LOGICAL TIME: 109 | PHYSICAL TIME: 2025-03-05 02:52:15.02, MESSAGE QUEUE LENGTH: 0

2025-03-05 02:52:15,314 - INFO - EVENT: Internal Event | LOGICAL TIME: 110 | PHYSICAL TIME: 2025-03-05 02:52:15.31, MESSAGE QUEUE LENGTH: 0

2025-03-05 02:52:15,614 - INFO - EVENT: Internal Event | LOGICAL TIME: 111 | PHYSICAL TIME: 2025-03-05 02:52:15.61, MESSAGE QUEUE LENGTH: 0

2025-03-05 02:52:15,834 - INFO - EVENT: Internal Event | LOGICAL TIME: 112 | PHYSICAL TIME: 2025-03-05 02:52:15.83, MESSAGE QUEUE LENGTH: 0

2025-03-05 02:52:16,052 - INFO - EVENT: Internal Event | LOGICAL TIME: 113 | PHYSICAL TIME: 2025-03-05 02:52:16.05, MESSAGE QUEUE LENGTH: 0

2025-03-05 02:52:16,267 - INFO - EVENT: Internal Event | LOGICAL TIME: 114 | PHYSICAL TIME: 2025-03-05 02:52:16.26, MESSAGE QUEUE LENGTH: 0

2025-03-05 02:52:16,482 - INFO - EVENT: Send Msg | RECIPIENT: 3 | LOGICAL TIME: 115 | PHYSICAL TIME: 2025-03-05 02:52:16.48, MESSAGE QUEUE LENGTH: 0

2025-03-05 02:52:16,685 - INFO - EVENT: Internal Event | LOGICAL TIME: 116 | PHYSICAL TIME: 2025-03-05 02:52:16.68, MESSAGE QUEUE LENGTH: 0

2025-03-05 02:52:16,886 - INFO - EVENT: Internal Event | LOGICAL TIME: 117 | PHYSICAL TIME: 2025-03-05 02:52:16.88, MESSAGE QUEUE LENGTH: 0

2025-03-05 02:52:17,152 - INFO - EVENT: Internal Event | LOGICAL TIME: 118 | PHYSICAL TIME: 2025-03-05 02:52:17.15, MESSAGE QUEUE LENGTH: 0

2025-03-05 02:52:17,353 - INFO - EVENT: Internal Event | LOGICAL TIME: 119 | PHYSICAL TIME: 2025-03-05 02:52:17.35, MESSAGE QUEUE LENGTH: 0

2025-03-05 02:52:17,618 - INFO - EVENT: Internal Event | LOGICAL TIME: 120 | PHYSICAL TIME: 2025-03-05 02:52:17.61, MESSAGE QUEUE LENGTH: 0

2025-03-05 02:52:17,902 - INFO - EVENT: Receive Msg | SENDER: 3 | LOGICAL TIME: 124 | PHYSICAL TIME: 2025-03-05 02:52:17.00, MESSAGE QUEUE LENGTH: 1

2025-03-05 02:52:18,131 - INFO - EVENT: Internal Event | LOGICAL TIME: 125 | PHYSICAL TIME: 2025-03-05 02:52:18.13, MESSAGE QUEUE LENGTH: 0

2025-03-05 02:52:18,434 - INFO - EVENT: Send Msg | RECIPIENT: 1 | LOGICAL TIME: 126 | PHYSICAL TIME: 2025-03-05 02:52:18.43, MESSAGE QUEUE LENGTH: 0

2025-03-05 02:52:18,667 - INFO - EVENT: Internal Event | LOGICAL TIME: 127 | PHYSICAL TIME: 2025-03-05 02:52:18.66, MESSAGE QUEUE LENGTH: 0

2025-03-05 02:52:18,967 - INFO - EVENT: Send Msg | RECIPIENT: 3 | LOGICAL TIME: 128 | PHYSICAL TIME: 2025-03-05 02:52:18.96, MESSAGE QUEUE LENGTH: 0

2025-03-05 02:52:19,168 - INFO - EVENT: Send Msg | RECIPIENT: 1 | LOGICAL TIME: 129 | PHYSICAL TIME: 2025-03-05 02:52:19.16, MESSAGE QUEUE LENGTH: 0

2025-03-05 02:52:19,385 - INFO - EVENT: Internal Event | LOGICAL TIME: 130 | PHYSICAL TIME: 2025-03-05 02:52:19.38, MESSAGE QUEUE LENGTH: 0

2025-03-05 02:52:19,603 - INFO - EVENT: Internal Event | LOGICAL TIME: 131 | PHYSICAL TIME: 2025-03-05 02:52:19.60, MESSAGE QUEUE LENGTH: 0

2025-03-05 02:52:19,820 - INFO - EVENT: Internal Event | LOGICAL TIME: 132 | PHYSICAL TIME: 2025-03-05 02:52:19.82, MESSAGE QUEUE LENGTH: 0

2025-03-05 02:52:20,114 - INFO - EVENT: Receive Msg | SENDER: 3 | LOGICAL TIME: 135 | PHYSICAL TIME: 2025-03-05 02:52:19.00, MESSAGE QUEUE LENGTH: 1

2025-03-05 02:52:20,322 - INFO - EVENT: Receive Msg | SENDER: 3 | LOGICAL TIME: 136 | PHYSICAL TIME: 2025-03-05 02:52:20.00, MESSAGE QUEUE LENGTH: 1

2025-03-05 02:52:20,689 - INFO - EVENT: Internal Event | LOGICAL TIME: 137 | PHYSICAL TIME: 2025-03-05 02:52:20.68, MESSAGE QUEUE LENGTH: 0

2025-03-05 02:52:20,973 - INFO - EVENT: Send Msg | RECIPIENT: 3 | LOGICAL TIME: 138 | PHYSICAL TIME: 2025-03-05 02:52:20.97, MESSAGE QUEUE LENGTH: 0

2025-03-05 02:52:21,204 - INFO - EVENT: Receive Msg | SENDER: 3 | LOGICAL TIME: 139 | PHYSICAL TIME: 2025-03-05 02:52:20.00, MESSAGE QUEUE LENGTH: 1

2025-03-05 02:52:21,422 - INFO - EVENT: Internal Event | LOGICAL TIME: 140 | PHYSICAL TIME: 2025-03-05 02:52:21.42, MESSAGE QUEUE LENGTH: 0

2025-03-05 02:52:21,640 - INFO - EVENT: Send Msg | RECIPIENT: 1 and 3 | LOGICAL TIME: 141 | PHYSICAL TIME: 2025-03-05 02:52:21.64, MESSAGE QUEUE LENGTH: 0

2025-03-05 02:52:21,939 - INFO - EVENT: Send Msg | RECIPIENT: 1 and 3 | LOGICAL TIME: 142 | PHYSICAL TIME: 2025-03-05 02:52:21.93, MESSAGE QUEUE LENGTH: 0

2025-03-05 02:52:22,139 - INFO - EVENT: Internal Event | LOGICAL TIME: 143 | PHYSICAL TIME: 2025-03-05 02:52:22.13, MESSAGE QUEUE LENGTH: 0

2025-03-05 02:52:22,402 - INFO - EVENT: Internal Event | LOGICAL TIME: 144 | PHYSICAL TIME: 2025-03-05 02:52:22.40, MESSAGE QUEUE LENGTH: 0

2025-03-05 02:52:22,671 - INFO - EVENT: Send Msg | RECIPIENT: 1 | LOGICAL TIME: 145 | PHYSICAL TIME: 2025-03-05 02:52:22.67, MESSAGE QUEUE LENGTH: 0

2025-03-05 02:52:23,052 - INFO - EVENT: Internal Event | LOGICAL TIME: 146 | PHYSICAL TIME: 2025-03-05 02:52:23.05, MESSAGE QUEUE LENGTH: 0

2025-03-05 02:52:23,323 - INFO - EVENT: Internal Event | LOGICAL TIME: 147 | PHYSICAL TIME: 2025-03-05 02:52:23.32, MESSAGE QUEUE LENGTH: 0

2025-03-05 02:52:23,557 - INFO - EVENT: Internal Event | LOGICAL TIME: 148 | PHYSICAL TIME: 2025-03-05 02:52:23.55, MESSAGE QUEUE LENGTH: 0

2025-03-05 02:52:23,774 - INFO - EVENT: Receive Msg | SENDER: 3 | LOGICAL TIME: 152 | PHYSICAL TIME: 2025-03-05 02:52:23.00, MESSAGE QUEUE LENGTH: 1

2025-03-05 02:52:23,991 - INFO - EVENT: Internal Event | LOGICAL TIME: 153 | PHYSICAL TIME: 2025-03-05 02:52:23.99, MESSAGE QUEUE LENGTH: 0

2025-03-05 02:52:24,203 - INFO - EVENT: Internal Event | LOGICAL TIME: 154 | PHYSICAL TIME: 2025-03-05 02:52:24.20, MESSAGE QUEUE LENGTH: 0

2025-03-05 02:52:24,456 - INFO - EVENT: Internal Event | LOGICAL TIME: 155 | PHYSICAL TIME: 2025-03-05 02:52:24.45, MESSAGE QUEUE LENGTH: 0

2025-03-05 02:52:24,706 - INFO - EVENT: Receive Msg | SENDER: 3 | LOGICAL TIME: 157 | PHYSICAL TIME: 2025-03-05 02:52:24.00, MESSAGE QUEUE LENGTH: 1

2025-03-05 02:52:24,941 - INFO - EVENT: Send Msg | RECIPIENT: 1 and 3 | LOGICAL TIME: 158 | PHYSICAL TIME: 2025-03-05 02:52:24.94, MESSAGE QUEUE LENGTH: 0

2025-03-05 02:52:25,142 - INFO - EVENT: Internal Event | LOGICAL TIME: 159 | PHYSICAL TIME: 2025-03-05 02:52:25.14, MESSAGE QUEUE LENGTH: 0

2025-03-05 02:52:25,358 - INFO - EVENT: Internal Event | LOGICAL TIME: 160 | PHYSICAL TIME: 2025-03-05 02:52:25.35, MESSAGE QUEUE LENGTH: 0

2025-03-05 02:52:25,591 - INFO - EVENT: Receive Msg | SENDER: 3 | LOGICAL TIME: 161 | PHYSICAL TIME: 2025-03-05 02:52:25.00, MESSAGE QUEUE LENGTH: 1

2025-03-05 02:52:25,825 - INFO - EVENT: Send Msg | RECIPIENT: 1 | LOGICAL TIME: 162 | PHYSICAL TIME: 2025-03-05 02:52:25.82, MESSAGE QUEUE LENGTH: 0

2025-03-05 02:52:26,059 - INFO - EVENT: Internal Event | LOGICAL TIME: 163 | PHYSICAL TIME: 2025-03-05 02:52:26.05, MESSAGE QUEUE LENGTH: 0

2025-03-05 02:52:26,323 - INFO - EVENT: Send Msg | RECIPIENT: 3 | LOGICAL TIME: 164 | PHYSICAL TIME: 2025-03-05 02:52:26.32, MESSAGE QUEUE LENGTH: 0

2025-03-05 02:52:26,576 - INFO - EVENT: Internal Event | LOGICAL TIME: 165 | PHYSICAL TIME: 2025-03-05 02:52:26.57, MESSAGE QUEUE LENGTH: 0

2025-03-05 02:52:26,794 - INFO - EVENT: Send Msg | RECIPIENT: 3 | LOGICAL TIME: 166 | PHYSICAL TIME: 2025-03-05 02:52:26.79, MESSAGE QUEUE LENGTH: 0

2025-03-05 02:52:27,026 - INFO - EVENT: Receive Msg | SENDER: 3 | LOGICAL TIME: 167 | PHYSICAL TIME: 2025-03-05 02:52:26.00, MESSAGE QUEUE LENGTH: 1

2025-03-05 02:52:27,291 - INFO - EVENT: Internal Event | LOGICAL TIME: 168 | PHYSICAL TIME: 2025-03-05 02:52:27.29, MESSAGE QUEUE LENGTH: 0

2025-03-05 02:52:27,494 - INFO - EVENT: Send Msg | RECIPIENT: 3 | LOGICAL TIME: 169 | PHYSICAL TIME: 2025-03-05 02:52:27.49, MESSAGE QUEUE LENGTH: 0

2025-03-05 02:52:27,825 - INFO - EVENT: Internal Event | LOGICAL TIME: 170 | PHYSICAL TIME: 2025-03-05 02:52:27.82, MESSAGE QUEUE LENGTH: 0

2025-03-05 02:52:28,027 - INFO - EVENT: Internal Event | LOGICAL TIME: 171 | PHYSICAL TIME: 2025-03-05 02:52:28.02, MESSAGE QUEUE LENGTH: 0

2025-03-05 02:52:28,396 - INFO - EVENT: Receive Msg | SENDER: 3 | LOGICAL TIME: 175 | PHYSICAL TIME: 2025-03-05 02:52:28.00, MESSAGE QUEUE LENGTH: 1

2025-03-05 02:52:28,612 - INFO - EVENT: Receive Msg | SENDER: 3 | LOGICAL TIME: 177 | PHYSICAL TIME: 2025-03-05 02:52:28.00, MESSAGE QUEUE LENGTH: 1

2025-03-05 02:52:28,824 - INFO - EVENT: Send Msg | RECIPIENT: 1 | LOGICAL TIME: 178 | PHYSICAL TIME: 2025-03-05 02:52:28.82, MESSAGE QUEUE LENGTH: 0

2025-03-05 02:52:29,078 - INFO - EVENT: Internal Event | LOGICAL TIME: 179 | PHYSICAL TIME: 2025-03-05 02:52:29.07, MESSAGE QUEUE LENGTH: 0

2025-03-05 02:52:29,295 - INFO - EVENT: Internal Event | LOGICAL TIME: 180 | PHYSICAL TIME: 2025-03-05 02:52:29.29, MESSAGE QUEUE LENGTH: 0

2025-03-05 02:52:29,568 - INFO - EVENT: Internal Event | LOGICAL TIME: 181 | PHYSICAL TIME: 2025-03-05 02:52:29.56, MESSAGE QUEUE LENGTH: 0

2025-03-05 02:52:29,779 - INFO - EVENT: Internal Event | LOGICAL TIME: 182 | PHYSICAL TIME: 2025-03-05 02:52:29.77, MESSAGE QUEUE LENGTH: 0

2025-03-05 02:52:29,994 - INFO - EVENT: Internal Event | LOGICAL TIME: 183 | PHYSICAL TIME: 2025-03-05 02:52:29.99, MESSAGE QUEUE LENGTH: 0

2025-03-05 02:52:30,225 - INFO - EVENT: Internal Event | LOGICAL TIME: 184 | PHYSICAL TIME: 2025-03-05 02:52:30.22, MESSAGE QUEUE LENGTH: 0

2025-03-05 02:52:30,509 - INFO - EVENT: Send Msg | RECIPIENT: 1 | LOGICAL TIME: 185 | PHYSICAL TIME: 2025-03-05 02:52:30.50, MESSAGE QUEUE LENGTH: 0

2025-03-05 02:52:30,712 - INFO - EVENT: Internal Event | LOGICAL TIME: 186 | PHYSICAL TIME: 2025-03-05 02:52:30.71, MESSAGE QUEUE LENGTH: 0

2025-03-05 02:52:30,914 - INFO - EVENT: Receive Msg | SENDER: 3 | LOGICAL TIME: 188 | PHYSICAL TIME: 2025-03-05 02:52:30.00, MESSAGE QUEUE LENGTH: 1

2025-03-05 02:52:31,153 - INFO - EVENT: Internal Event | LOGICAL TIME: 189 | PHYSICAL TIME: 2025-03-05 02:52:31.15, MESSAGE QUEUE LENGTH: 0

2025-03-05 02:52:31,356 - INFO - EVENT: Receive Msg | SENDER: 3 | LOGICAL TIME: 190 | PHYSICAL TIME: 2025-03-05 02:52:31.00, MESSAGE QUEUE LENGTH: 1

2025-03-05 02:52:31,580 - INFO - EVENT: Internal Event | LOGICAL TIME: 191 | PHYSICAL TIME: 2025-03-05 02:52:31.58, MESSAGE QUEUE LENGTH: 0

2025-03-05 02:52:31,797 - INFO - EVENT: Receive Msg | SENDER: 3 | LOGICAL TIME: 192 | PHYSICAL TIME: 2025-03-05 02:52:31.00, MESSAGE QUEUE LENGTH: 1

2025-03-05 02:52:32,048 - INFO - EVENT: Receive Msg | SENDER: 3 | LOGICAL TIME: 193 | PHYSICAL TIME: 2025-03-05 02:52:31.00, MESSAGE QUEUE LENGTH: 1

2025-03-05 02:52:32,296 - INFO - EVENT: Receive Msg | SENDER: 3 | LOGICAL TIME: 195 | PHYSICAL TIME: 2025-03-05 02:52:32.00, MESSAGE QUEUE LENGTH: 1

2025-03-05 02:52:32,531 - INFO - EVENT: Internal Event | LOGICAL TIME: 196 | PHYSICAL TIME: 2025-03-05 02:52:32.53, MESSAGE QUEUE LENGTH: 0

2025-03-05 02:52:32,832 - INFO - EVENT: Send Msg | RECIPIENT: 1 and 3 | LOGICAL TIME: 197 | PHYSICAL TIME: 2025-03-05 02:52:32.83, MESSAGE QUEUE LENGTH: 0

2025-03-05 02:52:33,083 - INFO - EVENT: Internal Event | LOGICAL TIME: 198 | PHYSICAL TIME: 2025-03-05 02:52:33.08, MESSAGE QUEUE LENGTH: 0

2025-03-05 02:52:33,360 - INFO - EVENT: Send Msg | RECIPIENT: 3 | LOGICAL TIME: 199 | PHYSICAL TIME: 2025-03-05 02:52:33.36, MESSAGE QUEUE LENGTH: 0

2025-03-05 02:52:33,597 - INFO - EVENT: Internal Event | LOGICAL TIME: 200 | PHYSICAL TIME: 2025-03-05 02:52:33.59, MESSAGE QUEUE LENGTH: 0

2025-03-05 02:52:33,882 - INFO - EVENT: Send Msg | RECIPIENT: 1 and 3 | LOGICAL TIME: 201 | PHYSICAL TIME: 2025-03-05 02:52:33.88, MESSAGE QUEUE LENGTH: 0

2025-03-05 02:52:34,099 - INFO - EVENT: Send Msg | RECIPIENT: 1 | LOGICAL TIME: 202 | PHYSICAL TIME: 2025-03-05 02:52:34.09, MESSAGE QUEUE LENGTH: 0

2025-03-05 02:52:34,314 - INFO - EVENT: Internal Event | LOGICAL TIME: 203 | PHYSICAL TIME: 2025-03-05 02:52:34.31, MESSAGE QUEUE LENGTH: 0

2025-03-05 02:52:34,533 - INFO - EVENT: Internal Event | LOGICAL TIME: 204 | PHYSICAL TIME: 2025-03-05 02:52:34.53, MESSAGE QUEUE LENGTH: 0

2025-03-05 02:52:34,740 - INFO - EVENT: Internal Event | LOGICAL TIME: 205 | PHYSICAL TIME: 2025-03-05 02:52:34.74, MESSAGE QUEUE LENGTH: 0

2025-03-05 02:52:34,991 - INFO - EVENT: Receive Msg | SENDER: 3 | LOGICAL TIME: 208 | PHYSICAL TIME: 2025-03-05 02:52:34.00, MESSAGE QUEUE LENGTH: 1

2025-03-05 02:52:35,208 - INFO - EVENT: Internal Event | LOGICAL TIME: 209 | PHYSICAL TIME: 2025-03-05 02:52:35.20, MESSAGE QUEUE LENGTH: 0

2025-03-05 02:52:35,500 - INFO - EVENT: Send Msg | RECIPIENT: 1 and 3 | LOGICAL TIME: 210 | PHYSICAL TIME: 2025-03-05 02:52:35.50, MESSAGE QUEUE LENGTH: 0

2025-03-05 02:52:35,715 - INFO - EVENT: Receive Msg | SENDER: 3 | LOGICAL TIME: 212 | PHYSICAL TIME: 2025-03-05 02:52:35.00, MESSAGE QUEUE LENGTH: 1

2025-03-05 02:52:35,949 - INFO - EVENT: Internal Event | LOGICAL TIME: 213 | PHYSICAL TIME: 2025-03-05 02:52:35.94, MESSAGE QUEUE LENGTH: 0

2025-03-05 02:52:36,151 - INFO - EVENT: Internal Event | LOGICAL TIME: 214 | PHYSICAL TIME: 2025-03-05 02:52:36.15, MESSAGE QUEUE LENGTH: 0

2025-03-05 02:52:36,434 - INFO - EVENT: Send Msg | RECIPIENT: 1 | LOGICAL TIME: 215 | PHYSICAL TIME: 2025-03-05 02:52:36.43, MESSAGE QUEUE LENGTH: 0

2025-03-05 02:52:36,682 - INFO - EVENT: Internal Event | LOGICAL TIME: 216 | PHYSICAL TIME: 2025-03-05 02:52:36.68, MESSAGE QUEUE LENGTH: 0

2025-03-05 02:52:36,917 - INFO - EVENT: Send Msg | RECIPIENT: 1 | LOGICAL TIME: 217 | PHYSICAL TIME: 2025-03-05 02:52:36.91, MESSAGE QUEUE LENGTH: 0

2025-03-05 02:52:37,151 - INFO - EVENT: Internal Event | LOGICAL TIME: 218 | PHYSICAL TIME: 2025-03-05 02:52:37.15, MESSAGE QUEUE LENGTH: 0

2025-03-05 02:52:37,385 - INFO - EVENT: Send Msg | RECIPIENT: 1 and 3 | LOGICAL TIME: 219 | PHYSICAL TIME: 2025-03-05 02:52:37.38, MESSAGE QUEUE LENGTH: 0

2025-03-05 02:52:37,687 - INFO - EVENT: Internal Event | LOGICAL TIME: 220 | PHYSICAL TIME: 2025-03-05 02:52:37.68, MESSAGE QUEUE LENGTH: 0

2025-03-05 02:52:38,014 - INFO - EVENT: Internal Event | LOGICAL TIME: 221 | PHYSICAL TIME: 2025-03-05 02:52:38.01, MESSAGE QUEUE LENGTH: 0

2025-03-05 02:52:38,217 - INFO - EVENT: Internal Event | LOGICAL TIME: 222 | PHYSICAL TIME: 2025-03-05 02:52:38.21, MESSAGE QUEUE LENGTH: 0

2025-03-05 02:52:38,484 - INFO - EVENT: Receive Msg | SENDER: 3 | LOGICAL TIME: 225 | PHYSICAL TIME: 2025-03-05 02:52:38.00, MESSAGE QUEUE LENGTH: 1

2025-03-05 02:52:38,702 - INFO - EVENT: Internal Event | LOGICAL TIME: 226 | PHYSICAL TIME: 2025-03-05 02:52:38.70, MESSAGE QUEUE LENGTH: 0

2025-03-05 02:52:38,902 - INFO - EVENT: Internal Event | LOGICAL TIME: 227 | PHYSICAL TIME: 2025-03-05 02:52:38.90, MESSAGE QUEUE LENGTH: 0

2025-03-05 02:52:39,124 - INFO - EVENT: Internal Event | LOGICAL TIME: 228 | PHYSICAL TIME: 2025-03-05 02:52:39.12, MESSAGE QUEUE LENGTH: 0

2025-03-05 02:52:39,388 - INFO - EVENT: Internal Event | LOGICAL TIME: 229 | PHYSICAL TIME: 2025-03-05 02:52:39.38, MESSAGE QUEUE LENGTH: 0

2025-03-05 02:52:39,619 - INFO - EVENT: Send Msg | RECIPIENT: 3 | LOGICAL TIME: 230 | PHYSICAL TIME: 2025-03-05 02:52:39.61, MESSAGE QUEUE LENGTH: 0

2025-03-05 02:52:39,837 - INFO - EVENT: Receive Msg | SENDER: 3 | LOGICAL TIME: 232 | PHYSICAL TIME: 2025-03-05 02:52:39.00, MESSAGE QUEUE LENGTH: 1

2025-03-05 02:52:40,154 - INFO - EVENT: Internal Event | LOGICAL TIME: 233 | PHYSICAL TIME: 2025-03-05 02:52:40.15, MESSAGE QUEUE LENGTH: 0

2025-03-05 02:52:40,355 - INFO - EVENT: Send Msg | RECIPIENT: 1 | LOGICAL TIME: 234 | PHYSICAL TIME: 2025-03-05 02:52:40.35, MESSAGE QUEUE LENGTH: 0

2025-03-05 02:52:40,594 - INFO - EVENT: Internal Event | LOGICAL TIME: 235 | PHYSICAL TIME: 2025-03-05 02:52:40.59, MESSAGE QUEUE LENGTH: 0

2025-03-05 02:52:40,917 - INFO - EVENT: Receive Msg | SENDER: 3 | LOGICAL TIME: 237 | PHYSICAL TIME: 2025-03-05 02:52:40.00, MESSAGE QUEUE LENGTH: 1

2025-03-05 02:52:41,149 - INFO - EVENT: Send Msg | RECIPIENT: 1 | LOGICAL TIME: 238 | PHYSICAL TIME: 2025-03-05 02:52:41.14, MESSAGE QUEUE LENGTH: 0

2025-03-05 02:52:41,405 - INFO - EVENT: Send Msg | RECIPIENT: 1 | LOGICAL TIME: 239 | PHYSICAL TIME: 2025-03-05 02:52:41.40, MESSAGE QUEUE LENGTH: 0

2025-03-05 02:52:41,683 - INFO - EVENT: Receive Msg | SENDER: 3 | LOGICAL TIME: 241 | PHYSICAL TIME: 2025-03-05 02:52:41.00, MESSAGE QUEUE LENGTH: 1

2025-03-05 02:52:41,906 - INFO - EVENT: Receive Msg | SENDER: 3 | LOGICAL TIME: 242 | PHYSICAL TIME: 2025-03-05 02:52:41.00, MESSAGE QUEUE LENGTH: 1

2025-03-05 02:52:42,221 - INFO - EVENT: Internal Event | LOGICAL TIME: 243 | PHYSICAL TIME: 2025-03-05 02:52:42.22, MESSAGE QUEUE LENGTH: 0

2025-03-05 02:52:42,446 - INFO - EVENT: Internal Event | LOGICAL TIME: 244 | PHYSICAL TIME: 2025-03-05 02:52:42.44, MESSAGE QUEUE LENGTH: 0

2025-03-05 02:52:42,677 - INFO - EVENT: Internal Event | LOGICAL TIME: 245 | PHYSICAL TIME: 2025-03-05 02:52:42.67, MESSAGE QUEUE LENGTH: 0

2025-03-05 02:52:42,903 - INFO - EVENT: Internal Event | LOGICAL TIME: 246 | PHYSICAL TIME: 2025-03-05 02:52:42.90, MESSAGE QUEUE LENGTH: 0

2025-03-05 02:52:43,187 - INFO - EVENT: Internal Event | LOGICAL TIME: 247 | PHYSICAL TIME: 2025-03-05 02:52:43.18, MESSAGE QUEUE LENGTH: 0

2025-03-05 02:52:43,421 - INFO - EVENT: Send Msg | RECIPIENT: 1 and 3 | LOGICAL TIME: 248 | PHYSICAL TIME: 2025-03-05 02:52:43.42, MESSAGE QUEUE LENGTH: 0

2025-03-05 02:52:43,623 - INFO - EVENT: Send Msg | RECIPIENT: 3 | LOGICAL TIME: 249 | PHYSICAL TIME: 2025-03-05 02:52:43.62, MESSAGE QUEUE LENGTH: 0

2025-03-05 02:52:43,857 - INFO - EVENT: Internal Event | LOGICAL TIME: 250 | PHYSICAL TIME: 2025-03-05 02:52:43.85, MESSAGE QUEUE LENGTH: 0

2025-03-05 02:52:44,107 - INFO - EVENT: Internal Event | LOGICAL TIME: 251 | PHYSICAL TIME: 2025-03-05 02:52:44.10, MESSAGE QUEUE LENGTH: 0

2025-03-05 02:52:44,309 - INFO - EVENT: Internal Event | LOGICAL TIME: 252 | PHYSICAL TIME: 2025-03-05 02:52:44.30, MESSAGE QUEUE LENGTH: 0

2025-03-05 02:52:44,518 - INFO - EVENT: Internal Event | LOGICAL TIME: 253 | PHYSICAL TIME: 2025-03-05 02:52:44.51, MESSAGE QUEUE LENGTH: 0

2025-03-05 02:52:44,791 - INFO - EVENT: Receive Msg | SENDER: 3 | LOGICAL TIME: 256 | PHYSICAL TIME: 2025-03-05 02:52:44.00, MESSAGE QUEUE LENGTH: 1

2025-03-05 02:52:45,022 - INFO - EVENT: Receive Msg | SENDER: 3 | LOGICAL TIME: 258 | PHYSICAL TIME: 2025-03-05 02:52:44.00, MESSAGE QUEUE LENGTH: 1

2025-03-05 02:52:45,341 - INFO - EVENT: Internal Event | LOGICAL TIME: 259 | PHYSICAL TIME: 2025-03-05 02:52:45.34, MESSAGE QUEUE LENGTH: 0

2025-03-05 02:52:45,575 - INFO - EVENT: Receive Msg | SENDER: 3 | LOGICAL TIME: 260 | PHYSICAL TIME: 2025-03-05 02:52:45.00, MESSAGE QUEUE LENGTH: 1

2025-03-05 02:52:45,825 - INFO - EVENT: Internal Event | LOGICAL TIME: 261 | PHYSICAL TIME: 2025-03-05 02:52:45.82, MESSAGE QUEUE LENGTH: 0

2025-03-05 02:52:46,043 - INFO - EVENT: Receive Msg | SENDER: 3 | LOGICAL TIME: 264 | PHYSICAL TIME: 2025-03-05 02:52:45.00, MESSAGE QUEUE LENGTH: 1

2025-03-05 02:52:46,292 - INFO - EVENT: Internal Event | LOGICAL TIME: 265 | PHYSICAL TIME: 2025-03-05 02:52:46.29, MESSAGE QUEUE LENGTH: 0

2025-03-05 02:52:46,508 - INFO - EVENT: Internal Event | LOGICAL TIME: 266 | PHYSICAL TIME: 2025-03-05 02:52:46.50, MESSAGE QUEUE LENGTH: 0

2025-03-05 02:52:46,710 - INFO - EVENT: Send Msg | RECIPIENT: 1 and 3 | LOGICAL TIME: 267 | PHYSICAL TIME: 2025-03-05 02:52:46.71, MESSAGE QUEUE LENGTH: 0

2025-03-05 02:52:46,926 - INFO - EVENT: Internal Event | LOGICAL TIME: 268 | PHYSICAL TIME: 2025-03-05 02:52:46.92, MESSAGE QUEUE LENGTH: 0

2025-03-05 02:52:47,133 - INFO - EVENT: Internal Event | LOGICAL TIME: 269 | PHYSICAL TIME: 2025-03-05 02:52:47.13, MESSAGE QUEUE LENGTH: 0

2025-03-05 02:52:47,341 - INFO - EVENT: Receive Msg | SENDER: 3 | LOGICAL TIME: 270 | PHYSICAL TIME: 2025-03-05 02:52:47.00, MESSAGE QUEUE LENGTH: 1

2025-03-05 02:52:47,675 - INFO - EVENT: Receive Msg | SENDER: 3 | LOGICAL TIME: 272 | PHYSICAL TIME: 2025-03-05 02:52:47.00, MESSAGE QUEUE LENGTH: 1

2025-03-05 02:52:47,894 - INFO - EVENT: Internal Event | LOGICAL TIME: 273 | PHYSICAL TIME: 2025-03-05 02:52:47.89, MESSAGE QUEUE LENGTH: 0

2025-03-05 02:52:48,100 - INFO - EVENT: Internal Event | LOGICAL TIME: 274 | PHYSICAL TIME: 2025-03-05 02:52:48.10, MESSAGE QUEUE LENGTH: 0

2025-03-05 02:52:48,358 - INFO - EVENT: Internal Event | LOGICAL TIME: 275 | PHYSICAL TIME: 2025-03-05 02:52:48.35, MESSAGE QUEUE LENGTH: 0

2025-03-05 02:52:48,587 - INFO - EVENT: Internal Event | LOGICAL TIME: 276 | PHYSICAL TIME: 2025-03-05 02:52:48.58, MESSAGE QUEUE LENGTH: 0

2025-03-05 02:52:48,795 - INFO - EVENT: Internal Event | LOGICAL TIME: 277 | PHYSICAL TIME: 2025-03-05 02:52:48.79, MESSAGE QUEUE LENGTH: 0

2025-03-05 02:52:49,024 - INFO - EVENT: Receive Msg | SENDER: 3 | LOGICAL TIME: 278 | PHYSICAL TIME: 2025-03-05 02:52:48.00, MESSAGE QUEUE LENGTH: 1

2025-03-05 02:52:49,295 - INFO - EVENT: Internal Event | LOGICAL TIME: 279 | PHYSICAL TIME: 2025-03-05 02:52:49.29, MESSAGE QUEUE LENGTH: 0

2025-03-05 02:52:49,628 - INFO - EVENT: Receive Msg | SENDER: 3 | LOGICAL TIME: 281 | PHYSICAL TIME: 2025-03-05 02:52:49.00, MESSAGE QUEUE LENGTH: 2

2025-03-05 02:52:49,897 - INFO - EVENT: Receive Msg | SENDER: 3 | LOGICAL TIME: 282 | PHYSICAL TIME: 2025-03-05 02:52:49.00, MESSAGE QUEUE LENGTH: 2

2025-03-05 02:52:50,112 - INFO - EVENT: Receive Msg | SENDER: 3 | LOGICAL TIME: 283 | PHYSICAL TIME: 2025-03-05 02:52:49.00, MESSAGE QUEUE LENGTH: 1

2025-03-05 02:52:50,430 - INFO - EVENT: Internal Event | LOGICAL TIME: 284 | PHYSICAL TIME: 2025-03-05 02:52:50.43, MESSAGE QUEUE LENGTH: 0

2025-03-05 02:52:50,773 - INFO - EVENT: Receive Msg | SENDER: 3 | LOGICAL TIME: 287 | PHYSICAL TIME: 2025-03-05 02:52:50.00, MESSAGE QUEUE LENGTH: 1

2025-03-05 02:52:51,063 - INFO - EVENT: Receive Msg | SENDER: 3 | LOGICAL TIME: 288 | PHYSICAL TIME: 2025-03-05 02:52:50.00, MESSAGE QUEUE LENGTH: 1

2025-03-05 02:52:51,264 - INFO - EVENT: Send Msg | RECIPIENT: 3 | LOGICAL TIME: 289 | PHYSICAL TIME: 2025-03-05 02:52:51.26, MESSAGE QUEUE LENGTH: 0

2025-03-05 02:52:51,477 - INFO - EVENT: Send Msg | RECIPIENT: 1 | LOGICAL TIME: 290 | PHYSICAL TIME: 2025-03-05 02:52:51.47, MESSAGE QUEUE LENGTH: 0

2025-03-05 02:52:51,679 - INFO - EVENT: Internal Event | LOGICAL TIME: 291 | PHYSICAL TIME: 2025-03-05 02:52:51.67, MESSAGE QUEUE LENGTH: 0

2025-03-05 02:52:51,897 - INFO - EVENT: Send Msg | RECIPIENT: 3 | LOGICAL TIME: 292 | PHYSICAL TIME: 2025-03-05 02:52:51.89, MESSAGE QUEUE LENGTH: 0

2025-03-05 02:52:52,196 - INFO - EVENT: Internal Event | LOGICAL TIME: 293 | PHYSICAL TIME: 2025-03-05 02:52:52.19, MESSAGE QUEUE LENGTH: 0

2025-03-05 02:52:52,505 - INFO - EVENT: Internal Event | LOGICAL TIME: 294 | PHYSICAL TIME: 2025-03-05 02:52:52.50, MESSAGE QUEUE LENGTH: 0

2025-03-05 02:52:52,738 - INFO - EVENT: Receive Msg | SENDER: 3 | LOGICAL TIME: 295 | PHYSICAL TIME: 2025-03-05 02:52:52.00, MESSAGE QUEUE LENGTH: 1

2025-03-05 02:52:52,941 - INFO - EVENT: Internal Event | LOGICAL TIME: 296 | PHYSICAL TIME: 2025-03-05 02:52:52.94, MESSAGE QUEUE LENGTH: 0

2025-03-05 02:52:53,230 - INFO - EVENT: Send Msg | RECIPIENT: 1 | LOGICAL TIME: 297 | PHYSICAL TIME: 2025-03-05 02:52:53.23, MESSAGE QUEUE LENGTH: 0

2025-03-05 02:52:53,478 - INFO - EVENT: Receive Msg | SENDER: 3 | LOGICAL TIME: 299 | PHYSICAL TIME: 2025-03-05 02:52:53.00, MESSAGE QUEUE LENGTH: 1

2025-03-05 02:52:53,681 - INFO - EVENT: Receive Msg | SENDER: 3 | LOGICAL TIME: 300 | PHYSICAL TIME: 2025-03-05 02:52:53.00, MESSAGE QUEUE LENGTH: 1

2025-03-05 02:52:53,963 - INFO - EVENT: Internal Event | LOGICAL TIME: 301 | PHYSICAL TIME: 2025-03-05 02:52:53.96, MESSAGE QUEUE LENGTH: 0

2025-03-05 02:52:54,265 - INFO - EVENT: Internal Event | LOGICAL TIME: 302 | PHYSICAL TIME: 2025-03-05 02:52:54.26, MESSAGE QUEUE LENGTH: 0

2025-03-05 02:52:54,548 - INFO - EVENT: Receive Msg | SENDER: 3 | LOGICAL TIME: 304 | PHYSICAL TIME: 2025-03-05 02:52:54.00, MESSAGE QUEUE LENGTH: 1

2025-03-05 02:52:54,797 - INFO - EVENT: Receive Msg | SENDER: 3 | LOGICAL TIME: 305 | PHYSICAL TIME: 2025-03-05 02:52:54.00, MESSAGE QUEUE LENGTH: 1

2025-03-05 02:52:55,047 - INFO - EVENT: Internal Event | LOGICAL TIME: 306 | PHYSICAL TIME: 2025-03-05 02:52:55.04, MESSAGE QUEUE LENGTH: 0

2025-03-05 02:52:55,317 - INFO - EVENT: Send Msg | RECIPIENT: 3 | LOGICAL TIME: 307 | PHYSICAL TIME: 2025-03-05 02:52:55.31, MESSAGE QUEUE LENGTH: 0

2025-03-05 02:52:55,649 - INFO - EVENT: Internal Event | LOGICAL TIME: 308 | PHYSICAL TIME: 2025-03-05 02:52:55.64, MESSAGE QUEUE LENGTH: 0

2025-03-05 02:52:55,852 - INFO - EVENT: Internal Event | LOGICAL TIME: 309 | PHYSICAL TIME: 2025-03-05 02:52:55.85, MESSAGE QUEUE LENGTH: 0

2025-03-05 02:52:56,150 - INFO - EVENT: Internal Event | LOGICAL TIME: 310 | PHYSICAL TIME: 2025-03-05 02:52:56.15, MESSAGE QUEUE LENGTH: 0

2025-03-05 02:52:56,351 - INFO - EVENT: Internal Event | LOGICAL TIME: 311 | PHYSICAL TIME: 2025-03-05 02:52:56.35, MESSAGE QUEUE LENGTH: 0

2025-03-05 02:52:56,578 - INFO - EVENT: Internal Event | LOGICAL TIME: 312 | PHYSICAL TIME: 2025-03-05 02:52:56.57, MESSAGE QUEUE LENGTH: 0

