2025-03-05 02:51:51,167 - INFO - Clock rate for client 3: 6 events per second
2025-03-05 02:51:51,681 - INFO - EVENT: Internal Event | LOGICAL TIME: 1 | PHYSICAL TIME: 2025-03-05 02:51:51.68, MESSAGE QUEUE LENGTH: 0

2025-03-05 02:51:51,947 - INFO - EVENT: Receive Msg | SENDER: 2 | LOGICAL TIME: 2 | PHYSICAL TIME: 2025-03-05 02:51:51.00, MESSAGE QUEUE LENGTH: 2

2025-03-05 02:51:52,114 - INFO - EVENT: Receive Msg | SENDER: 1 | LOGICAL TIME: 3 | PHYSICAL TIME: 2025-03-05 02:51:51.00, MESSAGE QUEUE LENGTH: 1

2025-03-05 02:51:52,298 - INFO - EVENT: Internal Event | LOGICAL TIME: 4 | PHYSICAL TIME: 2025-03-05 02:51:52.29, MESSAGE QUEUE LENGTH: 0

2025-03-05 02:51:52,528 - INFO - EVENT: Receive Msg | SENDER: 2 | LOGICAL TIME: 5 | PHYSICAL TIME: 2025-03-05 02:51:52.00, MESSAGE QUEUE LENGTH: 1

2025-03-05 02:51:52,731 - INFO - EVENT: Internal Event | LOGICAL TIME: 6 | PHYSICAL TIME: 2025-03-05 02:51:52.73, MESSAGE QUEUE LENGTH: 0

2025-03-05 02:51:52,998 - INFO - EVENT: Internal Event | LOGICAL TIME: 7 | PHYSICAL TIME: 2025-03-05 02:51:52.99, MESSAGE QUEUE LENGTH: 0

2025-03-05 02:51:53,281 - INFO - EVENT: Receive Msg | SENDER: 2 | LOGICAL TIME: 8 | PHYSICAL TIME: 2025-03-05 02:51:52.00, MESSAGE QUEUE LENGTH: 1

2025-03-05 02:51:53,483 - INFO - EVENT: Receive Msg | SENDER: 2 | LOGICAL TIME: 9 | PHYSICAL TIME: 2025-03-05 02:51:53.00, MESSAGE QUEUE LENGTH: 1

2025-03-05 02:51:53,659 - INFO - EVENT: Send Msg | RECIPIENT: 1 | LOGICAL TIME: 10 | PHYSICAL TIME: 2025-03-05 02:51:53.65, MESSAGE QUEUE LENGTH: 0

2025-03-05 02:51:53,898 - INFO - EVENT: Internal Event | LOGICAL TIME: 11 | PHYSICAL TIME: 2025-03-05 02:51:53.89, MESSAGE QUEUE LENGTH: 0

2025-03-05 02:51:54,082 - INFO - EVENT: Receive Msg | SENDER: 2 | LOGICAL TIME: 12 | PHYSICAL TIME: 2025-03-05 02:51:53.00, MESSAGE QUEUE LENGTH: 1

2025-03-05 02:51:54,284 - INFO - EVENT: Internal Event | LOGICAL TIME: 13 | PHYSICAL TIME: 2025-03-05 02:51:54.28, MESSAGE QUEUE LENGTH: 0

2025-03-05 02:51:54,495 - INFO - EVENT: Receive Msg | SENDER: 2 | LOGICAL TIME: 14 | PHYSICAL TIME: 2025-03-05 02:51:54.00, MESSAGE QUEUE LENGTH: 1

2025-03-05 02:51:54,663 - INFO - EVENT: Internal Event | LOGICAL TIME: 15 | PHYSICAL TIME: 2025-03-05 02:51:54.66, MESSAGE QUEUE LENGTH: 0

2025-03-05 02:51:54,832 - INFO - EVENT: Internal Event | LOGICAL TIME: 16 | PHYSICAL TIME: 2025-03-05 02:51:54.83, MESSAGE QUEUE LENGTH: 0

2025-03-05 02:51:55,046 - INFO - EVENT: Send Msg | RECIPIENT: 1 | LOGICAL TIME: 17 | PHYSICAL TIME: 2025-03-05 02:51:55.04, MESSAGE QUEUE LENGTH: 0

2025-03-05 02:51:55,263 - INFO - EVENT: Send Msg | RECIPIENT: 1 | LOGICAL TIME: 18 | PHYSICAL TIME: 2025-03-05 02:51:55.26, MESSAGE QUEUE LENGTH: 0

2025-03-05 02:51:55,496 - INFO - EVENT: Send Msg | RECIPIENT: 2 | LOGICAL TIME: 19 | PHYSICAL TIME: 2025-03-05 02:51:55.49, MESSAGE QUEUE LENGTH: 0

2025-03-05 02:51:55,686 - INFO - EVENT: Send Msg | RECIPIENT: 1 | LOGICAL TIME: 20 | PHYSICAL TIME: 2025-03-05 02:51:55.68, MESSAGE QUEUE LENGTH: 0

2025-03-05 02:51:55,934 - INFO - EVENT: Internal Event | LOGICAL TIME: 21 | PHYSICAL TIME: 2025-03-05 02:51:55.93, MESSAGE QUEUE LENGTH: 0

2025-03-05 02:51:56,217 - INFO - EVENT: Internal Event | LOGICAL TIME: 22 | PHYSICAL TIME: 2025-03-05 02:51:56.21, MESSAGE QUEUE LENGTH: 0

2025-03-05 02:51:56,417 - INFO - EVENT: Internal Event | LOGICAL TIME: 23 | PHYSICAL TIME: 2025-03-05 02:51:56.41, MESSAGE QUEUE LENGTH: 0

2025-03-05 02:51:56,584 - INFO - EVENT: Internal Event | LOGICAL TIME: 24 | PHYSICAL TIME: 2025-03-05 02:51:56.58, MESSAGE QUEUE LENGTH: 0

2025-03-05 02:51:56,766 - INFO - EVENT: Internal Event | LOGICAL TIME: 25 | PHYSICAL TIME: 2025-03-05 02:51:56.76, MESSAGE QUEUE LENGTH: 0

2025-03-05 02:51:57,034 - INFO - EVENT: Internal Event | LOGICAL TIME: 26 | PHYSICAL TIME: 2025-03-05 02:51:57.03, MESSAGE QUEUE LENGTH: 0

2025-03-05 02:51:57,203 - INFO - EVENT: Internal Event | LOGICAL TIME: 27 | PHYSICAL TIME: 2025-03-05 02:51:57.20, MESSAGE QUEUE LENGTH: 0

2025-03-05 02:51:57,386 - INFO - EVENT: Internal Event | LOGICAL TIME: 28 | PHYSICAL TIME: 2025-03-05 02:51:57.38, MESSAGE QUEUE LENGTH: 0

2025-03-05 02:51:57,557 - INFO - EVENT: Internal Event | LOGICAL TIME: 29 | PHYSICAL TIME: 2025-03-05 02:51:57.55, MESSAGE QUEUE LENGTH: 0

2025-03-05 02:51:57,817 - INFO - EVENT: Internal Event | LOGICAL TIME: 30 | PHYSICAL TIME: 2025-03-05 02:51:57.81, MESSAGE QUEUE LENGTH: 0

2025-03-05 02:51:58,031 - INFO - EVENT: Send Msg | RECIPIENT: 1 | LOGICAL TIME: 31 | PHYSICAL TIME: 2025-03-05 02:51:58.03, MESSAGE QUEUE LENGTH: 0

2025-03-05 02:51:58,268 - INFO - EVENT: Internal Event | LOGICAL TIME: 32 | PHYSICAL TIME: 2025-03-05 02:51:58.26, MESSAGE QUEUE LENGTH: 0

2025-03-05 02:51:58,499 - INFO - EVENT: Internal Event | LOGICAL TIME: 33 | PHYSICAL TIME: 2025-03-05 02:51:58.49, MESSAGE QUEUE LENGTH: 0

2025-03-05 02:51:58,670 - INFO - EVENT: Internal Event | LOGICAL TIME: 34 | PHYSICAL TIME: 2025-03-05 02:51:58.67, MESSAGE QUEUE LENGTH: 0

2025-03-05 02:51:58,953 - INFO - EVENT: Send Msg | RECIPIENT: 1 | LOGICAL TIME: 35 | PHYSICAL TIME: 2025-03-05 02:51:58.95, MESSAGE QUEUE LENGTH: 0

2025-03-05 02:51:59,136 - INFO - EVENT: Internal Event | LOGICAL TIME: 36 | PHYSICAL TIME: 2025-03-05 02:51:59.13, MESSAGE QUEUE LENGTH: 0

2025-03-05 02:51:59,385 - INFO - EVENT: Internal Event | LOGICAL TIME: 37 | PHYSICAL TIME: 2025-03-05 02:51:59.38, MESSAGE QUEUE LENGTH: 0

2025-03-05 02:51:59,568 - INFO - EVENT: Internal Event | LOGICAL TIME: 38 | PHYSICAL TIME: 2025-03-05 02:51:59.56, MESSAGE QUEUE LENGTH: 0

2025-03-05 02:51:59,837 - INFO - EVENT: Send Msg | RECIPIENT: 1 and 2 | LOGICAL TIME: 39 | PHYSICAL TIME: 2025-03-05 02:51:59.83, MESSAGE QUEUE LENGTH: 0

2025-03-05 02:52:00,036 - INFO - EVENT: Receive Msg | SENDER: 2 | LOGICAL TIME: 40 | PHYSICAL TIME: 2025-03-05 02:51:59.00, MESSAGE QUEUE LENGTH: 1

2025-03-05 02:52:00,221 - INFO - EVENT: Internal Event | LOGICAL TIME: 41 | PHYSICAL TIME: 2025-03-05 02:52:00.22, MESSAGE QUEUE LENGTH: 0

2025-03-05 02:52:00,403 - INFO - EVENT: Send Msg | RECIPIENT: 1 | LOGICAL TIME: 42 | PHYSICAL TIME: 2025-03-05 02:52:00.40, MESSAGE QUEUE LENGTH: 0

2025-03-05 02:52:00,601 - INFO - EVENT: Send Msg | RECIPIENT: 1 | LOGICAL TIME: 43 | PHYSICAL TIME: 2025-03-05 02:52:00.60, MESSAGE QUEUE LENGTH: 0

2025-03-05 02:52:00,871 - INFO - EVENT: Internal Event | LOGICAL TIME: 44 | PHYSICAL TIME: 2025-03-05 02:52:00.87, MESSAGE QUEUE LENGTH: 0

2025-03-05 02:52:01,071 - INFO - EVENT: Internal Event | LOGICAL TIME: 45 | PHYSICAL TIME: 2025-03-05 02:52:01.07, MESSAGE QUEUE LENGTH: 0

2025-03-05 02:52:01,255 - INFO - EVENT: Internal Event | LOGICAL TIME: 46 | PHYSICAL TIME: 2025-03-05 02:52:01.25, MESSAGE QUEUE LENGTH: 0

2025-03-05 02:52:01,472 - INFO - EVENT: Send Msg | RECIPIENT: 1 | LOGICAL TIME: 47 | PHYSICAL TIME: 2025-03-05 02:52:01.47, MESSAGE QUEUE LENGTH: 0

2025-03-05 02:52:01,640 - INFO - EVENT: Receive Msg | SENDER: 2 | LOGICAL TIME: 48 | PHYSICAL TIME: 2025-03-05 02:52:01.00, MESSAGE QUEUE LENGTH: 1

2025-03-05 02:52:01,854 - INFO - EVENT: Internal Event | LOGICAL TIME: 49 | PHYSICAL TIME: 2025-03-05 02:52:01.85, MESSAGE QUEUE LENGTH: 0

2025-03-05 02:52:02,023 - INFO - EVENT: Internal Event | LOGICAL TIME: 50 | PHYSICAL TIME: 2025-03-05 02:52:02.02, MESSAGE QUEUE LENGTH: 0

2025-03-05 02:52:02,239 - INFO - EVENT: Internal Event | LOGICAL TIME: 51 | PHYSICAL TIME: 2025-03-05 02:52:02.23, MESSAGE QUEUE LENGTH: 0

2025-03-05 02:52:02,455 - INFO - EVENT: Internal Event | LOGICAL TIME: 52 | PHYSICAL TIME: 2025-03-05 02:52:02.45, MESSAGE QUEUE LENGTH: 0

2025-03-05 02:52:02,624 - INFO - EVENT: Internal Event | LOGICAL TIME: 53 | PHYSICAL TIME: 2025-03-05 02:52:02.62, MESSAGE QUEUE LENGTH: 0

2025-03-05 02:52:02,806 - INFO - EVENT: Send Msg | RECIPIENT: 1 | LOGICAL TIME: 54 | PHYSICAL TIME: 2025-03-05 02:52:02.80, MESSAGE QUEUE LENGTH: 0

2025-03-05 02:52:03,045 - INFO - EVENT: Send Msg | RECIPIENT: 1 | LOGICAL TIME: 55 | PHYSICAL TIME: 2025-03-05 02:52:03.04, MESSAGE QUEUE LENGTH: 0

2025-03-05 02:52:03,224 - INFO - EVENT: Internal Event | LOGICAL TIME: 56 | PHYSICAL TIME: 2025-03-05 02:52:03.22, MESSAGE QUEUE LENGTH: 0

2025-03-05 02:52:03,423 - INFO - EVENT: Internal Event | LOGICAL TIME: 57 | PHYSICAL TIME: 2025-03-05 02:52:03.42, MESSAGE QUEUE LENGTH: 0

2025-03-05 02:52:03,604 - INFO - EVENT: Send Msg | RECIPIENT: 1 and 2 | LOGICAL TIME: 58 | PHYSICAL TIME: 2025-03-05 02:52:03.60, MESSAGE QUEUE LENGTH: 0

2025-03-05 02:52:03,771 - INFO - EVENT: Send Msg | RECIPIENT: 2 | LOGICAL TIME: 59 | PHYSICAL TIME: 2025-03-05 02:52:03.77, MESSAGE QUEUE LENGTH: 0

2025-03-05 02:52:03,942 - INFO - EVENT: Internal Event | LOGICAL TIME: 60 | PHYSICAL TIME: 2025-03-05 02:52:03.94, MESSAGE QUEUE LENGTH: 0

2025-03-05 02:52:04,139 - INFO - EVENT: Internal Event | LOGICAL TIME: 61 | PHYSICAL TIME: 2025-03-05 02:52:04.13, MESSAGE QUEUE LENGTH: 0

2025-03-05 02:52:04,341 - INFO - EVENT: Send Msg | RECIPIENT: 1 | LOGICAL TIME: 62 | PHYSICAL TIME: 2025-03-05 02:52:04.34, MESSAGE QUEUE LENGTH: 0

2025-03-05 02:52:04,604 - INFO - EVENT: Internal Event | LOGICAL TIME: 63 | PHYSICAL TIME: 2025-03-05 02:52:04.60, MESSAGE QUEUE LENGTH: 0

2025-03-05 02:52:04,792 - INFO - EVENT: Internal Event | LOGICAL TIME: 64 | PHYSICAL TIME: 2025-03-05 02:52:04.79, MESSAGE QUEUE LENGTH: 0

2025-03-05 02:52:05,058 - INFO - EVENT: Internal Event | LOGICAL TIME: 65 | PHYSICAL TIME: 2025-03-05 02:52:05.05, MESSAGE QUEUE LENGTH: 0

2025-03-05 02:52:05,241 - INFO - EVENT: Receive Msg | SENDER: 2 | LOGICAL TIME: 66 | PHYSICAL TIME: 2025-03-05 02:52:04.00, MESSAGE QUEUE LENGTH: 1

2025-03-05 02:52:05,425 - INFO - EVENT: Send Msg | RECIPIENT: 1 and 2 | LOGICAL TIME: 67 | PHYSICAL TIME: 2025-03-05 02:52:05.42, MESSAGE QUEUE LENGTH: 0

2025-03-05 02:52:05,608 - INFO - EVENT: Send Msg | RECIPIENT: 1 | LOGICAL TIME: 68 | PHYSICAL TIME: 2025-03-05 02:52:05.60, MESSAGE QUEUE LENGTH: 0

2025-03-05 02:52:06,026 - INFO - EVENT: Send Msg | RECIPIENT: 1 and 2 | LOGICAL TIME: 69 | PHYSICAL TIME: 2025-03-05 02:52:06.02, MESSAGE QUEUE LENGTH: 0

2025-03-05 02:52:06,208 - INFO - EVENT: Send Msg | RECIPIENT: 2 | LOGICAL TIME: 70 | PHYSICAL TIME: 2025-03-05 02:52:06.20, MESSAGE QUEUE LENGTH: 0

2025-03-05 02:52:06,557 - INFO - EVENT: Internal Event | LOGICAL TIME: 71 | PHYSICAL TIME: 2025-03-05 02:52:06.55, MESSAGE QUEUE LENGTH: 0

2025-03-05 02:52:06,754 - INFO - EVENT: Internal Event | LOGICAL TIME: 72 | PHYSICAL TIME: 2025-03-05 02:52:06.75, MESSAGE QUEUE LENGTH: 0

2025-03-05 02:52:06,960 - INFO - EVENT: Internal Event | LOGICAL TIME: 73 | PHYSICAL TIME: 2025-03-05 02:52:06.96, MESSAGE QUEUE LENGTH: 0

2025-03-05 02:52:07,160 - INFO - EVENT: Internal Event | LOGICAL TIME: 74 | PHYSICAL TIME: 2025-03-05 02:52:07.16, MESSAGE QUEUE LENGTH: 0

2025-03-05 02:52:07,377 - INFO - EVENT: Internal Event | LOGICAL TIME: 75 | PHYSICAL TIME: 2025-03-05 02:52:07.37, MESSAGE QUEUE LENGTH: 0

2025-03-05 02:52:07,626 - INFO - EVENT: Internal Event | LOGICAL TIME: 76 | PHYSICAL TIME: 2025-03-05 02:52:07.62, MESSAGE QUEUE LENGTH: 0

2025-03-05 02:52:07,943 - INFO - EVENT: Send Msg | RECIPIENT: 1 | LOGICAL TIME: 77 | PHYSICAL TIME: 2025-03-05 02:52:07.94, MESSAGE QUEUE LENGTH: 0

2025-03-05 02:52:08,289 - INFO - EVENT: Internal Event | LOGICAL TIME: 78 | PHYSICAL TIME: 2025-03-05 02:52:08.28, MESSAGE QUEUE LENGTH: 0

2025-03-05 02:52:08,457 - INFO - EVENT: Send Msg | RECIPIENT: 2 | LOGICAL TIME: 79 | PHYSICAL TIME: 2025-03-05 02:52:08.45, MESSAGE QUEUE LENGTH: 0

2025-03-05 02:52:08,661 - INFO - EVENT: Internal Event | LOGICAL TIME: 80 | PHYSICAL TIME: 2025-03-05 02:52:08.66, MESSAGE QUEUE LENGTH: 0

2025-03-05 02:52:08,924 - INFO - EVENT: Internal Event | LOGICAL TIME: 81 | PHYSICAL TIME: 2025-03-05 02:52:08.92, MESSAGE QUEUE LENGTH: 0

2025-03-05 02:52:09,112 - INFO - EVENT: Receive Msg | SENDER: 2 | LOGICAL TIME: 82 | PHYSICAL TIME: 2025-03-05 02:52:08.00, MESSAGE QUEUE LENGTH: 1

2025-03-05 02:52:09,311 - INFO - EVENT: Internal Event | LOGICAL TIME: 83 | PHYSICAL TIME: 2025-03-05 02:52:09.31, MESSAGE QUEUE LENGTH: 0

2025-03-05 02:52:09,494 - INFO - EVENT: Internal Event | LOGICAL TIME: 84 | PHYSICAL TIME: 2025-03-05 02:52:09.49, MESSAGE QUEUE LENGTH: 0

2025-03-05 02:52:09,711 - INFO - EVENT: Send Msg | RECIPIENT: 1 and 2 | LOGICAL TIME: 85 | PHYSICAL TIME: 2025-03-05 02:52:09.71, MESSAGE QUEUE LENGTH: 0

2025-03-05 02:52:09,879 - INFO - EVENT: Internal Event | LOGICAL TIME: 86 | PHYSICAL TIME: 2025-03-05 02:52:09.87, MESSAGE QUEUE LENGTH: 0

2025-03-05 02:52:10,047 - INFO - EVENT: Internal Event | LOGICAL TIME: 87 | PHYSICAL TIME: 2025-03-05 02:52:10.04, MESSAGE QUEUE LENGTH: 0

2025-03-05 02:52:10,295 - INFO - EVENT: Receive Msg | SENDER: 2 | LOGICAL TIME: 88 | PHYSICAL TIME: 2025-03-05 02:52:10.00, MESSAGE QUEUE LENGTH: 1

2025-03-05 02:52:10,479 - INFO - EVENT: Internal Event | LOGICAL TIME: 89 | PHYSICAL TIME: 2025-03-05 02:52:10.47, MESSAGE QUEUE LENGTH: 0

2025-03-05 02:52:10,646 - INFO - EVENT: Send Msg | RECIPIENT: 1 | LOGICAL TIME: 90 | PHYSICAL TIME: 2025-03-05 02:52:10.64, MESSAGE QUEUE LENGTH: 0

2025-03-05 02:52:10,828 - INFO - EVENT: Receive Msg | SENDER: 2 | LOGICAL TIME: 91 | PHYSICAL TIME: 2025-03-05 02:52:10.00, MESSAGE QUEUE LENGTH: 1

2025-03-05 02:52:11,013 - INFO - EVENT: Receive Msg | SENDER: 2 | LOGICAL TIME: 92 | PHYSICAL TIME: 2025-03-05 02:52:10.00, MESSAGE QUEUE LENGTH: 1

2025-03-05 02:52:11,296 - INFO - EVENT: Receive Msg | SENDER: 2 | LOGICAL TIME: 93 | PHYSICAL TIME: 2025-03-05 02:52:11.00, MESSAGE QUEUE LENGTH: 1

2025-03-05 02:52:11,465 - INFO - EVENT: Send Msg | RECIPIENT: 1 and 2 | LOGICAL TIME: 94 | PHYSICAL TIME: 2025-03-05 02:52:11.46, MESSAGE QUEUE LENGTH: 0

2025-03-05 02:52:11,698 - INFO - EVENT: Send Msg | RECIPIENT: 2 | LOGICAL TIME: 95 | PHYSICAL TIME: 2025-03-05 02:52:11.69, MESSAGE QUEUE LENGTH: 0

2025-03-05 02:52:11,914 - INFO - EVENT: Internal Event | LOGICAL TIME: 96 | PHYSICAL TIME: 2025-03-05 02:52:11.91, MESSAGE QUEUE LENGTH: 0

2025-03-05 02:52:12,114 - INFO - EVENT: Internal Event | LOGICAL TIME: 97 | PHYSICAL TIME: 2025-03-05 02:52:12.11, MESSAGE QUEUE LENGTH: 0

2025-03-05 02:52:12,306 - INFO - EVENT: Send Msg | RECIPIENT: 1 | LOGICAL TIME: 98 | PHYSICAL TIME: 2025-03-05 02:52:12.30, MESSAGE QUEUE LENGTH: 0

2025-03-05 02:52:12,512 - INFO - EVENT: Internal Event | LOGICAL TIME: 99 | PHYSICAL TIME: 2025-03-05 02:52:12.51, MESSAGE QUEUE LENGTH: 0

2025-03-05 02:52:12,714 - INFO - EVENT: Internal Event | LOGICAL TIME: 100 | PHYSICAL TIME: 2025-03-05 02:52:12.71, MESSAGE QUEUE LENGTH: 0

2025-03-05 02:52:12,981 - INFO - EVENT: Send Msg | RECIPIENT: 1 and 2 | LOGICAL TIME: 101 | PHYSICAL TIME: 2025-03-05 02:52:12.98, MESSAGE QUEUE LENGTH: 0

2025-03-05 02:52:13,262 - INFO - EVENT: Internal Event | LOGICAL TIME: 102 | PHYSICAL TIME: 2025-03-05 02:52:13.26, MESSAGE QUEUE LENGTH: 0

2025-03-05 02:52:13,465 - INFO - EVENT: Internal Event | LOGICAL TIME: 103 | PHYSICAL TIME: 2025-03-05 02:52:13.46, MESSAGE QUEUE LENGTH: 0

2025-03-05 02:52:13,648 - INFO - EVENT: Send Msg | RECIPIENT: 2 | LOGICAL TIME: 104 | PHYSICAL TIME: 2025-03-05 02:52:13.64, MESSAGE QUEUE LENGTH: 0

2025-03-05 02:52:13,930 - INFO - EVENT: Internal Event | LOGICAL TIME: 105 | PHYSICAL TIME: 2025-03-05 02:52:13.93, MESSAGE QUEUE LENGTH: 0

2025-03-05 02:52:14,116 - INFO - EVENT: Internal Event | LOGICAL TIME: 106 | PHYSICAL TIME: 2025-03-05 02:52:14.11, MESSAGE QUEUE LENGTH: 0

2025-03-05 02:52:14,296 - INFO - EVENT: Internal Event | LOGICAL TIME: 107 | PHYSICAL TIME: 2025-03-05 02:52:14.29, MESSAGE QUEUE LENGTH: 0

2025-03-05 02:52:14,511 - INFO - EVENT: Internal Event | LOGICAL TIME: 108 | PHYSICAL TIME: 2025-03-05 02:52:14.51, MESSAGE QUEUE LENGTH: 0

2025-03-05 02:52:14,742 - INFO - EVENT: Internal Event | LOGICAL TIME: 109 | PHYSICAL TIME: 2025-03-05 02:52:14.74, MESSAGE QUEUE LENGTH: 0

2025-03-05 02:52:14,912 - INFO - EVENT: Internal Event | LOGICAL TIME: 110 | PHYSICAL TIME: 2025-03-05 02:52:14.91, MESSAGE QUEUE LENGTH: 0

2025-03-05 02:52:15,100 - INFO - EVENT: Internal Event | LOGICAL TIME: 111 | PHYSICAL TIME: 2025-03-05 02:52:15.10, MESSAGE QUEUE LENGTH: 0

2025-03-05 02:52:15,268 - INFO - EVENT: Internal Event | LOGICAL TIME: 112 | PHYSICAL TIME: 2025-03-05 02:52:15.26, MESSAGE QUEUE LENGTH: 0

2025-03-05 02:52:15,549 - INFO - EVENT: Internal Event | LOGICAL TIME: 113 | PHYSICAL TIME: 2025-03-05 02:52:15.54, MESSAGE QUEUE LENGTH: 0

2025-03-05 02:52:15,768 - INFO - EVENT: Internal Event | LOGICAL TIME: 114 | PHYSICAL TIME: 2025-03-05 02:52:15.76, MESSAGE QUEUE LENGTH: 0

2025-03-05 02:52:16,052 - INFO - EVENT: Internal Event | LOGICAL TIME: 115 | PHYSICAL TIME: 2025-03-05 02:52:16.05, MESSAGE QUEUE LENGTH: 0

2025-03-05 02:52:16,233 - INFO - EVENT: Internal Event | LOGICAL TIME: 116 | PHYSICAL TIME: 2025-03-05 02:52:16.23, MESSAGE QUEUE LENGTH: 0

2025-03-05 02:52:16,434 - INFO - EVENT: Internal Event | LOGICAL TIME: 117 | PHYSICAL TIME: 2025-03-05 02:52:16.43, MESSAGE QUEUE LENGTH: 0

2025-03-05 02:52:16,669 - INFO - EVENT: Receive Msg | SENDER: 2 | LOGICAL TIME: 118 | PHYSICAL TIME: 2025-03-05 02:52:16.00, MESSAGE QUEUE LENGTH: 1

2025-03-05 02:52:16,840 - INFO - EVENT: Internal Event | LOGICAL TIME: 119 | PHYSICAL TIME: 2025-03-05 02:52:16.84, MESSAGE QUEUE LENGTH: 0

2025-03-05 02:52:17,068 - INFO - EVENT: Internal Event | LOGICAL TIME: 120 | PHYSICAL TIME: 2025-03-05 02:52:17.06, MESSAGE QUEUE LENGTH: 0

2025-03-05 02:52:17,236 - INFO - EVENT: Internal Event | LOGICAL TIME: 121 | PHYSICAL TIME: 2025-03-05 02:52:17.23, MESSAGE QUEUE LENGTH: 0

2025-03-05 02:52:17,497 - INFO - EVENT: Internal Event | LOGICAL TIME: 122 | PHYSICAL TIME: 2025-03-05 02:52:17.49, MESSAGE QUEUE LENGTH: 0

2025-03-05 02:52:17,682 - INFO - EVENT: Send Msg | RECIPIENT: 2 | LOGICAL TIME: 123 | PHYSICAL TIME: 2025-03-05 02:52:17.68, MESSAGE QUEUE LENGTH: 0

2025-03-05 02:52:17,852 - INFO - EVENT: Internal Event | LOGICAL TIME: 124 | PHYSICAL TIME: 2025-03-05 02:52:17.85, MESSAGE QUEUE LENGTH: 0

2025-03-05 02:52:18,085 - INFO - EVENT: Send Msg | RECIPIENT: 1 | LOGICAL TIME: 125 | PHYSICAL TIME: 2025-03-05 02:52:18.08, MESSAGE QUEUE LENGTH: 0

2025-03-05 02:52:18,252 - INFO - EVENT: Internal Event | LOGICAL TIME: 126 | PHYSICAL TIME: 2025-03-05 02:52:18.25, MESSAGE QUEUE LENGTH: 0

2025-03-05 02:52:18,470 - INFO - EVENT: Internal Event | LOGICAL TIME: 127 | PHYSICAL TIME: 2025-03-05 02:52:18.47, MESSAGE QUEUE LENGTH: 0

2025-03-05 02:52:18,683 - INFO - EVENT: Send Msg | RECIPIENT: 1 | LOGICAL TIME: 128 | PHYSICAL TIME: 2025-03-05 02:52:18.68, MESSAGE QUEUE LENGTH: 0

2025-03-05 02:52:18,854 - INFO - EVENT: Internal Event | LOGICAL TIME: 129 | PHYSICAL TIME: 2025-03-05 02:52:18.85, MESSAGE QUEUE LENGTH: 0

2025-03-05 02:52:19,103 - INFO - EVENT: Internal Event | LOGICAL TIME: 130 | PHYSICAL TIME: 2025-03-05 02:52:19.10, MESSAGE QUEUE LENGTH: 0

2025-03-05 02:52:19,320 - INFO - EVENT: Receive Msg | SENDER: 2 | LOGICAL TIME: 131 | PHYSICAL TIME: 2025-03-05 02:52:18.00, MESSAGE QUEUE LENGTH: 1

2025-03-05 02:52:19,570 - INFO - EVENT: Internal Event | LOGICAL TIME: 132 | PHYSICAL TIME: 2025-03-05 02:52:19.57, MESSAGE QUEUE LENGTH: 0

2025-03-05 02:52:19,759 - INFO - EVENT: Internal Event | LOGICAL TIME: 133 | PHYSICAL TIME: 2025-03-05 02:52:19.75, MESSAGE QUEUE LENGTH: 0

2025-03-05 02:52:19,954 - INFO - EVENT: Send Msg | RECIPIENT: 2 | LOGICAL TIME: 134 | PHYSICAL TIME: 2025-03-05 02:52:19.95, MESSAGE QUEUE LENGTH: 0

2025-03-05 02:52:20,187 - INFO - EVENT: Send Msg | RECIPIENT: 2 | LOGICAL TIME: 135 | PHYSICAL TIME: 2025-03-05 02:52:20.18, MESSAGE QUEUE LENGTH: 0

2025-03-05 02:52:20,453 - INFO - EVENT: Internal Event | LOGICAL TIME: 136 | PHYSICAL TIME: 2025-03-05 02:52:20.45, MESSAGE QUEUE LENGTH: 0

2025-03-05 02:52:20,719 - INFO - EVENT: Send Msg | RECIPIENT: 1 | LOGICAL TIME: 137 | PHYSICAL TIME: 2025-03-05 02:52:20.71, MESSAGE QUEUE LENGTH: 0

2025-03-05 02:52:20,946 - INFO - EVENT: Send Msg | RECIPIENT: 1 and 2 | LOGICAL TIME: 138 | PHYSICAL TIME: 2025-03-05 02:52:20.94, MESSAGE QUEUE LENGTH: 0

2025-03-05 02:52:21,137 - INFO - EVENT: Receive Msg | SENDER: 2 | LOGICAL TIME: 139 | PHYSICAL TIME: 2025-03-05 02:52:20.00, MESSAGE QUEUE LENGTH: 1

2025-03-05 02:52:21,306 - INFO - EVENT: Internal Event | LOGICAL TIME: 140 | PHYSICAL TIME: 2025-03-05 02:52:21.30, MESSAGE QUEUE LENGTH: 0

2025-03-05 02:52:21,505 - INFO - EVENT: Internal Event | LOGICAL TIME: 141 | PHYSICAL TIME: 2025-03-05 02:52:21.50, MESSAGE QUEUE LENGTH: 0

2025-03-05 02:52:21,752 - INFO - EVENT: Internal Event | LOGICAL TIME: 142 | PHYSICAL TIME: 2025-03-05 02:52:21.75, MESSAGE QUEUE LENGTH: 0

2025-03-05 02:52:21,921 - INFO - EVENT: Receive Msg | SENDER: 2 | LOGICAL TIME: 143 | PHYSICAL TIME: 2025-03-05 02:52:21.00, MESSAGE QUEUE LENGTH: 1

2025-03-05 02:52:22,097 - INFO - EVENT: Receive Msg | SENDER: 2 | LOGICAL TIME: 144 | PHYSICAL TIME: 2025-03-05 02:52:21.00, MESSAGE QUEUE LENGTH: 1

2025-03-05 02:52:22,266 - INFO - EVENT: Internal Event | LOGICAL TIME: 145 | PHYSICAL TIME: 2025-03-05 02:52:22.26, MESSAGE QUEUE LENGTH: 0

2025-03-05 02:52:22,433 - INFO - EVENT: Internal Event | LOGICAL TIME: 146 | PHYSICAL TIME: 2025-03-05 02:52:22.43, MESSAGE QUEUE LENGTH: 0

2025-03-05 02:52:22,606 - INFO - EVENT: Internal Event | LOGICAL TIME: 147 | PHYSICAL TIME: 2025-03-05 02:52:22.60, MESSAGE QUEUE LENGTH: 0

2025-03-05 02:52:22,789 - INFO - EVENT: Internal Event | LOGICAL TIME: 148 | PHYSICAL TIME: 2025-03-05 02:52:22.78, MESSAGE QUEUE LENGTH: 0

2025-03-05 02:52:23,052 - INFO - EVENT: Internal Event | LOGICAL TIME: 149 | PHYSICAL TIME: 2025-03-05 02:52:23.05, MESSAGE QUEUE LENGTH: 0

2025-03-05 02:52:23,272 - INFO - EVENT: Internal Event | LOGICAL TIME: 150 | PHYSICAL TIME: 2025-03-05 02:52:23.27, MESSAGE QUEUE LENGTH: 0

2025-03-05 02:52:23,557 - INFO - EVENT: Send Msg | RECIPIENT: 2 | LOGICAL TIME: 151 | PHYSICAL TIME: 2025-03-05 02:52:23.55, MESSAGE QUEUE LENGTH: 0

2025-03-05 02:52:23,774 - INFO - EVENT: Internal Event | LOGICAL TIME: 152 | PHYSICAL TIME: 2025-03-05 02:52:23.77, MESSAGE QUEUE LENGTH: 0

2025-03-05 02:52:23,953 - INFO - EVENT: Internal Event | LOGICAL TIME: 153 | PHYSICAL TIME: 2025-03-05 02:52:23.95, MESSAGE QUEUE LENGTH: 0

2025-03-05 02:52:24,124 - INFO - EVENT: Internal Event | LOGICAL TIME: 154 | PHYSICAL TIME: 2025-03-05 02:52:24.12, MESSAGE QUEUE LENGTH: 0

2025-03-05 02:52:24,339 - INFO - EVENT: Internal Event | LOGICAL TIME: 155 | PHYSICAL TIME: 2025-03-05 02:52:24.33, MESSAGE QUEUE LENGTH: 0

2025-03-05 02:52:24,508 - INFO - EVENT: Send Msg | RECIPIENT: 2 | LOGICAL TIME: 156 | PHYSICAL TIME: 2025-03-05 02:52:24.50, MESSAGE QUEUE LENGTH: 0

2025-03-05 02:52:24,706 - INFO - EVENT: Send Msg | RECIPIENT: 1 | LOGICAL TIME: 157 | PHYSICAL TIME: 2025-03-05 02:52:24.70, MESSAGE QUEUE LENGTH: 0

2025-03-05 02:52:24,891 - INFO - EVENT: Internal Event | LOGICAL TIME: 158 | PHYSICAL TIME: 2025-03-05 02:52:24.89, MESSAGE QUEUE LENGTH: 0

2025-03-05 02:52:25,106 - INFO - EVENT: Receive Msg | SENDER: 2 | LOGICAL TIME: 159 | PHYSICAL TIME: 2025-03-05 02:52:24.00, MESSAGE QUEUE LENGTH: 1

2025-03-05 02:52:25,338 - INFO - EVENT: Send Msg | RECIPIENT: 2 | LOGICAL TIME: 160 | PHYSICAL TIME: 2025-03-05 02:52:25.33, MESSAGE QUEUE LENGTH: 0

2025-03-05 02:52:25,509 - INFO - EVENT: Internal Event | LOGICAL TIME: 161 | PHYSICAL TIME: 2025-03-05 02:52:25.50, MESSAGE QUEUE LENGTH: 0

2025-03-05 02:52:25,860 - INFO - EVENT: Internal Event | LOGICAL TIME: 162 | PHYSICAL TIME: 2025-03-05 02:52:25.86, MESSAGE QUEUE LENGTH: 0

2025-03-05 02:52:26,040 - INFO - EVENT: Internal Event | LOGICAL TIME: 163 | PHYSICAL TIME: 2025-03-05 02:52:26.04, MESSAGE QUEUE LENGTH: 0

2025-03-05 02:52:26,257 - INFO - EVENT: Internal Event | LOGICAL TIME: 164 | PHYSICAL TIME: 2025-03-05 02:52:26.25, MESSAGE QUEUE LENGTH: 0

2025-03-05 02:52:26,424 - INFO - EVENT: Receive Msg | SENDER: 2 | LOGICAL TIME: 165 | PHYSICAL TIME: 2025-03-05 02:52:26.00, MESSAGE QUEUE LENGTH: 1

2025-03-05 02:52:26,675 - INFO - EVENT: Send Msg | RECIPIENT: 2 | LOGICAL TIME: 166 | PHYSICAL TIME: 2025-03-05 02:52:26.67, MESSAGE QUEUE LENGTH: 0

2025-03-05 02:52:26,935 - INFO - EVENT: Receive Msg | SENDER: 2 | LOGICAL TIME: 167 | PHYSICAL TIME: 2025-03-05 02:52:26.00, MESSAGE QUEUE LENGTH: 1

2025-03-05 02:52:27,110 - INFO - EVENT: Internal Event | LOGICAL TIME: 168 | PHYSICAL TIME: 2025-03-05 02:52:27.11, MESSAGE QUEUE LENGTH: 0

2025-03-05 02:52:27,291 - INFO - EVENT: Internal Event | LOGICAL TIME: 169 | PHYSICAL TIME: 2025-03-05 02:52:27.29, MESSAGE QUEUE LENGTH: 0

2025-03-05 02:52:27,477 - INFO - EVENT: Internal Event | LOGICAL TIME: 170 | PHYSICAL TIME: 2025-03-05 02:52:27.47, MESSAGE QUEUE LENGTH: 0

2025-03-05 02:52:27,678 - INFO - EVENT: Receive Msg | SENDER: 2 | LOGICAL TIME: 171 | PHYSICAL TIME: 2025-03-05 02:52:27.00, MESSAGE QUEUE LENGTH: 1

2025-03-05 02:52:27,871 - INFO - EVENT: Internal Event | LOGICAL TIME: 172 | PHYSICAL TIME: 2025-03-05 02:52:27.87, MESSAGE QUEUE LENGTH: 0

2025-03-05 02:52:28,042 - INFO - EVENT: Internal Event | LOGICAL TIME: 173 | PHYSICAL TIME: 2025-03-05 02:52:28.04, MESSAGE QUEUE LENGTH: 0

2025-03-05 02:52:28,211 - INFO - EVENT: Send Msg | RECIPIENT: 2 | LOGICAL TIME: 174 | PHYSICAL TIME: 2025-03-05 02:52:28.21, MESSAGE QUEUE LENGTH: 0

2025-03-05 02:52:28,396 - INFO - EVENT: Internal Event | LOGICAL TIME: 175 | PHYSICAL TIME: 2025-03-05 02:52:28.39, MESSAGE QUEUE LENGTH: 0

2025-03-05 02:52:28,573 - INFO - EVENT: Send Msg | RECIPIENT: 1 and 2 | LOGICAL TIME: 176 | PHYSICAL TIME: 2025-03-05 02:52:28.57, MESSAGE QUEUE LENGTH: 0

2025-03-05 02:52:28,742 - INFO - EVENT: Internal Event | LOGICAL TIME: 177 | PHYSICAL TIME: 2025-03-05 02:52:28.74, MESSAGE QUEUE LENGTH: 0

2025-03-05 02:52:28,913 - INFO - EVENT: Internal Event | LOGICAL TIME: 178 | PHYSICAL TIME: 2025-03-05 02:52:28.91, MESSAGE QUEUE LENGTH: 0

2025-03-05 02:52:29,094 - INFO - EVENT: Internal Event | LOGICAL TIME: 179 | PHYSICAL TIME: 2025-03-05 02:52:29.09, MESSAGE QUEUE LENGTH: 0

2025-03-05 02:52:29,278 - INFO - EVENT: Internal Event | LOGICAL TIME: 180 | PHYSICAL TIME: 2025-03-05 02:52:29.27, MESSAGE QUEUE LENGTH: 0

2025-03-05 02:52:29,459 - INFO - EVENT: Send Msg | RECIPIENT: 1 | LOGICAL TIME: 181 | PHYSICAL TIME: 2025-03-05 02:52:29.45, MESSAGE QUEUE LENGTH: 0

2025-03-05 02:52:29,712 - INFO - EVENT: Internal Event | LOGICAL TIME: 182 | PHYSICAL TIME: 2025-03-05 02:52:29.71, MESSAGE QUEUE LENGTH: 0

2025-03-05 02:52:29,879 - INFO - EVENT: Internal Event | LOGICAL TIME: 183 | PHYSICAL TIME: 2025-03-05 02:52:29.87, MESSAGE QUEUE LENGTH: 0

2025-03-05 02:52:30,078 - INFO - EVENT: Internal Event | LOGICAL TIME: 184 | PHYSICAL TIME: 2025-03-05 02:52:30.07, MESSAGE QUEUE LENGTH: 0

2025-03-05 02:52:30,281 - INFO - EVENT: Internal Event | LOGICAL TIME: 185 | PHYSICAL TIME: 2025-03-05 02:52:30.28, MESSAGE QUEUE LENGTH: 0

2025-03-05 02:52:30,509 - INFO - EVENT: Internal Event | LOGICAL TIME: 186 | PHYSICAL TIME: 2025-03-05 02:52:30.50, MESSAGE QUEUE LENGTH: 0

2025-03-05 02:52:30,681 - INFO - EVENT: Send Msg | RECIPIENT: 1 and 2 | LOGICAL TIME: 187 | PHYSICAL TIME: 2025-03-05 02:52:30.68, MESSAGE QUEUE LENGTH: 0

2025-03-05 02:52:30,879 - INFO - EVENT: Internal Event | LOGICAL TIME: 188 | PHYSICAL TIME: 2025-03-05 02:52:30.87, MESSAGE QUEUE LENGTH: 0

2025-03-05 02:52:31,153 - INFO - EVENT: Send Msg | RECIPIENT: 1 and 2 | LOGICAL TIME: 189 | PHYSICAL TIME: 2025-03-05 02:52:31.15, MESSAGE QUEUE LENGTH: 0

2025-03-05 02:52:31,325 - INFO - EVENT: Send Msg | RECIPIENT: 2 | LOGICAL TIME: 190 | PHYSICAL TIME: 2025-03-05 02:52:31.32, MESSAGE QUEUE LENGTH: 0

2025-03-05 02:52:31,497 - INFO - EVENT: Internal Event | LOGICAL TIME: 191 | PHYSICAL TIME: 2025-03-05 02:52:31.49, MESSAGE QUEUE LENGTH: 0

2025-03-05 02:52:31,742 - INFO - EVENT: Send Msg | RECIPIENT: 2 | LOGICAL TIME: 192 | PHYSICAL TIME: 2025-03-05 02:52:31.74, MESSAGE QUEUE LENGTH: 0

2025-03-05 02:52:31,911 - INFO - EVENT: Send Msg | RECIPIENT: 1 | LOGICAL TIME: 193 | PHYSICAL TIME: 2025-03-05 02:52:31.91, MESSAGE QUEUE LENGTH: 0

2025-03-05 02:52:32,081 - INFO - EVENT: Send Msg | RECIPIENT: 2 | LOGICAL TIME: 194 | PHYSICAL TIME: 2025-03-05 02:52:32.08, MESSAGE QUEUE LENGTH: 0

2025-03-05 02:52:32,348 - INFO - EVENT: Internal Event | LOGICAL TIME: 195 | PHYSICAL TIME: 2025-03-05 02:52:32.34, MESSAGE QUEUE LENGTH: 0

2025-03-05 02:52:32,547 - INFO - EVENT: Internal Event | LOGICAL TIME: 196 | PHYSICAL TIME: 2025-03-05 02:52:32.54, MESSAGE QUEUE LENGTH: 0

2025-03-05 02:52:32,731 - INFO - EVENT: Internal Event | LOGICAL TIME: 197 | PHYSICAL TIME: 2025-03-05 02:52:32.73, MESSAGE QUEUE LENGTH: 0

2025-03-05 02:52:32,930 - INFO - EVENT: Internal Event | LOGICAL TIME: 198 | PHYSICAL TIME: 2025-03-05 02:52:32.93, MESSAGE QUEUE LENGTH: 0

2025-03-05 02:52:33,115 - INFO - EVENT: Receive Msg | SENDER: 2 | LOGICAL TIME: 199 | PHYSICAL TIME: 2025-03-05 02:52:32.00, MESSAGE QUEUE LENGTH: 1

2025-03-05 02:52:33,313 - INFO - EVENT: Internal Event | LOGICAL TIME: 200 | PHYSICAL TIME: 2025-03-05 02:52:33.31, MESSAGE QUEUE LENGTH: 0

2025-03-05 02:52:33,531 - INFO - EVENT: Receive Msg | SENDER: 2 | LOGICAL TIME: 201 | PHYSICAL TIME: 2025-03-05 02:52:33.00, MESSAGE QUEUE LENGTH: 1

2025-03-05 02:52:33,729 - INFO - EVENT: Internal Event | LOGICAL TIME: 202 | PHYSICAL TIME: 2025-03-05 02:52:33.72, MESSAGE QUEUE LENGTH: 0

2025-03-05 02:52:33,946 - INFO - EVENT: Internal Event | LOGICAL TIME: 203 | PHYSICAL TIME: 2025-03-05 02:52:33.94, MESSAGE QUEUE LENGTH: 0

2025-03-05 02:52:34,146 - INFO - EVENT: Receive Msg | SENDER: 2 | LOGICAL TIME: 204 | PHYSICAL TIME: 2025-03-05 02:52:33.00, MESSAGE QUEUE LENGTH: 1

2025-03-05 02:52:34,314 - INFO - EVENT: Internal Event | LOGICAL TIME: 205 | PHYSICAL TIME: 2025-03-05 02:52:34.31, MESSAGE QUEUE LENGTH: 0

2025-03-05 02:52:34,499 - INFO - EVENT: Internal Event | LOGICAL TIME: 206 | PHYSICAL TIME: 2025-03-05 02:52:34.49, MESSAGE QUEUE LENGTH: 0

2025-03-05 02:52:34,724 - INFO - EVENT: Send Msg | RECIPIENT: 2 | LOGICAL TIME: 207 | PHYSICAL TIME: 2025-03-05 02:52:34.72, MESSAGE QUEUE LENGTH: 0

2025-03-05 02:52:35,007 - INFO - EVENT: Send Msg | RECIPIENT: 1 | LOGICAL TIME: 208 | PHYSICAL TIME: 2025-03-05 02:52:35.00, MESSAGE QUEUE LENGTH: 0

2025-03-05 02:52:35,177 - INFO - EVENT: Internal Event | LOGICAL TIME: 209 | PHYSICAL TIME: 2025-03-05 02:52:35.17, MESSAGE QUEUE LENGTH: 0

2025-03-05 02:52:35,347 - INFO - EVENT: Internal Event | LOGICAL TIME: 210 | PHYSICAL TIME: 2025-03-05 02:52:35.34, MESSAGE QUEUE LENGTH: 0

2025-03-05 02:52:35,550 - INFO - EVENT: Send Msg | RECIPIENT: 1 and 2 | LOGICAL TIME: 211 | PHYSICAL TIME: 2025-03-05 02:52:35.55, MESSAGE QUEUE LENGTH: 0

2025-03-05 02:52:35,767 - INFO - EVENT: Receive Msg | SENDER: 2 | LOGICAL TIME: 212 | PHYSICAL TIME: 2025-03-05 02:52:35.00, MESSAGE QUEUE LENGTH: 1

2025-03-05 02:52:35,934 - INFO - EVENT: Internal Event | LOGICAL TIME: 213 | PHYSICAL TIME: 2025-03-05 02:52:35.93, MESSAGE QUEUE LENGTH: 0

2025-03-05 02:52:36,134 - INFO - EVENT: Internal Event | LOGICAL TIME: 214 | PHYSICAL TIME: 2025-03-05 02:52:36.13, MESSAGE QUEUE LENGTH: 0

2025-03-05 02:52:36,347 - INFO - EVENT: Internal Event | LOGICAL TIME: 215 | PHYSICAL TIME: 2025-03-05 02:52:36.34, MESSAGE QUEUE LENGTH: 0

2025-03-05 02:52:36,534 - INFO - EVENT: Internal Event | LOGICAL TIME: 216 | PHYSICAL TIME: 2025-03-05 02:52:36.53, MESSAGE QUEUE LENGTH: 0

2025-03-05 02:52:36,753 - INFO - EVENT: Internal Event | LOGICAL TIME: 217 | PHYSICAL TIME: 2025-03-05 02:52:36.75, MESSAGE QUEUE LENGTH: 0

2025-03-05 02:52:36,935 - INFO - EVENT: Internal Event | LOGICAL TIME: 218 | PHYSICAL TIME: 2025-03-05 02:52:36.93, MESSAGE QUEUE LENGTH: 0

2025-03-05 02:52:37,117 - INFO - EVENT: Internal Event | LOGICAL TIME: 219 | PHYSICAL TIME: 2025-03-05 02:52:37.11, MESSAGE QUEUE LENGTH: 0

2025-03-05 02:52:37,333 - INFO - EVENT: Internal Event | LOGICAL TIME: 220 | PHYSICAL TIME: 2025-03-05 02:52:37.33, MESSAGE QUEUE LENGTH: 0

2025-03-05 02:52:37,534 - INFO - EVENT: Receive Msg | SENDER: 2 | LOGICAL TIME: 221 | PHYSICAL TIME: 2025-03-05 02:52:37.00, MESSAGE QUEUE LENGTH: 1

2025-03-05 02:52:37,703 - INFO - EVENT: Internal Event | LOGICAL TIME: 222 | PHYSICAL TIME: 2025-03-05 02:52:37.70, MESSAGE QUEUE LENGTH: 0

2025-03-05 02:52:37,884 - INFO - EVENT: Internal Event | LOGICAL TIME: 223 | PHYSICAL TIME: 2025-03-05 02:52:37.88, MESSAGE QUEUE LENGTH: 0

2025-03-05 02:52:38,120 - INFO - EVENT: Send Msg | RECIPIENT: 2 | LOGICAL TIME: 224 | PHYSICAL TIME: 2025-03-05 02:52:38.12, MESSAGE QUEUE LENGTH: 0

2025-03-05 02:52:38,319 - INFO - EVENT: Internal Event | LOGICAL TIME: 225 | PHYSICAL TIME: 2025-03-05 02:52:38.31, MESSAGE QUEUE LENGTH: 0

2025-03-05 02:52:38,499 - INFO - EVENT: Internal Event | LOGICAL TIME: 226 | PHYSICAL TIME: 2025-03-05 02:52:38.49, MESSAGE QUEUE LENGTH: 0

2025-03-05 02:52:38,702 - INFO - EVENT: Internal Event | LOGICAL TIME: 227 | PHYSICAL TIME: 2025-03-05 02:52:38.70, MESSAGE QUEUE LENGTH: 0

2025-03-05 02:52:38,871 - INFO - EVENT: Internal Event | LOGICAL TIME: 228 | PHYSICAL TIME: 2025-03-05 02:52:38.87, MESSAGE QUEUE LENGTH: 0

2025-03-05 02:52:39,077 - INFO - EVENT: Internal Event | LOGICAL TIME: 229 | PHYSICAL TIME: 2025-03-05 02:52:39.07, MESSAGE QUEUE LENGTH: 0

2025-03-05 02:52:39,320 - INFO - EVENT: Send Msg | RECIPIENT: 1 | LOGICAL TIME: 230 | PHYSICAL TIME: 2025-03-05 02:52:39.32, MESSAGE QUEUE LENGTH: 0

2025-03-05 02:52:39,503 - INFO - EVENT: Send Msg | RECIPIENT: 1 and 2 | LOGICAL TIME: 231 | PHYSICAL TIME: 2025-03-05 02:52:39.50, MESSAGE QUEUE LENGTH: 0

2025-03-05 02:52:39,699 - INFO - EVENT: Internal Event | LOGICAL TIME: 232 | PHYSICAL TIME: 2025-03-05 02:52:39.69, MESSAGE QUEUE LENGTH: 0

2025-03-05 02:52:39,885 - INFO - EVENT: Receive Msg | SENDER: 2 | LOGICAL TIME: 233 | PHYSICAL TIME: 2025-03-05 02:52:39.00, MESSAGE QUEUE LENGTH: 1

2025-03-05 02:52:40,067 - INFO - EVENT: Internal Event | LOGICAL TIME: 234 | PHYSICAL TIME: 2025-03-05 02:52:40.06, MESSAGE QUEUE LENGTH: 0

2025-03-05 02:52:40,321 - INFO - EVENT: Send Msg | RECIPIENT: 1 | LOGICAL TIME: 235 | PHYSICAL TIME: 2025-03-05 02:52:40.32, MESSAGE QUEUE LENGTH: 0

2025-03-05 02:52:40,685 - INFO - EVENT: Send Msg | RECIPIENT: 2 | LOGICAL TIME: 236 | PHYSICAL TIME: 2025-03-05 02:52:40.68, MESSAGE QUEUE LENGTH: 0

2025-03-05 02:52:40,855 - INFO - EVENT: Send Msg | RECIPIENT: 1 | LOGICAL TIME: 237 | PHYSICAL TIME: 2025-03-05 02:52:40.85, MESSAGE QUEUE LENGTH: 0

2025-03-05 02:52:41,039 - INFO - EVENT: Internal Event | LOGICAL TIME: 238 | PHYSICAL TIME: 2025-03-05 02:52:41.03, MESSAGE QUEUE LENGTH: 0

2025-03-05 02:52:41,210 - INFO - EVENT: Internal Event | LOGICAL TIME: 239 | PHYSICAL TIME: 2025-03-05 02:52:41.21, MESSAGE QUEUE LENGTH: 0

2025-03-05 02:52:41,385 - INFO - EVENT: Send Msg | RECIPIENT: 2 | LOGICAL TIME: 240 | PHYSICAL TIME: 2025-03-05 02:52:41.38, MESSAGE QUEUE LENGTH: 0

2025-03-05 02:52:41,556 - INFO - EVENT: Send Msg | RECIPIENT: 2 | LOGICAL TIME: 241 | PHYSICAL TIME: 2025-03-05 02:52:41.55, MESSAGE QUEUE LENGTH: 0

2025-03-05 02:52:41,731 - INFO - EVENT: Internal Event | LOGICAL TIME: 242 | PHYSICAL TIME: 2025-03-05 02:52:41.73, MESSAGE QUEUE LENGTH: 0

2025-03-05 02:52:41,906 - INFO - EVENT: Internal Event | LOGICAL TIME: 243 | PHYSICAL TIME: 2025-03-05 02:52:41.90, MESSAGE QUEUE LENGTH: 0

2025-03-05 02:52:42,133 - INFO - EVENT: Internal Event | LOGICAL TIME: 244 | PHYSICAL TIME: 2025-03-05 02:52:42.13, MESSAGE QUEUE LENGTH: 0

2025-03-05 02:52:42,303 - INFO - EVENT: Internal Event | LOGICAL TIME: 245 | PHYSICAL TIME: 2025-03-05 02:52:42.30, MESSAGE QUEUE LENGTH: 0

2025-03-05 02:52:42,474 - INFO - EVENT: Internal Event | LOGICAL TIME: 246 | PHYSICAL TIME: 2025-03-05 02:52:42.47, MESSAGE QUEUE LENGTH: 0

2025-03-05 02:52:42,722 - INFO - EVENT: Internal Event | LOGICAL TIME: 247 | PHYSICAL TIME: 2025-03-05 02:52:42.72, MESSAGE QUEUE LENGTH: 0

2025-03-05 02:52:42,903 - INFO - EVENT: Internal Event | LOGICAL TIME: 248 | PHYSICAL TIME: 2025-03-05 02:52:42.90, MESSAGE QUEUE LENGTH: 0

2025-03-05 02:52:43,141 - INFO - EVENT: Internal Event | LOGICAL TIME: 249 | PHYSICAL TIME: 2025-03-05 02:52:43.14, MESSAGE QUEUE LENGTH: 0

2025-03-05 02:52:43,371 - INFO - EVENT: Internal Event | LOGICAL TIME: 250 | PHYSICAL TIME: 2025-03-05 02:52:43.37, MESSAGE QUEUE LENGTH: 0

2025-03-05 02:52:43,541 - INFO - EVENT: Receive Msg | SENDER: 2 | LOGICAL TIME: 251 | PHYSICAL TIME: 2025-03-05 02:52:43.00, MESSAGE QUEUE LENGTH: 1

2025-03-05 02:52:43,740 - INFO - EVENT: Receive Msg | SENDER: 2 | LOGICAL TIME: 252 | PHYSICAL TIME: 2025-03-05 02:52:43.00, MESSAGE QUEUE LENGTH: 1

2025-03-05 02:52:43,990 - INFO - EVENT: Internal Event | LOGICAL TIME: 253 | PHYSICAL TIME: 2025-03-05 02:52:43.99, MESSAGE QUEUE LENGTH: 0

2025-03-05 02:52:44,174 - INFO - EVENT: Internal Event | LOGICAL TIME: 254 | PHYSICAL TIME: 2025-03-05 02:52:44.17, MESSAGE QUEUE LENGTH: 0

2025-03-05 02:52:44,390 - INFO - EVENT: Send Msg | RECIPIENT: 2 | LOGICAL TIME: 255 | PHYSICAL TIME: 2025-03-05 02:52:44.39, MESSAGE QUEUE LENGTH: 0

2025-03-05 02:52:44,559 - INFO - EVENT: Internal Event | LOGICAL TIME: 256 | PHYSICAL TIME: 2025-03-05 02:52:44.55, MESSAGE QUEUE LENGTH: 0

2025-03-05 02:52:44,758 - INFO - EVENT: Send Msg | RECIPIENT: 1 and 2 | LOGICAL TIME: 257 | PHYSICAL TIME: 2025-03-05 02:52:44.75, MESSAGE QUEUE LENGTH: 0

2025-03-05 02:52:44,926 - INFO - EVENT: Internal Event | LOGICAL TIME: 258 | PHYSICAL TIME: 2025-03-05 02:52:44.92, MESSAGE QUEUE LENGTH: 0

2025-03-05 02:52:45,141 - INFO - EVENT: Send Msg | RECIPIENT: 1 and 2 | LOGICAL TIME: 259 | PHYSICAL TIME: 2025-03-05 02:52:45.14, MESSAGE QUEUE LENGTH: 0

2025-03-05 02:52:45,320 - INFO - EVENT: Internal Event | LOGICAL TIME: 260 | PHYSICAL TIME: 2025-03-05 02:52:45.32, MESSAGE QUEUE LENGTH: 0

2025-03-05 02:52:45,493 - INFO - EVENT: Internal Event | LOGICAL TIME: 261 | PHYSICAL TIME: 2025-03-05 02:52:45.49, MESSAGE QUEUE LENGTH: 0

2025-03-05 02:52:45,676 - INFO - EVENT: Internal Event | LOGICAL TIME: 262 | PHYSICAL TIME: 2025-03-05 02:52:45.67, MESSAGE QUEUE LENGTH: 0

2025-03-05 02:52:45,908 - INFO - EVENT: Send Msg | RECIPIENT: 1 and 2 | LOGICAL TIME: 263 | PHYSICAL TIME: 2025-03-05 02:52:45.90, MESSAGE QUEUE LENGTH: 0

2025-03-05 02:52:46,123 - INFO - EVENT: Internal Event | LOGICAL TIME: 264 | PHYSICAL TIME: 2025-03-05 02:52:46.12, MESSAGE QUEUE LENGTH: 0

2025-03-05 02:52:46,323 - INFO - EVENT: Internal Event | LOGICAL TIME: 265 | PHYSICAL TIME: 2025-03-05 02:52:46.32, MESSAGE QUEUE LENGTH: 0

2025-03-05 02:52:46,493 - INFO - EVENT: Internal Event | LOGICAL TIME: 266 | PHYSICAL TIME: 2025-03-05 02:52:46.49, MESSAGE QUEUE LENGTH: 0

2025-03-05 02:52:46,726 - INFO - EVENT: Send Msg | RECIPIENT: 1 | LOGICAL TIME: 267 | PHYSICAL TIME: 2025-03-05 02:52:46.72, MESSAGE QUEUE LENGTH: 0

2025-03-05 02:52:46,958 - INFO - EVENT: Receive Msg | SENDER: 2 | LOGICAL TIME: 268 | PHYSICAL TIME: 2025-03-05 02:52:46.00, MESSAGE QUEUE LENGTH: 1

2025-03-05 02:52:47,133 - INFO - EVENT: Send Msg | RECIPIENT: 2 | LOGICAL TIME: 269 | PHYSICAL TIME: 2025-03-05 02:52:47.13, MESSAGE QUEUE LENGTH: 0

2025-03-05 02:52:47,341 - INFO - EVENT: Internal Event | LOGICAL TIME: 270 | PHYSICAL TIME: 2025-03-05 02:52:47.34, MESSAGE QUEUE LENGTH: 0

2025-03-05 02:52:47,510 - INFO - EVENT: Send Msg | RECIPIENT: 1 and 2 | LOGICAL TIME: 271 | PHYSICAL TIME: 2025-03-05 02:52:47.51, MESSAGE QUEUE LENGTH: 0

2025-03-05 02:52:47,694 - INFO - EVENT: Send Msg | RECIPIENT: 1 | LOGICAL TIME: 272 | PHYSICAL TIME: 2025-03-05 02:52:47.69, MESSAGE QUEUE LENGTH: 0

2025-03-05 02:52:47,894 - INFO - EVENT: Internal Event | LOGICAL TIME: 273 | PHYSICAL TIME: 2025-03-05 02:52:47.89, MESSAGE QUEUE LENGTH: 0

2025-03-05 02:52:48,212 - INFO - EVENT: Internal Event | LOGICAL TIME: 274 | PHYSICAL TIME: 2025-03-05 02:52:48.21, MESSAGE QUEUE LENGTH: 0

2025-03-05 02:52:48,411 - INFO - EVENT: Internal Event | LOGICAL TIME: 275 | PHYSICAL TIME: 2025-03-05 02:52:48.41, MESSAGE QUEUE LENGTH: 0

2025-03-05 02:52:48,603 - INFO - EVENT: Internal Event | LOGICAL TIME: 276 | PHYSICAL TIME: 2025-03-05 02:52:48.60, MESSAGE QUEUE LENGTH: 0

2025-03-05 02:52:48,795 - INFO - EVENT: Send Msg | RECIPIENT: 2 | LOGICAL TIME: 277 | PHYSICAL TIME: 2025-03-05 02:52:48.79, MESSAGE QUEUE LENGTH: 0

2025-03-05 02:52:48,978 - INFO - EVENT: Internal Event | LOGICAL TIME: 278 | PHYSICAL TIME: 2025-03-05 02:52:48.97, MESSAGE QUEUE LENGTH: 0

2025-03-05 02:52:49,163 - INFO - EVENT: Internal Event | LOGICAL TIME: 279 | PHYSICAL TIME: 2025-03-05 02:52:49.16, MESSAGE QUEUE LENGTH: 0

2025-03-05 02:52:49,344 - INFO - EVENT: Send Msg | RECIPIENT: 2 | LOGICAL TIME: 280 | PHYSICAL TIME: 2025-03-05 02:52:49.34, MESSAGE QUEUE LENGTH: 0

2025-03-05 02:52:49,529 - INFO - EVENT: Send Msg | RECIPIENT: 2 | LOGICAL TIME: 281 | PHYSICAL TIME: 2025-03-05 02:52:49.52, MESSAGE QUEUE LENGTH: 0

2025-03-05 02:52:49,773 - INFO - EVENT: Send Msg | RECIPIENT: 1 and 2 | LOGICAL TIME: 282 | PHYSICAL TIME: 2025-03-05 02:52:49.77, MESSAGE QUEUE LENGTH: 0

2025-03-05 02:52:49,946 - INFO - EVENT: Internal Event | LOGICAL TIME: 283 | PHYSICAL TIME: 2025-03-05 02:52:49.94, MESSAGE QUEUE LENGTH: 0

2025-03-05 02:52:50,128 - INFO - EVENT: Send Msg | RECIPIENT: 1 | LOGICAL TIME: 284 | PHYSICAL TIME: 2025-03-05 02:52:50.12, MESSAGE QUEUE LENGTH: 0

2025-03-05 02:52:50,446 - INFO - EVENT: Internal Event | LOGICAL TIME: 285 | PHYSICAL TIME: 2025-03-05 02:52:50.44, MESSAGE QUEUE LENGTH: 0

2025-03-05 02:52:50,631 - INFO - EVENT: Send Msg | RECIPIENT: 2 | LOGICAL TIME: 286 | PHYSICAL TIME: 2025-03-05 02:52:50.63, MESSAGE QUEUE LENGTH: 0

2025-03-05 02:52:50,804 - INFO - EVENT: Send Msg | RECIPIENT: 1 and 2 | LOGICAL TIME: 287 | PHYSICAL TIME: 2025-03-05 02:52:50.80, MESSAGE QUEUE LENGTH: 0

2025-03-05 02:52:50,995 - INFO - EVENT: Internal Event | LOGICAL TIME: 288 | PHYSICAL TIME: 2025-03-05 02:52:50.99, MESSAGE QUEUE LENGTH: 0

2025-03-05 02:52:51,164 - INFO - EVENT: Internal Event | LOGICAL TIME: 289 | PHYSICAL TIME: 2025-03-05 02:52:51.16, MESSAGE QUEUE LENGTH: 0

2025-03-05 02:52:51,365 - INFO - EVENT: Internal Event | LOGICAL TIME: 290 | PHYSICAL TIME: 2025-03-05 02:52:51.36, MESSAGE QUEUE LENGTH: 0

2025-03-05 02:52:51,580 - INFO - EVENT: Receive Msg | SENDER: 2 | LOGICAL TIME: 291 | PHYSICAL TIME: 2025-03-05 02:52:51.00, MESSAGE QUEUE LENGTH: 1

2025-03-05 02:52:51,796 - INFO - EVENT: Internal Event | LOGICAL TIME: 292 | PHYSICAL TIME: 2025-03-05 02:52:51.79, MESSAGE QUEUE LENGTH: 0

2025-03-05 02:52:52,212 - INFO - EVENT: Receive Msg | SENDER: 2 | LOGICAL TIME: 293 | PHYSICAL TIME: 2025-03-05 02:52:51.00, MESSAGE QUEUE LENGTH: 1

2025-03-05 02:52:52,411 - INFO - EVENT: Send Msg | RECIPIENT: 2 | LOGICAL TIME: 294 | PHYSICAL TIME: 2025-03-05 02:52:52.41, MESSAGE QUEUE LENGTH: 0

2025-03-05 02:52:52,598 - INFO - EVENT: Internal Event | LOGICAL TIME: 295 | PHYSICAL TIME: 2025-03-05 02:52:52.59, MESSAGE QUEUE LENGTH: 0

2025-03-05 02:52:52,814 - INFO - EVENT: Internal Event | LOGICAL TIME: 296 | PHYSICAL TIME: 2025-03-05 02:52:52.81, MESSAGE QUEUE LENGTH: 0

2025-03-05 02:52:52,998 - INFO - EVENT: Internal Event | LOGICAL TIME: 297 | PHYSICAL TIME: 2025-03-05 02:52:52.99, MESSAGE QUEUE LENGTH: 0

2025-03-05 02:52:53,246 - INFO - EVENT: Send Msg | RECIPIENT: 1 and 2 | LOGICAL TIME: 298 | PHYSICAL TIME: 2025-03-05 02:52:53.24, MESSAGE QUEUE LENGTH: 0

2025-03-05 02:52:53,417 - INFO - EVENT: Send Msg | RECIPIENT: 2 | LOGICAL TIME: 299 | PHYSICAL TIME: 2025-03-05 02:52:53.41, MESSAGE QUEUE LENGTH: 0

2025-03-05 02:52:53,646 - INFO - EVENT: Internal Event | LOGICAL TIME: 300 | PHYSICAL TIME: 2025-03-05 02:52:53.64, MESSAGE QUEUE LENGTH: 0

2025-03-05 02:52:53,864 - INFO - EVENT: Internal Event | LOGICAL TIME: 301 | PHYSICAL TIME: 2025-03-05 02:52:53.86, MESSAGE QUEUE LENGTH: 0

2025-03-05 02:52:54,065 - INFO - EVENT: Send Msg | RECIPIENT: 1 | LOGICAL TIME: 302 | PHYSICAL TIME: 2025-03-05 02:52:54.06, MESSAGE QUEUE LENGTH: 0

2025-03-05 02:52:54,297 - INFO - EVENT: Send Msg | RECIPIENT: 2 | LOGICAL TIME: 303 | PHYSICAL TIME: 2025-03-05 02:52:54.29, MESSAGE QUEUE LENGTH: 0

2025-03-05 02:52:54,510 - INFO - EVENT: Send Msg | RECIPIENT: 1 and 2 | LOGICAL TIME: 304 | PHYSICAL TIME: 2025-03-05 02:52:54.51, MESSAGE QUEUE LENGTH: 0

2025-03-05 02:52:54,684 - INFO - EVENT: Internal Event | LOGICAL TIME: 305 | PHYSICAL TIME: 2025-03-05 02:52:54.68, MESSAGE QUEUE LENGTH: 0

2025-03-05 02:52:54,883 - INFO - EVENT: Send Msg | RECIPIENT: 1 | LOGICAL TIME: 306 | PHYSICAL TIME: 2025-03-05 02:52:54.88, MESSAGE QUEUE LENGTH: 0

2025-03-05 02:52:55,063 - INFO - EVENT: Internal Event | LOGICAL TIME: 307 | PHYSICAL TIME: 2025-03-05 02:52:55.06, MESSAGE QUEUE LENGTH: 0

2025-03-05 02:52:55,301 - INFO - EVENT: Send Msg | RECIPIENT: 1 | LOGICAL TIME: 308 | PHYSICAL TIME: 2025-03-05 02:52:55.30, MESSAGE QUEUE LENGTH: 0

2025-03-05 02:52:55,485 - INFO - EVENT: Send Msg | RECIPIENT: 1 | LOGICAL TIME: 309 | PHYSICAL TIME: 2025-03-05 02:52:55.48, MESSAGE QUEUE LENGTH: 0

2025-03-05 02:52:55,712 - INFO - EVENT: Receive Msg | SENDER: 2 | LOGICAL TIME: 310 | PHYSICAL TIME: 2025-03-05 02:52:55.00, MESSAGE QUEUE LENGTH: 1

2025-03-05 02:52:55,883 - INFO - EVENT: Internal Event | LOGICAL TIME: 311 | PHYSICAL TIME: 2025-03-05 02:52:55.88, MESSAGE QUEUE LENGTH: 0

2025-03-05 02:52:56,083 - INFO - EVENT: Internal Event | LOGICAL TIME: 312 | PHYSICAL TIME: 2025-03-05 02:52:56.08, MESSAGE QUEUE LENGTH: 0

2025-03-05 02:52:56,267 - INFO - EVENT: Send Msg | RECIPIENT: 1 | LOGICAL TIME: 313 | PHYSICAL TIME: 2025-03-05 02:52:56.26, MESSAGE QUEUE LENGTH: 0

2025-03-05 02:52:56,466 - INFO - EVENT: Internal Event | LOGICAL TIME: 314 | PHYSICAL TIME: 2025-03-05 02:52:56.46, MESSAGE QUEUE LENGTH: 0

2025-03-05 02:52:56,635 - INFO - EVENT: Internal Event | LOGICAL TIME: 315 | PHYSICAL TIME: 2025-03-05 02:52:56.63, MESSAGE QUEUE LENGTH: 0

