2025-03-05 19:53:54,763 - INFO - Clock rate for client 2: 3 events per second
2025-03-05 19:53:55,175 - INFO - EVENT: Internal Event | LOGICAL TIME: 1 | PHYSICAL TIME: 2025-03-05 19:53:55.17, MESSAGE QUEUE LENGTH: 0

2025-03-05 19:53:55,555 - INFO - EVENT: Send Msg | RECIPIENT: 3 | LOGICAL TIME: 2 | PHYSICAL TIME: 2025-03-05 19:53:55.55, MESSAGE QUEUE LENGTH: 0

2025-03-05 19:53:55,932 - INFO - EVENT: Receive Msg | SENDER: 1 | LOGICAL TIME: 3 | PHYSICAL TIME: 2025-03-05 19:53:55.93, MESSAGE QUEUE LENGTH: 1

2025-03-05 19:53:56,344 - INFO - EVENT: Receive Msg | SENDER: 1 | LOGICAL TIME: 4 | PHYSICAL TIME: 2025-03-05 19:53:56.34, MESSAGE QUEUE LENGTH: 1

2025-03-05 19:53:56,729 - INFO - EVENT: Receive Msg | SENDER: 1 | LOGICAL TIME: 5 | PHYSICAL TIME: 2025-03-05 19:53:56.72, MESSAGE QUEUE LENGTH: 1

2025-03-05 19:53:57,098 - INFO - EVENT: Internal Event | LOGICAL TIME: 6 | PHYSICAL TIME: 2025-03-05 19:53:57.09, MESSAGE QUEUE LENGTH: 0

2025-03-05 19:53:57,461 - INFO - EVENT: Internal Event | LOGICAL TIME: 7 | PHYSICAL TIME: 2025-03-05 19:53:57.46, MESSAGE QUEUE LENGTH: 0

2025-03-05 19:53:57,799 - INFO - EVENT: Internal Event | LOGICAL TIME: 8 | PHYSICAL TIME: 2025-03-05 19:53:57.79, MESSAGE QUEUE LENGTH: 0

2025-03-05 19:53:58,273 - INFO - EVENT: Send Msg | RECIPIENT: 1 and 3 | LOGICAL TIME: 9 | PHYSICAL TIME: 2025-03-05 19:53:58.27, MESSAGE QUEUE LENGTH: 0

2025-03-05 19:53:58,621 - INFO - EVENT: Send Msg | RECIPIENT: 3 | LOGICAL TIME: 10 | PHYSICAL TIME: 2025-03-05 19:53:58.62, MESSAGE QUEUE LENGTH: 0

2025-03-05 19:53:58,961 - INFO - EVENT: Send Msg | RECIPIENT: 1 and 3 | LOGICAL TIME: 11 | PHYSICAL TIME: 2025-03-05 19:53:58.96, MESSAGE QUEUE LENGTH: 0

2025-03-05 19:53:59,410 - INFO - EVENT: Internal Event | LOGICAL TIME: 12 | PHYSICAL TIME: 2025-03-05 19:53:59.41, MESSAGE QUEUE LENGTH: 0

2025-03-05 19:53:59,766 - INFO - EVENT: Send Msg | RECIPIENT: 3 | LOGICAL TIME: 13 | PHYSICAL TIME: 2025-03-05 19:53:59.76, MESSAGE QUEUE LENGTH: 0

2025-03-05 19:54:00,100 - INFO - EVENT: Send Msg | RECIPIENT: 3 | LOGICAL TIME: 14 | PHYSICAL TIME: 2025-03-05 19:54:00.10, MESSAGE QUEUE LENGTH: 0

2025-03-05 19:54:00,518 - INFO - EVENT: Internal Event | LOGICAL TIME: 15 | PHYSICAL TIME: 2025-03-05 19:54:00.51, MESSAGE QUEUE LENGTH: 0

2025-03-05 19:54:00,920 - INFO - EVENT: Receive Msg | SENDER: 1 | LOGICAL TIME: 17 | PHYSICAL TIME: 2025-03-05 19:54:00.92, MESSAGE QUEUE LENGTH: 1

2025-03-05 19:54:01,355 - INFO - EVENT: Receive Msg | SENDER: 1 | LOGICAL TIME: 18 | PHYSICAL TIME: 2025-03-05 19:54:01.35, MESSAGE QUEUE LENGTH: 1

2025-03-05 19:54:01,867 - INFO - EVENT: Internal Event | LOGICAL TIME: 19 | PHYSICAL TIME: 2025-03-05 19:54:01.86, MESSAGE QUEUE LENGTH: 0

2025-03-05 19:54:02,231 - INFO - EVENT: Receive Msg | SENDER: 1 | LOGICAL TIME: 20 | PHYSICAL TIME: 2025-03-05 19:54:02.23, MESSAGE QUEUE LENGTH: 1

2025-03-05 19:54:02,635 - INFO - EVENT: Receive Msg | SENDER: 1 | LOGICAL TIME: 21 | PHYSICAL TIME: 2025-03-05 19:54:02.63, MESSAGE QUEUE LENGTH: 1

2025-03-05 19:54:02,975 - INFO - EVENT: Receive Msg | SENDER: 1 | LOGICAL TIME: 22 | PHYSICAL TIME: 2025-03-05 19:54:02.97, MESSAGE QUEUE LENGTH: 1

2025-03-05 19:54:03,323 - INFO - EVENT: Receive Msg | SENDER: 1 | LOGICAL TIME: 23 | PHYSICAL TIME: 2025-03-05 19:54:03.32, MESSAGE QUEUE LENGTH: 1

2025-03-05 19:54:03,678 - INFO - EVENT: Receive Msg | SENDER: 1 | LOGICAL TIME: 24 | PHYSICAL TIME: 2025-03-05 19:54:03.67, MESSAGE QUEUE LENGTH: 1

2025-03-05 19:54:04,022 - INFO - EVENT: Internal Event | LOGICAL TIME: 25 | PHYSICAL TIME: 2025-03-05 19:54:04.02, MESSAGE QUEUE LENGTH: 0

2025-03-05 19:54:04,384 - INFO - EVENT: Internal Event | LOGICAL TIME: 26 | PHYSICAL TIME: 2025-03-05 19:54:04.38, MESSAGE QUEUE LENGTH: 0

2025-03-05 19:54:04,821 - INFO - EVENT: Receive Msg | SENDER: 1 | LOGICAL TIME: 27 | PHYSICAL TIME: 2025-03-05 19:54:04.82, MESSAGE QUEUE LENGTH: 1

2025-03-05 19:54:05,176 - INFO - EVENT: Send Msg | RECIPIENT: 3 | LOGICAL TIME: 28 | PHYSICAL TIME: 2025-03-05 19:54:05.17, MESSAGE QUEUE LENGTH: 0

2025-03-05 19:54:05,594 - INFO - EVENT: Internal Event | LOGICAL TIME: 29 | PHYSICAL TIME: 2025-03-05 19:54:05.59, MESSAGE QUEUE LENGTH: 0

2025-03-05 19:54:05,959 - INFO - EVENT: Receive Msg | SENDER: 1 | LOGICAL TIME: 30 | PHYSICAL TIME: 2025-03-05 19:54:05.95, MESSAGE QUEUE LENGTH: 1

2025-03-05 19:54:06,330 - INFO - EVENT: Send Msg | RECIPIENT: 3 | LOGICAL TIME: 31 | PHYSICAL TIME: 2025-03-05 19:54:06.33, MESSAGE QUEUE LENGTH: 0

2025-03-05 19:54:06,718 - INFO - EVENT: Internal Event | LOGICAL TIME: 32 | PHYSICAL TIME: 2025-03-05 19:54:06.71, MESSAGE QUEUE LENGTH: 0

2025-03-05 19:54:07,098 - INFO - EVENT: Internal Event | LOGICAL TIME: 33 | PHYSICAL TIME: 2025-03-05 19:54:07.09, MESSAGE QUEUE LENGTH: 0

2025-03-05 19:54:07,487 - INFO - EVENT: Send Msg | RECIPIENT: 3 | LOGICAL TIME: 34 | PHYSICAL TIME: 2025-03-05 19:54:07.48, MESSAGE QUEUE LENGTH: 0

2025-03-05 19:54:07,842 - INFO - EVENT: Send Msg | RECIPIENT: 3 | LOGICAL TIME: 35 | PHYSICAL TIME: 2025-03-05 19:54:07.84, MESSAGE QUEUE LENGTH: 0

2025-03-05 19:54:08,220 - INFO - EVENT: Send Msg | RECIPIENT: 1 and 3 | LOGICAL TIME: 36 | PHYSICAL TIME: 2025-03-05 19:54:08.22, MESSAGE QUEUE LENGTH: 0

2025-03-05 19:54:08,560 - INFO - EVENT: Send Msg | RECIPIENT: 1 | LOGICAL TIME: 37 | PHYSICAL TIME: 2025-03-05 19:54:08.56, MESSAGE QUEUE LENGTH: 0

2025-03-05 19:54:08,901 - INFO - EVENT: Send Msg | RECIPIENT: 1 and 3 | LOGICAL TIME: 38 | PHYSICAL TIME: 2025-03-05 19:54:08.90, MESSAGE QUEUE LENGTH: 0

2025-03-05 19:54:09,266 - INFO - EVENT: Internal Event | LOGICAL TIME: 39 | PHYSICAL TIME: 2025-03-05 19:54:09.26, MESSAGE QUEUE LENGTH: 0

2025-03-05 19:54:09,622 - INFO - EVENT: Send Msg | RECIPIENT: 3 | LOGICAL TIME: 40 | PHYSICAL TIME: 2025-03-05 19:54:09.62, MESSAGE QUEUE LENGTH: 0

2025-03-05 19:54:09,979 - INFO - EVENT: Internal Event | LOGICAL TIME: 41 | PHYSICAL TIME: 2025-03-05 19:54:09.97, MESSAGE QUEUE LENGTH: 0

2025-03-05 19:54:10,349 - INFO - EVENT: Send Msg | RECIPIENT: 3 | LOGICAL TIME: 42 | PHYSICAL TIME: 2025-03-05 19:54:10.34, MESSAGE QUEUE LENGTH: 0

2025-03-05 19:54:10,729 - INFO - EVENT: Send Msg | RECIPIENT: 3 | LOGICAL TIME: 43 | PHYSICAL TIME: 2025-03-05 19:54:10.72, MESSAGE QUEUE LENGTH: 0

2025-03-05 19:54:11,084 - INFO - EVENT: Receive Msg | SENDER: 1 | LOGICAL TIME: 44 | PHYSICAL TIME: 2025-03-05 19:54:11.08, MESSAGE QUEUE LENGTH: 1

2025-03-05 19:54:11,487 - INFO - EVENT: Receive Msg | SENDER: 1 | LOGICAL TIME: 45 | PHYSICAL TIME: 2025-03-05 19:54:11.48, MESSAGE QUEUE LENGTH: 1

2025-03-05 19:54:11,835 - INFO - EVENT: Internal Event | LOGICAL TIME: 46 | PHYSICAL TIME: 2025-03-05 19:54:11.83, MESSAGE QUEUE LENGTH: 0

2025-03-05 19:54:12,189 - INFO - EVENT: Send Msg | RECIPIENT: 3 | LOGICAL TIME: 47 | PHYSICAL TIME: 2025-03-05 19:54:12.18, MESSAGE QUEUE LENGTH: 0

2025-03-05 19:54:12,588 - INFO - EVENT: Internal Event | LOGICAL TIME: 48 | PHYSICAL TIME: 2025-03-05 19:54:12.58, MESSAGE QUEUE LENGTH: 0

2025-03-05 19:54:13,001 - INFO - EVENT: Send Msg | RECIPIENT: 1 and 3 | LOGICAL TIME: 49 | PHYSICAL TIME: 2025-03-05 19:54:13.00, MESSAGE QUEUE LENGTH: 0

2025-03-05 19:54:13,348 - INFO - EVENT: Internal Event | LOGICAL TIME: 50 | PHYSICAL TIME: 2025-03-05 19:54:13.34, MESSAGE QUEUE LENGTH: 0

2025-03-05 19:54:13,736 - INFO - EVENT: Send Msg | RECIPIENT: 1 and 3 | LOGICAL TIME: 51 | PHYSICAL TIME: 2025-03-05 19:54:13.73, MESSAGE QUEUE LENGTH: 0

2025-03-05 19:54:14,074 - INFO - EVENT: Send Msg | RECIPIENT: 1 and 3 | LOGICAL TIME: 52 | PHYSICAL TIME: 2025-03-05 19:54:14.07, MESSAGE QUEUE LENGTH: 0

2025-03-05 19:54:14,437 - INFO - EVENT: Send Msg | RECIPIENT: 1 and 3 | LOGICAL TIME: 53 | PHYSICAL TIME: 2025-03-05 19:54:14.43, MESSAGE QUEUE LENGTH: 0

2025-03-05 19:54:14,793 - INFO - EVENT: Internal Event | LOGICAL TIME: 54 | PHYSICAL TIME: 2025-03-05 19:54:14.79, MESSAGE QUEUE LENGTH: 0

2025-03-05 19:54:15,133 - INFO - EVENT: Internal Event | LOGICAL TIME: 55 | PHYSICAL TIME: 2025-03-05 19:54:15.13, MESSAGE QUEUE LENGTH: 0

2025-03-05 19:54:15,481 - INFO - EVENT: Receive Msg | SENDER: 1 | LOGICAL TIME: 56 | PHYSICAL TIME: 2025-03-05 19:54:15.48, MESSAGE QUEUE LENGTH: 1

2025-03-05 19:54:15,835 - INFO - EVENT: Internal Event | LOGICAL TIME: 57 | PHYSICAL TIME: 2025-03-05 19:54:15.83, MESSAGE QUEUE LENGTH: 0

2025-03-05 19:54:16,237 - INFO - EVENT: Internal Event | LOGICAL TIME: 58 | PHYSICAL TIME: 2025-03-05 19:54:16.23, MESSAGE QUEUE LENGTH: 0

2025-03-05 19:54:16,585 - INFO - EVENT: Receive Msg | SENDER: 1 | LOGICAL TIME: 59 | PHYSICAL TIME: 2025-03-05 19:54:16.58, MESSAGE QUEUE LENGTH: 1

2025-03-05 19:54:16,923 - INFO - EVENT: Internal Event | LOGICAL TIME: 60 | PHYSICAL TIME: 2025-03-05 19:54:16.92, MESSAGE QUEUE LENGTH: 0

2025-03-05 19:54:17,311 - INFO - EVENT: Internal Event | LOGICAL TIME: 61 | PHYSICAL TIME: 2025-03-05 19:54:17.31, MESSAGE QUEUE LENGTH: 0

2025-03-05 19:54:17,657 - INFO - EVENT: Send Msg | RECIPIENT: 3 | LOGICAL TIME: 62 | PHYSICAL TIME: 2025-03-05 19:54:17.65, MESSAGE QUEUE LENGTH: 0

2025-03-05 19:54:18,013 - INFO - EVENT: Internal Event | LOGICAL TIME: 63 | PHYSICAL TIME: 2025-03-05 19:54:18.01, MESSAGE QUEUE LENGTH: 0

2025-03-05 19:54:18,350 - INFO - EVENT: Internal Event | LOGICAL TIME: 64 | PHYSICAL TIME: 2025-03-05 19:54:18.35, MESSAGE QUEUE LENGTH: 0

2025-03-05 19:54:18,714 - INFO - EVENT: Receive Msg | SENDER: 1 | LOGICAL TIME: 65 | PHYSICAL TIME: 2025-03-05 19:54:18.71, MESSAGE QUEUE LENGTH: 1

2025-03-05 19:54:19,051 - INFO - EVENT: Internal Event | LOGICAL TIME: 66 | PHYSICAL TIME: 2025-03-05 19:54:19.05, MESSAGE QUEUE LENGTH: 0

2025-03-05 19:54:19,390 - INFO - EVENT: Internal Event | LOGICAL TIME: 67 | PHYSICAL TIME: 2025-03-05 19:54:19.39, MESSAGE QUEUE LENGTH: 0

2025-03-05 19:54:19,754 - INFO - EVENT: Internal Event | LOGICAL TIME: 68 | PHYSICAL TIME: 2025-03-05 19:54:19.75, MESSAGE QUEUE LENGTH: 0

2025-03-05 19:54:20,250 - INFO - EVENT: Internal Event | LOGICAL TIME: 69 | PHYSICAL TIME: 2025-03-05 19:54:20.25, MESSAGE QUEUE LENGTH: 0

2025-03-05 19:54:20,621 - INFO - EVENT: Send Msg | RECIPIENT: 1 and 3 | LOGICAL TIME: 70 | PHYSICAL TIME: 2025-03-05 19:54:20.62, MESSAGE QUEUE LENGTH: 0

2025-03-05 19:54:20,962 - INFO - EVENT: Internal Event | LOGICAL TIME: 71 | PHYSICAL TIME: 2025-03-05 19:54:20.96, MESSAGE QUEUE LENGTH: 0

2025-03-05 19:54:21,476 - INFO - EVENT: Send Msg | RECIPIENT: 3 | LOGICAL TIME: 72 | PHYSICAL TIME: 2025-03-05 19:54:21.47, MESSAGE QUEUE LENGTH: 0

2025-03-05 19:54:21,841 - INFO - EVENT: Receive Msg | SENDER: 1 | LOGICAL TIME: 74 | PHYSICAL TIME: 2025-03-05 19:54:21.84, MESSAGE QUEUE LENGTH: 1

2025-03-05 19:54:22,213 - INFO - EVENT: Send Msg | RECIPIENT: 3 | LOGICAL TIME: 75 | PHYSICAL TIME: 2025-03-05 19:54:22.21, MESSAGE QUEUE LENGTH: 0

2025-03-05 19:54:22,568 - INFO - EVENT: Send Msg | RECIPIENT: 3 | LOGICAL TIME: 76 | PHYSICAL TIME: 2025-03-05 19:54:22.56, MESSAGE QUEUE LENGTH: 0

2025-03-05 19:54:22,964 - INFO - EVENT: Receive Msg | SENDER: 1 | LOGICAL TIME: 77 | PHYSICAL TIME: 2025-03-05 19:54:22.96, MESSAGE QUEUE LENGTH: 1

2025-03-05 19:54:23,303 - INFO - EVENT: Internal Event | LOGICAL TIME: 78 | PHYSICAL TIME: 2025-03-05 19:54:23.30, MESSAGE QUEUE LENGTH: 0

2025-03-05 19:54:23,643 - INFO - EVENT: Internal Event | LOGICAL TIME: 79 | PHYSICAL TIME: 2025-03-05 19:54:23.64, MESSAGE QUEUE LENGTH: 0

2025-03-05 19:54:24,007 - INFO - EVENT: Internal Event | LOGICAL TIME: 80 | PHYSICAL TIME: 2025-03-05 19:54:24.00, MESSAGE QUEUE LENGTH: 0

2025-03-05 19:54:24,346 - INFO - EVENT: Receive Msg | SENDER: 1 | LOGICAL TIME: 81 | PHYSICAL TIME: 2025-03-05 19:54:24.34, MESSAGE QUEUE LENGTH: 1

2025-03-05 19:54:24,749 - INFO - EVENT: Send Msg | RECIPIENT: 1 | LOGICAL TIME: 82 | PHYSICAL TIME: 2025-03-05 19:54:24.74, MESSAGE QUEUE LENGTH: 0

2025-03-05 19:54:25,293 - INFO - EVENT: Internal Event | LOGICAL TIME: 83 | PHYSICAL TIME: 2025-03-05 19:54:25.29, MESSAGE QUEUE LENGTH: 0

2025-03-05 19:54:25,639 - INFO - EVENT: Internal Event | LOGICAL TIME: 84 | PHYSICAL TIME: 2025-03-05 19:54:25.63, MESSAGE QUEUE LENGTH: 0

2025-03-05 19:54:25,977 - INFO - EVENT: Internal Event | LOGICAL TIME: 85 | PHYSICAL TIME: 2025-03-05 19:54:25.97, MESSAGE QUEUE LENGTH: 0

2025-03-05 19:54:26,316 - INFO - EVENT: Send Msg | RECIPIENT: 1 and 3 | LOGICAL TIME: 86 | PHYSICAL TIME: 2025-03-05 19:54:26.31, MESSAGE QUEUE LENGTH: 0

2025-03-05 19:54:26,663 - INFO - EVENT: Internal Event | LOGICAL TIME: 87 | PHYSICAL TIME: 2025-03-05 19:54:26.66, MESSAGE QUEUE LENGTH: 0

2025-03-05 19:54:27,020 - INFO - EVENT: Send Msg | RECIPIENT: 1 | LOGICAL TIME: 88 | PHYSICAL TIME: 2025-03-05 19:54:27.02, MESSAGE QUEUE LENGTH: 0

2025-03-05 19:54:27,375 - INFO - EVENT: Receive Msg | SENDER: 1 | LOGICAL TIME: 90 | PHYSICAL TIME: 2025-03-05 19:54:27.37, MESSAGE QUEUE LENGTH: 1

2025-03-05 19:54:27,739 - INFO - EVENT: Send Msg | RECIPIENT: 1 and 3 | LOGICAL TIME: 91 | PHYSICAL TIME: 2025-03-05 19:54:27.73, MESSAGE QUEUE LENGTH: 0

2025-03-05 19:54:28,127 - INFO - EVENT: Internal Event | LOGICAL TIME: 92 | PHYSICAL TIME: 2025-03-05 19:54:28.12, MESSAGE QUEUE LENGTH: 0

2025-03-05 19:54:28,498 - INFO - EVENT: Send Msg | RECIPIENT: 1 | LOGICAL TIME: 93 | PHYSICAL TIME: 2025-03-05 19:54:28.49, MESSAGE QUEUE LENGTH: 0

2025-03-05 19:54:28,862 - INFO - EVENT: Internal Event | LOGICAL TIME: 94 | PHYSICAL TIME: 2025-03-05 19:54:28.86, MESSAGE QUEUE LENGTH: 0

2025-03-05 19:54:29,231 - INFO - EVENT: Internal Event | LOGICAL TIME: 95 | PHYSICAL TIME: 2025-03-05 19:54:29.23, MESSAGE QUEUE LENGTH: 0

2025-03-05 19:54:29,580 - INFO - EVENT: Internal Event | LOGICAL TIME: 96 | PHYSICAL TIME: 2025-03-05 19:54:29.58, MESSAGE QUEUE LENGTH: 0

2025-03-05 19:54:29,916 - INFO - EVENT: Internal Event | LOGICAL TIME: 97 | PHYSICAL TIME: 2025-03-05 19:54:29.91, MESSAGE QUEUE LENGTH: 0

2025-03-05 19:54:30,268 - INFO - EVENT: Internal Event | LOGICAL TIME: 98 | PHYSICAL TIME: 2025-03-05 19:54:30.26, MESSAGE QUEUE LENGTH: 0

2025-03-05 19:54:30,623 - INFO - EVENT: Receive Msg | SENDER: 1 | LOGICAL TIME: 100 | PHYSICAL TIME: 2025-03-05 19:54:30.62, MESSAGE QUEUE LENGTH: 1

2025-03-05 19:54:30,970 - INFO - EVENT: Internal Event | LOGICAL TIME: 101 | PHYSICAL TIME: 2025-03-05 19:54:30.97, MESSAGE QUEUE LENGTH: 0

2025-03-05 19:54:31,308 - INFO - EVENT: Receive Msg | SENDER: 1 | LOGICAL TIME: 102 | PHYSICAL TIME: 2025-03-05 19:54:31.30, MESSAGE QUEUE LENGTH: 1

2025-03-05 19:54:31,679 - INFO - EVENT: Receive Msg | SENDER: 1 | LOGICAL TIME: 103 | PHYSICAL TIME: 2025-03-05 19:54:31.67, MESSAGE QUEUE LENGTH: 1

2025-03-05 19:54:32,098 - INFO - EVENT: Send Msg | RECIPIENT: 1 | LOGICAL TIME: 104 | PHYSICAL TIME: 2025-03-05 19:54:32.09, MESSAGE QUEUE LENGTH: 0

2025-03-05 19:54:32,477 - INFO - EVENT: Send Msg | RECIPIENT: 1 and 3 | LOGICAL TIME: 105 | PHYSICAL TIME: 2025-03-05 19:54:32.47, MESSAGE QUEUE LENGTH: 0

2025-03-05 19:54:32,833 - INFO - EVENT: Internal Event | LOGICAL TIME: 106 | PHYSICAL TIME: 2025-03-05 19:54:32.83, MESSAGE QUEUE LENGTH: 0

2025-03-05 19:54:33,175 - INFO - EVENT: Send Msg | RECIPIENT: 1 | LOGICAL TIME: 107 | PHYSICAL TIME: 2025-03-05 19:54:33.17, MESSAGE QUEUE LENGTH: 0

2025-03-05 19:54:33,539 - INFO - EVENT: Send Msg | RECIPIENT: 3 | LOGICAL TIME: 108 | PHYSICAL TIME: 2025-03-05 19:54:33.53, MESSAGE QUEUE LENGTH: 0

2025-03-05 19:54:33,882 - INFO - EVENT: Receive Msg | SENDER: 1 | LOGICAL TIME: 110 | PHYSICAL TIME: 2025-03-05 19:54:33.88, MESSAGE QUEUE LENGTH: 1

2025-03-05 19:54:34,219 - INFO - EVENT: Receive Msg | SENDER: 1 | LOGICAL TIME: 111 | PHYSICAL TIME: 2025-03-05 19:54:34.21, MESSAGE QUEUE LENGTH: 1

2025-03-05 19:54:34,567 - INFO - EVENT: Internal Event | LOGICAL TIME: 112 | PHYSICAL TIME: 2025-03-05 19:54:34.56, MESSAGE QUEUE LENGTH: 0

2025-03-05 19:54:34,971 - INFO - EVENT: Internal Event | LOGICAL TIME: 113 | PHYSICAL TIME: 2025-03-05 19:54:34.97, MESSAGE QUEUE LENGTH: 0

2025-03-05 19:54:35,376 - INFO - EVENT: Send Msg | RECIPIENT: 1 | LOGICAL TIME: 114 | PHYSICAL TIME: 2025-03-05 19:54:35.37, MESSAGE QUEUE LENGTH: 0

2025-03-05 19:54:35,724 - INFO - EVENT: Internal Event | LOGICAL TIME: 115 | PHYSICAL TIME: 2025-03-05 19:54:35.72, MESSAGE QUEUE LENGTH: 0

2025-03-05 19:54:36,110 - INFO - EVENT: Internal Event | LOGICAL TIME: 116 | PHYSICAL TIME: 2025-03-05 19:54:36.11, MESSAGE QUEUE LENGTH: 0

2025-03-05 19:54:36,481 - INFO - EVENT: Send Msg | RECIPIENT: 1 | LOGICAL TIME: 117 | PHYSICAL TIME: 2025-03-05 19:54:36.48, MESSAGE QUEUE LENGTH: 0

2025-03-05 19:54:36,830 - INFO - EVENT: Send Msg | RECIPIENT: 3 | LOGICAL TIME: 118 | PHYSICAL TIME: 2025-03-05 19:54:36.83, MESSAGE QUEUE LENGTH: 0

2025-03-05 19:54:37,169 - INFO - EVENT: Internal Event | LOGICAL TIME: 119 | PHYSICAL TIME: 2025-03-05 19:54:37.16, MESSAGE QUEUE LENGTH: 0

2025-03-05 19:54:37,523 - INFO - EVENT: Internal Event | LOGICAL TIME: 120 | PHYSICAL TIME: 2025-03-05 19:54:37.52, MESSAGE QUEUE LENGTH: 0

2025-03-05 19:54:37,887 - INFO - EVENT: Internal Event | LOGICAL TIME: 121 | PHYSICAL TIME: 2025-03-05 19:54:37.88, MESSAGE QUEUE LENGTH: 0

2025-03-05 19:54:38,259 - INFO - EVENT: Internal Event | LOGICAL TIME: 122 | PHYSICAL TIME: 2025-03-05 19:54:38.25, MESSAGE QUEUE LENGTH: 0

2025-03-05 19:54:38,614 - INFO - EVENT: Internal Event | LOGICAL TIME: 123 | PHYSICAL TIME: 2025-03-05 19:54:38.61, MESSAGE QUEUE LENGTH: 0

2025-03-05 19:54:38,948 - INFO - EVENT: Internal Event | LOGICAL TIME: 124 | PHYSICAL TIME: 2025-03-05 19:54:38.94, MESSAGE QUEUE LENGTH: 0

2025-03-05 19:54:39,303 - INFO - EVENT: Send Msg | RECIPIENT: 1 and 3 | LOGICAL TIME: 125 | PHYSICAL TIME: 2025-03-05 19:54:39.30, MESSAGE QUEUE LENGTH: 0

2025-03-05 19:54:39,642 - INFO - EVENT: Internal Event | LOGICAL TIME: 126 | PHYSICAL TIME: 2025-03-05 19:54:39.64, MESSAGE QUEUE LENGTH: 0

2025-03-05 19:54:40,093 - INFO - EVENT: Internal Event | LOGICAL TIME: 127 | PHYSICAL TIME: 2025-03-05 19:54:40.09, MESSAGE QUEUE LENGTH: 0

2025-03-05 19:54:40,457 - INFO - EVENT: Internal Event | LOGICAL TIME: 128 | PHYSICAL TIME: 2025-03-05 19:54:40.45, MESSAGE QUEUE LENGTH: 0

2025-03-05 19:54:40,795 - INFO - EVENT: Internal Event | LOGICAL TIME: 129 | PHYSICAL TIME: 2025-03-05 19:54:40.79, MESSAGE QUEUE LENGTH: 0

2025-03-05 19:54:41,150 - INFO - EVENT: Internal Event | LOGICAL TIME: 130 | PHYSICAL TIME: 2025-03-05 19:54:41.15, MESSAGE QUEUE LENGTH: 0

2025-03-05 19:54:41,546 - INFO - EVENT: Receive Msg | SENDER: 1 | LOGICAL TIME: 132 | PHYSICAL TIME: 2025-03-05 19:54:41.54, MESSAGE QUEUE LENGTH: 1

2025-03-05 19:54:41,886 - INFO - EVENT: Receive Msg | SENDER: 1 | LOGICAL TIME: 133 | PHYSICAL TIME: 2025-03-05 19:54:41.88, MESSAGE QUEUE LENGTH: 1

2025-03-05 19:54:42,255 - INFO - EVENT: Receive Msg | SENDER: 1 | LOGICAL TIME: 134 | PHYSICAL TIME: 2025-03-05 19:54:42.25, MESSAGE QUEUE LENGTH: 1

2025-03-05 19:54:42,604 - INFO - EVENT: Receive Msg | SENDER: 1 | LOGICAL TIME: 135 | PHYSICAL TIME: 2025-03-05 19:54:42.60, MESSAGE QUEUE LENGTH: 1

2025-03-05 19:54:42,942 - INFO - EVENT: Internal Event | LOGICAL TIME: 136 | PHYSICAL TIME: 2025-03-05 19:54:42.94, MESSAGE QUEUE LENGTH: 0

2025-03-05 19:54:43,280 - INFO - EVENT: Send Msg | RECIPIENT: 1 and 3 | LOGICAL TIME: 137 | PHYSICAL TIME: 2025-03-05 19:54:43.28, MESSAGE QUEUE LENGTH: 0

2025-03-05 19:54:43,707 - INFO - EVENT: Internal Event | LOGICAL TIME: 138 | PHYSICAL TIME: 2025-03-05 19:54:43.70, MESSAGE QUEUE LENGTH: 0

2025-03-05 19:54:44,111 - INFO - EVENT: Receive Msg | SENDER: 1 | LOGICAL TIME: 139 | PHYSICAL TIME: 2025-03-05 19:54:44.11, MESSAGE QUEUE LENGTH: 1

2025-03-05 19:54:44,466 - INFO - EVENT: Internal Event | LOGICAL TIME: 140 | PHYSICAL TIME: 2025-03-05 19:54:44.46, MESSAGE QUEUE LENGTH: 0

2025-03-05 19:54:44,807 - INFO - EVENT: Internal Event | LOGICAL TIME: 141 | PHYSICAL TIME: 2025-03-05 19:54:44.80, MESSAGE QUEUE LENGTH: 0

2025-03-05 19:54:45,156 - INFO - EVENT: Send Msg | RECIPIENT: 1 and 3 | LOGICAL TIME: 142 | PHYSICAL TIME: 2025-03-05 19:54:45.15, MESSAGE QUEUE LENGTH: 0

2025-03-05 19:54:45,512 - INFO - EVENT: Send Msg | RECIPIENT: 1 and 3 | LOGICAL TIME: 143 | PHYSICAL TIME: 2025-03-05 19:54:45.51, MESSAGE QUEUE LENGTH: 0

2025-03-05 19:54:45,851 - INFO - EVENT: Internal Event | LOGICAL TIME: 144 | PHYSICAL TIME: 2025-03-05 19:54:45.85, MESSAGE QUEUE LENGTH: 0

2025-03-05 19:54:46,215 - INFO - EVENT: Send Msg | RECIPIENT: 3 | LOGICAL TIME: 145 | PHYSICAL TIME: 2025-03-05 19:54:46.21, MESSAGE QUEUE LENGTH: 0

2025-03-05 19:54:46,553 - INFO - EVENT: Internal Event | LOGICAL TIME: 146 | PHYSICAL TIME: 2025-03-05 19:54:46.55, MESSAGE QUEUE LENGTH: 0

2025-03-05 19:54:46,908 - INFO - EVENT: Internal Event | LOGICAL TIME: 147 | PHYSICAL TIME: 2025-03-05 19:54:46.90, MESSAGE QUEUE LENGTH: 0

2025-03-05 19:54:47,289 - INFO - EVENT: Send Msg | RECIPIENT: 1 | LOGICAL TIME: 148 | PHYSICAL TIME: 2025-03-05 19:54:47.28, MESSAGE QUEUE LENGTH: 0

2025-03-05 19:54:47,676 - INFO - EVENT: Send Msg | RECIPIENT: 3 | LOGICAL TIME: 149 | PHYSICAL TIME: 2025-03-05 19:54:47.67, MESSAGE QUEUE LENGTH: 0

2025-03-05 19:54:48,016 - INFO - EVENT: Internal Event | LOGICAL TIME: 150 | PHYSICAL TIME: 2025-03-05 19:54:48.01, MESSAGE QUEUE LENGTH: 0

2025-03-05 19:54:48,380 - INFO - EVENT: Send Msg | RECIPIENT: 3 | LOGICAL TIME: 151 | PHYSICAL TIME: 2025-03-05 19:54:48.38, MESSAGE QUEUE LENGTH: 0

2025-03-05 19:54:48,752 - INFO - EVENT: Internal Event | LOGICAL TIME: 152 | PHYSICAL TIME: 2025-03-05 19:54:48.75, MESSAGE QUEUE LENGTH: 0

2025-03-05 19:54:49,107 - INFO - EVENT: Internal Event | LOGICAL TIME: 153 | PHYSICAL TIME: 2025-03-05 19:54:49.10, MESSAGE QUEUE LENGTH: 0

2025-03-05 19:54:49,488 - INFO - EVENT: Send Msg | RECIPIENT: 3 | LOGICAL TIME: 154 | PHYSICAL TIME: 2025-03-05 19:54:49.48, MESSAGE QUEUE LENGTH: 0

2025-03-05 19:54:49,826 - INFO - EVENT: Internal Event | LOGICAL TIME: 155 | PHYSICAL TIME: 2025-03-05 19:54:49.82, MESSAGE QUEUE LENGTH: 0

2025-03-05 19:54:50,193 - INFO - EVENT: Send Msg | RECIPIENT: 3 | LOGICAL TIME: 156 | PHYSICAL TIME: 2025-03-05 19:54:50.19, MESSAGE QUEUE LENGTH: 0

2025-03-05 19:54:50,527 - INFO - EVENT: Send Msg | RECIPIENT: 1 and 3 | LOGICAL TIME: 157 | PHYSICAL TIME: 2025-03-05 19:54:50.52, MESSAGE QUEUE LENGTH: 0

2025-03-05 19:54:50,911 - INFO - EVENT: Send Msg | RECIPIENT: 3 | LOGICAL TIME: 158 | PHYSICAL TIME: 2025-03-05 19:54:50.91, MESSAGE QUEUE LENGTH: 0

2025-03-05 19:54:51,344 - INFO - EVENT: Internal Event | LOGICAL TIME: 159 | PHYSICAL TIME: 2025-03-05 19:54:51.34, MESSAGE QUEUE LENGTH: 0

2025-03-05 19:54:51,732 - INFO - EVENT: Send Msg | RECIPIENT: 1 | LOGICAL TIME: 160 | PHYSICAL TIME: 2025-03-05 19:54:51.73, MESSAGE QUEUE LENGTH: 0

2025-03-05 19:54:52,110 - INFO - EVENT: Send Msg | RECIPIENT: 1 and 3 | LOGICAL TIME: 161 | PHYSICAL TIME: 2025-03-05 19:54:52.11, MESSAGE QUEUE LENGTH: 0

2025-03-05 19:54:52,450 - INFO - EVENT: Send Msg | RECIPIENT: 1 and 3 | LOGICAL TIME: 162 | PHYSICAL TIME: 2025-03-05 19:54:52.45, MESSAGE QUEUE LENGTH: 0

2025-03-05 19:54:52,858 - INFO - EVENT: Send Msg | RECIPIENT: 1 and 3 | LOGICAL TIME: 163 | PHYSICAL TIME: 2025-03-05 19:54:52.85, MESSAGE QUEUE LENGTH: 0

2025-03-05 19:54:53,202 - INFO - EVENT: Internal Event | LOGICAL TIME: 164 | PHYSICAL TIME: 2025-03-05 19:54:53.20, MESSAGE QUEUE LENGTH: 0

2025-03-05 19:54:53,553 - INFO - EVENT: Send Msg | RECIPIENT: 1 | LOGICAL TIME: 165 | PHYSICAL TIME: 2025-03-05 19:54:53.55, MESSAGE QUEUE LENGTH: 0

2025-03-05 19:54:53,947 - INFO - EVENT: Internal Event | LOGICAL TIME: 166 | PHYSICAL TIME: 2025-03-05 19:54:53.94, MESSAGE QUEUE LENGTH: 0

2025-03-05 19:54:54,285 - INFO - EVENT: Internal Event | LOGICAL TIME: 167 | PHYSICAL TIME: 2025-03-05 19:54:54.28, MESSAGE QUEUE LENGTH: 0

2025-03-05 19:54:54,636 - INFO - EVENT: Receive Msg | SENDER: 1 | LOGICAL TIME: 169 | PHYSICAL TIME: 2025-03-05 19:54:54.63, MESSAGE QUEUE LENGTH: 1

2025-03-05 19:54:54,975 - INFO - EVENT: Send Msg | RECIPIENT: 1 | LOGICAL TIME: 170 | PHYSICAL TIME: 2025-03-05 19:54:54.97, MESSAGE QUEUE LENGTH: 0

2025-03-05 19:54:55,354 - INFO - EVENT: Send Msg | RECIPIENT: 3 | LOGICAL TIME: 171 | PHYSICAL TIME: 2025-03-05 19:54:55.35, MESSAGE QUEUE LENGTH: 0

2025-03-05 19:54:55,712 - INFO - EVENT: Internal Event | LOGICAL TIME: 172 | PHYSICAL TIME: 2025-03-05 19:54:55.71, MESSAGE QUEUE LENGTH: 0

2025-03-05 19:54:56,051 - INFO - EVENT: Internal Event | LOGICAL TIME: 173 | PHYSICAL TIME: 2025-03-05 19:54:56.05, MESSAGE QUEUE LENGTH: 0

2025-03-05 19:54:56,398 - INFO - EVENT: Send Msg | RECIPIENT: 1 and 3 | LOGICAL TIME: 174 | PHYSICAL TIME: 2025-03-05 19:54:56.39, MESSAGE QUEUE LENGTH: 0

2025-03-05 19:54:56,740 - INFO - EVENT: Internal Event | LOGICAL TIME: 175 | PHYSICAL TIME: 2025-03-05 19:54:56.74, MESSAGE QUEUE LENGTH: 0

2025-03-05 19:54:57,095 - INFO - EVENT: Send Msg | RECIPIENT: 3 | LOGICAL TIME: 176 | PHYSICAL TIME: 2025-03-05 19:54:57.09, MESSAGE QUEUE LENGTH: 0

2025-03-05 19:54:57,506 - INFO - EVENT: Send Msg | RECIPIENT: 1 and 3 | LOGICAL TIME: 177 | PHYSICAL TIME: 2025-03-05 19:54:57.50, MESSAGE QUEUE LENGTH: 0

2025-03-05 19:54:57,892 - INFO - EVENT: Send Msg | RECIPIENT: 1 and 3 | LOGICAL TIME: 178 | PHYSICAL TIME: 2025-03-05 19:54:57.89, MESSAGE QUEUE LENGTH: 0

2025-03-05 19:54:58,295 - INFO - EVENT: Send Msg | RECIPIENT: 1 | LOGICAL TIME: 179 | PHYSICAL TIME: 2025-03-05 19:54:58.29, MESSAGE QUEUE LENGTH: 0

2025-03-05 19:54:58,684 - INFO - EVENT: Internal Event | LOGICAL TIME: 180 | PHYSICAL TIME: 2025-03-05 19:54:58.68, MESSAGE QUEUE LENGTH: 0

2025-03-05 19:54:59,182 - INFO - EVENT: Internal Event | LOGICAL TIME: 181 | PHYSICAL TIME: 2025-03-05 19:54:59.18, MESSAGE QUEUE LENGTH: 0

2025-03-05 19:54:59,547 - INFO - EVENT: Internal Event | LOGICAL TIME: 182 | PHYSICAL TIME: 2025-03-05 19:54:59.54, MESSAGE QUEUE LENGTH: 0

2025-03-05 19:54:59,950 - INFO - EVENT: Receive Msg | SENDER: 1 | LOGICAL TIME: 184 | PHYSICAL TIME: 2025-03-05 19:54:59.95, MESSAGE QUEUE LENGTH: 1

