2025-03-04 19:11:33,960 - INFO - Clock rate for client 1: 4 events per second
2025-03-04 19:11:34,972 - INFO - EVENT: Receive Msg | SENDER: 3 | LOGICAL TIME: 1 | PHYSICAL TIME: 2025-03-04 19:11:34.00, MESSAGE QUEUE LENGTH: 2

2025-03-04 19:11:35,273 - INFO - EVENT: Receive Msg | SENDER: 2 | LOGICAL TIME: 2 | PHYSICAL TIME: 2025-03-04 19:11:34.00, MESSAGE QUEUE LENGTH: 1

2025-03-04 19:11:35,527 - INFO - EVENT: Internal Event | LOGICAL TIME: 3 | PHYSICAL TIME: 2025-03-04 19:11:35.52, MESSAGE QUEUE LENGTH: 0

2025-03-04 19:11:35,905 - INFO - EVENT: Internal Event | LOGICAL TIME: 4 | PHYSICAL TIME: 2025-03-04 19:11:35.90, MESSAGE QUEUE LENGTH: 0

2025-03-04 19:11:36,253 - INFO - EVENT: Internal Event | LOGICAL TIME: 5 | PHYSICAL TIME: 2025-03-04 19:11:36.25, MESSAGE QUEUE LENGTH: 0

2025-03-04 19:11:36,508 - INFO - EVENT: Internal Event | LOGICAL TIME: 6 | PHYSICAL TIME: 2025-03-04 19:11:36.50, MESSAGE QUEUE LENGTH: 0

2025-03-04 19:11:36,823 - INFO - EVENT: Receive Msg | SENDER: 2 | LOGICAL TIME: 10 | PHYSICAL TIME: 2025-03-04 19:11:36.00, MESSAGE QUEUE LENGTH: 1

2025-03-04 19:11:37,102 - INFO - EVENT: Send Msg | RECIPIENT: 2 | LOGICAL TIME: 11 | PHYSICAL TIME: 2025-03-04 19:11:37.10, MESSAGE QUEUE LENGTH: 0

2025-03-04 19:11:37,390 - INFO - EVENT: Send Msg | RECIPIENT: 2 and 3 | LOGICAL TIME: 12 | PHYSICAL TIME: 2025-03-04 19:11:37.39, MESSAGE QUEUE LENGTH: 0

2025-03-04 19:11:37,641 - INFO - EVENT: Internal Event | LOGICAL TIME: 13 | PHYSICAL TIME: 2025-03-04 19:11:37.64, MESSAGE QUEUE LENGTH: 0

2025-03-04 19:11:37,994 - INFO - EVENT: Internal Event | LOGICAL TIME: 14 | PHYSICAL TIME: 2025-03-04 19:11:37.99, MESSAGE QUEUE LENGTH: 0

2025-03-04 19:11:38,256 - INFO - EVENT: Internal Event | LOGICAL TIME: 15 | PHYSICAL TIME: 2025-03-04 19:11:38.25, MESSAGE QUEUE LENGTH: 0

2025-03-04 19:11:38,510 - INFO - EVENT: Send Msg | RECIPIENT: 2 | LOGICAL TIME: 16 | PHYSICAL TIME: 2025-03-04 19:11:38.51, MESSAGE QUEUE LENGTH: 0

2025-03-04 19:11:38,787 - INFO - EVENT: Send Msg | RECIPIENT: 3 | LOGICAL TIME: 17 | PHYSICAL TIME: 2025-03-04 19:11:38.78, MESSAGE QUEUE LENGTH: 0

2025-03-04 19:11:39,085 - INFO - EVENT: Internal Event | LOGICAL TIME: 18 | PHYSICAL TIME: 2025-03-04 19:11:39.08, MESSAGE QUEUE LENGTH: 0

2025-03-04 19:11:39,377 - INFO - EVENT: Internal Event | LOGICAL TIME: 19 | PHYSICAL TIME: 2025-03-04 19:11:39.37, MESSAGE QUEUE LENGTH: 0

2025-03-04 19:11:39,631 - INFO - EVENT: Internal Event | LOGICAL TIME: 20 | PHYSICAL TIME: 2025-03-04 19:11:39.63, MESSAGE QUEUE LENGTH: 0

2025-03-04 19:11:39,895 - INFO - EVENT: Send Msg | RECIPIENT: 3 | LOGICAL TIME: 21 | PHYSICAL TIME: 2025-03-04 19:11:39.89, MESSAGE QUEUE LENGTH: 0

2025-03-04 19:11:40,153 - INFO - EVENT: Send Msg | RECIPIENT: 2 and 3 | LOGICAL TIME: 22 | PHYSICAL TIME: 2025-03-04 19:11:40.15, MESSAGE QUEUE LENGTH: 0

2025-03-04 19:11:40,435 - INFO - EVENT: Internal Event | LOGICAL TIME: 23 | PHYSICAL TIME: 2025-03-04 19:11:40.43, MESSAGE QUEUE LENGTH: 0

2025-03-04 19:11:40,692 - INFO - EVENT: Send Msg | RECIPIENT: 2 | LOGICAL TIME: 24 | PHYSICAL TIME: 2025-03-04 19:11:40.69, MESSAGE QUEUE LENGTH: 0

2025-03-04 19:11:40,952 - INFO - EVENT: Receive Msg | SENDER: 2 | LOGICAL TIME: 28 | PHYSICAL TIME: 2025-03-04 19:11:40.00, MESSAGE QUEUE LENGTH: 1

2025-03-04 19:11:41,261 - INFO - EVENT: Internal Event | LOGICAL TIME: 29 | PHYSICAL TIME: 2025-03-04 19:11:41.26, MESSAGE QUEUE LENGTH: 0

2025-03-04 19:11:41,535 - INFO - EVENT: Receive Msg | SENDER: 2 | LOGICAL TIME: 31 | PHYSICAL TIME: 2025-03-04 19:11:41.00, MESSAGE QUEUE LENGTH: 1

2025-03-04 19:11:41,859 - INFO - EVENT: Send Msg | RECIPIENT: 2 and 3 | LOGICAL TIME: 32 | PHYSICAL TIME: 2025-03-04 19:11:41.85, MESSAGE QUEUE LENGTH: 0

2025-03-04 19:11:42,113 - INFO - EVENT: Internal Event | LOGICAL TIME: 33 | PHYSICAL TIME: 2025-03-04 19:11:42.11, MESSAGE QUEUE LENGTH: 0

2025-03-04 19:11:42,454 - INFO - EVENT: Internal Event | LOGICAL TIME: 34 | PHYSICAL TIME: 2025-03-04 19:11:42.45, MESSAGE QUEUE LENGTH: 0

2025-03-04 19:11:42,709 - INFO - EVENT: Internal Event | LOGICAL TIME: 35 | PHYSICAL TIME: 2025-03-04 19:11:42.70, MESSAGE QUEUE LENGTH: 0

2025-03-04 19:11:42,963 - INFO - EVENT: Send Msg | RECIPIENT: 2 and 3 | LOGICAL TIME: 36 | PHYSICAL TIME: 2025-03-04 19:11:42.96, MESSAGE QUEUE LENGTH: 0

2025-03-04 19:11:43,304 - INFO - EVENT: Internal Event | LOGICAL TIME: 37 | PHYSICAL TIME: 2025-03-04 19:11:43.30, MESSAGE QUEUE LENGTH: 0

2025-03-04 19:11:43,593 - INFO - EVENT: Send Msg | RECIPIENT: 2 | LOGICAL TIME: 38 | PHYSICAL TIME: 2025-03-04 19:11:43.59, MESSAGE QUEUE LENGTH: 0

2025-03-04 19:11:43,894 - INFO - EVENT: Send Msg | RECIPIENT: 2 | LOGICAL TIME: 39 | PHYSICAL TIME: 2025-03-04 19:11:43.89, MESSAGE QUEUE LENGTH: 0

2025-03-04 19:11:44,148 - INFO - EVENT: Internal Event | LOGICAL TIME: 40 | PHYSICAL TIME: 2025-03-04 19:11:44.14, MESSAGE QUEUE LENGTH: 0

2025-03-04 19:11:44,444 - INFO - EVENT: Internal Event | LOGICAL TIME: 41 | PHYSICAL TIME: 2025-03-04 19:11:44.44, MESSAGE QUEUE LENGTH: 0

2025-03-04 19:11:44,723 - INFO - EVENT: Internal Event | LOGICAL TIME: 42 | PHYSICAL TIME: 2025-03-04 19:11:44.72, MESSAGE QUEUE LENGTH: 0

2025-03-04 19:11:44,981 - INFO - EVENT: Internal Event | LOGICAL TIME: 43 | PHYSICAL TIME: 2025-03-04 19:11:44.98, MESSAGE QUEUE LENGTH: 0

2025-03-04 19:11:45,265 - INFO - EVENT: Internal Event | LOGICAL TIME: 44 | PHYSICAL TIME: 2025-03-04 19:11:45.26, MESSAGE QUEUE LENGTH: 0

2025-03-04 19:11:45,529 - INFO - EVENT: Internal Event | LOGICAL TIME: 45 | PHYSICAL TIME: 2025-03-04 19:11:45.52, MESSAGE QUEUE LENGTH: 0

2025-03-04 19:11:45,790 - INFO - EVENT: Receive Msg | SENDER: 3 | LOGICAL TIME: 46 | PHYSICAL TIME: 2025-03-04 19:11:45.00, MESSAGE QUEUE LENGTH: 1

2025-03-04 19:11:46,051 - INFO - EVENT: Internal Event | LOGICAL TIME: 47 | PHYSICAL TIME: 2025-03-04 19:11:46.05, MESSAGE QUEUE LENGTH: 0

2025-03-04 19:11:46,310 - INFO - EVENT: Send Msg | RECIPIENT: 2 and 3 | LOGICAL TIME: 48 | PHYSICAL TIME: 2025-03-04 19:11:46.31, MESSAGE QUEUE LENGTH: 0

2025-03-04 19:11:46,580 - INFO - EVENT: Internal Event | LOGICAL TIME: 49 | PHYSICAL TIME: 2025-03-04 19:11:46.58, MESSAGE QUEUE LENGTH: 0

2025-03-04 19:11:47,074 - INFO - EVENT: Receive Msg | SENDER: 3 | LOGICAL TIME: 51 | PHYSICAL TIME: 2025-03-04 19:11:46.00, MESSAGE QUEUE LENGTH: 1

2025-03-04 19:11:47,333 - INFO - EVENT: Receive Msg | SENDER: 2 | LOGICAL TIME: 55 | PHYSICAL TIME: 2025-03-04 19:11:46.00, MESSAGE QUEUE LENGTH: 1

2025-03-04 19:11:47,586 - INFO - EVENT: Internal Event | LOGICAL TIME: 56 | PHYSICAL TIME: 2025-03-04 19:11:47.58, MESSAGE QUEUE LENGTH: 0

2025-03-04 19:11:47,866 - INFO - EVENT: Receive Msg | SENDER: 2 | LOGICAL TIME: 58 | PHYSICAL TIME: 2025-03-04 19:11:47.00, MESSAGE QUEUE LENGTH: 1

2025-03-04 19:11:48,117 - INFO - EVENT: Receive Msg | SENDER: 2 | LOGICAL TIME: 59 | PHYSICAL TIME: 2025-03-04 19:11:47.00, MESSAGE QUEUE LENGTH: 1

2025-03-04 19:11:48,373 - INFO - EVENT: Send Msg | RECIPIENT: 2 | LOGICAL TIME: 60 | PHYSICAL TIME: 2025-03-04 19:11:48.37, MESSAGE QUEUE LENGTH: 0

2025-03-04 19:11:48,696 - INFO - EVENT: Internal Event | LOGICAL TIME: 61 | PHYSICAL TIME: 2025-03-04 19:11:48.69, MESSAGE QUEUE LENGTH: 0

2025-03-04 19:11:48,951 - INFO - EVENT: Internal Event | LOGICAL TIME: 62 | PHYSICAL TIME: 2025-03-04 19:11:48.95, MESSAGE QUEUE LENGTH: 0

2025-03-04 19:11:49,231 - INFO - EVENT: Internal Event | LOGICAL TIME: 63 | PHYSICAL TIME: 2025-03-04 19:11:49.23, MESSAGE QUEUE LENGTH: 0

2025-03-04 19:11:49,516 - INFO - EVENT: Receive Msg | SENDER: 2 | LOGICAL TIME: 65 | PHYSICAL TIME: 2025-03-04 19:11:49.00, MESSAGE QUEUE LENGTH: 1

2025-03-04 19:11:49,800 - INFO - EVENT: Send Msg | RECIPIENT: 3 | LOGICAL TIME: 66 | PHYSICAL TIME: 2025-03-04 19:11:49.80, MESSAGE QUEUE LENGTH: 0

2025-03-04 19:11:50,135 - INFO - EVENT: Internal Event | LOGICAL TIME: 67 | PHYSICAL TIME: 2025-03-04 19:11:50.13, MESSAGE QUEUE LENGTH: 0

2025-03-04 19:11:50,419 - INFO - EVENT: Send Msg | RECIPIENT: 2 | LOGICAL TIME: 68 | PHYSICAL TIME: 2025-03-04 19:11:50.41, MESSAGE QUEUE LENGTH: 0

2025-03-04 19:11:50,716 - INFO - EVENT: Internal Event | LOGICAL TIME: 69 | PHYSICAL TIME: 2025-03-04 19:11:50.71, MESSAGE QUEUE LENGTH: 0

2025-03-04 19:11:51,121 - INFO - EVENT: Send Msg | RECIPIENT: 2 | LOGICAL TIME: 70 | PHYSICAL TIME: 2025-03-04 19:11:51.12, MESSAGE QUEUE LENGTH: 0

2025-03-04 19:11:51,402 - INFO - EVENT: Send Msg | RECIPIENT: 2 and 3 | LOGICAL TIME: 71 | PHYSICAL TIME: 2025-03-04 19:11:51.40, MESSAGE QUEUE LENGTH: 0

2025-03-04 19:11:51,709 - INFO - EVENT: Internal Event | LOGICAL TIME: 72 | PHYSICAL TIME: 2025-03-04 19:11:51.70, MESSAGE QUEUE LENGTH: 0

2025-03-04 19:11:52,066 - INFO - EVENT: Internal Event | LOGICAL TIME: 73 | PHYSICAL TIME: 2025-03-04 19:11:52.06, MESSAGE QUEUE LENGTH: 0

2025-03-04 19:11:52,370 - INFO - EVENT: Internal Event | LOGICAL TIME: 74 | PHYSICAL TIME: 2025-03-04 19:11:52.37, MESSAGE QUEUE LENGTH: 0

2025-03-04 19:11:52,621 - INFO - EVENT: Receive Msg | SENDER: 3 | LOGICAL TIME: 75 | PHYSICAL TIME: 2025-03-04 19:11:52.00, MESSAGE QUEUE LENGTH: 1

2025-03-04 19:11:52,890 - INFO - EVENT: Internal Event | LOGICAL TIME: 76 | PHYSICAL TIME: 2025-03-04 19:11:52.89, MESSAGE QUEUE LENGTH: 0

2025-03-04 19:11:53,151 - INFO - EVENT: Receive Msg | SENDER: 3 | LOGICAL TIME: 77 | PHYSICAL TIME: 2025-03-04 19:11:52.00, MESSAGE QUEUE LENGTH: 1

2025-03-04 19:11:53,421 - INFO - EVENT: Internal Event | LOGICAL TIME: 78 | PHYSICAL TIME: 2025-03-04 19:11:53.42, MESSAGE QUEUE LENGTH: 0

2025-03-04 19:11:53,672 - INFO - EVENT: Internal Event | LOGICAL TIME: 79 | PHYSICAL TIME: 2025-03-04 19:11:53.67, MESSAGE QUEUE LENGTH: 0

2025-03-04 19:11:53,936 - INFO - EVENT: Internal Event | LOGICAL TIME: 80 | PHYSICAL TIME: 2025-03-04 19:11:53.93, MESSAGE QUEUE LENGTH: 0

2025-03-04 19:11:54,290 - INFO - EVENT: Send Msg | RECIPIENT: 3 | LOGICAL TIME: 81 | PHYSICAL TIME: 2025-03-04 19:11:54.29, MESSAGE QUEUE LENGTH: 0

2025-03-04 19:11:54,548 - INFO - EVENT: Receive Msg | SENDER: 2 | LOGICAL TIME: 86 | PHYSICAL TIME: 2025-03-04 19:11:54.00, MESSAGE QUEUE LENGTH: 1

2025-03-04 19:11:54,807 - INFO - EVENT: Internal Event | LOGICAL TIME: 87 | PHYSICAL TIME: 2025-03-04 19:11:54.80, MESSAGE QUEUE LENGTH: 0

2025-03-04 19:11:55,099 - INFO - EVENT: Internal Event | LOGICAL TIME: 88 | PHYSICAL TIME: 2025-03-04 19:11:55.09, MESSAGE QUEUE LENGTH: 0

2025-03-04 19:11:55,436 - INFO - EVENT: Receive Msg | SENDER: 2 | LOGICAL TIME: 89 | PHYSICAL TIME: 2025-03-04 19:11:54.00, MESSAGE QUEUE LENGTH: 1

2025-03-04 19:11:55,688 - INFO - EVENT: Internal Event | LOGICAL TIME: 90 | PHYSICAL TIME: 2025-03-04 19:11:55.68, MESSAGE QUEUE LENGTH: 0

2025-03-04 19:11:55,942 - INFO - EVENT: Internal Event | LOGICAL TIME: 91 | PHYSICAL TIME: 2025-03-04 19:11:55.94, MESSAGE QUEUE LENGTH: 0

2025-03-04 19:11:56,240 - INFO - EVENT: Receive Msg | SENDER: 2 | LOGICAL TIME: 94 | PHYSICAL TIME: 2025-03-04 19:11:56.00, MESSAGE QUEUE LENGTH: 1

2025-03-04 19:11:56,502 - INFO - EVENT: Receive Msg | SENDER: 3 | LOGICAL TIME: 95 | PHYSICAL TIME: 2025-03-04 19:11:56.00, MESSAGE QUEUE LENGTH: 1

2025-03-04 19:11:56,770 - INFO - EVENT: Internal Event | LOGICAL TIME: 96 | PHYSICAL TIME: 2025-03-04 19:11:56.77, MESSAGE QUEUE LENGTH: 0

2025-03-04 19:11:57,036 - INFO - EVENT: Internal Event | LOGICAL TIME: 97 | PHYSICAL TIME: 2025-03-04 19:11:57.03, MESSAGE QUEUE LENGTH: 0

2025-03-04 19:11:57,288 - INFO - EVENT: Receive Msg | SENDER: 2 | LOGICAL TIME: 98 | PHYSICAL TIME: 2025-03-04 19:11:57.00, MESSAGE QUEUE LENGTH: 1

2025-03-04 19:11:57,542 - INFO - EVENT: Send Msg | RECIPIENT: 2 | LOGICAL TIME: 99 | PHYSICAL TIME: 2025-03-04 19:11:57.54, MESSAGE QUEUE LENGTH: 0

2025-03-04 19:11:57,797 - INFO - EVENT: Internal Event | LOGICAL TIME: 100 | PHYSICAL TIME: 2025-03-04 19:11:57.79, MESSAGE QUEUE LENGTH: 0

2025-03-04 19:11:58,086 - INFO - EVENT: Internal Event | LOGICAL TIME: 101 | PHYSICAL TIME: 2025-03-04 19:11:58.08, MESSAGE QUEUE LENGTH: 0

2025-03-04 19:11:58,389 - INFO - EVENT: Send Msg | RECIPIENT: 3 | LOGICAL TIME: 102 | PHYSICAL TIME: 2025-03-04 19:11:58.38, MESSAGE QUEUE LENGTH: 0

2025-03-04 19:11:58,689 - INFO - EVENT: Internal Event | LOGICAL TIME: 103 | PHYSICAL TIME: 2025-03-04 19:11:58.68, MESSAGE QUEUE LENGTH: 0

2025-03-04 19:11:58,943 - INFO - EVENT: Internal Event | LOGICAL TIME: 104 | PHYSICAL TIME: 2025-03-04 19:11:58.94, MESSAGE QUEUE LENGTH: 0

2025-03-04 19:11:59,210 - INFO - EVENT: Send Msg | RECIPIENT: 2 and 3 | LOGICAL TIME: 105 | PHYSICAL TIME: 2025-03-04 19:11:59.21, MESSAGE QUEUE LENGTH: 0

2025-03-04 19:11:59,463 - INFO - EVENT: Send Msg | RECIPIENT: 2 and 3 | LOGICAL TIME: 106 | PHYSICAL TIME: 2025-03-04 19:11:59.46, MESSAGE QUEUE LENGTH: 0

2025-03-04 19:11:59,733 - INFO - EVENT: Internal Event | LOGICAL TIME: 107 | PHYSICAL TIME: 2025-03-04 19:11:59.73, MESSAGE QUEUE LENGTH: 0

2025-03-04 19:11:59,989 - INFO - EVENT: Internal Event | LOGICAL TIME: 108 | PHYSICAL TIME: 2025-03-04 19:11:59.98, MESSAGE QUEUE LENGTH: 0

2025-03-04 19:12:00,323 - INFO - EVENT: Receive Msg | SENDER: 2 | LOGICAL TIME: 111 | PHYSICAL TIME: 2025-03-04 19:12:00.00, MESSAGE QUEUE LENGTH: 2

2025-03-04 19:12:00,578 - INFO - EVENT: Receive Msg | SENDER: 2 | LOGICAL TIME: 112 | PHYSICAL TIME: 2025-03-04 19:12:00.00, MESSAGE QUEUE LENGTH: 1

2025-03-04 19:12:00,842 - INFO - EVENT: Internal Event | LOGICAL TIME: 113 | PHYSICAL TIME: 2025-03-04 19:12:00.84, MESSAGE QUEUE LENGTH: 0

2025-03-04 19:12:01,104 - INFO - EVENT: Internal Event | LOGICAL TIME: 114 | PHYSICAL TIME: 2025-03-04 19:12:01.10, MESSAGE QUEUE LENGTH: 0

2025-03-04 19:12:01,461 - INFO - EVENT: Receive Msg | SENDER: 2 | LOGICAL TIME: 116 | PHYSICAL TIME: 2025-03-04 19:12:01.00, MESSAGE QUEUE LENGTH: 1

2025-03-04 19:12:01,725 - INFO - EVENT: Internal Event | LOGICAL TIME: 117 | PHYSICAL TIME: 2025-03-04 19:12:01.72, MESSAGE QUEUE LENGTH: 0

2025-03-04 19:12:01,979 - INFO - EVENT: Receive Msg | SENDER: 2 | LOGICAL TIME: 118 | PHYSICAL TIME: 2025-03-04 19:12:01.00, MESSAGE QUEUE LENGTH: 1

2025-03-04 19:12:02,235 - INFO - EVENT: Internal Event | LOGICAL TIME: 119 | PHYSICAL TIME: 2025-03-04 19:12:02.23, MESSAGE QUEUE LENGTH: 0

2025-03-04 19:12:02,528 - INFO - EVENT: Receive Msg | SENDER: 3 | LOGICAL TIME: 120 | PHYSICAL TIME: 2025-03-04 19:12:02.00, MESSAGE QUEUE LENGTH: 1

2025-03-04 19:12:02,823 - INFO - EVENT: Receive Msg | SENDER: 2 | LOGICAL TIME: 122 | PHYSICAL TIME: 2025-03-04 19:12:02.00, MESSAGE QUEUE LENGTH: 1

2025-03-04 19:12:03,075 - INFO - EVENT: Internal Event | LOGICAL TIME: 123 | PHYSICAL TIME: 2025-03-04 19:12:03.07, MESSAGE QUEUE LENGTH: 0

2025-03-04 19:12:03,348 - INFO - EVENT: Receive Msg | SENDER: 2 | LOGICAL TIME: 124 | PHYSICAL TIME: 2025-03-04 19:12:03.00, MESSAGE QUEUE LENGTH: 1

2025-03-04 19:12:03,610 - INFO - EVENT: Internal Event | LOGICAL TIME: 125 | PHYSICAL TIME: 2025-03-04 19:12:03.61, MESSAGE QUEUE LENGTH: 0

2025-03-04 19:12:03,872 - INFO - EVENT: Receive Msg | SENDER: 2 | LOGICAL TIME: 126 | PHYSICAL TIME: 2025-03-04 19:12:03.00, MESSAGE QUEUE LENGTH: 1

2025-03-04 19:12:04,162 - INFO - EVENT: Internal Event | LOGICAL TIME: 127 | PHYSICAL TIME: 2025-03-04 19:12:04.16, MESSAGE QUEUE LENGTH: 0

2025-03-04 19:12:04,413 - INFO - EVENT: Send Msg | RECIPIENT: 3 | LOGICAL TIME: 128 | PHYSICAL TIME: 2025-03-04 19:12:04.41, MESSAGE QUEUE LENGTH: 0

2025-03-04 19:12:04,711 - INFO - EVENT: Send Msg | RECIPIENT: 3 | LOGICAL TIME: 129 | PHYSICAL TIME: 2025-03-04 19:12:04.71, MESSAGE QUEUE LENGTH: 0

2025-03-04 19:12:05,063 - INFO - EVENT: Internal Event | LOGICAL TIME: 130 | PHYSICAL TIME: 2025-03-04 19:12:05.06, MESSAGE QUEUE LENGTH: 0

2025-03-04 19:12:05,381 - INFO - EVENT: Receive Msg | SENDER: 2 | LOGICAL TIME: 133 | PHYSICAL TIME: 2025-03-04 19:12:05.00, MESSAGE QUEUE LENGTH: 1

2025-03-04 19:12:05,664 - INFO - EVENT: Receive Msg | SENDER: 2 | LOGICAL TIME: 134 | PHYSICAL TIME: 2025-03-04 19:12:05.00, MESSAGE QUEUE LENGTH: 1

2025-03-04 19:12:05,956 - INFO - EVENT: Internal Event | LOGICAL TIME: 135 | PHYSICAL TIME: 2025-03-04 19:12:05.95, MESSAGE QUEUE LENGTH: 0

2025-03-04 19:12:06,299 - INFO - EVENT: Internal Event | LOGICAL TIME: 136 | PHYSICAL TIME: 2025-03-04 19:12:06.29, MESSAGE QUEUE LENGTH: 0

2025-03-04 19:12:06,581 - INFO - EVENT: Send Msg | RECIPIENT: 3 | LOGICAL TIME: 137 | PHYSICAL TIME: 2025-03-04 19:12:06.58, MESSAGE QUEUE LENGTH: 0

2025-03-04 19:12:06,832 - INFO - EVENT: Internal Event | LOGICAL TIME: 138 | PHYSICAL TIME: 2025-03-04 19:12:06.83, MESSAGE QUEUE LENGTH: 0

2025-03-04 19:12:07,097 - INFO - EVENT: Internal Event | LOGICAL TIME: 139 | PHYSICAL TIME: 2025-03-04 19:12:07.09, MESSAGE QUEUE LENGTH: 0

2025-03-04 19:12:07,366 - INFO - EVENT: Receive Msg | SENDER: 2 | LOGICAL TIME: 142 | PHYSICAL TIME: 2025-03-04 19:12:07.00, MESSAGE QUEUE LENGTH: 1

2025-03-04 19:12:07,630 - INFO - EVENT: Internal Event | LOGICAL TIME: 143 | PHYSICAL TIME: 2025-03-04 19:12:07.63, MESSAGE QUEUE LENGTH: 0

2025-03-04 19:12:07,917 - INFO - EVENT: Internal Event | LOGICAL TIME: 144 | PHYSICAL TIME: 2025-03-04 19:12:07.91, MESSAGE QUEUE LENGTH: 0

2025-03-04 19:12:08,169 - INFO - EVENT: Send Msg | RECIPIENT: 2 and 3 | LOGICAL TIME: 145 | PHYSICAL TIME: 2025-03-04 19:12:08.16, MESSAGE QUEUE LENGTH: 0

2025-03-04 19:12:08,442 - INFO - EVENT: Internal Event | LOGICAL TIME: 146 | PHYSICAL TIME: 2025-03-04 19:12:08.44, MESSAGE QUEUE LENGTH: 0

2025-03-04 19:12:08,698 - INFO - EVENT: Internal Event | LOGICAL TIME: 147 | PHYSICAL TIME: 2025-03-04 19:12:08.69, MESSAGE QUEUE LENGTH: 0

2025-03-04 19:12:09,000 - INFO - EVENT: Send Msg | RECIPIENT: 2 | LOGICAL TIME: 148 | PHYSICAL TIME: 2025-03-04 19:12:09.00, MESSAGE QUEUE LENGTH: 0

2025-03-04 19:12:09,252 - INFO - EVENT: Send Msg | RECIPIENT: 2 and 3 | LOGICAL TIME: 149 | PHYSICAL TIME: 2025-03-04 19:12:09.25, MESSAGE QUEUE LENGTH: 0

2025-03-04 19:12:09,530 - INFO - EVENT: Internal Event | LOGICAL TIME: 150 | PHYSICAL TIME: 2025-03-04 19:12:09.53, MESSAGE QUEUE LENGTH: 0

2025-03-04 19:12:09,811 - INFO - EVENT: Internal Event | LOGICAL TIME: 151 | PHYSICAL TIME: 2025-03-04 19:12:09.81, MESSAGE QUEUE LENGTH: 0

2025-03-04 19:12:10,162 - INFO - EVENT: Internal Event | LOGICAL TIME: 152 | PHYSICAL TIME: 2025-03-04 19:12:10.16, MESSAGE QUEUE LENGTH: 0

2025-03-04 19:12:10,430 - INFO - EVENT: Receive Msg | SENDER: 2 | LOGICAL TIME: 154 | PHYSICAL TIME: 2025-03-04 19:12:10.00, MESSAGE QUEUE LENGTH: 1

2025-03-04 19:12:10,701 - INFO - EVENT: Receive Msg | SENDER: 2 | LOGICAL TIME: 156 | PHYSICAL TIME: 2025-03-04 19:12:10.00, MESSAGE QUEUE LENGTH: 1

2025-03-04 19:12:10,969 - INFO - EVENT: Receive Msg | SENDER: 3 | LOGICAL TIME: 157 | PHYSICAL TIME: 2025-03-04 19:12:10.00, MESSAGE QUEUE LENGTH: 1

2025-03-04 19:12:11,235 - INFO - EVENT: Receive Msg | SENDER: 2 | LOGICAL TIME: 158 | PHYSICAL TIME: 2025-03-04 19:12:10.00, MESSAGE QUEUE LENGTH: 1

2025-03-04 19:12:11,519 - INFO - EVENT: Internal Event | LOGICAL TIME: 159 | PHYSICAL TIME: 2025-03-04 19:12:11.51, MESSAGE QUEUE LENGTH: 0

2025-03-04 19:12:11,770 - INFO - EVENT: Internal Event | LOGICAL TIME: 160 | PHYSICAL TIME: 2025-03-04 19:12:11.77, MESSAGE QUEUE LENGTH: 0

2025-03-04 19:12:12,051 - INFO - EVENT: Internal Event | LOGICAL TIME: 161 | PHYSICAL TIME: 2025-03-04 19:12:12.05, MESSAGE QUEUE LENGTH: 0

2025-03-04 19:12:12,320 - INFO - EVENT: Send Msg | RECIPIENT: 2 | LOGICAL TIME: 162 | PHYSICAL TIME: 2025-03-04 19:12:12.32, MESSAGE QUEUE LENGTH: 0

2025-03-04 19:12:12,616 - INFO - EVENT: Receive Msg | SENDER: 2 | LOGICAL TIME: 163 | PHYSICAL TIME: 2025-03-04 19:12:12.00, MESSAGE QUEUE LENGTH: 2

2025-03-04 19:12:12,918 - INFO - EVENT: Receive Msg | SENDER: 2 | LOGICAL TIME: 164 | PHYSICAL TIME: 2025-03-04 19:12:12.00, MESSAGE QUEUE LENGTH: 1

2025-03-04 19:12:13,217 - INFO - EVENT: Internal Event | LOGICAL TIME: 165 | PHYSICAL TIME: 2025-03-04 19:12:13.21, MESSAGE QUEUE LENGTH: 0

2025-03-04 19:12:13,477 - INFO - EVENT: Internal Event | LOGICAL TIME: 166 | PHYSICAL TIME: 2025-03-04 19:12:13.47, MESSAGE QUEUE LENGTH: 0

2025-03-04 19:12:13,754 - INFO - EVENT: Internal Event | LOGICAL TIME: 167 | PHYSICAL TIME: 2025-03-04 19:12:13.75, MESSAGE QUEUE LENGTH: 0

2025-03-04 19:12:14,021 - INFO - EVENT: Internal Event | LOGICAL TIME: 168 | PHYSICAL TIME: 2025-03-04 19:12:14.02, MESSAGE QUEUE LENGTH: 0

2025-03-04 19:12:14,286 - INFO - EVENT: Send Msg | RECIPIENT: 2 and 3 | LOGICAL TIME: 169 | PHYSICAL TIME: 2025-03-04 19:12:14.28, MESSAGE QUEUE LENGTH: 0

2025-03-04 19:12:14,570 - INFO - EVENT: Internal Event | LOGICAL TIME: 170 | PHYSICAL TIME: 2025-03-04 19:12:14.57, MESSAGE QUEUE LENGTH: 0

2025-03-04 19:12:14,835 - INFO - EVENT: Internal Event | LOGICAL TIME: 171 | PHYSICAL TIME: 2025-03-04 19:12:14.83, MESSAGE QUEUE LENGTH: 0

2025-03-04 19:12:15,090 - INFO - EVENT: Receive Msg | SENDER: 3 | LOGICAL TIME: 172 | PHYSICAL TIME: 2025-03-04 19:12:14.00, MESSAGE QUEUE LENGTH: 1

2025-03-04 19:12:15,460 - INFO - EVENT: Send Msg | RECIPIENT: 2 and 3 | LOGICAL TIME: 173 | PHYSICAL TIME: 2025-03-04 19:12:15.46, MESSAGE QUEUE LENGTH: 0

2025-03-04 19:12:15,757 - INFO - EVENT: Internal Event | LOGICAL TIME: 174 | PHYSICAL TIME: 2025-03-04 19:12:15.75, MESSAGE QUEUE LENGTH: 0

2025-03-04 19:12:16,039 - INFO - EVENT: Internal Event | LOGICAL TIME: 175 | PHYSICAL TIME: 2025-03-04 19:12:16.03, MESSAGE QUEUE LENGTH: 0

2025-03-04 19:12:16,291 - INFO - EVENT: Send Msg | RECIPIENT: 3 | LOGICAL TIME: 176 | PHYSICAL TIME: 2025-03-04 19:12:16.29, MESSAGE QUEUE LENGTH: 0

2025-03-04 19:12:16,555 - INFO - EVENT: Internal Event | LOGICAL TIME: 177 | PHYSICAL TIME: 2025-03-04 19:12:16.55, MESSAGE QUEUE LENGTH: 0

2025-03-04 19:12:16,823 - INFO - EVENT: Send Msg | RECIPIENT: 3 | LOGICAL TIME: 178 | PHYSICAL TIME: 2025-03-04 19:12:16.82, MESSAGE QUEUE LENGTH: 0

2025-03-04 19:12:17,074 - INFO - EVENT: Internal Event | LOGICAL TIME: 179 | PHYSICAL TIME: 2025-03-04 19:12:17.07, MESSAGE QUEUE LENGTH: 0

2025-03-04 19:12:17,328 - INFO - EVENT: Receive Msg | SENDER: 2 | LOGICAL TIME: 183 | PHYSICAL TIME: 2025-03-04 19:12:17.00, MESSAGE QUEUE LENGTH: 1

2025-03-04 19:12:17,580 - INFO - EVENT: Send Msg | RECIPIENT: 3 | LOGICAL TIME: 184 | PHYSICAL TIME: 2025-03-04 19:12:17.58, MESSAGE QUEUE LENGTH: 0

2025-03-04 19:12:17,841 - INFO - EVENT: Internal Event | LOGICAL TIME: 185 | PHYSICAL TIME: 2025-03-04 19:12:17.84, MESSAGE QUEUE LENGTH: 0

2025-03-04 19:12:18,120 - INFO - EVENT: Internal Event | LOGICAL TIME: 186 | PHYSICAL TIME: 2025-03-04 19:12:18.12, MESSAGE QUEUE LENGTH: 0

2025-03-04 19:12:18,386 - INFO - EVENT: Send Msg | RECIPIENT: 2 and 3 | LOGICAL TIME: 187 | PHYSICAL TIME: 2025-03-04 19:12:18.38, MESSAGE QUEUE LENGTH: 0

2025-03-04 19:12:18,651 - INFO - EVENT: Send Msg | RECIPIENT: 3 | LOGICAL TIME: 188 | PHYSICAL TIME: 2025-03-04 19:12:18.65, MESSAGE QUEUE LENGTH: 0

2025-03-04 19:12:18,938 - INFO - EVENT: Internal Event | LOGICAL TIME: 189 | PHYSICAL TIME: 2025-03-04 19:12:18.93, MESSAGE QUEUE LENGTH: 0

2025-03-04 19:12:19,209 - INFO - EVENT: Internal Event | LOGICAL TIME: 190 | PHYSICAL TIME: 2025-03-04 19:12:19.20, MESSAGE QUEUE LENGTH: 0

2025-03-04 19:12:19,471 - INFO - EVENT: Send Msg | RECIPIENT: 3 | LOGICAL TIME: 191 | PHYSICAL TIME: 2025-03-04 19:12:19.47, MESSAGE QUEUE LENGTH: 0

2025-03-04 19:12:19,727 - INFO - EVENT: Internal Event | LOGICAL TIME: 192 | PHYSICAL TIME: 2025-03-04 19:12:19.72, MESSAGE QUEUE LENGTH: 0

2025-03-04 19:12:20,071 - INFO - EVENT: Receive Msg | SENDER: 2 | LOGICAL TIME: 195 | PHYSICAL TIME: 2025-03-04 19:12:19.00, MESSAGE QUEUE LENGTH: 2

2025-03-04 19:12:20,357 - INFO - EVENT: Receive Msg | SENDER: 2 | LOGICAL TIME: 196 | PHYSICAL TIME: 2025-03-04 19:12:19.00, MESSAGE QUEUE LENGTH: 1

2025-03-04 19:12:20,642 - INFO - EVENT: Internal Event | LOGICAL TIME: 197 | PHYSICAL TIME: 2025-03-04 19:12:20.64, MESSAGE QUEUE LENGTH: 0

2025-03-04 19:12:20,927 - INFO - EVENT: Send Msg | RECIPIENT: 2 | LOGICAL TIME: 198 | PHYSICAL TIME: 2025-03-04 19:12:20.92, MESSAGE QUEUE LENGTH: 0

2025-03-04 19:12:21,180 - INFO - EVENT: Send Msg | RECIPIENT: 2 and 3 | LOGICAL TIME: 199 | PHYSICAL TIME: 2025-03-04 19:12:21.18, MESSAGE QUEUE LENGTH: 0

2025-03-04 19:12:21,434 - INFO - EVENT: Receive Msg | SENDER: 2 | LOGICAL TIME: 201 | PHYSICAL TIME: 2025-03-04 19:12:21.00, MESSAGE QUEUE LENGTH: 1

2025-03-04 19:12:21,688 - INFO - EVENT: Internal Event | LOGICAL TIME: 202 | PHYSICAL TIME: 2025-03-04 19:12:21.68, MESSAGE QUEUE LENGTH: 0

2025-03-04 19:12:21,973 - INFO - EVENT: Send Msg | RECIPIENT: 2 | LOGICAL TIME: 203 | PHYSICAL TIME: 2025-03-04 19:12:21.97, MESSAGE QUEUE LENGTH: 0

2025-03-04 19:12:22,254 - INFO - EVENT: Internal Event | LOGICAL TIME: 204 | PHYSICAL TIME: 2025-03-04 19:12:22.25, MESSAGE QUEUE LENGTH: 0

2025-03-04 19:12:22,505 - INFO - EVENT: Internal Event | LOGICAL TIME: 205 | PHYSICAL TIME: 2025-03-04 19:12:22.50, MESSAGE QUEUE LENGTH: 0

2025-03-04 19:12:22,762 - INFO - EVENT: Internal Event | LOGICAL TIME: 206 | PHYSICAL TIME: 2025-03-04 19:12:22.76, MESSAGE QUEUE LENGTH: 0

2025-03-04 19:12:23,021 - INFO - EVENT: Internal Event | LOGICAL TIME: 207 | PHYSICAL TIME: 2025-03-04 19:12:23.02, MESSAGE QUEUE LENGTH: 0

2025-03-04 19:12:23,276 - INFO - EVENT: Receive Msg | SENDER: 3 | LOGICAL TIME: 208 | PHYSICAL TIME: 2025-03-04 19:12:22.00, MESSAGE QUEUE LENGTH: 1

2025-03-04 19:12:23,528 - INFO - EVENT: Internal Event | LOGICAL TIME: 209 | PHYSICAL TIME: 2025-03-04 19:12:23.52, MESSAGE QUEUE LENGTH: 0

2025-03-04 19:12:23,812 - INFO - EVENT: Internal Event | LOGICAL TIME: 210 | PHYSICAL TIME: 2025-03-04 19:12:23.81, MESSAGE QUEUE LENGTH: 0

2025-03-04 19:12:24,160 - INFO - EVENT: Receive Msg | SENDER: 2 | LOGICAL TIME: 213 | PHYSICAL TIME: 2025-03-04 19:12:23.00, MESSAGE QUEUE LENGTH: 1

2025-03-04 19:12:24,439 - INFO - EVENT: Receive Msg | SENDER: 3 | LOGICAL TIME: 214 | PHYSICAL TIME: 2025-03-04 19:12:23.00, MESSAGE QUEUE LENGTH: 1

2025-03-04 19:12:24,721 - INFO - EVENT: Send Msg | RECIPIENT: 3 | LOGICAL TIME: 215 | PHYSICAL TIME: 2025-03-04 19:12:24.72, MESSAGE QUEUE LENGTH: 0

2025-03-04 19:12:25,043 - INFO - EVENT: Receive Msg | SENDER: 2 | LOGICAL TIME: 216 | PHYSICAL TIME: 2025-03-04 19:12:24.00, MESSAGE QUEUE LENGTH: 1

2025-03-04 19:12:25,298 - INFO - EVENT: Internal Event | LOGICAL TIME: 217 | PHYSICAL TIME: 2025-03-04 19:12:25.29, MESSAGE QUEUE LENGTH: 0

2025-03-04 19:12:25,559 - INFO - EVENT: Receive Msg | SENDER: 2 | LOGICAL TIME: 219 | PHYSICAL TIME: 2025-03-04 19:12:25.00, MESSAGE QUEUE LENGTH: 2

2025-03-04 19:12:25,817 - INFO - EVENT: Receive Msg | SENDER: 2 | LOGICAL TIME: 220 | PHYSICAL TIME: 2025-03-04 19:12:25.00, MESSAGE QUEUE LENGTH: 1

2025-03-04 19:12:26,081 - INFO - EVENT: Send Msg | RECIPIENT: 3 | LOGICAL TIME: 221 | PHYSICAL TIME: 2025-03-04 19:12:26.08, MESSAGE QUEUE LENGTH: 0

2025-03-04 19:12:26,379 - INFO - EVENT: Receive Msg | SENDER: 2 | LOGICAL TIME: 223 | PHYSICAL TIME: 2025-03-04 19:12:26.00, MESSAGE QUEUE LENGTH: 1

2025-03-04 19:12:26,664 - INFO - EVENT: Send Msg | RECIPIENT: 3 | LOGICAL TIME: 224 | PHYSICAL TIME: 2025-03-04 19:12:26.66, MESSAGE QUEUE LENGTH: 0

2025-03-04 19:12:26,958 - INFO - EVENT: Receive Msg | SENDER: 2 | LOGICAL TIME: 225 | PHYSICAL TIME: 2025-03-04 19:12:26.00, MESSAGE QUEUE LENGTH: 1

2025-03-04 19:12:27,279 - INFO - EVENT: Receive Msg | SENDER: 2 | LOGICAL TIME: 227 | PHYSICAL TIME: 2025-03-04 19:12:27.00, MESSAGE QUEUE LENGTH: 1

2025-03-04 19:12:27,545 - INFO - EVENT: Send Msg | RECIPIENT: 2 and 3 | LOGICAL TIME: 228 | PHYSICAL TIME: 2025-03-04 19:12:27.54, MESSAGE QUEUE LENGTH: 0

2025-03-04 19:12:27,801 - INFO - EVENT: Send Msg | RECIPIENT: 3 | LOGICAL TIME: 229 | PHYSICAL TIME: 2025-03-04 19:12:27.80, MESSAGE QUEUE LENGTH: 0

2025-03-04 19:12:28,147 - INFO - EVENT: Receive Msg | SENDER: 2 | LOGICAL TIME: 231 | PHYSICAL TIME: 2025-03-04 19:12:28.00, MESSAGE QUEUE LENGTH: 1

2025-03-04 19:12:28,545 - INFO - EVENT: Internal Event | LOGICAL TIME: 232 | PHYSICAL TIME: 2025-03-04 19:12:28.54, MESSAGE QUEUE LENGTH: 0

2025-03-04 19:12:28,836 - INFO - EVENT: Send Msg | RECIPIENT: 3 | LOGICAL TIME: 233 | PHYSICAL TIME: 2025-03-04 19:12:28.83, MESSAGE QUEUE LENGTH: 0

2025-03-04 19:12:29,099 - INFO - EVENT: Internal Event | LOGICAL TIME: 234 | PHYSICAL TIME: 2025-03-04 19:12:29.09, MESSAGE QUEUE LENGTH: 0

2025-03-04 19:12:29,351 - INFO - EVENT: Internal Event | LOGICAL TIME: 235 | PHYSICAL TIME: 2025-03-04 19:12:29.35, MESSAGE QUEUE LENGTH: 0

2025-03-04 19:12:29,635 - INFO - EVENT: Internal Event | LOGICAL TIME: 236 | PHYSICAL TIME: 2025-03-04 19:12:29.63, MESSAGE QUEUE LENGTH: 0

2025-03-04 19:12:29,952 - INFO - EVENT: Internal Event | LOGICAL TIME: 237 | PHYSICAL TIME: 2025-03-04 19:12:29.95, MESSAGE QUEUE LENGTH: 0

2025-03-04 19:12:30,248 - INFO - EVENT: Send Msg | RECIPIENT: 2 and 3 | LOGICAL TIME: 238 | PHYSICAL TIME: 2025-03-04 19:12:30.24, MESSAGE QUEUE LENGTH: 0

2025-03-04 19:12:30,587 - INFO - EVENT: Send Msg | RECIPIENT: 3 | LOGICAL TIME: 239 | PHYSICAL TIME: 2025-03-04 19:12:30.58, MESSAGE QUEUE LENGTH: 0

2025-03-04 19:12:30,851 - INFO - EVENT: Internal Event | LOGICAL TIME: 240 | PHYSICAL TIME: 2025-03-04 19:12:30.85, MESSAGE QUEUE LENGTH: 0

2025-03-04 19:12:31,203 - INFO - EVENT: Internal Event | LOGICAL TIME: 241 | PHYSICAL TIME: 2025-03-04 19:12:31.20, MESSAGE QUEUE LENGTH: 0

2025-03-04 19:12:31,563 - INFO - EVENT: Send Msg | RECIPIENT: 3 | LOGICAL TIME: 242 | PHYSICAL TIME: 2025-03-04 19:12:31.56, MESSAGE QUEUE LENGTH: 0

2025-03-04 19:12:31,818 - INFO - EVENT: Send Msg | RECIPIENT: 3 | LOGICAL TIME: 243 | PHYSICAL TIME: 2025-03-04 19:12:31.81, MESSAGE QUEUE LENGTH: 0

2025-03-04 19:12:32,086 - INFO - EVENT: Internal Event | LOGICAL TIME: 244 | PHYSICAL TIME: 2025-03-04 19:12:32.08, MESSAGE QUEUE LENGTH: 0

2025-03-04 19:12:32,339 - INFO - EVENT: Send Msg | RECIPIENT: 3 | LOGICAL TIME: 245 | PHYSICAL TIME: 2025-03-04 19:12:32.33, MESSAGE QUEUE LENGTH: 0

2025-03-04 19:12:32,603 - INFO - EVENT: Receive Msg | SENDER: 2 | LOGICAL TIME: 250 | PHYSICAL TIME: 2025-03-04 19:12:32.00, MESSAGE QUEUE LENGTH: 1

2025-03-04 19:12:32,870 - INFO - EVENT: Internal Event | LOGICAL TIME: 251 | PHYSICAL TIME: 2025-03-04 19:12:32.87, MESSAGE QUEUE LENGTH: 0

2025-03-04 19:12:33,267 - INFO - EVENT: Internal Event | LOGICAL TIME: 252 | PHYSICAL TIME: 2025-03-04 19:12:33.26, MESSAGE QUEUE LENGTH: 0

2025-03-04 19:12:33,631 - INFO - EVENT: Receive Msg | SENDER: 2 | LOGICAL TIME: 254 | PHYSICAL TIME: 2025-03-04 19:12:33.00, MESSAGE QUEUE LENGTH: 1

2025-03-04 19:12:33,886 - INFO - EVENT: Receive Msg | SENDER: 2 | LOGICAL TIME: 255 | PHYSICAL TIME: 2025-03-04 19:12:33.00, MESSAGE QUEUE LENGTH: 1

2025-03-04 19:12:34,154 - INFO - EVENT: Internal Event | LOGICAL TIME: 256 | PHYSICAL TIME: 2025-03-04 19:12:34.15, MESSAGE QUEUE LENGTH: 0

2025-03-04 19:12:34,452 - INFO - EVENT: Receive Msg | SENDER: 2 | LOGICAL TIME: 257 | PHYSICAL TIME: 2025-03-04 19:12:34.00, MESSAGE QUEUE LENGTH: 1

2025-03-04 19:12:34,706 - INFO - EVENT: Internal Event | LOGICAL TIME: 258 | PHYSICAL TIME: 2025-03-04 19:12:34.70, MESSAGE QUEUE LENGTH: 0

2025-03-04 19:12:34,974 - INFO - EVENT: Send Msg | RECIPIENT: 3 | LOGICAL TIME: 259 | PHYSICAL TIME: 2025-03-04 19:12:34.97, MESSAGE QUEUE LENGTH: 0

2025-03-04 19:12:35,288 - INFO - EVENT: Internal Event | LOGICAL TIME: 260 | PHYSICAL TIME: 2025-03-04 19:12:35.28, MESSAGE QUEUE LENGTH: 0

2025-03-04 19:12:35,554 - INFO - EVENT: Send Msg | RECIPIENT: 2 and 3 | LOGICAL TIME: 261 | PHYSICAL TIME: 2025-03-04 19:12:35.55, MESSAGE QUEUE LENGTH: 0

2025-03-04 19:12:35,836 - INFO - EVENT: Internal Event | LOGICAL TIME: 262 | PHYSICAL TIME: 2025-03-04 19:12:35.83, MESSAGE QUEUE LENGTH: 0

2025-03-04 19:12:36,122 - INFO - EVENT: Internal Event | LOGICAL TIME: 263 | PHYSICAL TIME: 2025-03-04 19:12:36.12, MESSAGE QUEUE LENGTH: 0

2025-03-04 19:12:36,389 - INFO - EVENT: Internal Event | LOGICAL TIME: 264 | PHYSICAL TIME: 2025-03-04 19:12:36.38, MESSAGE QUEUE LENGTH: 0

2025-03-04 19:12:36,651 - INFO - EVENT: Internal Event | LOGICAL TIME: 265 | PHYSICAL TIME: 2025-03-04 19:12:36.65, MESSAGE QUEUE LENGTH: 0

2025-03-04 19:12:36,939 - INFO - EVENT: Internal Event | LOGICAL TIME: 266 | PHYSICAL TIME: 2025-03-04 19:12:36.93, MESSAGE QUEUE LENGTH: 0

2025-03-04 19:12:37,237 - INFO - EVENT: Receive Msg | SENDER: 2 | LOGICAL TIME: 268 | PHYSICAL TIME: 2025-03-04 19:12:36.00, MESSAGE QUEUE LENGTH: 1

2025-03-04 19:12:37,488 - INFO - EVENT: Internal Event | LOGICAL TIME: 269 | PHYSICAL TIME: 2025-03-04 19:12:37.48, MESSAGE QUEUE LENGTH: 0

2025-03-04 19:12:37,791 - INFO - EVENT: Send Msg | RECIPIENT: 3 | LOGICAL TIME: 270 | PHYSICAL TIME: 2025-03-04 19:12:37.79, MESSAGE QUEUE LENGTH: 0

2025-03-04 19:12:38,058 - INFO - EVENT: Internal Event | LOGICAL TIME: 271 | PHYSICAL TIME: 2025-03-04 19:12:38.05, MESSAGE QUEUE LENGTH: 0

2025-03-04 19:12:38,341 - INFO - EVENT: Send Msg | RECIPIENT: 3 | LOGICAL TIME: 272 | PHYSICAL TIME: 2025-03-04 19:12:38.34, MESSAGE QUEUE LENGTH: 0

2025-03-04 19:12:38,603 - INFO - EVENT: Receive Msg | SENDER: 2 | LOGICAL TIME: 274 | PHYSICAL TIME: 2025-03-04 19:12:38.00, MESSAGE QUEUE LENGTH: 1

2025-03-04 19:12:38,892 - INFO - EVENT: Receive Msg | SENDER: 2 | LOGICAL TIME: 275 | PHYSICAL TIME: 2025-03-04 19:12:38.00, MESSAGE QUEUE LENGTH: 1

2025-03-04 19:12:39,159 - INFO - EVENT: Internal Event | LOGICAL TIME: 276 | PHYSICAL TIME: 2025-03-04 19:12:39.15, MESSAGE QUEUE LENGTH: 0

2025-03-04 19:12:39,494 - INFO - EVENT: Send Msg | RECIPIENT: 2 | LOGICAL TIME: 277 | PHYSICAL TIME: 2025-03-04 19:12:39.49, MESSAGE QUEUE LENGTH: 0

2025-03-04 19:12:39,758 - INFO - EVENT: Internal Event | LOGICAL TIME: 278 | PHYSICAL TIME: 2025-03-04 19:12:39.75, MESSAGE QUEUE LENGTH: 0

