2025-03-04 19:11:33,979 - INFO - Clock rate for client 2: 5 events per second
2025-03-04 19:11:34,584 - INFO - EVENT: Internal Event | LOGICAL TIME: 1 | PHYSICAL TIME: 2025-03-04 19:11:34.58, MESSAGE QUEUE LENGTH: 0

2025-03-04 19:11:34,815 - INFO - EVENT: Receive Msg | SENDER: 1 | LOGICAL TIME: 2 | PHYSICAL TIME: 2025-03-04 19:11:34.00, MESSAGE QUEUE LENGTH: 2

2025-03-04 19:11:35,038 - INFO - EVENT: Receive Msg | SENDER: 3 | LOGICAL TIME: 3 | PHYSICAL TIME: 2025-03-04 19:11:34.00, MESSAGE QUEUE LENGTH: 1

2025-03-04 19:11:35,257 - INFO - EVENT: Internal Event | LOGICAL TIME: 4 | PHYSICAL TIME: 2025-03-04 19:11:35.25, MESSAGE QUEUE LENGTH: 0

2025-03-04 19:11:35,574 - INFO - EVENT: Internal Event | LOGICAL TIME: 5 | PHYSICAL TIME: 2025-03-04 19:11:35.57, MESSAGE QUEUE LENGTH: 0

2025-03-04 19:11:35,824 - INFO - EVENT: Receive Msg | SENDER: 3 | LOGICAL TIME: 6 | PHYSICAL TIME: 2025-03-04 19:11:35.00, MESSAGE QUEUE LENGTH: 1

2025-03-04 19:11:36,054 - INFO - EVENT: Internal Event | LOGICAL TIME: 7 | PHYSICAL TIME: 2025-03-04 19:11:36.05, MESSAGE QUEUE LENGTH: 0

2025-03-04 19:11:36,274 - INFO - EVENT: Internal Event | LOGICAL TIME: 8 | PHYSICAL TIME: 2025-03-04 19:11:36.27, MESSAGE QUEUE LENGTH: 0

2025-03-04 19:11:36,524 - INFO - EVENT: Send Msg | RECIPIENT: 1 and 3 | LOGICAL TIME: 9 | PHYSICAL TIME: 2025-03-04 19:11:36.52, MESSAGE QUEUE LENGTH: 0

2025-03-04 19:11:36,727 - INFO - EVENT: Internal Event | LOGICAL TIME: 10 | PHYSICAL TIME: 2025-03-04 19:11:36.72, MESSAGE QUEUE LENGTH: 0

2025-03-04 19:11:36,939 - INFO - EVENT: Internal Event | LOGICAL TIME: 11 | PHYSICAL TIME: 2025-03-04 19:11:36.93, MESSAGE QUEUE LENGTH: 0

2025-03-04 19:11:37,142 - INFO - EVENT: Internal Event | LOGICAL TIME: 12 | PHYSICAL TIME: 2025-03-04 19:11:37.14, MESSAGE QUEUE LENGTH: 0

2025-03-04 19:11:37,359 - INFO - EVENT: Receive Msg | SENDER: 1 | LOGICAL TIME: 13 | PHYSICAL TIME: 2025-03-04 19:11:37.00, MESSAGE QUEUE LENGTH: 1

2025-03-04 19:11:37,591 - INFO - EVENT: Internal Event | LOGICAL TIME: 14 | PHYSICAL TIME: 2025-03-04 19:11:37.59, MESSAGE QUEUE LENGTH: 0

2025-03-04 19:11:37,792 - INFO - EVENT: Receive Msg | SENDER: 1 | LOGICAL TIME: 15 | PHYSICAL TIME: 2025-03-04 19:11:37.00, MESSAGE QUEUE LENGTH: 1

2025-03-04 19:11:37,994 - INFO - EVENT: Internal Event | LOGICAL TIME: 16 | PHYSICAL TIME: 2025-03-04 19:11:37.99, MESSAGE QUEUE LENGTH: 0

2025-03-04 19:11:38,241 - INFO - EVENT: Internal Event | LOGICAL TIME: 17 | PHYSICAL TIME: 2025-03-04 19:11:38.24, MESSAGE QUEUE LENGTH: 0

2025-03-04 19:11:38,458 - INFO - EVENT: Internal Event | LOGICAL TIME: 18 | PHYSICAL TIME: 2025-03-04 19:11:38.45, MESSAGE QUEUE LENGTH: 0

2025-03-04 19:11:38,660 - INFO - EVENT: Receive Msg | SENDER: 1 | LOGICAL TIME: 19 | PHYSICAL TIME: 2025-03-04 19:11:38.00, MESSAGE QUEUE LENGTH: 1

2025-03-04 19:11:38,912 - INFO - EVENT: Internal Event | LOGICAL TIME: 20 | PHYSICAL TIME: 2025-03-04 19:11:38.91, MESSAGE QUEUE LENGTH: 0

2025-03-04 19:11:39,159 - INFO - EVENT: Internal Event | LOGICAL TIME: 21 | PHYSICAL TIME: 2025-03-04 19:11:39.15, MESSAGE QUEUE LENGTH: 0

2025-03-04 19:11:39,360 - INFO - EVENT: Internal Event | LOGICAL TIME: 22 | PHYSICAL TIME: 2025-03-04 19:11:39.36, MESSAGE QUEUE LENGTH: 0

2025-03-04 19:11:39,584 - INFO - EVENT: Internal Event | LOGICAL TIME: 23 | PHYSICAL TIME: 2025-03-04 19:11:39.58, MESSAGE QUEUE LENGTH: 0

2025-03-04 19:11:39,818 - INFO - EVENT: Internal Event | LOGICAL TIME: 24 | PHYSICAL TIME: 2025-03-04 19:11:39.81, MESSAGE QUEUE LENGTH: 0

2025-03-04 19:11:40,020 - INFO - EVENT: Internal Event | LOGICAL TIME: 25 | PHYSICAL TIME: 2025-03-04 19:11:40.02, MESSAGE QUEUE LENGTH: 0

2025-03-04 19:11:40,326 - INFO - EVENT: Receive Msg | SENDER: 1 | LOGICAL TIME: 26 | PHYSICAL TIME: 2025-03-04 19:11:40.00, MESSAGE QUEUE LENGTH: 1

2025-03-04 19:11:40,546 - INFO - EVENT: Send Msg | RECIPIENT: 1 | LOGICAL TIME: 27 | PHYSICAL TIME: 2025-03-04 19:11:40.54, MESSAGE QUEUE LENGTH: 0

2025-03-04 19:11:40,756 - INFO - EVENT: Internal Event | LOGICAL TIME: 28 | PHYSICAL TIME: 2025-03-04 19:11:40.75, MESSAGE QUEUE LENGTH: 0

2025-03-04 19:11:40,999 - INFO - EVENT: Receive Msg | SENDER: 1 | LOGICAL TIME: 29 | PHYSICAL TIME: 2025-03-04 19:11:40.00, MESSAGE QUEUE LENGTH: 1

2025-03-04 19:11:41,203 - INFO - EVENT: Send Msg | RECIPIENT: 1 | LOGICAL TIME: 30 | PHYSICAL TIME: 2025-03-04 19:11:41.20, MESSAGE QUEUE LENGTH: 0

2025-03-04 19:11:41,406 - INFO - EVENT: Send Msg | RECIPIENT: 3 | LOGICAL TIME: 31 | PHYSICAL TIME: 2025-03-04 19:11:41.40, MESSAGE QUEUE LENGTH: 0

2025-03-04 19:11:41,613 - INFO - EVENT: Internal Event | LOGICAL TIME: 32 | PHYSICAL TIME: 2025-03-04 19:11:41.61, MESSAGE QUEUE LENGTH: 0

2025-03-04 19:11:41,890 - INFO - EVENT: Internal Event | LOGICAL TIME: 33 | PHYSICAL TIME: 2025-03-04 19:11:41.89, MESSAGE QUEUE LENGTH: 0

2025-03-04 19:11:42,175 - INFO - EVENT: Receive Msg | SENDER: 1 | LOGICAL TIME: 34 | PHYSICAL TIME: 2025-03-04 19:11:41.00, MESSAGE QUEUE LENGTH: 1

2025-03-04 19:11:42,377 - INFO - EVENT: Internal Event | LOGICAL TIME: 35 | PHYSICAL TIME: 2025-03-04 19:11:42.37, MESSAGE QUEUE LENGTH: 0

2025-03-04 19:11:42,693 - INFO - EVENT: Internal Event | LOGICAL TIME: 36 | PHYSICAL TIME: 2025-03-04 19:11:42.69, MESSAGE QUEUE LENGTH: 0

2025-03-04 19:11:42,904 - INFO - EVENT: Receive Msg | SENDER: 3 | LOGICAL TIME: 37 | PHYSICAL TIME: 2025-03-04 19:11:42.00, MESSAGE QUEUE LENGTH: 1

2025-03-04 19:11:43,119 - INFO - EVENT: Receive Msg | SENDER: 1 | LOGICAL TIME: 38 | PHYSICAL TIME: 2025-03-04 19:11:42.00, MESSAGE QUEUE LENGTH: 1

2025-03-04 19:11:43,397 - INFO - EVENT: Internal Event | LOGICAL TIME: 39 | PHYSICAL TIME: 2025-03-04 19:11:43.39, MESSAGE QUEUE LENGTH: 0

2025-03-04 19:11:43,609 - INFO - EVENT: Internal Event | LOGICAL TIME: 40 | PHYSICAL TIME: 2025-03-04 19:11:43.60, MESSAGE QUEUE LENGTH: 0

2025-03-04 19:11:43,847 - INFO - EVENT: Receive Msg | SENDER: 1 | LOGICAL TIME: 41 | PHYSICAL TIME: 2025-03-04 19:11:43.00, MESSAGE QUEUE LENGTH: 1

2025-03-04 19:11:44,081 - INFO - EVENT: Receive Msg | SENDER: 1 | LOGICAL TIME: 42 | PHYSICAL TIME: 2025-03-04 19:11:43.00, MESSAGE QUEUE LENGTH: 1

2025-03-04 19:11:44,318 - INFO - EVENT: Internal Event | LOGICAL TIME: 43 | PHYSICAL TIME: 2025-03-04 19:11:44.31, MESSAGE QUEUE LENGTH: 0

2025-03-04 19:11:44,613 - INFO - EVENT: Internal Event | LOGICAL TIME: 44 | PHYSICAL TIME: 2025-03-04 19:11:44.61, MESSAGE QUEUE LENGTH: 0

2025-03-04 19:11:44,902 - INFO - EVENT: Internal Event | LOGICAL TIME: 45 | PHYSICAL TIME: 2025-03-04 19:11:44.90, MESSAGE QUEUE LENGTH: 0

2025-03-04 19:11:45,105 - INFO - EVENT: Internal Event | LOGICAL TIME: 46 | PHYSICAL TIME: 2025-03-04 19:11:45.10, MESSAGE QUEUE LENGTH: 0

2025-03-04 19:11:45,347 - INFO - EVENT: Internal Event | LOGICAL TIME: 47 | PHYSICAL TIME: 2025-03-04 19:11:45.34, MESSAGE QUEUE LENGTH: 0

2025-03-04 19:11:45,560 - INFO - EVENT: Receive Msg | SENDER: 3 | LOGICAL TIME: 48 | PHYSICAL TIME: 2025-03-04 19:11:45.00, MESSAGE QUEUE LENGTH: 1

2025-03-04 19:11:45,775 - INFO - EVENT: Internal Event | LOGICAL TIME: 49 | PHYSICAL TIME: 2025-03-04 19:11:45.77, MESSAGE QUEUE LENGTH: 0

2025-03-04 19:11:46,004 - INFO - EVENT: Receive Msg | SENDER: 3 | LOGICAL TIME: 50 | PHYSICAL TIME: 2025-03-04 19:11:45.00, MESSAGE QUEUE LENGTH: 1

2025-03-04 19:11:46,248 - INFO - EVENT: Internal Event | LOGICAL TIME: 51 | PHYSICAL TIME: 2025-03-04 19:11:46.24, MESSAGE QUEUE LENGTH: 0

2025-03-04 19:11:46,460 - INFO - EVENT: Receive Msg | SENDER: 1 | LOGICAL TIME: 52 | PHYSICAL TIME: 2025-03-04 19:11:46.00, MESSAGE QUEUE LENGTH: 1

2025-03-04 19:11:46,666 - INFO - EVENT: Internal Event | LOGICAL TIME: 53 | PHYSICAL TIME: 2025-03-04 19:11:46.66, MESSAGE QUEUE LENGTH: 0

2025-03-04 19:11:46,901 - INFO - EVENT: Send Msg | RECIPIENT: 1 | LOGICAL TIME: 54 | PHYSICAL TIME: 2025-03-04 19:11:46.90, MESSAGE QUEUE LENGTH: 0

2025-03-04 19:11:47,210 - INFO - EVENT: Receive Msg | SENDER: 3 | LOGICAL TIME: 55 | PHYSICAL TIME: 2025-03-04 19:11:46.00, MESSAGE QUEUE LENGTH: 1

2025-03-04 19:11:47,412 - INFO - EVENT: Internal Event | LOGICAL TIME: 56 | PHYSICAL TIME: 2025-03-04 19:11:47.41, MESSAGE QUEUE LENGTH: 0

2025-03-04 19:11:47,681 - INFO - EVENT: Send Msg | RECIPIENT: 1 | LOGICAL TIME: 57 | PHYSICAL TIME: 2025-03-04 19:11:47.68, MESSAGE QUEUE LENGTH: 0

2025-03-04 19:11:47,928 - INFO - EVENT: Send Msg | RECIPIENT: 1 and 3 | LOGICAL TIME: 58 | PHYSICAL TIME: 2025-03-04 19:11:47.92, MESSAGE QUEUE LENGTH: 0

2025-03-04 19:11:48,217 - INFO - EVENT: Send Msg | RECIPIENT: 3 | LOGICAL TIME: 59 | PHYSICAL TIME: 2025-03-04 19:11:48.21, MESSAGE QUEUE LENGTH: 0

2025-03-04 19:11:48,434 - INFO - EVENT: Receive Msg | SENDER: 1 | LOGICAL TIME: 61 | PHYSICAL TIME: 2025-03-04 19:11:48.00, MESSAGE QUEUE LENGTH: 1

2025-03-04 19:11:48,742 - INFO - EVENT: Internal Event | LOGICAL TIME: 62 | PHYSICAL TIME: 2025-03-04 19:11:48.74, MESSAGE QUEUE LENGTH: 0

2025-03-04 19:11:48,967 - INFO - EVENT: Internal Event | LOGICAL TIME: 63 | PHYSICAL TIME: 2025-03-04 19:11:48.96, MESSAGE QUEUE LENGTH: 0

2025-03-04 19:11:49,215 - INFO - EVENT: Send Msg | RECIPIENT: 1 | LOGICAL TIME: 64 | PHYSICAL TIME: 2025-03-04 19:11:49.21, MESSAGE QUEUE LENGTH: 0

2025-03-04 19:11:49,458 - INFO - EVENT: Internal Event | LOGICAL TIME: 65 | PHYSICAL TIME: 2025-03-04 19:11:49.45, MESSAGE QUEUE LENGTH: 0

2025-03-04 19:11:49,683 - INFO - EVENT: Internal Event | LOGICAL TIME: 66 | PHYSICAL TIME: 2025-03-04 19:11:49.68, MESSAGE QUEUE LENGTH: 0

2025-03-04 19:11:49,918 - INFO - EVENT: Internal Event | LOGICAL TIME: 67 | PHYSICAL TIME: 2025-03-04 19:11:49.91, MESSAGE QUEUE LENGTH: 0

2025-03-04 19:11:50,182 - INFO - EVENT: Internal Event | LOGICAL TIME: 68 | PHYSICAL TIME: 2025-03-04 19:11:50.18, MESSAGE QUEUE LENGTH: 0

2025-03-04 19:11:50,436 - INFO - EVENT: Internal Event | LOGICAL TIME: 69 | PHYSICAL TIME: 2025-03-04 19:11:50.43, MESSAGE QUEUE LENGTH: 0

2025-03-04 19:11:50,640 - INFO - EVENT: Receive Msg | SENDER: 1 | LOGICAL TIME: 70 | PHYSICAL TIME: 2025-03-04 19:11:50.00, MESSAGE QUEUE LENGTH: 1

2025-03-04 19:11:50,855 - INFO - EVENT: Internal Event | LOGICAL TIME: 71 | PHYSICAL TIME: 2025-03-04 19:11:50.85, MESSAGE QUEUE LENGTH: 0

2025-03-04 19:11:51,058 - INFO - EVENT: Internal Event | LOGICAL TIME: 72 | PHYSICAL TIME: 2025-03-04 19:11:51.05, MESSAGE QUEUE LENGTH: 0

2025-03-04 19:11:51,283 - INFO - EVENT: Receive Msg | SENDER: 1 | LOGICAL TIME: 73 | PHYSICAL TIME: 2025-03-04 19:11:51.00, MESSAGE QUEUE LENGTH: 1

2025-03-04 19:11:51,487 - INFO - EVENT: Internal Event | LOGICAL TIME: 74 | PHYSICAL TIME: 2025-03-04 19:11:51.48, MESSAGE QUEUE LENGTH: 0

2025-03-04 19:11:51,709 - INFO - EVENT: Receive Msg | SENDER: 1 | LOGICAL TIME: 75 | PHYSICAL TIME: 2025-03-04 19:11:51.00, MESSAGE QUEUE LENGTH: 1

2025-03-04 19:11:51,936 - INFO - EVENT: Internal Event | LOGICAL TIME: 76 | PHYSICAL TIME: 2025-03-04 19:11:51.93, MESSAGE QUEUE LENGTH: 0

2025-03-04 19:11:52,229 - INFO - EVENT: Internal Event | LOGICAL TIME: 77 | PHYSICAL TIME: 2025-03-04 19:11:52.22, MESSAGE QUEUE LENGTH: 0

2025-03-04 19:11:52,432 - INFO - EVENT: Internal Event | LOGICAL TIME: 78 | PHYSICAL TIME: 2025-03-04 19:11:52.43, MESSAGE QUEUE LENGTH: 0

2025-03-04 19:11:52,652 - INFO - EVENT: Internal Event | LOGICAL TIME: 79 | PHYSICAL TIME: 2025-03-04 19:11:52.65, MESSAGE QUEUE LENGTH: 0

2025-03-04 19:11:52,921 - INFO - EVENT: Receive Msg | SENDER: 3 | LOGICAL TIME: 80 | PHYSICAL TIME: 2025-03-04 19:11:52.00, MESSAGE QUEUE LENGTH: 1

2025-03-04 19:11:53,285 - INFO - EVENT: Send Msg | RECIPIENT: 3 | LOGICAL TIME: 81 | PHYSICAL TIME: 2025-03-04 19:11:53.28, MESSAGE QUEUE LENGTH: 0

2025-03-04 19:11:53,521 - INFO - EVENT: Internal Event | LOGICAL TIME: 82 | PHYSICAL TIME: 2025-03-04 19:11:53.52, MESSAGE QUEUE LENGTH: 0

2025-03-04 19:11:53,750 - INFO - EVENT: Internal Event | LOGICAL TIME: 83 | PHYSICAL TIME: 2025-03-04 19:11:53.75, MESSAGE QUEUE LENGTH: 0

2025-03-04 19:11:53,967 - INFO - EVENT: Internal Event | LOGICAL TIME: 84 | PHYSICAL TIME: 2025-03-04 19:11:53.96, MESSAGE QUEUE LENGTH: 0

2025-03-04 19:11:54,172 - INFO - EVENT: Send Msg | RECIPIENT: 1 and 3 | LOGICAL TIME: 85 | PHYSICAL TIME: 2025-03-04 19:11:54.17, MESSAGE QUEUE LENGTH: 0

2025-03-04 19:11:54,421 - INFO - EVENT: Internal Event | LOGICAL TIME: 86 | PHYSICAL TIME: 2025-03-04 19:11:54.42, MESSAGE QUEUE LENGTH: 0

2025-03-04 19:11:54,670 - INFO - EVENT: Internal Event | LOGICAL TIME: 87 | PHYSICAL TIME: 2025-03-04 19:11:54.67, MESSAGE QUEUE LENGTH: 0

2025-03-04 19:11:54,962 - INFO - EVENT: Send Msg | RECIPIENT: 1 and 3 | LOGICAL TIME: 88 | PHYSICAL TIME: 2025-03-04 19:11:54.96, MESSAGE QUEUE LENGTH: 0

2025-03-04 19:11:55,223 - INFO - EVENT: Internal Event | LOGICAL TIME: 89 | PHYSICAL TIME: 2025-03-04 19:11:55.22, MESSAGE QUEUE LENGTH: 0

2025-03-04 19:11:55,436 - INFO - EVENT: Internal Event | LOGICAL TIME: 90 | PHYSICAL TIME: 2025-03-04 19:11:55.43, MESSAGE QUEUE LENGTH: 0

2025-03-04 19:11:55,638 - INFO - EVENT: Internal Event | LOGICAL TIME: 91 | PHYSICAL TIME: 2025-03-04 19:11:55.63, MESSAGE QUEUE LENGTH: 0

2025-03-04 19:11:55,863 - INFO - EVENT: Internal Event | LOGICAL TIME: 92 | PHYSICAL TIME: 2025-03-04 19:11:55.86, MESSAGE QUEUE LENGTH: 0

2025-03-04 19:11:56,086 - INFO - EVENT: Send Msg | RECIPIENT: 1 and 3 | LOGICAL TIME: 93 | PHYSICAL TIME: 2025-03-04 19:11:56.08, MESSAGE QUEUE LENGTH: 0

2025-03-04 19:11:56,363 - INFO - EVENT: Receive Msg | SENDER: 3 | LOGICAL TIME: 94 | PHYSICAL TIME: 2025-03-04 19:11:56.00, MESSAGE QUEUE LENGTH: 1

2025-03-04 19:11:56,586 - INFO - EVENT: Internal Event | LOGICAL TIME: 95 | PHYSICAL TIME: 2025-03-04 19:11:56.58, MESSAGE QUEUE LENGTH: 0

2025-03-04 19:11:56,801 - INFO - EVENT: Internal Event | LOGICAL TIME: 96 | PHYSICAL TIME: 2025-03-04 19:11:56.80, MESSAGE QUEUE LENGTH: 0

2025-03-04 19:11:57,021 - INFO - EVENT: Send Msg | RECIPIENT: 1 and 3 | LOGICAL TIME: 97 | PHYSICAL TIME: 2025-03-04 19:11:57.02, MESSAGE QUEUE LENGTH: 0

2025-03-04 19:11:57,384 - INFO - EVENT: Internal Event | LOGICAL TIME: 98 | PHYSICAL TIME: 2025-03-04 19:11:57.38, MESSAGE QUEUE LENGTH: 0

2025-03-04 19:11:57,657 - INFO - EVENT: Receive Msg | SENDER: 1 | LOGICAL TIME: 100 | PHYSICAL TIME: 2025-03-04 19:11:57.00, MESSAGE QUEUE LENGTH: 1

2025-03-04 19:11:57,905 - INFO - EVENT: Internal Event | LOGICAL TIME: 101 | PHYSICAL TIME: 2025-03-04 19:11:57.90, MESSAGE QUEUE LENGTH: 0

2025-03-04 19:11:58,109 - INFO - EVENT: Internal Event | LOGICAL TIME: 102 | PHYSICAL TIME: 2025-03-04 19:11:58.10, MESSAGE QUEUE LENGTH: 0

2025-03-04 19:11:58,343 - INFO - EVENT: Internal Event | LOGICAL TIME: 103 | PHYSICAL TIME: 2025-03-04 19:11:58.34, MESSAGE QUEUE LENGTH: 0

2025-03-04 19:11:58,591 - INFO - EVENT: Internal Event | LOGICAL TIME: 104 | PHYSICAL TIME: 2025-03-04 19:11:58.59, MESSAGE QUEUE LENGTH: 0

2025-03-04 19:11:58,836 - INFO - EVENT: Internal Event | LOGICAL TIME: 105 | PHYSICAL TIME: 2025-03-04 19:11:58.83, MESSAGE QUEUE LENGTH: 0

2025-03-04 19:11:59,040 - INFO - EVENT: Internal Event | LOGICAL TIME: 106 | PHYSICAL TIME: 2025-03-04 19:11:59.04, MESSAGE QUEUE LENGTH: 0

2025-03-04 19:11:59,356 - INFO - EVENT: Internal Event | LOGICAL TIME: 107 | PHYSICAL TIME: 2025-03-04 19:11:59.35, MESSAGE QUEUE LENGTH: 0

2025-03-04 19:11:59,587 - INFO - EVENT: Receive Msg | SENDER: 1 | LOGICAL TIME: 108 | PHYSICAL TIME: 2025-03-04 19:11:59.00, MESSAGE QUEUE LENGTH: 1

2025-03-04 19:11:59,794 - INFO - EVENT: Receive Msg | SENDER: 1 | LOGICAL TIME: 109 | PHYSICAL TIME: 2025-03-04 19:11:59.00, MESSAGE QUEUE LENGTH: 1

2025-03-04 19:12:00,004 - INFO - EVENT: Send Msg | RECIPIENT: 1 | LOGICAL TIME: 110 | PHYSICAL TIME: 2025-03-04 19:12:00.00, MESSAGE QUEUE LENGTH: 0

2025-03-04 19:12:00,238 - INFO - EVENT: Send Msg | RECIPIENT: 1 and 3 | LOGICAL TIME: 111 | PHYSICAL TIME: 2025-03-04 19:12:00.23, MESSAGE QUEUE LENGTH: 0

2025-03-04 19:12:00,441 - INFO - EVENT: Send Msg | RECIPIENT: 3 | LOGICAL TIME: 112 | PHYSICAL TIME: 2025-03-04 19:12:00.44, MESSAGE QUEUE LENGTH: 0

2025-03-04 19:12:00,656 - INFO - EVENT: Internal Event | LOGICAL TIME: 113 | PHYSICAL TIME: 2025-03-04 19:12:00.65, MESSAGE QUEUE LENGTH: 0

2025-03-04 19:12:00,905 - INFO - EVENT: Internal Event | LOGICAL TIME: 114 | PHYSICAL TIME: 2025-03-04 19:12:00.90, MESSAGE QUEUE LENGTH: 0

2025-03-04 19:12:01,192 - INFO - EVENT: Send Msg | RECIPIENT: 1 and 3 | LOGICAL TIME: 115 | PHYSICAL TIME: 2025-03-04 19:12:01.19, MESSAGE QUEUE LENGTH: 0

2025-03-04 19:12:01,426 - INFO - EVENT: Internal Event | LOGICAL TIME: 116 | PHYSICAL TIME: 2025-03-04 19:12:01.42, MESSAGE QUEUE LENGTH: 0

2025-03-04 19:12:01,632 - INFO - EVENT: Send Msg | RECIPIENT: 1 | LOGICAL TIME: 117 | PHYSICAL TIME: 2025-03-04 19:12:01.63, MESSAGE QUEUE LENGTH: 0

2025-03-04 19:12:01,877 - INFO - EVENT: Internal Event | LOGICAL TIME: 118 | PHYSICAL TIME: 2025-03-04 19:12:01.87, MESSAGE QUEUE LENGTH: 0

2025-03-04 19:12:02,141 - INFO - EVENT: Internal Event | LOGICAL TIME: 119 | PHYSICAL TIME: 2025-03-04 19:12:02.14, MESSAGE QUEUE LENGTH: 0

2025-03-04 19:12:02,357 - INFO - EVENT: Receive Msg | SENDER: 3 | LOGICAL TIME: 120 | PHYSICAL TIME: 2025-03-04 19:12:02.00, MESSAGE QUEUE LENGTH: 1

2025-03-04 19:12:02,640 - INFO - EVENT: Send Msg | RECIPIENT: 1 | LOGICAL TIME: 121 | PHYSICAL TIME: 2025-03-04 19:12:02.64, MESSAGE QUEUE LENGTH: 0

2025-03-04 19:12:02,877 - INFO - EVENT: Receive Msg | SENDER: 3 | LOGICAL TIME: 122 | PHYSICAL TIME: 2025-03-04 19:12:02.00, MESSAGE QUEUE LENGTH: 1

2025-03-04 19:12:03,095 - INFO - EVENT: Send Msg | RECIPIENT: 1 | LOGICAL TIME: 123 | PHYSICAL TIME: 2025-03-04 19:12:03.09, MESSAGE QUEUE LENGTH: 0

2025-03-04 19:12:03,332 - INFO - EVENT: Internal Event | LOGICAL TIME: 124 | PHYSICAL TIME: 2025-03-04 19:12:03.33, MESSAGE QUEUE LENGTH: 0

2025-03-04 19:12:03,535 - INFO - EVENT: Send Msg | RECIPIENT: 1 | LOGICAL TIME: 125 | PHYSICAL TIME: 2025-03-04 19:12:03.53, MESSAGE QUEUE LENGTH: 0

2025-03-04 19:12:03,778 - INFO - EVENT: Internal Event | LOGICAL TIME: 126 | PHYSICAL TIME: 2025-03-04 19:12:03.77, MESSAGE QUEUE LENGTH: 0

2025-03-04 19:12:03,995 - INFO - EVENT: Internal Event | LOGICAL TIME: 127 | PHYSICAL TIME: 2025-03-04 19:12:03.99, MESSAGE QUEUE LENGTH: 0

2025-03-04 19:12:04,195 - INFO - EVENT: Internal Event | LOGICAL TIME: 128 | PHYSICAL TIME: 2025-03-04 19:12:04.19, MESSAGE QUEUE LENGTH: 0

2025-03-04 19:12:04,491 - INFO - EVENT: Receive Msg | SENDER: 3 | LOGICAL TIME: 129 | PHYSICAL TIME: 2025-03-04 19:12:04.00, MESSAGE QUEUE LENGTH: 1

2025-03-04 19:12:04,696 - INFO - EVENT: Send Msg | RECIPIENT: 3 | LOGICAL TIME: 130 | PHYSICAL TIME: 2025-03-04 19:12:04.69, MESSAGE QUEUE LENGTH: 0

2025-03-04 19:12:04,898 - INFO - EVENT: Internal Event | LOGICAL TIME: 131 | PHYSICAL TIME: 2025-03-04 19:12:04.89, MESSAGE QUEUE LENGTH: 0

2025-03-04 19:12:05,109 - INFO - EVENT: Send Msg | RECIPIENT: 1 | LOGICAL TIME: 132 | PHYSICAL TIME: 2025-03-04 19:12:05.10, MESSAGE QUEUE LENGTH: 0

2025-03-04 19:12:05,381 - INFO - EVENT: Send Msg | RECIPIENT: 1 and 3 | LOGICAL TIME: 133 | PHYSICAL TIME: 2025-03-04 19:12:05.38, MESSAGE QUEUE LENGTH: 0

2025-03-04 19:12:05,585 - INFO - EVENT: Internal Event | LOGICAL TIME: 134 | PHYSICAL TIME: 2025-03-04 19:12:05.58, MESSAGE QUEUE LENGTH: 0

2025-03-04 19:12:05,789 - INFO - EVENT: Internal Event | LOGICAL TIME: 135 | PHYSICAL TIME: 2025-03-04 19:12:05.78, MESSAGE QUEUE LENGTH: 0

2025-03-04 19:12:05,999 - INFO - EVENT: Internal Event | LOGICAL TIME: 136 | PHYSICAL TIME: 2025-03-04 19:12:05.99, MESSAGE QUEUE LENGTH: 0

2025-03-04 19:12:06,231 - INFO - EVENT: Internal Event | LOGICAL TIME: 137 | PHYSICAL TIME: 2025-03-04 19:12:06.23, MESSAGE QUEUE LENGTH: 0

2025-03-04 19:12:06,441 - INFO - EVENT: Internal Event | LOGICAL TIME: 138 | PHYSICAL TIME: 2025-03-04 19:12:06.44, MESSAGE QUEUE LENGTH: 0

2025-03-04 19:12:06,644 - INFO - EVENT: Internal Event | LOGICAL TIME: 139 | PHYSICAL TIME: 2025-03-04 19:12:06.64, MESSAGE QUEUE LENGTH: 0

2025-03-04 19:12:06,847 - INFO - EVENT: Send Msg | RECIPIENT: 3 | LOGICAL TIME: 140 | PHYSICAL TIME: 2025-03-04 19:12:06.84, MESSAGE QUEUE LENGTH: 0

2025-03-04 19:12:07,128 - INFO - EVENT: Send Msg | RECIPIENT: 1 and 3 | LOGICAL TIME: 141 | PHYSICAL TIME: 2025-03-04 19:12:07.12, MESSAGE QUEUE LENGTH: 0

2025-03-04 19:12:07,348 - INFO - EVENT: Internal Event | LOGICAL TIME: 142 | PHYSICAL TIME: 2025-03-04 19:12:07.34, MESSAGE QUEUE LENGTH: 0

2025-03-04 19:12:07,553 - INFO - EVENT: Internal Event | LOGICAL TIME: 143 | PHYSICAL TIME: 2025-03-04 19:12:07.55, MESSAGE QUEUE LENGTH: 0

2025-03-04 19:12:07,762 - INFO - EVENT: Send Msg | RECIPIENT: 3 | LOGICAL TIME: 144 | PHYSICAL TIME: 2025-03-04 19:12:07.76, MESSAGE QUEUE LENGTH: 0

2025-03-04 19:12:08,032 - INFO - EVENT: Internal Event | LOGICAL TIME: 145 | PHYSICAL TIME: 2025-03-04 19:12:08.03, MESSAGE QUEUE LENGTH: 0

2025-03-04 19:12:08,246 - INFO - EVENT: Internal Event | LOGICAL TIME: 146 | PHYSICAL TIME: 2025-03-04 19:12:08.24, MESSAGE QUEUE LENGTH: 0

2025-03-04 19:12:08,564 - INFO - EVENT: Receive Msg | SENDER: 1 | LOGICAL TIME: 147 | PHYSICAL TIME: 2025-03-04 19:12:08.00, MESSAGE QUEUE LENGTH: 1

2025-03-04 19:12:08,764 - INFO - EVENT: Internal Event | LOGICAL TIME: 148 | PHYSICAL TIME: 2025-03-04 19:12:08.76, MESSAGE QUEUE LENGTH: 0

2025-03-04 19:12:09,000 - INFO - EVENT: Internal Event | LOGICAL TIME: 149 | PHYSICAL TIME: 2025-03-04 19:12:09.00, MESSAGE QUEUE LENGTH: 0

2025-03-04 19:12:09,205 - INFO - EVENT: Receive Msg | SENDER: 1 | LOGICAL TIME: 150 | PHYSICAL TIME: 2025-03-04 19:12:09.00, MESSAGE QUEUE LENGTH: 1

2025-03-04 19:12:09,419 - INFO - EVENT: Internal Event | LOGICAL TIME: 151 | PHYSICAL TIME: 2025-03-04 19:12:09.41, MESSAGE QUEUE LENGTH: 0

2025-03-04 19:12:09,651 - INFO - EVENT: Receive Msg | SENDER: 1 | LOGICAL TIME: 152 | PHYSICAL TIME: 2025-03-04 19:12:09.00, MESSAGE QUEUE LENGTH: 1

2025-03-04 19:12:10,025 - INFO - EVENT: Send Msg | RECIPIENT: 1 | LOGICAL TIME: 153 | PHYSICAL TIME: 2025-03-04 19:12:10.02, MESSAGE QUEUE LENGTH: 0

2025-03-04 19:12:10,231 - INFO - EVENT: Internal Event | LOGICAL TIME: 154 | PHYSICAL TIME: 2025-03-04 19:12:10.23, MESSAGE QUEUE LENGTH: 0

2025-03-04 19:12:10,529 - INFO - EVENT: Send Msg | RECIPIENT: 1 and 3 | LOGICAL TIME: 155 | PHYSICAL TIME: 2025-03-04 19:12:10.52, MESSAGE QUEUE LENGTH: 0

2025-03-04 19:12:10,731 - INFO - EVENT: Internal Event | LOGICAL TIME: 156 | PHYSICAL TIME: 2025-03-04 19:12:10.73, MESSAGE QUEUE LENGTH: 0

2025-03-04 19:12:10,985 - INFO - EVENT: Send Msg | RECIPIENT: 1 | LOGICAL TIME: 157 | PHYSICAL TIME: 2025-03-04 19:12:10.98, MESSAGE QUEUE LENGTH: 0

2025-03-04 19:12:11,313 - INFO - EVENT: Internal Event | LOGICAL TIME: 158 | PHYSICAL TIME: 2025-03-04 19:12:11.31, MESSAGE QUEUE LENGTH: 0

2025-03-04 19:12:11,535 - INFO - EVENT: Internal Event | LOGICAL TIME: 159 | PHYSICAL TIME: 2025-03-04 19:12:11.53, MESSAGE QUEUE LENGTH: 0

2025-03-04 19:12:11,738 - INFO - EVENT: Internal Event | LOGICAL TIME: 160 | PHYSICAL TIME: 2025-03-04 19:12:11.73, MESSAGE QUEUE LENGTH: 0

2025-03-04 19:12:11,943 - INFO - EVENT: Internal Event | LOGICAL TIME: 161 | PHYSICAL TIME: 2025-03-04 19:12:11.94, MESSAGE QUEUE LENGTH: 0

2025-03-04 19:12:12,211 - INFO - EVENT: Send Msg | RECIPIENT: 1 and 3 | LOGICAL TIME: 162 | PHYSICAL TIME: 2025-03-04 19:12:12.21, MESSAGE QUEUE LENGTH: 0

2025-03-04 19:12:12,478 - INFO - EVENT: Send Msg | RECIPIENT: 1 and 3 | LOGICAL TIME: 163 | PHYSICAL TIME: 2025-03-04 19:12:12.47, MESSAGE QUEUE LENGTH: 0

2025-03-04 19:12:12,694 - INFO - EVENT: Receive Msg | SENDER: 1 | LOGICAL TIME: 164 | PHYSICAL TIME: 2025-03-04 19:12:12.00, MESSAGE QUEUE LENGTH: 1

2025-03-04 19:12:12,903 - INFO - EVENT: Internal Event | LOGICAL TIME: 165 | PHYSICAL TIME: 2025-03-04 19:12:12.90, MESSAGE QUEUE LENGTH: 0

2025-03-04 19:12:13,105 - INFO - EVENT: Internal Event | LOGICAL TIME: 166 | PHYSICAL TIME: 2025-03-04 19:12:13.10, MESSAGE QUEUE LENGTH: 0

2025-03-04 19:12:13,339 - INFO - EVENT: Internal Event | LOGICAL TIME: 167 | PHYSICAL TIME: 2025-03-04 19:12:13.33, MESSAGE QUEUE LENGTH: 0

2025-03-04 19:12:13,588 - INFO - EVENT: Internal Event | LOGICAL TIME: 168 | PHYSICAL TIME: 2025-03-04 19:12:13.58, MESSAGE QUEUE LENGTH: 0

2025-03-04 19:12:13,883 - INFO - EVENT: Internal Event | LOGICAL TIME: 169 | PHYSICAL TIME: 2025-03-04 19:12:13.88, MESSAGE QUEUE LENGTH: 0

2025-03-04 19:12:14,114 - INFO - EVENT: Internal Event | LOGICAL TIME: 170 | PHYSICAL TIME: 2025-03-04 19:12:14.11, MESSAGE QUEUE LENGTH: 0

2025-03-04 19:12:14,317 - INFO - EVENT: Internal Event | LOGICAL TIME: 171 | PHYSICAL TIME: 2025-03-04 19:12:14.31, MESSAGE QUEUE LENGTH: 0

2025-03-04 19:12:14,601 - INFO - EVENT: Receive Msg | SENDER: 1 | LOGICAL TIME: 172 | PHYSICAL TIME: 2025-03-04 19:12:14.00, MESSAGE QUEUE LENGTH: 1

2025-03-04 19:12:14,867 - INFO - EVENT: Send Msg | RECIPIENT: 3 | LOGICAL TIME: 173 | PHYSICAL TIME: 2025-03-04 19:12:14.86, MESSAGE QUEUE LENGTH: 0

2025-03-04 19:12:15,083 - INFO - EVENT: Receive Msg | SENDER: 3 | LOGICAL TIME: 174 | PHYSICAL TIME: 2025-03-04 19:12:14.00, MESSAGE QUEUE LENGTH: 1

2025-03-04 19:12:15,321 - INFO - EVENT: Internal Event | LOGICAL TIME: 175 | PHYSICAL TIME: 2025-03-04 19:12:15.32, MESSAGE QUEUE LENGTH: 0

2025-03-04 19:12:15,634 - INFO - EVENT: Receive Msg | SENDER: 1 | LOGICAL TIME: 176 | PHYSICAL TIME: 2025-03-04 19:12:15.00, MESSAGE QUEUE LENGTH: 1

2025-03-04 19:12:15,886 - INFO - EVENT: Internal Event | LOGICAL TIME: 177 | PHYSICAL TIME: 2025-03-04 19:12:15.88, MESSAGE QUEUE LENGTH: 0

2025-03-04 19:12:16,106 - INFO - EVENT: Internal Event | LOGICAL TIME: 178 | PHYSICAL TIME: 2025-03-04 19:12:16.10, MESSAGE QUEUE LENGTH: 0

2025-03-04 19:12:16,384 - INFO - EVENT: Internal Event | LOGICAL TIME: 179 | PHYSICAL TIME: 2025-03-04 19:12:16.38, MESSAGE QUEUE LENGTH: 0

2025-03-04 19:12:16,617 - INFO - EVENT: Send Msg | RECIPIENT: 3 | LOGICAL TIME: 180 | PHYSICAL TIME: 2025-03-04 19:12:16.61, MESSAGE QUEUE LENGTH: 0

2025-03-04 19:12:16,964 - INFO - EVENT: Internal Event | LOGICAL TIME: 181 | PHYSICAL TIME: 2025-03-04 19:12:16.96, MESSAGE QUEUE LENGTH: 0

2025-03-04 19:12:17,173 - INFO - EVENT: Send Msg | RECIPIENT: 1 and 3 | LOGICAL TIME: 182 | PHYSICAL TIME: 2025-03-04 19:12:17.17, MESSAGE QUEUE LENGTH: 0

2025-03-04 19:12:17,376 - INFO - EVENT: Internal Event | LOGICAL TIME: 183 | PHYSICAL TIME: 2025-03-04 19:12:17.37, MESSAGE QUEUE LENGTH: 0

2025-03-04 19:12:17,626 - INFO - EVENT: Internal Event | LOGICAL TIME: 184 | PHYSICAL TIME: 2025-03-04 19:12:17.62, MESSAGE QUEUE LENGTH: 0

2025-03-04 19:12:17,841 - INFO - EVENT: Internal Event | LOGICAL TIME: 185 | PHYSICAL TIME: 2025-03-04 19:12:17.84, MESSAGE QUEUE LENGTH: 0

2025-03-04 19:12:18,043 - INFO - EVENT: Internal Event | LOGICAL TIME: 186 | PHYSICAL TIME: 2025-03-04 19:12:18.04, MESSAGE QUEUE LENGTH: 0

2025-03-04 19:12:18,244 - INFO - EVENT: Internal Event | LOGICAL TIME: 187 | PHYSICAL TIME: 2025-03-04 19:12:18.24, MESSAGE QUEUE LENGTH: 0

2025-03-04 19:12:18,448 - INFO - EVENT: Send Msg | RECIPIENT: 3 | LOGICAL TIME: 188 | PHYSICAL TIME: 2025-03-04 19:12:18.44, MESSAGE QUEUE LENGTH: 0

2025-03-04 19:12:18,651 - INFO - EVENT: Receive Msg | SENDER: 1 | LOGICAL TIME: 189 | PHYSICAL TIME: 2025-03-04 19:12:18.00, MESSAGE QUEUE LENGTH: 1

2025-03-04 19:12:18,875 - INFO - EVENT: Internal Event | LOGICAL TIME: 190 | PHYSICAL TIME: 2025-03-04 19:12:18.87, MESSAGE QUEUE LENGTH: 0

2025-03-04 19:12:19,087 - INFO - EVENT: Internal Event | LOGICAL TIME: 191 | PHYSICAL TIME: 2025-03-04 19:12:19.08, MESSAGE QUEUE LENGTH: 0

2025-03-04 19:12:19,302 - INFO - EVENT: Internal Event | LOGICAL TIME: 192 | PHYSICAL TIME: 2025-03-04 19:12:19.30, MESSAGE QUEUE LENGTH: 0

2025-03-04 19:12:19,533 - INFO - EVENT: Internal Event | LOGICAL TIME: 193 | PHYSICAL TIME: 2025-03-04 19:12:19.53, MESSAGE QUEUE LENGTH: 0

2025-03-04 19:12:19,742 - INFO - EVENT: Send Msg | RECIPIENT: 1 and 3 | LOGICAL TIME: 194 | PHYSICAL TIME: 2025-03-04 19:12:19.74, MESSAGE QUEUE LENGTH: 0

2025-03-04 19:12:19,960 - INFO - EVENT: Send Msg | RECIPIENT: 1 and 3 | LOGICAL TIME: 195 | PHYSICAL TIME: 2025-03-04 19:12:19.96, MESSAGE QUEUE LENGTH: 0

2025-03-04 19:12:20,224 - INFO - EVENT: Internal Event | LOGICAL TIME: 196 | PHYSICAL TIME: 2025-03-04 19:12:20.22, MESSAGE QUEUE LENGTH: 0

2025-03-04 19:12:20,577 - INFO - EVENT: Internal Event | LOGICAL TIME: 197 | PHYSICAL TIME: 2025-03-04 19:12:20.57, MESSAGE QUEUE LENGTH: 0

2025-03-04 19:12:20,791 - INFO - EVENT: Internal Event | LOGICAL TIME: 198 | PHYSICAL TIME: 2025-03-04 19:12:20.79, MESSAGE QUEUE LENGTH: 0

2025-03-04 19:12:20,994 - INFO - EVENT: Internal Event | LOGICAL TIME: 199 | PHYSICAL TIME: 2025-03-04 19:12:20.99, MESSAGE QUEUE LENGTH: 0

2025-03-04 19:12:21,195 - INFO - EVENT: Send Msg | RECIPIENT: 1 | LOGICAL TIME: 200 | PHYSICAL TIME: 2025-03-04 19:12:21.19, MESSAGE QUEUE LENGTH: 0

2025-03-04 19:12:21,434 - INFO - EVENT: Receive Msg | SENDER: 1 | LOGICAL TIME: 201 | PHYSICAL TIME: 2025-03-04 19:12:20.00, MESSAGE QUEUE LENGTH: 1

2025-03-04 19:12:21,641 - INFO - EVENT: Receive Msg | SENDER: 1 | LOGICAL TIME: 202 | PHYSICAL TIME: 2025-03-04 19:12:21.00, MESSAGE QUEUE LENGTH: 1

2025-03-04 19:12:21,846 - INFO - EVENT: Internal Event | LOGICAL TIME: 203 | PHYSICAL TIME: 2025-03-04 19:12:21.84, MESSAGE QUEUE LENGTH: 0

2025-03-04 19:12:22,067 - INFO - EVENT: Internal Event | LOGICAL TIME: 204 | PHYSICAL TIME: 2025-03-04 19:12:22.06, MESSAGE QUEUE LENGTH: 0

2025-03-04 19:12:22,285 - INFO - EVENT: Receive Msg | SENDER: 1 | LOGICAL TIME: 205 | PHYSICAL TIME: 2025-03-04 19:12:21.00, MESSAGE QUEUE LENGTH: 1

2025-03-04 19:12:22,490 - INFO - EVENT: Internal Event | LOGICAL TIME: 206 | PHYSICAL TIME: 2025-03-04 19:12:22.49, MESSAGE QUEUE LENGTH: 0

2025-03-04 19:12:22,712 - INFO - EVENT: Internal Event | LOGICAL TIME: 207 | PHYSICAL TIME: 2025-03-04 19:12:22.71, MESSAGE QUEUE LENGTH: 0

2025-03-04 19:12:22,944 - INFO - EVENT: Internal Event | LOGICAL TIME: 208 | PHYSICAL TIME: 2025-03-04 19:12:22.94, MESSAGE QUEUE LENGTH: 0

2025-03-04 19:12:23,223 - INFO - EVENT: Receive Msg | SENDER: 3 | LOGICAL TIME: 209 | PHYSICAL TIME: 2025-03-04 19:12:22.00, MESSAGE QUEUE LENGTH: 1

2025-03-04 19:12:23,429 - INFO - EVENT: Internal Event | LOGICAL TIME: 210 | PHYSICAL TIME: 2025-03-04 19:12:23.42, MESSAGE QUEUE LENGTH: 0

2025-03-04 19:12:23,639 - INFO - EVENT: Internal Event | LOGICAL TIME: 211 | PHYSICAL TIME: 2025-03-04 19:12:23.63, MESSAGE QUEUE LENGTH: 0

2025-03-04 19:12:23,905 - INFO - EVENT: Send Msg | RECIPIENT: 1 and 3 | LOGICAL TIME: 212 | PHYSICAL TIME: 2025-03-04 19:12:23.90, MESSAGE QUEUE LENGTH: 0

2025-03-04 19:12:24,113 - INFO - EVENT: Internal Event | LOGICAL TIME: 213 | PHYSICAL TIME: 2025-03-04 19:12:24.11, MESSAGE QUEUE LENGTH: 0

2025-03-04 19:12:24,329 - INFO - EVENT: Internal Event | LOGICAL TIME: 214 | PHYSICAL TIME: 2025-03-04 19:12:24.32, MESSAGE QUEUE LENGTH: 0

2025-03-04 19:12:24,581 - INFO - EVENT: Send Msg | RECIPIENT: 1 and 3 | LOGICAL TIME: 215 | PHYSICAL TIME: 2025-03-04 19:12:24.58, MESSAGE QUEUE LENGTH: 0

2025-03-04 19:12:24,798 - INFO - EVENT: Internal Event | LOGICAL TIME: 216 | PHYSICAL TIME: 2025-03-04 19:12:24.79, MESSAGE QUEUE LENGTH: 0

2025-03-04 19:12:25,027 - INFO - EVENT: Internal Event | LOGICAL TIME: 217 | PHYSICAL TIME: 2025-03-04 19:12:25.02, MESSAGE QUEUE LENGTH: 0

2025-03-04 19:12:25,279 - INFO - EVENT: Send Msg | RECIPIENT: 1 and 3 | LOGICAL TIME: 218 | PHYSICAL TIME: 2025-03-04 19:12:25.27, MESSAGE QUEUE LENGTH: 0

2025-03-04 19:12:25,482 - INFO - EVENT: Send Msg | RECIPIENT: 1 and 3 | LOGICAL TIME: 219 | PHYSICAL TIME: 2025-03-04 19:12:25.48, MESSAGE QUEUE LENGTH: 0

2025-03-04 19:12:25,692 - INFO - EVENT: Internal Event | LOGICAL TIME: 220 | PHYSICAL TIME: 2025-03-04 19:12:25.69, MESSAGE QUEUE LENGTH: 0

2025-03-04 19:12:25,893 - INFO - EVENT: Internal Event | LOGICAL TIME: 221 | PHYSICAL TIME: 2025-03-04 19:12:25.89, MESSAGE QUEUE LENGTH: 0

2025-03-04 19:12:26,114 - INFO - EVENT: Send Msg | RECIPIENT: 1 | LOGICAL TIME: 222 | PHYSICAL TIME: 2025-03-04 19:12:26.11, MESSAGE QUEUE LENGTH: 0

2025-03-04 19:12:26,348 - INFO - EVENT: Internal Event | LOGICAL TIME: 223 | PHYSICAL TIME: 2025-03-04 19:12:26.34, MESSAGE QUEUE LENGTH: 0

2025-03-04 19:12:26,631 - INFO - EVENT: Send Msg | RECIPIENT: 1 | LOGICAL TIME: 224 | PHYSICAL TIME: 2025-03-04 19:12:26.63, MESSAGE QUEUE LENGTH: 0

2025-03-04 19:12:26,833 - INFO - EVENT: Internal Event | LOGICAL TIME: 225 | PHYSICAL TIME: 2025-03-04 19:12:26.83, MESSAGE QUEUE LENGTH: 0

2025-03-04 19:12:27,036 - INFO - EVENT: Send Msg | RECIPIENT: 1 and 3 | LOGICAL TIME: 226 | PHYSICAL TIME: 2025-03-04 19:12:27.03, MESSAGE QUEUE LENGTH: 0

2025-03-04 19:12:27,364 - INFO - EVENT: Internal Event | LOGICAL TIME: 227 | PHYSICAL TIME: 2025-03-04 19:12:27.36, MESSAGE QUEUE LENGTH: 0

2025-03-04 19:12:27,576 - INFO - EVENT: Internal Event | LOGICAL TIME: 228 | PHYSICAL TIME: 2025-03-04 19:12:27.57, MESSAGE QUEUE LENGTH: 0

2025-03-04 19:12:27,864 - INFO - EVENT: Receive Msg | SENDER: 1 | LOGICAL TIME: 229 | PHYSICAL TIME: 2025-03-04 19:12:27.00, MESSAGE QUEUE LENGTH: 1

2025-03-04 19:12:28,101 - INFO - EVENT: Send Msg | RECIPIENT: 1 and 3 | LOGICAL TIME: 230 | PHYSICAL TIME: 2025-03-04 19:12:28.10, MESSAGE QUEUE LENGTH: 0

2025-03-04 19:12:28,303 - INFO - EVENT: Internal Event | LOGICAL TIME: 231 | PHYSICAL TIME: 2025-03-04 19:12:28.30, MESSAGE QUEUE LENGTH: 0

2025-03-04 19:12:28,597 - INFO - EVENT: Internal Event | LOGICAL TIME: 232 | PHYSICAL TIME: 2025-03-04 19:12:28.59, MESSAGE QUEUE LENGTH: 0

2025-03-04 19:12:28,821 - INFO - EVENT: Send Msg | RECIPIENT: 3 | LOGICAL TIME: 233 | PHYSICAL TIME: 2025-03-04 19:12:28.82, MESSAGE QUEUE LENGTH: 0

2025-03-04 19:12:29,066 - INFO - EVENT: Internal Event | LOGICAL TIME: 234 | PHYSICAL TIME: 2025-03-04 19:12:29.06, MESSAGE QUEUE LENGTH: 0

2025-03-04 19:12:29,270 - INFO - EVENT: Internal Event | LOGICAL TIME: 235 | PHYSICAL TIME: 2025-03-04 19:12:29.27, MESSAGE QUEUE LENGTH: 0

2025-03-04 19:12:29,474 - INFO - EVENT: Internal Event | LOGICAL TIME: 236 | PHYSICAL TIME: 2025-03-04 19:12:29.47, MESSAGE QUEUE LENGTH: 0

2025-03-04 19:12:29,682 - INFO - EVENT: Internal Event | LOGICAL TIME: 237 | PHYSICAL TIME: 2025-03-04 19:12:29.68, MESSAGE QUEUE LENGTH: 0

2025-03-04 19:12:29,883 - INFO - EVENT: Internal Event | LOGICAL TIME: 238 | PHYSICAL TIME: 2025-03-04 19:12:29.88, MESSAGE QUEUE LENGTH: 0

2025-03-04 19:12:30,166 - INFO - EVENT: Internal Event | LOGICAL TIME: 239 | PHYSICAL TIME: 2025-03-04 19:12:30.16, MESSAGE QUEUE LENGTH: 0

2025-03-04 19:12:30,401 - INFO - EVENT: Receive Msg | SENDER: 1 | LOGICAL TIME: 240 | PHYSICAL TIME: 2025-03-04 19:12:30.00, MESSAGE QUEUE LENGTH: 1

2025-03-04 19:12:30,603 - INFO - EVENT: Internal Event | LOGICAL TIME: 241 | PHYSICAL TIME: 2025-03-04 19:12:30.60, MESSAGE QUEUE LENGTH: 0

2025-03-04 19:12:30,816 - INFO - EVENT: Internal Event | LOGICAL TIME: 242 | PHYSICAL TIME: 2025-03-04 19:12:30.81, MESSAGE QUEUE LENGTH: 0

2025-03-04 19:12:31,018 - INFO - EVENT: Internal Event | LOGICAL TIME: 243 | PHYSICAL TIME: 2025-03-04 19:12:31.01, MESSAGE QUEUE LENGTH: 0

2025-03-04 19:12:31,219 - INFO - EVENT: Internal Event | LOGICAL TIME: 244 | PHYSICAL TIME: 2025-03-04 19:12:31.21, MESSAGE QUEUE LENGTH: 0

2025-03-04 19:12:31,470 - INFO - EVENT: Send Msg | RECIPIENT: 3 | LOGICAL TIME: 245 | PHYSICAL TIME: 2025-03-04 19:12:31.47, MESSAGE QUEUE LENGTH: 0

2025-03-04 19:12:31,702 - INFO - EVENT: Internal Event | LOGICAL TIME: 246 | PHYSICAL TIME: 2025-03-04 19:12:31.70, MESSAGE QUEUE LENGTH: 0

2025-03-04 19:12:31,919 - INFO - EVENT: Internal Event | LOGICAL TIME: 247 | PHYSICAL TIME: 2025-03-04 19:12:31.91, MESSAGE QUEUE LENGTH: 0

2025-03-04 19:12:32,184 - INFO - EVENT: Internal Event | LOGICAL TIME: 248 | PHYSICAL TIME: 2025-03-04 19:12:32.18, MESSAGE QUEUE LENGTH: 0

2025-03-04 19:12:32,387 - INFO - EVENT: Send Msg | RECIPIENT: 1 | LOGICAL TIME: 249 | PHYSICAL TIME: 2025-03-04 19:12:32.38, MESSAGE QUEUE LENGTH: 0

2025-03-04 19:12:32,727 - INFO - EVENT: Internal Event | LOGICAL TIME: 250 | PHYSICAL TIME: 2025-03-04 19:12:32.72, MESSAGE QUEUE LENGTH: 0

2025-03-04 19:12:32,937 - INFO - EVENT: Internal Event | LOGICAL TIME: 251 | PHYSICAL TIME: 2025-03-04 19:12:32.93, MESSAGE QUEUE LENGTH: 0

2025-03-04 19:12:33,171 - INFO - EVENT: Internal Event | LOGICAL TIME: 252 | PHYSICAL TIME: 2025-03-04 19:12:33.17, MESSAGE QUEUE LENGTH: 0

2025-03-04 19:12:33,408 - INFO - EVENT: Send Msg | RECIPIENT: 1 | LOGICAL TIME: 253 | PHYSICAL TIME: 2025-03-04 19:12:33.40, MESSAGE QUEUE LENGTH: 0

2025-03-04 19:12:33,631 - INFO - EVENT: Send Msg | RECIPIENT: 1 | LOGICAL TIME: 254 | PHYSICAL TIME: 2025-03-04 19:12:33.63, MESSAGE QUEUE LENGTH: 0

2025-03-04 19:12:33,855 - INFO - EVENT: Internal Event | LOGICAL TIME: 255 | PHYSICAL TIME: 2025-03-04 19:12:33.85, MESSAGE QUEUE LENGTH: 0

2025-03-04 19:12:34,188 - INFO - EVENT: Send Msg | RECIPIENT: 1 and 3 | LOGICAL TIME: 256 | PHYSICAL TIME: 2025-03-04 19:12:34.18, MESSAGE QUEUE LENGTH: 0

2025-03-04 19:12:34,452 - INFO - EVENT: Internal Event | LOGICAL TIME: 257 | PHYSICAL TIME: 2025-03-04 19:12:34.45, MESSAGE QUEUE LENGTH: 0

2025-03-04 19:12:34,653 - INFO - EVENT: Internal Event | LOGICAL TIME: 258 | PHYSICAL TIME: 2025-03-04 19:12:34.65, MESSAGE QUEUE LENGTH: 0

2025-03-04 19:12:34,926 - INFO - EVENT: Internal Event | LOGICAL TIME: 259 | PHYSICAL TIME: 2025-03-04 19:12:34.92, MESSAGE QUEUE LENGTH: 0

2025-03-04 19:12:35,144 - INFO - EVENT: Internal Event | LOGICAL TIME: 260 | PHYSICAL TIME: 2025-03-04 19:12:35.14, MESSAGE QUEUE LENGTH: 0

2025-03-04 19:12:35,374 - INFO - EVENT: Internal Event | LOGICAL TIME: 261 | PHYSICAL TIME: 2025-03-04 19:12:35.37, MESSAGE QUEUE LENGTH: 0

2025-03-04 19:12:35,585 - INFO - EVENT: Send Msg | RECIPIENT: 3 | LOGICAL TIME: 262 | PHYSICAL TIME: 2025-03-04 19:12:35.58, MESSAGE QUEUE LENGTH: 0

2025-03-04 19:12:35,790 - INFO - EVENT: Receive Msg | SENDER: 1 | LOGICAL TIME: 263 | PHYSICAL TIME: 2025-03-04 19:12:35.00, MESSAGE QUEUE LENGTH: 1

2025-03-04 19:12:36,029 - INFO - EVENT: Receive Msg | SENDER: 3 | LOGICAL TIME: 264 | PHYSICAL TIME: 2025-03-04 19:12:35.00, MESSAGE QUEUE LENGTH: 1

2025-03-04 19:12:36,334 - INFO - EVENT: Internal Event | LOGICAL TIME: 265 | PHYSICAL TIME: 2025-03-04 19:12:36.33, MESSAGE QUEUE LENGTH: 0

2025-03-04 19:12:36,651 - INFO - EVENT: Internal Event | LOGICAL TIME: 266 | PHYSICAL TIME: 2025-03-04 19:12:36.65, MESSAGE QUEUE LENGTH: 0

2025-03-04 19:12:36,908 - INFO - EVENT: Send Msg | RECIPIENT: 1 | LOGICAL TIME: 267 | PHYSICAL TIME: 2025-03-04 19:12:36.90, MESSAGE QUEUE LENGTH: 0

2025-03-04 19:12:37,165 - INFO - EVENT: Internal Event | LOGICAL TIME: 268 | PHYSICAL TIME: 2025-03-04 19:12:37.16, MESSAGE QUEUE LENGTH: 0

2025-03-04 19:12:37,412 - INFO - EVENT: Receive Msg | SENDER: 3 | LOGICAL TIME: 269 | PHYSICAL TIME: 2025-03-04 19:12:37.00, MESSAGE QUEUE LENGTH: 1

2025-03-04 19:12:37,620 - INFO - EVENT: Send Msg | RECIPIENT: 3 | LOGICAL TIME: 270 | PHYSICAL TIME: 2025-03-04 19:12:37.62, MESSAGE QUEUE LENGTH: 0

2025-03-04 19:12:37,821 - INFO - EVENT: Internal Event | LOGICAL TIME: 271 | PHYSICAL TIME: 2025-03-04 19:12:37.82, MESSAGE QUEUE LENGTH: 0

2025-03-04 19:12:38,058 - INFO - EVENT: Internal Event | LOGICAL TIME: 272 | PHYSICAL TIME: 2025-03-04 19:12:38.05, MESSAGE QUEUE LENGTH: 0

2025-03-04 19:12:38,308 - INFO - EVENT: Send Msg | RECIPIENT: 1 | LOGICAL TIME: 273 | PHYSICAL TIME: 2025-03-04 19:12:38.30, MESSAGE QUEUE LENGTH: 0

2025-03-04 19:12:38,540 - INFO - EVENT: Send Msg | RECIPIENT: 1 | LOGICAL TIME: 274 | PHYSICAL TIME: 2025-03-04 19:12:38.54, MESSAGE QUEUE LENGTH: 0

2025-03-04 19:12:38,860 - INFO - EVENT: Internal Event | LOGICAL TIME: 275 | PHYSICAL TIME: 2025-03-04 19:12:38.86, MESSAGE QUEUE LENGTH: 0

2025-03-04 19:12:39,080 - INFO - EVENT: Send Msg | RECIPIENT: 3 | LOGICAL TIME: 276 | PHYSICAL TIME: 2025-03-04 19:12:39.08, MESSAGE QUEUE LENGTH: 0

2025-03-04 19:12:39,293 - INFO - EVENT: Internal Event | LOGICAL TIME: 277 | PHYSICAL TIME: 2025-03-04 19:12:39.29, MESSAGE QUEUE LENGTH: 0

2025-03-04 19:12:39,494 - INFO - EVENT: Internal Event | LOGICAL TIME: 278 | PHYSICAL TIME: 2025-03-04 19:12:39.49, MESSAGE QUEUE LENGTH: 0

