2025-03-05 03:44:39,637 - INFO - Clock rate for client 3: 4 events per second
2025-03-05 03:44:40,211 - INFO - EVENT: Send Msg | RECIPIENT: 1 | LOGICAL TIME: 1 | PHYSICAL TIME: 2025-03-05 03:44:40.21, MESSAGE QUEUE LENGTH: 0

2025-03-05 03:44:40,478 - INFO - EVENT: Receive Msg | SENDER: 1 | LOGICAL TIME: 2 | PHYSICAL TIME: 2025-03-05 03:44:40.00, MESSAGE QUEUE LENGTH: 2

2025-03-05 03:44:40,747 - INFO - EVENT: Receive Msg | SENDER: 2 | LOGICAL TIME: 3 | PHYSICAL TIME: 2025-03-05 03:44:40.00, MESSAGE QUEUE LENGTH: 1

2025-03-05 03:44:41,014 - INFO - EVENT: Send Msg | RECIPIENT: 1 and 2 | LOGICAL TIME: 4 | PHYSICAL TIME: 2025-03-05 03:44:41.01, MESSAGE QUEUE LENGTH: 0

2025-03-05 03:44:41,361 - INFO - EVENT: Internal Event | LOGICAL TIME: 5 | PHYSICAL TIME: 2025-03-05 03:44:41.36, MESSAGE QUEUE LENGTH: 0

2025-03-05 03:44:41,747 - INFO - EVENT: Send Msg | RECIPIENT: 1 | LOGICAL TIME: 6 | PHYSICAL TIME: 2025-03-05 03:44:41.74, MESSAGE QUEUE LENGTH: 0

2025-03-05 03:44:42,080 - INFO - EVENT: Send Msg | RECIPIENT: 2 | LOGICAL TIME: 7 | PHYSICAL TIME: 2025-03-05 03:44:42.08, MESSAGE QUEUE LENGTH: 0

2025-03-05 03:44:42,379 - INFO - EVENT: Send Msg | RECIPIENT: 1 | LOGICAL TIME: 8 | PHYSICAL TIME: 2025-03-05 03:44:42.37, MESSAGE QUEUE LENGTH: 0

2025-03-05 03:44:42,663 - INFO - EVENT: Internal Event | LOGICAL TIME: 9 | PHYSICAL TIME: 2025-03-05 03:44:42.66, MESSAGE QUEUE LENGTH: 0

2025-03-05 03:44:42,944 - INFO - EVENT: Internal Event | LOGICAL TIME: 10 | PHYSICAL TIME: 2025-03-05 03:44:42.94, MESSAGE QUEUE LENGTH: 0

2025-03-05 03:44:43,215 - INFO - EVENT: Internal Event | LOGICAL TIME: 11 | PHYSICAL TIME: 2025-03-05 03:44:43.21, MESSAGE QUEUE LENGTH: 0

2025-03-05 03:44:43,466 - INFO - EVENT: Internal Event | LOGICAL TIME: 12 | PHYSICAL TIME: 2025-03-05 03:44:43.46, MESSAGE QUEUE LENGTH: 0

2025-03-05 03:44:43,764 - INFO - EVENT: Receive Msg | SENDER: 1 | LOGICAL TIME: 13 | PHYSICAL TIME: 2025-03-05 03:44:43.00, MESSAGE QUEUE LENGTH: 2

2025-03-05 03:44:44,064 - INFO - EVENT: Receive Msg | SENDER: 2 | LOGICAL TIME: 14 | PHYSICAL TIME: 2025-03-05 03:44:43.00, MESSAGE QUEUE LENGTH: 1

2025-03-05 03:44:44,365 - INFO - EVENT: Internal Event | LOGICAL TIME: 15 | PHYSICAL TIME: 2025-03-05 03:44:44.36, MESSAGE QUEUE LENGTH: 0

2025-03-05 03:44:44,632 - INFO - EVENT: Internal Event | LOGICAL TIME: 16 | PHYSICAL TIME: 2025-03-05 03:44:44.63, MESSAGE QUEUE LENGTH: 0

2025-03-05 03:44:44,886 - INFO - EVENT: Receive Msg | SENDER: 2 | LOGICAL TIME: 18 | PHYSICAL TIME: 2025-03-05 03:44:44.00, MESSAGE QUEUE LENGTH: 2

2025-03-05 03:44:45,182 - INFO - EVENT: Receive Msg | SENDER: 1 | LOGICAL TIME: 19 | PHYSICAL TIME: 2025-03-05 03:44:44.00, MESSAGE QUEUE LENGTH: 1

2025-03-05 03:44:45,434 - INFO - EVENT: Internal Event | LOGICAL TIME: 20 | PHYSICAL TIME: 2025-03-05 03:44:45.43, MESSAGE QUEUE LENGTH: 0

2025-03-05 03:44:45,700 - INFO - EVENT: Internal Event | LOGICAL TIME: 21 | PHYSICAL TIME: 2025-03-05 03:44:45.70, MESSAGE QUEUE LENGTH: 0

2025-03-05 03:44:45,961 - INFO - EVENT: Receive Msg | SENDER: 2 | LOGICAL TIME: 22 | PHYSICAL TIME: 2025-03-05 03:44:45.00, MESSAGE QUEUE LENGTH: 1

2025-03-05 03:44:46,232 - INFO - EVENT: Send Msg | RECIPIENT: 2 | LOGICAL TIME: 23 | PHYSICAL TIME: 2025-03-05 03:44:46.23, MESSAGE QUEUE LENGTH: 0

2025-03-05 03:44:46,496 - INFO - EVENT: Internal Event | LOGICAL TIME: 24 | PHYSICAL TIME: 2025-03-05 03:44:46.49, MESSAGE QUEUE LENGTH: 0

2025-03-05 03:44:46,899 - INFO - EVENT: Send Msg | RECIPIENT: 2 | LOGICAL TIME: 25 | PHYSICAL TIME: 2025-03-05 03:44:46.89, MESSAGE QUEUE LENGTH: 0

2025-03-05 03:44:47,183 - INFO - EVENT: Internal Event | LOGICAL TIME: 26 | PHYSICAL TIME: 2025-03-05 03:44:47.18, MESSAGE QUEUE LENGTH: 0

2025-03-05 03:44:47,434 - INFO - EVENT: Receive Msg | SENDER: 1 | LOGICAL TIME: 27 | PHYSICAL TIME: 2025-03-05 03:44:47.00, MESSAGE QUEUE LENGTH: 1

2025-03-05 03:44:47,768 - INFO - EVENT: Send Msg | RECIPIENT: 1 | LOGICAL TIME: 28 | PHYSICAL TIME: 2025-03-05 03:44:47.76, MESSAGE QUEUE LENGTH: 0

2025-03-05 03:44:48,082 - INFO - EVENT: Receive Msg | SENDER: 1 | LOGICAL TIME: 29 | PHYSICAL TIME: 2025-03-05 03:44:47.00, MESSAGE QUEUE LENGTH: 1

2025-03-05 03:44:48,370 - INFO - EVENT: Send Msg | RECIPIENT: 2 | LOGICAL TIME: 30 | PHYSICAL TIME: 2025-03-05 03:44:48.37, MESSAGE QUEUE LENGTH: 0

2025-03-05 03:44:48,666 - INFO - EVENT: Internal Event | LOGICAL TIME: 31 | PHYSICAL TIME: 2025-03-05 03:44:48.66, MESSAGE QUEUE LENGTH: 0

2025-03-05 03:44:48,967 - INFO - EVENT: Receive Msg | SENDER: 2 | LOGICAL TIME: 33 | PHYSICAL TIME: 2025-03-05 03:44:48.00, MESSAGE QUEUE LENGTH: 1

2025-03-05 03:44:49,219 - INFO - EVENT: Send Msg | RECIPIENT: 1 | LOGICAL TIME: 34 | PHYSICAL TIME: 2025-03-05 03:44:49.21, MESSAGE QUEUE LENGTH: 0

2025-03-05 03:44:49,521 - INFO - EVENT: Send Msg | RECIPIENT: 1 | LOGICAL TIME: 35 | PHYSICAL TIME: 2025-03-05 03:44:49.52, MESSAGE QUEUE LENGTH: 0

2025-03-05 03:44:49,797 - INFO - EVENT: Receive Msg | SENDER: 2 | LOGICAL TIME: 36 | PHYSICAL TIME: 2025-03-05 03:44:49.00, MESSAGE QUEUE LENGTH: 1

2025-03-05 03:44:50,070 - INFO - EVENT: Send Msg | RECIPIENT: 1 and 2 | LOGICAL TIME: 37 | PHYSICAL TIME: 2025-03-05 03:44:50.07, MESSAGE QUEUE LENGTH: 0

2025-03-05 03:44:50,335 - INFO - EVENT: Internal Event | LOGICAL TIME: 38 | PHYSICAL TIME: 2025-03-05 03:44:50.33, MESSAGE QUEUE LENGTH: 0

2025-03-05 03:44:50,588 - INFO - EVENT: Send Msg | RECIPIENT: 1 | LOGICAL TIME: 39 | PHYSICAL TIME: 2025-03-05 03:44:50.58, MESSAGE QUEUE LENGTH: 0

2025-03-05 03:44:50,854 - INFO - EVENT: Send Msg | RECIPIENT: 2 | LOGICAL TIME: 40 | PHYSICAL TIME: 2025-03-05 03:44:50.85, MESSAGE QUEUE LENGTH: 0

2025-03-05 03:44:51,133 - INFO - EVENT: Internal Event | LOGICAL TIME: 41 | PHYSICAL TIME: 2025-03-05 03:44:51.13, MESSAGE QUEUE LENGTH: 0

2025-03-05 03:44:51,406 - INFO - EVENT: Send Msg | RECIPIENT: 2 | LOGICAL TIME: 42 | PHYSICAL TIME: 2025-03-05 03:44:51.40, MESSAGE QUEUE LENGTH: 0

2025-03-05 03:44:51,671 - INFO - EVENT: Internal Event | LOGICAL TIME: 43 | PHYSICAL TIME: 2025-03-05 03:44:51.67, MESSAGE QUEUE LENGTH: 0

2025-03-05 03:44:51,988 - INFO - EVENT: Send Msg | RECIPIENT: 1 and 2 | LOGICAL TIME: 44 | PHYSICAL TIME: 2025-03-05 03:44:51.98, MESSAGE QUEUE LENGTH: 0

2025-03-05 03:44:52,253 - INFO - EVENT: Internal Event | LOGICAL TIME: 45 | PHYSICAL TIME: 2025-03-05 03:44:52.25, MESSAGE QUEUE LENGTH: 0

2025-03-05 03:44:52,548 - INFO - EVENT: Internal Event | LOGICAL TIME: 46 | PHYSICAL TIME: 2025-03-05 03:44:52.54, MESSAGE QUEUE LENGTH: 0

2025-03-05 03:44:52,804 - INFO - EVENT: Internal Event | LOGICAL TIME: 47 | PHYSICAL TIME: 2025-03-05 03:44:52.80, MESSAGE QUEUE LENGTH: 0

2025-03-05 03:44:53,073 - INFO - EVENT: Receive Msg | SENDER: 2 | LOGICAL TIME: 49 | PHYSICAL TIME: 2025-03-05 03:44:52.00, MESSAGE QUEUE LENGTH: 1

2025-03-05 03:44:53,338 - INFO - EVENT: Send Msg | RECIPIENT: 1 and 2 | LOGICAL TIME: 50 | PHYSICAL TIME: 2025-03-05 03:44:53.33, MESSAGE QUEUE LENGTH: 0

2025-03-05 03:44:53,590 - INFO - EVENT: Internal Event | LOGICAL TIME: 51 | PHYSICAL TIME: 2025-03-05 03:44:53.59, MESSAGE QUEUE LENGTH: 0

2025-03-05 03:44:53,918 - INFO - EVENT: Internal Event | LOGICAL TIME: 52 | PHYSICAL TIME: 2025-03-05 03:44:53.91, MESSAGE QUEUE LENGTH: 0

2025-03-05 03:44:54,186 - INFO - EVENT: Send Msg | RECIPIENT: 1 and 2 | LOGICAL TIME: 53 | PHYSICAL TIME: 2025-03-05 03:44:54.18, MESSAGE QUEUE LENGTH: 0

2025-03-05 03:44:54,442 - INFO - EVENT: Send Msg | RECIPIENT: 1 | LOGICAL TIME: 54 | PHYSICAL TIME: 2025-03-05 03:44:54.44, MESSAGE QUEUE LENGTH: 0

2025-03-05 03:44:54,774 - INFO - EVENT: Internal Event | LOGICAL TIME: 55 | PHYSICAL TIME: 2025-03-05 03:44:54.77, MESSAGE QUEUE LENGTH: 0

2025-03-05 03:44:55,041 - INFO - EVENT: Internal Event | LOGICAL TIME: 56 | PHYSICAL TIME: 2025-03-05 03:44:55.04, MESSAGE QUEUE LENGTH: 0

2025-03-05 03:44:55,323 - INFO - EVENT: Internal Event | LOGICAL TIME: 57 | PHYSICAL TIME: 2025-03-05 03:44:55.32, MESSAGE QUEUE LENGTH: 0

2025-03-05 03:44:55,575 - INFO - EVENT: Receive Msg | SENDER: 2 | LOGICAL TIME: 58 | PHYSICAL TIME: 2025-03-05 03:44:55.00, MESSAGE QUEUE LENGTH: 1

2025-03-05 03:44:55,865 - INFO - EVENT: Internal Event | LOGICAL TIME: 59 | PHYSICAL TIME: 2025-03-05 03:44:55.86, MESSAGE QUEUE LENGTH: 0

2025-03-05 03:44:56,122 - INFO - EVENT: Internal Event | LOGICAL TIME: 60 | PHYSICAL TIME: 2025-03-05 03:44:56.12, MESSAGE QUEUE LENGTH: 0

2025-03-05 03:44:56,453 - INFO - EVENT: Send Msg | RECIPIENT: 1 and 2 | LOGICAL TIME: 61 | PHYSICAL TIME: 2025-03-05 03:44:56.45, MESSAGE QUEUE LENGTH: 0

2025-03-05 03:44:56,705 - INFO - EVENT: Internal Event | LOGICAL TIME: 62 | PHYSICAL TIME: 2025-03-05 03:44:56.70, MESSAGE QUEUE LENGTH: 0

2025-03-05 03:44:57,040 - INFO - EVENT: Send Msg | RECIPIENT: 1 and 2 | LOGICAL TIME: 63 | PHYSICAL TIME: 2025-03-05 03:44:57.04, MESSAGE QUEUE LENGTH: 0

2025-03-05 03:44:57,325 - INFO - EVENT: Receive Msg | SENDER: 1 | LOGICAL TIME: 64 | PHYSICAL TIME: 2025-03-05 03:44:57.00, MESSAGE QUEUE LENGTH: 1

2025-03-05 03:44:57,592 - INFO - EVENT: Internal Event | LOGICAL TIME: 65 | PHYSICAL TIME: 2025-03-05 03:44:57.59, MESSAGE QUEUE LENGTH: 0

2025-03-05 03:44:57,903 - INFO - EVENT: Internal Event | LOGICAL TIME: 66 | PHYSICAL TIME: 2025-03-05 03:44:57.90, MESSAGE QUEUE LENGTH: 0

2025-03-05 03:44:58,163 - INFO - EVENT: Internal Event | LOGICAL TIME: 67 | PHYSICAL TIME: 2025-03-05 03:44:58.16, MESSAGE QUEUE LENGTH: 0

2025-03-05 03:44:58,460 - INFO - EVENT: Receive Msg | SENDER: 2 | LOGICAL TIME: 68 | PHYSICAL TIME: 2025-03-05 03:44:58.00, MESSAGE QUEUE LENGTH: 2

2025-03-05 03:44:58,758 - INFO - EVENT: Receive Msg | SENDER: 1 | LOGICAL TIME: 69 | PHYSICAL TIME: 2025-03-05 03:44:58.00, MESSAGE QUEUE LENGTH: 1

2025-03-05 03:44:59,078 - INFO - EVENT: Internal Event | LOGICAL TIME: 70 | PHYSICAL TIME: 2025-03-05 03:44:59.07, MESSAGE QUEUE LENGTH: 0

2025-03-05 03:44:59,393 - INFO - EVENT: Receive Msg | SENDER: 2 | LOGICAL TIME: 72 | PHYSICAL TIME: 2025-03-05 03:44:59.00, MESSAGE QUEUE LENGTH: 1

2025-03-05 03:44:59,674 - INFO - EVENT: Internal Event | LOGICAL TIME: 73 | PHYSICAL TIME: 2025-03-05 03:44:59.67, MESSAGE QUEUE LENGTH: 0

2025-03-05 03:44:59,928 - INFO - EVENT: Internal Event | LOGICAL TIME: 74 | PHYSICAL TIME: 2025-03-05 03:44:59.92, MESSAGE QUEUE LENGTH: 0

2025-03-05 03:45:00,259 - INFO - EVENT: Send Msg | RECIPIENT: 2 | LOGICAL TIME: 75 | PHYSICAL TIME: 2025-03-05 03:45:00.25, MESSAGE QUEUE LENGTH: 0

2025-03-05 03:45:00,513 - INFO - EVENT: Send Msg | RECIPIENT: 1 | LOGICAL TIME: 76 | PHYSICAL TIME: 2025-03-05 03:45:00.51, MESSAGE QUEUE LENGTH: 0

2025-03-05 03:45:00,827 - INFO - EVENT: Send Msg | RECIPIENT: 2 | LOGICAL TIME: 77 | PHYSICAL TIME: 2025-03-05 03:45:00.82, MESSAGE QUEUE LENGTH: 0

2025-03-05 03:45:01,081 - INFO - EVENT: Internal Event | LOGICAL TIME: 78 | PHYSICAL TIME: 2025-03-05 03:45:01.08, MESSAGE QUEUE LENGTH: 0

2025-03-05 03:45:01,458 - INFO - EVENT: Internal Event | LOGICAL TIME: 79 | PHYSICAL TIME: 2025-03-05 03:45:01.45, MESSAGE QUEUE LENGTH: 0

2025-03-05 03:45:01,794 - INFO - EVENT: Internal Event | LOGICAL TIME: 80 | PHYSICAL TIME: 2025-03-05 03:45:01.79, MESSAGE QUEUE LENGTH: 0

2025-03-05 03:45:02,045 - INFO - EVENT: Receive Msg | SENDER: 2 | LOGICAL TIME: 82 | PHYSICAL TIME: 2025-03-05 03:45:01.00, MESSAGE QUEUE LENGTH: 1

2025-03-05 03:45:02,297 - INFO - EVENT: Internal Event | LOGICAL TIME: 83 | PHYSICAL TIME: 2025-03-05 03:45:02.29, MESSAGE QUEUE LENGTH: 0

2025-03-05 03:45:02,564 - INFO - EVENT: Send Msg | RECIPIENT: 1 | LOGICAL TIME: 84 | PHYSICAL TIME: 2025-03-05 03:45:02.56, MESSAGE QUEUE LENGTH: 0

2025-03-05 03:45:02,860 - INFO - EVENT: Receive Msg | SENDER: 2 | LOGICAL TIME: 85 | PHYSICAL TIME: 2025-03-05 03:45:02.00, MESSAGE QUEUE LENGTH: 1

2025-03-05 03:45:03,112 - INFO - EVENT: Send Msg | RECIPIENT: 2 | LOGICAL TIME: 86 | PHYSICAL TIME: 2025-03-05 03:45:03.11, MESSAGE QUEUE LENGTH: 0

2025-03-05 03:45:03,366 - INFO - EVENT: Internal Event | LOGICAL TIME: 87 | PHYSICAL TIME: 2025-03-05 03:45:03.36, MESSAGE QUEUE LENGTH: 0

2025-03-05 03:45:03,749 - INFO - EVENT: Send Msg | RECIPIENT: 1 | LOGICAL TIME: 88 | PHYSICAL TIME: 2025-03-05 03:45:03.74, MESSAGE QUEUE LENGTH: 0

2025-03-05 03:45:04,031 - INFO - EVENT: Receive Msg | SENDER: 1 | LOGICAL TIME: 89 | PHYSICAL TIME: 2025-03-05 03:45:03.00, MESSAGE QUEUE LENGTH: 1

2025-03-05 03:45:04,284 - INFO - EVENT: Send Msg | RECIPIENT: 1 and 2 | LOGICAL TIME: 90 | PHYSICAL TIME: 2025-03-05 03:45:04.28, MESSAGE QUEUE LENGTH: 0

2025-03-05 03:45:04,579 - INFO - EVENT: Internal Event | LOGICAL TIME: 91 | PHYSICAL TIME: 2025-03-05 03:45:04.57, MESSAGE QUEUE LENGTH: 0

2025-03-05 03:45:04,833 - INFO - EVENT: Internal Event | LOGICAL TIME: 92 | PHYSICAL TIME: 2025-03-05 03:45:04.83, MESSAGE QUEUE LENGTH: 0

2025-03-05 03:45:05,101 - INFO - EVENT: Internal Event | LOGICAL TIME: 93 | PHYSICAL TIME: 2025-03-05 03:45:05.10, MESSAGE QUEUE LENGTH: 0

2025-03-05 03:45:05,381 - INFO - EVENT: Receive Msg | SENDER: 2 | LOGICAL TIME: 94 | PHYSICAL TIME: 2025-03-05 03:45:05.00, MESSAGE QUEUE LENGTH: 1

2025-03-05 03:45:05,635 - INFO - EVENT: Send Msg | RECIPIENT: 1 | LOGICAL TIME: 95 | PHYSICAL TIME: 2025-03-05 03:45:05.63, MESSAGE QUEUE LENGTH: 0

2025-03-05 03:45:05,915 - INFO - EVENT: Internal Event | LOGICAL TIME: 96 | PHYSICAL TIME: 2025-03-05 03:45:05.91, MESSAGE QUEUE LENGTH: 0

2025-03-05 03:45:06,166 - INFO - EVENT: Send Msg | RECIPIENT: 1 and 2 | LOGICAL TIME: 97 | PHYSICAL TIME: 2025-03-05 03:45:06.16, MESSAGE QUEUE LENGTH: 0

2025-03-05 03:45:06,467 - INFO - EVENT: Internal Event | LOGICAL TIME: 98 | PHYSICAL TIME: 2025-03-05 03:45:06.46, MESSAGE QUEUE LENGTH: 0

2025-03-05 03:45:06,734 - INFO - EVENT: Internal Event | LOGICAL TIME: 99 | PHYSICAL TIME: 2025-03-05 03:45:06.73, MESSAGE QUEUE LENGTH: 0

2025-03-05 03:45:07,151 - INFO - EVENT: Receive Msg | SENDER: 1 | LOGICAL TIME: 100 | PHYSICAL TIME: 2025-03-05 03:45:06.00, MESSAGE QUEUE LENGTH: 1

2025-03-05 03:45:07,468 - INFO - EVENT: Receive Msg | SENDER: 1 | LOGICAL TIME: 101 | PHYSICAL TIME: 2025-03-05 03:45:07.00, MESSAGE QUEUE LENGTH: 1

2025-03-05 03:45:07,719 - INFO - EVENT: Receive Msg | SENDER: 2 | LOGICAL TIME: 102 | PHYSICAL TIME: 2025-03-05 03:45:07.00, MESSAGE QUEUE LENGTH: 1

2025-03-05 03:45:08,053 - INFO - EVENT: Send Msg | RECIPIENT: 2 | LOGICAL TIME: 103 | PHYSICAL TIME: 2025-03-05 03:45:08.05, MESSAGE QUEUE LENGTH: 0

2025-03-05 03:45:08,345 - INFO - EVENT: Receive Msg | SENDER: 2 | LOGICAL TIME: 104 | PHYSICAL TIME: 2025-03-05 03:45:07.00, MESSAGE QUEUE LENGTH: 1

2025-03-05 03:45:08,619 - INFO - EVENT: Internal Event | LOGICAL TIME: 105 | PHYSICAL TIME: 2025-03-05 03:45:08.61, MESSAGE QUEUE LENGTH: 0

2025-03-05 03:45:08,952 - INFO - EVENT: Internal Event | LOGICAL TIME: 106 | PHYSICAL TIME: 2025-03-05 03:45:08.95, MESSAGE QUEUE LENGTH: 0

2025-03-05 03:45:09,216 - INFO - EVENT: Internal Event | LOGICAL TIME: 107 | PHYSICAL TIME: 2025-03-05 03:45:09.21, MESSAGE QUEUE LENGTH: 0

2025-03-05 03:45:09,469 - INFO - EVENT: Internal Event | LOGICAL TIME: 108 | PHYSICAL TIME: 2025-03-05 03:45:09.46, MESSAGE QUEUE LENGTH: 0

2025-03-05 03:45:09,786 - INFO - EVENT: Send Msg | RECIPIENT: 1 and 2 | LOGICAL TIME: 109 | PHYSICAL TIME: 2025-03-05 03:45:09.78, MESSAGE QUEUE LENGTH: 0

2025-03-05 03:45:10,116 - INFO - EVENT: Internal Event | LOGICAL TIME: 110 | PHYSICAL TIME: 2025-03-05 03:45:10.11, MESSAGE QUEUE LENGTH: 0

2025-03-05 03:45:10,403 - INFO - EVENT: Send Msg | RECIPIENT: 1 and 2 | LOGICAL TIME: 111 | PHYSICAL TIME: 2025-03-05 03:45:10.40, MESSAGE QUEUE LENGTH: 0

2025-03-05 03:45:10,670 - INFO - EVENT: Receive Msg | SENDER: 2 | LOGICAL TIME: 112 | PHYSICAL TIME: 2025-03-05 03:45:10.00, MESSAGE QUEUE LENGTH: 1

2025-03-05 03:45:10,955 - INFO - EVENT: Internal Event | LOGICAL TIME: 113 | PHYSICAL TIME: 2025-03-05 03:45:10.95, MESSAGE QUEUE LENGTH: 0

2025-03-05 03:45:11,217 - INFO - EVENT: Internal Event | LOGICAL TIME: 114 | PHYSICAL TIME: 2025-03-05 03:45:11.21, MESSAGE QUEUE LENGTH: 0

2025-03-05 03:45:11,571 - INFO - EVENT: Receive Msg | SENDER: 1 | LOGICAL TIME: 115 | PHYSICAL TIME: 2025-03-05 03:45:11.00, MESSAGE QUEUE LENGTH: 1

2025-03-05 03:45:11,885 - INFO - EVENT: Receive Msg | SENDER: 1 | LOGICAL TIME: 116 | PHYSICAL TIME: 2025-03-05 03:45:11.00, MESSAGE QUEUE LENGTH: 1

2025-03-05 03:45:12,155 - INFO - EVENT: Receive Msg | SENDER: 2 | LOGICAL TIME: 117 | PHYSICAL TIME: 2025-03-05 03:45:11.00, MESSAGE QUEUE LENGTH: 1

2025-03-05 03:45:12,450 - INFO - EVENT: Send Msg | RECIPIENT: 2 | LOGICAL TIME: 118 | PHYSICAL TIME: 2025-03-05 03:45:12.45, MESSAGE QUEUE LENGTH: 0

2025-03-05 03:45:12,702 - INFO - EVENT: Internal Event | LOGICAL TIME: 119 | PHYSICAL TIME: 2025-03-05 03:45:12.70, MESSAGE QUEUE LENGTH: 0

2025-03-05 03:45:12,957 - INFO - EVENT: Send Msg | RECIPIENT: 2 | LOGICAL TIME: 120 | PHYSICAL TIME: 2025-03-05 03:45:12.95, MESSAGE QUEUE LENGTH: 0

2025-03-05 03:45:13,223 - INFO - EVENT: Internal Event | LOGICAL TIME: 121 | PHYSICAL TIME: 2025-03-05 03:45:13.22, MESSAGE QUEUE LENGTH: 0

2025-03-05 03:45:13,506 - INFO - EVENT: Internal Event | LOGICAL TIME: 122 | PHYSICAL TIME: 2025-03-05 03:45:13.50, MESSAGE QUEUE LENGTH: 0

2025-03-05 03:45:13,820 - INFO - EVENT: Receive Msg | SENDER: 2 | LOGICAL TIME: 124 | PHYSICAL TIME: 2025-03-05 03:45:13.00, MESSAGE QUEUE LENGTH: 1

2025-03-05 03:45:14,073 - INFO - EVENT: Send Msg | RECIPIENT: 1 and 2 | LOGICAL TIME: 125 | PHYSICAL TIME: 2025-03-05 03:45:14.07, MESSAGE QUEUE LENGTH: 0

2025-03-05 03:45:14,324 - INFO - EVENT: Internal Event | LOGICAL TIME: 126 | PHYSICAL TIME: 2025-03-05 03:45:14.32, MESSAGE QUEUE LENGTH: 0

2025-03-05 03:45:14,592 - INFO - EVENT: Internal Event | LOGICAL TIME: 127 | PHYSICAL TIME: 2025-03-05 03:45:14.59, MESSAGE QUEUE LENGTH: 0

2025-03-05 03:45:14,921 - INFO - EVENT: Send Msg | RECIPIENT: 1 | LOGICAL TIME: 128 | PHYSICAL TIME: 2025-03-05 03:45:14.92, MESSAGE QUEUE LENGTH: 0

2025-03-05 03:45:15,175 - INFO - EVENT: Receive Msg | SENDER: 2 | LOGICAL TIME: 130 | PHYSICAL TIME: 2025-03-05 03:45:15.00, MESSAGE QUEUE LENGTH: 1

2025-03-05 03:45:15,443 - INFO - EVENT: Internal Event | LOGICAL TIME: 131 | PHYSICAL TIME: 2025-03-05 03:45:15.44, MESSAGE QUEUE LENGTH: 0

2025-03-05 03:45:15,708 - INFO - EVENT: Internal Event | LOGICAL TIME: 132 | PHYSICAL TIME: 2025-03-05 03:45:15.70, MESSAGE QUEUE LENGTH: 0

2025-03-05 03:45:16,007 - INFO - EVENT: Send Msg | RECIPIENT: 2 | LOGICAL TIME: 133 | PHYSICAL TIME: 2025-03-05 03:45:16.00, MESSAGE QUEUE LENGTH: 0

2025-03-05 03:45:16,342 - INFO - EVENT: Internal Event | LOGICAL TIME: 134 | PHYSICAL TIME: 2025-03-05 03:45:16.34, MESSAGE QUEUE LENGTH: 0

2025-03-05 03:45:16,698 - INFO - EVENT: Internal Event | LOGICAL TIME: 135 | PHYSICAL TIME: 2025-03-05 03:45:16.69, MESSAGE QUEUE LENGTH: 0

2025-03-05 03:45:16,977 - INFO - EVENT: Receive Msg | SENDER: 2 | LOGICAL TIME: 137 | PHYSICAL TIME: 2025-03-05 03:45:16.00, MESSAGE QUEUE LENGTH: 1

2025-03-05 03:45:17,308 - INFO - EVENT: Receive Msg | SENDER: 1 | LOGICAL TIME: 138 | PHYSICAL TIME: 2025-03-05 03:45:17.00, MESSAGE QUEUE LENGTH: 2

2025-03-05 03:45:17,561 - INFO - EVENT: Receive Msg | SENDER: 2 | LOGICAL TIME: 139 | PHYSICAL TIME: 2025-03-05 03:45:17.00, MESSAGE QUEUE LENGTH: 1

2025-03-05 03:45:17,841 - INFO - EVENT: Internal Event | LOGICAL TIME: 140 | PHYSICAL TIME: 2025-03-05 03:45:17.84, MESSAGE QUEUE LENGTH: 0

2025-03-05 03:45:18,093 - INFO - EVENT: Internal Event | LOGICAL TIME: 141 | PHYSICAL TIME: 2025-03-05 03:45:18.09, MESSAGE QUEUE LENGTH: 0

2025-03-05 03:45:18,411 - INFO - EVENT: Receive Msg | SENDER: 2 | LOGICAL TIME: 142 | PHYSICAL TIME: 2025-03-05 03:45:17.00, MESSAGE QUEUE LENGTH: 1

2025-03-05 03:45:18,708 - INFO - EVENT: Internal Event | LOGICAL TIME: 143 | PHYSICAL TIME: 2025-03-05 03:45:18.70, MESSAGE QUEUE LENGTH: 0

2025-03-05 03:45:19,027 - INFO - EVENT: Internal Event | LOGICAL TIME: 144 | PHYSICAL TIME: 2025-03-05 03:45:19.02, MESSAGE QUEUE LENGTH: 0

2025-03-05 03:45:19,328 - INFO - EVENT: Internal Event | LOGICAL TIME: 145 | PHYSICAL TIME: 2025-03-05 03:45:19.32, MESSAGE QUEUE LENGTH: 0

2025-03-05 03:45:19,595 - INFO - EVENT: Send Msg | RECIPIENT: 1 and 2 | LOGICAL TIME: 146 | PHYSICAL TIME: 2025-03-05 03:45:19.59, MESSAGE QUEUE LENGTH: 0

2025-03-05 03:45:19,927 - INFO - EVENT: Internal Event | LOGICAL TIME: 147 | PHYSICAL TIME: 2025-03-05 03:45:19.92, MESSAGE QUEUE LENGTH: 0

2025-03-05 03:45:20,195 - INFO - EVENT: Send Msg | RECIPIENT: 1 and 2 | LOGICAL TIME: 148 | PHYSICAL TIME: 2025-03-05 03:45:20.19, MESSAGE QUEUE LENGTH: 0

2025-03-05 03:45:20,529 - INFO - EVENT: Internal Event | LOGICAL TIME: 149 | PHYSICAL TIME: 2025-03-05 03:45:20.52, MESSAGE QUEUE LENGTH: 0

2025-03-05 03:45:20,795 - INFO - EVENT: Send Msg | RECIPIENT: 1 and 2 | LOGICAL TIME: 150 | PHYSICAL TIME: 2025-03-05 03:45:20.79, MESSAGE QUEUE LENGTH: 0

2025-03-05 03:45:21,046 - INFO - EVENT: Send Msg | RECIPIENT: 1 and 2 | LOGICAL TIME: 151 | PHYSICAL TIME: 2025-03-05 03:45:21.04, MESSAGE QUEUE LENGTH: 0

2025-03-05 03:45:21,312 - INFO - EVENT: Send Msg | RECIPIENT: 1 and 2 | LOGICAL TIME: 152 | PHYSICAL TIME: 2025-03-05 03:45:21.31, MESSAGE QUEUE LENGTH: 0

2025-03-05 03:45:21,626 - INFO - EVENT: Internal Event | LOGICAL TIME: 153 | PHYSICAL TIME: 2025-03-05 03:45:21.62, MESSAGE QUEUE LENGTH: 0

2025-03-05 03:45:21,878 - INFO - EVENT: Internal Event | LOGICAL TIME: 154 | PHYSICAL TIME: 2025-03-05 03:45:21.87, MESSAGE QUEUE LENGTH: 0

2025-03-05 03:45:22,213 - INFO - EVENT: Internal Event | LOGICAL TIME: 155 | PHYSICAL TIME: 2025-03-05 03:45:22.21, MESSAGE QUEUE LENGTH: 0

2025-03-05 03:45:22,610 - INFO - EVENT: Receive Msg | SENDER: 2 | LOGICAL TIME: 156 | PHYSICAL TIME: 2025-03-05 03:45:22.00, MESSAGE QUEUE LENGTH: 1

2025-03-05 03:45:22,875 - INFO - EVENT: Internal Event | LOGICAL TIME: 157 | PHYSICAL TIME: 2025-03-05 03:45:22.87, MESSAGE QUEUE LENGTH: 0

2025-03-05 03:45:23,127 - INFO - EVENT: Receive Msg | SENDER: 2 | LOGICAL TIME: 158 | PHYSICAL TIME: 2025-03-05 03:45:22.00, MESSAGE QUEUE LENGTH: 1

2025-03-05 03:45:23,378 - INFO - EVENT: Internal Event | LOGICAL TIME: 159 | PHYSICAL TIME: 2025-03-05 03:45:23.37, MESSAGE QUEUE LENGTH: 0

2025-03-05 03:45:23,846 - INFO - EVENT: Receive Msg | SENDER: 1 | LOGICAL TIME: 160 | PHYSICAL TIME: 2025-03-05 03:45:23.00, MESSAGE QUEUE LENGTH: 2

2025-03-05 03:45:24,165 - INFO - EVENT: Receive Msg | SENDER: 2 | LOGICAL TIME: 161 | PHYSICAL TIME: 2025-03-05 03:45:23.00, MESSAGE QUEUE LENGTH: 1

2025-03-05 03:45:24,497 - INFO - EVENT: Internal Event | LOGICAL TIME: 162 | PHYSICAL TIME: 2025-03-05 03:45:24.49, MESSAGE QUEUE LENGTH: 0

2025-03-05 03:45:24,749 - INFO - EVENT: Receive Msg | SENDER: 2 | LOGICAL TIME: 163 | PHYSICAL TIME: 2025-03-05 03:45:24.00, MESSAGE QUEUE LENGTH: 1

2025-03-05 03:45:25,046 - INFO - EVENT: Receive Msg | SENDER: 1 | LOGICAL TIME: 164 | PHYSICAL TIME: 2025-03-05 03:45:24.00, MESSAGE QUEUE LENGTH: 1

2025-03-05 03:45:25,366 - INFO - EVENT: Internal Event | LOGICAL TIME: 165 | PHYSICAL TIME: 2025-03-05 03:45:25.36, MESSAGE QUEUE LENGTH: 0

2025-03-05 03:45:25,664 - INFO - EVENT: Send Msg | RECIPIENT: 1 | LOGICAL TIME: 166 | PHYSICAL TIME: 2025-03-05 03:45:25.66, MESSAGE QUEUE LENGTH: 0

2025-03-05 03:45:25,914 - INFO - EVENT: Receive Msg | SENDER: 2 | LOGICAL TIME: 168 | PHYSICAL TIME: 2025-03-05 03:45:25.00, MESSAGE QUEUE LENGTH: 1

2025-03-05 03:45:26,216 - INFO - EVENT: Send Msg | RECIPIENT: 2 | LOGICAL TIME: 169 | PHYSICAL TIME: 2025-03-05 03:45:26.21, MESSAGE QUEUE LENGTH: 0

2025-03-05 03:45:26,499 - INFO - EVENT: Internal Event | LOGICAL TIME: 170 | PHYSICAL TIME: 2025-03-05 03:45:26.49, MESSAGE QUEUE LENGTH: 0

2025-03-05 03:45:26,783 - INFO - EVENT: Receive Msg | SENDER: 1 | LOGICAL TIME: 171 | PHYSICAL TIME: 2025-03-05 03:45:26.00, MESSAGE QUEUE LENGTH: 1

2025-03-05 03:45:27,035 - INFO - EVENT: Send Msg | RECIPIENT: 1 | LOGICAL TIME: 172 | PHYSICAL TIME: 2025-03-05 03:45:27.03, MESSAGE QUEUE LENGTH: 0

2025-03-05 03:45:27,418 - INFO - EVENT: Receive Msg | SENDER: 1 | LOGICAL TIME: 173 | PHYSICAL TIME: 2025-03-05 03:45:27.00, MESSAGE QUEUE LENGTH: 2

2025-03-05 03:45:27,781 - INFO - EVENT: Receive Msg | SENDER: 2 | LOGICAL TIME: 174 | PHYSICAL TIME: 2025-03-05 03:45:27.00, MESSAGE QUEUE LENGTH: 1

2025-03-05 03:45:28,033 - INFO - EVENT: Receive Msg | SENDER: 2 | LOGICAL TIME: 175 | PHYSICAL TIME: 2025-03-05 03:45:27.00, MESSAGE QUEUE LENGTH: 1

2025-03-05 03:45:28,418 - INFO - EVENT: Receive Msg | SENDER: 2 | LOGICAL TIME: 176 | PHYSICAL TIME: 2025-03-05 03:45:28.00, MESSAGE QUEUE LENGTH: 1

2025-03-05 03:45:28,685 - INFO - EVENT: Receive Msg | SENDER: 2 | LOGICAL TIME: 177 | PHYSICAL TIME: 2025-03-05 03:45:28.00, MESSAGE QUEUE LENGTH: 1

2025-03-05 03:45:28,947 - INFO - EVENT: Internal Event | LOGICAL TIME: 178 | PHYSICAL TIME: 2025-03-05 03:45:28.94, MESSAGE QUEUE LENGTH: 0

2025-03-05 03:45:29,334 - INFO - EVENT: Receive Msg | SENDER: 2 | LOGICAL TIME: 179 | PHYSICAL TIME: 2025-03-05 03:45:28.00, MESSAGE QUEUE LENGTH: 1

2025-03-05 03:45:29,736 - INFO - EVENT: Receive Msg | SENDER: 2 | LOGICAL TIME: 180 | PHYSICAL TIME: 2025-03-05 03:45:29.00, MESSAGE QUEUE LENGTH: 1

2025-03-05 03:45:30,001 - INFO - EVENT: Internal Event | LOGICAL TIME: 181 | PHYSICAL TIME: 2025-03-05 03:45:30.00, MESSAGE QUEUE LENGTH: 0

2025-03-05 03:45:30,255 - INFO - EVENT: Internal Event | LOGICAL TIME: 182 | PHYSICAL TIME: 2025-03-05 03:45:30.25, MESSAGE QUEUE LENGTH: 0

2025-03-05 03:45:30,571 - INFO - EVENT: Internal Event | LOGICAL TIME: 183 | PHYSICAL TIME: 2025-03-05 03:45:30.57, MESSAGE QUEUE LENGTH: 0

2025-03-05 03:45:30,829 - INFO - EVENT: Receive Msg | SENDER: 2 | LOGICAL TIME: 185 | PHYSICAL TIME: 2025-03-05 03:45:30.00, MESSAGE QUEUE LENGTH: 1

2025-03-05 03:45:31,119 - INFO - EVENT: Send Msg | RECIPIENT: 1 and 2 | LOGICAL TIME: 186 | PHYSICAL TIME: 2025-03-05 03:45:31.11, MESSAGE QUEUE LENGTH: 0

2025-03-05 03:45:31,401 - INFO - EVENT: Internal Event | LOGICAL TIME: 187 | PHYSICAL TIME: 2025-03-05 03:45:31.40, MESSAGE QUEUE LENGTH: 0

2025-03-05 03:45:31,654 - INFO - EVENT: Send Msg | RECIPIENT: 2 | LOGICAL TIME: 188 | PHYSICAL TIME: 2025-03-05 03:45:31.65, MESSAGE QUEUE LENGTH: 0

2025-03-05 03:45:31,953 - INFO - EVENT: Receive Msg | SENDER: 2 | LOGICAL TIME: 189 | PHYSICAL TIME: 2025-03-05 03:45:31.00, MESSAGE QUEUE LENGTH: 1

2025-03-05 03:45:32,321 - INFO - EVENT: Receive Msg | SENDER: 2 | LOGICAL TIME: 191 | PHYSICAL TIME: 2025-03-05 03:45:32.00, MESSAGE QUEUE LENGTH: 1

2025-03-05 03:45:32,590 - INFO - EVENT: Receive Msg | SENDER: 1 | LOGICAL TIME: 192 | PHYSICAL TIME: 2025-03-05 03:45:32.00, MESSAGE QUEUE LENGTH: 1

2025-03-05 03:45:32,868 - INFO - EVENT: Send Msg | RECIPIENT: 2 | LOGICAL TIME: 193 | PHYSICAL TIME: 2025-03-05 03:45:32.86, MESSAGE QUEUE LENGTH: 0

2025-03-05 03:45:33,122 - INFO - EVENT: Send Msg | RECIPIENT: 1 | LOGICAL TIME: 194 | PHYSICAL TIME: 2025-03-05 03:45:33.12, MESSAGE QUEUE LENGTH: 0

2025-03-05 03:45:33,385 - INFO - EVENT: Internal Event | LOGICAL TIME: 195 | PHYSICAL TIME: 2025-03-05 03:45:33.38, MESSAGE QUEUE LENGTH: 0

2025-03-05 03:45:33,637 - INFO - EVENT: Internal Event | LOGICAL TIME: 196 | PHYSICAL TIME: 2025-03-05 03:45:33.63, MESSAGE QUEUE LENGTH: 0

2025-03-05 03:45:33,990 - INFO - EVENT: Internal Event | LOGICAL TIME: 197 | PHYSICAL TIME: 2025-03-05 03:45:33.99, MESSAGE QUEUE LENGTH: 0

2025-03-05 03:45:34,289 - INFO - EVENT: Internal Event | LOGICAL TIME: 198 | PHYSICAL TIME: 2025-03-05 03:45:34.28, MESSAGE QUEUE LENGTH: 0

2025-03-05 03:45:34,541 - INFO - EVENT: Receive Msg | SENDER: 2 | LOGICAL TIME: 200 | PHYSICAL TIME: 2025-03-05 03:45:34.00, MESSAGE QUEUE LENGTH: 2

2025-03-05 03:45:34,803 - INFO - EVENT: Receive Msg | SENDER: 1 | LOGICAL TIME: 201 | PHYSICAL TIME: 2025-03-05 03:45:34.00, MESSAGE QUEUE LENGTH: 1

2025-03-05 03:45:35,117 - INFO - EVENT: Internal Event | LOGICAL TIME: 202 | PHYSICAL TIME: 2025-03-05 03:45:35.11, MESSAGE QUEUE LENGTH: 0

2025-03-05 03:45:35,422 - INFO - EVENT: Receive Msg | SENDER: 2 | LOGICAL TIME: 203 | PHYSICAL TIME: 2025-03-05 03:45:35.00, MESSAGE QUEUE LENGTH: 1

2025-03-05 03:45:35,675 - INFO - EVENT: Receive Msg | SENDER: 2 | LOGICAL TIME: 204 | PHYSICAL TIME: 2025-03-05 03:45:35.00, MESSAGE QUEUE LENGTH: 1

2025-03-05 03:45:35,973 - INFO - EVENT: Internal Event | LOGICAL TIME: 205 | PHYSICAL TIME: 2025-03-05 03:45:35.97, MESSAGE QUEUE LENGTH: 0

2025-03-05 03:45:36,234 - INFO - EVENT: Send Msg | RECIPIENT: 1 | LOGICAL TIME: 206 | PHYSICAL TIME: 2025-03-05 03:45:36.23, MESSAGE QUEUE LENGTH: 0

2025-03-05 03:45:36,538 - INFO - EVENT: Receive Msg | SENDER: 1 | LOGICAL TIME: 207 | PHYSICAL TIME: 2025-03-05 03:45:36.00, MESSAGE QUEUE LENGTH: 1

2025-03-05 03:45:36,809 - INFO - EVENT: Internal Event | LOGICAL TIME: 208 | PHYSICAL TIME: 2025-03-05 03:45:36.80, MESSAGE QUEUE LENGTH: 0

2025-03-05 03:45:37,074 - INFO - EVENT: Send Msg | RECIPIENT: 1 and 2 | LOGICAL TIME: 209 | PHYSICAL TIME: 2025-03-05 03:45:37.07, MESSAGE QUEUE LENGTH: 0

2025-03-05 03:45:37,353 - INFO - EVENT: Internal Event | LOGICAL TIME: 210 | PHYSICAL TIME: 2025-03-05 03:45:37.35, MESSAGE QUEUE LENGTH: 0

2025-03-05 03:45:37,605 - INFO - EVENT: Send Msg | RECIPIENT: 2 | LOGICAL TIME: 211 | PHYSICAL TIME: 2025-03-05 03:45:37.60, MESSAGE QUEUE LENGTH: 0

2025-03-05 03:45:37,874 - INFO - EVENT: Internal Event | LOGICAL TIME: 212 | PHYSICAL TIME: 2025-03-05 03:45:37.87, MESSAGE QUEUE LENGTH: 0

2025-03-05 03:45:38,161 - INFO - EVENT: Internal Event | LOGICAL TIME: 213 | PHYSICAL TIME: 2025-03-05 03:45:38.16, MESSAGE QUEUE LENGTH: 0

2025-03-05 03:45:38,427 - INFO - EVENT: Internal Event | LOGICAL TIME: 214 | PHYSICAL TIME: 2025-03-05 03:45:38.42, MESSAGE QUEUE LENGTH: 0

2025-03-05 03:45:38,711 - INFO - EVENT: Receive Msg | SENDER: 1 | LOGICAL TIME: 215 | PHYSICAL TIME: 2025-03-05 03:45:38.00, MESSAGE QUEUE LENGTH: 1

2025-03-05 03:45:38,994 - INFO - EVENT: Internal Event | LOGICAL TIME: 216 | PHYSICAL TIME: 2025-03-05 03:45:38.99, MESSAGE QUEUE LENGTH: 0

2025-03-05 03:45:39,261 - INFO - EVENT: Internal Event | LOGICAL TIME: 217 | PHYSICAL TIME: 2025-03-05 03:45:39.26, MESSAGE QUEUE LENGTH: 0

2025-03-05 03:45:39,526 - INFO - EVENT: Internal Event | LOGICAL TIME: 218 | PHYSICAL TIME: 2025-03-05 03:45:39.52, MESSAGE QUEUE LENGTH: 0

2025-03-05 03:45:39,822 - INFO - EVENT: Internal Event | LOGICAL TIME: 219 | PHYSICAL TIME: 2025-03-05 03:45:39.82, MESSAGE QUEUE LENGTH: 0

2025-03-05 03:45:40,077 - INFO - EVENT: Internal Event | LOGICAL TIME: 220 | PHYSICAL TIME: 2025-03-05 03:45:40.07, MESSAGE QUEUE LENGTH: 0

2025-03-05 03:45:40,429 - INFO - EVENT: Receive Msg | SENDER: 1 | LOGICAL TIME: 221 | PHYSICAL TIME: 2025-03-05 03:45:40.00, MESSAGE QUEUE LENGTH: 1

2025-03-05 03:45:40,694 - INFO - EVENT: Send Msg | RECIPIENT: 1 | LOGICAL TIME: 222 | PHYSICAL TIME: 2025-03-05 03:45:40.69, MESSAGE QUEUE LENGTH: 0

2025-03-05 03:45:40,963 - INFO - EVENT: Send Msg | RECIPIENT: 1 | LOGICAL TIME: 223 | PHYSICAL TIME: 2025-03-05 03:45:40.96, MESSAGE QUEUE LENGTH: 0

2025-03-05 03:45:41,231 - INFO - EVENT: Send Msg | RECIPIENT: 1 and 2 | LOGICAL TIME: 224 | PHYSICAL TIME: 2025-03-05 03:45:41.23, MESSAGE QUEUE LENGTH: 0

2025-03-05 03:45:41,529 - INFO - EVENT: Send Msg | RECIPIENT: 2 | LOGICAL TIME: 225 | PHYSICAL TIME: 2025-03-05 03:45:41.52, MESSAGE QUEUE LENGTH: 0

2025-03-05 03:45:41,828 - INFO - EVENT: Send Msg | RECIPIENT: 1 and 2 | LOGICAL TIME: 226 | PHYSICAL TIME: 2025-03-05 03:45:41.82, MESSAGE QUEUE LENGTH: 0

2025-03-05 03:45:42,080 - INFO - EVENT: Send Msg | RECIPIENT: 1 and 2 | LOGICAL TIME: 227 | PHYSICAL TIME: 2025-03-05 03:45:42.08, MESSAGE QUEUE LENGTH: 0

2025-03-05 03:45:42,380 - INFO - EVENT: Send Msg | RECIPIENT: 2 | LOGICAL TIME: 228 | PHYSICAL TIME: 2025-03-05 03:45:42.38, MESSAGE QUEUE LENGTH: 0

2025-03-05 03:45:42,661 - INFO - EVENT: Internal Event | LOGICAL TIME: 229 | PHYSICAL TIME: 2025-03-05 03:45:42.66, MESSAGE QUEUE LENGTH: 0

2025-03-05 03:45:42,931 - INFO - EVENT: Internal Event | LOGICAL TIME: 230 | PHYSICAL TIME: 2025-03-05 03:45:42.93, MESSAGE QUEUE LENGTH: 0

2025-03-05 03:45:43,193 - INFO - EVENT: Internal Event | LOGICAL TIME: 231 | PHYSICAL TIME: 2025-03-05 03:45:43.19, MESSAGE QUEUE LENGTH: 0

2025-03-05 03:45:43,466 - INFO - EVENT: Internal Event | LOGICAL TIME: 232 | PHYSICAL TIME: 2025-03-05 03:45:43.46, MESSAGE QUEUE LENGTH: 0

2025-03-05 03:45:43,811 - INFO - EVENT: Internal Event | LOGICAL TIME: 233 | PHYSICAL TIME: 2025-03-05 03:45:43.81, MESSAGE QUEUE LENGTH: 0

2025-03-05 03:45:44,145 - INFO - EVENT: Send Msg | RECIPIENT: 1 | LOGICAL TIME: 234 | PHYSICAL TIME: 2025-03-05 03:45:44.14, MESSAGE QUEUE LENGTH: 0

2025-03-05 03:45:44,415 - INFO - EVENT: Internal Event | LOGICAL TIME: 235 | PHYSICAL TIME: 2025-03-05 03:45:44.41, MESSAGE QUEUE LENGTH: 0

2025-03-05 03:45:44,766 - INFO - EVENT: Internal Event | LOGICAL TIME: 236 | PHYSICAL TIME: 2025-03-05 03:45:44.76, MESSAGE QUEUE LENGTH: 0

2025-03-05 03:45:45,032 - INFO - EVENT: Send Msg | RECIPIENT: 1 and 2 | LOGICAL TIME: 237 | PHYSICAL TIME: 2025-03-05 03:45:45.03, MESSAGE QUEUE LENGTH: 0

