2025-03-05 03:44:39,632 - INFO - Clock rate for client 2: 4 events per second
2025-03-05 03:44:40,278 - INFO - EVENT: Receive Msg | SENDER: 3 | LOGICAL TIME: 1 | PHYSICAL TIME: 2025-03-05 03:44:40.00, MESSAGE QUEUE LENGTH: 1

2025-03-05 03:44:40,564 - INFO - EVENT: Receive Msg | SENDER: 1 | LOGICAL TIME: 2 | PHYSICAL TIME: 2025-03-05 03:44:40.00, MESSAGE QUEUE LENGTH: 1

2025-03-05 03:44:40,861 - INFO - EVENT: Internal Event | LOGICAL TIME: 3 | PHYSICAL TIME: 2025-03-05 03:44:40.86, MESSAGE QUEUE LENGTH: 0

2025-03-05 03:44:41,161 - INFO - EVENT: Receive Msg | SENDER: 3 | LOGICAL TIME: 5 | PHYSICAL TIME: 2025-03-05 03:44:41.00, MESSAGE QUEUE LENGTH: 1

2025-03-05 03:44:41,430 - INFO - EVENT: Internal Event | LOGICAL TIME: 6 | PHYSICAL TIME: 2025-03-05 03:44:41.43, MESSAGE QUEUE LENGTH: 0

2025-03-05 03:44:41,697 - INFO - EVENT: Internal Event | LOGICAL TIME: 7 | PHYSICAL TIME: 2025-03-05 03:44:41.69, MESSAGE QUEUE LENGTH: 0

2025-03-05 03:44:41,995 - INFO - EVENT: Internal Event | LOGICAL TIME: 8 | PHYSICAL TIME: 2025-03-05 03:44:41.99, MESSAGE QUEUE LENGTH: 0

2025-03-05 03:44:42,263 - INFO - EVENT: Receive Msg | SENDER: 3 | LOGICAL TIME: 9 | PHYSICAL TIME: 2025-03-05 03:44:42.00, MESSAGE QUEUE LENGTH: 1

2025-03-05 03:44:42,530 - INFO - EVENT: Internal Event | LOGICAL TIME: 10 | PHYSICAL TIME: 2025-03-05 03:44:42.53, MESSAGE QUEUE LENGTH: 0

2025-03-05 03:44:42,789 - INFO - EVENT: Internal Event | LOGICAL TIME: 11 | PHYSICAL TIME: 2025-03-05 03:44:42.78, MESSAGE QUEUE LENGTH: 0

2025-03-05 03:44:43,061 - INFO - EVENT: Internal Event | LOGICAL TIME: 12 | PHYSICAL TIME: 2025-03-05 03:44:43.06, MESSAGE QUEUE LENGTH: 0

2025-03-05 03:44:43,427 - INFO - EVENT: Send Msg | RECIPIENT: 3 | LOGICAL TIME: 13 | PHYSICAL TIME: 2025-03-05 03:44:43.42, MESSAGE QUEUE LENGTH: 0

2025-03-05 03:44:43,683 - INFO - EVENT: Receive Msg | SENDER: 1 | LOGICAL TIME: 14 | PHYSICAL TIME: 2025-03-05 03:44:43.00, MESSAGE QUEUE LENGTH: 1

2025-03-05 03:44:43,979 - INFO - EVENT: Receive Msg | SENDER: 1 | LOGICAL TIME: 15 | PHYSICAL TIME: 2025-03-05 03:44:43.00, MESSAGE QUEUE LENGTH: 1

2025-03-05 03:44:44,267 - INFO - EVENT: Internal Event | LOGICAL TIME: 16 | PHYSICAL TIME: 2025-03-05 03:44:44.26, MESSAGE QUEUE LENGTH: 0

2025-03-05 03:44:44,566 - INFO - EVENT: Send Msg | RECIPIENT: 1 and 3 | LOGICAL TIME: 17 | PHYSICAL TIME: 2025-03-05 03:44:44.56, MESSAGE QUEUE LENGTH: 0

2025-03-05 03:44:44,823 - INFO - EVENT: Internal Event | LOGICAL TIME: 18 | PHYSICAL TIME: 2025-03-05 03:44:44.82, MESSAGE QUEUE LENGTH: 0

2025-03-05 03:44:45,199 - INFO - EVENT: Internal Event | LOGICAL TIME: 19 | PHYSICAL TIME: 2025-03-05 03:44:45.19, MESSAGE QUEUE LENGTH: 0

2025-03-05 03:44:45,466 - INFO - EVENT: Internal Event | LOGICAL TIME: 20 | PHYSICAL TIME: 2025-03-05 03:44:45.46, MESSAGE QUEUE LENGTH: 0

2025-03-05 03:44:45,815 - INFO - EVENT: Send Msg | RECIPIENT: 3 | LOGICAL TIME: 21 | PHYSICAL TIME: 2025-03-05 03:44:45.81, MESSAGE QUEUE LENGTH: 0

2025-03-05 03:44:46,067 - INFO - EVENT: Internal Event | LOGICAL TIME: 22 | PHYSICAL TIME: 2025-03-05 03:44:46.06, MESSAGE QUEUE LENGTH: 0

2025-03-05 03:44:46,349 - INFO - EVENT: Send Msg | RECIPIENT: 1 | LOGICAL TIME: 23 | PHYSICAL TIME: 2025-03-05 03:44:46.34, MESSAGE QUEUE LENGTH: 0

2025-03-05 03:44:46,601 - INFO - EVENT: Receive Msg | SENDER: 3 | LOGICAL TIME: 24 | PHYSICAL TIME: 2025-03-05 03:44:46.00, MESSAGE QUEUE LENGTH: 1

2025-03-05 03:44:46,883 - INFO - EVENT: Internal Event | LOGICAL TIME: 25 | PHYSICAL TIME: 2025-03-05 03:44:46.88, MESSAGE QUEUE LENGTH: 0

2025-03-05 03:44:47,183 - INFO - EVENT: Receive Msg | SENDER: 3 | LOGICAL TIME: 26 | PHYSICAL TIME: 2025-03-05 03:44:46.00, MESSAGE QUEUE LENGTH: 1

2025-03-05 03:44:47,434 - INFO - EVENT: Receive Msg | SENDER: 1 | LOGICAL TIME: 27 | PHYSICAL TIME: 2025-03-05 03:44:47.00, MESSAGE QUEUE LENGTH: 1

2025-03-05 03:44:47,698 - INFO - EVENT: Internal Event | LOGICAL TIME: 28 | PHYSICAL TIME: 2025-03-05 03:44:47.69, MESSAGE QUEUE LENGTH: 0

2025-03-05 03:44:47,951 - INFO - EVENT: Internal Event | LOGICAL TIME: 29 | PHYSICAL TIME: 2025-03-05 03:44:47.95, MESSAGE QUEUE LENGTH: 0

2025-03-05 03:44:48,267 - INFO - EVENT: Receive Msg | SENDER: 1 | LOGICAL TIME: 30 | PHYSICAL TIME: 2025-03-05 03:44:47.00, MESSAGE QUEUE LENGTH: 1

2025-03-05 03:44:48,518 - INFO - EVENT: Receive Msg | SENDER: 3 | LOGICAL TIME: 31 | PHYSICAL TIME: 2025-03-05 03:44:48.00, MESSAGE QUEUE LENGTH: 1

2025-03-05 03:44:48,785 - INFO - EVENT: Send Msg | RECIPIENT: 1 and 3 | LOGICAL TIME: 32 | PHYSICAL TIME: 2025-03-05 03:44:48.78, MESSAGE QUEUE LENGTH: 0

2025-03-05 03:44:49,036 - INFO - EVENT: Internal Event | LOGICAL TIME: 33 | PHYSICAL TIME: 2025-03-05 03:44:49.03, MESSAGE QUEUE LENGTH: 0

2025-03-05 03:44:49,302 - INFO - EVENT: Internal Event | LOGICAL TIME: 34 | PHYSICAL TIME: 2025-03-05 03:44:49.30, MESSAGE QUEUE LENGTH: 0

2025-03-05 03:44:49,553 - INFO - EVENT: Send Msg | RECIPIENT: 1 and 3 | LOGICAL TIME: 35 | PHYSICAL TIME: 2025-03-05 03:44:49.55, MESSAGE QUEUE LENGTH: 0

2025-03-05 03:44:49,869 - INFO - EVENT: Internal Event | LOGICAL TIME: 36 | PHYSICAL TIME: 2025-03-05 03:44:49.86, MESSAGE QUEUE LENGTH: 0

2025-03-05 03:44:50,135 - INFO - EVENT: Internal Event | LOGICAL TIME: 37 | PHYSICAL TIME: 2025-03-05 03:44:50.13, MESSAGE QUEUE LENGTH: 0

2025-03-05 03:44:50,401 - INFO - EVENT: Receive Msg | SENDER: 3 | LOGICAL TIME: 38 | PHYSICAL TIME: 2025-03-05 03:44:50.00, MESSAGE QUEUE LENGTH: 1

2025-03-05 03:44:50,722 - INFO - EVENT: Internal Event | LOGICAL TIME: 39 | PHYSICAL TIME: 2025-03-05 03:44:50.72, MESSAGE QUEUE LENGTH: 0

2025-03-05 03:44:51,036 - INFO - EVENT: Receive Msg | SENDER: 3 | LOGICAL TIME: 41 | PHYSICAL TIME: 2025-03-05 03:44:50.00, MESSAGE QUEUE LENGTH: 1

2025-03-05 03:44:51,302 - INFO - EVENT: Internal Event | LOGICAL TIME: 42 | PHYSICAL TIME: 2025-03-05 03:44:51.30, MESSAGE QUEUE LENGTH: 0

2025-03-05 03:44:51,571 - INFO - EVENT: Receive Msg | SENDER: 3 | LOGICAL TIME: 43 | PHYSICAL TIME: 2025-03-05 03:44:51.00, MESSAGE QUEUE LENGTH: 1

2025-03-05 03:44:51,838 - INFO - EVENT: Receive Msg | SENDER: 1 | LOGICAL TIME: 44 | PHYSICAL TIME: 2025-03-05 03:44:51.00, MESSAGE QUEUE LENGTH: 1

2025-03-05 03:44:52,134 - INFO - EVENT: Receive Msg | SENDER: 3 | LOGICAL TIME: 45 | PHYSICAL TIME: 2025-03-05 03:44:51.00, MESSAGE QUEUE LENGTH: 1

2025-03-05 03:44:52,407 - INFO - EVENT: Internal Event | LOGICAL TIME: 46 | PHYSICAL TIME: 2025-03-05 03:44:52.40, MESSAGE QUEUE LENGTH: 0

2025-03-05 03:44:52,669 - INFO - EVENT: Send Msg | RECIPIENT: 1 | LOGICAL TIME: 47 | PHYSICAL TIME: 2025-03-05 03:44:52.66, MESSAGE QUEUE LENGTH: 0

2025-03-05 03:44:52,955 - INFO - EVENT: Send Msg | RECIPIENT: 1 and 3 | LOGICAL TIME: 48 | PHYSICAL TIME: 2025-03-05 03:44:52.95, MESSAGE QUEUE LENGTH: 0

2025-03-05 03:44:53,253 - INFO - EVENT: Internal Event | LOGICAL TIME: 49 | PHYSICAL TIME: 2025-03-05 03:44:53.25, MESSAGE QUEUE LENGTH: 0

2025-03-05 03:44:53,556 - INFO - EVENT: Receive Msg | SENDER: 3 | LOGICAL TIME: 51 | PHYSICAL TIME: 2025-03-05 03:44:53.00, MESSAGE QUEUE LENGTH: 1

2025-03-05 03:44:53,985 - INFO - EVENT: Internal Event | LOGICAL TIME: 52 | PHYSICAL TIME: 2025-03-05 03:44:53.98, MESSAGE QUEUE LENGTH: 0

2025-03-05 03:44:54,294 - INFO - EVENT: Internal Event | LOGICAL TIME: 53 | PHYSICAL TIME: 2025-03-05 03:44:54.29, MESSAGE QUEUE LENGTH: 0

2025-03-05 03:44:54,636 - INFO - EVENT: Receive Msg | SENDER: 3 | LOGICAL TIME: 54 | PHYSICAL TIME: 2025-03-05 03:44:54.00, MESSAGE QUEUE LENGTH: 1

2025-03-05 03:44:54,891 - INFO - EVENT: Internal Event | LOGICAL TIME: 55 | PHYSICAL TIME: 2025-03-05 03:44:54.89, MESSAGE QUEUE LENGTH: 0

2025-03-05 03:44:55,175 - INFO - EVENT: Internal Event | LOGICAL TIME: 56 | PHYSICAL TIME: 2025-03-05 03:44:55.17, MESSAGE QUEUE LENGTH: 0

2025-03-05 03:44:55,439 - INFO - EVENT: Send Msg | RECIPIENT: 3 | LOGICAL TIME: 57 | PHYSICAL TIME: 2025-03-05 03:44:55.43, MESSAGE QUEUE LENGTH: 0

2025-03-05 03:44:55,724 - INFO - EVENT: Internal Event | LOGICAL TIME: 58 | PHYSICAL TIME: 2025-03-05 03:44:55.72, MESSAGE QUEUE LENGTH: 0

2025-03-05 03:44:56,039 - INFO - EVENT: Send Msg | RECIPIENT: 1 | LOGICAL TIME: 59 | PHYSICAL TIME: 2025-03-05 03:44:56.03, MESSAGE QUEUE LENGTH: 0

2025-03-05 03:44:56,345 - INFO - EVENT: Receive Msg | SENDER: 1 | LOGICAL TIME: 60 | PHYSICAL TIME: 2025-03-05 03:44:55.00, MESSAGE QUEUE LENGTH: 1

2025-03-05 03:44:56,613 - INFO - EVENT: Receive Msg | SENDER: 3 | LOGICAL TIME: 62 | PHYSICAL TIME: 2025-03-05 03:44:56.00, MESSAGE QUEUE LENGTH: 1

2025-03-05 03:44:56,943 - INFO - EVENT: Internal Event | LOGICAL TIME: 63 | PHYSICAL TIME: 2025-03-05 03:44:56.94, MESSAGE QUEUE LENGTH: 0

2025-03-05 03:44:57,209 - INFO - EVENT: Receive Msg | SENDER: 3 | LOGICAL TIME: 64 | PHYSICAL TIME: 2025-03-05 03:44:57.00, MESSAGE QUEUE LENGTH: 1

2025-03-05 03:44:57,513 - INFO - EVENT: Internal Event | LOGICAL TIME: 65 | PHYSICAL TIME: 2025-03-05 03:44:57.51, MESSAGE QUEUE LENGTH: 0

2025-03-05 03:44:57,789 - INFO - EVENT: Internal Event | LOGICAL TIME: 66 | PHYSICAL TIME: 2025-03-05 03:44:57.78, MESSAGE QUEUE LENGTH: 0

2025-03-05 03:44:58,087 - INFO - EVENT: Send Msg | RECIPIENT: 3 | LOGICAL TIME: 67 | PHYSICAL TIME: 2025-03-05 03:44:58.08, MESSAGE QUEUE LENGTH: 0

2025-03-05 03:44:58,361 - INFO - EVENT: Receive Msg | SENDER: 1 | LOGICAL TIME: 68 | PHYSICAL TIME: 2025-03-05 03:44:58.00, MESSAGE QUEUE LENGTH: 1

2025-03-05 03:44:58,656 - INFO - EVENT: Internal Event | LOGICAL TIME: 69 | PHYSICAL TIME: 2025-03-05 03:44:58.65, MESSAGE QUEUE LENGTH: 0

2025-03-05 03:44:58,941 - INFO - EVENT: Internal Event | LOGICAL TIME: 70 | PHYSICAL TIME: 2025-03-05 03:44:58.94, MESSAGE QUEUE LENGTH: 0

2025-03-05 03:44:59,229 - INFO - EVENT: Send Msg | RECIPIENT: 3 | LOGICAL TIME: 71 | PHYSICAL TIME: 2025-03-05 03:44:59.22, MESSAGE QUEUE LENGTH: 0

2025-03-05 03:44:59,493 - INFO - EVENT: Send Msg | RECIPIENT: 1 | LOGICAL TIME: 72 | PHYSICAL TIME: 2025-03-05 03:44:59.49, MESSAGE QUEUE LENGTH: 0

2025-03-05 03:44:59,746 - INFO - EVENT: Internal Event | LOGICAL TIME: 73 | PHYSICAL TIME: 2025-03-05 03:44:59.74, MESSAGE QUEUE LENGTH: 0

2025-03-05 03:45:00,084 - INFO - EVENT: Internal Event | LOGICAL TIME: 74 | PHYSICAL TIME: 2025-03-05 03:45:00.08, MESSAGE QUEUE LENGTH: 0

2025-03-05 03:45:00,351 - INFO - EVENT: Receive Msg | SENDER: 3 | LOGICAL TIME: 76 | PHYSICAL TIME: 2025-03-05 03:45:00.00, MESSAGE QUEUE LENGTH: 1

2025-03-05 03:45:00,765 - INFO - EVENT: Internal Event | LOGICAL TIME: 77 | PHYSICAL TIME: 2025-03-05 03:45:00.76, MESSAGE QUEUE LENGTH: 0

2025-03-05 03:45:01,024 - INFO - EVENT: Receive Msg | SENDER: 3 | LOGICAL TIME: 78 | PHYSICAL TIME: 2025-03-05 03:45:00.00, MESSAGE QUEUE LENGTH: 1

2025-03-05 03:45:01,306 - INFO - EVENT: Internal Event | LOGICAL TIME: 79 | PHYSICAL TIME: 2025-03-05 03:45:01.30, MESSAGE QUEUE LENGTH: 0

2025-03-05 03:45:01,564 - INFO - EVENT: Internal Event | LOGICAL TIME: 80 | PHYSICAL TIME: 2025-03-05 03:45:01.56, MESSAGE QUEUE LENGTH: 0

2025-03-05 03:45:01,825 - INFO - EVENT: Send Msg | RECIPIENT: 1 and 3 | LOGICAL TIME: 81 | PHYSICAL TIME: 2025-03-05 03:45:01.82, MESSAGE QUEUE LENGTH: 0

2025-03-05 03:45:02,081 - INFO - EVENT: Internal Event | LOGICAL TIME: 82 | PHYSICAL TIME: 2025-03-05 03:45:02.08, MESSAGE QUEUE LENGTH: 0

2025-03-05 03:45:02,362 - INFO - EVENT: Send Msg | RECIPIENT: 1 and 3 | LOGICAL TIME: 83 | PHYSICAL TIME: 2025-03-05 03:45:02.36, MESSAGE QUEUE LENGTH: 0

2025-03-05 03:45:02,664 - INFO - EVENT: Send Msg | RECIPIENT: 1 | LOGICAL TIME: 84 | PHYSICAL TIME: 2025-03-05 03:45:02.66, MESSAGE QUEUE LENGTH: 0

2025-03-05 03:45:02,954 - INFO - EVENT: Internal Event | LOGICAL TIME: 85 | PHYSICAL TIME: 2025-03-05 03:45:02.95, MESSAGE QUEUE LENGTH: 0

2025-03-05 03:45:03,232 - INFO - EVENT: Internal Event | LOGICAL TIME: 86 | PHYSICAL TIME: 2025-03-05 03:45:03.23, MESSAGE QUEUE LENGTH: 0

2025-03-05 03:45:03,715 - INFO - EVENT: Receive Msg | SENDER: 3 | LOGICAL TIME: 87 | PHYSICAL TIME: 2025-03-05 03:45:03.00, MESSAGE QUEUE LENGTH: 1

2025-03-05 03:45:03,990 - INFO - EVENT: Internal Event | LOGICAL TIME: 88 | PHYSICAL TIME: 2025-03-05 03:45:03.99, MESSAGE QUEUE LENGTH: 0

2025-03-05 03:45:04,248 - INFO - EVENT: Internal Event | LOGICAL TIME: 89 | PHYSICAL TIME: 2025-03-05 03:45:04.24, MESSAGE QUEUE LENGTH: 0

2025-03-05 03:45:04,634 - INFO - EVENT: Receive Msg | SENDER: 3 | LOGICAL TIME: 91 | PHYSICAL TIME: 2025-03-05 03:45:04.00, MESSAGE QUEUE LENGTH: 1

2025-03-05 03:45:04,914 - INFO - EVENT: Internal Event | LOGICAL TIME: 92 | PHYSICAL TIME: 2025-03-05 03:45:04.91, MESSAGE QUEUE LENGTH: 0

2025-03-05 03:45:05,167 - INFO - EVENT: Send Msg | RECIPIENT: 1 and 3 | LOGICAL TIME: 93 | PHYSICAL TIME: 2025-03-05 03:45:05.16, MESSAGE QUEUE LENGTH: 0

2025-03-05 03:45:05,516 - INFO - EVENT: Internal Event | LOGICAL TIME: 94 | PHYSICAL TIME: 2025-03-05 03:45:05.51, MESSAGE QUEUE LENGTH: 0

2025-03-05 03:45:05,800 - INFO - EVENT: Receive Msg | SENDER: 1 | LOGICAL TIME: 96 | PHYSICAL TIME: 2025-03-05 03:45:05.00, MESSAGE QUEUE LENGTH: 1

2025-03-05 03:45:06,117 - INFO - EVENT: Internal Event | LOGICAL TIME: 97 | PHYSICAL TIME: 2025-03-05 03:45:06.11, MESSAGE QUEUE LENGTH: 0

2025-03-05 03:45:06,384 - INFO - EVENT: Receive Msg | SENDER: 3 | LOGICAL TIME: 98 | PHYSICAL TIME: 2025-03-05 03:45:06.00, MESSAGE QUEUE LENGTH: 1

2025-03-05 03:45:06,749 - INFO - EVENT: Internal Event | LOGICAL TIME: 99 | PHYSICAL TIME: 2025-03-05 03:45:06.74, MESSAGE QUEUE LENGTH: 0

2025-03-05 03:45:07,118 - INFO - EVENT: Receive Msg | SENDER: 1 | LOGICAL TIME: 100 | PHYSICAL TIME: 2025-03-05 03:45:06.00, MESSAGE QUEUE LENGTH: 1

2025-03-05 03:45:07,368 - INFO - EVENT: Send Msg | RECIPIENT: 3 | LOGICAL TIME: 101 | PHYSICAL TIME: 2025-03-05 03:45:07.36, MESSAGE QUEUE LENGTH: 0

2025-03-05 03:45:07,651 - INFO - EVENT: Send Msg | RECIPIENT: 1 | LOGICAL TIME: 102 | PHYSICAL TIME: 2025-03-05 03:45:07.65, MESSAGE QUEUE LENGTH: 0

2025-03-05 03:45:07,962 - INFO - EVENT: Send Msg | RECIPIENT: 1 and 3 | LOGICAL TIME: 103 | PHYSICAL TIME: 2025-03-05 03:45:07.96, MESSAGE QUEUE LENGTH: 0

2025-03-05 03:45:08,221 - INFO - EVENT: Receive Msg | SENDER: 3 | LOGICAL TIME: 104 | PHYSICAL TIME: 2025-03-05 03:45:08.00, MESSAGE QUEUE LENGTH: 1

2025-03-05 03:45:08,527 - INFO - EVENT: Send Msg | RECIPIENT: 1 | LOGICAL TIME: 105 | PHYSICAL TIME: 2025-03-05 03:45:08.52, MESSAGE QUEUE LENGTH: 0

2025-03-05 03:45:08,802 - INFO - EVENT: Send Msg | RECIPIENT: 1 | LOGICAL TIME: 106 | PHYSICAL TIME: 2025-03-05 03:45:08.80, MESSAGE QUEUE LENGTH: 0

2025-03-05 03:45:09,069 - INFO - EVENT: Internal Event | LOGICAL TIME: 107 | PHYSICAL TIME: 2025-03-05 03:45:09.06, MESSAGE QUEUE LENGTH: 0

2025-03-05 03:45:09,352 - INFO - EVENT: Internal Event | LOGICAL TIME: 108 | PHYSICAL TIME: 2025-03-05 03:45:09.35, MESSAGE QUEUE LENGTH: 0

2025-03-05 03:45:09,620 - INFO - EVENT: Internal Event | LOGICAL TIME: 109 | PHYSICAL TIME: 2025-03-05 03:45:09.62, MESSAGE QUEUE LENGTH: 0

2025-03-05 03:45:10,100 - INFO - EVENT: Receive Msg | SENDER: 3 | LOGICAL TIME: 110 | PHYSICAL TIME: 2025-03-05 03:45:09.00, MESSAGE QUEUE LENGTH: 1

2025-03-05 03:45:10,370 - INFO - EVENT: Send Msg | RECIPIENT: 3 | LOGICAL TIME: 111 | PHYSICAL TIME: 2025-03-05 03:45:10.37, MESSAGE QUEUE LENGTH: 0

2025-03-05 03:45:10,704 - INFO - EVENT: Receive Msg | SENDER: 3 | LOGICAL TIME: 112 | PHYSICAL TIME: 2025-03-05 03:45:10.00, MESSAGE QUEUE LENGTH: 1

2025-03-05 03:45:10,971 - INFO - EVENT: Internal Event | LOGICAL TIME: 113 | PHYSICAL TIME: 2025-03-05 03:45:10.97, MESSAGE QUEUE LENGTH: 0

2025-03-05 03:45:11,232 - INFO - EVENT: Internal Event | LOGICAL TIME: 114 | PHYSICAL TIME: 2025-03-05 03:45:11.23, MESSAGE QUEUE LENGTH: 0

2025-03-05 03:45:11,571 - INFO - EVENT: Receive Msg | SENDER: 1 | LOGICAL TIME: 115 | PHYSICAL TIME: 2025-03-05 03:45:11.00, MESSAGE QUEUE LENGTH: 1

2025-03-05 03:45:11,838 - INFO - EVENT: Send Msg | RECIPIENT: 1 and 3 | LOGICAL TIME: 116 | PHYSICAL TIME: 2025-03-05 03:45:11.83, MESSAGE QUEUE LENGTH: 0

2025-03-05 03:45:12,104 - INFO - EVENT: Receive Msg | SENDER: 1 | LOGICAL TIME: 117 | PHYSICAL TIME: 2025-03-05 03:45:11.00, MESSAGE QUEUE LENGTH: 1

2025-03-05 03:45:12,388 - INFO - EVENT: Internal Event | LOGICAL TIME: 118 | PHYSICAL TIME: 2025-03-05 03:45:12.38, MESSAGE QUEUE LENGTH: 0

2025-03-05 03:45:12,810 - INFO - EVENT: Receive Msg | SENDER: 3 | LOGICAL TIME: 119 | PHYSICAL TIME: 2025-03-05 03:45:12.00, MESSAGE QUEUE LENGTH: 1

2025-03-05 03:45:13,137 - INFO - EVENT: Receive Msg | SENDER: 3 | LOGICAL TIME: 121 | PHYSICAL TIME: 2025-03-05 03:45:12.00, MESSAGE QUEUE LENGTH: 1

2025-03-05 03:45:13,423 - INFO - EVENT: Internal Event | LOGICAL TIME: 122 | PHYSICAL TIME: 2025-03-05 03:45:13.42, MESSAGE QUEUE LENGTH: 0

2025-03-05 03:45:13,705 - INFO - EVENT: Send Msg | RECIPIENT: 1 and 3 | LOGICAL TIME: 123 | PHYSICAL TIME: 2025-03-05 03:45:13.70, MESSAGE QUEUE LENGTH: 0

2025-03-05 03:45:13,969 - INFO - EVENT: Internal Event | LOGICAL TIME: 124 | PHYSICAL TIME: 2025-03-05 03:45:13.96, MESSAGE QUEUE LENGTH: 0

2025-03-05 03:45:14,242 - INFO - EVENT: Receive Msg | SENDER: 3 | LOGICAL TIME: 126 | PHYSICAL TIME: 2025-03-05 03:45:14.00, MESSAGE QUEUE LENGTH: 1

2025-03-05 03:45:14,523 - INFO - EVENT: Internal Event | LOGICAL TIME: 127 | PHYSICAL TIME: 2025-03-05 03:45:14.52, MESSAGE QUEUE LENGTH: 0

2025-03-05 03:45:14,806 - INFO - EVENT: Internal Event | LOGICAL TIME: 128 | PHYSICAL TIME: 2025-03-05 03:45:14.80, MESSAGE QUEUE LENGTH: 0

2025-03-05 03:45:15,072 - INFO - EVENT: Send Msg | RECIPIENT: 1 and 3 | LOGICAL TIME: 129 | PHYSICAL TIME: 2025-03-05 03:45:15.07, MESSAGE QUEUE LENGTH: 0

2025-03-05 03:45:15,374 - INFO - EVENT: Internal Event | LOGICAL TIME: 130 | PHYSICAL TIME: 2025-03-05 03:45:15.37, MESSAGE QUEUE LENGTH: 0

2025-03-05 03:45:15,676 - INFO - EVENT: Internal Event | LOGICAL TIME: 131 | PHYSICAL TIME: 2025-03-05 03:45:15.67, MESSAGE QUEUE LENGTH: 0

2025-03-05 03:45:15,974 - INFO - EVENT: Internal Event | LOGICAL TIME: 132 | PHYSICAL TIME: 2025-03-05 03:45:15.97, MESSAGE QUEUE LENGTH: 0

2025-03-05 03:45:16,276 - INFO - EVENT: Receive Msg | SENDER: 3 | LOGICAL TIME: 134 | PHYSICAL TIME: 2025-03-05 03:45:16.00, MESSAGE QUEUE LENGTH: 1

2025-03-05 03:45:16,589 - INFO - EVENT: Internal Event | LOGICAL TIME: 135 | PHYSICAL TIME: 2025-03-05 03:45:16.58, MESSAGE QUEUE LENGTH: 0

2025-03-05 03:45:16,844 - INFO - EVENT: Send Msg | RECIPIENT: 3 | LOGICAL TIME: 136 | PHYSICAL TIME: 2025-03-05 03:45:16.84, MESSAGE QUEUE LENGTH: 0

2025-03-05 03:45:17,157 - INFO - EVENT: Send Msg | RECIPIENT: 1 and 3 | LOGICAL TIME: 137 | PHYSICAL TIME: 2025-03-05 03:45:17.15, MESSAGE QUEUE LENGTH: 0

2025-03-05 03:45:17,413 - INFO - EVENT: Internal Event | LOGICAL TIME: 138 | PHYSICAL TIME: 2025-03-05 03:45:17.41, MESSAGE QUEUE LENGTH: 0

2025-03-05 03:45:17,726 - INFO - EVENT: Internal Event | LOGICAL TIME: 139 | PHYSICAL TIME: 2025-03-05 03:45:17.72, MESSAGE QUEUE LENGTH: 0

2025-03-05 03:45:17,993 - INFO - EVENT: Send Msg | RECIPIENT: 3 | LOGICAL TIME: 140 | PHYSICAL TIME: 2025-03-05 03:45:17.99, MESSAGE QUEUE LENGTH: 0

2025-03-05 03:45:18,394 - INFO - EVENT: Send Msg | RECIPIENT: 1 | LOGICAL TIME: 141 | PHYSICAL TIME: 2025-03-05 03:45:18.39, MESSAGE QUEUE LENGTH: 0

2025-03-05 03:45:18,661 - INFO - EVENT: Internal Event | LOGICAL TIME: 142 | PHYSICAL TIME: 2025-03-05 03:45:18.66, MESSAGE QUEUE LENGTH: 0

2025-03-05 03:45:18,994 - INFO - EVENT: Internal Event | LOGICAL TIME: 143 | PHYSICAL TIME: 2025-03-05 03:45:18.99, MESSAGE QUEUE LENGTH: 0

2025-03-05 03:45:19,261 - INFO - EVENT: Internal Event | LOGICAL TIME: 144 | PHYSICAL TIME: 2025-03-05 03:45:19.26, MESSAGE QUEUE LENGTH: 0

2025-03-05 03:45:19,595 - INFO - EVENT: Internal Event | LOGICAL TIME: 145 | PHYSICAL TIME: 2025-03-05 03:45:19.59, MESSAGE QUEUE LENGTH: 0

2025-03-05 03:45:19,927 - INFO - EVENT: Receive Msg | SENDER: 3 | LOGICAL TIME: 147 | PHYSICAL TIME: 2025-03-05 03:45:19.00, MESSAGE QUEUE LENGTH: 1

2025-03-05 03:45:20,229 - INFO - EVENT: Internal Event | LOGICAL TIME: 148 | PHYSICAL TIME: 2025-03-05 03:45:20.22, MESSAGE QUEUE LENGTH: 0

2025-03-05 03:45:20,544 - INFO - EVENT: Receive Msg | SENDER: 3 | LOGICAL TIME: 149 | PHYSICAL TIME: 2025-03-05 03:45:20.00, MESSAGE QUEUE LENGTH: 1

2025-03-05 03:45:20,996 - INFO - EVENT: Receive Msg | SENDER: 3 | LOGICAL TIME: 151 | PHYSICAL TIME: 2025-03-05 03:45:20.00, MESSAGE QUEUE LENGTH: 1

2025-03-05 03:45:21,346 - INFO - EVENT: Receive Msg | SENDER: 3 | LOGICAL TIME: 152 | PHYSICAL TIME: 2025-03-05 03:45:21.00, MESSAGE QUEUE LENGTH: 1

2025-03-05 03:45:21,664 - INFO - EVENT: Receive Msg | SENDER: 3 | LOGICAL TIME: 153 | PHYSICAL TIME: 2025-03-05 03:45:21.00, MESSAGE QUEUE LENGTH: 1

2025-03-05 03:45:21,962 - INFO - EVENT: Send Msg | RECIPIENT: 1 | LOGICAL TIME: 154 | PHYSICAL TIME: 2025-03-05 03:45:21.96, MESSAGE QUEUE LENGTH: 0

2025-03-05 03:45:22,243 - INFO - EVENT: Send Msg | RECIPIENT: 1 and 3 | LOGICAL TIME: 155 | PHYSICAL TIME: 2025-03-05 03:45:22.24, MESSAGE QUEUE LENGTH: 0

2025-03-05 03:45:22,498 - INFO - EVENT: Internal Event | LOGICAL TIME: 156 | PHYSICAL TIME: 2025-03-05 03:45:22.49, MESSAGE QUEUE LENGTH: 0

2025-03-05 03:45:22,797 - INFO - EVENT: Send Msg | RECIPIENT: 1 and 3 | LOGICAL TIME: 157 | PHYSICAL TIME: 2025-03-05 03:45:22.79, MESSAGE QUEUE LENGTH: 0

2025-03-05 03:45:23,112 - INFO - EVENT: Internal Event | LOGICAL TIME: 158 | PHYSICAL TIME: 2025-03-05 03:45:23.11, MESSAGE QUEUE LENGTH: 0

2025-03-05 03:45:23,425 - INFO - EVENT: Send Msg | RECIPIENT: 3 | LOGICAL TIME: 159 | PHYSICAL TIME: 2025-03-05 03:45:23.42, MESSAGE QUEUE LENGTH: 0

2025-03-05 03:45:23,730 - INFO - EVENT: Receive Msg | SENDER: 1 | LOGICAL TIME: 160 | PHYSICAL TIME: 2025-03-05 03:45:23.00, MESSAGE QUEUE LENGTH: 1

2025-03-05 03:45:23,982 - INFO - EVENT: Internal Event | LOGICAL TIME: 161 | PHYSICAL TIME: 2025-03-05 03:45:23.98, MESSAGE QUEUE LENGTH: 0

2025-03-05 03:45:24,300 - INFO - EVENT: Send Msg | RECIPIENT: 3 | LOGICAL TIME: 162 | PHYSICAL TIME: 2025-03-05 03:45:24.30, MESSAGE QUEUE LENGTH: 0

2025-03-05 03:45:24,662 - INFO - EVENT: Send Msg | RECIPIENT: 1 | LOGICAL TIME: 163 | PHYSICAL TIME: 2025-03-05 03:45:24.66, MESSAGE QUEUE LENGTH: 0

2025-03-05 03:45:24,931 - INFO - EVENT: Send Msg | RECIPIENT: 1 | LOGICAL TIME: 164 | PHYSICAL TIME: 2025-03-05 03:45:24.93, MESSAGE QUEUE LENGTH: 0

2025-03-05 03:45:25,216 - INFO - EVENT: Internal Event | LOGICAL TIME: 165 | PHYSICAL TIME: 2025-03-05 03:45:25.21, MESSAGE QUEUE LENGTH: 0

2025-03-05 03:45:25,499 - INFO - EVENT: Internal Event | LOGICAL TIME: 166 | PHYSICAL TIME: 2025-03-05 03:45:25.49, MESSAGE QUEUE LENGTH: 0

2025-03-05 03:45:25,768 - INFO - EVENT: Send Msg | RECIPIENT: 3 | LOGICAL TIME: 167 | PHYSICAL TIME: 2025-03-05 03:45:25.76, MESSAGE QUEUE LENGTH: 0

2025-03-05 03:45:26,067 - INFO - EVENT: Internal Event | LOGICAL TIME: 168 | PHYSICAL TIME: 2025-03-05 03:45:26.06, MESSAGE QUEUE LENGTH: 0

2025-03-05 03:45:26,352 - INFO - EVENT: Internal Event | LOGICAL TIME: 169 | PHYSICAL TIME: 2025-03-05 03:45:26.35, MESSAGE QUEUE LENGTH: 0

2025-03-05 03:45:26,646 - INFO - EVENT: Receive Msg | SENDER: 3 | LOGICAL TIME: 170 | PHYSICAL TIME: 2025-03-05 03:45:26.00, MESSAGE QUEUE LENGTH: 2

2025-03-05 03:45:26,916 - INFO - EVENT: Receive Msg | SENDER: 1 | LOGICAL TIME: 171 | PHYSICAL TIME: 2025-03-05 03:45:26.00, MESSAGE QUEUE LENGTH: 1

2025-03-05 03:45:27,201 - INFO - EVENT: Send Msg | RECIPIENT: 1 and 3 | LOGICAL TIME: 172 | PHYSICAL TIME: 2025-03-05 03:45:27.20, MESSAGE QUEUE LENGTH: 0

2025-03-05 03:45:27,468 - INFO - EVENT: Receive Msg | SENDER: 1 | LOGICAL TIME: 173 | PHYSICAL TIME: 2025-03-05 03:45:27.00, MESSAGE QUEUE LENGTH: 1

2025-03-05 03:45:27,751 - INFO - EVENT: Send Msg | RECIPIENT: 1 and 3 | LOGICAL TIME: 174 | PHYSICAL TIME: 2025-03-05 03:45:27.75, MESSAGE QUEUE LENGTH: 0

2025-03-05 03:45:28,126 - INFO - EVENT: Send Msg | RECIPIENT: 1 and 3 | LOGICAL TIME: 175 | PHYSICAL TIME: 2025-03-05 03:45:28.12, MESSAGE QUEUE LENGTH: 0

2025-03-05 03:45:28,385 - INFO - EVENT: Send Msg | RECIPIENT: 3 | LOGICAL TIME: 176 | PHYSICAL TIME: 2025-03-05 03:45:28.38, MESSAGE QUEUE LENGTH: 0

2025-03-05 03:45:28,670 - INFO - EVENT: Internal Event | LOGICAL TIME: 177 | PHYSICAL TIME: 2025-03-05 03:45:28.67, MESSAGE QUEUE LENGTH: 0

2025-03-05 03:45:28,985 - INFO - EVENT: Send Msg | RECIPIENT: 1 and 3 | LOGICAL TIME: 178 | PHYSICAL TIME: 2025-03-05 03:45:28.98, MESSAGE QUEUE LENGTH: 0

2025-03-05 03:45:29,282 - INFO - EVENT: Send Msg | RECIPIENT: 3 | LOGICAL TIME: 179 | PHYSICAL TIME: 2025-03-05 03:45:29.28, MESSAGE QUEUE LENGTH: 0

2025-03-05 03:45:29,553 - INFO - EVENT: Internal Event | LOGICAL TIME: 180 | PHYSICAL TIME: 2025-03-05 03:45:29.55, MESSAGE QUEUE LENGTH: 0

2025-03-05 03:45:29,817 - INFO - EVENT: Internal Event | LOGICAL TIME: 181 | PHYSICAL TIME: 2025-03-05 03:45:29.81, MESSAGE QUEUE LENGTH: 0

2025-03-05 03:45:30,114 - INFO - EVENT: Internal Event | LOGICAL TIME: 182 | PHYSICAL TIME: 2025-03-05 03:45:30.11, MESSAGE QUEUE LENGTH: 0

2025-03-05 03:45:30,371 - INFO - EVENT: Internal Event | LOGICAL TIME: 183 | PHYSICAL TIME: 2025-03-05 03:45:30.37, MESSAGE QUEUE LENGTH: 0

2025-03-05 03:45:30,637 - INFO - EVENT: Send Msg | RECIPIENT: 1 and 3 | LOGICAL TIME: 184 | PHYSICAL TIME: 2025-03-05 03:45:30.63, MESSAGE QUEUE LENGTH: 0

2025-03-05 03:45:30,892 - INFO - EVENT: Internal Event | LOGICAL TIME: 185 | PHYSICAL TIME: 2025-03-05 03:45:30.89, MESSAGE QUEUE LENGTH: 0

2025-03-05 03:45:31,239 - INFO - EVENT: Receive Msg | SENDER: 3 | LOGICAL TIME: 187 | PHYSICAL TIME: 2025-03-05 03:45:31.00, MESSAGE QUEUE LENGTH: 1

2025-03-05 03:45:31,533 - INFO - EVENT: Send Msg | RECIPIENT: 3 | LOGICAL TIME: 188 | PHYSICAL TIME: 2025-03-05 03:45:31.53, MESSAGE QUEUE LENGTH: 0

2025-03-05 03:45:31,837 - INFO - EVENT: Receive Msg | SENDER: 3 | LOGICAL TIME: 189 | PHYSICAL TIME: 2025-03-05 03:45:31.00, MESSAGE QUEUE LENGTH: 1

2025-03-05 03:45:32,089 - INFO - EVENT: Send Msg | RECIPIENT: 3 | LOGICAL TIME: 190 | PHYSICAL TIME: 2025-03-05 03:45:32.08, MESSAGE QUEUE LENGTH: 0

2025-03-05 03:45:32,403 - INFO - EVENT: Send Msg | RECIPIENT: 1 | LOGICAL TIME: 191 | PHYSICAL TIME: 2025-03-05 03:45:32.40, MESSAGE QUEUE LENGTH: 0

2025-03-05 03:45:32,673 - INFO - EVENT: Internal Event | LOGICAL TIME: 192 | PHYSICAL TIME: 2025-03-05 03:45:32.67, MESSAGE QUEUE LENGTH: 0

2025-03-05 03:45:32,940 - INFO - EVENT: Receive Msg | SENDER: 3 | LOGICAL TIME: 194 | PHYSICAL TIME: 2025-03-05 03:45:32.00, MESSAGE QUEUE LENGTH: 1

2025-03-05 03:45:33,223 - INFO - EVENT: Internal Event | LOGICAL TIME: 195 | PHYSICAL TIME: 2025-03-05 03:45:33.22, MESSAGE QUEUE LENGTH: 0

2025-03-05 03:45:33,507 - INFO - EVENT: Internal Event | LOGICAL TIME: 196 | PHYSICAL TIME: 2025-03-05 03:45:33.50, MESSAGE QUEUE LENGTH: 0

2025-03-05 03:45:33,791 - INFO - EVENT: Internal Event | LOGICAL TIME: 197 | PHYSICAL TIME: 2025-03-05 03:45:33.79, MESSAGE QUEUE LENGTH: 0

2025-03-05 03:45:34,073 - INFO - EVENT: Internal Event | LOGICAL TIME: 198 | PHYSICAL TIME: 2025-03-05 03:45:34.07, MESSAGE QUEUE LENGTH: 0

2025-03-05 03:45:34,339 - INFO - EVENT: Send Msg | RECIPIENT: 3 | LOGICAL TIME: 199 | PHYSICAL TIME: 2025-03-05 03:45:34.33, MESSAGE QUEUE LENGTH: 0

2025-03-05 03:45:34,623 - INFO - EVENT: Receive Msg | SENDER: 1 | LOGICAL TIME: 200 | PHYSICAL TIME: 2025-03-05 03:45:34.00, MESSAGE QUEUE LENGTH: 1

2025-03-05 03:45:34,880 - INFO - EVENT: Internal Event | LOGICAL TIME: 201 | PHYSICAL TIME: 2025-03-05 03:45:34.88, MESSAGE QUEUE LENGTH: 0

2025-03-05 03:45:35,205 - INFO - EVENT: Send Msg | RECIPIENT: 1 and 3 | LOGICAL TIME: 202 | PHYSICAL TIME: 2025-03-05 03:45:35.20, MESSAGE QUEUE LENGTH: 0

2025-03-05 03:45:35,458 - INFO - EVENT: Send Msg | RECIPIENT: 3 | LOGICAL TIME: 203 | PHYSICAL TIME: 2025-03-05 03:45:35.45, MESSAGE QUEUE LENGTH: 0

2025-03-05 03:45:35,743 - INFO - EVENT: Internal Event | LOGICAL TIME: 204 | PHYSICAL TIME: 2025-03-05 03:45:35.74, MESSAGE QUEUE LENGTH: 0

2025-03-05 03:45:36,054 - INFO - EVENT: Internal Event | LOGICAL TIME: 205 | PHYSICAL TIME: 2025-03-05 03:45:36.05, MESSAGE QUEUE LENGTH: 0

2025-03-05 03:45:36,312 - INFO - EVENT: Internal Event | LOGICAL TIME: 206 | PHYSICAL TIME: 2025-03-05 03:45:36.31, MESSAGE QUEUE LENGTH: 0

2025-03-05 03:45:36,673 - INFO - EVENT: Internal Event | LOGICAL TIME: 207 | PHYSICAL TIME: 2025-03-05 03:45:36.67, MESSAGE QUEUE LENGTH: 0

2025-03-05 03:45:36,924 - INFO - EVENT: Send Msg | RECIPIENT: 1 | LOGICAL TIME: 208 | PHYSICAL TIME: 2025-03-05 03:45:36.92, MESSAGE QUEUE LENGTH: 0

2025-03-05 03:45:37,189 - INFO - EVENT: Receive Msg | SENDER: 3 | LOGICAL TIME: 210 | PHYSICAL TIME: 2025-03-05 03:45:37.00, MESSAGE QUEUE LENGTH: 1

2025-03-05 03:45:37,652 - INFO - EVENT: Send Msg | RECIPIENT: 1 | LOGICAL TIME: 211 | PHYSICAL TIME: 2025-03-05 03:45:37.65, MESSAGE QUEUE LENGTH: 0

2025-03-05 03:45:37,905 - INFO - EVENT: Receive Msg | SENDER: 3 | LOGICAL TIME: 212 | PHYSICAL TIME: 2025-03-05 03:45:37.00, MESSAGE QUEUE LENGTH: 1

2025-03-05 03:45:38,210 - INFO - EVENT: Internal Event | LOGICAL TIME: 213 | PHYSICAL TIME: 2025-03-05 03:45:38.21, MESSAGE QUEUE LENGTH: 0

2025-03-05 03:45:38,476 - INFO - EVENT: Internal Event | LOGICAL TIME: 214 | PHYSICAL TIME: 2025-03-05 03:45:38.47, MESSAGE QUEUE LENGTH: 0

2025-03-05 03:45:38,744 - INFO - EVENT: Receive Msg | SENDER: 1 | LOGICAL TIME: 215 | PHYSICAL TIME: 2025-03-05 03:45:38.00, MESSAGE QUEUE LENGTH: 1

2025-03-05 03:45:39,026 - INFO - EVENT: Internal Event | LOGICAL TIME: 216 | PHYSICAL TIME: 2025-03-05 03:45:39.02, MESSAGE QUEUE LENGTH: 0

2025-03-05 03:45:39,307 - INFO - EVENT: Internal Event | LOGICAL TIME: 217 | PHYSICAL TIME: 2025-03-05 03:45:39.30, MESSAGE QUEUE LENGTH: 0

2025-03-05 03:45:39,563 - INFO - EVENT: Internal Event | LOGICAL TIME: 218 | PHYSICAL TIME: 2025-03-05 03:45:39.56, MESSAGE QUEUE LENGTH: 0

2025-03-05 03:45:39,853 - INFO - EVENT: Internal Event | LOGICAL TIME: 219 | PHYSICAL TIME: 2025-03-05 03:45:39.85, MESSAGE QUEUE LENGTH: 0

2025-03-05 03:45:40,176 - INFO - EVENT: Internal Event | LOGICAL TIME: 220 | PHYSICAL TIME: 2025-03-05 03:45:40.17, MESSAGE QUEUE LENGTH: 0

2025-03-05 03:45:40,446 - INFO - EVENT: Internal Event | LOGICAL TIME: 221 | PHYSICAL TIME: 2025-03-05 03:45:40.44, MESSAGE QUEUE LENGTH: 0

2025-03-05 03:45:40,709 - INFO - EVENT: Internal Event | LOGICAL TIME: 222 | PHYSICAL TIME: 2025-03-05 03:45:40.70, MESSAGE QUEUE LENGTH: 0

2025-03-05 03:45:40,963 - INFO - EVENT: Internal Event | LOGICAL TIME: 223 | PHYSICAL TIME: 2025-03-05 03:45:40.96, MESSAGE QUEUE LENGTH: 0

2025-03-05 03:45:41,231 - INFO - EVENT: Internal Event | LOGICAL TIME: 224 | PHYSICAL TIME: 2025-03-05 03:45:41.23, MESSAGE QUEUE LENGTH: 0

2025-03-05 03:45:41,545 - INFO - EVENT: Receive Msg | SENDER: 3 | LOGICAL TIME: 225 | PHYSICAL TIME: 2025-03-05 03:45:41.00, MESSAGE QUEUE LENGTH: 1

2025-03-05 03:45:41,814 - INFO - EVENT: Receive Msg | SENDER: 3 | LOGICAL TIME: 226 | PHYSICAL TIME: 2025-03-05 03:45:41.00, MESSAGE QUEUE LENGTH: 1

2025-03-05 03:45:42,129 - INFO - EVENT: Receive Msg | SENDER: 3 | LOGICAL TIME: 227 | PHYSICAL TIME: 2025-03-05 03:45:41.00, MESSAGE QUEUE LENGTH: 1

2025-03-05 03:45:42,430 - INFO - EVENT: Receive Msg | SENDER: 3 | LOGICAL TIME: 228 | PHYSICAL TIME: 2025-03-05 03:45:42.00, MESSAGE QUEUE LENGTH: 1

2025-03-05 03:45:42,730 - INFO - EVENT: Receive Msg | SENDER: 3 | LOGICAL TIME: 229 | PHYSICAL TIME: 2025-03-05 03:45:42.00, MESSAGE QUEUE LENGTH: 1

2025-03-05 03:45:42,997 - INFO - EVENT: Internal Event | LOGICAL TIME: 230 | PHYSICAL TIME: 2025-03-05 03:45:42.99, MESSAGE QUEUE LENGTH: 0

2025-03-05 03:45:43,298 - INFO - EVENT: Send Msg | RECIPIENT: 1 | LOGICAL TIME: 231 | PHYSICAL TIME: 2025-03-05 03:45:43.29, MESSAGE QUEUE LENGTH: 0

2025-03-05 03:45:43,630 - INFO - EVENT: Internal Event | LOGICAL TIME: 232 | PHYSICAL TIME: 2025-03-05 03:45:43.63, MESSAGE QUEUE LENGTH: 0

2025-03-05 03:45:43,913 - INFO - EVENT: Internal Event | LOGICAL TIME: 233 | PHYSICAL TIME: 2025-03-05 03:45:43.91, MESSAGE QUEUE LENGTH: 0

2025-03-05 03:45:44,167 - INFO - EVENT: Internal Event | LOGICAL TIME: 234 | PHYSICAL TIME: 2025-03-05 03:45:44.16, MESSAGE QUEUE LENGTH: 0

2025-03-05 03:45:44,445 - INFO - EVENT: Internal Event | LOGICAL TIME: 235 | PHYSICAL TIME: 2025-03-05 03:45:44.44, MESSAGE QUEUE LENGTH: 0

2025-03-05 03:45:44,698 - INFO - EVENT: Internal Event | LOGICAL TIME: 236 | PHYSICAL TIME: 2025-03-05 03:45:44.69, MESSAGE QUEUE LENGTH: 0

2025-03-05 03:45:45,032 - INFO - EVENT: Internal Event | LOGICAL TIME: 237 | PHYSICAL TIME: 2025-03-05 03:45:45.03, MESSAGE QUEUE LENGTH: 0

