2025-03-05 03:46:19,179 - INFO - Clock rate for client 1: 4 events per second
2025-03-05 03:46:19,971 - INFO - EVENT: Receive Msg | SENDER: 3 | LOGICAL TIME: 1 | PHYSICAL TIME: 2025-03-05 03:46:19.00, MESSAGE QUEUE LENGTH: 2

2025-03-05 03:46:20,377 - INFO - EVENT: Receive Msg | SENDER: 2 | LOGICAL TIME: 2 | PHYSICAL TIME: 2025-03-05 03:46:19.00, MESSAGE QUEUE LENGTH: 1

2025-03-05 03:46:20,711 - INFO - EVENT: Internal Event | LOGICAL TIME: 3 | PHYSICAL TIME: 2025-03-05 03:46:20.71, MESSAGE QUEUE LENGTH: 0

2025-03-05 03:46:21,028 - INFO - EVENT: Send Msg | RECIPIENT: 2 and 3 | LOGICAL TIME: 4 | PHYSICAL TIME: 2025-03-05 03:46:21.02, MESSAGE QUEUE LENGTH: 0

2025-03-05 03:46:21,311 - INFO - EVENT: Internal Event | LOGICAL TIME: 5 | PHYSICAL TIME: 2025-03-05 03:46:21.31, MESSAGE QUEUE LENGTH: 0

2025-03-05 03:46:21,663 - INFO - EVENT: Internal Event | LOGICAL TIME: 6 | PHYSICAL TIME: 2025-03-05 03:46:21.66, MESSAGE QUEUE LENGTH: 0

2025-03-05 03:46:21,925 - INFO - EVENT: Internal Event | LOGICAL TIME: 7 | PHYSICAL TIME: 2025-03-05 03:46:21.92, MESSAGE QUEUE LENGTH: 0

2025-03-05 03:46:22,263 - INFO - EVENT: Send Msg | RECIPIENT: 2 and 3 | LOGICAL TIME: 8 | PHYSICAL TIME: 2025-03-05 03:46:22.26, MESSAGE QUEUE LENGTH: 0

2025-03-05 03:46:22,523 - INFO - EVENT: Internal Event | LOGICAL TIME: 9 | PHYSICAL TIME: 2025-03-05 03:46:22.52, MESSAGE QUEUE LENGTH: 0

2025-03-05 03:46:22,893 - INFO - EVENT: Internal Event | LOGICAL TIME: 10 | PHYSICAL TIME: 2025-03-05 03:46:22.89, MESSAGE QUEUE LENGTH: 0

2025-03-05 03:46:23,146 - INFO - EVENT: Internal Event | LOGICAL TIME: 11 | PHYSICAL TIME: 2025-03-05 03:46:23.14, MESSAGE QUEUE LENGTH: 0

2025-03-05 03:46:23,412 - INFO - EVENT: Receive Msg | SENDER: 3 | LOGICAL TIME: 12 | PHYSICAL TIME: 2025-03-05 03:46:23.00, MESSAGE QUEUE LENGTH: 1

2025-03-05 03:46:23,663 - INFO - EVENT: Internal Event | LOGICAL TIME: 13 | PHYSICAL TIME: 2025-03-05 03:46:23.66, MESSAGE QUEUE LENGTH: 0

2025-03-05 03:46:23,915 - INFO - EVENT: Receive Msg | SENDER: 2 | LOGICAL TIME: 14 | PHYSICAL TIME: 2025-03-05 03:46:23.00, MESSAGE QUEUE LENGTH: 2

2025-03-05 03:46:24,232 - INFO - EVENT: Receive Msg | SENDER: 3 | LOGICAL TIME: 15 | PHYSICAL TIME: 2025-03-05 03:46:23.00, MESSAGE QUEUE LENGTH: 1

2025-03-05 03:46:24,513 - INFO - EVENT: Receive Msg | SENDER: 3 | LOGICAL TIME: 16 | PHYSICAL TIME: 2025-03-05 03:46:24.00, MESSAGE QUEUE LENGTH: 1

2025-03-05 03:46:24,777 - INFO - EVENT: Send Msg | RECIPIENT: 2 | LOGICAL TIME: 17 | PHYSICAL TIME: 2025-03-05 03:46:24.77, MESSAGE QUEUE LENGTH: 0

2025-03-05 03:46:25,049 - INFO - EVENT: Receive Msg | SENDER: 3 | LOGICAL TIME: 18 | PHYSICAL TIME: 2025-03-05 03:46:24.00, MESSAGE QUEUE LENGTH: 1

2025-03-05 03:46:25,332 - INFO - EVENT: Internal Event | LOGICAL TIME: 19 | PHYSICAL TIME: 2025-03-05 03:46:25.33, MESSAGE QUEUE LENGTH: 0

2025-03-05 03:46:25,594 - INFO - EVENT: Send Msg | RECIPIENT: 2 and 3 | LOGICAL TIME: 20 | PHYSICAL TIME: 2025-03-05 03:46:25.59, MESSAGE QUEUE LENGTH: 0

2025-03-05 03:46:25,980 - INFO - EVENT: Internal Event | LOGICAL TIME: 21 | PHYSICAL TIME: 2025-03-05 03:46:25.98, MESSAGE QUEUE LENGTH: 0

2025-03-05 03:46:26,280 - INFO - EVENT: Internal Event | LOGICAL TIME: 22 | PHYSICAL TIME: 2025-03-05 03:46:26.28, MESSAGE QUEUE LENGTH: 0

2025-03-05 03:46:26,649 - INFO - EVENT: Internal Event | LOGICAL TIME: 23 | PHYSICAL TIME: 2025-03-05 03:46:26.64, MESSAGE QUEUE LENGTH: 0

2025-03-05 03:46:26,964 - INFO - EVENT: Internal Event | LOGICAL TIME: 24 | PHYSICAL TIME: 2025-03-05 03:46:26.96, MESSAGE QUEUE LENGTH: 0

2025-03-05 03:46:27,234 - INFO - EVENT: Send Msg | RECIPIENT: 2 | LOGICAL TIME: 25 | PHYSICAL TIME: 2025-03-05 03:46:27.23, MESSAGE QUEUE LENGTH: 0

2025-03-05 03:46:27,600 - INFO - EVENT: Internal Event | LOGICAL TIME: 26 | PHYSICAL TIME: 2025-03-05 03:46:27.60, MESSAGE QUEUE LENGTH: 0

2025-03-05 03:46:27,883 - INFO - EVENT: Send Msg | RECIPIENT: 3 | LOGICAL TIME: 27 | PHYSICAL TIME: 2025-03-05 03:46:27.88, MESSAGE QUEUE LENGTH: 0

2025-03-05 03:46:28,152 - INFO - EVENT: Internal Event | LOGICAL TIME: 28 | PHYSICAL TIME: 2025-03-05 03:46:28.15, MESSAGE QUEUE LENGTH: 0

2025-03-05 03:46:28,450 - INFO - EVENT: Internal Event | LOGICAL TIME: 29 | PHYSICAL TIME: 2025-03-05 03:46:28.45, MESSAGE QUEUE LENGTH: 0

2025-03-05 03:46:28,717 - INFO - EVENT: Receive Msg | SENDER: 2 | LOGICAL TIME: 31 | PHYSICAL TIME: 2025-03-05 03:46:28.00, MESSAGE QUEUE LENGTH: 1

2025-03-05 03:46:29,001 - INFO - EVENT: Send Msg | RECIPIENT: 3 | LOGICAL TIME: 32 | PHYSICAL TIME: 2025-03-05 03:46:29.00, MESSAGE QUEUE LENGTH: 0

2025-03-05 03:46:29,285 - INFO - EVENT: Internal Event | LOGICAL TIME: 33 | PHYSICAL TIME: 2025-03-05 03:46:29.28, MESSAGE QUEUE LENGTH: 0

2025-03-05 03:46:29,568 - INFO - EVENT: Internal Event | LOGICAL TIME: 34 | PHYSICAL TIME: 2025-03-05 03:46:29.56, MESSAGE QUEUE LENGTH: 0

2025-03-05 03:46:29,882 - INFO - EVENT: Send Msg | RECIPIENT: 3 | LOGICAL TIME: 35 | PHYSICAL TIME: 2025-03-05 03:46:29.88, MESSAGE QUEUE LENGTH: 0

2025-03-05 03:46:30,137 - INFO - EVENT: Internal Event | LOGICAL TIME: 36 | PHYSICAL TIME: 2025-03-05 03:46:30.13, MESSAGE QUEUE LENGTH: 0

2025-03-05 03:46:30,402 - INFO - EVENT: Internal Event | LOGICAL TIME: 37 | PHYSICAL TIME: 2025-03-05 03:46:30.40, MESSAGE QUEUE LENGTH: 0

2025-03-05 03:46:30,769 - INFO - EVENT: Send Msg | RECIPIENT: 2 and 3 | LOGICAL TIME: 38 | PHYSICAL TIME: 2025-03-05 03:46:30.76, MESSAGE QUEUE LENGTH: 0

2025-03-05 03:46:31,021 - INFO - EVENT: Send Msg | RECIPIENT: 2 | LOGICAL TIME: 39 | PHYSICAL TIME: 2025-03-05 03:46:31.02, MESSAGE QUEUE LENGTH: 0

2025-03-05 03:46:31,285 - INFO - EVENT: Internal Event | LOGICAL TIME: 40 | PHYSICAL TIME: 2025-03-05 03:46:31.28, MESSAGE QUEUE LENGTH: 0

2025-03-05 03:46:31,538 - INFO - EVENT: Send Msg | RECIPIENT: 2 and 3 | LOGICAL TIME: 41 | PHYSICAL TIME: 2025-03-05 03:46:31.53, MESSAGE QUEUE LENGTH: 0

2025-03-05 03:46:31,823 - INFO - EVENT: Internal Event | LOGICAL TIME: 42 | PHYSICAL TIME: 2025-03-05 03:46:31.82, MESSAGE QUEUE LENGTH: 0

2025-03-05 03:46:32,119 - INFO - EVENT: Internal Event | LOGICAL TIME: 43 | PHYSICAL TIME: 2025-03-05 03:46:32.11, MESSAGE QUEUE LENGTH: 0

2025-03-05 03:46:32,370 - INFO - EVENT: Internal Event | LOGICAL TIME: 44 | PHYSICAL TIME: 2025-03-05 03:46:32.37, MESSAGE QUEUE LENGTH: 0

2025-03-05 03:46:32,623 - INFO - EVENT: Receive Msg | SENDER: 2 | LOGICAL TIME: 45 | PHYSICAL TIME: 2025-03-05 03:46:32.00, MESSAGE QUEUE LENGTH: 1

2025-03-05 03:46:32,889 - INFO - EVENT: Receive Msg | SENDER: 2 | LOGICAL TIME: 46 | PHYSICAL TIME: 2025-03-05 03:46:32.00, MESSAGE QUEUE LENGTH: 1

2025-03-05 03:46:33,188 - INFO - EVENT: Receive Msg | SENDER: 2 | LOGICAL TIME: 47 | PHYSICAL TIME: 2025-03-05 03:46:32.00, MESSAGE QUEUE LENGTH: 1

2025-03-05 03:46:33,438 - INFO - EVENT: Internal Event | LOGICAL TIME: 48 | PHYSICAL TIME: 2025-03-05 03:46:33.43, MESSAGE QUEUE LENGTH: 0

2025-03-05 03:46:33,738 - INFO - EVENT: Receive Msg | SENDER: 2 | LOGICAL TIME: 49 | PHYSICAL TIME: 2025-03-05 03:46:33.00, MESSAGE QUEUE LENGTH: 1

2025-03-05 03:46:33,990 - INFO - EVENT: Internal Event | LOGICAL TIME: 50 | PHYSICAL TIME: 2025-03-05 03:46:33.99, MESSAGE QUEUE LENGTH: 0

2025-03-05 03:46:34,271 - INFO - EVENT: Internal Event | LOGICAL TIME: 51 | PHYSICAL TIME: 2025-03-05 03:46:34.27, MESSAGE QUEUE LENGTH: 0

2025-03-05 03:46:34,553 - INFO - EVENT: Internal Event | LOGICAL TIME: 52 | PHYSICAL TIME: 2025-03-05 03:46:34.55, MESSAGE QUEUE LENGTH: 0

2025-03-05 03:46:34,854 - INFO - EVENT: Internal Event | LOGICAL TIME: 53 | PHYSICAL TIME: 2025-03-05 03:46:34.85, MESSAGE QUEUE LENGTH: 0

2025-03-05 03:46:35,174 - INFO - EVENT: Send Msg | RECIPIENT: 2 and 3 | LOGICAL TIME: 54 | PHYSICAL TIME: 2025-03-05 03:46:35.17, MESSAGE QUEUE LENGTH: 0

2025-03-05 03:46:35,456 - INFO - EVENT: Internal Event | LOGICAL TIME: 55 | PHYSICAL TIME: 2025-03-05 03:46:35.45, MESSAGE QUEUE LENGTH: 0

2025-03-05 03:46:35,739 - INFO - EVENT: Internal Event | LOGICAL TIME: 56 | PHYSICAL TIME: 2025-03-05 03:46:35.73, MESSAGE QUEUE LENGTH: 0

2025-03-05 03:46:36,039 - INFO - EVENT: Internal Event | LOGICAL TIME: 57 | PHYSICAL TIME: 2025-03-05 03:46:36.03, MESSAGE QUEUE LENGTH: 0

2025-03-05 03:46:36,423 - INFO - EVENT: Receive Msg | SENDER: 3 | LOGICAL TIME: 58 | PHYSICAL TIME: 2025-03-05 03:46:35.00, MESSAGE QUEUE LENGTH: 1

2025-03-05 03:46:36,673 - INFO - EVENT: Internal Event | LOGICAL TIME: 59 | PHYSICAL TIME: 2025-03-05 03:46:36.67, MESSAGE QUEUE LENGTH: 0

2025-03-05 03:46:36,942 - INFO - EVENT: Internal Event | LOGICAL TIME: 60 | PHYSICAL TIME: 2025-03-05 03:46:36.94, MESSAGE QUEUE LENGTH: 0

2025-03-05 03:46:37,225 - INFO - EVENT: Receive Msg | SENDER: 3 | LOGICAL TIME: 61 | PHYSICAL TIME: 2025-03-05 03:46:37.00, MESSAGE QUEUE LENGTH: 1

2025-03-05 03:46:37,493 - INFO - EVENT: Internal Event | LOGICAL TIME: 62 | PHYSICAL TIME: 2025-03-05 03:46:37.49, MESSAGE QUEUE LENGTH: 0

2025-03-05 03:46:37,775 - INFO - EVENT: Receive Msg | SENDER: 3 | LOGICAL TIME: 63 | PHYSICAL TIME: 2025-03-05 03:46:37.00, MESSAGE QUEUE LENGTH: 1

2025-03-05 03:46:38,042 - INFO - EVENT: Internal Event | LOGICAL TIME: 64 | PHYSICAL TIME: 2025-03-05 03:46:38.04, MESSAGE QUEUE LENGTH: 0

2025-03-05 03:46:38,389 - INFO - EVENT: Receive Msg | SENDER: 2 | LOGICAL TIME: 65 | PHYSICAL TIME: 2025-03-05 03:46:38.00, MESSAGE QUEUE LENGTH: 1

2025-03-05 03:46:38,645 - INFO - EVENT: Internal Event | LOGICAL TIME: 66 | PHYSICAL TIME: 2025-03-05 03:46:38.64, MESSAGE QUEUE LENGTH: 0

2025-03-05 03:46:38,909 - INFO - EVENT: Internal Event | LOGICAL TIME: 67 | PHYSICAL TIME: 2025-03-05 03:46:38.90, MESSAGE QUEUE LENGTH: 0

2025-03-05 03:46:39,210 - INFO - EVENT: Send Msg | RECIPIENT: 2 and 3 | LOGICAL TIME: 68 | PHYSICAL TIME: 2025-03-05 03:46:39.21, MESSAGE QUEUE LENGTH: 0

2025-03-05 03:46:39,478 - INFO - EVENT: Receive Msg | SENDER: 2 | LOGICAL TIME: 69 | PHYSICAL TIME: 2025-03-05 03:46:39.00, MESSAGE QUEUE LENGTH: 1

2025-03-05 03:46:39,744 - INFO - EVENT: Internal Event | LOGICAL TIME: 70 | PHYSICAL TIME: 2025-03-05 03:46:39.74, MESSAGE QUEUE LENGTH: 0

2025-03-05 03:46:39,995 - INFO - EVENT: Internal Event | LOGICAL TIME: 71 | PHYSICAL TIME: 2025-03-05 03:46:39.99, MESSAGE QUEUE LENGTH: 0

2025-03-05 03:46:40,275 - INFO - EVENT: Internal Event | LOGICAL TIME: 72 | PHYSICAL TIME: 2025-03-05 03:46:40.27, MESSAGE QUEUE LENGTH: 0

2025-03-05 03:46:40,547 - INFO - EVENT: Internal Event | LOGICAL TIME: 73 | PHYSICAL TIME: 2025-03-05 03:46:40.54, MESSAGE QUEUE LENGTH: 0

2025-03-05 03:46:40,813 - INFO - EVENT: Receive Msg | SENDER: 2 | LOGICAL TIME: 75 | PHYSICAL TIME: 2025-03-05 03:46:40.00, MESSAGE QUEUE LENGTH: 1

2025-03-05 03:46:41,329 - INFO - EVENT: Send Msg | RECIPIENT: 3 | LOGICAL TIME: 76 | PHYSICAL TIME: 2025-03-05 03:46:41.32, MESSAGE QUEUE LENGTH: 0

2025-03-05 03:46:41,613 - INFO - EVENT: Internal Event | LOGICAL TIME: 77 | PHYSICAL TIME: 2025-03-05 03:46:41.61, MESSAGE QUEUE LENGTH: 0

2025-03-05 03:46:41,944 - INFO - EVENT: Receive Msg | SENDER: 2 | LOGICAL TIME: 78 | PHYSICAL TIME: 2025-03-05 03:46:41.00, MESSAGE QUEUE LENGTH: 1

2025-03-05 03:46:42,213 - INFO - EVENT: Internal Event | LOGICAL TIME: 79 | PHYSICAL TIME: 2025-03-05 03:46:42.21, MESSAGE QUEUE LENGTH: 0

2025-03-05 03:46:42,481 - INFO - EVENT: Receive Msg | SENDER: 2 | LOGICAL TIME: 80 | PHYSICAL TIME: 2025-03-05 03:46:42.00, MESSAGE QUEUE LENGTH: 1

2025-03-05 03:46:42,762 - INFO - EVENT: Internal Event | LOGICAL TIME: 81 | PHYSICAL TIME: 2025-03-05 03:46:42.76, MESSAGE QUEUE LENGTH: 0

2025-03-05 03:46:43,032 - INFO - EVENT: Internal Event | LOGICAL TIME: 82 | PHYSICAL TIME: 2025-03-05 03:46:43.03, MESSAGE QUEUE LENGTH: 0

2025-03-05 03:46:43,325 - INFO - EVENT: Internal Event | LOGICAL TIME: 83 | PHYSICAL TIME: 2025-03-05 03:46:43.32, MESSAGE QUEUE LENGTH: 0

2025-03-05 03:46:43,683 - INFO - EVENT: Internal Event | LOGICAL TIME: 84 | PHYSICAL TIME: 2025-03-05 03:46:43.68, MESSAGE QUEUE LENGTH: 0

2025-03-05 03:46:43,947 - INFO - EVENT: Internal Event | LOGICAL TIME: 85 | PHYSICAL TIME: 2025-03-05 03:46:43.94, MESSAGE QUEUE LENGTH: 0

2025-03-05 03:46:44,216 - INFO - EVENT: Send Msg | RECIPIENT: 2 | LOGICAL TIME: 86 | PHYSICAL TIME: 2025-03-05 03:46:44.21, MESSAGE QUEUE LENGTH: 0

2025-03-05 03:46:44,499 - INFO - EVENT: Receive Msg | SENDER: 2 | LOGICAL TIME: 87 | PHYSICAL TIME: 2025-03-05 03:46:44.00, MESSAGE QUEUE LENGTH: 1

2025-03-05 03:46:44,779 - INFO - EVENT: Internal Event | LOGICAL TIME: 88 | PHYSICAL TIME: 2025-03-05 03:46:44.77, MESSAGE QUEUE LENGTH: 0

2025-03-05 03:46:45,033 - INFO - EVENT: Send Msg | RECIPIENT: 2 and 3 | LOGICAL TIME: 89 | PHYSICAL TIME: 2025-03-05 03:46:45.03, MESSAGE QUEUE LENGTH: 0

2025-03-05 03:46:45,299 - INFO - EVENT: Internal Event | LOGICAL TIME: 90 | PHYSICAL TIME: 2025-03-05 03:46:45.29, MESSAGE QUEUE LENGTH: 0

2025-03-05 03:46:45,566 - INFO - EVENT: Send Msg | RECIPIENT: 2 | LOGICAL TIME: 91 | PHYSICAL TIME: 2025-03-05 03:46:45.56, MESSAGE QUEUE LENGTH: 0

2025-03-05 03:46:45,900 - INFO - EVENT: Send Msg | RECIPIENT: 2 | LOGICAL TIME: 92 | PHYSICAL TIME: 2025-03-05 03:46:45.90, MESSAGE QUEUE LENGTH: 0

2025-03-05 03:46:46,166 - INFO - EVENT: Send Msg | RECIPIENT: 2 and 3 | LOGICAL TIME: 93 | PHYSICAL TIME: 2025-03-05 03:46:46.16, MESSAGE QUEUE LENGTH: 0

2025-03-05 03:46:46,440 - INFO - EVENT: Send Msg | RECIPIENT: 3 | LOGICAL TIME: 94 | PHYSICAL TIME: 2025-03-05 03:46:46.44, MESSAGE QUEUE LENGTH: 0

2025-03-05 03:46:46,799 - INFO - EVENT: Internal Event | LOGICAL TIME: 95 | PHYSICAL TIME: 2025-03-05 03:46:46.79, MESSAGE QUEUE LENGTH: 0

2025-03-05 03:46:47,065 - INFO - EVENT: Internal Event | LOGICAL TIME: 96 | PHYSICAL TIME: 2025-03-05 03:46:47.06, MESSAGE QUEUE LENGTH: 0

2025-03-05 03:46:47,318 - INFO - EVENT: Receive Msg | SENDER: 2 | LOGICAL TIME: 98 | PHYSICAL TIME: 2025-03-05 03:46:47.00, MESSAGE QUEUE LENGTH: 1

2025-03-05 03:46:47,634 - INFO - EVENT: Internal Event | LOGICAL TIME: 99 | PHYSICAL TIME: 2025-03-05 03:46:47.63, MESSAGE QUEUE LENGTH: 0

2025-03-05 03:46:47,998 - INFO - EVENT: Internal Event | LOGICAL TIME: 100 | PHYSICAL TIME: 2025-03-05 03:46:47.99, MESSAGE QUEUE LENGTH: 0

2025-03-05 03:46:48,250 - INFO - EVENT: Internal Event | LOGICAL TIME: 101 | PHYSICAL TIME: 2025-03-05 03:46:48.25, MESSAGE QUEUE LENGTH: 0

2025-03-05 03:46:48,502 - INFO - EVENT: Internal Event | LOGICAL TIME: 102 | PHYSICAL TIME: 2025-03-05 03:46:48.50, MESSAGE QUEUE LENGTH: 0

2025-03-05 03:46:48,801 - INFO - EVENT: Send Msg | RECIPIENT: 3 | LOGICAL TIME: 103 | PHYSICAL TIME: 2025-03-05 03:46:48.80, MESSAGE QUEUE LENGTH: 0

2025-03-05 03:46:49,085 - INFO - EVENT: Internal Event | LOGICAL TIME: 104 | PHYSICAL TIME: 2025-03-05 03:46:49.08, MESSAGE QUEUE LENGTH: 0

2025-03-05 03:46:49,384 - INFO - EVENT: Internal Event | LOGICAL TIME: 105 | PHYSICAL TIME: 2025-03-05 03:46:49.38, MESSAGE QUEUE LENGTH: 0

2025-03-05 03:46:49,667 - INFO - EVENT: Internal Event | LOGICAL TIME: 106 | PHYSICAL TIME: 2025-03-05 03:46:49.66, MESSAGE QUEUE LENGTH: 0

2025-03-05 03:46:49,921 - INFO - EVENT: Receive Msg | SENDER: 3 | LOGICAL TIME: 107 | PHYSICAL TIME: 2025-03-05 03:46:49.00, MESSAGE QUEUE LENGTH: 1

2025-03-05 03:46:50,216 - INFO - EVENT: Send Msg | RECIPIENT: 2 | LOGICAL TIME: 108 | PHYSICAL TIME: 2025-03-05 03:46:50.21, MESSAGE QUEUE LENGTH: 0

2025-03-05 03:46:50,466 - INFO - EVENT: Internal Event | LOGICAL TIME: 109 | PHYSICAL TIME: 2025-03-05 03:46:50.46, MESSAGE QUEUE LENGTH: 0

2025-03-05 03:46:50,770 - INFO - EVENT: Internal Event | LOGICAL TIME: 110 | PHYSICAL TIME: 2025-03-05 03:46:50.77, MESSAGE QUEUE LENGTH: 0

2025-03-05 03:46:51,119 - INFO - EVENT: Send Msg | RECIPIENT: 3 | LOGICAL TIME: 111 | PHYSICAL TIME: 2025-03-05 03:46:51.11, MESSAGE QUEUE LENGTH: 0

2025-03-05 03:46:51,472 - INFO - EVENT: Internal Event | LOGICAL TIME: 112 | PHYSICAL TIME: 2025-03-05 03:46:51.47, MESSAGE QUEUE LENGTH: 0

2025-03-05 03:46:51,752 - INFO - EVENT: Receive Msg | SENDER: 2 | LOGICAL TIME: 114 | PHYSICAL TIME: 2025-03-05 03:46:51.00, MESSAGE QUEUE LENGTH: 1

2025-03-05 03:46:52,005 - INFO - EVENT: Internal Event | LOGICAL TIME: 115 | PHYSICAL TIME: 2025-03-05 03:46:52.00, MESSAGE QUEUE LENGTH: 0

2025-03-05 03:46:52,356 - INFO - EVENT: Internal Event | LOGICAL TIME: 116 | PHYSICAL TIME: 2025-03-05 03:46:52.35, MESSAGE QUEUE LENGTH: 0

2025-03-05 03:46:52,722 - INFO - EVENT: Internal Event | LOGICAL TIME: 117 | PHYSICAL TIME: 2025-03-05 03:46:52.72, MESSAGE QUEUE LENGTH: 0

2025-03-05 03:46:53,023 - INFO - EVENT: Internal Event | LOGICAL TIME: 118 | PHYSICAL TIME: 2025-03-05 03:46:53.02, MESSAGE QUEUE LENGTH: 0

2025-03-05 03:46:53,287 - INFO - EVENT: Internal Event | LOGICAL TIME: 119 | PHYSICAL TIME: 2025-03-05 03:46:53.28, MESSAGE QUEUE LENGTH: 0

2025-03-05 03:46:53,556 - INFO - EVENT: Receive Msg | SENDER: 3 | LOGICAL TIME: 120 | PHYSICAL TIME: 2025-03-05 03:46:53.00, MESSAGE QUEUE LENGTH: 1

2025-03-05 03:46:53,869 - INFO - EVENT: Receive Msg | SENDER: 2 | LOGICAL TIME: 122 | PHYSICAL TIME: 2025-03-05 03:46:53.00, MESSAGE QUEUE LENGTH: 1

2025-03-05 03:46:54,206 - INFO - EVENT: Internal Event | LOGICAL TIME: 123 | PHYSICAL TIME: 2025-03-05 03:46:54.20, MESSAGE QUEUE LENGTH: 0

2025-03-05 03:46:54,457 - INFO - EVENT: Receive Msg | SENDER: 2 | LOGICAL TIME: 124 | PHYSICAL TIME: 2025-03-05 03:46:54.00, MESSAGE QUEUE LENGTH: 1

2025-03-05 03:46:54,717 - INFO - EVENT: Internal Event | LOGICAL TIME: 125 | PHYSICAL TIME: 2025-03-05 03:46:54.71, MESSAGE QUEUE LENGTH: 0

2025-03-05 03:46:54,991 - INFO - EVENT: Receive Msg | SENDER: 3 | LOGICAL TIME: 126 | PHYSICAL TIME: 2025-03-05 03:46:54.00, MESSAGE QUEUE LENGTH: 1

2025-03-05 03:46:55,241 - INFO - EVENT: Internal Event | LOGICAL TIME: 127 | PHYSICAL TIME: 2025-03-05 03:46:55.24, MESSAGE QUEUE LENGTH: 0

2025-03-05 03:46:55,574 - INFO - EVENT: Receive Msg | SENDER: 3 | LOGICAL TIME: 128 | PHYSICAL TIME: 2025-03-05 03:46:55.00, MESSAGE QUEUE LENGTH: 1

2025-03-05 03:46:55,891 - INFO - EVENT: Internal Event | LOGICAL TIME: 129 | PHYSICAL TIME: 2025-03-05 03:46:55.89, MESSAGE QUEUE LENGTH: 0

2025-03-05 03:46:56,258 - INFO - EVENT: Internal Event | LOGICAL TIME: 130 | PHYSICAL TIME: 2025-03-05 03:46:56.25, MESSAGE QUEUE LENGTH: 0

2025-03-05 03:46:56,509 - INFO - EVENT: Internal Event | LOGICAL TIME: 131 | PHYSICAL TIME: 2025-03-05 03:46:56.50, MESSAGE QUEUE LENGTH: 0

2025-03-05 03:46:56,819 - INFO - EVENT: Send Msg | RECIPIENT: 2 and 3 | LOGICAL TIME: 132 | PHYSICAL TIME: 2025-03-05 03:46:56.81, MESSAGE QUEUE LENGTH: 0

2025-03-05 03:46:57,072 - INFO - EVENT: Send Msg | RECIPIENT: 2 | LOGICAL TIME: 133 | PHYSICAL TIME: 2025-03-05 03:46:57.07, MESSAGE QUEUE LENGTH: 0

2025-03-05 03:46:57,361 - INFO - EVENT: Internal Event | LOGICAL TIME: 134 | PHYSICAL TIME: 2025-03-05 03:46:57.36, MESSAGE QUEUE LENGTH: 0

2025-03-05 03:46:57,643 - INFO - EVENT: Internal Event | LOGICAL TIME: 135 | PHYSICAL TIME: 2025-03-05 03:46:57.64, MESSAGE QUEUE LENGTH: 0

2025-03-05 03:46:57,951 - INFO - EVENT: Send Msg | RECIPIENT: 3 | LOGICAL TIME: 136 | PHYSICAL TIME: 2025-03-05 03:46:57.95, MESSAGE QUEUE LENGTH: 0

2025-03-05 03:46:58,211 - INFO - EVENT: Receive Msg | SENDER: 2 | LOGICAL TIME: 137 | PHYSICAL TIME: 2025-03-05 03:46:57.00, MESSAGE QUEUE LENGTH: 1

2025-03-05 03:46:58,540 - INFO - EVENT: Receive Msg | SENDER: 2 | LOGICAL TIME: 139 | PHYSICAL TIME: 2025-03-05 03:46:58.00, MESSAGE QUEUE LENGTH: 1

2025-03-05 03:46:58,894 - INFO - EVENT: Internal Event | LOGICAL TIME: 140 | PHYSICAL TIME: 2025-03-05 03:46:58.89, MESSAGE QUEUE LENGTH: 0

2025-03-05 03:46:59,227 - INFO - EVENT: Receive Msg | SENDER: 2 | LOGICAL TIME: 141 | PHYSICAL TIME: 2025-03-05 03:46:58.00, MESSAGE QUEUE LENGTH: 2

2025-03-05 03:46:59,510 - INFO - EVENT: Receive Msg | SENDER: 2 | LOGICAL TIME: 142 | PHYSICAL TIME: 2025-03-05 03:46:58.00, MESSAGE QUEUE LENGTH: 2

2025-03-05 03:46:59,762 - INFO - EVENT: Receive Msg | SENDER: 2 | LOGICAL TIME: 143 | PHYSICAL TIME: 2025-03-05 03:46:59.00, MESSAGE QUEUE LENGTH: 1

2025-03-05 03:47:00,026 - INFO - EVENT: Send Msg | RECIPIENT: 2 and 3 | LOGICAL TIME: 144 | PHYSICAL TIME: 2025-03-05 03:47:00.02, MESSAGE QUEUE LENGTH: 0

2025-03-05 03:47:00,394 - INFO - EVENT: Internal Event | LOGICAL TIME: 145 | PHYSICAL TIME: 2025-03-05 03:47:00.39, MESSAGE QUEUE LENGTH: 0

2025-03-05 03:47:00,657 - INFO - EVENT: Internal Event | LOGICAL TIME: 146 | PHYSICAL TIME: 2025-03-05 03:47:00.65, MESSAGE QUEUE LENGTH: 0

2025-03-05 03:47:00,913 - INFO - EVENT: Send Msg | RECIPIENT: 3 | LOGICAL TIME: 147 | PHYSICAL TIME: 2025-03-05 03:47:00.91, MESSAGE QUEUE LENGTH: 0

2025-03-05 03:47:01,179 - INFO - EVENT: Receive Msg | SENDER: 2 | LOGICAL TIME: 148 | PHYSICAL TIME: 2025-03-05 03:47:00.00, MESSAGE QUEUE LENGTH: 1

2025-03-05 03:47:01,579 - INFO - EVENT: Internal Event | LOGICAL TIME: 149 | PHYSICAL TIME: 2025-03-05 03:47:01.57, MESSAGE QUEUE LENGTH: 0

2025-03-05 03:47:01,845 - INFO - EVENT: Send Msg | RECIPIENT: 2 and 3 | LOGICAL TIME: 150 | PHYSICAL TIME: 2025-03-05 03:47:01.84, MESSAGE QUEUE LENGTH: 0

2025-03-05 03:47:02,109 - INFO - EVENT: Internal Event | LOGICAL TIME: 151 | PHYSICAL TIME: 2025-03-05 03:47:02.10, MESSAGE QUEUE LENGTH: 0

2025-03-05 03:47:02,363 - INFO - EVENT: Internal Event | LOGICAL TIME: 152 | PHYSICAL TIME: 2025-03-05 03:47:02.36, MESSAGE QUEUE LENGTH: 0

2025-03-05 03:47:02,614 - INFO - EVENT: Send Msg | RECIPIENT: 3 | LOGICAL TIME: 153 | PHYSICAL TIME: 2025-03-05 03:47:02.61, MESSAGE QUEUE LENGTH: 0

2025-03-05 03:47:02,865 - INFO - EVENT: Receive Msg | SENDER: 3 | LOGICAL TIME: 154 | PHYSICAL TIME: 2025-03-05 03:47:02.00, MESSAGE QUEUE LENGTH: 1

2025-03-05 03:47:03,181 - INFO - EVENT: Internal Event | LOGICAL TIME: 155 | PHYSICAL TIME: 2025-03-05 03:47:03.18, MESSAGE QUEUE LENGTH: 0

2025-03-05 03:47:03,431 - INFO - EVENT: Receive Msg | SENDER: 2 | LOGICAL TIME: 156 | PHYSICAL TIME: 2025-03-05 03:47:03.00, MESSAGE QUEUE LENGTH: 1

2025-03-05 03:47:03,749 - INFO - EVENT: Send Msg | RECIPIENT: 2 and 3 | LOGICAL TIME: 157 | PHYSICAL TIME: 2025-03-05 03:47:03.74, MESSAGE QUEUE LENGTH: 0

2025-03-05 03:47:04,039 - INFO - EVENT: Internal Event | LOGICAL TIME: 158 | PHYSICAL TIME: 2025-03-05 03:47:04.03, MESSAGE QUEUE LENGTH: 0

2025-03-05 03:47:04,315 - INFO - EVENT: Internal Event | LOGICAL TIME: 159 | PHYSICAL TIME: 2025-03-05 03:47:04.31, MESSAGE QUEUE LENGTH: 0

2025-03-05 03:47:04,611 - INFO - EVENT: Send Msg | RECIPIENT: 3 | LOGICAL TIME: 160 | PHYSICAL TIME: 2025-03-05 03:47:04.61, MESSAGE QUEUE LENGTH: 0

2025-03-05 03:47:04,866 - INFO - EVENT: Internal Event | LOGICAL TIME: 161 | PHYSICAL TIME: 2025-03-05 03:47:04.86, MESSAGE QUEUE LENGTH: 0

2025-03-05 03:47:05,127 - INFO - EVENT: Receive Msg | SENDER: 2 | LOGICAL TIME: 163 | PHYSICAL TIME: 2025-03-05 03:47:04.00, MESSAGE QUEUE LENGTH: 1

2025-03-05 03:47:05,450 - INFO - EVENT: Internal Event | LOGICAL TIME: 164 | PHYSICAL TIME: 2025-03-05 03:47:05.45, MESSAGE QUEUE LENGTH: 0

2025-03-05 03:47:05,811 - INFO - EVENT: Internal Event | LOGICAL TIME: 165 | PHYSICAL TIME: 2025-03-05 03:47:05.81, MESSAGE QUEUE LENGTH: 0

2025-03-05 03:47:06,067 - INFO - EVENT: Internal Event | LOGICAL TIME: 166 | PHYSICAL TIME: 2025-03-05 03:47:06.06, MESSAGE QUEUE LENGTH: 0

2025-03-05 03:47:06,365 - INFO - EVENT: Internal Event | LOGICAL TIME: 167 | PHYSICAL TIME: 2025-03-05 03:47:06.36, MESSAGE QUEUE LENGTH: 0

2025-03-05 03:47:06,631 - INFO - EVENT: Internal Event | LOGICAL TIME: 168 | PHYSICAL TIME: 2025-03-05 03:47:06.63, MESSAGE QUEUE LENGTH: 0

2025-03-05 03:47:06,947 - INFO - EVENT: Internal Event | LOGICAL TIME: 169 | PHYSICAL TIME: 2025-03-05 03:47:06.94, MESSAGE QUEUE LENGTH: 0

2025-03-05 03:47:07,202 - INFO - EVENT: Receive Msg | SENDER: 2 | LOGICAL TIME: 170 | PHYSICAL TIME: 2025-03-05 03:47:06.00, MESSAGE QUEUE LENGTH: 1

2025-03-05 03:47:07,461 - INFO - EVENT: Internal Event | LOGICAL TIME: 171 | PHYSICAL TIME: 2025-03-05 03:47:07.46, MESSAGE QUEUE LENGTH: 0

2025-03-05 03:47:07,719 - INFO - EVENT: Internal Event | LOGICAL TIME: 172 | PHYSICAL TIME: 2025-03-05 03:47:07.71, MESSAGE QUEUE LENGTH: 0

2025-03-05 03:47:07,997 - INFO - EVENT: Internal Event | LOGICAL TIME: 173 | PHYSICAL TIME: 2025-03-05 03:47:07.99, MESSAGE QUEUE LENGTH: 0

2025-03-05 03:47:08,269 - INFO - EVENT: Receive Msg | SENDER: 3 | LOGICAL TIME: 174 | PHYSICAL TIME: 2025-03-05 03:47:08.00, MESSAGE QUEUE LENGTH: 1

2025-03-05 03:47:08,532 - INFO - EVENT: Internal Event | LOGICAL TIME: 175 | PHYSICAL TIME: 2025-03-05 03:47:08.53, MESSAGE QUEUE LENGTH: 0

2025-03-05 03:47:08,852 - INFO - EVENT: Send Msg | RECIPIENT: 3 | LOGICAL TIME: 176 | PHYSICAL TIME: 2025-03-05 03:47:08.85, MESSAGE QUEUE LENGTH: 0

2025-03-05 03:47:09,185 - INFO - EVENT: Send Msg | RECIPIENT: 2 | LOGICAL TIME: 177 | PHYSICAL TIME: 2025-03-05 03:47:09.18, MESSAGE QUEUE LENGTH: 0

2025-03-05 03:47:09,483 - INFO - EVENT: Internal Event | LOGICAL TIME: 178 | PHYSICAL TIME: 2025-03-05 03:47:09.48, MESSAGE QUEUE LENGTH: 0

2025-03-05 03:47:09,800 - INFO - EVENT: Receive Msg | SENDER: 3 | LOGICAL TIME: 179 | PHYSICAL TIME: 2025-03-05 03:47:09.00, MESSAGE QUEUE LENGTH: 1

2025-03-05 03:47:10,168 - INFO - EVENT: Internal Event | LOGICAL TIME: 180 | PHYSICAL TIME: 2025-03-05 03:47:10.16, MESSAGE QUEUE LENGTH: 0

2025-03-05 03:47:10,421 - INFO - EVENT: Send Msg | RECIPIENT: 3 | LOGICAL TIME: 181 | PHYSICAL TIME: 2025-03-05 03:47:10.42, MESSAGE QUEUE LENGTH: 0

2025-03-05 03:47:10,685 - INFO - EVENT: Receive Msg | SENDER: 2 | LOGICAL TIME: 183 | PHYSICAL TIME: 2025-03-05 03:47:10.00, MESSAGE QUEUE LENGTH: 1

2025-03-05 03:47:10,951 - INFO - EVENT: Internal Event | LOGICAL TIME: 184 | PHYSICAL TIME: 2025-03-05 03:47:10.95, MESSAGE QUEUE LENGTH: 0

2025-03-05 03:47:11,304 - INFO - EVENT: Internal Event | LOGICAL TIME: 185 | PHYSICAL TIME: 2025-03-05 03:47:11.30, MESSAGE QUEUE LENGTH: 0

2025-03-05 03:47:11,621 - INFO - EVENT: Internal Event | LOGICAL TIME: 186 | PHYSICAL TIME: 2025-03-05 03:47:11.62, MESSAGE QUEUE LENGTH: 0

2025-03-05 03:47:11,919 - INFO - EVENT: Internal Event | LOGICAL TIME: 187 | PHYSICAL TIME: 2025-03-05 03:47:11.91, MESSAGE QUEUE LENGTH: 0

2025-03-05 03:47:12,254 - INFO - EVENT: Internal Event | LOGICAL TIME: 188 | PHYSICAL TIME: 2025-03-05 03:47:12.25, MESSAGE QUEUE LENGTH: 0

2025-03-05 03:47:12,505 - INFO - EVENT: Receive Msg | SENDER: 2 | LOGICAL TIME: 189 | PHYSICAL TIME: 2025-03-05 03:47:12.00, MESSAGE QUEUE LENGTH: 1

2025-03-05 03:47:12,938 - INFO - EVENT: Receive Msg | SENDER: 2 | LOGICAL TIME: 191 | PHYSICAL TIME: 2025-03-05 03:47:12.00, MESSAGE QUEUE LENGTH: 1

2025-03-05 03:47:13,270 - INFO - EVENT: Receive Msg | SENDER: 2 | LOGICAL TIME: 192 | PHYSICAL TIME: 2025-03-05 03:47:12.00, MESSAGE QUEUE LENGTH: 1

2025-03-05 03:47:13,554 - INFO - EVENT: Receive Msg | SENDER: 2 | LOGICAL TIME: 193 | PHYSICAL TIME: 2025-03-05 03:47:13.00, MESSAGE QUEUE LENGTH: 1

2025-03-05 03:47:13,807 - INFO - EVENT: Internal Event | LOGICAL TIME: 194 | PHYSICAL TIME: 2025-03-05 03:47:13.80, MESSAGE QUEUE LENGTH: 0

2025-03-05 03:47:14,186 - INFO - EVENT: Internal Event | LOGICAL TIME: 195 | PHYSICAL TIME: 2025-03-05 03:47:14.18, MESSAGE QUEUE LENGTH: 0

2025-03-05 03:47:14,441 - INFO - EVENT: Internal Event | LOGICAL TIME: 196 | PHYSICAL TIME: 2025-03-05 03:47:14.44, MESSAGE QUEUE LENGTH: 0

2025-03-05 03:47:14,708 - INFO - EVENT: Internal Event | LOGICAL TIME: 197 | PHYSICAL TIME: 2025-03-05 03:47:14.70, MESSAGE QUEUE LENGTH: 0

2025-03-05 03:47:15,039 - INFO - EVENT: Receive Msg | SENDER: 2 | LOGICAL TIME: 198 | PHYSICAL TIME: 2025-03-05 03:47:14.00, MESSAGE QUEUE LENGTH: 1

2025-03-05 03:47:15,304 - INFO - EVENT: Internal Event | LOGICAL TIME: 199 | PHYSICAL TIME: 2025-03-05 03:47:15.30, MESSAGE QUEUE LENGTH: 0

2025-03-05 03:47:15,620 - INFO - EVENT: Receive Msg | SENDER: 2 | LOGICAL TIME: 201 | PHYSICAL TIME: 2025-03-05 03:47:15.00, MESSAGE QUEUE LENGTH: 1

2025-03-05 03:47:15,873 - INFO - EVENT: Internal Event | LOGICAL TIME: 202 | PHYSICAL TIME: 2025-03-05 03:47:15.87, MESSAGE QUEUE LENGTH: 0

2025-03-05 03:47:16,136 - INFO - EVENT: Receive Msg | SENDER: 2 | LOGICAL TIME: 203 | PHYSICAL TIME: 2025-03-05 03:47:15.00, MESSAGE QUEUE LENGTH: 1

2025-03-05 03:47:16,390 - INFO - EVENT: Send Msg | RECIPIENT: 3 | LOGICAL TIME: 204 | PHYSICAL TIME: 2025-03-05 03:47:16.39, MESSAGE QUEUE LENGTH: 0

2025-03-05 03:47:16,722 - INFO - EVENT: Internal Event | LOGICAL TIME: 205 | PHYSICAL TIME: 2025-03-05 03:47:16.72, MESSAGE QUEUE LENGTH: 0

2025-03-05 03:47:17,023 - INFO - EVENT: Internal Event | LOGICAL TIME: 206 | PHYSICAL TIME: 2025-03-05 03:47:17.02, MESSAGE QUEUE LENGTH: 0

2025-03-05 03:47:17,290 - INFO - EVENT: Internal Event | LOGICAL TIME: 207 | PHYSICAL TIME: 2025-03-05 03:47:17.29, MESSAGE QUEUE LENGTH: 0

2025-03-05 03:47:17,543 - INFO - EVENT: Internal Event | LOGICAL TIME: 208 | PHYSICAL TIME: 2025-03-05 03:47:17.54, MESSAGE QUEUE LENGTH: 0

2025-03-05 03:47:17,806 - INFO - EVENT: Internal Event | LOGICAL TIME: 209 | PHYSICAL TIME: 2025-03-05 03:47:17.80, MESSAGE QUEUE LENGTH: 0

2025-03-05 03:47:18,060 - INFO - EVENT: Internal Event | LOGICAL TIME: 210 | PHYSICAL TIME: 2025-03-05 03:47:18.06, MESSAGE QUEUE LENGTH: 0

2025-03-05 03:47:18,369 - INFO - EVENT: Internal Event | LOGICAL TIME: 211 | PHYSICAL TIME: 2025-03-05 03:47:18.36, MESSAGE QUEUE LENGTH: 0

2025-03-05 03:47:18,643 - INFO - EVENT: Internal Event | LOGICAL TIME: 212 | PHYSICAL TIME: 2025-03-05 03:47:18.64, MESSAGE QUEUE LENGTH: 0

2025-03-05 03:47:18,895 - INFO - EVENT: Internal Event | LOGICAL TIME: 213 | PHYSICAL TIME: 2025-03-05 03:47:18.89, MESSAGE QUEUE LENGTH: 0

2025-03-05 03:47:19,178 - INFO - EVENT: Internal Event | LOGICAL TIME: 214 | PHYSICAL TIME: 2025-03-05 03:47:19.17, MESSAGE QUEUE LENGTH: 0

2025-03-05 03:47:19,488 - INFO - EVENT: Receive Msg | SENDER: 2 | LOGICAL TIME: 215 | PHYSICAL TIME: 2025-03-05 03:47:19.00, MESSAGE QUEUE LENGTH: 1

2025-03-05 03:47:19,761 - INFO - EVENT: Receive Msg | SENDER: 2 | LOGICAL TIME: 216 | PHYSICAL TIME: 2025-03-05 03:47:19.00, MESSAGE QUEUE LENGTH: 1

2025-03-05 03:47:20,027 - INFO - EVENT: Send Msg | RECIPIENT: 3 | LOGICAL TIME: 217 | PHYSICAL TIME: 2025-03-05 03:47:20.02, MESSAGE QUEUE LENGTH: 0

2025-03-05 03:47:20,343 - INFO - EVENT: Internal Event | LOGICAL TIME: 218 | PHYSICAL TIME: 2025-03-05 03:47:20.34, MESSAGE QUEUE LENGTH: 0

2025-03-05 03:47:20,594 - INFO - EVENT: Internal Event | LOGICAL TIME: 219 | PHYSICAL TIME: 2025-03-05 03:47:20.59, MESSAGE QUEUE LENGTH: 0

2025-03-05 03:47:20,846 - INFO - EVENT: Internal Event | LOGICAL TIME: 220 | PHYSICAL TIME: 2025-03-05 03:47:20.84, MESSAGE QUEUE LENGTH: 0

2025-03-05 03:47:21,308 - INFO - EVENT: Send Msg | RECIPIENT: 2 | LOGICAL TIME: 221 | PHYSICAL TIME: 2025-03-05 03:47:21.30, MESSAGE QUEUE LENGTH: 0

2025-03-05 03:47:21,643 - INFO - EVENT: Internal Event | LOGICAL TIME: 222 | PHYSICAL TIME: 2025-03-05 03:47:21.64, MESSAGE QUEUE LENGTH: 0

2025-03-05 03:47:21,898 - INFO - EVENT: Internal Event | LOGICAL TIME: 223 | PHYSICAL TIME: 2025-03-05 03:47:21.89, MESSAGE QUEUE LENGTH: 0

2025-03-05 03:47:22,173 - INFO - EVENT: Internal Event | LOGICAL TIME: 224 | PHYSICAL TIME: 2025-03-05 03:47:22.17, MESSAGE QUEUE LENGTH: 0

2025-03-05 03:47:22,447 - INFO - EVENT: Receive Msg | SENDER: 2 | LOGICAL TIME: 225 | PHYSICAL TIME: 2025-03-05 03:47:22.00, MESSAGE QUEUE LENGTH: 1

2025-03-05 03:47:22,748 - INFO - EVENT: Send Msg | RECIPIENT: 2 and 3 | LOGICAL TIME: 226 | PHYSICAL TIME: 2025-03-05 03:47:22.74, MESSAGE QUEUE LENGTH: 0

2025-03-05 03:47:23,043 - INFO - EVENT: Internal Event | LOGICAL TIME: 227 | PHYSICAL TIME: 2025-03-05 03:47:23.04, MESSAGE QUEUE LENGTH: 0

2025-03-05 03:47:23,397 - INFO - EVENT: Internal Event | LOGICAL TIME: 228 | PHYSICAL TIME: 2025-03-05 03:47:23.39, MESSAGE QUEUE LENGTH: 0

2025-03-05 03:47:23,682 - INFO - EVENT: Internal Event | LOGICAL TIME: 229 | PHYSICAL TIME: 2025-03-05 03:47:23.68, MESSAGE QUEUE LENGTH: 0

2025-03-05 03:47:23,966 - INFO - EVENT: Send Msg | RECIPIENT: 2 | LOGICAL TIME: 230 | PHYSICAL TIME: 2025-03-05 03:47:23.96, MESSAGE QUEUE LENGTH: 0

2025-03-05 03:47:24,248 - INFO - EVENT: Send Msg | RECIPIENT: 2 | LOGICAL TIME: 231 | PHYSICAL TIME: 2025-03-05 03:47:24.24, MESSAGE QUEUE LENGTH: 0

2025-03-05 03:47:24,532 - INFO - EVENT: Internal Event | LOGICAL TIME: 232 | PHYSICAL TIME: 2025-03-05 03:47:24.53, MESSAGE QUEUE LENGTH: 0

2025-03-05 03:47:24,813 - INFO - EVENT: Internal Event | LOGICAL TIME: 233 | PHYSICAL TIME: 2025-03-05 03:47:24.81, MESSAGE QUEUE LENGTH: 0

