2025-03-05 03:46:19,199 - INFO - Clock rate for client 2: 4 events per second
2025-03-05 03:46:19,845 - INFO - EVENT: Receive Msg | SENDER: 3 | LOGICAL TIME: 1 | PHYSICAL TIME: 2025-03-05 03:46:19.00, MESSAGE QUEUE LENGTH: 1

2025-03-05 03:46:20,158 - INFO - EVENT: Receive Msg | SENDER: 1 | LOGICAL TIME: 2 | PHYSICAL TIME: 2025-03-05 03:46:19.00, MESSAGE QUEUE LENGTH: 1

2025-03-05 03:46:20,514 - INFO - EVENT: Send Msg | RECIPIENT: 3 | LOGICAL TIME: 3 | PHYSICAL TIME: 2025-03-05 03:46:20.51, MESSAGE QUEUE LENGTH: 0

2025-03-05 03:46:20,789 - INFO - EVENT: Internal Event | LOGICAL TIME: 4 | PHYSICAL TIME: 2025-03-05 03:46:20.78, MESSAGE QUEUE LENGTH: 0

2025-03-05 03:46:21,061 - INFO - EVENT: Internal Event | LOGICAL TIME: 5 | PHYSICAL TIME: 2025-03-05 03:46:21.06, MESSAGE QUEUE LENGTH: 0

2025-03-05 03:46:21,377 - INFO - EVENT: Receive Msg | SENDER: 1 | LOGICAL TIME: 6 | PHYSICAL TIME: 2025-03-05 03:46:21.00, MESSAGE QUEUE LENGTH: 1

2025-03-05 03:46:21,696 - INFO - EVENT: Internal Event | LOGICAL TIME: 7 | PHYSICAL TIME: 2025-03-05 03:46:21.69, MESSAGE QUEUE LENGTH: 0

2025-03-05 03:46:22,147 - INFO - EVENT: Internal Event | LOGICAL TIME: 8 | PHYSICAL TIME: 2025-03-05 03:46:22.14, MESSAGE QUEUE LENGTH: 0

2025-03-05 03:46:22,461 - INFO - EVENT: Receive Msg | SENDER: 1 | LOGICAL TIME: 9 | PHYSICAL TIME: 2025-03-05 03:46:22.00, MESSAGE QUEUE LENGTH: 1

2025-03-05 03:46:22,742 - INFO - EVENT: Internal Event | LOGICAL TIME: 10 | PHYSICAL TIME: 2025-03-05 03:46:22.74, MESSAGE QUEUE LENGTH: 0

2025-03-05 03:46:23,080 - INFO - EVENT: Internal Event | LOGICAL TIME: 11 | PHYSICAL TIME: 2025-03-05 03:46:23.08, MESSAGE QUEUE LENGTH: 0

2025-03-05 03:46:23,528 - INFO - EVENT: Send Msg | RECIPIENT: 1 | LOGICAL TIME: 12 | PHYSICAL TIME: 2025-03-05 03:46:23.52, MESSAGE QUEUE LENGTH: 0

2025-03-05 03:46:23,781 - INFO - EVENT: Receive Msg | SENDER: 3 | LOGICAL TIME: 13 | PHYSICAL TIME: 2025-03-05 03:46:23.00, MESSAGE QUEUE LENGTH: 1

2025-03-05 03:46:24,032 - INFO - EVENT: Internal Event | LOGICAL TIME: 14 | PHYSICAL TIME: 2025-03-05 03:46:24.03, MESSAGE QUEUE LENGTH: 0

2025-03-05 03:46:24,482 - INFO - EVENT: Receive Msg | SENDER: 3 | LOGICAL TIME: 15 | PHYSICAL TIME: 2025-03-05 03:46:24.00, MESSAGE QUEUE LENGTH: 1

2025-03-05 03:46:24,829 - INFO - EVENT: Internal Event | LOGICAL TIME: 16 | PHYSICAL TIME: 2025-03-05 03:46:24.82, MESSAGE QUEUE LENGTH: 0

2025-03-05 03:46:25,081 - INFO - EVENT: Receive Msg | SENDER: 1 | LOGICAL TIME: 18 | PHYSICAL TIME: 2025-03-05 03:46:24.00, MESSAGE QUEUE LENGTH: 1

2025-03-05 03:46:25,347 - INFO - EVENT: Internal Event | LOGICAL TIME: 19 | PHYSICAL TIME: 2025-03-05 03:46:25.34, MESSAGE QUEUE LENGTH: 0

2025-03-05 03:46:25,601 - INFO - EVENT: Send Msg | RECIPIENT: 3 | LOGICAL TIME: 20 | PHYSICAL TIME: 2025-03-05 03:46:25.60, MESSAGE QUEUE LENGTH: 0

2025-03-05 03:46:25,864 - INFO - EVENT: Receive Msg | SENDER: 1 | LOGICAL TIME: 21 | PHYSICAL TIME: 2025-03-05 03:46:25.00, MESSAGE QUEUE LENGTH: 1

2025-03-05 03:46:26,150 - INFO - EVENT: Internal Event | LOGICAL TIME: 22 | PHYSICAL TIME: 2025-03-05 03:46:26.15, MESSAGE QUEUE LENGTH: 0

2025-03-05 03:46:26,550 - INFO - EVENT: Internal Event | LOGICAL TIME: 23 | PHYSICAL TIME: 2025-03-05 03:46:26.55, MESSAGE QUEUE LENGTH: 0

2025-03-05 03:46:26,852 - INFO - EVENT: Internal Event | LOGICAL TIME: 24 | PHYSICAL TIME: 2025-03-05 03:46:26.85, MESSAGE QUEUE LENGTH: 0

2025-03-05 03:46:27,164 - INFO - EVENT: Internal Event | LOGICAL TIME: 25 | PHYSICAL TIME: 2025-03-05 03:46:27.16, MESSAGE QUEUE LENGTH: 0

2025-03-05 03:46:27,501 - INFO - EVENT: Receive Msg | SENDER: 1 | LOGICAL TIME: 26 | PHYSICAL TIME: 2025-03-05 03:46:27.00, MESSAGE QUEUE LENGTH: 1

2025-03-05 03:46:27,772 - INFO - EVENT: Send Msg | RECIPIENT: 3 | LOGICAL TIME: 27 | PHYSICAL TIME: 2025-03-05 03:46:27.77, MESSAGE QUEUE LENGTH: 0

2025-03-05 03:46:28,051 - INFO - EVENT: Internal Event | LOGICAL TIME: 28 | PHYSICAL TIME: 2025-03-05 03:46:28.05, MESSAGE QUEUE LENGTH: 0

2025-03-05 03:46:28,370 - INFO - EVENT: Send Msg | RECIPIENT: 3 | LOGICAL TIME: 29 | PHYSICAL TIME: 2025-03-05 03:46:28.37, MESSAGE QUEUE LENGTH: 0

2025-03-05 03:46:28,652 - INFO - EVENT: Send Msg | RECIPIENT: 1 and 3 | LOGICAL TIME: 30 | PHYSICAL TIME: 2025-03-05 03:46:28.65, MESSAGE QUEUE LENGTH: 0

2025-03-05 03:46:28,918 - INFO - EVENT: Internal Event | LOGICAL TIME: 31 | PHYSICAL TIME: 2025-03-05 03:46:28.91, MESSAGE QUEUE LENGTH: 0

2025-03-05 03:46:29,170 - INFO - EVENT: Send Msg | RECIPIENT: 3 | LOGICAL TIME: 32 | PHYSICAL TIME: 2025-03-05 03:46:29.17, MESSAGE QUEUE LENGTH: 0

2025-03-05 03:46:29,452 - INFO - EVENT: Internal Event | LOGICAL TIME: 33 | PHYSICAL TIME: 2025-03-05 03:46:29.45, MESSAGE QUEUE LENGTH: 0

2025-03-05 03:46:29,804 - INFO - EVENT: Internal Event | LOGICAL TIME: 34 | PHYSICAL TIME: 2025-03-05 03:46:29.80, MESSAGE QUEUE LENGTH: 0

2025-03-05 03:46:30,070 - INFO - EVENT: Internal Event | LOGICAL TIME: 35 | PHYSICAL TIME: 2025-03-05 03:46:30.07, MESSAGE QUEUE LENGTH: 0

2025-03-05 03:46:30,371 - INFO - EVENT: Internal Event | LOGICAL TIME: 36 | PHYSICAL TIME: 2025-03-05 03:46:30.37, MESSAGE QUEUE LENGTH: 0

2025-03-05 03:46:30,655 - INFO - EVENT: Send Msg | RECIPIENT: 3 | LOGICAL TIME: 37 | PHYSICAL TIME: 2025-03-05 03:46:30.65, MESSAGE QUEUE LENGTH: 0

2025-03-05 03:46:30,932 - INFO - EVENT: Receive Msg | SENDER: 1 | LOGICAL TIME: 39 | PHYSICAL TIME: 2025-03-05 03:46:30.00, MESSAGE QUEUE LENGTH: 1

2025-03-05 03:46:31,186 - INFO - EVENT: Receive Msg | SENDER: 1 | LOGICAL TIME: 40 | PHYSICAL TIME: 2025-03-05 03:46:31.00, MESSAGE QUEUE LENGTH: 1

2025-03-05 03:46:31,500 - INFO - EVENT: Send Msg | RECIPIENT: 3 | LOGICAL TIME: 41 | PHYSICAL TIME: 2025-03-05 03:46:31.50, MESSAGE QUEUE LENGTH: 0

2025-03-05 03:46:31,815 - INFO - EVENT: Receive Msg | SENDER: 1 | LOGICAL TIME: 42 | PHYSICAL TIME: 2025-03-05 03:46:31.00, MESSAGE QUEUE LENGTH: 1

2025-03-05 03:46:32,071 - INFO - EVENT: Internal Event | LOGICAL TIME: 43 | PHYSICAL TIME: 2025-03-05 03:46:32.07, MESSAGE QUEUE LENGTH: 0

2025-03-05 03:46:32,370 - INFO - EVENT: Send Msg | RECIPIENT: 1 and 3 | LOGICAL TIME: 44 | PHYSICAL TIME: 2025-03-05 03:46:32.37, MESSAGE QUEUE LENGTH: 0

2025-03-05 03:46:32,654 - INFO - EVENT: Send Msg | RECIPIENT: 1 | LOGICAL TIME: 45 | PHYSICAL TIME: 2025-03-05 03:46:32.65, MESSAGE QUEUE LENGTH: 0

2025-03-05 03:46:32,939 - INFO - EVENT: Send Msg | RECIPIENT: 1 and 3 | LOGICAL TIME: 46 | PHYSICAL TIME: 2025-03-05 03:46:32.93, MESSAGE QUEUE LENGTH: 0

2025-03-05 03:46:33,204 - INFO - EVENT: Internal Event | LOGICAL TIME: 47 | PHYSICAL TIME: 2025-03-05 03:46:33.20, MESSAGE QUEUE LENGTH: 0

2025-03-05 03:46:33,488 - INFO - EVENT: Send Msg | RECIPIENT: 1 | LOGICAL TIME: 48 | PHYSICAL TIME: 2025-03-05 03:46:33.48, MESSAGE QUEUE LENGTH: 0

2025-03-05 03:46:33,784 - INFO - EVENT: Internal Event | LOGICAL TIME: 49 | PHYSICAL TIME: 2025-03-05 03:46:33.78, MESSAGE QUEUE LENGTH: 0

2025-03-05 03:46:34,037 - INFO - EVENT: Internal Event | LOGICAL TIME: 50 | PHYSICAL TIME: 2025-03-05 03:46:34.03, MESSAGE QUEUE LENGTH: 0

2025-03-05 03:46:34,291 - INFO - EVENT: Internal Event | LOGICAL TIME: 51 | PHYSICAL TIME: 2025-03-05 03:46:34.29, MESSAGE QUEUE LENGTH: 0

2025-03-05 03:46:34,553 - INFO - EVENT: Internal Event | LOGICAL TIME: 52 | PHYSICAL TIME: 2025-03-05 03:46:34.55, MESSAGE QUEUE LENGTH: 0

2025-03-05 03:46:34,807 - INFO - EVENT: Internal Event | LOGICAL TIME: 53 | PHYSICAL TIME: 2025-03-05 03:46:34.80, MESSAGE QUEUE LENGTH: 0

2025-03-05 03:46:35,088 - INFO - EVENT: Internal Event | LOGICAL TIME: 54 | PHYSICAL TIME: 2025-03-05 03:46:35.08, MESSAGE QUEUE LENGTH: 0

2025-03-05 03:46:35,357 - INFO - EVENT: Receive Msg | SENDER: 1 | LOGICAL TIME: 55 | PHYSICAL TIME: 2025-03-05 03:46:35.00, MESSAGE QUEUE LENGTH: 1

2025-03-05 03:46:35,681 - INFO - EVENT: Internal Event | LOGICAL TIME: 56 | PHYSICAL TIME: 2025-03-05 03:46:35.68, MESSAGE QUEUE LENGTH: 0

2025-03-05 03:46:35,978 - INFO - EVENT: Internal Event | LOGICAL TIME: 57 | PHYSICAL TIME: 2025-03-05 03:46:35.97, MESSAGE QUEUE LENGTH: 0

2025-03-05 03:46:36,243 - INFO - EVENT: Internal Event | LOGICAL TIME: 58 | PHYSICAL TIME: 2025-03-05 03:46:36.24, MESSAGE QUEUE LENGTH: 0

2025-03-05 03:46:36,540 - INFO - EVENT: Internal Event | LOGICAL TIME: 59 | PHYSICAL TIME: 2025-03-05 03:46:36.54, MESSAGE QUEUE LENGTH: 0

2025-03-05 03:46:36,810 - INFO - EVENT: Internal Event | LOGICAL TIME: 60 | PHYSICAL TIME: 2025-03-05 03:46:36.81, MESSAGE QUEUE LENGTH: 0

2025-03-05 03:46:37,085 - INFO - EVENT: Internal Event | LOGICAL TIME: 61 | PHYSICAL TIME: 2025-03-05 03:46:37.08, MESSAGE QUEUE LENGTH: 0

2025-03-05 03:46:37,343 - INFO - EVENT: Receive Msg | SENDER: 3 | LOGICAL TIME: 62 | PHYSICAL TIME: 2025-03-05 03:46:37.00, MESSAGE QUEUE LENGTH: 1

2025-03-05 03:46:37,693 - INFO - EVENT: Internal Event | LOGICAL TIME: 63 | PHYSICAL TIME: 2025-03-05 03:46:37.69, MESSAGE QUEUE LENGTH: 0

2025-03-05 03:46:38,011 - INFO - EVENT: Send Msg | RECIPIENT: 1 and 3 | LOGICAL TIME: 64 | PHYSICAL TIME: 2025-03-05 03:46:38.01, MESSAGE QUEUE LENGTH: 0

2025-03-05 03:46:38,310 - INFO - EVENT: Internal Event | LOGICAL TIME: 65 | PHYSICAL TIME: 2025-03-05 03:46:38.31, MESSAGE QUEUE LENGTH: 0

2025-03-05 03:46:38,772 - INFO - EVENT: Internal Event | LOGICAL TIME: 66 | PHYSICAL TIME: 2025-03-05 03:46:38.77, MESSAGE QUEUE LENGTH: 0

2025-03-05 03:46:39,027 - INFO - EVENT: Send Msg | RECIPIENT: 1 and 3 | LOGICAL TIME: 67 | PHYSICAL TIME: 2025-03-05 03:46:39.02, MESSAGE QUEUE LENGTH: 0

2025-03-05 03:46:39,340 - INFO - EVENT: Receive Msg | SENDER: 1 | LOGICAL TIME: 69 | PHYSICAL TIME: 2025-03-05 03:46:39.00, MESSAGE QUEUE LENGTH: 1

2025-03-05 03:46:39,596 - INFO - EVENT: Internal Event | LOGICAL TIME: 70 | PHYSICAL TIME: 2025-03-05 03:46:39.59, MESSAGE QUEUE LENGTH: 0

2025-03-05 03:46:39,909 - INFO - EVENT: Send Msg | RECIPIENT: 3 | LOGICAL TIME: 71 | PHYSICAL TIME: 2025-03-05 03:46:39.90, MESSAGE QUEUE LENGTH: 0

2025-03-05 03:46:40,163 - INFO - EVENT: Internal Event | LOGICAL TIME: 72 | PHYSICAL TIME: 2025-03-05 03:46:40.16, MESSAGE QUEUE LENGTH: 0

2025-03-05 03:46:40,428 - INFO - EVENT: Internal Event | LOGICAL TIME: 73 | PHYSICAL TIME: 2025-03-05 03:46:40.42, MESSAGE QUEUE LENGTH: 0

2025-03-05 03:46:40,729 - INFO - EVENT: Send Msg | RECIPIENT: 1 and 3 | LOGICAL TIME: 74 | PHYSICAL TIME: 2025-03-05 03:46:40.72, MESSAGE QUEUE LENGTH: 0

2025-03-05 03:46:41,028 - INFO - EVENT: Internal Event | LOGICAL TIME: 75 | PHYSICAL TIME: 2025-03-05 03:46:41.02, MESSAGE QUEUE LENGTH: 0

2025-03-05 03:46:41,311 - INFO - EVENT: Internal Event | LOGICAL TIME: 76 | PHYSICAL TIME: 2025-03-05 03:46:41.31, MESSAGE QUEUE LENGTH: 0

2025-03-05 03:46:41,594 - INFO - EVENT: Send Msg | RECIPIENT: 1 and 3 | LOGICAL TIME: 77 | PHYSICAL TIME: 2025-03-05 03:46:41.59, MESSAGE QUEUE LENGTH: 0

2025-03-05 03:46:41,847 - INFO - EVENT: Internal Event | LOGICAL TIME: 78 | PHYSICAL TIME: 2025-03-05 03:46:41.84, MESSAGE QUEUE LENGTH: 0

2025-03-05 03:46:42,098 - INFO - EVENT: Send Msg | RECIPIENT: 1 | LOGICAL TIME: 79 | PHYSICAL TIME: 2025-03-05 03:46:42.09, MESSAGE QUEUE LENGTH: 0

2025-03-05 03:46:42,430 - INFO - EVENT: Internal Event | LOGICAL TIME: 80 | PHYSICAL TIME: 2025-03-05 03:46:42.43, MESSAGE QUEUE LENGTH: 0

2025-03-05 03:46:42,797 - INFO - EVENT: Internal Event | LOGICAL TIME: 81 | PHYSICAL TIME: 2025-03-05 03:46:42.79, MESSAGE QUEUE LENGTH: 0

2025-03-05 03:46:43,063 - INFO - EVENT: Internal Event | LOGICAL TIME: 82 | PHYSICAL TIME: 2025-03-05 03:46:43.06, MESSAGE QUEUE LENGTH: 0

2025-03-05 03:46:43,366 - INFO - EVENT: Internal Event | LOGICAL TIME: 83 | PHYSICAL TIME: 2025-03-05 03:46:43.36, MESSAGE QUEUE LENGTH: 0

2025-03-05 03:46:43,683 - INFO - EVENT: Receive Msg | SENDER: 3 | LOGICAL TIME: 84 | PHYSICAL TIME: 2025-03-05 03:46:43.00, MESSAGE QUEUE LENGTH: 1

2025-03-05 03:46:43,947 - INFO - EVENT: Internal Event | LOGICAL TIME: 85 | PHYSICAL TIME: 2025-03-05 03:46:43.94, MESSAGE QUEUE LENGTH: 0

2025-03-05 03:46:44,216 - INFO - EVENT: Send Msg | RECIPIENT: 1 and 3 | LOGICAL TIME: 86 | PHYSICAL TIME: 2025-03-05 03:46:44.21, MESSAGE QUEUE LENGTH: 0

2025-03-05 03:46:44,499 - INFO - EVENT: Receive Msg | SENDER: 1 | LOGICAL TIME: 87 | PHYSICAL TIME: 2025-03-05 03:46:44.00, MESSAGE QUEUE LENGTH: 1

2025-03-05 03:46:44,799 - INFO - EVENT: Internal Event | LOGICAL TIME: 88 | PHYSICAL TIME: 2025-03-05 03:46:44.79, MESSAGE QUEUE LENGTH: 0

2025-03-05 03:46:45,115 - INFO - EVENT: Internal Event | LOGICAL TIME: 89 | PHYSICAL TIME: 2025-03-05 03:46:45.11, MESSAGE QUEUE LENGTH: 0

2025-03-05 03:46:45,399 - INFO - EVENT: Receive Msg | SENDER: 1 | LOGICAL TIME: 90 | PHYSICAL TIME: 2025-03-05 03:46:45.00, MESSAGE QUEUE LENGTH: 1

2025-03-05 03:46:45,665 - INFO - EVENT: Receive Msg | SENDER: 1 | LOGICAL TIME: 92 | PHYSICAL TIME: 2025-03-05 03:46:45.00, MESSAGE QUEUE LENGTH: 1

2025-03-05 03:46:45,964 - INFO - EVENT: Receive Msg | SENDER: 1 | LOGICAL TIME: 93 | PHYSICAL TIME: 2025-03-05 03:46:45.00, MESSAGE QUEUE LENGTH: 1

2025-03-05 03:46:46,229 - INFO - EVENT: Internal Event | LOGICAL TIME: 94 | PHYSICAL TIME: 2025-03-05 03:46:46.22, MESSAGE QUEUE LENGTH: 0

2025-03-05 03:46:46,484 - INFO - EVENT: Receive Msg | SENDER: 1 | LOGICAL TIME: 95 | PHYSICAL TIME: 2025-03-05 03:46:46.00, MESSAGE QUEUE LENGTH: 1

2025-03-05 03:46:46,834 - INFO - EVENT: Internal Event | LOGICAL TIME: 96 | PHYSICAL TIME: 2025-03-05 03:46:46.83, MESSAGE QUEUE LENGTH: 0

2025-03-05 03:46:47,147 - INFO - EVENT: Send Msg | RECIPIENT: 1 | LOGICAL TIME: 97 | PHYSICAL TIME: 2025-03-05 03:46:47.14, MESSAGE QUEUE LENGTH: 0

2025-03-05 03:46:47,436 - INFO - EVENT: Internal Event | LOGICAL TIME: 98 | PHYSICAL TIME: 2025-03-05 03:46:47.43, MESSAGE QUEUE LENGTH: 0

2025-03-05 03:46:47,702 - INFO - EVENT: Send Msg | RECIPIENT: 3 | LOGICAL TIME: 99 | PHYSICAL TIME: 2025-03-05 03:46:47.70, MESSAGE QUEUE LENGTH: 0

2025-03-05 03:46:47,998 - INFO - EVENT: Internal Event | LOGICAL TIME: 100 | PHYSICAL TIME: 2025-03-05 03:46:47.99, MESSAGE QUEUE LENGTH: 0

2025-03-05 03:46:48,250 - INFO - EVENT: Internal Event | LOGICAL TIME: 101 | PHYSICAL TIME: 2025-03-05 03:46:48.25, MESSAGE QUEUE LENGTH: 0

2025-03-05 03:46:48,518 - INFO - EVENT: Internal Event | LOGICAL TIME: 102 | PHYSICAL TIME: 2025-03-05 03:46:48.51, MESSAGE QUEUE LENGTH: 0

2025-03-05 03:46:48,817 - INFO - EVENT: Internal Event | LOGICAL TIME: 103 | PHYSICAL TIME: 2025-03-05 03:46:48.81, MESSAGE QUEUE LENGTH: 0

2025-03-05 03:46:49,119 - INFO - EVENT: Internal Event | LOGICAL TIME: 104 | PHYSICAL TIME: 2025-03-05 03:46:49.11, MESSAGE QUEUE LENGTH: 0

2025-03-05 03:46:49,435 - INFO - EVENT: Internal Event | LOGICAL TIME: 105 | PHYSICAL TIME: 2025-03-05 03:46:49.43, MESSAGE QUEUE LENGTH: 0

2025-03-05 03:46:49,819 - INFO - EVENT: Internal Event | LOGICAL TIME: 106 | PHYSICAL TIME: 2025-03-05 03:46:49.81, MESSAGE QUEUE LENGTH: 0

2025-03-05 03:46:50,120 - INFO - EVENT: Send Msg | RECIPIENT: 3 | LOGICAL TIME: 107 | PHYSICAL TIME: 2025-03-05 03:46:50.12, MESSAGE QUEUE LENGTH: 0

2025-03-05 03:46:50,401 - INFO - EVENT: Receive Msg | SENDER: 1 | LOGICAL TIME: 109 | PHYSICAL TIME: 2025-03-05 03:46:50.00, MESSAGE QUEUE LENGTH: 1

2025-03-05 03:46:50,670 - INFO - EVENT: Internal Event | LOGICAL TIME: 110 | PHYSICAL TIME: 2025-03-05 03:46:50.67, MESSAGE QUEUE LENGTH: 0

2025-03-05 03:46:50,969 - INFO - EVENT: Send Msg | RECIPIENT: 3 | LOGICAL TIME: 111 | PHYSICAL TIME: 2025-03-05 03:46:50.96, MESSAGE QUEUE LENGTH: 0

2025-03-05 03:46:51,254 - INFO - EVENT: Internal Event | LOGICAL TIME: 112 | PHYSICAL TIME: 2025-03-05 03:46:51.25, MESSAGE QUEUE LENGTH: 0

2025-03-05 03:46:51,554 - INFO - EVENT: Send Msg | RECIPIENT: 1 and 3 | LOGICAL TIME: 113 | PHYSICAL TIME: 2025-03-05 03:46:51.55, MESSAGE QUEUE LENGTH: 0

2025-03-05 03:46:51,805 - INFO - EVENT: Internal Event | LOGICAL TIME: 114 | PHYSICAL TIME: 2025-03-05 03:46:51.80, MESSAGE QUEUE LENGTH: 0

2025-03-05 03:46:52,093 - INFO - EVENT: Send Msg | RECIPIENT: 3 | LOGICAL TIME: 115 | PHYSICAL TIME: 2025-03-05 03:46:52.09, MESSAGE QUEUE LENGTH: 0

2025-03-05 03:46:52,351 - INFO - EVENT: Internal Event | LOGICAL TIME: 116 | PHYSICAL TIME: 2025-03-05 03:46:52.35, MESSAGE QUEUE LENGTH: 0

2025-03-05 03:46:52,606 - INFO - EVENT: Internal Event | LOGICAL TIME: 117 | PHYSICAL TIME: 2025-03-05 03:46:52.60, MESSAGE QUEUE LENGTH: 0

2025-03-05 03:46:52,900 - INFO - EVENT: Internal Event | LOGICAL TIME: 118 | PHYSICAL TIME: 2025-03-05 03:46:52.90, MESSAGE QUEUE LENGTH: 0

2025-03-05 03:46:53,189 - INFO - EVENT: Internal Event | LOGICAL TIME: 119 | PHYSICAL TIME: 2025-03-05 03:46:53.18, MESSAGE QUEUE LENGTH: 0

2025-03-05 03:46:53,489 - INFO - EVENT: Internal Event | LOGICAL TIME: 120 | PHYSICAL TIME: 2025-03-05 03:46:53.48, MESSAGE QUEUE LENGTH: 0

2025-03-05 03:46:53,756 - INFO - EVENT: Send Msg | RECIPIENT: 1 | LOGICAL TIME: 121 | PHYSICAL TIME: 2025-03-05 03:46:53.75, MESSAGE QUEUE LENGTH: 0

2025-03-05 03:46:54,033 - INFO - EVENT: Internal Event | LOGICAL TIME: 122 | PHYSICAL TIME: 2025-03-05 03:46:54.03, MESSAGE QUEUE LENGTH: 0

2025-03-05 03:46:54,324 - INFO - EVENT: Send Msg | RECIPIENT: 1 | LOGICAL TIME: 123 | PHYSICAL TIME: 2025-03-05 03:46:54.32, MESSAGE QUEUE LENGTH: 0

2025-03-05 03:46:54,591 - INFO - EVENT: Internal Event | LOGICAL TIME: 124 | PHYSICAL TIME: 2025-03-05 03:46:54.59, MESSAGE QUEUE LENGTH: 0

2025-03-05 03:46:54,924 - INFO - EVENT: Internal Event | LOGICAL TIME: 125 | PHYSICAL TIME: 2025-03-05 03:46:54.92, MESSAGE QUEUE LENGTH: 0

2025-03-05 03:46:55,174 - INFO - EVENT: Internal Event | LOGICAL TIME: 126 | PHYSICAL TIME: 2025-03-05 03:46:55.17, MESSAGE QUEUE LENGTH: 0

2025-03-05 03:46:55,436 - INFO - EVENT: Internal Event | LOGICAL TIME: 127 | PHYSICAL TIME: 2025-03-05 03:46:55.43, MESSAGE QUEUE LENGTH: 0

2025-03-05 03:46:55,857 - INFO - EVENT: Internal Event | LOGICAL TIME: 128 | PHYSICAL TIME: 2025-03-05 03:46:55.85, MESSAGE QUEUE LENGTH: 0

2025-03-05 03:46:56,117 - INFO - EVENT: Internal Event | LOGICAL TIME: 129 | PHYSICAL TIME: 2025-03-05 03:46:56.11, MESSAGE QUEUE LENGTH: 0

2025-03-05 03:46:56,372 - INFO - EVENT: Internal Event | LOGICAL TIME: 130 | PHYSICAL TIME: 2025-03-05 03:46:56.37, MESSAGE QUEUE LENGTH: 0

2025-03-05 03:46:56,673 - INFO - EVENT: Internal Event | LOGICAL TIME: 131 | PHYSICAL TIME: 2025-03-05 03:46:56.67, MESSAGE QUEUE LENGTH: 0

2025-03-05 03:46:56,976 - INFO - EVENT: Receive Msg | SENDER: 1 | LOGICAL TIME: 133 | PHYSICAL TIME: 2025-03-05 03:46:56.00, MESSAGE QUEUE LENGTH: 1

2025-03-05 03:46:57,244 - INFO - EVENT: Receive Msg | SENDER: 1 | LOGICAL TIME: 134 | PHYSICAL TIME: 2025-03-05 03:46:57.00, MESSAGE QUEUE LENGTH: 1

2025-03-05 03:46:57,510 - INFO - EVENT: Internal Event | LOGICAL TIME: 135 | PHYSICAL TIME: 2025-03-05 03:46:57.51, MESSAGE QUEUE LENGTH: 0

2025-03-05 03:46:57,858 - INFO - EVENT: Send Msg | RECIPIENT: 1 | LOGICAL TIME: 136 | PHYSICAL TIME: 2025-03-05 03:46:57.85, MESSAGE QUEUE LENGTH: 0

2025-03-05 03:46:58,126 - INFO - EVENT: Internal Event | LOGICAL TIME: 137 | PHYSICAL TIME: 2025-03-05 03:46:58.12, MESSAGE QUEUE LENGTH: 0

2025-03-05 03:46:58,392 - INFO - EVENT: Send Msg | RECIPIENT: 1 and 3 | LOGICAL TIME: 138 | PHYSICAL TIME: 2025-03-05 03:46:58.39, MESSAGE QUEUE LENGTH: 0

2025-03-05 03:46:58,706 - INFO - EVENT: Send Msg | RECIPIENT: 1 and 3 | LOGICAL TIME: 139 | PHYSICAL TIME: 2025-03-05 03:46:58.70, MESSAGE QUEUE LENGTH: 0

2025-03-05 03:46:58,960 - INFO - EVENT: Send Msg | RECIPIENT: 1 | LOGICAL TIME: 140 | PHYSICAL TIME: 2025-03-05 03:46:58.96, MESSAGE QUEUE LENGTH: 0

2025-03-05 03:46:59,212 - INFO - EVENT: Send Msg | RECIPIENT: 1 | LOGICAL TIME: 141 | PHYSICAL TIME: 2025-03-05 03:46:59.21, MESSAGE QUEUE LENGTH: 0

2025-03-05 03:46:59,495 - INFO - EVENT: Send Msg | RECIPIENT: 3 | LOGICAL TIME: 142 | PHYSICAL TIME: 2025-03-05 03:46:59.49, MESSAGE QUEUE LENGTH: 0

2025-03-05 03:46:59,762 - INFO - EVENT: Internal Event | LOGICAL TIME: 143 | PHYSICAL TIME: 2025-03-05 03:46:59.76, MESSAGE QUEUE LENGTH: 0

2025-03-05 03:47:00,046 - INFO - EVENT: Internal Event | LOGICAL TIME: 144 | PHYSICAL TIME: 2025-03-05 03:47:00.04, MESSAGE QUEUE LENGTH: 0

2025-03-05 03:47:00,328 - INFO - EVENT: Receive Msg | SENDER: 1 | LOGICAL TIME: 145 | PHYSICAL TIME: 2025-03-05 03:47:00.00, MESSAGE QUEUE LENGTH: 1

2025-03-05 03:47:00,611 - INFO - EVENT: Internal Event | LOGICAL TIME: 146 | PHYSICAL TIME: 2025-03-05 03:47:00.61, MESSAGE QUEUE LENGTH: 0

2025-03-05 03:47:00,863 - INFO - EVENT: Send Msg | RECIPIENT: 1 and 3 | LOGICAL TIME: 147 | PHYSICAL TIME: 2025-03-05 03:47:00.86, MESSAGE QUEUE LENGTH: 0

2025-03-05 03:47:01,130 - INFO - EVENT: Internal Event | LOGICAL TIME: 148 | PHYSICAL TIME: 2025-03-05 03:47:01.13, MESSAGE QUEUE LENGTH: 0

2025-03-05 03:47:01,407 - INFO - EVENT: Internal Event | LOGICAL TIME: 149 | PHYSICAL TIME: 2025-03-05 03:47:01.40, MESSAGE QUEUE LENGTH: 0

2025-03-05 03:47:01,778 - INFO - EVENT: Internal Event | LOGICAL TIME: 150 | PHYSICAL TIME: 2025-03-05 03:47:01.77, MESSAGE QUEUE LENGTH: 0

2025-03-05 03:47:02,031 - INFO - EVENT: Internal Event | LOGICAL TIME: 151 | PHYSICAL TIME: 2025-03-05 03:47:02.03, MESSAGE QUEUE LENGTH: 0

2025-03-05 03:47:02,296 - INFO - EVENT: Receive Msg | SENDER: 1 | LOGICAL TIME: 152 | PHYSICAL TIME: 2025-03-05 03:47:01.00, MESSAGE QUEUE LENGTH: 1

2025-03-05 03:47:02,548 - INFO - EVENT: Internal Event | LOGICAL TIME: 153 | PHYSICAL TIME: 2025-03-05 03:47:02.54, MESSAGE QUEUE LENGTH: 0

2025-03-05 03:47:02,998 - INFO - EVENT: Receive Msg | SENDER: 3 | LOGICAL TIME: 154 | PHYSICAL TIME: 2025-03-05 03:47:02.00, MESSAGE QUEUE LENGTH: 1

2025-03-05 03:47:03,282 - INFO - EVENT: Send Msg | RECIPIENT: 1 | LOGICAL TIME: 155 | PHYSICAL TIME: 2025-03-05 03:47:03.28, MESSAGE QUEUE LENGTH: 0

2025-03-05 03:47:03,581 - INFO - EVENT: Internal Event | LOGICAL TIME: 156 | PHYSICAL TIME: 2025-03-05 03:47:03.58, MESSAGE QUEUE LENGTH: 0

2025-03-05 03:47:03,862 - INFO - EVENT: Receive Msg | SENDER: 1 | LOGICAL TIME: 158 | PHYSICAL TIME: 2025-03-05 03:47:03.00, MESSAGE QUEUE LENGTH: 1

2025-03-05 03:47:04,115 - INFO - EVENT: Internal Event | LOGICAL TIME: 159 | PHYSICAL TIME: 2025-03-05 03:47:04.11, MESSAGE QUEUE LENGTH: 0

2025-03-05 03:47:04,397 - INFO - EVENT: Send Msg | RECIPIENT: 3 | LOGICAL TIME: 160 | PHYSICAL TIME: 2025-03-05 03:47:04.39, MESSAGE QUEUE LENGTH: 0

2025-03-05 03:47:04,713 - INFO - EVENT: Internal Event | LOGICAL TIME: 161 | PHYSICAL TIME: 2025-03-05 03:47:04.71, MESSAGE QUEUE LENGTH: 0

2025-03-05 03:47:04,975 - INFO - EVENT: Send Msg | RECIPIENT: 1 | LOGICAL TIME: 162 | PHYSICAL TIME: 2025-03-05 03:47:04.97, MESSAGE QUEUE LENGTH: 0

2025-03-05 03:47:05,299 - INFO - EVENT: Internal Event | LOGICAL TIME: 163 | PHYSICAL TIME: 2025-03-05 03:47:05.29, MESSAGE QUEUE LENGTH: 0

2025-03-05 03:47:05,576 - INFO - EVENT: Internal Event | LOGICAL TIME: 164 | PHYSICAL TIME: 2025-03-05 03:47:05.57, MESSAGE QUEUE LENGTH: 0

2025-03-05 03:47:06,017 - INFO - EVENT: Send Msg | RECIPIENT: 3 | LOGICAL TIME: 165 | PHYSICAL TIME: 2025-03-05 03:47:06.01, MESSAGE QUEUE LENGTH: 0

2025-03-05 03:47:06,416 - INFO - EVENT: Internal Event | LOGICAL TIME: 166 | PHYSICAL TIME: 2025-03-05 03:47:06.41, MESSAGE QUEUE LENGTH: 0

2025-03-05 03:47:06,714 - INFO - EVENT: Send Msg | RECIPIENT: 3 | LOGICAL TIME: 167 | PHYSICAL TIME: 2025-03-05 03:47:06.71, MESSAGE QUEUE LENGTH: 0

2025-03-05 03:47:06,978 - INFO - EVENT: Send Msg | RECIPIENT: 1 | LOGICAL TIME: 168 | PHYSICAL TIME: 2025-03-05 03:47:06.97, MESSAGE QUEUE LENGTH: 0

2025-03-05 03:47:07,234 - INFO - EVENT: Internal Event | LOGICAL TIME: 169 | PHYSICAL TIME: 2025-03-05 03:47:07.23, MESSAGE QUEUE LENGTH: 0

2025-03-05 03:47:07,552 - INFO - EVENT: Internal Event | LOGICAL TIME: 170 | PHYSICAL TIME: 2025-03-05 03:47:07.55, MESSAGE QUEUE LENGTH: 0

2025-03-05 03:47:07,915 - INFO - EVENT: Internal Event | LOGICAL TIME: 171 | PHYSICAL TIME: 2025-03-05 03:47:07.91, MESSAGE QUEUE LENGTH: 0

2025-03-05 03:47:08,167 - INFO - EVENT: Internal Event | LOGICAL TIME: 172 | PHYSICAL TIME: 2025-03-05 03:47:08.16, MESSAGE QUEUE LENGTH: 0

2025-03-05 03:47:08,420 - INFO - EVENT: Receive Msg | SENDER: 3 | LOGICAL TIME: 173 | PHYSICAL TIME: 2025-03-05 03:47:08.00, MESSAGE QUEUE LENGTH: 1

2025-03-05 03:47:08,702 - INFO - EVENT: Internal Event | LOGICAL TIME: 174 | PHYSICAL TIME: 2025-03-05 03:47:08.70, MESSAGE QUEUE LENGTH: 0

2025-03-05 03:47:09,001 - INFO - EVENT: Internal Event | LOGICAL TIME: 175 | PHYSICAL TIME: 2025-03-05 03:47:09.00, MESSAGE QUEUE LENGTH: 0

2025-03-05 03:47:09,303 - INFO - EVENT: Receive Msg | SENDER: 1 | LOGICAL TIME: 178 | PHYSICAL TIME: 2025-03-05 03:47:09.00, MESSAGE QUEUE LENGTH: 1

2025-03-05 03:47:09,570 - INFO - EVENT: Internal Event | LOGICAL TIME: 179 | PHYSICAL TIME: 2025-03-05 03:47:09.57, MESSAGE QUEUE LENGTH: 0

2025-03-05 03:47:09,821 - INFO - EVENT: Receive Msg | SENDER: 3 | LOGICAL TIME: 180 | PHYSICAL TIME: 2025-03-05 03:47:09.00, MESSAGE QUEUE LENGTH: 1

2025-03-05 03:47:10,087 - INFO - EVENT: Internal Event | LOGICAL TIME: 181 | PHYSICAL TIME: 2025-03-05 03:47:10.08, MESSAGE QUEUE LENGTH: 0

2025-03-05 03:47:10,403 - INFO - EVENT: Send Msg | RECIPIENT: 1 | LOGICAL TIME: 182 | PHYSICAL TIME: 2025-03-05 03:47:10.40, MESSAGE QUEUE LENGTH: 0

2025-03-05 03:47:10,768 - INFO - EVENT: Internal Event | LOGICAL TIME: 183 | PHYSICAL TIME: 2025-03-05 03:47:10.76, MESSAGE QUEUE LENGTH: 0

2025-03-05 03:47:11,053 - INFO - EVENT: Send Msg | RECIPIENT: 3 | LOGICAL TIME: 184 | PHYSICAL TIME: 2025-03-05 03:47:11.05, MESSAGE QUEUE LENGTH: 0

2025-03-05 03:47:11,371 - INFO - EVENT: Internal Event | LOGICAL TIME: 185 | PHYSICAL TIME: 2025-03-05 03:47:11.37, MESSAGE QUEUE LENGTH: 0

2025-03-05 03:47:11,667 - INFO - EVENT: Internal Event | LOGICAL TIME: 186 | PHYSICAL TIME: 2025-03-05 03:47:11.66, MESSAGE QUEUE LENGTH: 0

2025-03-05 03:47:11,955 - INFO - EVENT: Internal Event | LOGICAL TIME: 187 | PHYSICAL TIME: 2025-03-05 03:47:11.95, MESSAGE QUEUE LENGTH: 0

2025-03-05 03:47:12,217 - INFO - EVENT: Send Msg | RECIPIENT: 1 and 3 | LOGICAL TIME: 188 | PHYSICAL TIME: 2025-03-05 03:47:12.21, MESSAGE QUEUE LENGTH: 0

2025-03-05 03:47:12,472 - INFO - EVENT: Internal Event | LOGICAL TIME: 189 | PHYSICAL TIME: 2025-03-05 03:47:12.47, MESSAGE QUEUE LENGTH: 0

2025-03-05 03:47:12,733 - INFO - EVENT: Send Msg | RECIPIENT: 1 and 3 | LOGICAL TIME: 190 | PHYSICAL TIME: 2025-03-05 03:47:12.73, MESSAGE QUEUE LENGTH: 0

2025-03-05 03:47:12,984 - INFO - EVENT: Send Msg | RECIPIENT: 1 | LOGICAL TIME: 191 | PHYSICAL TIME: 2025-03-05 03:47:12.98, MESSAGE QUEUE LENGTH: 0

2025-03-05 03:47:13,239 - INFO - EVENT: Send Msg | RECIPIENT: 1 | LOGICAL TIME: 192 | PHYSICAL TIME: 2025-03-05 03:47:13.23, MESSAGE QUEUE LENGTH: 0

2025-03-05 03:47:13,505 - INFO - EVENT: Internal Event | LOGICAL TIME: 193 | PHYSICAL TIME: 2025-03-05 03:47:13.50, MESSAGE QUEUE LENGTH: 0

2025-03-05 03:47:13,838 - INFO - EVENT: Send Msg | RECIPIENT: 3 | LOGICAL TIME: 194 | PHYSICAL TIME: 2025-03-05 03:47:13.83, MESSAGE QUEUE LENGTH: 0

2025-03-05 03:47:14,106 - INFO - EVENT: Send Msg | RECIPIENT: 3 | LOGICAL TIME: 195 | PHYSICAL TIME: 2025-03-05 03:47:14.10, MESSAGE QUEUE LENGTH: 0

2025-03-05 03:47:14,470 - INFO - EVENT: Send Msg | RECIPIENT: 3 | LOGICAL TIME: 196 | PHYSICAL TIME: 2025-03-05 03:47:14.47, MESSAGE QUEUE LENGTH: 0

2025-03-05 03:47:14,724 - INFO - EVENT: Send Msg | RECIPIENT: 1 and 3 | LOGICAL TIME: 197 | PHYSICAL TIME: 2025-03-05 03:47:14.72, MESSAGE QUEUE LENGTH: 0

2025-03-05 03:47:15,009 - INFO - EVENT: Internal Event | LOGICAL TIME: 198 | PHYSICAL TIME: 2025-03-05 03:47:15.00, MESSAGE QUEUE LENGTH: 0

2025-03-05 03:47:15,289 - INFO - EVENT: Internal Event | LOGICAL TIME: 199 | PHYSICAL TIME: 2025-03-05 03:47:15.28, MESSAGE QUEUE LENGTH: 0

2025-03-05 03:47:15,542 - INFO - EVENT: Send Msg | RECIPIENT: 1 and 3 | LOGICAL TIME: 200 | PHYSICAL TIME: 2025-03-05 03:47:15.54, MESSAGE QUEUE LENGTH: 0

2025-03-05 03:47:15,873 - INFO - EVENT: Send Msg | RECIPIENT: 1 | LOGICAL TIME: 201 | PHYSICAL TIME: 2025-03-05 03:47:15.87, MESSAGE QUEUE LENGTH: 0

2025-03-05 03:47:16,167 - INFO - EVENT: Internal Event | LOGICAL TIME: 202 | PHYSICAL TIME: 2025-03-05 03:47:16.16, MESSAGE QUEUE LENGTH: 0

2025-03-05 03:47:16,421 - INFO - EVENT: Internal Event | LOGICAL TIME: 203 | PHYSICAL TIME: 2025-03-05 03:47:16.42, MESSAGE QUEUE LENGTH: 0

2025-03-05 03:47:16,757 - INFO - EVENT: Internal Event | LOGICAL TIME: 204 | PHYSICAL TIME: 2025-03-05 03:47:16.75, MESSAGE QUEUE LENGTH: 0

2025-03-05 03:47:17,023 - INFO - EVENT: Internal Event | LOGICAL TIME: 205 | PHYSICAL TIME: 2025-03-05 03:47:17.02, MESSAGE QUEUE LENGTH: 0

2025-03-05 03:47:17,275 - INFO - EVENT: Internal Event | LOGICAL TIME: 206 | PHYSICAL TIME: 2025-03-05 03:47:17.27, MESSAGE QUEUE LENGTH: 0

2025-03-05 03:47:17,527 - INFO - EVENT: Internal Event | LOGICAL TIME: 207 | PHYSICAL TIME: 2025-03-05 03:47:17.52, MESSAGE QUEUE LENGTH: 0

2025-03-05 03:47:17,859 - INFO - EVENT: Internal Event | LOGICAL TIME: 208 | PHYSICAL TIME: 2025-03-05 03:47:17.85, MESSAGE QUEUE LENGTH: 0

2025-03-05 03:47:18,127 - INFO - EVENT: Send Msg | RECIPIENT: 3 | LOGICAL TIME: 209 | PHYSICAL TIME: 2025-03-05 03:47:18.12, MESSAGE QUEUE LENGTH: 0

2025-03-05 03:47:18,400 - INFO - EVENT: Internal Event | LOGICAL TIME: 210 | PHYSICAL TIME: 2025-03-05 03:47:18.40, MESSAGE QUEUE LENGTH: 0

2025-03-05 03:47:18,677 - INFO - EVENT: Internal Event | LOGICAL TIME: 211 | PHYSICAL TIME: 2025-03-05 03:47:18.67, MESSAGE QUEUE LENGTH: 0

2025-03-05 03:47:18,975 - INFO - EVENT: Internal Event | LOGICAL TIME: 212 | PHYSICAL TIME: 2025-03-05 03:47:18.97, MESSAGE QUEUE LENGTH: 0

2025-03-05 03:47:19,241 - INFO - EVENT: Send Msg | RECIPIENT: 1 and 3 | LOGICAL TIME: 213 | PHYSICAL TIME: 2025-03-05 03:47:19.24, MESSAGE QUEUE LENGTH: 0

2025-03-05 03:47:19,496 - INFO - EVENT: Send Msg | RECIPIENT: 1 | LOGICAL TIME: 214 | PHYSICAL TIME: 2025-03-05 03:47:19.49, MESSAGE QUEUE LENGTH: 0

2025-03-05 03:47:19,777 - INFO - EVENT: Internal Event | LOGICAL TIME: 215 | PHYSICAL TIME: 2025-03-05 03:47:19.77, MESSAGE QUEUE LENGTH: 0

2025-03-05 03:47:20,044 - INFO - EVENT: Send Msg | RECIPIENT: 3 | LOGICAL TIME: 216 | PHYSICAL TIME: 2025-03-05 03:47:20.04, MESSAGE QUEUE LENGTH: 0

2025-03-05 03:47:20,295 - INFO - EVENT: Internal Event | LOGICAL TIME: 217 | PHYSICAL TIME: 2025-03-05 03:47:20.29, MESSAGE QUEUE LENGTH: 0

2025-03-05 03:47:20,578 - INFO - EVENT: Internal Event | LOGICAL TIME: 218 | PHYSICAL TIME: 2025-03-05 03:47:20.57, MESSAGE QUEUE LENGTH: 0

2025-03-05 03:47:20,846 - INFO - EVENT: Internal Event | LOGICAL TIME: 219 | PHYSICAL TIME: 2025-03-05 03:47:20.84, MESSAGE QUEUE LENGTH: 0

2025-03-05 03:47:21,177 - INFO - EVENT: Internal Event | LOGICAL TIME: 220 | PHYSICAL TIME: 2025-03-05 03:47:21.17, MESSAGE QUEUE LENGTH: 0

2025-03-05 03:47:21,429 - INFO - EVENT: Internal Event | LOGICAL TIME: 221 | PHYSICAL TIME: 2025-03-05 03:47:21.42, MESSAGE QUEUE LENGTH: 0

2025-03-05 03:47:21,780 - INFO - EVENT: Receive Msg | SENDER: 1 | LOGICAL TIME: 222 | PHYSICAL TIME: 2025-03-05 03:47:21.00, MESSAGE QUEUE LENGTH: 1

2025-03-05 03:47:22,041 - INFO - EVENT: Internal Event | LOGICAL TIME: 223 | PHYSICAL TIME: 2025-03-05 03:47:22.04, MESSAGE QUEUE LENGTH: 0

2025-03-05 03:47:22,360 - INFO - EVENT: Send Msg | RECIPIENT: 1 | LOGICAL TIME: 224 | PHYSICAL TIME: 2025-03-05 03:47:22.36, MESSAGE QUEUE LENGTH: 0

2025-03-05 03:47:22,614 - INFO - EVENT: Send Msg | RECIPIENT: 3 | LOGICAL TIME: 225 | PHYSICAL TIME: 2025-03-05 03:47:22.61, MESSAGE QUEUE LENGTH: 0

2025-03-05 03:47:22,879 - INFO - EVENT: Internal Event | LOGICAL TIME: 226 | PHYSICAL TIME: 2025-03-05 03:47:22.87, MESSAGE QUEUE LENGTH: 0

2025-03-05 03:47:23,162 - INFO - EVENT: Receive Msg | SENDER: 1 | LOGICAL TIME: 227 | PHYSICAL TIME: 2025-03-05 03:47:22.00, MESSAGE QUEUE LENGTH: 1

2025-03-05 03:47:23,428 - INFO - EVENT: Internal Event | LOGICAL TIME: 228 | PHYSICAL TIME: 2025-03-05 03:47:23.42, MESSAGE QUEUE LENGTH: 0

2025-03-05 03:47:23,682 - INFO - EVENT: Internal Event | LOGICAL TIME: 229 | PHYSICAL TIME: 2025-03-05 03:47:23.68, MESSAGE QUEUE LENGTH: 0

2025-03-05 03:47:23,954 - INFO - EVENT: Send Msg | RECIPIENT: 3 | LOGICAL TIME: 230 | PHYSICAL TIME: 2025-03-05 03:47:23.95, MESSAGE QUEUE LENGTH: 0

2025-03-05 03:47:24,210 - INFO - EVENT: Receive Msg | SENDER: 1 | LOGICAL TIME: 231 | PHYSICAL TIME: 2025-03-05 03:47:23.00, MESSAGE QUEUE LENGTH: 1

2025-03-05 03:47:24,532 - INFO - EVENT: Receive Msg | SENDER: 1 | LOGICAL TIME: 232 | PHYSICAL TIME: 2025-03-05 03:47:24.00, MESSAGE QUEUE LENGTH: 1

