2025-03-04 19:06:26,437 - INFO - Clock rate for client 3: 5 events per second
2025-03-04 19:06:27,200 - INFO - EVENT: Internal Event | LOGICAL TIME: 1 | PHYSICAL TIME: 2025-03-04 19:06:27.20, MESSAGE QUEUE LENGTH: 0

2025-03-04 19:06:27,462 - INFO - EVENT: Receive Msg | SENDER: 2 | LOGICAL TIME: 2 | PHYSICAL TIME: 2025-03-04 19:06:27.00, MESSAGE QUEUE LENGTH: 2

2025-03-04 19:06:27,699 - INFO - EVENT: Receive Msg | SENDER: 1 | LOGICAL TIME: 3 | PHYSICAL TIME: 2025-03-04 19:06:27.00, MESSAGE QUEUE LENGTH: 1

2025-03-04 19:06:27,996 - INFO - EVENT: Send Msg | RECIPIENT: 1 | LOGICAL TIME: 4 | PHYSICAL TIME: 2025-03-04 19:06:27.99, MESSAGE QUEUE LENGTH: 0

2025-03-04 19:06:28,364 - INFO - EVENT: Internal Event | LOGICAL TIME: 5 | PHYSICAL TIME: 2025-03-04 19:06:28.36, MESSAGE QUEUE LENGTH: 0

2025-03-04 19:06:28,617 - INFO - EVENT: Send Msg | RECIPIENT: 1 and 2 | LOGICAL TIME: 6 | PHYSICAL TIME: 2025-03-04 19:06:28.61, MESSAGE QUEUE LENGTH: 0

2025-03-04 19:06:28,838 - INFO - EVENT: Internal Event | LOGICAL TIME: 7 | PHYSICAL TIME: 2025-03-04 19:06:28.83, MESSAGE QUEUE LENGTH: 0

2025-03-04 19:06:29,117 - INFO - EVENT: Internal Event | LOGICAL TIME: 8 | PHYSICAL TIME: 2025-03-04 19:06:29.11, MESSAGE QUEUE LENGTH: 0

2025-03-04 19:06:29,382 - INFO - EVENT: Internal Event | LOGICAL TIME: 9 | PHYSICAL TIME: 2025-03-04 19:06:29.38, MESSAGE QUEUE LENGTH: 0

2025-03-04 19:06:29,584 - INFO - EVENT: Internal Event | LOGICAL TIME: 10 | PHYSICAL TIME: 2025-03-04 19:06:29.58, MESSAGE QUEUE LENGTH: 0

2025-03-04 19:06:29,785 - INFO - EVENT: Send Msg | RECIPIENT: 2 | LOGICAL TIME: 11 | PHYSICAL TIME: 2025-03-04 19:06:29.78, MESSAGE QUEUE LENGTH: 0

2025-03-04 19:06:29,989 - INFO - EVENT: Internal Event | LOGICAL TIME: 12 | PHYSICAL TIME: 2025-03-04 19:06:29.98, MESSAGE QUEUE LENGTH: 0

2025-03-04 19:06:30,246 - INFO - EVENT: Send Msg | RECIPIENT: 2 | LOGICAL TIME: 13 | PHYSICAL TIME: 2025-03-04 19:06:30.24, MESSAGE QUEUE LENGTH: 0

2025-03-04 19:06:30,448 - INFO - EVENT: Send Msg | RECIPIENT: 1 and 2 | LOGICAL TIME: 14 | PHYSICAL TIME: 2025-03-04 19:06:30.44, MESSAGE QUEUE LENGTH: 0

2025-03-04 19:06:30,650 - INFO - EVENT: Internal Event | LOGICAL TIME: 15 | PHYSICAL TIME: 2025-03-04 19:06:30.65, MESSAGE QUEUE LENGTH: 0

2025-03-04 19:06:30,853 - INFO - EVENT: Internal Event | LOGICAL TIME: 16 | PHYSICAL TIME: 2025-03-04 19:06:30.85, MESSAGE QUEUE LENGTH: 0

2025-03-04 19:06:31,073 - INFO - EVENT: Send Msg | RECIPIENT: 1 and 2 | LOGICAL TIME: 17 | PHYSICAL TIME: 2025-03-04 19:06:31.07, MESSAGE QUEUE LENGTH: 0

2025-03-04 19:06:31,294 - INFO - EVENT: Internal Event | LOGICAL TIME: 18 | PHYSICAL TIME: 2025-03-04 19:06:31.29, MESSAGE QUEUE LENGTH: 0

2025-03-04 19:06:31,497 - INFO - EVENT: Internal Event | LOGICAL TIME: 19 | PHYSICAL TIME: 2025-03-04 19:06:31.49, MESSAGE QUEUE LENGTH: 0

2025-03-04 19:06:31,722 - INFO - EVENT: Internal Event | LOGICAL TIME: 20 | PHYSICAL TIME: 2025-03-04 19:06:31.72, MESSAGE QUEUE LENGTH: 0

2025-03-04 19:06:31,951 - INFO - EVENT: Internal Event | LOGICAL TIME: 21 | PHYSICAL TIME: 2025-03-04 19:06:31.95, MESSAGE QUEUE LENGTH: 0

2025-03-04 19:06:32,167 - INFO - EVENT: Internal Event | LOGICAL TIME: 22 | PHYSICAL TIME: 2025-03-04 19:06:32.16, MESSAGE QUEUE LENGTH: 0

2025-03-04 19:06:32,368 - INFO - EVENT: Internal Event | LOGICAL TIME: 23 | PHYSICAL TIME: 2025-03-04 19:06:32.36, MESSAGE QUEUE LENGTH: 0

2025-03-04 19:06:32,596 - INFO - EVENT: Internal Event | LOGICAL TIME: 24 | PHYSICAL TIME: 2025-03-04 19:06:32.59, MESSAGE QUEUE LENGTH: 0

2025-03-04 19:06:32,799 - INFO - EVENT: Internal Event | LOGICAL TIME: 25 | PHYSICAL TIME: 2025-03-04 19:06:32.79, MESSAGE QUEUE LENGTH: 0

2025-03-04 19:06:33,000 - INFO - EVENT: Receive Msg | SENDER: 1 | LOGICAL TIME: 26 | PHYSICAL TIME: 2025-03-04 19:06:32.00, MESSAGE QUEUE LENGTH: 1

2025-03-04 19:06:33,237 - INFO - EVENT: Internal Event | LOGICAL TIME: 27 | PHYSICAL TIME: 2025-03-04 19:06:33.23, MESSAGE QUEUE LENGTH: 0

2025-03-04 19:06:33,463 - INFO - EVENT: Internal Event | LOGICAL TIME: 28 | PHYSICAL TIME: 2025-03-04 19:06:33.46, MESSAGE QUEUE LENGTH: 0

2025-03-04 19:06:33,709 - INFO - EVENT: Receive Msg | SENDER: 1 | LOGICAL TIME: 29 | PHYSICAL TIME: 2025-03-04 19:06:33.00, MESSAGE QUEUE LENGTH: 1

2025-03-04 19:06:33,966 - INFO - EVENT: Receive Msg | SENDER: 1 | LOGICAL TIME: 30 | PHYSICAL TIME: 2025-03-04 19:06:33.00, MESSAGE QUEUE LENGTH: 1

2025-03-04 19:06:34,332 - INFO - EVENT: Send Msg | RECIPIENT: 2 | LOGICAL TIME: 31 | PHYSICAL TIME: 2025-03-04 19:06:34.33, MESSAGE QUEUE LENGTH: 0

2025-03-04 19:06:34,539 - INFO - EVENT: Internal Event | LOGICAL TIME: 32 | PHYSICAL TIME: 2025-03-04 19:06:34.53, MESSAGE QUEUE LENGTH: 0

2025-03-04 19:06:34,840 - INFO - EVENT: Internal Event | LOGICAL TIME: 33 | PHYSICAL TIME: 2025-03-04 19:06:34.84, MESSAGE QUEUE LENGTH: 0

2025-03-04 19:06:35,065 - INFO - EVENT: Internal Event | LOGICAL TIME: 34 | PHYSICAL TIME: 2025-03-04 19:06:35.06, MESSAGE QUEUE LENGTH: 0

2025-03-04 19:06:35,281 - INFO - EVENT: Send Msg | RECIPIENT: 1 and 2 | LOGICAL TIME: 35 | PHYSICAL TIME: 2025-03-04 19:06:35.28, MESSAGE QUEUE LENGTH: 0

2025-03-04 19:06:35,548 - INFO - EVENT: Send Msg | RECIPIENT: 1 and 2 | LOGICAL TIME: 36 | PHYSICAL TIME: 2025-03-04 19:06:35.54, MESSAGE QUEUE LENGTH: 0

2025-03-04 19:06:35,756 - INFO - EVENT: Internal Event | LOGICAL TIME: 37 | PHYSICAL TIME: 2025-03-04 19:06:35.75, MESSAGE QUEUE LENGTH: 0

2025-03-04 19:06:35,972 - INFO - EVENT: Internal Event | LOGICAL TIME: 38 | PHYSICAL TIME: 2025-03-04 19:06:35.97, MESSAGE QUEUE LENGTH: 0

2025-03-04 19:06:36,210 - INFO - EVENT: Send Msg | RECIPIENT: 2 | LOGICAL TIME: 39 | PHYSICAL TIME: 2025-03-04 19:06:36.21, MESSAGE QUEUE LENGTH: 0

2025-03-04 19:06:36,454 - INFO - EVENT: Send Msg | RECIPIENT: 1 and 2 | LOGICAL TIME: 40 | PHYSICAL TIME: 2025-03-04 19:06:36.45, MESSAGE QUEUE LENGTH: 0

2025-03-04 19:06:36,655 - INFO - EVENT: Internal Event | LOGICAL TIME: 41 | PHYSICAL TIME: 2025-03-04 19:06:36.65, MESSAGE QUEUE LENGTH: 0

2025-03-04 19:06:36,865 - INFO - EVENT: Internal Event | LOGICAL TIME: 42 | PHYSICAL TIME: 2025-03-04 19:06:36.86, MESSAGE QUEUE LENGTH: 0

2025-03-04 19:06:37,137 - INFO - EVENT: Internal Event | LOGICAL TIME: 43 | PHYSICAL TIME: 2025-03-04 19:06:37.13, MESSAGE QUEUE LENGTH: 0

2025-03-04 19:06:37,358 - INFO - EVENT: Internal Event | LOGICAL TIME: 44 | PHYSICAL TIME: 2025-03-04 19:06:37.35, MESSAGE QUEUE LENGTH: 0

2025-03-04 19:06:37,560 - INFO - EVENT: Internal Event | LOGICAL TIME: 45 | PHYSICAL TIME: 2025-03-04 19:06:37.56, MESSAGE QUEUE LENGTH: 0

2025-03-04 19:06:37,782 - INFO - EVENT: Internal Event | LOGICAL TIME: 46 | PHYSICAL TIME: 2025-03-04 19:06:37.78, MESSAGE QUEUE LENGTH: 0

2025-03-04 19:06:37,993 - INFO - EVENT: Internal Event | LOGICAL TIME: 47 | PHYSICAL TIME: 2025-03-04 19:06:37.99, MESSAGE QUEUE LENGTH: 0

2025-03-04 19:06:38,215 - INFO - EVENT: Receive Msg | SENDER: 1 | LOGICAL TIME: 48 | PHYSICAL TIME: 2025-03-04 19:06:38.00, MESSAGE QUEUE LENGTH: 1

2025-03-04 19:06:38,430 - INFO - EVENT: Internal Event | LOGICAL TIME: 49 | PHYSICAL TIME: 2025-03-04 19:06:38.43, MESSAGE QUEUE LENGTH: 0

2025-03-04 19:06:38,672 - INFO - EVENT: Internal Event | LOGICAL TIME: 50 | PHYSICAL TIME: 2025-03-04 19:06:38.67, MESSAGE QUEUE LENGTH: 0

2025-03-04 19:06:38,887 - INFO - EVENT: Receive Msg | SENDER: 1 | LOGICAL TIME: 51 | PHYSICAL TIME: 2025-03-04 19:06:38.00, MESSAGE QUEUE LENGTH: 1

2025-03-04 19:06:39,092 - INFO - EVENT: Send Msg | RECIPIENT: 1 | LOGICAL TIME: 52 | PHYSICAL TIME: 2025-03-04 19:06:39.09, MESSAGE QUEUE LENGTH: 0

2025-03-04 19:06:39,299 - INFO - EVENT: Send Msg | RECIPIENT: 1 | LOGICAL TIME: 53 | PHYSICAL TIME: 2025-03-04 19:06:39.29, MESSAGE QUEUE LENGTH: 0

2025-03-04 19:06:39,510 - INFO - EVENT: Send Msg | RECIPIENT: 1 and 2 | LOGICAL TIME: 54 | PHYSICAL TIME: 2025-03-04 19:06:39.51, MESSAGE QUEUE LENGTH: 0

2025-03-04 19:06:39,722 - INFO - EVENT: Internal Event | LOGICAL TIME: 55 | PHYSICAL TIME: 2025-03-04 19:06:39.72, MESSAGE QUEUE LENGTH: 0

2025-03-04 19:06:39,923 - INFO - EVENT: Internal Event | LOGICAL TIME: 56 | PHYSICAL TIME: 2025-03-04 19:06:39.92, MESSAGE QUEUE LENGTH: 0

2025-03-04 19:06:40,160 - INFO - EVENT: Internal Event | LOGICAL TIME: 57 | PHYSICAL TIME: 2025-03-04 19:06:40.16, MESSAGE QUEUE LENGTH: 0

2025-03-04 19:06:40,377 - INFO - EVENT: Send Msg | RECIPIENT: 1 | LOGICAL TIME: 58 | PHYSICAL TIME: 2025-03-04 19:06:40.37, MESSAGE QUEUE LENGTH: 0

2025-03-04 19:06:40,579 - INFO - EVENT: Send Msg | RECIPIENT: 1 and 2 | LOGICAL TIME: 59 | PHYSICAL TIME: 2025-03-04 19:06:40.57, MESSAGE QUEUE LENGTH: 0

2025-03-04 19:06:40,780 - INFO - EVENT: Internal Event | LOGICAL TIME: 60 | PHYSICAL TIME: 2025-03-04 19:06:40.78, MESSAGE QUEUE LENGTH: 0

2025-03-04 19:06:40,989 - INFO - EVENT: Send Msg | RECIPIENT: 2 | LOGICAL TIME: 61 | PHYSICAL TIME: 2025-03-04 19:06:40.98, MESSAGE QUEUE LENGTH: 0

2025-03-04 19:06:41,309 - INFO - EVENT: Internal Event | LOGICAL TIME: 62 | PHYSICAL TIME: 2025-03-04 19:06:41.30, MESSAGE QUEUE LENGTH: 0

2025-03-04 19:06:41,509 - INFO - EVENT: Internal Event | LOGICAL TIME: 63 | PHYSICAL TIME: 2025-03-04 19:06:41.50, MESSAGE QUEUE LENGTH: 0

2025-03-04 19:06:41,713 - INFO - EVENT: Internal Event | LOGICAL TIME: 64 | PHYSICAL TIME: 2025-03-04 19:06:41.71, MESSAGE QUEUE LENGTH: 0

2025-03-04 19:06:41,980 - INFO - EVENT: Send Msg | RECIPIENT: 1 | LOGICAL TIME: 65 | PHYSICAL TIME: 2025-03-04 19:06:41.98, MESSAGE QUEUE LENGTH: 0

2025-03-04 19:06:42,296 - INFO - EVENT: Internal Event | LOGICAL TIME: 66 | PHYSICAL TIME: 2025-03-04 19:06:42.29, MESSAGE QUEUE LENGTH: 0

2025-03-04 19:06:42,531 - INFO - EVENT: Internal Event | LOGICAL TIME: 67 | PHYSICAL TIME: 2025-03-04 19:06:42.53, MESSAGE QUEUE LENGTH: 0

2025-03-04 19:06:42,747 - INFO - EVENT: Send Msg | RECIPIENT: 1 and 2 | LOGICAL TIME: 68 | PHYSICAL TIME: 2025-03-04 19:06:42.74, MESSAGE QUEUE LENGTH: 0

2025-03-04 19:06:42,963 - INFO - EVENT: Internal Event | LOGICAL TIME: 69 | PHYSICAL TIME: 2025-03-04 19:06:42.96, MESSAGE QUEUE LENGTH: 0

2025-03-04 19:06:43,196 - INFO - EVENT: Send Msg | RECIPIENT: 1 and 2 | LOGICAL TIME: 70 | PHYSICAL TIME: 2025-03-04 19:06:43.19, MESSAGE QUEUE LENGTH: 0

2025-03-04 19:06:43,410 - INFO - EVENT: Send Msg | RECIPIENT: 1 | LOGICAL TIME: 71 | PHYSICAL TIME: 2025-03-04 19:06:43.41, MESSAGE QUEUE LENGTH: 0

2025-03-04 19:06:43,615 - INFO - EVENT: Internal Event | LOGICAL TIME: 72 | PHYSICAL TIME: 2025-03-04 19:06:43.61, MESSAGE QUEUE LENGTH: 0

2025-03-04 19:06:43,868 - INFO - EVENT: Send Msg | RECIPIENT: 1 and 2 | LOGICAL TIME: 73 | PHYSICAL TIME: 2025-03-04 19:06:43.86, MESSAGE QUEUE LENGTH: 0

2025-03-04 19:06:44,084 - INFO - EVENT: Internal Event | LOGICAL TIME: 74 | PHYSICAL TIME: 2025-03-04 19:06:44.08, MESSAGE QUEUE LENGTH: 0

2025-03-04 19:06:44,287 - INFO - EVENT: Internal Event | LOGICAL TIME: 75 | PHYSICAL TIME: 2025-03-04 19:06:44.28, MESSAGE QUEUE LENGTH: 0

2025-03-04 19:06:44,518 - INFO - EVENT: Internal Event | LOGICAL TIME: 76 | PHYSICAL TIME: 2025-03-04 19:06:44.51, MESSAGE QUEUE LENGTH: 0

2025-03-04 19:06:44,720 - INFO - EVENT: Internal Event | LOGICAL TIME: 77 | PHYSICAL TIME: 2025-03-04 19:06:44.72, MESSAGE QUEUE LENGTH: 0

2025-03-04 19:06:44,944 - INFO - EVENT: Internal Event | LOGICAL TIME: 78 | PHYSICAL TIME: 2025-03-04 19:06:44.94, MESSAGE QUEUE LENGTH: 0

2025-03-04 19:06:45,157 - INFO - EVENT: Send Msg | RECIPIENT: 1 | LOGICAL TIME: 79 | PHYSICAL TIME: 2025-03-04 19:06:45.15, MESSAGE QUEUE LENGTH: 0

2025-03-04 19:06:45,359 - INFO - EVENT: Send Msg | RECIPIENT: 1 | LOGICAL TIME: 80 | PHYSICAL TIME: 2025-03-04 19:06:45.35, MESSAGE QUEUE LENGTH: 0

2025-03-04 19:06:45,574 - INFO - EVENT: Internal Event | LOGICAL TIME: 81 | PHYSICAL TIME: 2025-03-04 19:06:45.57, MESSAGE QUEUE LENGTH: 0

2025-03-04 19:06:45,799 - INFO - EVENT: Send Msg | RECIPIENT: 1 and 2 | LOGICAL TIME: 82 | PHYSICAL TIME: 2025-03-04 19:06:45.79, MESSAGE QUEUE LENGTH: 0

2025-03-04 19:06:45,999 - INFO - EVENT: Internal Event | LOGICAL TIME: 83 | PHYSICAL TIME: 2025-03-04 19:06:45.99, MESSAGE QUEUE LENGTH: 0

2025-03-04 19:06:46,201 - INFO - EVENT: Send Msg | RECIPIENT: 1 and 2 | LOGICAL TIME: 84 | PHYSICAL TIME: 2025-03-04 19:06:46.20, MESSAGE QUEUE LENGTH: 0

2025-03-04 19:06:46,416 - INFO - EVENT: Send Msg | RECIPIENT: 2 | LOGICAL TIME: 85 | PHYSICAL TIME: 2025-03-04 19:06:46.41, MESSAGE QUEUE LENGTH: 0

2025-03-04 19:06:46,631 - INFO - EVENT: Send Msg | RECIPIENT: 1 | LOGICAL TIME: 86 | PHYSICAL TIME: 2025-03-04 19:06:46.63, MESSAGE QUEUE LENGTH: 0

2025-03-04 19:06:46,864 - INFO - EVENT: Internal Event | LOGICAL TIME: 87 | PHYSICAL TIME: 2025-03-04 19:06:46.86, MESSAGE QUEUE LENGTH: 0

2025-03-04 19:06:47,094 - INFO - EVENT: Internal Event | LOGICAL TIME: 88 | PHYSICAL TIME: 2025-03-04 19:06:47.09, MESSAGE QUEUE LENGTH: 0

2025-03-04 19:06:47,307 - INFO - EVENT: Send Msg | RECIPIENT: 2 | LOGICAL TIME: 89 | PHYSICAL TIME: 2025-03-04 19:06:47.30, MESSAGE QUEUE LENGTH: 0

2025-03-04 19:06:47,564 - INFO - EVENT: Internal Event | LOGICAL TIME: 90 | PHYSICAL TIME: 2025-03-04 19:06:47.56, MESSAGE QUEUE LENGTH: 0

2025-03-04 19:06:47,848 - INFO - EVENT: Send Msg | RECIPIENT: 2 | LOGICAL TIME: 91 | PHYSICAL TIME: 2025-03-04 19:06:47.84, MESSAGE QUEUE LENGTH: 0

2025-03-04 19:06:48,145 - INFO - EVENT: Internal Event | LOGICAL TIME: 92 | PHYSICAL TIME: 2025-03-04 19:06:48.14, MESSAGE QUEUE LENGTH: 0

2025-03-04 19:06:48,361 - INFO - EVENT: Send Msg | RECIPIENT: 1 | LOGICAL TIME: 93 | PHYSICAL TIME: 2025-03-04 19:06:48.36, MESSAGE QUEUE LENGTH: 0

2025-03-04 19:06:48,632 - INFO - EVENT: Send Msg | RECIPIENT: 1 and 2 | LOGICAL TIME: 94 | PHYSICAL TIME: 2025-03-04 19:06:48.63, MESSAGE QUEUE LENGTH: 0

2025-03-04 19:06:48,834 - INFO - EVENT: Send Msg | RECIPIENT: 1 and 2 | LOGICAL TIME: 95 | PHYSICAL TIME: 2025-03-04 19:06:48.83, MESSAGE QUEUE LENGTH: 0

2025-03-04 19:06:49,068 - INFO - EVENT: Send Msg | RECIPIENT: 1 | LOGICAL TIME: 96 | PHYSICAL TIME: 2025-03-04 19:06:49.06, MESSAGE QUEUE LENGTH: 0

2025-03-04 19:06:49,300 - INFO - EVENT: Internal Event | LOGICAL TIME: 97 | PHYSICAL TIME: 2025-03-04 19:06:49.30, MESSAGE QUEUE LENGTH: 0

2025-03-04 19:06:49,547 - INFO - EVENT: Send Msg | RECIPIENT: 1 and 2 | LOGICAL TIME: 98 | PHYSICAL TIME: 2025-03-04 19:06:49.54, MESSAGE QUEUE LENGTH: 0

2025-03-04 19:06:49,751 - INFO - EVENT: Send Msg | RECIPIENT: 2 | LOGICAL TIME: 99 | PHYSICAL TIME: 2025-03-04 19:06:49.75, MESSAGE QUEUE LENGTH: 0

2025-03-04 19:06:49,952 - INFO - EVENT: Send Msg | RECIPIENT: 1 and 2 | LOGICAL TIME: 100 | PHYSICAL TIME: 2025-03-04 19:06:49.95, MESSAGE QUEUE LENGTH: 0

2025-03-04 19:06:50,201 - INFO - EVENT: Internal Event | LOGICAL TIME: 101 | PHYSICAL TIME: 2025-03-04 19:06:50.20, MESSAGE QUEUE LENGTH: 0

2025-03-04 19:06:50,404 - INFO - EVENT: Internal Event | LOGICAL TIME: 102 | PHYSICAL TIME: 2025-03-04 19:06:50.40, MESSAGE QUEUE LENGTH: 0

2025-03-04 19:06:50,653 - INFO - EVENT: Send Msg | RECIPIENT: 2 | LOGICAL TIME: 103 | PHYSICAL TIME: 2025-03-04 19:06:50.65, MESSAGE QUEUE LENGTH: 0

2025-03-04 19:06:50,886 - INFO - EVENT: Send Msg | RECIPIENT: 1 | LOGICAL TIME: 104 | PHYSICAL TIME: 2025-03-04 19:06:50.88, MESSAGE QUEUE LENGTH: 0

2025-03-04 19:06:51,103 - INFO - EVENT: Internal Event | LOGICAL TIME: 105 | PHYSICAL TIME: 2025-03-04 19:06:51.10, MESSAGE QUEUE LENGTH: 0

2025-03-04 19:06:51,308 - INFO - EVENT: Send Msg | RECIPIENT: 1 | LOGICAL TIME: 106 | PHYSICAL TIME: 2025-03-04 19:06:51.30, MESSAGE QUEUE LENGTH: 0

2025-03-04 19:06:51,518 - INFO - EVENT: Send Msg | RECIPIENT: 2 | LOGICAL TIME: 107 | PHYSICAL TIME: 2025-03-04 19:06:51.51, MESSAGE QUEUE LENGTH: 0

2025-03-04 19:06:51,738 - INFO - EVENT: Internal Event | LOGICAL TIME: 108 | PHYSICAL TIME: 2025-03-04 19:06:51.73, MESSAGE QUEUE LENGTH: 0

2025-03-04 19:06:52,000 - INFO - EVENT: Send Msg | RECIPIENT: 1 | LOGICAL TIME: 109 | PHYSICAL TIME: 2025-03-04 19:06:52.00, MESSAGE QUEUE LENGTH: 0

2025-03-04 19:06:52,202 - INFO - EVENT: Send Msg | RECIPIENT: 2 | LOGICAL TIME: 110 | PHYSICAL TIME: 2025-03-04 19:06:52.20, MESSAGE QUEUE LENGTH: 0

2025-03-04 19:06:52,417 - INFO - EVENT: Internal Event | LOGICAL TIME: 111 | PHYSICAL TIME: 2025-03-04 19:06:52.41, MESSAGE QUEUE LENGTH: 0

2025-03-04 19:06:52,809 - INFO - EVENT: Send Msg | RECIPIENT: 1 and 2 | LOGICAL TIME: 112 | PHYSICAL TIME: 2025-03-04 19:06:52.80, MESSAGE QUEUE LENGTH: 0

2025-03-04 19:06:53,069 - INFO - EVENT: Internal Event | LOGICAL TIME: 113 | PHYSICAL TIME: 2025-03-04 19:06:53.06, MESSAGE QUEUE LENGTH: 0

2025-03-04 19:06:53,323 - INFO - EVENT: Internal Event | LOGICAL TIME: 114 | PHYSICAL TIME: 2025-03-04 19:06:53.32, MESSAGE QUEUE LENGTH: 0

2025-03-04 19:06:53,555 - INFO - EVENT: Internal Event | LOGICAL TIME: 115 | PHYSICAL TIME: 2025-03-04 19:06:53.55, MESSAGE QUEUE LENGTH: 0

2025-03-04 19:06:53,814 - INFO - EVENT: Internal Event | LOGICAL TIME: 116 | PHYSICAL TIME: 2025-03-04 19:06:53.81, MESSAGE QUEUE LENGTH: 0

2025-03-04 19:06:54,039 - INFO - EVENT: Internal Event | LOGICAL TIME: 117 | PHYSICAL TIME: 2025-03-04 19:06:54.03, MESSAGE QUEUE LENGTH: 0

2025-03-04 19:06:54,254 - INFO - EVENT: Internal Event | LOGICAL TIME: 118 | PHYSICAL TIME: 2025-03-04 19:06:54.25, MESSAGE QUEUE LENGTH: 0

2025-03-04 19:06:54,455 - INFO - EVENT: Send Msg | RECIPIENT: 1 and 2 | LOGICAL TIME: 119 | PHYSICAL TIME: 2025-03-04 19:06:54.45, MESSAGE QUEUE LENGTH: 0

2025-03-04 19:06:54,679 - INFO - EVENT: Send Msg | RECIPIENT: 1 and 2 | LOGICAL TIME: 120 | PHYSICAL TIME: 2025-03-04 19:06:54.67, MESSAGE QUEUE LENGTH: 0

2025-03-04 19:06:54,881 - INFO - EVENT: Internal Event | LOGICAL TIME: 121 | PHYSICAL TIME: 2025-03-04 19:06:54.88, MESSAGE QUEUE LENGTH: 0

2025-03-04 19:06:55,118 - INFO - EVENT: Send Msg | RECIPIENT: 1 and 2 | LOGICAL TIME: 122 | PHYSICAL TIME: 2025-03-04 19:06:55.11, MESSAGE QUEUE LENGTH: 0

2025-03-04 19:06:55,320 - INFO - EVENT: Internal Event | LOGICAL TIME: 123 | PHYSICAL TIME: 2025-03-04 19:06:55.32, MESSAGE QUEUE LENGTH: 0

2025-03-04 19:06:55,525 - INFO - EVENT: Send Msg | RECIPIENT: 1 and 2 | LOGICAL TIME: 124 | PHYSICAL TIME: 2025-03-04 19:06:55.52, MESSAGE QUEUE LENGTH: 0

2025-03-04 19:06:55,727 - INFO - EVENT: Internal Event | LOGICAL TIME: 125 | PHYSICAL TIME: 2025-03-04 19:06:55.72, MESSAGE QUEUE LENGTH: 0

2025-03-04 19:06:55,938 - INFO - EVENT: Internal Event | LOGICAL TIME: 126 | PHYSICAL TIME: 2025-03-04 19:06:55.93, MESSAGE QUEUE LENGTH: 0

2025-03-04 19:06:56,141 - INFO - EVENT: Send Msg | RECIPIENT: 1 and 2 | LOGICAL TIME: 127 | PHYSICAL TIME: 2025-03-04 19:06:56.14, MESSAGE QUEUE LENGTH: 0

2025-03-04 19:06:56,365 - INFO - EVENT: Send Msg | RECIPIENT: 2 | LOGICAL TIME: 128 | PHYSICAL TIME: 2025-03-04 19:06:56.36, MESSAGE QUEUE LENGTH: 0

2025-03-04 19:06:56,589 - INFO - EVENT: Internal Event | LOGICAL TIME: 129 | PHYSICAL TIME: 2025-03-04 19:06:56.58, MESSAGE QUEUE LENGTH: 0

2025-03-04 19:06:56,855 - INFO - EVENT: Internal Event | LOGICAL TIME: 130 | PHYSICAL TIME: 2025-03-04 19:06:56.85, MESSAGE QUEUE LENGTH: 0

2025-03-04 19:06:57,057 - INFO - EVENT: Internal Event | LOGICAL TIME: 131 | PHYSICAL TIME: 2025-03-04 19:06:57.05, MESSAGE QUEUE LENGTH: 0

2025-03-04 19:06:57,274 - INFO - EVENT: Send Msg | RECIPIENT: 1 | LOGICAL TIME: 132 | PHYSICAL TIME: 2025-03-04 19:06:57.27, MESSAGE QUEUE LENGTH: 0

2025-03-04 19:06:57,476 - INFO - EVENT: Send Msg | RECIPIENT: 1 | LOGICAL TIME: 133 | PHYSICAL TIME: 2025-03-04 19:06:57.47, MESSAGE QUEUE LENGTH: 0

2025-03-04 19:06:57,679 - INFO - EVENT: Internal Event | LOGICAL TIME: 134 | PHYSICAL TIME: 2025-03-04 19:06:57.67, MESSAGE QUEUE LENGTH: 0

2025-03-04 19:06:57,896 - INFO - EVENT: Internal Event | LOGICAL TIME: 135 | PHYSICAL TIME: 2025-03-04 19:06:57.89, MESSAGE QUEUE LENGTH: 0

2025-03-04 19:06:58,157 - INFO - EVENT: Internal Event | LOGICAL TIME: 136 | PHYSICAL TIME: 2025-03-04 19:06:58.15, MESSAGE QUEUE LENGTH: 0

2025-03-04 19:06:58,560 - INFO - EVENT: Internal Event | LOGICAL TIME: 137 | PHYSICAL TIME: 2025-03-04 19:06:58.56, MESSAGE QUEUE LENGTH: 0

2025-03-04 19:06:58,876 - INFO - EVENT: Internal Event | LOGICAL TIME: 138 | PHYSICAL TIME: 2025-03-04 19:06:58.87, MESSAGE QUEUE LENGTH: 0

2025-03-04 19:06:59,144 - INFO - EVENT: Send Msg | RECIPIENT: 1 and 2 | LOGICAL TIME: 139 | PHYSICAL TIME: 2025-03-04 19:06:59.14, MESSAGE QUEUE LENGTH: 0

2025-03-04 19:06:59,346 - INFO - EVENT: Internal Event | LOGICAL TIME: 140 | PHYSICAL TIME: 2025-03-04 19:06:59.34, MESSAGE QUEUE LENGTH: 0

2025-03-04 19:06:59,577 - INFO - EVENT: Internal Event | LOGICAL TIME: 141 | PHYSICAL TIME: 2025-03-04 19:06:59.57, MESSAGE QUEUE LENGTH: 0

2025-03-04 19:06:59,795 - INFO - EVENT: Send Msg | RECIPIENT: 1 and 2 | LOGICAL TIME: 142 | PHYSICAL TIME: 2025-03-04 19:06:59.79, MESSAGE QUEUE LENGTH: 0

2025-03-04 19:07:00,046 - INFO - EVENT: Internal Event | LOGICAL TIME: 143 | PHYSICAL TIME: 2025-03-04 19:07:00.04, MESSAGE QUEUE LENGTH: 0

2025-03-04 19:07:00,249 - INFO - EVENT: Send Msg | RECIPIENT: 1 and 2 | LOGICAL TIME: 144 | PHYSICAL TIME: 2025-03-04 19:07:00.24, MESSAGE QUEUE LENGTH: 0

2025-03-04 19:07:00,451 - INFO - EVENT: Internal Event | LOGICAL TIME: 145 | PHYSICAL TIME: 2025-03-04 19:07:00.45, MESSAGE QUEUE LENGTH: 0

2025-03-04 19:07:00,697 - INFO - EVENT: Internal Event | LOGICAL TIME: 146 | PHYSICAL TIME: 2025-03-04 19:07:00.69, MESSAGE QUEUE LENGTH: 0

2025-03-04 19:07:00,959 - INFO - EVENT: Internal Event | LOGICAL TIME: 147 | PHYSICAL TIME: 2025-03-04 19:07:00.95, MESSAGE QUEUE LENGTH: 0

2025-03-04 19:07:01,207 - INFO - EVENT: Receive Msg | SENDER: 1 | LOGICAL TIME: 148 | PHYSICAL TIME: 2025-03-04 19:07:01.00, MESSAGE QUEUE LENGTH: 1

2025-03-04 19:07:01,453 - INFO - EVENT: Send Msg | RECIPIENT: 1 | LOGICAL TIME: 149 | PHYSICAL TIME: 2025-03-04 19:07:01.45, MESSAGE QUEUE LENGTH: 0

2025-03-04 19:07:01,746 - INFO - EVENT: Send Msg | RECIPIENT: 2 | LOGICAL TIME: 150 | PHYSICAL TIME: 2025-03-04 19:07:01.74, MESSAGE QUEUE LENGTH: 0

2025-03-04 19:07:01,962 - INFO - EVENT: Send Msg | RECIPIENT: 1 and 2 | LOGICAL TIME: 151 | PHYSICAL TIME: 2025-03-04 19:07:01.96, MESSAGE QUEUE LENGTH: 0

2025-03-04 19:07:02,194 - INFO - EVENT: Send Msg | RECIPIENT: 1 and 2 | LOGICAL TIME: 152 | PHYSICAL TIME: 2025-03-04 19:07:02.19, MESSAGE QUEUE LENGTH: 0

2025-03-04 19:07:02,425 - INFO - EVENT: Internal Event | LOGICAL TIME: 153 | PHYSICAL TIME: 2025-03-04 19:07:02.42, MESSAGE QUEUE LENGTH: 0

2025-03-04 19:07:02,642 - INFO - EVENT: Internal Event | LOGICAL TIME: 154 | PHYSICAL TIME: 2025-03-04 19:07:02.64, MESSAGE QUEUE LENGTH: 0

2025-03-04 19:07:02,860 - INFO - EVENT: Internal Event | LOGICAL TIME: 155 | PHYSICAL TIME: 2025-03-04 19:07:02.86, MESSAGE QUEUE LENGTH: 0

2025-03-04 19:07:03,275 - INFO - EVENT: Internal Event | LOGICAL TIME: 156 | PHYSICAL TIME: 2025-03-04 19:07:03.27, MESSAGE QUEUE LENGTH: 0

2025-03-04 19:07:03,476 - INFO - EVENT: Internal Event | LOGICAL TIME: 157 | PHYSICAL TIME: 2025-03-04 19:07:03.47, MESSAGE QUEUE LENGTH: 0

2025-03-04 19:07:03,692 - INFO - EVENT: Send Msg | RECIPIENT: 1 and 2 | LOGICAL TIME: 158 | PHYSICAL TIME: 2025-03-04 19:07:03.69, MESSAGE QUEUE LENGTH: 0

2025-03-04 19:07:03,935 - INFO - EVENT: Send Msg | RECIPIENT: 1 | LOGICAL TIME: 159 | PHYSICAL TIME: 2025-03-04 19:07:03.93, MESSAGE QUEUE LENGTH: 0

2025-03-04 19:07:04,164 - INFO - EVENT: Internal Event | LOGICAL TIME: 160 | PHYSICAL TIME: 2025-03-04 19:07:04.16, MESSAGE QUEUE LENGTH: 0

2025-03-04 19:07:04,379 - INFO - EVENT: Send Msg | RECIPIENT: 1 | LOGICAL TIME: 161 | PHYSICAL TIME: 2025-03-04 19:07:04.37, MESSAGE QUEUE LENGTH: 0

2025-03-04 19:07:04,580 - INFO - EVENT: Internal Event | LOGICAL TIME: 162 | PHYSICAL TIME: 2025-03-04 19:07:04.58, MESSAGE QUEUE LENGTH: 0

2025-03-04 19:07:04,780 - INFO - EVENT: Send Msg | RECIPIENT: 1 and 2 | LOGICAL TIME: 163 | PHYSICAL TIME: 2025-03-04 19:07:04.78, MESSAGE QUEUE LENGTH: 0

2025-03-04 19:07:05,012 - INFO - EVENT: Internal Event | LOGICAL TIME: 164 | PHYSICAL TIME: 2025-03-04 19:07:05.01, MESSAGE QUEUE LENGTH: 0

2025-03-04 19:07:05,226 - INFO - EVENT: Internal Event | LOGICAL TIME: 165 | PHYSICAL TIME: 2025-03-04 19:07:05.22, MESSAGE QUEUE LENGTH: 0

2025-03-04 19:07:05,456 - INFO - EVENT: Send Msg | RECIPIENT: 2 | LOGICAL TIME: 166 | PHYSICAL TIME: 2025-03-04 19:07:05.45, MESSAGE QUEUE LENGTH: 0

2025-03-04 19:07:05,764 - INFO - EVENT: Internal Event | LOGICAL TIME: 167 | PHYSICAL TIME: 2025-03-04 19:07:05.76, MESSAGE QUEUE LENGTH: 0

2025-03-04 19:07:05,965 - INFO - EVENT: Internal Event | LOGICAL TIME: 168 | PHYSICAL TIME: 2025-03-04 19:07:05.96, MESSAGE QUEUE LENGTH: 0

2025-03-04 19:07:06,181 - INFO - EVENT: Internal Event | LOGICAL TIME: 169 | PHYSICAL TIME: 2025-03-04 19:07:06.18, MESSAGE QUEUE LENGTH: 0

2025-03-04 19:07:06,381 - INFO - EVENT: Internal Event | LOGICAL TIME: 170 | PHYSICAL TIME: 2025-03-04 19:07:06.38, MESSAGE QUEUE LENGTH: 0

2025-03-04 19:07:06,596 - INFO - EVENT: Internal Event | LOGICAL TIME: 171 | PHYSICAL TIME: 2025-03-04 19:07:06.59, MESSAGE QUEUE LENGTH: 0

2025-03-04 19:07:06,801 - INFO - EVENT: Internal Event | LOGICAL TIME: 172 | PHYSICAL TIME: 2025-03-04 19:07:06.80, MESSAGE QUEUE LENGTH: 0

2025-03-04 19:07:07,033 - INFO - EVENT: Internal Event | LOGICAL TIME: 173 | PHYSICAL TIME: 2025-03-04 19:07:07.03, MESSAGE QUEUE LENGTH: 0

2025-03-04 19:07:07,250 - INFO - EVENT: Send Msg | RECIPIENT: 2 | LOGICAL TIME: 174 | PHYSICAL TIME: 2025-03-04 19:07:07.25, MESSAGE QUEUE LENGTH: 0

2025-03-04 19:07:07,453 - INFO - EVENT: Internal Event | LOGICAL TIME: 175 | PHYSICAL TIME: 2025-03-04 19:07:07.45, MESSAGE QUEUE LENGTH: 0

2025-03-04 19:07:07,679 - INFO - EVENT: Internal Event | LOGICAL TIME: 176 | PHYSICAL TIME: 2025-03-04 19:07:07.67, MESSAGE QUEUE LENGTH: 0

2025-03-04 19:07:07,900 - INFO - EVENT: Internal Event | LOGICAL TIME: 177 | PHYSICAL TIME: 2025-03-04 19:07:07.90, MESSAGE QUEUE LENGTH: 0

2025-03-04 19:07:08,102 - INFO - EVENT: Send Msg | RECIPIENT: 1 | LOGICAL TIME: 178 | PHYSICAL TIME: 2025-03-04 19:07:08.10, MESSAGE QUEUE LENGTH: 0

2025-03-04 19:07:08,381 - INFO - EVENT: Internal Event | LOGICAL TIME: 179 | PHYSICAL TIME: 2025-03-04 19:07:08.38, MESSAGE QUEUE LENGTH: 0

2025-03-04 19:07:08,581 - INFO - EVENT: Send Msg | RECIPIENT: 1 and 2 | LOGICAL TIME: 180 | PHYSICAL TIME: 2025-03-04 19:07:08.58, MESSAGE QUEUE LENGTH: 0

2025-03-04 19:07:08,797 - INFO - EVENT: Internal Event | LOGICAL TIME: 181 | PHYSICAL TIME: 2025-03-04 19:07:08.79, MESSAGE QUEUE LENGTH: 0

2025-03-04 19:07:09,068 - INFO - EVENT: Internal Event | LOGICAL TIME: 182 | PHYSICAL TIME: 2025-03-04 19:07:09.06, MESSAGE QUEUE LENGTH: 0

2025-03-04 19:07:09,289 - INFO - EVENT: Internal Event | LOGICAL TIME: 183 | PHYSICAL TIME: 2025-03-04 19:07:09.28, MESSAGE QUEUE LENGTH: 0

2025-03-04 19:07:09,495 - INFO - EVENT: Internal Event | LOGICAL TIME: 184 | PHYSICAL TIME: 2025-03-04 19:07:09.49, MESSAGE QUEUE LENGTH: 0

2025-03-04 19:07:09,726 - INFO - EVENT: Internal Event | LOGICAL TIME: 185 | PHYSICAL TIME: 2025-03-04 19:07:09.72, MESSAGE QUEUE LENGTH: 0

2025-03-04 19:07:09,954 - INFO - EVENT: Send Msg | RECIPIENT: 1 and 2 | LOGICAL TIME: 186 | PHYSICAL TIME: 2025-03-04 19:07:09.95, MESSAGE QUEUE LENGTH: 0

2025-03-04 19:07:10,170 - INFO - EVENT: Send Msg | RECIPIENT: 2 | LOGICAL TIME: 187 | PHYSICAL TIME: 2025-03-04 19:07:10.17, MESSAGE QUEUE LENGTH: 0

2025-03-04 19:07:10,385 - INFO - EVENT: Send Msg | RECIPIENT: 2 | LOGICAL TIME: 188 | PHYSICAL TIME: 2025-03-04 19:07:10.38, MESSAGE QUEUE LENGTH: 0

2025-03-04 19:07:10,594 - INFO - EVENT: Internal Event | LOGICAL TIME: 189 | PHYSICAL TIME: 2025-03-04 19:07:10.59, MESSAGE QUEUE LENGTH: 0

2025-03-04 19:07:10,796 - INFO - EVENT: Internal Event | LOGICAL TIME: 190 | PHYSICAL TIME: 2025-03-04 19:07:10.79, MESSAGE QUEUE LENGTH: 0

2025-03-04 19:07:11,002 - INFO - EVENT: Internal Event | LOGICAL TIME: 191 | PHYSICAL TIME: 2025-03-04 19:07:11.00, MESSAGE QUEUE LENGTH: 0

2025-03-04 19:07:11,203 - INFO - EVENT: Internal Event | LOGICAL TIME: 192 | PHYSICAL TIME: 2025-03-04 19:07:11.20, MESSAGE QUEUE LENGTH: 0

2025-03-04 19:07:11,405 - INFO - EVENT: Internal Event | LOGICAL TIME: 193 | PHYSICAL TIME: 2025-03-04 19:07:11.40, MESSAGE QUEUE LENGTH: 0

2025-03-04 19:07:11,607 - INFO - EVENT: Internal Event | LOGICAL TIME: 194 | PHYSICAL TIME: 2025-03-04 19:07:11.60, MESSAGE QUEUE LENGTH: 0

2025-03-04 19:07:11,813 - INFO - EVENT: Internal Event | LOGICAL TIME: 195 | PHYSICAL TIME: 2025-03-04 19:07:11.81, MESSAGE QUEUE LENGTH: 0

2025-03-04 19:07:12,037 - INFO - EVENT: Send Msg | RECIPIENT: 1 and 2 | LOGICAL TIME: 196 | PHYSICAL TIME: 2025-03-04 19:07:12.03, MESSAGE QUEUE LENGTH: 0

2025-03-04 19:07:12,294 - INFO - EVENT: Internal Event | LOGICAL TIME: 197 | PHYSICAL TIME: 2025-03-04 19:07:12.29, MESSAGE QUEUE LENGTH: 0

2025-03-04 19:07:12,587 - INFO - EVENT: Internal Event | LOGICAL TIME: 198 | PHYSICAL TIME: 2025-03-04 19:07:12.58, MESSAGE QUEUE LENGTH: 0

2025-03-04 19:07:12,801 - INFO - EVENT: Internal Event | LOGICAL TIME: 199 | PHYSICAL TIME: 2025-03-04 19:07:12.80, MESSAGE QUEUE LENGTH: 0

2025-03-04 19:07:13,003 - INFO - EVENT: Internal Event | LOGICAL TIME: 200 | PHYSICAL TIME: 2025-03-04 19:07:13.00, MESSAGE QUEUE LENGTH: 0

2025-03-04 19:07:13,205 - INFO - EVENT: Send Msg | RECIPIENT: 1 | LOGICAL TIME: 201 | PHYSICAL TIME: 2025-03-04 19:07:13.20, MESSAGE QUEUE LENGTH: 0

2025-03-04 19:07:13,513 - INFO - EVENT: Internal Event | LOGICAL TIME: 202 | PHYSICAL TIME: 2025-03-04 19:07:13.51, MESSAGE QUEUE LENGTH: 0

2025-03-04 19:07:13,716 - INFO - EVENT: Send Msg | RECIPIENT: 1 and 2 | LOGICAL TIME: 203 | PHYSICAL TIME: 2025-03-04 19:07:13.71, MESSAGE QUEUE LENGTH: 0

2025-03-04 19:07:13,917 - INFO - EVENT: Internal Event | LOGICAL TIME: 204 | PHYSICAL TIME: 2025-03-04 19:07:13.91, MESSAGE QUEUE LENGTH: 0

2025-03-04 19:07:14,162 - INFO - EVENT: Internal Event | LOGICAL TIME: 205 | PHYSICAL TIME: 2025-03-04 19:07:14.16, MESSAGE QUEUE LENGTH: 0

2025-03-04 19:07:14,410 - INFO - EVENT: Send Msg | RECIPIENT: 1 and 2 | LOGICAL TIME: 206 | PHYSICAL TIME: 2025-03-04 19:07:14.41, MESSAGE QUEUE LENGTH: 0

2025-03-04 19:07:14,627 - INFO - EVENT: Internal Event | LOGICAL TIME: 207 | PHYSICAL TIME: 2025-03-04 19:07:14.62, MESSAGE QUEUE LENGTH: 0

2025-03-04 19:07:14,855 - INFO - EVENT: Send Msg | RECIPIENT: 1 and 2 | LOGICAL TIME: 208 | PHYSICAL TIME: 2025-03-04 19:07:14.85, MESSAGE QUEUE LENGTH: 0

2025-03-04 19:07:15,070 - INFO - EVENT: Internal Event | LOGICAL TIME: 209 | PHYSICAL TIME: 2025-03-04 19:07:15.07, MESSAGE QUEUE LENGTH: 0

2025-03-04 19:07:15,285 - INFO - EVENT: Send Msg | RECIPIENT: 1 and 2 | LOGICAL TIME: 210 | PHYSICAL TIME: 2025-03-04 19:07:15.28, MESSAGE QUEUE LENGTH: 0

2025-03-04 19:07:15,486 - INFO - EVENT: Internal Event | LOGICAL TIME: 211 | PHYSICAL TIME: 2025-03-04 19:07:15.48, MESSAGE QUEUE LENGTH: 0

2025-03-04 19:07:15,700 - INFO - EVENT: Send Msg | RECIPIENT: 2 | LOGICAL TIME: 212 | PHYSICAL TIME: 2025-03-04 19:07:15.70, MESSAGE QUEUE LENGTH: 0

2025-03-04 19:07:15,915 - INFO - EVENT: Internal Event | LOGICAL TIME: 213 | PHYSICAL TIME: 2025-03-04 19:07:15.91, MESSAGE QUEUE LENGTH: 0

2025-03-04 19:07:16,192 - INFO - EVENT: Send Msg | RECIPIENT: 2 | LOGICAL TIME: 214 | PHYSICAL TIME: 2025-03-04 19:07:16.19, MESSAGE QUEUE LENGTH: 0

2025-03-04 19:07:16,423 - INFO - EVENT: Send Msg | RECIPIENT: 2 | LOGICAL TIME: 215 | PHYSICAL TIME: 2025-03-04 19:07:16.42, MESSAGE QUEUE LENGTH: 0

2025-03-04 19:07:16,654 - INFO - EVENT: Receive Msg | SENDER: 1 | LOGICAL TIME: 216 | PHYSICAL TIME: 2025-03-04 19:07:16.00, MESSAGE QUEUE LENGTH: 1

2025-03-04 19:07:16,883 - INFO - EVENT: Send Msg | RECIPIENT: 2 | LOGICAL TIME: 217 | PHYSICAL TIME: 2025-03-04 19:07:16.88, MESSAGE QUEUE LENGTH: 0

2025-03-04 19:07:17,097 - INFO - EVENT: Internal Event | LOGICAL TIME: 218 | PHYSICAL TIME: 2025-03-04 19:07:17.09, MESSAGE QUEUE LENGTH: 0

2025-03-04 19:07:17,299 - INFO - EVENT: Internal Event | LOGICAL TIME: 219 | PHYSICAL TIME: 2025-03-04 19:07:17.29, MESSAGE QUEUE LENGTH: 0

2025-03-04 19:07:17,530 - INFO - EVENT: Receive Msg | SENDER: 1 | LOGICAL TIME: 220 | PHYSICAL TIME: 2025-03-04 19:07:17.00, MESSAGE QUEUE LENGTH: 1

2025-03-04 19:07:17,731 - INFO - EVENT: Send Msg | RECIPIENT: 1 | LOGICAL TIME: 221 | PHYSICAL TIME: 2025-03-04 19:07:17.73, MESSAGE QUEUE LENGTH: 0

2025-03-04 19:07:17,931 - INFO - EVENT: Send Msg | RECIPIENT: 2 | LOGICAL TIME: 222 | PHYSICAL TIME: 2025-03-04 19:07:17.93, MESSAGE QUEUE LENGTH: 0

2025-03-04 19:07:18,174 - INFO - EVENT: Internal Event | LOGICAL TIME: 223 | PHYSICAL TIME: 2025-03-04 19:07:18.17, MESSAGE QUEUE LENGTH: 0

2025-03-04 19:07:18,460 - INFO - EVENT: Send Msg | RECIPIENT: 1 and 2 | LOGICAL TIME: 224 | PHYSICAL TIME: 2025-03-04 19:07:18.46, MESSAGE QUEUE LENGTH: 0

2025-03-04 19:07:18,691 - INFO - EVENT: Send Msg | RECIPIENT: 2 | LOGICAL TIME: 225 | PHYSICAL TIME: 2025-03-04 19:07:18.69, MESSAGE QUEUE LENGTH: 0

2025-03-04 19:07:18,929 - INFO - EVENT: Internal Event | LOGICAL TIME: 226 | PHYSICAL TIME: 2025-03-04 19:07:18.92, MESSAGE QUEUE LENGTH: 0

2025-03-04 19:07:19,192 - INFO - EVENT: Internal Event | LOGICAL TIME: 227 | PHYSICAL TIME: 2025-03-04 19:07:19.19, MESSAGE QUEUE LENGTH: 0

2025-03-04 19:07:19,410 - INFO - EVENT: Internal Event | LOGICAL TIME: 228 | PHYSICAL TIME: 2025-03-04 19:07:19.41, MESSAGE QUEUE LENGTH: 0

2025-03-04 19:07:19,611 - INFO - EVENT: Internal Event | LOGICAL TIME: 229 | PHYSICAL TIME: 2025-03-04 19:07:19.61, MESSAGE QUEUE LENGTH: 0

2025-03-04 19:07:19,812 - INFO - EVENT: Internal Event | LOGICAL TIME: 230 | PHYSICAL TIME: 2025-03-04 19:07:19.81, MESSAGE QUEUE LENGTH: 0

2025-03-04 19:07:20,074 - INFO - EVENT: Internal Event | LOGICAL TIME: 231 | PHYSICAL TIME: 2025-03-04 19:07:20.07, MESSAGE QUEUE LENGTH: 0

2025-03-04 19:07:20,296 - INFO - EVENT: Send Msg | RECIPIENT: 2 | LOGICAL TIME: 232 | PHYSICAL TIME: 2025-03-04 19:07:20.29, MESSAGE QUEUE LENGTH: 0

2025-03-04 19:07:20,506 - INFO - EVENT: Internal Event | LOGICAL TIME: 233 | PHYSICAL TIME: 2025-03-04 19:07:20.50, MESSAGE QUEUE LENGTH: 0

2025-03-04 19:07:20,732 - INFO - EVENT: Internal Event | LOGICAL TIME: 234 | PHYSICAL TIME: 2025-03-04 19:07:20.73, MESSAGE QUEUE LENGTH: 0

2025-03-04 19:07:20,955 - INFO - EVENT: Send Msg | RECIPIENT: 1 | LOGICAL TIME: 235 | PHYSICAL TIME: 2025-03-04 19:07:20.95, MESSAGE QUEUE LENGTH: 0

2025-03-04 19:07:21,178 - INFO - EVENT: Internal Event | LOGICAL TIME: 236 | PHYSICAL TIME: 2025-03-04 19:07:21.17, MESSAGE QUEUE LENGTH: 0

2025-03-04 19:07:21,395 - INFO - EVENT: Internal Event | LOGICAL TIME: 237 | PHYSICAL TIME: 2025-03-04 19:07:21.39, MESSAGE QUEUE LENGTH: 0

2025-03-04 19:07:21,629 - INFO - EVENT: Internal Event | LOGICAL TIME: 238 | PHYSICAL TIME: 2025-03-04 19:07:21.62, MESSAGE QUEUE LENGTH: 0

2025-03-04 19:07:21,831 - INFO - EVENT: Internal Event | LOGICAL TIME: 239 | PHYSICAL TIME: 2025-03-04 19:07:21.83, MESSAGE QUEUE LENGTH: 0

2025-03-04 19:07:22,046 - INFO - EVENT: Send Msg | RECIPIENT: 1 and 2 | LOGICAL TIME: 240 | PHYSICAL TIME: 2025-03-04 19:07:22.04, MESSAGE QUEUE LENGTH: 0

2025-03-04 19:07:22,247 - INFO - EVENT: Internal Event | LOGICAL TIME: 241 | PHYSICAL TIME: 2025-03-04 19:07:22.24, MESSAGE QUEUE LENGTH: 0

2025-03-04 19:07:22,466 - INFO - EVENT: Internal Event | LOGICAL TIME: 242 | PHYSICAL TIME: 2025-03-04 19:07:22.46, MESSAGE QUEUE LENGTH: 0

2025-03-04 19:07:22,677 - INFO - EVENT: Send Msg | RECIPIENT: 1 and 2 | LOGICAL TIME: 243 | PHYSICAL TIME: 2025-03-04 19:07:22.67, MESSAGE QUEUE LENGTH: 0

2025-03-04 19:07:22,893 - INFO - EVENT: Receive Msg | SENDER: 1 | LOGICAL TIME: 244 | PHYSICAL TIME: 2025-03-04 19:07:22.00, MESSAGE QUEUE LENGTH: 1

2025-03-04 19:07:23,109 - INFO - EVENT: Internal Event | LOGICAL TIME: 245 | PHYSICAL TIME: 2025-03-04 19:07:23.10, MESSAGE QUEUE LENGTH: 0

2025-03-04 19:07:23,331 - INFO - EVENT: Internal Event | LOGICAL TIME: 246 | PHYSICAL TIME: 2025-03-04 19:07:23.33, MESSAGE QUEUE LENGTH: 0

2025-03-04 19:07:23,545 - INFO - EVENT: Internal Event | LOGICAL TIME: 247 | PHYSICAL TIME: 2025-03-04 19:07:23.54, MESSAGE QUEUE LENGTH: 0

2025-03-04 19:07:23,814 - INFO - EVENT: Internal Event | LOGICAL TIME: 248 | PHYSICAL TIME: 2025-03-04 19:07:23.81, MESSAGE QUEUE LENGTH: 0

2025-03-04 19:07:24,086 - INFO - EVENT: Internal Event | LOGICAL TIME: 249 | PHYSICAL TIME: 2025-03-04 19:07:24.08, MESSAGE QUEUE LENGTH: 0

2025-03-04 19:07:24,348 - INFO - EVENT: Internal Event | LOGICAL TIME: 250 | PHYSICAL TIME: 2025-03-04 19:07:24.34, MESSAGE QUEUE LENGTH: 0

2025-03-04 19:07:24,552 - INFO - EVENT: Internal Event | LOGICAL TIME: 251 | PHYSICAL TIME: 2025-03-04 19:07:24.55, MESSAGE QUEUE LENGTH: 0

2025-03-04 19:07:24,762 - INFO - EVENT: Internal Event | LOGICAL TIME: 252 | PHYSICAL TIME: 2025-03-04 19:07:24.76, MESSAGE QUEUE LENGTH: 0

2025-03-04 19:07:24,996 - INFO - EVENT: Receive Msg | SENDER: 1 | LOGICAL TIME: 253 | PHYSICAL TIME: 2025-03-04 19:07:24.00, MESSAGE QUEUE LENGTH: 1

2025-03-04 19:07:25,198 - INFO - EVENT: Send Msg | RECIPIENT: 2 | LOGICAL TIME: 254 | PHYSICAL TIME: 2025-03-04 19:07:25.19, MESSAGE QUEUE LENGTH: 0

2025-03-04 19:07:25,423 - INFO - EVENT: Internal Event | LOGICAL TIME: 255 | PHYSICAL TIME: 2025-03-04 19:07:25.42, MESSAGE QUEUE LENGTH: 0

2025-03-04 19:07:25,648 - INFO - EVENT: Internal Event | LOGICAL TIME: 256 | PHYSICAL TIME: 2025-03-04 19:07:25.64, MESSAGE QUEUE LENGTH: 0

2025-03-04 19:07:25,891 - INFO - EVENT: Send Msg | RECIPIENT: 1 | LOGICAL TIME: 257 | PHYSICAL TIME: 2025-03-04 19:07:25.89, MESSAGE QUEUE LENGTH: 0

2025-03-04 19:07:26,093 - INFO - EVENT: Internal Event | LOGICAL TIME: 258 | PHYSICAL TIME: 2025-03-04 19:07:26.09, MESSAGE QUEUE LENGTH: 0

2025-03-04 19:07:26,334 - INFO - EVENT: Internal Event | LOGICAL TIME: 259 | PHYSICAL TIME: 2025-03-04 19:07:26.33, MESSAGE QUEUE LENGTH: 0

2025-03-04 19:07:26,599 - INFO - EVENT: Internal Event | LOGICAL TIME: 260 | PHYSICAL TIME: 2025-03-04 19:07:26.59, MESSAGE QUEUE LENGTH: 0

2025-03-04 19:07:26,806 - INFO - EVENT: Send Msg | RECIPIENT: 1 and 2 | LOGICAL TIME: 261 | PHYSICAL TIME: 2025-03-04 19:07:26.80, MESSAGE QUEUE LENGTH: 0

2025-03-04 19:07:27,008 - INFO - EVENT: Send Msg | RECIPIENT: 1 | LOGICAL TIME: 262 | PHYSICAL TIME: 2025-03-04 19:07:27.00, MESSAGE QUEUE LENGTH: 0

2025-03-04 19:07:27,234 - INFO - EVENT: Internal Event | LOGICAL TIME: 263 | PHYSICAL TIME: 2025-03-04 19:07:27.23, MESSAGE QUEUE LENGTH: 0

2025-03-04 19:07:27,434 - INFO - EVENT: Internal Event | LOGICAL TIME: 264 | PHYSICAL TIME: 2025-03-04 19:07:27.43, MESSAGE QUEUE LENGTH: 0

2025-03-04 19:07:27,664 - INFO - EVENT: Internal Event | LOGICAL TIME: 265 | PHYSICAL TIME: 2025-03-04 19:07:27.66, MESSAGE QUEUE LENGTH: 0

2025-03-04 19:07:27,950 - INFO - EVENT: Internal Event | LOGICAL TIME: 266 | PHYSICAL TIME: 2025-03-04 19:07:27.95, MESSAGE QUEUE LENGTH: 0

2025-03-04 19:07:28,160 - INFO - EVENT: Internal Event | LOGICAL TIME: 267 | PHYSICAL TIME: 2025-03-04 19:07:28.16, MESSAGE QUEUE LENGTH: 0

2025-03-04 19:07:28,362 - INFO - EVENT: Internal Event | LOGICAL TIME: 268 | PHYSICAL TIME: 2025-03-04 19:07:28.36, MESSAGE QUEUE LENGTH: 0

2025-03-04 19:07:28,599 - INFO - EVENT: Internal Event | LOGICAL TIME: 269 | PHYSICAL TIME: 2025-03-04 19:07:28.59, MESSAGE QUEUE LENGTH: 0

2025-03-04 19:07:28,835 - INFO - EVENT: Internal Event | LOGICAL TIME: 270 | PHYSICAL TIME: 2025-03-04 19:07:28.83, MESSAGE QUEUE LENGTH: 0

2025-03-04 19:07:29,052 - INFO - EVENT: Internal Event | LOGICAL TIME: 271 | PHYSICAL TIME: 2025-03-04 19:07:29.05, MESSAGE QUEUE LENGTH: 0

2025-03-04 19:07:29,255 - INFO - EVENT: Send Msg | RECIPIENT: 1 | LOGICAL TIME: 272 | PHYSICAL TIME: 2025-03-04 19:07:29.25, MESSAGE QUEUE LENGTH: 0

2025-03-04 19:07:29,466 - INFO - EVENT: Internal Event | LOGICAL TIME: 273 | PHYSICAL TIME: 2025-03-04 19:07:29.46, MESSAGE QUEUE LENGTH: 0

2025-03-04 19:07:29,669 - INFO - EVENT: Internal Event | LOGICAL TIME: 274 | PHYSICAL TIME: 2025-03-04 19:07:29.66, MESSAGE QUEUE LENGTH: 0

2025-03-04 19:07:29,970 - INFO - EVENT: Internal Event | LOGICAL TIME: 275 | PHYSICAL TIME: 2025-03-04 19:07:29.97, MESSAGE QUEUE LENGTH: 0

2025-03-04 19:07:30,200 - INFO - EVENT: Internal Event | LOGICAL TIME: 276 | PHYSICAL TIME: 2025-03-04 19:07:30.20, MESSAGE QUEUE LENGTH: 0

2025-03-04 19:07:30,440 - INFO - EVENT: Internal Event | LOGICAL TIME: 277 | PHYSICAL TIME: 2025-03-04 19:07:30.44, MESSAGE QUEUE LENGTH: 0

2025-03-04 19:07:30,647 - INFO - EVENT: Internal Event | LOGICAL TIME: 278 | PHYSICAL TIME: 2025-03-04 19:07:30.64, MESSAGE QUEUE LENGTH: 0

2025-03-04 19:07:30,967 - INFO - EVENT: Send Msg | RECIPIENT: 1 and 2 | LOGICAL TIME: 279 | PHYSICAL TIME: 2025-03-04 19:07:30.96, MESSAGE QUEUE LENGTH: 0

2025-03-04 19:07:31,216 - INFO - EVENT: Send Msg | RECIPIENT: 2 | LOGICAL TIME: 280 | PHYSICAL TIME: 2025-03-04 19:07:31.21, MESSAGE QUEUE LENGTH: 0

2025-03-04 19:07:31,432 - INFO - EVENT: Internal Event | LOGICAL TIME: 281 | PHYSICAL TIME: 2025-03-04 19:07:31.43, MESSAGE QUEUE LENGTH: 0

2025-03-04 19:07:31,642 - INFO - EVENT: Send Msg | RECIPIENT: 1 and 2 | LOGICAL TIME: 282 | PHYSICAL TIME: 2025-03-04 19:07:31.64, MESSAGE QUEUE LENGTH: 0

2025-03-04 19:07:31,843 - INFO - EVENT: Internal Event | LOGICAL TIME: 283 | PHYSICAL TIME: 2025-03-04 19:07:31.84, MESSAGE QUEUE LENGTH: 0

2025-03-04 19:07:32,047 - INFO - EVENT: Internal Event | LOGICAL TIME: 284 | PHYSICAL TIME: 2025-03-04 19:07:32.04, MESSAGE QUEUE LENGTH: 0

