2025-03-05 12:24:02,781 - INFO - Clock rate for client 3: 3 events per second
2025-03-05 12:24:03,299 - INFO - EVENT: Send Msg | RECIPIENT: 2 | LOGICAL TIME: 1 | PHYSICAL TIME: 2025-03-05 12:24:03.29, MESSAGE QUEUE LENGTH: 0

2025-03-05 12:24:03,754 - INFO - EVENT: Receive Msg | SENDER: 2 | LOGICAL TIME: 2 | PHYSICAL TIME: 2025-03-05 12:24:03.00, MESSAGE QUEUE LENGTH: 2

2025-03-05 12:24:04,109 - INFO - EVENT: Receive Msg | SENDER: 1 | LOGICAL TIME: 3 | PHYSICAL TIME: 2025-03-05 12:24:03.00, MESSAGE QUEUE LENGTH: 1

2025-03-05 12:24:04,461 - INFO - EVENT: Internal Event | LOGICAL TIME: 4 | PHYSICAL TIME: 2025-03-05 12:24:04.46, MESSAGE QUEUE LENGTH: 0

2025-03-05 12:24:04,846 - INFO - EVENT: Receive Msg | SENDER: 1 | LOGICAL TIME: 5 | PHYSICAL TIME: 2025-03-05 12:24:04.00, MESSAGE QUEUE LENGTH: 2

2025-03-05 12:24:05,240 - INFO - EVENT: Receive Msg | SENDER: 1 | LOGICAL TIME: 6 | PHYSICAL TIME: 2025-03-05 12:24:04.00, MESSAGE QUEUE LENGTH: 2

2025-03-05 12:24:05,634 - INFO - EVENT: Receive Msg | SENDER: 1 | LOGICAL TIME: 7 | PHYSICAL TIME: 2025-03-05 12:24:04.00, MESSAGE QUEUE LENGTH: 1

2025-03-05 12:24:05,981 - INFO - EVENT: Internal Event | LOGICAL TIME: 8 | PHYSICAL TIME: 2025-03-05 12:24:05.98, MESSAGE QUEUE LENGTH: 0

2025-03-05 12:24:06,336 - INFO - EVENT: Receive Msg | SENDER: 2 | LOGICAL TIME: 12 | PHYSICAL TIME: 2025-03-05 12:24:06.00, MESSAGE QUEUE LENGTH: 1

2025-03-05 12:24:06,771 - INFO - EVENT: Receive Msg | SENDER: 2 | LOGICAL TIME: 14 | PHYSICAL TIME: 2025-03-05 12:24:06.00, MESSAGE QUEUE LENGTH: 1

2025-03-05 12:24:07,132 - INFO - EVENT: Send Msg | RECIPIENT: 1 and 2 | LOGICAL TIME: 15 | PHYSICAL TIME: 2025-03-05 12:24:07.13, MESSAGE QUEUE LENGTH: 0

2025-03-05 12:24:07,471 - INFO - EVENT: Receive Msg | SENDER: 2 | LOGICAL TIME: 16 | PHYSICAL TIME: 2025-03-05 12:24:07.00, MESSAGE QUEUE LENGTH: 1

2025-03-05 12:24:07,840 - INFO - EVENT: Send Msg | RECIPIENT: 1 | LOGICAL TIME: 17 | PHYSICAL TIME: 2025-03-05 12:24:07.84, MESSAGE QUEUE LENGTH: 0

2025-03-05 12:24:08,219 - INFO - EVENT: Internal Event | LOGICAL TIME: 18 | PHYSICAL TIME: 2025-03-05 12:24:08.21, MESSAGE QUEUE LENGTH: 0

2025-03-05 12:24:08,677 - INFO - EVENT: Receive Msg | SENDER: 1 | LOGICAL TIME: 21 | PHYSICAL TIME: 2025-03-05 12:24:08.00, MESSAGE QUEUE LENGTH: 1

2025-03-05 12:24:09,045 - INFO - EVENT: Send Msg | RECIPIENT: 1 | LOGICAL TIME: 22 | PHYSICAL TIME: 2025-03-05 12:24:09.04, MESSAGE QUEUE LENGTH: 0

2025-03-05 12:24:09,426 - INFO - EVENT: Send Msg | RECIPIENT: 2 | LOGICAL TIME: 23 | PHYSICAL TIME: 2025-03-05 12:24:09.42, MESSAGE QUEUE LENGTH: 0

2025-03-05 12:24:09,813 - INFO - EVENT: Internal Event | LOGICAL TIME: 24 | PHYSICAL TIME: 2025-03-05 12:24:09.81, MESSAGE QUEUE LENGTH: 0

2025-03-05 12:24:10,166 - INFO - EVENT: Receive Msg | SENDER: 2 | LOGICAL TIME: 27 | PHYSICAL TIME: 2025-03-05 12:24:09.00, MESSAGE QUEUE LENGTH: 1

2025-03-05 12:24:10,567 - INFO - EVENT: Send Msg | RECIPIENT: 1 and 2 | LOGICAL TIME: 28 | PHYSICAL TIME: 2025-03-05 12:24:10.56, MESSAGE QUEUE LENGTH: 0

2025-03-05 12:24:10,940 - INFO - EVENT: Internal Event | LOGICAL TIME: 29 | PHYSICAL TIME: 2025-03-05 12:24:10.94, MESSAGE QUEUE LENGTH: 0

2025-03-05 12:24:11,309 - INFO - EVENT: Send Msg | RECIPIENT: 2 | LOGICAL TIME: 30 | PHYSICAL TIME: 2025-03-05 12:24:11.30, MESSAGE QUEUE LENGTH: 0

2025-03-05 12:24:11,759 - INFO - EVENT: Internal Event | LOGICAL TIME: 31 | PHYSICAL TIME: 2025-03-05 12:24:11.75, MESSAGE QUEUE LENGTH: 0

2025-03-05 12:24:12,203 - INFO - EVENT: Receive Msg | SENDER: 1 | LOGICAL TIME: 35 | PHYSICAL TIME: 2025-03-05 12:24:11.00, MESSAGE QUEUE LENGTH: 1

2025-03-05 12:24:12,607 - INFO - EVENT: Send Msg | RECIPIENT: 2 | LOGICAL TIME: 36 | PHYSICAL TIME: 2025-03-05 12:24:12.60, MESSAGE QUEUE LENGTH: 0

2025-03-05 12:24:13,000 - INFO - EVENT: Receive Msg | SENDER: 2 | LOGICAL TIME: 39 | PHYSICAL TIME: 2025-03-05 12:24:12.00, MESSAGE QUEUE LENGTH: 1

2025-03-05 12:24:13,384 - INFO - EVENT: Receive Msg | SENDER: 2 | LOGICAL TIME: 41 | PHYSICAL TIME: 2025-03-05 12:24:13.00, MESSAGE QUEUE LENGTH: 1

2025-03-05 12:24:13,745 - INFO - EVENT: Internal Event | LOGICAL TIME: 42 | PHYSICAL TIME: 2025-03-05 12:24:13.74, MESSAGE QUEUE LENGTH: 0

2025-03-05 12:24:14,107 - INFO - EVENT: Send Msg | RECIPIENT: 2 | LOGICAL TIME: 43 | PHYSICAL TIME: 2025-03-05 12:24:14.10, MESSAGE QUEUE LENGTH: 0

2025-03-05 12:24:14,444 - INFO - EVENT: Internal Event | LOGICAL TIME: 44 | PHYSICAL TIME: 2025-03-05 12:24:14.44, MESSAGE QUEUE LENGTH: 0

2025-03-05 12:24:14,790 - INFO - EVENT: Receive Msg | SENDER: 2 | LOGICAL TIME: 46 | PHYSICAL TIME: 2025-03-05 12:24:14.00, MESSAGE QUEUE LENGTH: 1

2025-03-05 12:24:15,249 - INFO - EVENT: Receive Msg | SENDER: 1 | LOGICAL TIME: 47 | PHYSICAL TIME: 2025-03-05 12:24:15.00, MESSAGE QUEUE LENGTH: 1

2025-03-05 12:24:15,672 - INFO - EVENT: Receive Msg | SENDER: 1 | LOGICAL TIME: 48 | PHYSICAL TIME: 2025-03-05 12:24:15.00, MESSAGE QUEUE LENGTH: 1

2025-03-05 12:24:16,030 - INFO - EVENT: Receive Msg | SENDER: 2 | LOGICAL TIME: 49 | PHYSICAL TIME: 2025-03-05 12:24:15.00, MESSAGE QUEUE LENGTH: 1

2025-03-05 12:24:16,506 - INFO - EVENT: Receive Msg | SENDER: 2 | LOGICAL TIME: 52 | PHYSICAL TIME: 2025-03-05 12:24:16.00, MESSAGE QUEUE LENGTH: 1

2025-03-05 12:24:16,867 - INFO - EVENT: Receive Msg | SENDER: 2 | LOGICAL TIME: 53 | PHYSICAL TIME: 2025-03-05 12:24:16.00, MESSAGE QUEUE LENGTH: 1

2025-03-05 12:24:17,401 - INFO - EVENT: Receive Msg | SENDER: 2 | LOGICAL TIME: 55 | PHYSICAL TIME: 2025-03-05 12:24:17.00, MESSAGE QUEUE LENGTH: 1

2025-03-05 12:24:17,763 - INFO - EVENT: Internal Event | LOGICAL TIME: 56 | PHYSICAL TIME: 2025-03-05 12:24:17.76, MESSAGE QUEUE LENGTH: 0

2025-03-05 12:24:18,206 - INFO - EVENT: Receive Msg | SENDER: 2 | LOGICAL TIME: 58 | PHYSICAL TIME: 2025-03-05 12:24:17.00, MESSAGE QUEUE LENGTH: 1

2025-03-05 12:24:18,542 - INFO - EVENT: Send Msg | RECIPIENT: 1 and 2 | LOGICAL TIME: 59 | PHYSICAL TIME: 2025-03-05 12:24:18.54, MESSAGE QUEUE LENGTH: 0

2025-03-05 12:24:18,917 - INFO - EVENT: Internal Event | LOGICAL TIME: 60 | PHYSICAL TIME: 2025-03-05 12:24:18.91, MESSAGE QUEUE LENGTH: 0

2025-03-05 12:24:19,271 - INFO - EVENT: Internal Event | LOGICAL TIME: 61 | PHYSICAL TIME: 2025-03-05 12:24:19.27, MESSAGE QUEUE LENGTH: 0

2025-03-05 12:24:19,690 - INFO - EVENT: Receive Msg | SENDER: 2 | LOGICAL TIME: 63 | PHYSICAL TIME: 2025-03-05 12:24:19.00, MESSAGE QUEUE LENGTH: 2

2025-03-05 12:24:20,076 - INFO - EVENT: Receive Msg | SENDER: 1 | LOGICAL TIME: 65 | PHYSICAL TIME: 2025-03-05 12:24:19.00, MESSAGE QUEUE LENGTH: 2

2025-03-05 12:24:20,557 - INFO - EVENT: Receive Msg | SENDER: 1 | LOGICAL TIME: 66 | PHYSICAL TIME: 2025-03-05 12:24:19.00, MESSAGE QUEUE LENGTH: 1

2025-03-05 12:24:20,951 - INFO - EVENT: Receive Msg | SENDER: 1 | LOGICAL TIME: 69 | PHYSICAL TIME: 2025-03-05 12:24:20.00, MESSAGE QUEUE LENGTH: 1

2025-03-05 12:24:21,330 - INFO - EVENT: Send Msg | RECIPIENT: 1 and 2 | LOGICAL TIME: 70 | PHYSICAL TIME: 2025-03-05 12:24:21.33, MESSAGE QUEUE LENGTH: 0

2025-03-05 12:24:21,690 - INFO - EVENT: Receive Msg | SENDER: 1 | LOGICAL TIME: 71 | PHYSICAL TIME: 2025-03-05 12:24:21.00, MESSAGE QUEUE LENGTH: 1

2025-03-05 12:24:22,119 - INFO - EVENT: Receive Msg | SENDER: 1 | LOGICAL TIME: 73 | PHYSICAL TIME: 2025-03-05 12:24:21.00, MESSAGE QUEUE LENGTH: 1

2025-03-05 12:24:22,473 - INFO - EVENT: Receive Msg | SENDER: 1 | LOGICAL TIME: 75 | PHYSICAL TIME: 2025-03-05 12:24:22.00, MESSAGE QUEUE LENGTH: 1

2025-03-05 12:24:22,913 - INFO - EVENT: Receive Msg | SENDER: 1 | LOGICAL TIME: 77 | PHYSICAL TIME: 2025-03-05 12:24:22.00, MESSAGE QUEUE LENGTH: 1

2025-03-05 12:24:23,348 - INFO - EVENT: Receive Msg | SENDER: 2 | LOGICAL TIME: 79 | PHYSICAL TIME: 2025-03-05 12:24:23.00, MESSAGE QUEUE LENGTH: 1

2025-03-05 12:24:23,779 - INFO - EVENT: Receive Msg | SENDER: 1 | LOGICAL TIME: 80 | PHYSICAL TIME: 2025-03-05 12:24:23.00, MESSAGE QUEUE LENGTH: 2

2025-03-05 12:24:24,128 - INFO - EVENT: Receive Msg | SENDER: 2 | LOGICAL TIME: 81 | PHYSICAL TIME: 2025-03-05 12:24:23.00, MESSAGE QUEUE LENGTH: 1

2025-03-05 12:24:24,712 - INFO - EVENT: Internal Event | LOGICAL TIME: 82 | PHYSICAL TIME: 2025-03-05 12:24:24.71, MESSAGE QUEUE LENGTH: 0

2025-03-05 12:24:25,083 - INFO - EVENT: Send Msg | RECIPIENT: 2 | LOGICAL TIME: 83 | PHYSICAL TIME: 2025-03-05 12:24:25.08, MESSAGE QUEUE LENGTH: 0

2025-03-05 12:24:25,502 - INFO - EVENT: Send Msg | RECIPIENT: 2 | LOGICAL TIME: 84 | PHYSICAL TIME: 2025-03-05 12:24:25.50, MESSAGE QUEUE LENGTH: 0

2025-03-05 12:24:25,840 - INFO - EVENT: Receive Msg | SENDER: 1 | LOGICAL TIME: 89 | PHYSICAL TIME: 2025-03-05 12:24:25.00, MESSAGE QUEUE LENGTH: 1

2025-03-05 12:24:26,192 - INFO - EVENT: Internal Event | LOGICAL TIME: 90 | PHYSICAL TIME: 2025-03-05 12:24:26.19, MESSAGE QUEUE LENGTH: 0

2025-03-05 12:24:26,596 - INFO - EVENT: Internal Event | LOGICAL TIME: 91 | PHYSICAL TIME: 2025-03-05 12:24:26.59, MESSAGE QUEUE LENGTH: 0

2025-03-05 12:24:26,974 - INFO - EVENT: Receive Msg | SENDER: 2 | LOGICAL TIME: 93 | PHYSICAL TIME: 2025-03-05 12:24:26.00, MESSAGE QUEUE LENGTH: 1

2025-03-05 12:24:27,455 - INFO - EVENT: Receive Msg | SENDER: 2 | LOGICAL TIME: 95 | PHYSICAL TIME: 2025-03-05 12:24:27.00, MESSAGE QUEUE LENGTH: 1

2025-03-05 12:24:27,923 - INFO - EVENT: Send Msg | RECIPIENT: 1 and 2 | LOGICAL TIME: 96 | PHYSICAL TIME: 2025-03-05 12:24:27.92, MESSAGE QUEUE LENGTH: 0

2025-03-05 12:24:28,262 - INFO - EVENT: Internal Event | LOGICAL TIME: 97 | PHYSICAL TIME: 2025-03-05 12:24:28.26, MESSAGE QUEUE LENGTH: 0

2025-03-05 12:24:28,652 - INFO - EVENT: Internal Event | LOGICAL TIME: 98 | PHYSICAL TIME: 2025-03-05 12:24:28.65, MESSAGE QUEUE LENGTH: 0

2025-03-05 12:24:29,022 - INFO - EVENT: Internal Event | LOGICAL TIME: 99 | PHYSICAL TIME: 2025-03-05 12:24:29.02, MESSAGE QUEUE LENGTH: 0

2025-03-05 12:24:29,391 - INFO - EVENT: Internal Event | LOGICAL TIME: 100 | PHYSICAL TIME: 2025-03-05 12:24:29.39, MESSAGE QUEUE LENGTH: 0

2025-03-05 12:24:29,742 - INFO - EVENT: Receive Msg | SENDER: 2 | LOGICAL TIME: 104 | PHYSICAL TIME: 2025-03-05 12:24:29.00, MESSAGE QUEUE LENGTH: 1

2025-03-05 12:24:30,107 - INFO - EVENT: Internal Event | LOGICAL TIME: 105 | PHYSICAL TIME: 2025-03-05 12:24:30.10, MESSAGE QUEUE LENGTH: 0

2025-03-05 12:24:30,514 - INFO - EVENT: Receive Msg | SENDER: 1 | LOGICAL TIME: 106 | PHYSICAL TIME: 2025-03-05 12:24:30.00, MESSAGE QUEUE LENGTH: 1

2025-03-05 12:24:30,902 - INFO - EVENT: Receive Msg | SENDER: 2 | LOGICAL TIME: 108 | PHYSICAL TIME: 2025-03-05 12:24:30.00, MESSAGE QUEUE LENGTH: 1

2025-03-05 12:24:31,290 - INFO - EVENT: Send Msg | RECIPIENT: 1 | LOGICAL TIME: 109 | PHYSICAL TIME: 2025-03-05 12:24:31.29, MESSAGE QUEUE LENGTH: 0

2025-03-05 12:24:31,687 - INFO - EVENT: Send Msg | RECIPIENT: 1 and 2 | LOGICAL TIME: 110 | PHYSICAL TIME: 2025-03-05 12:24:31.68, MESSAGE QUEUE LENGTH: 0

2025-03-05 12:24:32,025 - INFO - EVENT: Receive Msg | SENDER: 1 | LOGICAL TIME: 112 | PHYSICAL TIME: 2025-03-05 12:24:31.00, MESSAGE QUEUE LENGTH: 2

2025-03-05 12:24:32,381 - INFO - EVENT: Receive Msg | SENDER: 2 | LOGICAL TIME: 113 | PHYSICAL TIME: 2025-03-05 12:24:31.00, MESSAGE QUEUE LENGTH: 3

2025-03-05 12:24:32,726 - INFO - EVENT: Receive Msg | SENDER: 1 | LOGICAL TIME: 114 | PHYSICAL TIME: 2025-03-05 12:24:32.00, MESSAGE QUEUE LENGTH: 3

2025-03-05 12:24:33,227 - INFO - EVENT: Receive Msg | SENDER: 2 | LOGICAL TIME: 115 | PHYSICAL TIME: 2025-03-05 12:24:32.00, MESSAGE QUEUE LENGTH: 3

2025-03-05 12:24:33,586 - INFO - EVENT: Receive Msg | SENDER: 1 | LOGICAL TIME: 116 | PHYSICAL TIME: 2025-03-05 12:24:32.00, MESSAGE QUEUE LENGTH: 3

2025-03-05 12:24:33,964 - INFO - EVENT: Receive Msg | SENDER: 1 | LOGICAL TIME: 117 | PHYSICAL TIME: 2025-03-05 12:24:32.00, MESSAGE QUEUE LENGTH: 3

2025-03-05 12:24:34,439 - INFO - EVENT: Receive Msg | SENDER: 1 | LOGICAL TIME: 118 | PHYSICAL TIME: 2025-03-05 12:24:33.00, MESSAGE QUEUE LENGTH: 2

2025-03-05 12:24:34,811 - INFO - EVENT: Receive Msg | SENDER: 1 | LOGICAL TIME: 120 | PHYSICAL TIME: 2025-03-05 12:24:33.00, MESSAGE QUEUE LENGTH: 1

2025-03-05 12:24:35,220 - INFO - EVENT: Internal Event | LOGICAL TIME: 121 | PHYSICAL TIME: 2025-03-05 12:24:35.22, MESSAGE QUEUE LENGTH: 0

2025-03-05 12:24:35,631 - INFO - EVENT: Internal Event | LOGICAL TIME: 122 | PHYSICAL TIME: 2025-03-05 12:24:35.63, MESSAGE QUEUE LENGTH: 0

2025-03-05 12:24:35,995 - INFO - EVENT: Internal Event | LOGICAL TIME: 123 | PHYSICAL TIME: 2025-03-05 12:24:35.99, MESSAGE QUEUE LENGTH: 0

2025-03-05 12:24:36,387 - INFO - EVENT: Receive Msg | SENDER: 2 | LOGICAL TIME: 131 | PHYSICAL TIME: 2025-03-05 12:24:36.00, MESSAGE QUEUE LENGTH: 1

2025-03-05 12:24:36,764 - INFO - EVENT: Send Msg | RECIPIENT: 2 | LOGICAL TIME: 132 | PHYSICAL TIME: 2025-03-05 12:24:36.76, MESSAGE QUEUE LENGTH: 0

2025-03-05 12:24:37,139 - INFO - EVENT: Internal Event | LOGICAL TIME: 133 | PHYSICAL TIME: 2025-03-05 12:24:37.13, MESSAGE QUEUE LENGTH: 0

2025-03-05 12:24:37,630 - INFO - EVENT: Internal Event | LOGICAL TIME: 134 | PHYSICAL TIME: 2025-03-05 12:24:37.63, MESSAGE QUEUE LENGTH: 0

2025-03-05 12:24:38,065 - INFO - EVENT: Receive Msg | SENDER: 1 | LOGICAL TIME: 137 | PHYSICAL TIME: 2025-03-05 12:24:37.00, MESSAGE QUEUE LENGTH: 1

2025-03-05 12:24:38,490 - INFO - EVENT: Receive Msg | SENDER: 2 | LOGICAL TIME: 138 | PHYSICAL TIME: 2025-03-05 12:24:38.00, MESSAGE QUEUE LENGTH: 1

2025-03-05 12:24:38,876 - INFO - EVENT: Receive Msg | SENDER: 1 | LOGICAL TIME: 141 | PHYSICAL TIME: 2025-03-05 12:24:38.00, MESSAGE QUEUE LENGTH: 1

2025-03-05 12:24:39,295 - INFO - EVENT: Internal Event | LOGICAL TIME: 142 | PHYSICAL TIME: 2025-03-05 12:24:39.29, MESSAGE QUEUE LENGTH: 0

2025-03-05 12:24:39,673 - INFO - EVENT: Receive Msg | SENDER: 1 | LOGICAL TIME: 143 | PHYSICAL TIME: 2025-03-05 12:24:39.00, MESSAGE QUEUE LENGTH: 1

2025-03-05 12:24:40,084 - INFO - EVENT: Receive Msg | SENDER: 2 | LOGICAL TIME: 144 | PHYSICAL TIME: 2025-03-05 12:24:39.00, MESSAGE QUEUE LENGTH: 2

2025-03-05 12:24:40,421 - INFO - EVENT: Receive Msg | SENDER: 1 | LOGICAL TIME: 145 | PHYSICAL TIME: 2025-03-05 12:24:39.00, MESSAGE QUEUE LENGTH: 3

2025-03-05 12:24:40,784 - INFO - EVENT: Receive Msg | SENDER: 1 | LOGICAL TIME: 146 | PHYSICAL TIME: 2025-03-05 12:24:40.00, MESSAGE QUEUE LENGTH: 3

2025-03-05 12:24:41,148 - INFO - EVENT: Receive Msg | SENDER: 2 | LOGICAL TIME: 147 | PHYSICAL TIME: 2025-03-05 12:24:40.00, MESSAGE QUEUE LENGTH: 2

2025-03-05 12:24:41,513 - INFO - EVENT: Receive Msg | SENDER: 1 | LOGICAL TIME: 148 | PHYSICAL TIME: 2025-03-05 12:24:40.00, MESSAGE QUEUE LENGTH: 1

2025-03-05 12:24:41,875 - INFO - EVENT: Receive Msg | SENDER: 2 | LOGICAL TIME: 151 | PHYSICAL TIME: 2025-03-05 12:24:41.00, MESSAGE QUEUE LENGTH: 2

2025-03-05 12:24:42,256 - INFO - EVENT: Receive Msg | SENDER: 1 | LOGICAL TIME: 152 | PHYSICAL TIME: 2025-03-05 12:24:41.00, MESSAGE QUEUE LENGTH: 3

2025-03-05 12:24:42,603 - INFO - EVENT: Receive Msg | SENDER: 1 | LOGICAL TIME: 153 | PHYSICAL TIME: 2025-03-05 12:24:41.00, MESSAGE QUEUE LENGTH: 2

2025-03-05 12:24:43,015 - INFO - EVENT: Receive Msg | SENDER: 2 | LOGICAL TIME: 154 | PHYSICAL TIME: 2025-03-05 12:24:42.00, MESSAGE QUEUE LENGTH: 1

2025-03-05 12:24:43,403 - INFO - EVENT: Receive Msg | SENDER: 1 | LOGICAL TIME: 157 | PHYSICAL TIME: 2025-03-05 12:24:43.00, MESSAGE QUEUE LENGTH: 1

2025-03-05 12:24:43,767 - INFO - EVENT: Receive Msg | SENDER: 2 | LOGICAL TIME: 159 | PHYSICAL TIME: 2025-03-05 12:24:43.00, MESSAGE QUEUE LENGTH: 1

2025-03-05 12:24:44,153 - INFO - EVENT: Internal Event | LOGICAL TIME: 160 | PHYSICAL TIME: 2025-03-05 12:24:44.15, MESSAGE QUEUE LENGTH: 0

2025-03-05 12:24:44,604 - INFO - EVENT: Receive Msg | SENDER: 1 | LOGICAL TIME: 161 | PHYSICAL TIME: 2025-03-05 12:24:44.00, MESSAGE QUEUE LENGTH: 1

2025-03-05 12:24:44,984 - INFO - EVENT: Internal Event | LOGICAL TIME: 162 | PHYSICAL TIME: 2025-03-05 12:24:44.98, MESSAGE QUEUE LENGTH: 0

2025-03-05 12:24:45,459 - INFO - EVENT: Receive Msg | SENDER: 1 | LOGICAL TIME: 165 | PHYSICAL TIME: 2025-03-05 12:24:45.00, MESSAGE QUEUE LENGTH: 3

2025-03-05 12:24:45,896 - INFO - EVENT: Receive Msg | SENDER: 1 | LOGICAL TIME: 166 | PHYSICAL TIME: 2025-03-05 12:24:45.00, MESSAGE QUEUE LENGTH: 2

2025-03-05 12:24:46,244 - INFO - EVENT: Receive Msg | SENDER: 2 | LOGICAL TIME: 167 | PHYSICAL TIME: 2025-03-05 12:24:45.00, MESSAGE QUEUE LENGTH: 1

2025-03-05 12:24:46,662 - INFO - EVENT: Receive Msg | SENDER: 2 | LOGICAL TIME: 170 | PHYSICAL TIME: 2025-03-05 12:24:46.00, MESSAGE QUEUE LENGTH: 2

2025-03-05 12:24:47,040 - INFO - EVENT: Receive Msg | SENDER: 2 | LOGICAL TIME: 171 | PHYSICAL TIME: 2025-03-05 12:24:46.00, MESSAGE QUEUE LENGTH: 1

2025-03-05 12:24:47,432 - INFO - EVENT: Receive Msg | SENDER: 2 | LOGICAL TIME: 173 | PHYSICAL TIME: 2025-03-05 12:24:46.00, MESSAGE QUEUE LENGTH: 1

2025-03-05 12:24:47,839 - INFO - EVENT: Receive Msg | SENDER: 2 | LOGICAL TIME: 176 | PHYSICAL TIME: 2025-03-05 12:24:47.00, MESSAGE QUEUE LENGTH: 1

2025-03-05 12:24:48,267 - INFO - EVENT: Receive Msg | SENDER: 2 | LOGICAL TIME: 177 | PHYSICAL TIME: 2025-03-05 12:24:48.00, MESSAGE QUEUE LENGTH: 1

2025-03-05 12:24:48,643 - INFO - EVENT: Receive Msg | SENDER: 1 | LOGICAL TIME: 178 | PHYSICAL TIME: 2025-03-05 12:24:48.00, MESSAGE QUEUE LENGTH: 2

2025-03-05 12:24:49,024 - INFO - EVENT: Receive Msg | SENDER: 2 | LOGICAL TIME: 179 | PHYSICAL TIME: 2025-03-05 12:24:48.00, MESSAGE QUEUE LENGTH: 2

2025-03-05 12:24:49,377 - INFO - EVENT: Receive Msg | SENDER: 2 | LOGICAL TIME: 181 | PHYSICAL TIME: 2025-03-05 12:24:48.00, MESSAGE QUEUE LENGTH: 1

2025-03-05 12:24:49,773 - INFO - EVENT: Receive Msg | SENDER: 2 | LOGICAL TIME: 183 | PHYSICAL TIME: 2025-03-05 12:24:49.00, MESSAGE QUEUE LENGTH: 2

2025-03-05 12:24:50,162 - INFO - EVENT: Receive Msg | SENDER: 2 | LOGICAL TIME: 184 | PHYSICAL TIME: 2025-03-05 12:24:49.00, MESSAGE QUEUE LENGTH: 1

2025-03-05 12:24:50,529 - INFO - EVENT: Receive Msg | SENDER: 1 | LOGICAL TIME: 187 | PHYSICAL TIME: 2025-03-05 12:24:50.00, MESSAGE QUEUE LENGTH: 2

2025-03-05 12:24:50,954 - INFO - EVENT: Receive Msg | SENDER: 2 | LOGICAL TIME: 188 | PHYSICAL TIME: 2025-03-05 12:24:50.00, MESSAGE QUEUE LENGTH: 1

2025-03-05 12:24:51,414 - INFO - EVENT: Internal Event | LOGICAL TIME: 189 | PHYSICAL TIME: 2025-03-05 12:24:51.41, MESSAGE QUEUE LENGTH: 0

2025-03-05 12:24:51,768 - INFO - EVENT: Receive Msg | SENDER: 1 | LOGICAL TIME: 191 | PHYSICAL TIME: 2025-03-05 12:24:51.00, MESSAGE QUEUE LENGTH: 1

2025-03-05 12:24:52,105 - INFO - EVENT: Receive Msg | SENDER: 2 | LOGICAL TIME: 194 | PHYSICAL TIME: 2025-03-05 12:24:51.00, MESSAGE QUEUE LENGTH: 1

2025-03-05 12:24:52,484 - INFO - EVENT: Internal Event | LOGICAL TIME: 195 | PHYSICAL TIME: 2025-03-05 12:24:52.48, MESSAGE QUEUE LENGTH: 0

2025-03-05 12:24:52,895 - INFO - EVENT: Send Msg | RECIPIENT: 2 | LOGICAL TIME: 196 | PHYSICAL TIME: 2025-03-05 12:24:52.89, MESSAGE QUEUE LENGTH: 0

2025-03-05 12:24:53,249 - INFO - EVENT: Receive Msg | SENDER: 2 | LOGICAL TIME: 197 | PHYSICAL TIME: 2025-03-05 12:24:52.00, MESSAGE QUEUE LENGTH: 1

2025-03-05 12:24:53,651 - INFO - EVENT: Send Msg | RECIPIENT: 2 | LOGICAL TIME: 198 | PHYSICAL TIME: 2025-03-05 12:24:53.65, MESSAGE QUEUE LENGTH: 0

2025-03-05 12:24:54,020 - INFO - EVENT: Internal Event | LOGICAL TIME: 199 | PHYSICAL TIME: 2025-03-05 12:24:54.02, MESSAGE QUEUE LENGTH: 0

2025-03-05 12:24:54,400 - INFO - EVENT: Internal Event | LOGICAL TIME: 200 | PHYSICAL TIME: 2025-03-05 12:24:54.40, MESSAGE QUEUE LENGTH: 0

2025-03-05 12:24:54,859 - INFO - EVENT: Internal Event | LOGICAL TIME: 201 | PHYSICAL TIME: 2025-03-05 12:24:54.85, MESSAGE QUEUE LENGTH: 0

2025-03-05 12:24:55,198 - INFO - EVENT: Internal Event | LOGICAL TIME: 202 | PHYSICAL TIME: 2025-03-05 12:24:55.19, MESSAGE QUEUE LENGTH: 0

2025-03-05 12:24:55,632 - INFO - EVENT: Internal Event | LOGICAL TIME: 203 | PHYSICAL TIME: 2025-03-05 12:24:55.63, MESSAGE QUEUE LENGTH: 0

2025-03-05 12:24:56,028 - INFO - EVENT: Receive Msg | SENDER: 1 | LOGICAL TIME: 207 | PHYSICAL TIME: 2025-03-05 12:24:55.00, MESSAGE QUEUE LENGTH: 1

2025-03-05 12:24:56,408 - INFO - EVENT: Send Msg | RECIPIENT: 1 | LOGICAL TIME: 208 | PHYSICAL TIME: 2025-03-05 12:24:56.40, MESSAGE QUEUE LENGTH: 0

2025-03-05 12:24:56,750 - INFO - EVENT: Internal Event | LOGICAL TIME: 209 | PHYSICAL TIME: 2025-03-05 12:24:56.75, MESSAGE QUEUE LENGTH: 0

2025-03-05 12:24:57,138 - INFO - EVENT: Internal Event | LOGICAL TIME: 210 | PHYSICAL TIME: 2025-03-05 12:24:57.13, MESSAGE QUEUE LENGTH: 0

2025-03-05 12:24:57,511 - INFO - EVENT: Receive Msg | SENDER: 2 | LOGICAL TIME: 213 | PHYSICAL TIME: 2025-03-05 12:24:57.00, MESSAGE QUEUE LENGTH: 2

2025-03-05 12:24:57,866 - INFO - EVENT: Receive Msg | SENDER: 1 | LOGICAL TIME: 214 | PHYSICAL TIME: 2025-03-05 12:24:57.00, MESSAGE QUEUE LENGTH: 2

2025-03-05 12:24:58,244 - INFO - EVENT: Receive Msg | SENDER: 2 | LOGICAL TIME: 215 | PHYSICAL TIME: 2025-03-05 12:24:57.00, MESSAGE QUEUE LENGTH: 1

2025-03-05 12:24:58,641 - INFO - EVENT: Receive Msg | SENDER: 1 | LOGICAL TIME: 217 | PHYSICAL TIME: 2025-03-05 12:24:58.00, MESSAGE QUEUE LENGTH: 1

2025-03-05 12:24:59,059 - INFO - EVENT: Send Msg | RECIPIENT: 1 | LOGICAL TIME: 218 | PHYSICAL TIME: 2025-03-05 12:24:59.05, MESSAGE QUEUE LENGTH: 0

2025-03-05 12:24:59,412 - INFO - EVENT: Send Msg | RECIPIENT: 1 | LOGICAL TIME: 219 | PHYSICAL TIME: 2025-03-05 12:24:59.41, MESSAGE QUEUE LENGTH: 0

2025-03-05 12:24:59,764 - INFO - EVENT: Send Msg | RECIPIENT: 1 | LOGICAL TIME: 220 | PHYSICAL TIME: 2025-03-05 12:24:59.76, MESSAGE QUEUE LENGTH: 0

2025-03-05 12:25:00,465 - INFO - EVENT: Receive Msg | SENDER: 2 | LOGICAL TIME: 224 | PHYSICAL TIME: 2025-03-05 12:24:59.00, MESSAGE QUEUE LENGTH: 1

2025-03-05 12:25:00,905 - INFO - EVENT: Send Msg | RECIPIENT: 1 | LOGICAL TIME: 225 | PHYSICAL TIME: 2025-03-05 12:25:00.90, MESSAGE QUEUE LENGTH: 0

2025-03-05 12:25:01,252 - INFO - EVENT: Receive Msg | SENDER: 2 | LOGICAL TIME: 229 | PHYSICAL TIME: 2025-03-05 12:25:01.00, MESSAGE QUEUE LENGTH: 1

2025-03-05 12:25:01,688 - INFO - EVENT: Internal Event | LOGICAL TIME: 230 | PHYSICAL TIME: 2025-03-05 12:25:01.68, MESSAGE QUEUE LENGTH: 0

2025-03-05 12:25:02,192 - INFO - EVENT: Receive Msg | SENDER: 1 | LOGICAL TIME: 232 | PHYSICAL TIME: 2025-03-05 12:25:01.00, MESSAGE QUEUE LENGTH: 2

2025-03-05 12:25:02,603 - INFO - EVENT: Receive Msg | SENDER: 1 | LOGICAL TIME: 233 | PHYSICAL TIME: 2025-03-05 12:25:01.00, MESSAGE QUEUE LENGTH: 1

2025-03-05 12:25:02,997 - INFO - EVENT: Receive Msg | SENDER: 2 | LOGICAL TIME: 236 | PHYSICAL TIME: 2025-03-05 12:25:02.00, MESSAGE QUEUE LENGTH: 1

2025-03-05 12:25:03,377 - INFO - EVENT: Send Msg | RECIPIENT: 1 | LOGICAL TIME: 237 | PHYSICAL TIME: 2025-03-05 12:25:03.37, MESSAGE QUEUE LENGTH: 0

2025-03-05 12:25:03,740 - INFO - EVENT: Internal Event | LOGICAL TIME: 238 | PHYSICAL TIME: 2025-03-05 12:25:03.74, MESSAGE QUEUE LENGTH: 0

2025-03-05 12:25:04,176 - INFO - EVENT: Receive Msg | SENDER: 2 | LOGICAL TIME: 241 | PHYSICAL TIME: 2025-03-05 12:25:03.00, MESSAGE QUEUE LENGTH: 1

2025-03-05 12:25:04,591 - INFO - EVENT: Receive Msg | SENDER: 1 | LOGICAL TIME: 242 | PHYSICAL TIME: 2025-03-05 12:25:04.00, MESSAGE QUEUE LENGTH: 1

2025-03-05 12:25:04,985 - INFO - EVENT: Receive Msg | SENDER: 2 | LOGICAL TIME: 243 | PHYSICAL TIME: 2025-03-05 12:25:04.00, MESSAGE QUEUE LENGTH: 2

2025-03-05 12:25:05,389 - INFO - EVENT: Receive Msg | SENDER: 2 | LOGICAL TIME: 244 | PHYSICAL TIME: 2025-03-05 12:25:04.00, MESSAGE QUEUE LENGTH: 1

2025-03-05 12:25:05,796 - INFO - EVENT: Internal Event | LOGICAL TIME: 245 | PHYSICAL TIME: 2025-03-05 12:25:05.79, MESSAGE QUEUE LENGTH: 0

2025-03-05 12:25:06,152 - INFO - EVENT: Receive Msg | SENDER: 2 | LOGICAL TIME: 249 | PHYSICAL TIME: 2025-03-05 12:25:06.00, MESSAGE QUEUE LENGTH: 1

2025-03-05 12:25:06,498 - INFO - EVENT: Receive Msg | SENDER: 2 | LOGICAL TIME: 250 | PHYSICAL TIME: 2025-03-05 12:25:06.00, MESSAGE QUEUE LENGTH: 1

2025-03-05 12:25:06,860 - INFO - EVENT: Receive Msg | SENDER: 1 | LOGICAL TIME: 251 | PHYSICAL TIME: 2025-03-05 12:25:06.00, MESSAGE QUEUE LENGTH: 1

2025-03-05 12:25:07,337 - INFO - EVENT: Internal Event | LOGICAL TIME: 252 | PHYSICAL TIME: 2025-03-05 12:25:07.33, MESSAGE QUEUE LENGTH: 0

2025-03-05 12:25:07,719 - INFO - EVENT: Send Msg | RECIPIENT: 2 | LOGICAL TIME: 253 | PHYSICAL TIME: 2025-03-05 12:25:07.71, MESSAGE QUEUE LENGTH: 0

2025-03-05 12:25:08,140 - INFO - EVENT: Send Msg | RECIPIENT: 2 | LOGICAL TIME: 254 | PHYSICAL TIME: 2025-03-05 12:25:08.14, MESSAGE QUEUE LENGTH: 0

