2025-03-05 12:24:02,731 - INFO - Clock rate for client 2: 5 events per second
2025-03-05 12:24:03,340 - INFO - EVENT: Internal Event | LOGICAL TIME: 1 | PHYSICAL TIME: 2025-03-05 12:24:03.34, MESSAGE QUEUE LENGTH: 0

2025-03-05 12:24:03,712 - INFO - EVENT: Receive Msg | SENDER: 3 | LOGICAL TIME: 2 | PHYSICAL TIME: 2025-03-05 12:24:03.00, MESSAGE QUEUE LENGTH: 3

2025-03-05 12:24:03,936 - INFO - EVENT: Receive Msg | SENDER: 3 | LOGICAL TIME: 3 | PHYSICAL TIME: 2025-03-05 12:24:03.00, MESSAGE QUEUE LENGTH: 2

2025-03-05 12:24:04,165 - INFO - EVENT: Receive Msg | SENDER: 1 | LOGICAL TIME: 4 | PHYSICAL TIME: 2025-03-05 12:24:03.00, MESSAGE QUEUE LENGTH: 1

2025-03-05 12:24:04,461 - INFO - EVENT: Receive Msg | SENDER: 1 | LOGICAL TIME: 5 | PHYSICAL TIME: 2025-03-05 12:24:04.00, MESSAGE QUEUE LENGTH: 1

2025-03-05 12:24:04,756 - INFO - EVENT: Receive Msg | SENDER: 1 | LOGICAL TIME: 6 | PHYSICAL TIME: 2025-03-05 12:24:04.00, MESSAGE QUEUE LENGTH: 1

2025-03-05 12:24:05,131 - INFO - EVENT: Internal Event | LOGICAL TIME: 7 | PHYSICAL TIME: 2025-03-05 12:24:05.13, MESSAGE QUEUE LENGTH: 0

2025-03-05 12:24:05,340 - INFO - EVENT: Internal Event | LOGICAL TIME: 8 | PHYSICAL TIME: 2025-03-05 12:24:05.34, MESSAGE QUEUE LENGTH: 0

2025-03-05 12:24:05,634 - INFO - EVENT: Send Msg | RECIPIENT: 1 | LOGICAL TIME: 9 | PHYSICAL TIME: 2025-03-05 12:24:05.63, MESSAGE QUEUE LENGTH: 0

2025-03-05 12:24:05,881 - INFO - EVENT: Send Msg | RECIPIENT: 1 | LOGICAL TIME: 10 | PHYSICAL TIME: 2025-03-05 12:24:05.88, MESSAGE QUEUE LENGTH: 0

2025-03-05 12:24:06,162 - INFO - EVENT: Send Msg | RECIPIENT: 1 and 3 | LOGICAL TIME: 11 | PHYSICAL TIME: 2025-03-05 12:24:06.16, MESSAGE QUEUE LENGTH: 0

2025-03-05 12:24:06,373 - INFO - EVENT: Internal Event | LOGICAL TIME: 12 | PHYSICAL TIME: 2025-03-05 12:24:06.37, MESSAGE QUEUE LENGTH: 0

2025-03-05 12:24:06,598 - INFO - EVENT: Send Msg | RECIPIENT: 1 and 3 | LOGICAL TIME: 13 | PHYSICAL TIME: 2025-03-05 12:24:06.59, MESSAGE QUEUE LENGTH: 0

2025-03-05 12:24:06,804 - INFO - EVENT: Send Msg | RECIPIENT: 1 | LOGICAL TIME: 14 | PHYSICAL TIME: 2025-03-05 12:24:06.80, MESSAGE QUEUE LENGTH: 0

2025-03-05 12:24:07,141 - INFO - EVENT: Send Msg | RECIPIENT: 1 and 3 | LOGICAL TIME: 15 | PHYSICAL TIME: 2025-03-05 12:24:07.14, MESSAGE QUEUE LENGTH: 0

2025-03-05 12:24:07,348 - INFO - EVENT: Receive Msg | SENDER: 3 | LOGICAL TIME: 16 | PHYSICAL TIME: 2025-03-05 12:24:07.00, MESSAGE QUEUE LENGTH: 1

2025-03-05 12:24:07,552 - INFO - EVENT: Internal Event | LOGICAL TIME: 17 | PHYSICAL TIME: 2025-03-05 12:24:07.55, MESSAGE QUEUE LENGTH: 0

2025-03-05 12:24:07,873 - INFO - EVENT: Internal Event | LOGICAL TIME: 18 | PHYSICAL TIME: 2025-03-05 12:24:07.87, MESSAGE QUEUE LENGTH: 0

2025-03-05 12:24:08,086 - INFO - EVENT: Internal Event | LOGICAL TIME: 19 | PHYSICAL TIME: 2025-03-05 12:24:08.08, MESSAGE QUEUE LENGTH: 0

2025-03-05 12:24:08,348 - INFO - EVENT: Internal Event | LOGICAL TIME: 20 | PHYSICAL TIME: 2025-03-05 12:24:08.34, MESSAGE QUEUE LENGTH: 0

2025-03-05 12:24:08,569 - INFO - EVENT: Internal Event | LOGICAL TIME: 21 | PHYSICAL TIME: 2025-03-05 12:24:08.56, MESSAGE QUEUE LENGTH: 0

2025-03-05 12:24:08,824 - INFO - EVENT: Receive Msg | SENDER: 1 | LOGICAL TIME: 22 | PHYSICAL TIME: 2025-03-05 12:24:08.00, MESSAGE QUEUE LENGTH: 1

2025-03-05 12:24:09,078 - INFO - EVENT: Internal Event | LOGICAL TIME: 23 | PHYSICAL TIME: 2025-03-05 12:24:09.07, MESSAGE QUEUE LENGTH: 0

2025-03-05 12:24:09,343 - INFO - EVENT: Internal Event | LOGICAL TIME: 24 | PHYSICAL TIME: 2025-03-05 12:24:09.34, MESSAGE QUEUE LENGTH: 0

2025-03-05 12:24:09,550 - INFO - EVENT: Receive Msg | SENDER: 3 | LOGICAL TIME: 25 | PHYSICAL TIME: 2025-03-05 12:24:09.00, MESSAGE QUEUE LENGTH: 1

2025-03-05 12:24:09,788 - INFO - EVENT: Send Msg | RECIPIENT: 1 and 3 | LOGICAL TIME: 26 | PHYSICAL TIME: 2025-03-05 12:24:09.78, MESSAGE QUEUE LENGTH: 0

2025-03-05 12:24:10,034 - INFO - EVENT: Receive Msg | SENDER: 1 | LOGICAL TIME: 27 | PHYSICAL TIME: 2025-03-05 12:24:09.00, MESSAGE QUEUE LENGTH: 1

2025-03-05 12:24:10,281 - INFO - EVENT: Internal Event | LOGICAL TIME: 28 | PHYSICAL TIME: 2025-03-05 12:24:10.28, MESSAGE QUEUE LENGTH: 0

2025-03-05 12:24:10,535 - INFO - EVENT: Internal Event | LOGICAL TIME: 29 | PHYSICAL TIME: 2025-03-05 12:24:10.53, MESSAGE QUEUE LENGTH: 0

2025-03-05 12:24:10,767 - INFO - EVENT: Receive Msg | SENDER: 1 | LOGICAL TIME: 30 | PHYSICAL TIME: 2025-03-05 12:24:10.00, MESSAGE QUEUE LENGTH: 2

2025-03-05 12:24:10,973 - INFO - EVENT: Receive Msg | SENDER: 3 | LOGICAL TIME: 31 | PHYSICAL TIME: 2025-03-05 12:24:10.00, MESSAGE QUEUE LENGTH: 1

2025-03-05 12:24:11,267 - INFO - EVENT: Internal Event | LOGICAL TIME: 32 | PHYSICAL TIME: 2025-03-05 12:24:11.26, MESSAGE QUEUE LENGTH: 0

2025-03-05 12:24:11,498 - INFO - EVENT: Receive Msg | SENDER: 3 | LOGICAL TIME: 33 | PHYSICAL TIME: 2025-03-05 12:24:11.00, MESSAGE QUEUE LENGTH: 1

2025-03-05 12:24:11,713 - INFO - EVENT: Receive Msg | SENDER: 1 | LOGICAL TIME: 34 | PHYSICAL TIME: 2025-03-05 12:24:11.00, MESSAGE QUEUE LENGTH: 1

2025-03-05 12:24:11,940 - INFO - EVENT: Internal Event | LOGICAL TIME: 35 | PHYSICAL TIME: 2025-03-05 12:24:11.94, MESSAGE QUEUE LENGTH: 0

2025-03-05 12:24:12,171 - INFO - EVENT: Receive Msg | SENDER: 1 | LOGICAL TIME: 36 | PHYSICAL TIME: 2025-03-05 12:24:11.00, MESSAGE QUEUE LENGTH: 1

2025-03-05 12:24:12,409 - INFO - EVENT: Internal Event | LOGICAL TIME: 37 | PHYSICAL TIME: 2025-03-05 12:24:12.40, MESSAGE QUEUE LENGTH: 0

2025-03-05 12:24:12,763 - INFO - EVENT: Send Msg | RECIPIENT: 1 and 3 | LOGICAL TIME: 38 | PHYSICAL TIME: 2025-03-05 12:24:12.76, MESSAGE QUEUE LENGTH: 0

2025-03-05 12:24:12,967 - INFO - EVENT: Receive Msg | SENDER: 3 | LOGICAL TIME: 39 | PHYSICAL TIME: 2025-03-05 12:24:12.00, MESSAGE QUEUE LENGTH: 1

2025-03-05 12:24:13,263 - INFO - EVENT: Send Msg | RECIPIENT: 3 | LOGICAL TIME: 40 | PHYSICAL TIME: 2025-03-05 12:24:13.26, MESSAGE QUEUE LENGTH: 0

2025-03-05 12:24:13,491 - INFO - EVENT: Internal Event | LOGICAL TIME: 41 | PHYSICAL TIME: 2025-03-05 12:24:13.49, MESSAGE QUEUE LENGTH: 0

2025-03-05 12:24:13,769 - INFO - EVENT: Internal Event | LOGICAL TIME: 42 | PHYSICAL TIME: 2025-03-05 12:24:13.76, MESSAGE QUEUE LENGTH: 0

2025-03-05 12:24:14,034 - INFO - EVENT: Receive Msg | SENDER: 1 | LOGICAL TIME: 43 | PHYSICAL TIME: 2025-03-05 12:24:13.00, MESSAGE QUEUE LENGTH: 1

2025-03-05 12:24:14,280 - INFO - EVENT: Receive Msg | SENDER: 3 | LOGICAL TIME: 44 | PHYSICAL TIME: 2025-03-05 12:24:14.00, MESSAGE QUEUE LENGTH: 1

2025-03-05 12:24:14,544 - INFO - EVENT: Send Msg | RECIPIENT: 3 | LOGICAL TIME: 45 | PHYSICAL TIME: 2025-03-05 12:24:14.54, MESSAGE QUEUE LENGTH: 0

2025-03-05 12:24:14,790 - INFO - EVENT: Internal Event | LOGICAL TIME: 46 | PHYSICAL TIME: 2025-03-05 12:24:14.79, MESSAGE QUEUE LENGTH: 0

2025-03-05 12:24:15,239 - INFO - EVENT: Internal Event | LOGICAL TIME: 47 | PHYSICAL TIME: 2025-03-05 12:24:15.23, MESSAGE QUEUE LENGTH: 0

2025-03-05 12:24:15,472 - INFO - EVENT: Send Msg | RECIPIENT: 1 and 3 | LOGICAL TIME: 48 | PHYSICAL TIME: 2025-03-05 12:24:15.47, MESSAGE QUEUE LENGTH: 0

2025-03-05 12:24:15,685 - INFO - EVENT: Internal Event | LOGICAL TIME: 49 | PHYSICAL TIME: 2025-03-05 12:24:15.68, MESSAGE QUEUE LENGTH: 0

2025-03-05 12:24:16,072 - INFO - EVENT: Send Msg | RECIPIENT: 1 | LOGICAL TIME: 50 | PHYSICAL TIME: 2025-03-05 12:24:16.07, MESSAGE QUEUE LENGTH: 0

2025-03-05 12:24:16,284 - INFO - EVENT: Send Msg | RECIPIENT: 1 and 3 | LOGICAL TIME: 51 | PHYSICAL TIME: 2025-03-05 12:24:16.28, MESSAGE QUEUE LENGTH: 0

2025-03-05 12:24:16,536 - INFO - EVENT: Send Msg | RECIPIENT: 1 and 3 | LOGICAL TIME: 52 | PHYSICAL TIME: 2025-03-05 12:24:16.53, MESSAGE QUEUE LENGTH: 0

2025-03-05 12:24:16,791 - INFO - EVENT: Internal Event | LOGICAL TIME: 53 | PHYSICAL TIME: 2025-03-05 12:24:16.79, MESSAGE QUEUE LENGTH: 0

2025-03-05 12:24:17,090 - INFO - EVENT: Send Msg | RECIPIENT: 1 and 3 | LOGICAL TIME: 54 | PHYSICAL TIME: 2025-03-05 12:24:17.09, MESSAGE QUEUE LENGTH: 0

2025-03-05 12:24:17,302 - INFO - EVENT: Internal Event | LOGICAL TIME: 55 | PHYSICAL TIME: 2025-03-05 12:24:17.30, MESSAGE QUEUE LENGTH: 0

2025-03-05 12:24:17,532 - INFO - EVENT: Send Msg | RECIPIENT: 1 | LOGICAL TIME: 56 | PHYSICAL TIME: 2025-03-05 12:24:17.53, MESSAGE QUEUE LENGTH: 0

2025-03-05 12:24:17,763 - INFO - EVENT: Send Msg | RECIPIENT: 3 | LOGICAL TIME: 57 | PHYSICAL TIME: 2025-03-05 12:24:17.76, MESSAGE QUEUE LENGTH: 0

2025-03-05 12:24:17,984 - INFO - EVENT: Internal Event | LOGICAL TIME: 58 | PHYSICAL TIME: 2025-03-05 12:24:17.98, MESSAGE QUEUE LENGTH: 0

2025-03-05 12:24:18,312 - INFO - EVENT: Send Msg | RECIPIENT: 1 | LOGICAL TIME: 59 | PHYSICAL TIME: 2025-03-05 12:24:18.31, MESSAGE QUEUE LENGTH: 0

2025-03-05 12:24:18,533 - INFO - EVENT: Receive Msg | SENDER: 1 | LOGICAL TIME: 60 | PHYSICAL TIME: 2025-03-05 12:24:18.00, MESSAGE QUEUE LENGTH: 1

2025-03-05 12:24:18,785 - INFO - EVENT: Receive Msg | SENDER: 3 | LOGICAL TIME: 61 | PHYSICAL TIME: 2025-03-05 12:24:18.00, MESSAGE QUEUE LENGTH: 1

2025-03-05 12:24:19,123 - INFO - EVENT: Send Msg | RECIPIENT: 3 | LOGICAL TIME: 62 | PHYSICAL TIME: 2025-03-05 12:24:19.12, MESSAGE QUEUE LENGTH: 0

2025-03-05 12:24:19,371 - INFO - EVENT: Internal Event | LOGICAL TIME: 63 | PHYSICAL TIME: 2025-03-05 12:24:19.37, MESSAGE QUEUE LENGTH: 0

2025-03-05 12:24:19,921 - INFO - EVENT: Receive Msg | SENDER: 1 | LOGICAL TIME: 66 | PHYSICAL TIME: 2025-03-05 12:24:19.00, MESSAGE QUEUE LENGTH: 1

2025-03-05 12:24:20,265 - INFO - EVENT: Internal Event | LOGICAL TIME: 67 | PHYSICAL TIME: 2025-03-05 12:24:20.26, MESSAGE QUEUE LENGTH: 0

2025-03-05 12:24:20,490 - INFO - EVENT: Internal Event | LOGICAL TIME: 68 | PHYSICAL TIME: 2025-03-05 12:24:20.49, MESSAGE QUEUE LENGTH: 0

2025-03-05 12:24:20,765 - INFO - EVENT: Receive Msg | SENDER: 1 | LOGICAL TIME: 69 | PHYSICAL TIME: 2025-03-05 12:24:20.00, MESSAGE QUEUE LENGTH: 2

2025-03-05 12:24:21,034 - INFO - EVENT: Receive Msg | SENDER: 1 | LOGICAL TIME: 70 | PHYSICAL TIME: 2025-03-05 12:24:20.00, MESSAGE QUEUE LENGTH: 1

2025-03-05 12:24:21,478 - INFO - EVENT: Receive Msg | SENDER: 1 | LOGICAL TIME: 71 | PHYSICAL TIME: 2025-03-05 12:24:21.00, MESSAGE QUEUE LENGTH: 2

2025-03-05 12:24:21,757 - INFO - EVENT: Receive Msg | SENDER: 3 | LOGICAL TIME: 72 | PHYSICAL TIME: 2025-03-05 12:24:21.00, MESSAGE QUEUE LENGTH: 1

2025-03-05 12:24:22,045 - INFO - EVENT: Receive Msg | SENDER: 1 | LOGICAL TIME: 73 | PHYSICAL TIME: 2025-03-05 12:24:21.00, MESSAGE QUEUE LENGTH: 1

2025-03-05 12:24:22,364 - INFO - EVENT: Receive Msg | SENDER: 1 | LOGICAL TIME: 75 | PHYSICAL TIME: 2025-03-05 12:24:22.00, MESSAGE QUEUE LENGTH: 1

2025-03-05 12:24:22,636 - INFO - EVENT: Internal Event | LOGICAL TIME: 76 | PHYSICAL TIME: 2025-03-05 12:24:22.63, MESSAGE QUEUE LENGTH: 0

2025-03-05 12:24:22,938 - INFO - EVENT: Internal Event | LOGICAL TIME: 77 | PHYSICAL TIME: 2025-03-05 12:24:22.93, MESSAGE QUEUE LENGTH: 0

2025-03-05 12:24:23,193 - INFO - EVENT: Send Msg | RECIPIENT: 3 | LOGICAL TIME: 78 | PHYSICAL TIME: 2025-03-05 12:24:23.19, MESSAGE QUEUE LENGTH: 0

2025-03-05 12:24:23,398 - INFO - EVENT: Send Msg | RECIPIENT: 3 | LOGICAL TIME: 79 | PHYSICAL TIME: 2025-03-05 12:24:23.39, MESSAGE QUEUE LENGTH: 0

2025-03-05 12:24:23,660 - INFO - EVENT: Internal Event | LOGICAL TIME: 80 | PHYSICAL TIME: 2025-03-05 12:24:23.66, MESSAGE QUEUE LENGTH: 0

2025-03-05 12:24:23,987 - INFO - EVENT: Internal Event | LOGICAL TIME: 81 | PHYSICAL TIME: 2025-03-05 12:24:23.98, MESSAGE QUEUE LENGTH: 0

2025-03-05 12:24:24,296 - INFO - EVENT: Internal Event | LOGICAL TIME: 82 | PHYSICAL TIME: 2025-03-05 12:24:24.29, MESSAGE QUEUE LENGTH: 0

2025-03-05 12:24:24,548 - INFO - EVENT: Internal Event | LOGICAL TIME: 83 | PHYSICAL TIME: 2025-03-05 12:24:24.54, MESSAGE QUEUE LENGTH: 0

2025-03-05 12:24:24,926 - INFO - EVENT: Send Msg | RECIPIENT: 1 | LOGICAL TIME: 84 | PHYSICAL TIME: 2025-03-05 12:24:24.92, MESSAGE QUEUE LENGTH: 0

2025-03-05 12:24:25,197 - INFO - EVENT: Receive Msg | SENDER: 1 | LOGICAL TIME: 86 | PHYSICAL TIME: 2025-03-05 12:24:24.00, MESSAGE QUEUE LENGTH: 1

2025-03-05 12:24:25,452 - INFO - EVENT: Receive Msg | SENDER: 3 | LOGICAL TIME: 87 | PHYSICAL TIME: 2025-03-05 12:24:25.00, MESSAGE QUEUE LENGTH: 1

2025-03-05 12:24:25,784 - INFO - EVENT: Receive Msg | SENDER: 3 | LOGICAL TIME: 88 | PHYSICAL TIME: 2025-03-05 12:24:25.00, MESSAGE QUEUE LENGTH: 2

2025-03-05 12:24:26,012 - INFO - EVENT: Receive Msg | SENDER: 1 | LOGICAL TIME: 89 | PHYSICAL TIME: 2025-03-05 12:24:25.00, MESSAGE QUEUE LENGTH: 2

2025-03-05 12:24:26,283 - INFO - EVENT: Receive Msg | SENDER: 1 | LOGICAL TIME: 90 | PHYSICAL TIME: 2025-03-05 12:24:25.00, MESSAGE QUEUE LENGTH: 1

2025-03-05 12:24:26,596 - INFO - EVENT: Internal Event | LOGICAL TIME: 91 | PHYSICAL TIME: 2025-03-05 12:24:26.59, MESSAGE QUEUE LENGTH: 0

2025-03-05 12:24:26,892 - INFO - EVENT: Send Msg | RECIPIENT: 3 | LOGICAL TIME: 92 | PHYSICAL TIME: 2025-03-05 12:24:26.89, MESSAGE QUEUE LENGTH: 0

2025-03-05 12:24:27,107 - INFO - EVENT: Internal Event | LOGICAL TIME: 93 | PHYSICAL TIME: 2025-03-05 12:24:27.10, MESSAGE QUEUE LENGTH: 0

2025-03-05 12:24:27,355 - INFO - EVENT: Send Msg | RECIPIENT: 1 and 3 | LOGICAL TIME: 94 | PHYSICAL TIME: 2025-03-05 12:24:27.35, MESSAGE QUEUE LENGTH: 0

2025-03-05 12:24:27,603 - INFO - EVENT: Internal Event | LOGICAL TIME: 95 | PHYSICAL TIME: 2025-03-05 12:24:27.60, MESSAGE QUEUE LENGTH: 0

2025-03-05 12:24:27,891 - INFO - EVENT: Internal Event | LOGICAL TIME: 96 | PHYSICAL TIME: 2025-03-05 12:24:27.89, MESSAGE QUEUE LENGTH: 0

2025-03-05 12:24:28,155 - INFO - EVENT: Receive Msg | SENDER: 3 | LOGICAL TIME: 97 | PHYSICAL TIME: 2025-03-05 12:24:27.00, MESSAGE QUEUE LENGTH: 1

2025-03-05 12:24:28,370 - INFO - EVENT: Internal Event | LOGICAL TIME: 98 | PHYSICAL TIME: 2025-03-05 12:24:28.37, MESSAGE QUEUE LENGTH: 0

2025-03-05 12:24:28,593 - INFO - EVENT: Send Msg | RECIPIENT: 1 | LOGICAL TIME: 99 | PHYSICAL TIME: 2025-03-05 12:24:28.59, MESSAGE QUEUE LENGTH: 0

2025-03-05 12:24:28,841 - INFO - EVENT: Receive Msg | SENDER: 1 | LOGICAL TIME: 100 | PHYSICAL TIME: 2025-03-05 12:24:28.00, MESSAGE QUEUE LENGTH: 1

2025-03-05 12:24:29,152 - INFO - EVENT: Send Msg | RECIPIENT: 1 | LOGICAL TIME: 101 | PHYSICAL TIME: 2025-03-05 12:24:29.15, MESSAGE QUEUE LENGTH: 0

2025-03-05 12:24:29,374 - INFO - EVENT: Internal Event | LOGICAL TIME: 102 | PHYSICAL TIME: 2025-03-05 12:24:29.37, MESSAGE QUEUE LENGTH: 0

2025-03-05 12:24:29,635 - INFO - EVENT: Send Msg | RECIPIENT: 3 | LOGICAL TIME: 103 | PHYSICAL TIME: 2025-03-05 12:24:29.63, MESSAGE QUEUE LENGTH: 0

2025-03-05 12:24:29,873 - INFO - EVENT: Receive Msg | SENDER: 1 | LOGICAL TIME: 104 | PHYSICAL TIME: 2025-03-05 12:24:29.00, MESSAGE QUEUE LENGTH: 1

2025-03-05 12:24:30,087 - INFO - EVENT: Receive Msg | SENDER: 1 | LOGICAL TIME: 105 | PHYSICAL TIME: 2025-03-05 12:24:29.00, MESSAGE QUEUE LENGTH: 1

2025-03-05 12:24:30,343 - INFO - EVENT: Receive Msg | SENDER: 1 | LOGICAL TIME: 106 | PHYSICAL TIME: 2025-03-05 12:24:30.00, MESSAGE QUEUE LENGTH: 1

2025-03-05 12:24:30,654 - INFO - EVENT: Send Msg | RECIPIENT: 3 | LOGICAL TIME: 107 | PHYSICAL TIME: 2025-03-05 12:24:30.65, MESSAGE QUEUE LENGTH: 0

2025-03-05 12:24:30,885 - INFO - EVENT: Internal Event | LOGICAL TIME: 108 | PHYSICAL TIME: 2025-03-05 12:24:30.88, MESSAGE QUEUE LENGTH: 0

2025-03-05 12:24:31,165 - INFO - EVENT: Internal Event | LOGICAL TIME: 109 | PHYSICAL TIME: 2025-03-05 12:24:31.16, MESSAGE QUEUE LENGTH: 0

2025-03-05 12:24:31,506 - INFO - EVENT: Internal Event | LOGICAL TIME: 110 | PHYSICAL TIME: 2025-03-05 12:24:31.50, MESSAGE QUEUE LENGTH: 0

2025-03-05 12:24:31,761 - INFO - EVENT: Send Msg | RECIPIENT: 3 | LOGICAL TIME: 111 | PHYSICAL TIME: 2025-03-05 12:24:31.76, MESSAGE QUEUE LENGTH: 0

2025-03-05 12:24:32,010 - INFO - EVENT: Receive Msg | SENDER: 3 | LOGICAL TIME: 112 | PHYSICAL TIME: 2025-03-05 12:24:31.00, MESSAGE QUEUE LENGTH: 1

2025-03-05 12:24:32,265 - INFO - EVENT: Send Msg | RECIPIENT: 3 | LOGICAL TIME: 113 | PHYSICAL TIME: 2025-03-05 12:24:32.26, MESSAGE QUEUE LENGTH: 0

2025-03-05 12:24:32,554 - INFO - EVENT: Receive Msg | SENDER: 1 | LOGICAL TIME: 114 | PHYSICAL TIME: 2025-03-05 12:24:32.00, MESSAGE QUEUE LENGTH: 2

2025-03-05 12:24:32,787 - INFO - EVENT: Receive Msg | SENDER: 1 | LOGICAL TIME: 115 | PHYSICAL TIME: 2025-03-05 12:24:32.00, MESSAGE QUEUE LENGTH: 1

2025-03-05 12:24:33,095 - INFO - EVENT: Receive Msg | SENDER: 1 | LOGICAL TIME: 117 | PHYSICAL TIME: 2025-03-05 12:24:32.00, MESSAGE QUEUE LENGTH: 1

2025-03-05 12:24:33,326 - INFO - EVENT: Receive Msg | SENDER: 1 | LOGICAL TIME: 118 | PHYSICAL TIME: 2025-03-05 12:24:33.00, MESSAGE QUEUE LENGTH: 1

2025-03-05 12:24:33,767 - INFO - EVENT: Receive Msg | SENDER: 1 | LOGICAL TIME: 120 | PHYSICAL TIME: 2025-03-05 12:24:33.00, MESSAGE QUEUE LENGTH: 1

2025-03-05 12:24:34,039 - INFO - EVENT: Internal Event | LOGICAL TIME: 121 | PHYSICAL TIME: 2025-03-05 12:24:34.03, MESSAGE QUEUE LENGTH: 0

2025-03-05 12:24:34,252 - INFO - EVENT: Internal Event | LOGICAL TIME: 122 | PHYSICAL TIME: 2025-03-05 12:24:34.25, MESSAGE QUEUE LENGTH: 0

2025-03-05 12:24:34,499 - INFO - EVENT: Internal Event | LOGICAL TIME: 123 | PHYSICAL TIME: 2025-03-05 12:24:34.49, MESSAGE QUEUE LENGTH: 0

2025-03-05 12:24:34,737 - INFO - EVENT: Receive Msg | SENDER: 1 | LOGICAL TIME: 124 | PHYSICAL TIME: 2025-03-05 12:24:34.00, MESSAGE QUEUE LENGTH: 2

2025-03-05 12:24:35,001 - INFO - EVENT: Receive Msg | SENDER: 1 | LOGICAL TIME: 125 | PHYSICAL TIME: 2025-03-05 12:24:34.00, MESSAGE QUEUE LENGTH: 2

2025-03-05 12:24:35,229 - INFO - EVENT: Receive Msg | SENDER: 1 | LOGICAL TIME: 126 | PHYSICAL TIME: 2025-03-05 12:24:34.00, MESSAGE QUEUE LENGTH: 1

2025-03-05 12:24:35,501 - INFO - EVENT: Send Msg | RECIPIENT: 1 | LOGICAL TIME: 127 | PHYSICAL TIME: 2025-03-05 12:24:35.50, MESSAGE QUEUE LENGTH: 0

2025-03-05 12:24:35,730 - INFO - EVENT: Internal Event | LOGICAL TIME: 128 | PHYSICAL TIME: 2025-03-05 12:24:35.73, MESSAGE QUEUE LENGTH: 0

2025-03-05 12:24:35,964 - INFO - EVENT: Internal Event | LOGICAL TIME: 129 | PHYSICAL TIME: 2025-03-05 12:24:35.96, MESSAGE QUEUE LENGTH: 0

2025-03-05 12:24:36,239 - INFO - EVENT: Send Msg | RECIPIENT: 1 and 3 | LOGICAL TIME: 130 | PHYSICAL TIME: 2025-03-05 12:24:36.23, MESSAGE QUEUE LENGTH: 0

2025-03-05 12:24:36,468 - INFO - EVENT: Send Msg | RECIPIENT: 1 | LOGICAL TIME: 131 | PHYSICAL TIME: 2025-03-05 12:24:36.46, MESSAGE QUEUE LENGTH: 0

2025-03-05 12:24:36,689 - INFO - EVENT: Internal Event | LOGICAL TIME: 132 | PHYSICAL TIME: 2025-03-05 12:24:36.68, MESSAGE QUEUE LENGTH: 0

2025-03-05 12:24:37,041 - INFO - EVENT: Receive Msg | SENDER: 3 | LOGICAL TIME: 133 | PHYSICAL TIME: 2025-03-05 12:24:36.00, MESSAGE QUEUE LENGTH: 1

2025-03-05 12:24:37,274 - INFO - EVENT: Internal Event | LOGICAL TIME: 134 | PHYSICAL TIME: 2025-03-05 12:24:37.27, MESSAGE QUEUE LENGTH: 0

2025-03-05 12:24:37,574 - INFO - EVENT: Receive Msg | SENDER: 1 | LOGICAL TIME: 135 | PHYSICAL TIME: 2025-03-05 12:24:37.00, MESSAGE QUEUE LENGTH: 1

2025-03-05 12:24:37,802 - INFO - EVENT: Internal Event | LOGICAL TIME: 136 | PHYSICAL TIME: 2025-03-05 12:24:37.80, MESSAGE QUEUE LENGTH: 0

2025-03-05 12:24:38,032 - INFO - EVENT: Send Msg | RECIPIENT: 1 and 3 | LOGICAL TIME: 137 | PHYSICAL TIME: 2025-03-05 12:24:38.03, MESSAGE QUEUE LENGTH: 0

2025-03-05 12:24:38,293 - INFO - EVENT: Internal Event | LOGICAL TIME: 138 | PHYSICAL TIME: 2025-03-05 12:24:38.29, MESSAGE QUEUE LENGTH: 0

2025-03-05 12:24:38,525 - INFO - EVENT: Internal Event | LOGICAL TIME: 139 | PHYSICAL TIME: 2025-03-05 12:24:38.52, MESSAGE QUEUE LENGTH: 0

2025-03-05 12:24:38,786 - INFO - EVENT: Internal Event | LOGICAL TIME: 140 | PHYSICAL TIME: 2025-03-05 12:24:38.78, MESSAGE QUEUE LENGTH: 0

2025-03-05 12:24:39,106 - INFO - EVENT: Internal Event | LOGICAL TIME: 141 | PHYSICAL TIME: 2025-03-05 12:24:39.10, MESSAGE QUEUE LENGTH: 0

2025-03-05 12:24:39,385 - INFO - EVENT: Receive Msg | SENDER: 1 | LOGICAL TIME: 142 | PHYSICAL TIME: 2025-03-05 12:24:39.00, MESSAGE QUEUE LENGTH: 1

2025-03-05 12:24:39,665 - INFO - EVENT: Send Msg | RECIPIENT: 1 and 3 | LOGICAL TIME: 143 | PHYSICAL TIME: 2025-03-05 12:24:39.66, MESSAGE QUEUE LENGTH: 0

2025-03-05 12:24:39,945 - INFO - EVENT: Internal Event | LOGICAL TIME: 144 | PHYSICAL TIME: 2025-03-05 12:24:39.94, MESSAGE QUEUE LENGTH: 0

2025-03-05 12:24:40,289 - INFO - EVENT: Send Msg | RECIPIENT: 3 | LOGICAL TIME: 145 | PHYSICAL TIME: 2025-03-05 12:24:40.28, MESSAGE QUEUE LENGTH: 0

2025-03-05 12:24:40,513 - INFO - EVENT: Internal Event | LOGICAL TIME: 146 | PHYSICAL TIME: 2025-03-05 12:24:40.51, MESSAGE QUEUE LENGTH: 0

2025-03-05 12:24:40,774 - INFO - EVENT: Send Msg | RECIPIENT: 1 | LOGICAL TIME: 147 | PHYSICAL TIME: 2025-03-05 12:24:40.77, MESSAGE QUEUE LENGTH: 0

2025-03-05 12:24:41,018 - INFO - EVENT: Receive Msg | SENDER: 1 | LOGICAL TIME: 148 | PHYSICAL TIME: 2025-03-05 12:24:40.00, MESSAGE QUEUE LENGTH: 1

2025-03-05 12:24:41,356 - INFO - EVENT: Internal Event | LOGICAL TIME: 149 | PHYSICAL TIME: 2025-03-05 12:24:41.35, MESSAGE QUEUE LENGTH: 0

2025-03-05 12:24:41,568 - INFO - EVENT: Send Msg | RECIPIENT: 3 | LOGICAL TIME: 150 | PHYSICAL TIME: 2025-03-05 12:24:41.56, MESSAGE QUEUE LENGTH: 0

2025-03-05 12:24:41,834 - INFO - EVENT: Receive Msg | SENDER: 1 | LOGICAL TIME: 151 | PHYSICAL TIME: 2025-03-05 12:24:41.00, MESSAGE QUEUE LENGTH: 1

2025-03-05 12:24:42,091 - INFO - EVENT: Send Msg | RECIPIENT: 1 and 3 | LOGICAL TIME: 152 | PHYSICAL TIME: 2025-03-05 12:24:42.09, MESSAGE QUEUE LENGTH: 0

2025-03-05 12:24:42,306 - INFO - EVENT: Send Msg | RECIPIENT: 1 | LOGICAL TIME: 153 | PHYSICAL TIME: 2025-03-05 12:24:42.30, MESSAGE QUEUE LENGTH: 0

2025-03-05 12:24:42,537 - INFO - EVENT: Internal Event | LOGICAL TIME: 154 | PHYSICAL TIME: 2025-03-05 12:24:42.53, MESSAGE QUEUE LENGTH: 0

2025-03-05 12:24:42,770 - INFO - EVENT: Internal Event | LOGICAL TIME: 155 | PHYSICAL TIME: 2025-03-05 12:24:42.77, MESSAGE QUEUE LENGTH: 0

2025-03-05 12:24:43,048 - INFO - EVENT: Send Msg | RECIPIENT: 1 | LOGICAL TIME: 156 | PHYSICAL TIME: 2025-03-05 12:24:43.04, MESSAGE QUEUE LENGTH: 0

2025-03-05 12:24:43,386 - INFO - EVENT: Receive Msg | SENDER: 1 | LOGICAL TIME: 157 | PHYSICAL TIME: 2025-03-05 12:24:43.00, MESSAGE QUEUE LENGTH: 1

2025-03-05 12:24:43,633 - INFO - EVENT: Send Msg | RECIPIENT: 3 | LOGICAL TIME: 158 | PHYSICAL TIME: 2025-03-05 12:24:43.63, MESSAGE QUEUE LENGTH: 0

2025-03-05 12:24:43,897 - INFO - EVENT: Internal Event | LOGICAL TIME: 159 | PHYSICAL TIME: 2025-03-05 12:24:43.89, MESSAGE QUEUE LENGTH: 0

2025-03-05 12:24:44,130 - INFO - EVENT: Internal Event | LOGICAL TIME: 160 | PHYSICAL TIME: 2025-03-05 12:24:44.13, MESSAGE QUEUE LENGTH: 0

2025-03-05 12:24:44,465 - INFO - EVENT: Receive Msg | SENDER: 1 | LOGICAL TIME: 161 | PHYSICAL TIME: 2025-03-05 12:24:44.00, MESSAGE QUEUE LENGTH: 1

2025-03-05 12:24:44,813 - INFO - EVENT: Receive Msg | SENDER: 1 | LOGICAL TIME: 163 | PHYSICAL TIME: 2025-03-05 12:24:44.00, MESSAGE QUEUE LENGTH: 1

2025-03-05 12:24:45,024 - INFO - EVENT: Receive Msg | SENDER: 1 | LOGICAL TIME: 164 | PHYSICAL TIME: 2025-03-05 12:24:44.00, MESSAGE QUEUE LENGTH: 1

2025-03-05 12:24:45,279 - INFO - EVENT: Send Msg | RECIPIENT: 1 and 3 | LOGICAL TIME: 165 | PHYSICAL TIME: 2025-03-05 12:24:45.27, MESSAGE QUEUE LENGTH: 0

2025-03-05 12:24:45,484 - INFO - EVENT: Internal Event | LOGICAL TIME: 166 | PHYSICAL TIME: 2025-03-05 12:24:45.48, MESSAGE QUEUE LENGTH: 0

2025-03-05 12:24:45,708 - INFO - EVENT: Internal Event | LOGICAL TIME: 167 | PHYSICAL TIME: 2025-03-05 12:24:45.70, MESSAGE QUEUE LENGTH: 0

2025-03-05 12:24:45,971 - INFO - EVENT: Internal Event | LOGICAL TIME: 168 | PHYSICAL TIME: 2025-03-05 12:24:45.97, MESSAGE QUEUE LENGTH: 0

2025-03-05 12:24:46,203 - INFO - EVENT: Send Msg | RECIPIENT: 1 and 3 | LOGICAL TIME: 169 | PHYSICAL TIME: 2025-03-05 12:24:46.20, MESSAGE QUEUE LENGTH: 0

2025-03-05 12:24:46,494 - INFO - EVENT: Send Msg | RECIPIENT: 3 | LOGICAL TIME: 170 | PHYSICAL TIME: 2025-03-05 12:24:46.49, MESSAGE QUEUE LENGTH: 0

2025-03-05 12:24:46,728 - INFO - EVENT: Internal Event | LOGICAL TIME: 171 | PHYSICAL TIME: 2025-03-05 12:24:46.72, MESSAGE QUEUE LENGTH: 0

2025-03-05 12:24:46,999 - INFO - EVENT: Send Msg | RECIPIENT: 1 and 3 | LOGICAL TIME: 172 | PHYSICAL TIME: 2025-03-05 12:24:46.99, MESSAGE QUEUE LENGTH: 0

2025-03-05 12:24:47,296 - INFO - EVENT: Internal Event | LOGICAL TIME: 173 | PHYSICAL TIME: 2025-03-05 12:24:47.29, MESSAGE QUEUE LENGTH: 0

2025-03-05 12:24:47,518 - INFO - EVENT: Internal Event | LOGICAL TIME: 174 | PHYSICAL TIME: 2025-03-05 12:24:47.51, MESSAGE QUEUE LENGTH: 0

2025-03-05 12:24:47,731 - INFO - EVENT: Send Msg | RECIPIENT: 1 and 3 | LOGICAL TIME: 175 | PHYSICAL TIME: 2025-03-05 12:24:47.73, MESSAGE QUEUE LENGTH: 0

2025-03-05 12:24:48,002 - INFO - EVENT: Send Msg | RECIPIENT: 3 | LOGICAL TIME: 176 | PHYSICAL TIME: 2025-03-05 12:24:48.00, MESSAGE QUEUE LENGTH: 0

2025-03-05 12:24:48,283 - INFO - EVENT: Internal Event | LOGICAL TIME: 177 | PHYSICAL TIME: 2025-03-05 12:24:48.28, MESSAGE QUEUE LENGTH: 0

2025-03-05 12:24:48,487 - INFO - EVENT: Send Msg | RECIPIENT: 3 | LOGICAL TIME: 178 | PHYSICAL TIME: 2025-03-05 12:24:48.48, MESSAGE QUEUE LENGTH: 0

2025-03-05 12:24:48,718 - INFO - EVENT: Send Msg | RECIPIENT: 1 | LOGICAL TIME: 179 | PHYSICAL TIME: 2025-03-05 12:24:48.71, MESSAGE QUEUE LENGTH: 0

2025-03-05 12:24:48,924 - INFO - EVENT: Send Msg | RECIPIENT: 3 | LOGICAL TIME: 180 | PHYSICAL TIME: 2025-03-05 12:24:48.92, MESSAGE QUEUE LENGTH: 0

2025-03-05 12:24:49,146 - INFO - EVENT: Internal Event | LOGICAL TIME: 181 | PHYSICAL TIME: 2025-03-05 12:24:49.14, MESSAGE QUEUE LENGTH: 0

2025-03-05 12:24:49,369 - INFO - EVENT: Send Msg | RECIPIENT: 1 and 3 | LOGICAL TIME: 182 | PHYSICAL TIME: 2025-03-05 12:24:49.36, MESSAGE QUEUE LENGTH: 0

2025-03-05 12:24:49,593 - INFO - EVENT: Send Msg | RECIPIENT: 1 and 3 | LOGICAL TIME: 183 | PHYSICAL TIME: 2025-03-05 12:24:49.59, MESSAGE QUEUE LENGTH: 0

2025-03-05 12:24:49,882 - INFO - EVENT: Internal Event | LOGICAL TIME: 184 | PHYSICAL TIME: 2025-03-05 12:24:49.88, MESSAGE QUEUE LENGTH: 0

2025-03-05 12:24:50,103 - INFO - EVENT: Internal Event | LOGICAL TIME: 185 | PHYSICAL TIME: 2025-03-05 12:24:50.10, MESSAGE QUEUE LENGTH: 0

2025-03-05 12:24:50,377 - INFO - EVENT: Send Msg | RECIPIENT: 3 | LOGICAL TIME: 186 | PHYSICAL TIME: 2025-03-05 12:24:50.37, MESSAGE QUEUE LENGTH: 0

2025-03-05 12:24:50,582 - INFO - EVENT: Send Msg | RECIPIENT: 1 | LOGICAL TIME: 187 | PHYSICAL TIME: 2025-03-05 12:24:50.58, MESSAGE QUEUE LENGTH: 0

2025-03-05 12:24:50,806 - INFO - EVENT: Receive Msg | SENDER: 1 | LOGICAL TIME: 188 | PHYSICAL TIME: 2025-03-05 12:24:50.00, MESSAGE QUEUE LENGTH: 1

2025-03-05 12:24:51,032 - INFO - EVENT: Internal Event | LOGICAL TIME: 189 | PHYSICAL TIME: 2025-03-05 12:24:51.03, MESSAGE QUEUE LENGTH: 0

2025-03-05 12:24:51,289 - INFO - EVENT: Internal Event | LOGICAL TIME: 190 | PHYSICAL TIME: 2025-03-05 12:24:51.28, MESSAGE QUEUE LENGTH: 0

2025-03-05 12:24:51,554 - INFO - EVENT: Internal Event | LOGICAL TIME: 191 | PHYSICAL TIME: 2025-03-05 12:24:51.55, MESSAGE QUEUE LENGTH: 0

2025-03-05 12:24:51,768 - INFO - EVENT: Send Msg | RECIPIENT: 1 | LOGICAL TIME: 192 | PHYSICAL TIME: 2025-03-05 12:24:51.76, MESSAGE QUEUE LENGTH: 0

2025-03-05 12:24:51,998 - INFO - EVENT: Send Msg | RECIPIENT: 1 and 3 | LOGICAL TIME: 193 | PHYSICAL TIME: 2025-03-05 12:24:51.99, MESSAGE QUEUE LENGTH: 0

2025-03-05 12:24:52,220 - INFO - EVENT: Internal Event | LOGICAL TIME: 194 | PHYSICAL TIME: 2025-03-05 12:24:52.22, MESSAGE QUEUE LENGTH: 0

2025-03-05 12:24:52,770 - INFO - EVENT: Send Msg | RECIPIENT: 1 and 3 | LOGICAL TIME: 195 | PHYSICAL TIME: 2025-03-05 12:24:52.77, MESSAGE QUEUE LENGTH: 0

2025-03-05 12:24:52,987 - INFO - EVENT: Receive Msg | SENDER: 3 | LOGICAL TIME: 197 | PHYSICAL TIME: 2025-03-05 12:24:52.00, MESSAGE QUEUE LENGTH: 1

2025-03-05 12:24:53,406 - INFO - EVENT: Receive Msg | SENDER: 1 | LOGICAL TIME: 198 | PHYSICAL TIME: 2025-03-05 12:24:53.00, MESSAGE QUEUE LENGTH: 1

2025-03-05 12:24:53,733 - INFO - EVENT: Receive Msg | SENDER: 3 | LOGICAL TIME: 199 | PHYSICAL TIME: 2025-03-05 12:24:53.00, MESSAGE QUEUE LENGTH: 1

2025-03-05 12:24:53,987 - INFO - EVENT: Internal Event | LOGICAL TIME: 200 | PHYSICAL TIME: 2025-03-05 12:24:53.98, MESSAGE QUEUE LENGTH: 0

2025-03-05 12:24:54,234 - INFO - EVENT: Internal Event | LOGICAL TIME: 201 | PHYSICAL TIME: 2025-03-05 12:24:54.23, MESSAGE QUEUE LENGTH: 0

2025-03-05 12:24:54,466 - INFO - EVENT: Internal Event | LOGICAL TIME: 202 | PHYSICAL TIME: 2025-03-05 12:24:54.46, MESSAGE QUEUE LENGTH: 0

2025-03-05 12:24:54,785 - INFO - EVENT: Receive Msg | SENDER: 1 | LOGICAL TIME: 203 | PHYSICAL TIME: 2025-03-05 12:24:54.00, MESSAGE QUEUE LENGTH: 1

2025-03-05 12:24:55,140 - INFO - EVENT: Internal Event | LOGICAL TIME: 204 | PHYSICAL TIME: 2025-03-05 12:24:55.14, MESSAGE QUEUE LENGTH: 0

2025-03-05 12:24:55,399 - INFO - EVENT: Internal Event | LOGICAL TIME: 205 | PHYSICAL TIME: 2025-03-05 12:24:55.39, MESSAGE QUEUE LENGTH: 0

2025-03-05 12:24:55,649 - INFO - EVENT: Internal Event | LOGICAL TIME: 206 | PHYSICAL TIME: 2025-03-05 12:24:55.64, MESSAGE QUEUE LENGTH: 0

2025-03-05 12:24:55,897 - INFO - EVENT: Internal Event | LOGICAL TIME: 207 | PHYSICAL TIME: 2025-03-05 12:24:55.89, MESSAGE QUEUE LENGTH: 0

2025-03-05 12:24:56,137 - INFO - EVENT: Internal Event | LOGICAL TIME: 208 | PHYSICAL TIME: 2025-03-05 12:24:56.13, MESSAGE QUEUE LENGTH: 0

2025-03-05 12:24:56,383 - INFO - EVENT: Internal Event | LOGICAL TIME: 209 | PHYSICAL TIME: 2025-03-05 12:24:56.38, MESSAGE QUEUE LENGTH: 0

2025-03-05 12:24:56,606 - INFO - EVENT: Receive Msg | SENDER: 1 | LOGICAL TIME: 210 | PHYSICAL TIME: 2025-03-05 12:24:56.00, MESSAGE QUEUE LENGTH: 1

2025-03-05 12:24:56,875 - INFO - EVENT: Internal Event | LOGICAL TIME: 211 | PHYSICAL TIME: 2025-03-05 12:24:56.87, MESSAGE QUEUE LENGTH: 0

2025-03-05 12:24:57,117 - INFO - EVENT: Send Msg | RECIPIENT: 1 and 3 | LOGICAL TIME: 212 | PHYSICAL TIME: 2025-03-05 12:24:57.11, MESSAGE QUEUE LENGTH: 0

2025-03-05 12:24:57,337 - INFO - EVENT: Receive Msg | SENDER: 1 | LOGICAL TIME: 213 | PHYSICAL TIME: 2025-03-05 12:24:57.00, MESSAGE QUEUE LENGTH: 1

2025-03-05 12:24:57,627 - INFO - EVENT: Send Msg | RECIPIENT: 3 | LOGICAL TIME: 214 | PHYSICAL TIME: 2025-03-05 12:24:57.62, MESSAGE QUEUE LENGTH: 0

2025-03-05 12:24:57,931 - INFO - EVENT: Internal Event | LOGICAL TIME: 215 | PHYSICAL TIME: 2025-03-05 12:24:57.93, MESSAGE QUEUE LENGTH: 0

2025-03-05 12:24:58,312 - INFO - EVENT: Receive Msg | SENDER: 1 | LOGICAL TIME: 217 | PHYSICAL TIME: 2025-03-05 12:24:58.00, MESSAGE QUEUE LENGTH: 1

2025-03-05 12:24:58,615 - INFO - EVENT: Internal Event | LOGICAL TIME: 218 | PHYSICAL TIME: 2025-03-05 12:24:58.61, MESSAGE QUEUE LENGTH: 0

2025-03-05 12:24:58,838 - INFO - EVENT: Internal Event | LOGICAL TIME: 219 | PHYSICAL TIME: 2025-03-05 12:24:58.83, MESSAGE QUEUE LENGTH: 0

2025-03-05 12:24:59,090 - INFO - EVENT: Send Msg | RECIPIENT: 1 | LOGICAL TIME: 220 | PHYSICAL TIME: 2025-03-05 12:24:59.09, MESSAGE QUEUE LENGTH: 0

2025-03-05 12:24:59,297 - INFO - EVENT: Internal Event | LOGICAL TIME: 221 | PHYSICAL TIME: 2025-03-05 12:24:59.29, MESSAGE QUEUE LENGTH: 0

2025-03-05 12:24:59,519 - INFO - EVENT: Send Msg | RECIPIENT: 1 | LOGICAL TIME: 222 | PHYSICAL TIME: 2025-03-05 12:24:59.51, MESSAGE QUEUE LENGTH: 0

2025-03-05 12:24:59,733 - INFO - EVENT: Send Msg | RECIPIENT: 3 | LOGICAL TIME: 223 | PHYSICAL TIME: 2025-03-05 12:24:59.73, MESSAGE QUEUE LENGTH: 0

2025-03-05 12:24:59,963 - INFO - EVENT: Send Msg | RECIPIENT: 1 | LOGICAL TIME: 224 | PHYSICAL TIME: 2025-03-05 12:24:59.96, MESSAGE QUEUE LENGTH: 0

2025-03-05 12:25:00,316 - INFO - EVENT: Internal Event | LOGICAL TIME: 225 | PHYSICAL TIME: 2025-03-05 12:25:00.31, MESSAGE QUEUE LENGTH: 0

2025-03-05 12:25:00,550 - INFO - EVENT: Internal Event | LOGICAL TIME: 226 | PHYSICAL TIME: 2025-03-05 12:25:00.55, MESSAGE QUEUE LENGTH: 0

2025-03-05 12:25:00,788 - INFO - EVENT: Internal Event | LOGICAL TIME: 227 | PHYSICAL TIME: 2025-03-05 12:25:00.78, MESSAGE QUEUE LENGTH: 0

2025-03-05 12:25:01,062 - INFO - EVENT: Send Msg | RECIPIENT: 1 and 3 | LOGICAL TIME: 228 | PHYSICAL TIME: 2025-03-05 12:25:01.06, MESSAGE QUEUE LENGTH: 0

2025-03-05 12:25:01,302 - INFO - EVENT: Internal Event | LOGICAL TIME: 229 | PHYSICAL TIME: 2025-03-05 12:25:01.30, MESSAGE QUEUE LENGTH: 0

2025-03-05 12:25:01,524 - INFO - EVENT: Internal Event | LOGICAL TIME: 230 | PHYSICAL TIME: 2025-03-05 12:25:01.52, MESSAGE QUEUE LENGTH: 0

2025-03-05 12:25:01,763 - INFO - EVENT: Internal Event | LOGICAL TIME: 231 | PHYSICAL TIME: 2025-03-05 12:25:01.76, MESSAGE QUEUE LENGTH: 0

2025-03-05 12:25:02,095 - INFO - EVENT: Send Msg | RECIPIENT: 1 | LOGICAL TIME: 232 | PHYSICAL TIME: 2025-03-05 12:25:02.09, MESSAGE QUEUE LENGTH: 0

2025-03-05 12:25:02,356 - INFO - EVENT: Receive Msg | SENDER: 1 | LOGICAL TIME: 233 | PHYSICAL TIME: 2025-03-05 12:25:01.00, MESSAGE QUEUE LENGTH: 1

2025-03-05 12:25:02,603 - INFO - EVENT: Internal Event | LOGICAL TIME: 234 | PHYSICAL TIME: 2025-03-05 12:25:02.60, MESSAGE QUEUE LENGTH: 0

2025-03-05 12:25:02,915 - INFO - EVENT: Send Msg | RECIPIENT: 3 | LOGICAL TIME: 235 | PHYSICAL TIME: 2025-03-05 12:25:02.91, MESSAGE QUEUE LENGTH: 0

2025-03-05 12:25:03,171 - INFO - EVENT: Receive Msg | SENDER: 1 | LOGICAL TIME: 237 | PHYSICAL TIME: 2025-03-05 12:25:02.00, MESSAGE QUEUE LENGTH: 1

2025-03-05 12:25:03,469 - INFO - EVENT: Internal Event | LOGICAL TIME: 238 | PHYSICAL TIME: 2025-03-05 12:25:03.46, MESSAGE QUEUE LENGTH: 0

2025-03-05 12:25:03,740 - INFO - EVENT: Internal Event | LOGICAL TIME: 239 | PHYSICAL TIME: 2025-03-05 12:25:03.74, MESSAGE QUEUE LENGTH: 0

2025-03-05 12:25:03,945 - INFO - EVENT: Send Msg | RECIPIENT: 3 | LOGICAL TIME: 240 | PHYSICAL TIME: 2025-03-05 12:25:03.94, MESSAGE QUEUE LENGTH: 0

2025-03-05 12:25:04,251 - INFO - EVENT: Receive Msg | SENDER: 1 | LOGICAL TIME: 241 | PHYSICAL TIME: 2025-03-05 12:25:04.00, MESSAGE QUEUE LENGTH: 1

2025-03-05 12:25:04,532 - INFO - EVENT: Send Msg | RECIPIENT: 3 | LOGICAL TIME: 242 | PHYSICAL TIME: 2025-03-05 12:25:04.53, MESSAGE QUEUE LENGTH: 0

2025-03-05 12:25:04,756 - INFO - EVENT: Send Msg | RECIPIENT: 1 and 3 | LOGICAL TIME: 243 | PHYSICAL TIME: 2025-03-05 12:25:04.75, MESSAGE QUEUE LENGTH: 0

2025-03-05 12:25:04,993 - INFO - EVENT: Send Msg | RECIPIENT: 1 | LOGICAL TIME: 244 | PHYSICAL TIME: 2025-03-05 12:25:04.99, MESSAGE QUEUE LENGTH: 0

2025-03-05 12:25:05,282 - INFO - EVENT: Send Msg | RECIPIENT: 1 | LOGICAL TIME: 245 | PHYSICAL TIME: 2025-03-05 12:25:05.28, MESSAGE QUEUE LENGTH: 0

2025-03-05 12:25:05,523 - INFO - EVENT: Send Msg | RECIPIENT: 1 | LOGICAL TIME: 246 | PHYSICAL TIME: 2025-03-05 12:25:05.52, MESSAGE QUEUE LENGTH: 0

2025-03-05 12:25:05,780 - INFO - EVENT: Internal Event | LOGICAL TIME: 247 | PHYSICAL TIME: 2025-03-05 12:25:05.78, MESSAGE QUEUE LENGTH: 0

2025-03-05 12:25:06,021 - INFO - EVENT: Send Msg | RECIPIENT: 1 and 3 | LOGICAL TIME: 248 | PHYSICAL TIME: 2025-03-05 12:25:06.02, MESSAGE QUEUE LENGTH: 0

2025-03-05 12:25:06,234 - INFO - EVENT: Send Msg | RECIPIENT: 3 | LOGICAL TIME: 249 | PHYSICAL TIME: 2025-03-05 12:25:06.23, MESSAGE QUEUE LENGTH: 0

2025-03-05 12:25:06,482 - INFO - EVENT: Send Msg | RECIPIENT: 1 | LOGICAL TIME: 250 | PHYSICAL TIME: 2025-03-05 12:25:06.48, MESSAGE QUEUE LENGTH: 0

2025-03-05 12:25:06,753 - INFO - EVENT: Internal Event | LOGICAL TIME: 251 | PHYSICAL TIME: 2025-03-05 12:25:06.75, MESSAGE QUEUE LENGTH: 0

2025-03-05 12:25:07,247 - INFO - EVENT: Send Msg | RECIPIENT: 1 | LOGICAL TIME: 252 | PHYSICAL TIME: 2025-03-05 12:25:07.24, MESSAGE QUEUE LENGTH: 0

2025-03-05 12:25:07,479 - INFO - EVENT: Internal Event | LOGICAL TIME: 253 | PHYSICAL TIME: 2025-03-05 12:25:07.47, MESSAGE QUEUE LENGTH: 0

2025-03-05 12:25:07,719 - INFO - EVENT: Send Msg | RECIPIENT: 1 | LOGICAL TIME: 254 | PHYSICAL TIME: 2025-03-05 12:25:07.71, MESSAGE QUEUE LENGTH: 0

2025-03-05 12:25:07,958 - INFO - EVENT: Receive Msg | SENDER: 3 | LOGICAL TIME: 255 | PHYSICAL TIME: 2025-03-05 12:25:07.00, MESSAGE QUEUE LENGTH: 1

2025-03-05 12:25:08,164 - INFO - EVENT: Send Msg | RECIPIENT: 1 and 3 | LOGICAL TIME: 256 | PHYSICAL TIME: 2025-03-05 12:25:08.16, MESSAGE QUEUE LENGTH: 0

