2025-03-04 19:23:50,730 - INFO - Clock rate for client 1: 1 events per second
2025-03-04 19:23:51,595 - INFO - EVENT: Receive Msg | SENDER: 2 | LOGICAL TIME: 1 | PHYSICAL TIME: 2025-03-04 19:23:51.00, MESSAGE QUEUE LENGTH: 2

2025-03-04 19:23:52,599 - INFO - EVENT: Receive Msg | SENDER: 3 | LOGICAL TIME: 2 | PHYSICAL TIME: 2025-03-04 19:23:51.00, MESSAGE QUEUE LENGTH: 1

2025-03-04 19:23:53,655 - INFO - EVENT: Send Msg | RECIPIENT: 3 | LOGICAL TIME: 3 | PHYSICAL TIME: 2025-03-04 19:23:53.65, MESSAGE QUEUE LENGTH: 0

2025-03-04 19:23:54,681 - INFO - EVENT: Internal Event | LOGICAL TIME: 4 | PHYSICAL TIME: 2025-03-04 19:23:54.68, MESSAGE QUEUE LENGTH: 0

2025-03-04 19:23:55,898 - INFO - EVENT: Internal Event | LOGICAL TIME: 5 | PHYSICAL TIME: 2025-03-04 19:23:55.89, MESSAGE QUEUE LENGTH: 0

2025-03-04 19:23:56,904 - INFO - EVENT: Receive Msg | SENDER: 3 | LOGICAL TIME: 7 | PHYSICAL TIME: 2025-03-04 19:23:56.00, MESSAGE QUEUE LENGTH: 1

2025-03-04 19:23:57,957 - INFO - EVENT: Internal Event | LOGICAL TIME: 8 | PHYSICAL TIME: 2025-03-04 19:23:57.95, MESSAGE QUEUE LENGTH: 0

2025-03-04 19:23:58,972 - INFO - EVENT: Receive Msg | SENDER: 3 | LOGICAL TIME: 13 | PHYSICAL TIME: 2025-03-04 19:23:58.00, MESSAGE QUEUE LENGTH: 1

2025-03-04 19:23:59,975 - INFO - EVENT: Receive Msg | SENDER: 3 | LOGICAL TIME: 14 | PHYSICAL TIME: 2025-03-04 19:23:59.00, MESSAGE QUEUE LENGTH: 1

2025-03-04 19:24:01,020 - INFO - EVENT: Send Msg | RECIPIENT: 2 and 3 | LOGICAL TIME: 15 | PHYSICAL TIME: 2025-03-04 19:24:01.02, MESSAGE QUEUE LENGTH: 0

2025-03-04 19:24:02,022 - INFO - EVENT: Internal Event | LOGICAL TIME: 16 | PHYSICAL TIME: 2025-03-04 19:24:02.02, MESSAGE QUEUE LENGTH: 0

2025-03-04 19:24:03,059 - INFO - EVENT: Internal Event | LOGICAL TIME: 17 | PHYSICAL TIME: 2025-03-04 19:24:03.05, MESSAGE QUEUE LENGTH: 0

2025-03-04 19:24:04,061 - INFO - EVENT: Receive Msg | SENDER: 2 | LOGICAL TIME: 24 | PHYSICAL TIME: 2025-03-04 19:24:03.00, MESSAGE QUEUE LENGTH: 1

2025-03-04 19:24:05,125 - INFO - EVENT: Send Msg | RECIPIENT: 2 | LOGICAL TIME: 25 | PHYSICAL TIME: 2025-03-04 19:24:05.12, MESSAGE QUEUE LENGTH: 0

2025-03-04 19:24:06,163 - INFO - EVENT: Receive Msg | SENDER: 2 | LOGICAL TIME: 27 | PHYSICAL TIME: 2025-03-04 19:24:05.00, MESSAGE QUEUE LENGTH: 1

2025-03-04 19:24:07,198 - INFO - EVENT: Receive Msg | SENDER: 3 | LOGICAL TIME: 29 | PHYSICAL TIME: 2025-03-04 19:24:06.00, MESSAGE QUEUE LENGTH: 1

2025-03-04 19:24:08,221 - INFO - EVENT: Internal Event | LOGICAL TIME: 30 | PHYSICAL TIME: 2025-03-04 19:24:08.22, MESSAGE QUEUE LENGTH: 0

2025-03-04 19:24:09,226 - INFO - EVENT: Receive Msg | SENDER: 2 | LOGICAL TIME: 34 | PHYSICAL TIME: 2025-03-04 19:24:08.00, MESSAGE QUEUE LENGTH: 1

2025-03-04 19:24:10,227 - INFO - EVENT: Internal Event | LOGICAL TIME: 35 | PHYSICAL TIME: 2025-03-04 19:24:10.22, MESSAGE QUEUE LENGTH: 0

2025-03-04 19:24:11,233 - INFO - EVENT: Internal Event | LOGICAL TIME: 36 | PHYSICAL TIME: 2025-03-04 19:24:11.23, MESSAGE QUEUE LENGTH: 0

2025-03-04 19:24:12,258 - INFO - EVENT: Internal Event | LOGICAL TIME: 37 | PHYSICAL TIME: 2025-03-04 19:24:12.25, MESSAGE QUEUE LENGTH: 0

2025-03-04 19:24:13,270 - INFO - EVENT: Receive Msg | SENDER: 2 | LOGICAL TIME: 41 | PHYSICAL TIME: 2025-03-04 19:24:12.00, MESSAGE QUEUE LENGTH: 1

2025-03-04 19:24:14,286 - INFO - EVENT: Send Msg | RECIPIENT: 3 | LOGICAL TIME: 42 | PHYSICAL TIME: 2025-03-04 19:24:14.28, MESSAGE QUEUE LENGTH: 0

2025-03-04 19:24:15,319 - INFO - EVENT: Internal Event | LOGICAL TIME: 43 | PHYSICAL TIME: 2025-03-04 19:24:15.31, MESSAGE QUEUE LENGTH: 0

2025-03-04 19:24:16,361 - INFO - EVENT: Internal Event | LOGICAL TIME: 44 | PHYSICAL TIME: 2025-03-04 19:24:16.36, MESSAGE QUEUE LENGTH: 0

2025-03-04 19:24:17,389 - INFO - EVENT: Receive Msg | SENDER: 2 | LOGICAL TIME: 50 | PHYSICAL TIME: 2025-03-04 19:24:17.00, MESSAGE QUEUE LENGTH: 1

2025-03-04 19:24:18,471 - INFO - EVENT: Internal Event | LOGICAL TIME: 51 | PHYSICAL TIME: 2025-03-04 19:24:18.47, MESSAGE QUEUE LENGTH: 0

2025-03-04 19:24:19,472 - INFO - EVENT: Receive Msg | SENDER: 2 | LOGICAL TIME: 53 | PHYSICAL TIME: 2025-03-04 19:24:18.00, MESSAGE QUEUE LENGTH: 1

2025-03-04 19:24:20,502 - INFO - EVENT: Internal Event | LOGICAL TIME: 54 | PHYSICAL TIME: 2025-03-04 19:24:20.50, MESSAGE QUEUE LENGTH: 0

2025-03-04 19:24:21,524 - INFO - EVENT: Internal Event | LOGICAL TIME: 55 | PHYSICAL TIME: 2025-03-04 19:24:21.52, MESSAGE QUEUE LENGTH: 0

2025-03-04 19:24:22,530 - INFO - EVENT: Receive Msg | SENDER: 2 | LOGICAL TIME: 60 | PHYSICAL TIME: 2025-03-04 19:24:22.00, MESSAGE QUEUE LENGTH: 1

2025-03-04 19:24:23,543 - INFO - EVENT: Send Msg | RECIPIENT: 2 and 3 | LOGICAL TIME: 61 | PHYSICAL TIME: 2025-03-04 19:24:23.54, MESSAGE QUEUE LENGTH: 0

2025-03-04 19:24:24,625 - INFO - EVENT: Receive Msg | SENDER: 2 | LOGICAL TIME: 64 | PHYSICAL TIME: 2025-03-04 19:24:24.00, MESSAGE QUEUE LENGTH: 1

2025-03-04 19:24:25,645 - INFO - EVENT: Internal Event | LOGICAL TIME: 65 | PHYSICAL TIME: 2025-03-04 19:24:25.64, MESSAGE QUEUE LENGTH: 0

2025-03-04 19:24:26,647 - INFO - EVENT: Send Msg | RECIPIENT: 2 and 3 | LOGICAL TIME: 66 | PHYSICAL TIME: 2025-03-04 19:24:26.64, MESSAGE QUEUE LENGTH: 0

2025-03-04 19:24:27,661 - INFO - EVENT: Internal Event | LOGICAL TIME: 67 | PHYSICAL TIME: 2025-03-04 19:24:27.66, MESSAGE QUEUE LENGTH: 0

2025-03-04 19:24:28,743 - INFO - EVENT: Receive Msg | SENDER: 2 | LOGICAL TIME: 71 | PHYSICAL TIME: 2025-03-04 19:24:28.00, MESSAGE QUEUE LENGTH: 1

2025-03-04 19:24:29,917 - INFO - EVENT: Receive Msg | SENDER: 2 | LOGICAL TIME: 73 | PHYSICAL TIME: 2025-03-04 19:24:29.00, MESSAGE QUEUE LENGTH: 1

2025-03-04 19:24:30,950 - INFO - EVENT: Receive Msg | SENDER: 2 | LOGICAL TIME: 75 | PHYSICAL TIME: 2025-03-04 19:24:30.00, MESSAGE QUEUE LENGTH: 1

2025-03-04 19:24:31,982 - INFO - EVENT: Internal Event | LOGICAL TIME: 76 | PHYSICAL TIME: 2025-03-04 19:24:31.98, MESSAGE QUEUE LENGTH: 0

2025-03-04 19:24:33,001 - INFO - EVENT: Receive Msg | SENDER: 3 | LOGICAL TIME: 77 | PHYSICAL TIME: 2025-03-04 19:24:32.00, MESSAGE QUEUE LENGTH: 1

2025-03-04 19:24:34,020 - INFO - EVENT: Receive Msg | SENDER: 3 | LOGICAL TIME: 78 | PHYSICAL TIME: 2025-03-04 19:24:33.00, MESSAGE QUEUE LENGTH: 1

2025-03-04 19:24:35,022 - INFO - EVENT: Internal Event | LOGICAL TIME: 79 | PHYSICAL TIME: 2025-03-04 19:24:35.02, MESSAGE QUEUE LENGTH: 0

2025-03-04 19:24:36,033 - INFO - EVENT: Receive Msg | SENDER: 2 | LOGICAL TIME: 84 | PHYSICAL TIME: 2025-03-04 19:24:35.00, MESSAGE QUEUE LENGTH: 1

2025-03-04 19:24:37,037 - INFO - EVENT: Internal Event | LOGICAL TIME: 85 | PHYSICAL TIME: 2025-03-04 19:24:37.03, MESSAGE QUEUE LENGTH: 0

2025-03-04 19:24:38,041 - INFO - EVENT: Receive Msg | SENDER: 2 | LOGICAL TIME: 87 | PHYSICAL TIME: 2025-03-04 19:24:37.00, MESSAGE QUEUE LENGTH: 1

2025-03-04 19:24:39,053 - INFO - EVENT: Receive Msg | SENDER: 2 | LOGICAL TIME: 89 | PHYSICAL TIME: 2025-03-04 19:24:38.00, MESSAGE QUEUE LENGTH: 1

2025-03-04 19:24:40,055 - INFO - EVENT: Internal Event | LOGICAL TIME: 90 | PHYSICAL TIME: 2025-03-04 19:24:40.05, MESSAGE QUEUE LENGTH: 0

2025-03-04 19:24:41,075 - INFO - EVENT: Receive Msg | SENDER: 2 | LOGICAL TIME: 93 | PHYSICAL TIME: 2025-03-04 19:24:40.00, MESSAGE QUEUE LENGTH: 1

2025-03-04 19:24:42,103 - INFO - EVENT: Send Msg | RECIPIENT: 2 | LOGICAL TIME: 94 | PHYSICAL TIME: 2025-03-04 19:24:42.10, MESSAGE QUEUE LENGTH: 0

2025-03-04 19:24:43,191 - INFO - EVENT: Internal Event | LOGICAL TIME: 95 | PHYSICAL TIME: 2025-03-04 19:24:43.19, MESSAGE QUEUE LENGTH: 0

2025-03-04 19:24:44,224 - INFO - EVENT: Receive Msg | SENDER: 2 | LOGICAL TIME: 99 | PHYSICAL TIME: 2025-03-04 19:24:43.00, MESSAGE QUEUE LENGTH: 2

2025-03-04 19:24:45,261 - INFO - EVENT: Receive Msg | SENDER: 2 | LOGICAL TIME: 100 | PHYSICAL TIME: 2025-03-04 19:24:44.00, MESSAGE QUEUE LENGTH: 1

2025-03-04 19:24:46,268 - INFO - EVENT: Internal Event | LOGICAL TIME: 101 | PHYSICAL TIME: 2025-03-04 19:24:46.26, MESSAGE QUEUE LENGTH: 0

2025-03-04 19:24:47,398 - INFO - EVENT: Receive Msg | SENDER: 2 | LOGICAL TIME: 106 | PHYSICAL TIME: 2025-03-04 19:24:47.00, MESSAGE QUEUE LENGTH: 1

2025-03-04 19:24:48,488 - INFO - EVENT: Receive Msg | SENDER: 2 | LOGICAL TIME: 108 | PHYSICAL TIME: 2025-03-04 19:24:48.00, MESSAGE QUEUE LENGTH: 1

2025-03-04 19:24:49,592 - INFO - EVENT: Internal Event | LOGICAL TIME: 109 | PHYSICAL TIME: 2025-03-04 19:24:49.59, MESSAGE QUEUE LENGTH: 0

2025-03-04 19:24:50,617 - INFO - EVENT: Receive Msg | SENDER: 2 | LOGICAL TIME: 111 | PHYSICAL TIME: 2025-03-04 19:24:49.00, MESSAGE QUEUE LENGTH: 2

2025-03-04 19:24:51,632 - INFO - EVENT: Receive Msg | SENDER: 2 | LOGICAL TIME: 112 | PHYSICAL TIME: 2025-03-04 19:24:50.00, MESSAGE QUEUE LENGTH: 1

2025-03-04 19:24:52,700 - INFO - EVENT: Internal Event | LOGICAL TIME: 113 | PHYSICAL TIME: 2025-03-04 19:24:52.70, MESSAGE QUEUE LENGTH: 0

2025-03-04 19:24:53,745 - INFO - EVENT: Internal Event | LOGICAL TIME: 114 | PHYSICAL TIME: 2025-03-04 19:24:53.74, MESSAGE QUEUE LENGTH: 0

2025-03-04 19:24:54,749 - INFO - EVENT: Send Msg | RECIPIENT: 3 | LOGICAL TIME: 115 | PHYSICAL TIME: 2025-03-04 19:24:54.74, MESSAGE QUEUE LENGTH: 0

2025-03-04 19:24:55,807 - INFO - EVENT: Receive Msg | SENDER: 2 | LOGICAL TIME: 120 | PHYSICAL TIME: 2025-03-04 19:24:54.00, MESSAGE QUEUE LENGTH: 1

