2025-03-05 03:27:18,342 - INFO - Clock rate for client 2: 4 events per second
2025-03-05 03:27:18,930 - INFO - EVENT: Internal Event | LOGICAL TIME: 1 | PHYSICAL TIME: 2025-03-05 03:27:18.93, MESSAGE QUEUE LENGTH: 0

2025-03-05 03:27:19,199 - INFO - EVENT: Receive Msg | SENDER: 1 | LOGICAL TIME: 2 | PHYSICAL TIME: 2025-03-05 03:27:19.00, MESSAGE QUEUE LENGTH: 1

2025-03-05 03:27:19,534 - INFO - EVENT: Receive Msg | SENDER: 3 | LOGICAL TIME: 3 | PHYSICAL TIME: 2025-03-05 03:27:18.00, MESSAGE QUEUE LENGTH: 1

2025-03-05 03:27:19,823 - INFO - EVENT: Receive Msg | SENDER: 3 | LOGICAL TIME: 4 | PHYSICAL TIME: 2025-03-05 03:27:19.00, MESSAGE QUEUE LENGTH: 1

2025-03-05 03:27:20,163 - INFO - EVENT: Receive Msg | SENDER: 3 | LOGICAL TIME: 5 | PHYSICAL TIME: 2025-03-05 03:27:19.00, MESSAGE QUEUE LENGTH: 1

2025-03-05 03:27:20,448 - INFO - EVENT: Send Msg | RECIPIENT: 3 | LOGICAL TIME: 6 | PHYSICAL TIME: 2025-03-05 03:27:20.44, MESSAGE QUEUE LENGTH: 0

2025-03-05 03:27:20,714 - INFO - EVENT: Internal Event | LOGICAL TIME: 7 | PHYSICAL TIME: 2025-03-05 03:27:20.71, MESSAGE QUEUE LENGTH: 0

2025-03-05 03:27:21,017 - INFO - EVENT: Internal Event | LOGICAL TIME: 8 | PHYSICAL TIME: 2025-03-05 03:27:21.01, MESSAGE QUEUE LENGTH: 0

2025-03-05 03:27:21,446 - INFO - EVENT: Internal Event | LOGICAL TIME: 9 | PHYSICAL TIME: 2025-03-05 03:27:21.44, MESSAGE QUEUE LENGTH: 0

2025-03-05 03:27:21,740 - INFO - EVENT: Receive Msg | SENDER: 3 | LOGICAL TIME: 14 | PHYSICAL TIME: 2025-03-05 03:27:21.00, MESSAGE QUEUE LENGTH: 1

2025-03-05 03:27:22,036 - INFO - EVENT: Receive Msg | SENDER: 3 | LOGICAL TIME: 15 | PHYSICAL TIME: 2025-03-05 03:27:21.00, MESSAGE QUEUE LENGTH: 1

2025-03-05 03:27:22,427 - INFO - EVENT: Send Msg | RECIPIENT: 3 | LOGICAL TIME: 16 | PHYSICAL TIME: 2025-03-05 03:27:22.42, MESSAGE QUEUE LENGTH: 0

2025-03-05 03:27:22,682 - INFO - EVENT: Send Msg | RECIPIENT: 1 | LOGICAL TIME: 17 | PHYSICAL TIME: 2025-03-05 03:27:22.68, MESSAGE QUEUE LENGTH: 0

2025-03-05 03:27:22,995 - INFO - EVENT: Receive Msg | SENDER: 3 | LOGICAL TIME: 20 | PHYSICAL TIME: 2025-03-05 03:27:22.00, MESSAGE QUEUE LENGTH: 1

2025-03-05 03:27:23,292 - INFO - EVENT: Send Msg | RECIPIENT: 1 | LOGICAL TIME: 21 | PHYSICAL TIME: 2025-03-05 03:27:23.29, MESSAGE QUEUE LENGTH: 0

2025-03-05 03:27:23,566 - INFO - EVENT: Send Msg | RECIPIENT: 3 | LOGICAL TIME: 22 | PHYSICAL TIME: 2025-03-05 03:27:23.56, MESSAGE QUEUE LENGTH: 0

2025-03-05 03:27:23,897 - INFO - EVENT: Receive Msg | SENDER: 3 | LOGICAL TIME: 23 | PHYSICAL TIME: 2025-03-05 03:27:23.00, MESSAGE QUEUE LENGTH: 1

2025-03-05 03:27:24,167 - INFO - EVENT: Internal Event | LOGICAL TIME: 24 | PHYSICAL TIME: 2025-03-05 03:27:24.16, MESSAGE QUEUE LENGTH: 0

2025-03-05 03:27:24,448 - INFO - EVENT: Send Msg | RECIPIENT: 3 | LOGICAL TIME: 25 | PHYSICAL TIME: 2025-03-05 03:27:24.44, MESSAGE QUEUE LENGTH: 0

2025-03-05 03:27:24,803 - INFO - EVENT: Receive Msg | SENDER: 3 | LOGICAL TIME: 26 | PHYSICAL TIME: 2025-03-05 03:27:24.00, MESSAGE QUEUE LENGTH: 1

2025-03-05 03:27:25,269 - INFO - EVENT: Internal Event | LOGICAL TIME: 27 | PHYSICAL TIME: 2025-03-05 03:27:25.26, MESSAGE QUEUE LENGTH: 0

2025-03-05 03:27:25,582 - INFO - EVENT: Internal Event | LOGICAL TIME: 28 | PHYSICAL TIME: 2025-03-05 03:27:25.58, MESSAGE QUEUE LENGTH: 0

2025-03-05 03:27:25,837 - INFO - EVENT: Send Msg | RECIPIENT: 3 | LOGICAL TIME: 29 | PHYSICAL TIME: 2025-03-05 03:27:25.83, MESSAGE QUEUE LENGTH: 0

2025-03-05 03:27:26,099 - INFO - EVENT: Receive Msg | SENDER: 3 | LOGICAL TIME: 33 | PHYSICAL TIME: 2025-03-05 03:27:25.00, MESSAGE QUEUE LENGTH: 2

2025-03-05 03:27:26,504 - INFO - EVENT: Receive Msg | SENDER: 3 | LOGICAL TIME: 34 | PHYSICAL TIME: 2025-03-05 03:27:25.00, MESSAGE QUEUE LENGTH: 1

2025-03-05 03:27:26,835 - INFO - EVENT: Internal Event | LOGICAL TIME: 35 | PHYSICAL TIME: 2025-03-05 03:27:26.83, MESSAGE QUEUE LENGTH: 0

2025-03-05 03:27:27,167 - INFO - EVENT: Receive Msg | SENDER: 3 | LOGICAL TIME: 39 | PHYSICAL TIME: 2025-03-05 03:27:26.00, MESSAGE QUEUE LENGTH: 1

2025-03-05 03:27:27,504 - INFO - EVENT: Internal Event | LOGICAL TIME: 40 | PHYSICAL TIME: 2025-03-05 03:27:27.50, MESSAGE QUEUE LENGTH: 0

2025-03-05 03:27:27,838 - INFO - EVENT: Receive Msg | SENDER: 3 | LOGICAL TIME: 42 | PHYSICAL TIME: 2025-03-05 03:27:27.00, MESSAGE QUEUE LENGTH: 1

2025-03-05 03:27:28,132 - INFO - EVENT: Receive Msg | SENDER: 3 | LOGICAL TIME: 44 | PHYSICAL TIME: 2025-03-05 03:27:28.00, MESSAGE QUEUE LENGTH: 1

2025-03-05 03:27:28,502 - INFO - EVENT: Send Msg | RECIPIENT: 1 and 3 | LOGICAL TIME: 45 | PHYSICAL TIME: 2025-03-05 03:27:28.50, MESSAGE QUEUE LENGTH: 0

2025-03-05 03:27:28,754 - INFO - EVENT: Internal Event | LOGICAL TIME: 46 | PHYSICAL TIME: 2025-03-05 03:27:28.75, MESSAGE QUEUE LENGTH: 0

2025-03-05 03:27:29,036 - INFO - EVENT: Receive Msg | SENDER: 3 | LOGICAL TIME: 47 | PHYSICAL TIME: 2025-03-05 03:27:28.00, MESSAGE QUEUE LENGTH: 1

2025-03-05 03:27:29,290 - INFO - EVENT: Send Msg | RECIPIENT: 1 and 3 | LOGICAL TIME: 48 | PHYSICAL TIME: 2025-03-05 03:27:29.29, MESSAGE QUEUE LENGTH: 0

2025-03-05 03:27:29,556 - INFO - EVENT: Internal Event | LOGICAL TIME: 49 | PHYSICAL TIME: 2025-03-05 03:27:29.55, MESSAGE QUEUE LENGTH: 0

2025-03-05 03:27:29,849 - INFO - EVENT: Internal Event | LOGICAL TIME: 50 | PHYSICAL TIME: 2025-03-05 03:27:29.84, MESSAGE QUEUE LENGTH: 0

2025-03-05 03:27:30,107 - INFO - EVENT: Internal Event | LOGICAL TIME: 51 | PHYSICAL TIME: 2025-03-05 03:27:30.10, MESSAGE QUEUE LENGTH: 0

2025-03-05 03:27:30,388 - INFO - EVENT: Send Msg | RECIPIENT: 3 | LOGICAL TIME: 52 | PHYSICAL TIME: 2025-03-05 03:27:30.38, MESSAGE QUEUE LENGTH: 0

2025-03-05 03:27:30,657 - INFO - EVENT: Receive Msg | SENDER: 3 | LOGICAL TIME: 54 | PHYSICAL TIME: 2025-03-05 03:27:30.00, MESSAGE QUEUE LENGTH: 1

2025-03-05 03:27:30,988 - INFO - EVENT: Internal Event | LOGICAL TIME: 55 | PHYSICAL TIME: 2025-03-05 03:27:30.98, MESSAGE QUEUE LENGTH: 0

2025-03-05 03:27:31,291 - INFO - EVENT: Receive Msg | SENDER: 3 | LOGICAL TIME: 57 | PHYSICAL TIME: 2025-03-05 03:27:30.00, MESSAGE QUEUE LENGTH: 2

2025-03-05 03:27:31,558 - INFO - EVENT: Receive Msg | SENDER: 3 | LOGICAL TIME: 58 | PHYSICAL TIME: 2025-03-05 03:27:31.00, MESSAGE QUEUE LENGTH: 1

2025-03-05 03:27:31,836 - INFO - EVENT: Send Msg | RECIPIENT: 1 | LOGICAL TIME: 59 | PHYSICAL TIME: 2025-03-05 03:27:31.83, MESSAGE QUEUE LENGTH: 0

2025-03-05 03:27:32,123 - INFO - EVENT: Receive Msg | SENDER: 3 | LOGICAL TIME: 62 | PHYSICAL TIME: 2025-03-05 03:27:31.00, MESSAGE QUEUE LENGTH: 1

2025-03-05 03:27:32,426 - INFO - EVENT: Internal Event | LOGICAL TIME: 63 | PHYSICAL TIME: 2025-03-05 03:27:32.42, MESSAGE QUEUE LENGTH: 0

2025-03-05 03:27:32,707 - INFO - EVENT: Send Msg | RECIPIENT: 1 | LOGICAL TIME: 64 | PHYSICAL TIME: 2025-03-05 03:27:32.70, MESSAGE QUEUE LENGTH: 0

2025-03-05 03:27:32,989 - INFO - EVENT: Send Msg | RECIPIENT: 1 | LOGICAL TIME: 65 | PHYSICAL TIME: 2025-03-05 03:27:32.98, MESSAGE QUEUE LENGTH: 0

2025-03-05 03:27:33,241 - INFO - EVENT: Internal Event | LOGICAL TIME: 66 | PHYSICAL TIME: 2025-03-05 03:27:33.24, MESSAGE QUEUE LENGTH: 0

2025-03-05 03:27:33,509 - INFO - EVENT: Receive Msg | SENDER: 3 | LOGICAL TIME: 69 | PHYSICAL TIME: 2025-03-05 03:27:33.00, MESSAGE QUEUE LENGTH: 1

2025-03-05 03:27:33,810 - INFO - EVENT: Send Msg | RECIPIENT: 1 | LOGICAL TIME: 70 | PHYSICAL TIME: 2025-03-05 03:27:33.81, MESSAGE QUEUE LENGTH: 0

2025-03-05 03:27:34,072 - INFO - EVENT: Internal Event | LOGICAL TIME: 71 | PHYSICAL TIME: 2025-03-05 03:27:34.07, MESSAGE QUEUE LENGTH: 0

2025-03-05 03:27:34,326 - INFO - EVENT: Send Msg | RECIPIENT: 1 and 3 | LOGICAL TIME: 72 | PHYSICAL TIME: 2025-03-05 03:27:34.32, MESSAGE QUEUE LENGTH: 0

2025-03-05 03:27:34,578 - INFO - EVENT: Internal Event | LOGICAL TIME: 73 | PHYSICAL TIME: 2025-03-05 03:27:34.57, MESSAGE QUEUE LENGTH: 0

2025-03-05 03:27:34,877 - INFO - EVENT: Send Msg | RECIPIENT: 1 and 3 | LOGICAL TIME: 74 | PHYSICAL TIME: 2025-03-05 03:27:34.87, MESSAGE QUEUE LENGTH: 0

2025-03-05 03:27:35,144 - INFO - EVENT: Internal Event | LOGICAL TIME: 75 | PHYSICAL TIME: 2025-03-05 03:27:35.14, MESSAGE QUEUE LENGTH: 0

2025-03-05 03:27:35,428 - INFO - EVENT: Internal Event | LOGICAL TIME: 76 | PHYSICAL TIME: 2025-03-05 03:27:35.42, MESSAGE QUEUE LENGTH: 0

2025-03-05 03:27:35,693 - INFO - EVENT: Internal Event | LOGICAL TIME: 77 | PHYSICAL TIME: 2025-03-05 03:27:35.69, MESSAGE QUEUE LENGTH: 0

2025-03-05 03:27:35,973 - INFO - EVENT: Receive Msg | SENDER: 3 | LOGICAL TIME: 81 | PHYSICAL TIME: 2025-03-05 03:27:35.00, MESSAGE QUEUE LENGTH: 1

2025-03-05 03:27:36,226 - INFO - EVENT: Send Msg | RECIPIENT: 1 | LOGICAL TIME: 82 | PHYSICAL TIME: 2025-03-05 03:27:36.22, MESSAGE QUEUE LENGTH: 0

2025-03-05 03:27:36,512 - INFO - EVENT: Send Msg | RECIPIENT: 3 | LOGICAL TIME: 83 | PHYSICAL TIME: 2025-03-05 03:27:36.51, MESSAGE QUEUE LENGTH: 0

2025-03-05 03:27:36,797 - INFO - EVENT: Receive Msg | SENDER: 3 | LOGICAL TIME: 85 | PHYSICAL TIME: 2025-03-05 03:27:36.00, MESSAGE QUEUE LENGTH: 1

2025-03-05 03:27:37,161 - INFO - EVENT: Receive Msg | SENDER: 3 | LOGICAL TIME: 87 | PHYSICAL TIME: 2025-03-05 03:27:36.00, MESSAGE QUEUE LENGTH: 1

2025-03-05 03:27:37,456 - INFO - EVENT: Receive Msg | SENDER: 3 | LOGICAL TIME: 88 | PHYSICAL TIME: 2025-03-05 03:27:37.00, MESSAGE QUEUE LENGTH: 1

2025-03-05 03:27:37,745 - INFO - EVENT: Receive Msg | SENDER: 3 | LOGICAL TIME: 90 | PHYSICAL TIME: 2025-03-05 03:27:37.00, MESSAGE QUEUE LENGTH: 1

2025-03-05 03:27:38,063 - INFO - EVENT: Internal Event | LOGICAL TIME: 91 | PHYSICAL TIME: 2025-03-05 03:27:38.06, MESSAGE QUEUE LENGTH: 0

2025-03-05 03:27:38,396 - INFO - EVENT: Send Msg | RECIPIENT: 1 | LOGICAL TIME: 92 | PHYSICAL TIME: 2025-03-05 03:27:38.39, MESSAGE QUEUE LENGTH: 0

2025-03-05 03:27:38,679 - INFO - EVENT: Internal Event | LOGICAL TIME: 93 | PHYSICAL TIME: 2025-03-05 03:27:38.67, MESSAGE QUEUE LENGTH: 0

2025-03-05 03:27:38,961 - INFO - EVENT: Receive Msg | SENDER: 3 | LOGICAL TIME: 95 | PHYSICAL TIME: 2025-03-05 03:27:38.00, MESSAGE QUEUE LENGTH: 2

2025-03-05 03:27:39,277 - INFO - EVENT: Receive Msg | SENDER: 3 | LOGICAL TIME: 96 | PHYSICAL TIME: 2025-03-05 03:27:38.00, MESSAGE QUEUE LENGTH: 2

2025-03-05 03:27:39,562 - INFO - EVENT: Receive Msg | SENDER: 3 | LOGICAL TIME: 97 | PHYSICAL TIME: 2025-03-05 03:27:38.00, MESSAGE QUEUE LENGTH: 1

2025-03-05 03:27:39,814 - INFO - EVENT: Internal Event | LOGICAL TIME: 98 | PHYSICAL TIME: 2025-03-05 03:27:39.81, MESSAGE QUEUE LENGTH: 0

2025-03-05 03:27:40,131 - INFO - EVENT: Internal Event | LOGICAL TIME: 99 | PHYSICAL TIME: 2025-03-05 03:27:40.13, MESSAGE QUEUE LENGTH: 0

2025-03-05 03:27:40,398 - INFO - EVENT: Internal Event | LOGICAL TIME: 100 | PHYSICAL TIME: 2025-03-05 03:27:40.39, MESSAGE QUEUE LENGTH: 0

2025-03-05 03:27:40,695 - INFO - EVENT: Internal Event | LOGICAL TIME: 101 | PHYSICAL TIME: 2025-03-05 03:27:40.69, MESSAGE QUEUE LENGTH: 0

2025-03-05 03:27:40,948 - INFO - EVENT: Receive Msg | SENDER: 3 | LOGICAL TIME: 105 | PHYSICAL TIME: 2025-03-05 03:27:40.00, MESSAGE QUEUE LENGTH: 1

2025-03-05 03:27:41,215 - INFO - EVENT: Send Msg | RECIPIENT: 3 | LOGICAL TIME: 106 | PHYSICAL TIME: 2025-03-05 03:27:41.21, MESSAGE QUEUE LENGTH: 0

2025-03-05 03:27:41,513 - INFO - EVENT: Send Msg | RECIPIENT: 1 | LOGICAL TIME: 107 | PHYSICAL TIME: 2025-03-05 03:27:41.51, MESSAGE QUEUE LENGTH: 0

2025-03-05 03:27:41,766 - INFO - EVENT: Internal Event | LOGICAL TIME: 108 | PHYSICAL TIME: 2025-03-05 03:27:41.76, MESSAGE QUEUE LENGTH: 0

2025-03-05 03:27:42,098 - INFO - EVENT: Send Msg | RECIPIENT: 3 | LOGICAL TIME: 109 | PHYSICAL TIME: 2025-03-05 03:27:42.09, MESSAGE QUEUE LENGTH: 0

2025-03-05 03:27:42,549 - INFO - EVENT: Internal Event | LOGICAL TIME: 110 | PHYSICAL TIME: 2025-03-05 03:27:42.54, MESSAGE QUEUE LENGTH: 0

2025-03-05 03:27:42,814 - INFO - EVENT: Receive Msg | SENDER: 3 | LOGICAL TIME: 114 | PHYSICAL TIME: 2025-03-05 03:27:42.00, MESSAGE QUEUE LENGTH: 1

2025-03-05 03:27:43,147 - INFO - EVENT: Internal Event | LOGICAL TIME: 115 | PHYSICAL TIME: 2025-03-05 03:27:43.14, MESSAGE QUEUE LENGTH: 0

2025-03-05 03:27:43,398 - INFO - EVENT: Send Msg | RECIPIENT: 3 | LOGICAL TIME: 116 | PHYSICAL TIME: 2025-03-05 03:27:43.39, MESSAGE QUEUE LENGTH: 0

2025-03-05 03:27:43,715 - INFO - EVENT: Send Msg | RECIPIENT: 3 | LOGICAL TIME: 117 | PHYSICAL TIME: 2025-03-05 03:27:43.71, MESSAGE QUEUE LENGTH: 0

2025-03-05 03:27:44,033 - INFO - EVENT: Receive Msg | SENDER: 3 | LOGICAL TIME: 120 | PHYSICAL TIME: 2025-03-05 03:27:43.00, MESSAGE QUEUE LENGTH: 1

2025-03-05 03:27:44,352 - INFO - EVENT: Receive Msg | SENDER: 3 | LOGICAL TIME: 122 | PHYSICAL TIME: 2025-03-05 03:27:44.00, MESSAGE QUEUE LENGTH: 1

2025-03-05 03:27:44,631 - INFO - EVENT: Receive Msg | SENDER: 3 | LOGICAL TIME: 123 | PHYSICAL TIME: 2025-03-05 03:27:44.00, MESSAGE QUEUE LENGTH: 1

2025-03-05 03:27:44,885 - INFO - EVENT: Receive Msg | SENDER: 3 | LOGICAL TIME: 124 | PHYSICAL TIME: 2025-03-05 03:27:44.00, MESSAGE QUEUE LENGTH: 1

2025-03-05 03:27:45,252 - INFO - EVENT: Internal Event | LOGICAL TIME: 125 | PHYSICAL TIME: 2025-03-05 03:27:45.25, MESSAGE QUEUE LENGTH: 0

2025-03-05 03:27:45,569 - INFO - EVENT: Send Msg | RECIPIENT: 1 and 3 | LOGICAL TIME: 126 | PHYSICAL TIME: 2025-03-05 03:27:45.56, MESSAGE QUEUE LENGTH: 0

2025-03-05 03:27:45,833 - INFO - EVENT: Receive Msg | SENDER: 3 | LOGICAL TIME: 129 | PHYSICAL TIME: 2025-03-05 03:27:45.00, MESSAGE QUEUE LENGTH: 1

2025-03-05 03:27:46,180 - INFO - EVENT: Internal Event | LOGICAL TIME: 130 | PHYSICAL TIME: 2025-03-05 03:27:46.18, MESSAGE QUEUE LENGTH: 0

2025-03-05 03:27:46,436 - INFO - EVENT: Internal Event | LOGICAL TIME: 131 | PHYSICAL TIME: 2025-03-05 03:27:46.43, MESSAGE QUEUE LENGTH: 0

2025-03-05 03:27:46,687 - INFO - EVENT: Internal Event | LOGICAL TIME: 132 | PHYSICAL TIME: 2025-03-05 03:27:46.68, MESSAGE QUEUE LENGTH: 0

2025-03-05 03:27:46,986 - INFO - EVENT: Receive Msg | SENDER: 3 | LOGICAL TIME: 134 | PHYSICAL TIME: 2025-03-05 03:27:46.00, MESSAGE QUEUE LENGTH: 2

2025-03-05 03:27:47,303 - INFO - EVENT: Receive Msg | SENDER: 3 | LOGICAL TIME: 135 | PHYSICAL TIME: 2025-03-05 03:27:46.00, MESSAGE QUEUE LENGTH: 1

2025-03-05 03:27:47,571 - INFO - EVENT: Receive Msg | SENDER: 3 | LOGICAL TIME: 136 | PHYSICAL TIME: 2025-03-05 03:27:46.00, MESSAGE QUEUE LENGTH: 1

2025-03-05 03:27:47,853 - INFO - EVENT: Send Msg | RECIPIENT: 1 | LOGICAL TIME: 137 | PHYSICAL TIME: 2025-03-05 03:27:47.85, MESSAGE QUEUE LENGTH: 0

2025-03-05 03:27:48,152 - INFO - EVENT: Internal Event | LOGICAL TIME: 138 | PHYSICAL TIME: 2025-03-05 03:27:48.15, MESSAGE QUEUE LENGTH: 0

2025-03-05 03:27:48,537 - INFO - EVENT: Receive Msg | SENDER: 3 | LOGICAL TIME: 144 | PHYSICAL TIME: 2025-03-05 03:27:48.00, MESSAGE QUEUE LENGTH: 1

2025-03-05 03:27:48,834 - INFO - EVENT: Send Msg | RECIPIENT: 3 | LOGICAL TIME: 145 | PHYSICAL TIME: 2025-03-05 03:27:48.83, MESSAGE QUEUE LENGTH: 0

2025-03-05 03:27:49,088 - INFO - EVENT: Internal Event | LOGICAL TIME: 146 | PHYSICAL TIME: 2025-03-05 03:27:49.08, MESSAGE QUEUE LENGTH: 0

2025-03-05 03:27:49,339 - INFO - EVENT: Internal Event | LOGICAL TIME: 147 | PHYSICAL TIME: 2025-03-05 03:27:49.33, MESSAGE QUEUE LENGTH: 0

2025-03-05 03:27:49,604 - INFO - EVENT: Internal Event | LOGICAL TIME: 148 | PHYSICAL TIME: 2025-03-05 03:27:49.60, MESSAGE QUEUE LENGTH: 0

2025-03-05 03:27:50,005 - INFO - EVENT: Receive Msg | SENDER: 3 | LOGICAL TIME: 150 | PHYSICAL TIME: 2025-03-05 03:27:49.00, MESSAGE QUEUE LENGTH: 1

2025-03-05 03:27:50,292 - INFO - EVENT: Internal Event | LOGICAL TIME: 151 | PHYSICAL TIME: 2025-03-05 03:27:50.29, MESSAGE QUEUE LENGTH: 0

2025-03-05 03:27:50,573 - INFO - EVENT: Send Msg | RECIPIENT: 1 | LOGICAL TIME: 152 | PHYSICAL TIME: 2025-03-05 03:27:50.57, MESSAGE QUEUE LENGTH: 0

2025-03-05 03:27:50,873 - INFO - EVENT: Receive Msg | SENDER: 3 | LOGICAL TIME: 154 | PHYSICAL TIME: 2025-03-05 03:27:50.00, MESSAGE QUEUE LENGTH: 1

2025-03-05 03:27:51,148 - INFO - EVENT: Internal Event | LOGICAL TIME: 155 | PHYSICAL TIME: 2025-03-05 03:27:51.14, MESSAGE QUEUE LENGTH: 0

2025-03-05 03:27:51,407 - INFO - EVENT: Send Msg | RECIPIENT: 3 | LOGICAL TIME: 156 | PHYSICAL TIME: 2025-03-05 03:27:51.40, MESSAGE QUEUE LENGTH: 0

2025-03-05 03:27:51,675 - INFO - EVENT: Receive Msg | SENDER: 3 | LOGICAL TIME: 159 | PHYSICAL TIME: 2025-03-05 03:27:51.00, MESSAGE QUEUE LENGTH: 1

2025-03-05 03:27:51,952 - INFO - EVENT: Internal Event | LOGICAL TIME: 160 | PHYSICAL TIME: 2025-03-05 03:27:51.95, MESSAGE QUEUE LENGTH: 0

2025-03-05 03:27:52,208 - INFO - EVENT: Send Msg | RECIPIENT: 3 | LOGICAL TIME: 161 | PHYSICAL TIME: 2025-03-05 03:27:52.20, MESSAGE QUEUE LENGTH: 0

2025-03-05 03:27:52,485 - INFO - EVENT: Internal Event | LOGICAL TIME: 162 | PHYSICAL TIME: 2025-03-05 03:27:52.48, MESSAGE QUEUE LENGTH: 0

2025-03-05 03:27:52,742 - INFO - EVENT: Send Msg | RECIPIENT: 3 | LOGICAL TIME: 163 | PHYSICAL TIME: 2025-03-05 03:27:52.74, MESSAGE QUEUE LENGTH: 0

2025-03-05 03:27:53,010 - INFO - EVENT: Send Msg | RECIPIENT: 1 | LOGICAL TIME: 164 | PHYSICAL TIME: 2025-03-05 03:27:53.01, MESSAGE QUEUE LENGTH: 0

2025-03-05 03:27:53,290 - INFO - EVENT: Send Msg | RECIPIENT: 1 and 3 | LOGICAL TIME: 165 | PHYSICAL TIME: 2025-03-05 03:27:53.29, MESSAGE QUEUE LENGTH: 0

2025-03-05 03:27:53,543 - INFO - EVENT: Internal Event | LOGICAL TIME: 166 | PHYSICAL TIME: 2025-03-05 03:27:53.54, MESSAGE QUEUE LENGTH: 0

2025-03-05 03:27:53,809 - INFO - EVENT: Send Msg | RECIPIENT: 3 | LOGICAL TIME: 167 | PHYSICAL TIME: 2025-03-05 03:27:53.80, MESSAGE QUEUE LENGTH: 0

2025-03-05 03:27:54,125 - INFO - EVENT: Send Msg | RECIPIENT: 1 and 3 | LOGICAL TIME: 168 | PHYSICAL TIME: 2025-03-05 03:27:54.12, MESSAGE QUEUE LENGTH: 0

2025-03-05 03:27:54,409 - INFO - EVENT: Internal Event | LOGICAL TIME: 169 | PHYSICAL TIME: 2025-03-05 03:27:54.40, MESSAGE QUEUE LENGTH: 0

2025-03-05 03:27:54,690 - INFO - EVENT: Receive Msg | SENDER: 3 | LOGICAL TIME: 175 | PHYSICAL TIME: 2025-03-05 03:27:54.00, MESSAGE QUEUE LENGTH: 1

2025-03-05 03:27:54,942 - INFO - EVENT: Send Msg | RECIPIENT: 3 | LOGICAL TIME: 176 | PHYSICAL TIME: 2025-03-05 03:27:54.94, MESSAGE QUEUE LENGTH: 0

2025-03-05 03:27:55,224 - INFO - EVENT: Receive Msg | SENDER: 3 | LOGICAL TIME: 177 | PHYSICAL TIME: 2025-03-05 03:27:54.00, MESSAGE QUEUE LENGTH: 1

2025-03-05 03:27:55,508 - INFO - EVENT: Internal Event | LOGICAL TIME: 178 | PHYSICAL TIME: 2025-03-05 03:27:55.50, MESSAGE QUEUE LENGTH: 0

2025-03-05 03:27:55,762 - INFO - EVENT: Internal Event | LOGICAL TIME: 179 | PHYSICAL TIME: 2025-03-05 03:27:55.76, MESSAGE QUEUE LENGTH: 0

2025-03-05 03:27:56,058 - INFO - EVENT: Receive Msg | SENDER: 3 | LOGICAL TIME: 180 | PHYSICAL TIME: 2025-03-05 03:27:55.00, MESSAGE QUEUE LENGTH: 1

2025-03-05 03:27:56,327 - INFO - EVENT: Send Msg | RECIPIENT: 3 | LOGICAL TIME: 181 | PHYSICAL TIME: 2025-03-05 03:27:56.32, MESSAGE QUEUE LENGTH: 0

2025-03-05 03:27:56,624 - INFO - EVENT: Send Msg | RECIPIENT: 3 | LOGICAL TIME: 182 | PHYSICAL TIME: 2025-03-05 03:27:56.62, MESSAGE QUEUE LENGTH: 0

2025-03-05 03:27:56,962 - INFO - EVENT: Internal Event | LOGICAL TIME: 183 | PHYSICAL TIME: 2025-03-05 03:27:56.96, MESSAGE QUEUE LENGTH: 0

2025-03-05 03:27:57,276 - INFO - EVENT: Internal Event | LOGICAL TIME: 184 | PHYSICAL TIME: 2025-03-05 03:27:57.27, MESSAGE QUEUE LENGTH: 0

2025-03-05 03:27:57,661 - INFO - EVENT: Receive Msg | SENDER: 3 | LOGICAL TIME: 189 | PHYSICAL TIME: 2025-03-05 03:27:57.00, MESSAGE QUEUE LENGTH: 1

2025-03-05 03:27:57,914 - INFO - EVENT: Internal Event | LOGICAL TIME: 190 | PHYSICAL TIME: 2025-03-05 03:27:57.91, MESSAGE QUEUE LENGTH: 0

2025-03-05 03:27:58,263 - INFO - EVENT: Receive Msg | SENDER: 3 | LOGICAL TIME: 191 | PHYSICAL TIME: 2025-03-05 03:27:57.00, MESSAGE QUEUE LENGTH: 1

2025-03-05 03:27:58,524 - INFO - EVENT: Receive Msg | SENDER: 3 | LOGICAL TIME: 192 | PHYSICAL TIME: 2025-03-05 03:27:58.00, MESSAGE QUEUE LENGTH: 1

2025-03-05 03:27:58,797 - INFO - EVENT: Receive Msg | SENDER: 3 | LOGICAL TIME: 195 | PHYSICAL TIME: 2025-03-05 03:27:58.00, MESSAGE QUEUE LENGTH: 1

2025-03-05 03:27:59,065 - INFO - EVENT: Internal Event | LOGICAL TIME: 196 | PHYSICAL TIME: 2025-03-05 03:27:59.06, MESSAGE QUEUE LENGTH: 0

2025-03-05 03:27:59,381 - INFO - EVENT: Send Msg | RECIPIENT: 1 and 3 | LOGICAL TIME: 197 | PHYSICAL TIME: 2025-03-05 03:27:59.38, MESSAGE QUEUE LENGTH: 0

2025-03-05 03:27:59,660 - INFO - EVENT: Receive Msg | SENDER: 3 | LOGICAL TIME: 198 | PHYSICAL TIME: 2025-03-05 03:27:59.00, MESSAGE QUEUE LENGTH: 2

2025-03-05 03:27:59,913 - INFO - EVENT: Receive Msg | SENDER: 3 | LOGICAL TIME: 199 | PHYSICAL TIME: 2025-03-05 03:27:59.00, MESSAGE QUEUE LENGTH: 1

2025-03-05 03:28:00,207 - INFO - EVENT: Receive Msg | SENDER: 3 | LOGICAL TIME: 202 | PHYSICAL TIME: 2025-03-05 03:28:00.00, MESSAGE QUEUE LENGTH: 1

2025-03-05 03:28:00,463 - INFO - EVENT: Internal Event | LOGICAL TIME: 203 | PHYSICAL TIME: 2025-03-05 03:28:00.46, MESSAGE QUEUE LENGTH: 0

2025-03-05 03:28:00,732 - INFO - EVENT: Receive Msg | SENDER: 3 | LOGICAL TIME: 204 | PHYSICAL TIME: 2025-03-05 03:28:00.00, MESSAGE QUEUE LENGTH: 1

2025-03-05 03:28:00,998 - INFO - EVENT: Internal Event | LOGICAL TIME: 205 | PHYSICAL TIME: 2025-03-05 03:28:00.99, MESSAGE QUEUE LENGTH: 0

2025-03-05 03:28:01,253 - INFO - EVENT: Internal Event | LOGICAL TIME: 206 | PHYSICAL TIME: 2025-03-05 03:28:01.25, MESSAGE QUEUE LENGTH: 0

2025-03-05 03:28:01,511 - INFO - EVENT: Receive Msg | SENDER: 3 | LOGICAL TIME: 208 | PHYSICAL TIME: 2025-03-05 03:28:01.00, MESSAGE QUEUE LENGTH: 1

2025-03-05 03:28:01,764 - INFO - EVENT: Send Msg | RECIPIENT: 1 | LOGICAL TIME: 209 | PHYSICAL TIME: 2025-03-05 03:28:01.76, MESSAGE QUEUE LENGTH: 0

2025-03-05 03:28:02,067 - INFO - EVENT: Send Msg | RECIPIENT: 3 | LOGICAL TIME: 210 | PHYSICAL TIME: 2025-03-05 03:28:02.06, MESSAGE QUEUE LENGTH: 0

2025-03-05 03:28:02,358 - INFO - EVENT: Receive Msg | SENDER: 3 | LOGICAL TIME: 212 | PHYSICAL TIME: 2025-03-05 03:28:02.00, MESSAGE QUEUE LENGTH: 1

2025-03-05 03:28:02,733 - INFO - EVENT: Send Msg | RECIPIENT: 1 | LOGICAL TIME: 213 | PHYSICAL TIME: 2025-03-05 03:28:02.73, MESSAGE QUEUE LENGTH: 0

2025-03-05 03:28:02,998 - INFO - EVENT: Internal Event | LOGICAL TIME: 214 | PHYSICAL TIME: 2025-03-05 03:28:02.99, MESSAGE QUEUE LENGTH: 0

2025-03-05 03:28:03,264 - INFO - EVENT: Internal Event | LOGICAL TIME: 215 | PHYSICAL TIME: 2025-03-05 03:28:03.26, MESSAGE QUEUE LENGTH: 0

2025-03-05 03:28:03,518 - INFO - EVENT: Internal Event | LOGICAL TIME: 216 | PHYSICAL TIME: 2025-03-05 03:28:03.51, MESSAGE QUEUE LENGTH: 0

2025-03-05 03:28:03,781 - INFO - EVENT: Send Msg | RECIPIENT: 1 and 3 | LOGICAL TIME: 217 | PHYSICAL TIME: 2025-03-05 03:28:03.78, MESSAGE QUEUE LENGTH: 0

2025-03-05 03:28:04,035 - INFO - EVENT: Internal Event | LOGICAL TIME: 218 | PHYSICAL TIME: 2025-03-05 03:28:04.03, MESSAGE QUEUE LENGTH: 0

2025-03-05 03:28:04,296 - INFO - EVENT: Internal Event | LOGICAL TIME: 219 | PHYSICAL TIME: 2025-03-05 03:28:04.29, MESSAGE QUEUE LENGTH: 0

2025-03-05 03:28:04,618 - INFO - EVENT: Internal Event | LOGICAL TIME: 220 | PHYSICAL TIME: 2025-03-05 03:28:04.61, MESSAGE QUEUE LENGTH: 0

2025-03-05 03:28:04,879 - INFO - EVENT: Send Msg | RECIPIENT: 3 | LOGICAL TIME: 221 | PHYSICAL TIME: 2025-03-05 03:28:04.87, MESSAGE QUEUE LENGTH: 0

2025-03-05 03:28:05,202 - INFO - EVENT: Internal Event | LOGICAL TIME: 222 | PHYSICAL TIME: 2025-03-05 03:28:05.20, MESSAGE QUEUE LENGTH: 0

2025-03-05 03:28:05,461 - INFO - EVENT: Send Msg | RECIPIENT: 1 and 3 | LOGICAL TIME: 223 | PHYSICAL TIME: 2025-03-05 03:28:05.46, MESSAGE QUEUE LENGTH: 0

2025-03-05 03:28:05,717 - INFO - EVENT: Send Msg | RECIPIENT: 1 | LOGICAL TIME: 224 | PHYSICAL TIME: 2025-03-05 03:28:05.71, MESSAGE QUEUE LENGTH: 0

2025-03-05 03:28:06,000 - INFO - EVENT: Send Msg | RECIPIENT: 1 and 3 | LOGICAL TIME: 225 | PHYSICAL TIME: 2025-03-05 03:28:06.00, MESSAGE QUEUE LENGTH: 0

2025-03-05 03:28:06,265 - INFO - EVENT: Internal Event | LOGICAL TIME: 226 | PHYSICAL TIME: 2025-03-05 03:28:06.26, MESSAGE QUEUE LENGTH: 0

2025-03-05 03:28:06,553 - INFO - EVENT: Internal Event | LOGICAL TIME: 227 | PHYSICAL TIME: 2025-03-05 03:28:06.55, MESSAGE QUEUE LENGTH: 0

2025-03-05 03:28:06,870 - INFO - EVENT: Internal Event | LOGICAL TIME: 228 | PHYSICAL TIME: 2025-03-05 03:28:06.87, MESSAGE QUEUE LENGTH: 0

2025-03-05 03:28:07,169 - INFO - EVENT: Receive Msg | SENDER: 3 | LOGICAL TIME: 235 | PHYSICAL TIME: 2025-03-05 03:28:06.00, MESSAGE QUEUE LENGTH: 1

2025-03-05 03:28:07,421 - INFO - EVENT: Receive Msg | SENDER: 3 | LOGICAL TIME: 236 | PHYSICAL TIME: 2025-03-05 03:28:07.00, MESSAGE QUEUE LENGTH: 1

2025-03-05 03:28:07,688 - INFO - EVENT: Send Msg | RECIPIENT: 1 and 3 | LOGICAL TIME: 237 | PHYSICAL TIME: 2025-03-05 03:28:07.68, MESSAGE QUEUE LENGTH: 0

2025-03-05 03:28:07,939 - INFO - EVENT: Receive Msg | SENDER: 3 | LOGICAL TIME: 239 | PHYSICAL TIME: 2025-03-05 03:28:07.00, MESSAGE QUEUE LENGTH: 1

2025-03-05 03:28:08,216 - INFO - EVENT: Send Msg | RECIPIENT: 3 | LOGICAL TIME: 240 | PHYSICAL TIME: 2025-03-05 03:28:08.21, MESSAGE QUEUE LENGTH: 0

2025-03-05 03:28:08,483 - INFO - EVENT: Receive Msg | SENDER: 3 | LOGICAL TIME: 242 | PHYSICAL TIME: 2025-03-05 03:28:08.00, MESSAGE QUEUE LENGTH: 1

2025-03-05 03:28:08,788 - INFO - EVENT: Internal Event | LOGICAL TIME: 243 | PHYSICAL TIME: 2025-03-05 03:28:08.78, MESSAGE QUEUE LENGTH: 0

2025-03-05 03:28:09,103 - INFO - EVENT: Receive Msg | SENDER: 3 | LOGICAL TIME: 244 | PHYSICAL TIME: 2025-03-05 03:28:08.00, MESSAGE QUEUE LENGTH: 1

2025-03-05 03:28:09,355 - INFO - EVENT: Receive Msg | SENDER: 3 | LOGICAL TIME: 245 | PHYSICAL TIME: 2025-03-05 03:28:08.00, MESSAGE QUEUE LENGTH: 1

2025-03-05 03:28:09,619 - INFO - EVENT: Receive Msg | SENDER: 3 | LOGICAL TIME: 246 | PHYSICAL TIME: 2025-03-05 03:28:09.00, MESSAGE QUEUE LENGTH: 1

2025-03-05 03:28:09,890 - INFO - EVENT: Receive Msg | SENDER: 3 | LOGICAL TIME: 247 | PHYSICAL TIME: 2025-03-05 03:28:09.00, MESSAGE QUEUE LENGTH: 1

2025-03-05 03:28:10,336 - INFO - EVENT: Receive Msg | SENDER: 3 | LOGICAL TIME: 248 | PHYSICAL TIME: 2025-03-05 03:28:09.00, MESSAGE QUEUE LENGTH: 1

2025-03-05 03:28:10,607 - INFO - EVENT: Receive Msg | SENDER: 3 | LOGICAL TIME: 249 | PHYSICAL TIME: 2025-03-05 03:28:09.00, MESSAGE QUEUE LENGTH: 1

2025-03-05 03:28:10,871 - INFO - EVENT: Internal Event | LOGICAL TIME: 250 | PHYSICAL TIME: 2025-03-05 03:28:10.87, MESSAGE QUEUE LENGTH: 0

2025-03-05 03:28:11,354 - INFO - EVENT: Receive Msg | SENDER: 3 | LOGICAL TIME: 255 | PHYSICAL TIME: 2025-03-05 03:28:11.00, MESSAGE QUEUE LENGTH: 1

2025-03-05 03:28:11,609 - INFO - EVENT: Send Msg | RECIPIENT: 1 | LOGICAL TIME: 256 | PHYSICAL TIME: 2025-03-05 03:28:11.60, MESSAGE QUEUE LENGTH: 0

2025-03-05 03:28:11,891 - INFO - EVENT: Receive Msg | SENDER: 3 | LOGICAL TIME: 258 | PHYSICAL TIME: 2025-03-05 03:28:11.00, MESSAGE QUEUE LENGTH: 1

2025-03-05 03:28:12,237 - INFO - EVENT: Receive Msg | SENDER: 3 | LOGICAL TIME: 259 | PHYSICAL TIME: 2025-03-05 03:28:11.00, MESSAGE QUEUE LENGTH: 1

2025-03-05 03:28:12,509 - INFO - EVENT: Receive Msg | SENDER: 3 | LOGICAL TIME: 260 | PHYSICAL TIME: 2025-03-05 03:28:12.00, MESSAGE QUEUE LENGTH: 1

2025-03-05 03:28:12,792 - INFO - EVENT: Internal Event | LOGICAL TIME: 261 | PHYSICAL TIME: 2025-03-05 03:28:12.79, MESSAGE QUEUE LENGTH: 0

2025-03-05 03:28:13,072 - INFO - EVENT: Internal Event | LOGICAL TIME: 262 | PHYSICAL TIME: 2025-03-05 03:28:13.07, MESSAGE QUEUE LENGTH: 0

2025-03-05 03:28:13,376 - INFO - EVENT: Send Msg | RECIPIENT: 1 and 3 | LOGICAL TIME: 263 | PHYSICAL TIME: 2025-03-05 03:28:13.37, MESSAGE QUEUE LENGTH: 0

2025-03-05 03:28:13,640 - INFO - EVENT: Internal Event | LOGICAL TIME: 264 | PHYSICAL TIME: 2025-03-05 03:28:13.64, MESSAGE QUEUE LENGTH: 0

2025-03-05 03:28:14,089 - INFO - EVENT: Receive Msg | SENDER: 3 | LOGICAL TIME: 269 | PHYSICAL TIME: 2025-03-05 03:28:13.00, MESSAGE QUEUE LENGTH: 1

2025-03-05 03:28:14,358 - INFO - EVENT: Send Msg | RECIPIENT: 3 | LOGICAL TIME: 270 | PHYSICAL TIME: 2025-03-05 03:28:14.35, MESSAGE QUEUE LENGTH: 0

2025-03-05 03:28:14,634 - INFO - EVENT: Internal Event | LOGICAL TIME: 271 | PHYSICAL TIME: 2025-03-05 03:28:14.63, MESSAGE QUEUE LENGTH: 0

2025-03-05 03:28:15,058 - INFO - EVENT: Receive Msg | SENDER: 3 | LOGICAL TIME: 273 | PHYSICAL TIME: 2025-03-05 03:28:14.00, MESSAGE QUEUE LENGTH: 1

2025-03-05 03:28:15,342 - INFO - EVENT: Internal Event | LOGICAL TIME: 274 | PHYSICAL TIME: 2025-03-05 03:28:15.34, MESSAGE QUEUE LENGTH: 0

2025-03-05 03:28:15,661 - INFO - EVENT: Send Msg | RECIPIENT: 1 | LOGICAL TIME: 275 | PHYSICAL TIME: 2025-03-05 03:28:15.66, MESSAGE QUEUE LENGTH: 0

2025-03-05 03:28:15,928 - INFO - EVENT: Internal Event | LOGICAL TIME: 276 | PHYSICAL TIME: 2025-03-05 03:28:15.92, MESSAGE QUEUE LENGTH: 0

2025-03-05 03:28:16,251 - INFO - EVENT: Receive Msg | SENDER: 3 | LOGICAL TIME: 280 | PHYSICAL TIME: 2025-03-05 03:28:16.00, MESSAGE QUEUE LENGTH: 1

2025-03-05 03:28:16,512 - INFO - EVENT: Send Msg | RECIPIENT: 1 | LOGICAL TIME: 281 | PHYSICAL TIME: 2025-03-05 03:28:16.51, MESSAGE QUEUE LENGTH: 0

2025-03-05 03:28:16,830 - INFO - EVENT: Receive Msg | SENDER: 3 | LOGICAL TIME: 282 | PHYSICAL TIME: 2025-03-05 03:28:16.00, MESSAGE QUEUE LENGTH: 1

2025-03-05 03:28:17,096 - INFO - EVENT: Send Msg | RECIPIENT: 1 and 3 | LOGICAL TIME: 283 | PHYSICAL TIME: 2025-03-05 03:28:17.09, MESSAGE QUEUE LENGTH: 0

2025-03-05 03:28:17,379 - INFO - EVENT: Receive Msg | SENDER: 3 | LOGICAL TIME: 285 | PHYSICAL TIME: 2025-03-05 03:28:17.00, MESSAGE QUEUE LENGTH: 1

2025-03-05 03:28:17,643 - INFO - EVENT: Send Msg | RECIPIENT: 1 and 3 | LOGICAL TIME: 286 | PHYSICAL TIME: 2025-03-05 03:28:17.64, MESSAGE QUEUE LENGTH: 0

2025-03-05 03:28:17,895 - INFO - EVENT: Internal Event | LOGICAL TIME: 287 | PHYSICAL TIME: 2025-03-05 03:28:17.89, MESSAGE QUEUE LENGTH: 0

2025-03-05 03:28:18,146 - INFO - EVENT: Receive Msg | SENDER: 3 | LOGICAL TIME: 289 | PHYSICAL TIME: 2025-03-05 03:28:18.00, MESSAGE QUEUE LENGTH: 1

2025-03-05 03:28:18,430 - INFO - EVENT: Send Msg | RECIPIENT: 1 and 3 | LOGICAL TIME: 290 | PHYSICAL TIME: 2025-03-05 03:28:18.43, MESSAGE QUEUE LENGTH: 0

2025-03-05 03:28:18,680 - INFO - EVENT: Internal Event | LOGICAL TIME: 291 | PHYSICAL TIME: 2025-03-05 03:28:18.68, MESSAGE QUEUE LENGTH: 0

2025-03-05 03:28:18,931 - INFO - EVENT: Internal Event | LOGICAL TIME: 292 | PHYSICAL TIME: 2025-03-05 03:28:18.93, MESSAGE QUEUE LENGTH: 0

2025-03-05 03:28:19,196 - INFO - EVENT: Internal Event | LOGICAL TIME: 293 | PHYSICAL TIME: 2025-03-05 03:28:19.19, MESSAGE QUEUE LENGTH: 0

2025-03-05 03:28:19,479 - INFO - EVENT: Send Msg | RECIPIENT: 1 | LOGICAL TIME: 294 | PHYSICAL TIME: 2025-03-05 03:28:19.47, MESSAGE QUEUE LENGTH: 0

2025-03-05 03:28:19,810 - INFO - EVENT: Send Msg | RECIPIENT: 1 | LOGICAL TIME: 295 | PHYSICAL TIME: 2025-03-05 03:28:19.81, MESSAGE QUEUE LENGTH: 0

2025-03-05 03:28:20,061 - INFO - EVENT: Receive Msg | SENDER: 3 | LOGICAL TIME: 297 | PHYSICAL TIME: 2025-03-05 03:28:19.00, MESSAGE QUEUE LENGTH: 1

2025-03-05 03:28:20,312 - INFO - EVENT: Internal Event | LOGICAL TIME: 298 | PHYSICAL TIME: 2025-03-05 03:28:20.31, MESSAGE QUEUE LENGTH: 0

2025-03-05 03:28:20,582 - INFO - EVENT: Send Msg | RECIPIENT: 1 | LOGICAL TIME: 299 | PHYSICAL TIME: 2025-03-05 03:28:20.58, MESSAGE QUEUE LENGTH: 0

2025-03-05 03:28:20,833 - INFO - EVENT: Send Msg | RECIPIENT: 1 | LOGICAL TIME: 300 | PHYSICAL TIME: 2025-03-05 03:28:20.83, MESSAGE QUEUE LENGTH: 0

2025-03-05 03:28:21,116 - INFO - EVENT: Internal Event | LOGICAL TIME: 301 | PHYSICAL TIME: 2025-03-05 03:28:21.11, MESSAGE QUEUE LENGTH: 0

2025-03-05 03:28:21,398 - INFO - EVENT: Send Msg | RECIPIENT: 1 and 3 | LOGICAL TIME: 302 | PHYSICAL TIME: 2025-03-05 03:28:21.39, MESSAGE QUEUE LENGTH: 0

2025-03-05 03:28:21,665 - INFO - EVENT: Internal Event | LOGICAL TIME: 303 | PHYSICAL TIME: 2025-03-05 03:28:21.66, MESSAGE QUEUE LENGTH: 0

2025-03-05 03:28:21,963 - INFO - EVENT: Internal Event | LOGICAL TIME: 304 | PHYSICAL TIME: 2025-03-05 03:28:21.96, MESSAGE QUEUE LENGTH: 0

2025-03-05 03:28:22,217 - INFO - EVENT: Send Msg | RECIPIENT: 3 | LOGICAL TIME: 305 | PHYSICAL TIME: 2025-03-05 03:28:22.21, MESSAGE QUEUE LENGTH: 0

2025-03-05 03:28:22,483 - INFO - EVENT: Internal Event | LOGICAL TIME: 306 | PHYSICAL TIME: 2025-03-05 03:28:22.48, MESSAGE QUEUE LENGTH: 0

2025-03-05 03:28:22,782 - INFO - EVENT: Send Msg | RECIPIENT: 1 | LOGICAL TIME: 307 | PHYSICAL TIME: 2025-03-05 03:28:22.78, MESSAGE QUEUE LENGTH: 0

2025-03-05 03:28:23,061 - INFO - EVENT: Receive Msg | SENDER: 3 | LOGICAL TIME: 312 | PHYSICAL TIME: 2025-03-05 03:28:22.00, MESSAGE QUEUE LENGTH: 1

2025-03-05 03:28:23,348 - INFO - EVENT: Internal Event | LOGICAL TIME: 313 | PHYSICAL TIME: 2025-03-05 03:28:23.34, MESSAGE QUEUE LENGTH: 0

2025-03-05 03:28:23,662 - INFO - EVENT: Internal Event | LOGICAL TIME: 314 | PHYSICAL TIME: 2025-03-05 03:28:23.66, MESSAGE QUEUE LENGTH: 0

