2025-03-05 03:27:18,362 - INFO - Clock rate for client 3: 6 events per second
2025-03-05 03:27:19,191 - INFO - EVENT: Send Msg | RECIPIENT: 1 and 2 | LOGICAL TIME: 1 | PHYSICAL TIME: 2025-03-05 03:27:19.19, MESSAGE QUEUE LENGTH: 0

2025-03-05 03:27:19,382 - INFO - EVENT: Receive Msg | SENDER: 2 | LOGICAL TIME: 2 | PHYSICAL TIME: 2025-03-05 03:27:18.00, MESSAGE QUEUE LENGTH: 1

2025-03-05 03:27:19,655 - INFO - EVENT: Receive Msg | SENDER: 1 | LOGICAL TIME: 3 | PHYSICAL TIME: 2025-03-05 03:27:19.00, MESSAGE QUEUE LENGTH: 1

2025-03-05 03:27:19,854 - INFO - EVENT: Send Msg | RECIPIENT: 1 and 2 | LOGICAL TIME: 4 | PHYSICAL TIME: 2025-03-05 03:27:19.85, MESSAGE QUEUE LENGTH: 0

2025-03-05 03:27:20,049 - INFO - EVENT: Internal Event | LOGICAL TIME: 5 | PHYSICAL TIME: 2025-03-05 03:27:20.04, MESSAGE QUEUE LENGTH: 0

2025-03-05 03:27:20,249 - INFO - EVENT: Send Msg | RECIPIENT: 1 | LOGICAL TIME: 6 | PHYSICAL TIME: 2025-03-05 03:27:20.24, MESSAGE QUEUE LENGTH: 0

2025-03-05 03:27:20,448 - INFO - EVENT: Internal Event | LOGICAL TIME: 7 | PHYSICAL TIME: 2025-03-05 03:27:20.44, MESSAGE QUEUE LENGTH: 0

2025-03-05 03:27:20,631 - INFO - EVENT: Receive Msg | SENDER: 2 | LOGICAL TIME: 8 | PHYSICAL TIME: 2025-03-05 03:27:20.00, MESSAGE QUEUE LENGTH: 1

2025-03-05 03:27:20,798 - INFO - EVENT: Send Msg | RECIPIENT: 1 | LOGICAL TIME: 9 | PHYSICAL TIME: 2025-03-05 03:27:20.79, MESSAGE QUEUE LENGTH: 0

2025-03-05 03:27:21,047 - INFO - EVENT: Internal Event | LOGICAL TIME: 10 | PHYSICAL TIME: 2025-03-05 03:27:21.04, MESSAGE QUEUE LENGTH: 0

2025-03-05 03:27:21,246 - INFO - EVENT: Internal Event | LOGICAL TIME: 11 | PHYSICAL TIME: 2025-03-05 03:27:21.24, MESSAGE QUEUE LENGTH: 0

2025-03-05 03:27:21,446 - INFO - EVENT: Internal Event | LOGICAL TIME: 12 | PHYSICAL TIME: 2025-03-05 03:27:21.44, MESSAGE QUEUE LENGTH: 0

2025-03-05 03:27:21,616 - INFO - EVENT: Send Msg | RECIPIENT: 2 | LOGICAL TIME: 13 | PHYSICAL TIME: 2025-03-05 03:27:21.61, MESSAGE QUEUE LENGTH: 0

2025-03-05 03:27:21,803 - INFO - EVENT: Send Msg | RECIPIENT: 1 and 2 | LOGICAL TIME: 14 | PHYSICAL TIME: 2025-03-05 03:27:21.80, MESSAGE QUEUE LENGTH: 0

2025-03-05 03:27:21,990 - INFO - EVENT: Internal Event | LOGICAL TIME: 15 | PHYSICAL TIME: 2025-03-05 03:27:21.99, MESSAGE QUEUE LENGTH: 0

2025-03-05 03:27:22,165 - INFO - EVENT: Internal Event | LOGICAL TIME: 16 | PHYSICAL TIME: 2025-03-05 03:27:22.16, MESSAGE QUEUE LENGTH: 0

2025-03-05 03:27:22,350 - INFO - EVENT: Send Msg | RECIPIENT: 1 | LOGICAL TIME: 17 | PHYSICAL TIME: 2025-03-05 03:27:22.35, MESSAGE QUEUE LENGTH: 0

2025-03-05 03:27:22,564 - INFO - EVENT: Receive Msg | SENDER: 2 | LOGICAL TIME: 18 | PHYSICAL TIME: 2025-03-05 03:27:22.00, MESSAGE QUEUE LENGTH: 1

2025-03-05 03:27:22,807 - INFO - EVENT: Send Msg | RECIPIENT: 1 and 2 | LOGICAL TIME: 19 | PHYSICAL TIME: 2025-03-05 03:27:22.80, MESSAGE QUEUE LENGTH: 0

2025-03-05 03:27:23,085 - INFO - EVENT: Internal Event | LOGICAL TIME: 20 | PHYSICAL TIME: 2025-03-05 03:27:23.08, MESSAGE QUEUE LENGTH: 0

2025-03-05 03:27:23,367 - INFO - EVENT: Send Msg | RECIPIENT: 1 and 2 | LOGICAL TIME: 21 | PHYSICAL TIME: 2025-03-05 03:27:23.36, MESSAGE QUEUE LENGTH: 0

2025-03-05 03:27:23,551 - INFO - EVENT: Internal Event | LOGICAL TIME: 22 | PHYSICAL TIME: 2025-03-05 03:27:23.55, MESSAGE QUEUE LENGTH: 0

2025-03-05 03:27:23,749 - INFO - EVENT: Receive Msg | SENDER: 2 | LOGICAL TIME: 23 | PHYSICAL TIME: 2025-03-05 03:27:23.00, MESSAGE QUEUE LENGTH: 1

2025-03-05 03:27:23,999 - INFO - EVENT: Internal Event | LOGICAL TIME: 24 | PHYSICAL TIME: 2025-03-05 03:27:23.99, MESSAGE QUEUE LENGTH: 0

2025-03-05 03:27:24,234 - INFO - EVENT: Send Msg | RECIPIENT: 1 and 2 | LOGICAL TIME: 25 | PHYSICAL TIME: 2025-03-05 03:27:24.23, MESSAGE QUEUE LENGTH: 0

2025-03-05 03:27:24,419 - INFO - EVENT: Internal Event | LOGICAL TIME: 26 | PHYSICAL TIME: 2025-03-05 03:27:24.41, MESSAGE QUEUE LENGTH: 0

2025-03-05 03:27:24,618 - INFO - EVENT: Internal Event | LOGICAL TIME: 27 | PHYSICAL TIME: 2025-03-05 03:27:24.61, MESSAGE QUEUE LENGTH: 0

2025-03-05 03:27:24,869 - INFO - EVENT: Receive Msg | SENDER: 2 | LOGICAL TIME: 28 | PHYSICAL TIME: 2025-03-05 03:27:24.00, MESSAGE QUEUE LENGTH: 1

2025-03-05 03:27:25,068 - INFO - EVENT: Internal Event | LOGICAL TIME: 29 | PHYSICAL TIME: 2025-03-05 03:27:25.06, MESSAGE QUEUE LENGTH: 0

2025-03-05 03:27:25,249 - INFO - EVENT: Internal Event | LOGICAL TIME: 30 | PHYSICAL TIME: 2025-03-05 03:27:25.24, MESSAGE QUEUE LENGTH: 0

2025-03-05 03:27:25,418 - INFO - EVENT: Internal Event | LOGICAL TIME: 31 | PHYSICAL TIME: 2025-03-05 03:27:25.41, MESSAGE QUEUE LENGTH: 0

2025-03-05 03:27:25,603 - INFO - EVENT: Send Msg | RECIPIENT: 2 | LOGICAL TIME: 32 | PHYSICAL TIME: 2025-03-05 03:27:25.60, MESSAGE QUEUE LENGTH: 0

2025-03-05 03:27:25,784 - INFO - EVENT: Send Msg | RECIPIENT: 2 | LOGICAL TIME: 33 | PHYSICAL TIME: 2025-03-05 03:27:25.78, MESSAGE QUEUE LENGTH: 0

2025-03-05 03:27:26,020 - INFO - EVENT: Receive Msg | SENDER: 2 | LOGICAL TIME: 34 | PHYSICAL TIME: 2025-03-05 03:27:25.00, MESSAGE QUEUE LENGTH: 1

2025-03-05 03:27:26,187 - INFO - EVENT: Internal Event | LOGICAL TIME: 35 | PHYSICAL TIME: 2025-03-05 03:27:26.18, MESSAGE QUEUE LENGTH: 0

2025-03-05 03:27:26,371 - INFO - EVENT: Internal Event | LOGICAL TIME: 36 | PHYSICAL TIME: 2025-03-05 03:27:26.37, MESSAGE QUEUE LENGTH: 0

2025-03-05 03:27:26,586 - INFO - EVENT: Internal Event | LOGICAL TIME: 37 | PHYSICAL TIME: 2025-03-05 03:27:26.58, MESSAGE QUEUE LENGTH: 0

2025-03-05 03:27:26,932 - INFO - EVENT: Send Msg | RECIPIENT: 2 | LOGICAL TIME: 38 | PHYSICAL TIME: 2025-03-05 03:27:26.93, MESSAGE QUEUE LENGTH: 0

2025-03-05 03:27:27,103 - INFO - EVENT: Internal Event | LOGICAL TIME: 39 | PHYSICAL TIME: 2025-03-05 03:27:27.10, MESSAGE QUEUE LENGTH: 0

2025-03-05 03:27:27,368 - INFO - EVENT: Internal Event | LOGICAL TIME: 40 | PHYSICAL TIME: 2025-03-05 03:27:27.36, MESSAGE QUEUE LENGTH: 0

2025-03-05 03:27:27,695 - INFO - EVENT: Send Msg | RECIPIENT: 2 | LOGICAL TIME: 41 | PHYSICAL TIME: 2025-03-05 03:27:27.69, MESSAGE QUEUE LENGTH: 0

2025-03-05 03:27:27,887 - INFO - EVENT: Internal Event | LOGICAL TIME: 42 | PHYSICAL TIME: 2025-03-05 03:27:27.88, MESSAGE QUEUE LENGTH: 0

2025-03-05 03:27:28,087 - INFO - EVENT: Send Msg | RECIPIENT: 2 | LOGICAL TIME: 43 | PHYSICAL TIME: 2025-03-05 03:27:28.08, MESSAGE QUEUE LENGTH: 0

2025-03-05 03:27:28,347 - INFO - EVENT: Send Msg | RECIPIENT: 1 | LOGICAL TIME: 44 | PHYSICAL TIME: 2025-03-05 03:27:28.34, MESSAGE QUEUE LENGTH: 0

2025-03-05 03:27:28,522 - INFO - EVENT: Send Msg | RECIPIENT: 2 | LOGICAL TIME: 45 | PHYSICAL TIME: 2025-03-05 03:27:28.52, MESSAGE QUEUE LENGTH: 0

2025-03-05 03:27:28,718 - INFO - EVENT: Receive Msg | SENDER: 2 | LOGICAL TIME: 46 | PHYSICAL TIME: 2025-03-05 03:27:28.00, MESSAGE QUEUE LENGTH: 1

2025-03-05 03:27:28,903 - INFO - EVENT: Internal Event | LOGICAL TIME: 47 | PHYSICAL TIME: 2025-03-05 03:27:28.90, MESSAGE QUEUE LENGTH: 0

2025-03-05 03:27:29,074 - INFO - EVENT: Internal Event | LOGICAL TIME: 48 | PHYSICAL TIME: 2025-03-05 03:27:29.07, MESSAGE QUEUE LENGTH: 0

2025-03-05 03:27:29,290 - INFO - EVENT: Internal Event | LOGICAL TIME: 49 | PHYSICAL TIME: 2025-03-05 03:27:29.29, MESSAGE QUEUE LENGTH: 0

2025-03-05 03:27:29,556 - INFO - EVENT: Receive Msg | SENDER: 2 | LOGICAL TIME: 50 | PHYSICAL TIME: 2025-03-05 03:27:29.00, MESSAGE QUEUE LENGTH: 1

2025-03-05 03:27:29,736 - INFO - EVENT: Internal Event | LOGICAL TIME: 51 | PHYSICAL TIME: 2025-03-05 03:27:29.73, MESSAGE QUEUE LENGTH: 0

2025-03-05 03:27:30,006 - INFO - EVENT: Internal Event | LOGICAL TIME: 52 | PHYSICAL TIME: 2025-03-05 03:27:30.00, MESSAGE QUEUE LENGTH: 0

2025-03-05 03:27:30,257 - INFO - EVENT: Send Msg | RECIPIENT: 2 | LOGICAL TIME: 53 | PHYSICAL TIME: 2025-03-05 03:27:30.25, MESSAGE QUEUE LENGTH: 0

2025-03-05 03:27:30,424 - INFO - EVENT: Receive Msg | SENDER: 2 | LOGICAL TIME: 54 | PHYSICAL TIME: 2025-03-05 03:27:30.00, MESSAGE QUEUE LENGTH: 1

2025-03-05 03:27:30,657 - INFO - EVENT: Internal Event | LOGICAL TIME: 55 | PHYSICAL TIME: 2025-03-05 03:27:30.65, MESSAGE QUEUE LENGTH: 0

2025-03-05 03:27:30,836 - INFO - EVENT: Send Msg | RECIPIENT: 2 | LOGICAL TIME: 56 | PHYSICAL TIME: 2025-03-05 03:27:30.83, MESSAGE QUEUE LENGTH: 0

2025-03-05 03:27:31,057 - INFO - EVENT: Send Msg | RECIPIENT: 1 and 2 | LOGICAL TIME: 57 | PHYSICAL TIME: 2025-03-05 03:27:31.05, MESSAGE QUEUE LENGTH: 0

2025-03-05 03:27:31,270 - INFO - EVENT: Internal Event | LOGICAL TIME: 58 | PHYSICAL TIME: 2025-03-05 03:27:31.27, MESSAGE QUEUE LENGTH: 0

2025-03-05 03:27:31,453 - INFO - EVENT: Internal Event | LOGICAL TIME: 59 | PHYSICAL TIME: 2025-03-05 03:27:31.45, MESSAGE QUEUE LENGTH: 0

2025-03-05 03:27:31,674 - INFO - EVENT: Internal Event | LOGICAL TIME: 60 | PHYSICAL TIME: 2025-03-05 03:27:31.67, MESSAGE QUEUE LENGTH: 0

2025-03-05 03:27:31,954 - INFO - EVENT: Send Msg | RECIPIENT: 1 and 2 | LOGICAL TIME: 61 | PHYSICAL TIME: 2025-03-05 03:27:31.95, MESSAGE QUEUE LENGTH: 0

2025-03-05 03:27:32,123 - INFO - EVENT: Internal Event | LOGICAL TIME: 62 | PHYSICAL TIME: 2025-03-05 03:27:32.12, MESSAGE QUEUE LENGTH: 0

2025-03-05 03:27:32,292 - INFO - EVENT: Internal Event | LOGICAL TIME: 63 | PHYSICAL TIME: 2025-03-05 03:27:32.29, MESSAGE QUEUE LENGTH: 0

2025-03-05 03:27:32,474 - INFO - EVENT: Internal Event | LOGICAL TIME: 64 | PHYSICAL TIME: 2025-03-05 03:27:32.47, MESSAGE QUEUE LENGTH: 0

2025-03-05 03:27:32,655 - INFO - EVENT: Internal Event | LOGICAL TIME: 65 | PHYSICAL TIME: 2025-03-05 03:27:32.65, MESSAGE QUEUE LENGTH: 0

2025-03-05 03:27:32,942 - INFO - EVENT: Internal Event | LOGICAL TIME: 66 | PHYSICAL TIME: 2025-03-05 03:27:32.94, MESSAGE QUEUE LENGTH: 0

2025-03-05 03:27:33,132 - INFO - EVENT: Internal Event | LOGICAL TIME: 67 | PHYSICAL TIME: 2025-03-05 03:27:33.13, MESSAGE QUEUE LENGTH: 0

2025-03-05 03:27:33,325 - INFO - EVENT: Send Msg | RECIPIENT: 1 and 2 | LOGICAL TIME: 68 | PHYSICAL TIME: 2025-03-05 03:27:33.32, MESSAGE QUEUE LENGTH: 0

2025-03-05 03:27:33,524 - INFO - EVENT: Internal Event | LOGICAL TIME: 69 | PHYSICAL TIME: 2025-03-05 03:27:33.52, MESSAGE QUEUE LENGTH: 0

2025-03-05 03:27:33,710 - INFO - EVENT: Internal Event | LOGICAL TIME: 70 | PHYSICAL TIME: 2025-03-05 03:27:33.71, MESSAGE QUEUE LENGTH: 0

2025-03-05 03:27:33,926 - INFO - EVENT: Internal Event | LOGICAL TIME: 71 | PHYSICAL TIME: 2025-03-05 03:27:33.92, MESSAGE QUEUE LENGTH: 0

2025-03-05 03:27:34,124 - INFO - EVENT: Internal Event | LOGICAL TIME: 72 | PHYSICAL TIME: 2025-03-05 03:27:34.12, MESSAGE QUEUE LENGTH: 0

2025-03-05 03:27:34,292 - INFO - EVENT: Internal Event | LOGICAL TIME: 73 | PHYSICAL TIME: 2025-03-05 03:27:34.29, MESSAGE QUEUE LENGTH: 0

2025-03-05 03:27:34,492 - INFO - EVENT: Receive Msg | SENDER: 2 | LOGICAL TIME: 74 | PHYSICAL TIME: 2025-03-05 03:27:34.00, MESSAGE QUEUE LENGTH: 1

2025-03-05 03:27:34,661 - INFO - EVENT: Send Msg | RECIPIENT: 1 | LOGICAL TIME: 75 | PHYSICAL TIME: 2025-03-05 03:27:34.66, MESSAGE QUEUE LENGTH: 0

2025-03-05 03:27:34,877 - INFO - EVENT: Internal Event | LOGICAL TIME: 76 | PHYSICAL TIME: 2025-03-05 03:27:34.87, MESSAGE QUEUE LENGTH: 0

2025-03-05 03:27:35,061 - INFO - EVENT: Receive Msg | SENDER: 2 | LOGICAL TIME: 77 | PHYSICAL TIME: 2025-03-05 03:27:34.00, MESSAGE QUEUE LENGTH: 1

2025-03-05 03:27:35,279 - INFO - EVENT: Internal Event | LOGICAL TIME: 78 | PHYSICAL TIME: 2025-03-05 03:27:35.27, MESSAGE QUEUE LENGTH: 0

2025-03-05 03:27:35,493 - INFO - EVENT: Internal Event | LOGICAL TIME: 79 | PHYSICAL TIME: 2025-03-05 03:27:35.49, MESSAGE QUEUE LENGTH: 0

2025-03-05 03:27:35,677 - INFO - EVENT: Send Msg | RECIPIENT: 2 | LOGICAL TIME: 80 | PHYSICAL TIME: 2025-03-05 03:27:35.67, MESSAGE QUEUE LENGTH: 0

2025-03-05 03:27:35,863 - INFO - EVENT: Internal Event | LOGICAL TIME: 81 | PHYSICAL TIME: 2025-03-05 03:27:35.86, MESSAGE QUEUE LENGTH: 0

2025-03-05 03:27:36,042 - INFO - EVENT: Internal Event | LOGICAL TIME: 82 | PHYSICAL TIME: 2025-03-05 03:27:36.04, MESSAGE QUEUE LENGTH: 0

2025-03-05 03:27:36,288 - INFO - EVENT: Internal Event | LOGICAL TIME: 83 | PHYSICAL TIME: 2025-03-05 03:27:36.28, MESSAGE QUEUE LENGTH: 0

2025-03-05 03:27:36,460 - INFO - EVENT: Send Msg | RECIPIENT: 1 and 2 | LOGICAL TIME: 84 | PHYSICAL TIME: 2025-03-05 03:27:36.46, MESSAGE QUEUE LENGTH: 0

2025-03-05 03:27:36,677 - INFO - EVENT: Receive Msg | SENDER: 2 | LOGICAL TIME: 85 | PHYSICAL TIME: 2025-03-05 03:27:36.00, MESSAGE QUEUE LENGTH: 1

2025-03-05 03:27:36,861 - INFO - EVENT: Send Msg | RECIPIENT: 1 and 2 | LOGICAL TIME: 86 | PHYSICAL TIME: 2025-03-05 03:27:36.86, MESSAGE QUEUE LENGTH: 0

2025-03-05 03:27:37,059 - INFO - EVENT: Send Msg | RECIPIENT: 1 and 2 | LOGICAL TIME: 87 | PHYSICAL TIME: 2025-03-05 03:27:37.05, MESSAGE QUEUE LENGTH: 0

2025-03-05 03:27:37,229 - INFO - EVENT: Internal Event | LOGICAL TIME: 88 | PHYSICAL TIME: 2025-03-05 03:27:37.22, MESSAGE QUEUE LENGTH: 0

2025-03-05 03:27:37,424 - INFO - EVENT: Send Msg | RECIPIENT: 1 and 2 | LOGICAL TIME: 89 | PHYSICAL TIME: 2025-03-05 03:27:37.42, MESSAGE QUEUE LENGTH: 0

2025-03-05 03:27:37,676 - INFO - EVENT: Internal Event | LOGICAL TIME: 90 | PHYSICAL TIME: 2025-03-05 03:27:37.67, MESSAGE QUEUE LENGTH: 0

2025-03-05 03:27:37,963 - INFO - EVENT: Internal Event | LOGICAL TIME: 91 | PHYSICAL TIME: 2025-03-05 03:27:37.96, MESSAGE QUEUE LENGTH: 0

2025-03-05 03:27:38,159 - INFO - EVENT: Send Msg | RECIPIENT: 1 | LOGICAL TIME: 92 | PHYSICAL TIME: 2025-03-05 03:27:38.15, MESSAGE QUEUE LENGTH: 0

2025-03-05 03:27:38,330 - INFO - EVENT: Send Msg | RECIPIENT: 1 | LOGICAL TIME: 93 | PHYSICAL TIME: 2025-03-05 03:27:38.33, MESSAGE QUEUE LENGTH: 0

2025-03-05 03:27:38,532 - INFO - EVENT: Send Msg | RECIPIENT: 2 | LOGICAL TIME: 94 | PHYSICAL TIME: 2025-03-05 03:27:38.53, MESSAGE QUEUE LENGTH: 0

2025-03-05 03:27:38,810 - INFO - EVENT: Send Msg | RECIPIENT: 2 | LOGICAL TIME: 95 | PHYSICAL TIME: 2025-03-05 03:27:38.81, MESSAGE QUEUE LENGTH: 0

2025-03-05 03:27:38,997 - INFO - EVENT: Send Msg | RECIPIENT: 1 and 2 | LOGICAL TIME: 96 | PHYSICAL TIME: 2025-03-05 03:27:38.99, MESSAGE QUEUE LENGTH: 0

2025-03-05 03:27:39,197 - INFO - EVENT: Internal Event | LOGICAL TIME: 97 | PHYSICAL TIME: 2025-03-05 03:27:39.19, MESSAGE QUEUE LENGTH: 0

2025-03-05 03:27:39,413 - INFO - EVENT: Internal Event | LOGICAL TIME: 98 | PHYSICAL TIME: 2025-03-05 03:27:39.41, MESSAGE QUEUE LENGTH: 0

2025-03-05 03:27:39,599 - INFO - EVENT: Internal Event | LOGICAL TIME: 99 | PHYSICAL TIME: 2025-03-05 03:27:39.59, MESSAGE QUEUE LENGTH: 0

2025-03-05 03:27:39,798 - INFO - EVENT: Send Msg | RECIPIENT: 1 | LOGICAL TIME: 100 | PHYSICAL TIME: 2025-03-05 03:27:39.79, MESSAGE QUEUE LENGTH: 0

2025-03-05 03:27:39,998 - INFO - EVENT: Internal Event | LOGICAL TIME: 101 | PHYSICAL TIME: 2025-03-05 03:27:39.99, MESSAGE QUEUE LENGTH: 0

2025-03-05 03:27:40,193 - INFO - EVENT: Internal Event | LOGICAL TIME: 102 | PHYSICAL TIME: 2025-03-05 03:27:40.19, MESSAGE QUEUE LENGTH: 0

2025-03-05 03:27:40,382 - INFO - EVENT: Internal Event | LOGICAL TIME: 103 | PHYSICAL TIME: 2025-03-05 03:27:40.38, MESSAGE QUEUE LENGTH: 0

2025-03-05 03:27:40,579 - INFO - EVENT: Send Msg | RECIPIENT: 2 | LOGICAL TIME: 104 | PHYSICAL TIME: 2025-03-05 03:27:40.57, MESSAGE QUEUE LENGTH: 0

2025-03-05 03:27:40,814 - INFO - EVENT: Internal Event | LOGICAL TIME: 105 | PHYSICAL TIME: 2025-03-05 03:27:40.81, MESSAGE QUEUE LENGTH: 0

2025-03-05 03:27:41,011 - INFO - EVENT: Internal Event | LOGICAL TIME: 106 | PHYSICAL TIME: 2025-03-05 03:27:41.01, MESSAGE QUEUE LENGTH: 0

2025-03-05 03:27:41,247 - INFO - EVENT: Internal Event | LOGICAL TIME: 107 | PHYSICAL TIME: 2025-03-05 03:27:41.24, MESSAGE QUEUE LENGTH: 0

2025-03-05 03:27:41,448 - INFO - EVENT: Receive Msg | SENDER: 2 | LOGICAL TIME: 108 | PHYSICAL TIME: 2025-03-05 03:27:41.00, MESSAGE QUEUE LENGTH: 1

2025-03-05 03:27:41,628 - INFO - EVENT: Internal Event | LOGICAL TIME: 109 | PHYSICAL TIME: 2025-03-05 03:27:41.62, MESSAGE QUEUE LENGTH: 0

2025-03-05 03:27:41,796 - INFO - EVENT: Internal Event | LOGICAL TIME: 110 | PHYSICAL TIME: 2025-03-05 03:27:41.79, MESSAGE QUEUE LENGTH: 0

2025-03-05 03:27:41,998 - INFO - EVENT: Internal Event | LOGICAL TIME: 111 | PHYSICAL TIME: 2025-03-05 03:27:41.99, MESSAGE QUEUE LENGTH: 0

2025-03-05 03:27:42,167 - INFO - EVENT: Receive Msg | SENDER: 2 | LOGICAL TIME: 112 | PHYSICAL TIME: 2025-03-05 03:27:42.00, MESSAGE QUEUE LENGTH: 1

2025-03-05 03:27:42,465 - INFO - EVENT: Send Msg | RECIPIENT: 1 and 2 | LOGICAL TIME: 113 | PHYSICAL TIME: 2025-03-05 03:27:42.46, MESSAGE QUEUE LENGTH: 0

2025-03-05 03:27:42,650 - INFO - EVENT: Internal Event | LOGICAL TIME: 114 | PHYSICAL TIME: 2025-03-05 03:27:42.65, MESSAGE QUEUE LENGTH: 0

2025-03-05 03:27:42,949 - INFO - EVENT: Internal Event | LOGICAL TIME: 115 | PHYSICAL TIME: 2025-03-05 03:27:42.94, MESSAGE QUEUE LENGTH: 0

2025-03-05 03:27:43,131 - INFO - EVENT: Internal Event | LOGICAL TIME: 116 | PHYSICAL TIME: 2025-03-05 03:27:43.13, MESSAGE QUEUE LENGTH: 0

2025-03-05 03:27:43,368 - INFO - EVENT: Internal Event | LOGICAL TIME: 117 | PHYSICAL TIME: 2025-03-05 03:27:43.36, MESSAGE QUEUE LENGTH: 0

2025-03-05 03:27:43,536 - INFO - EVENT: Receive Msg | SENDER: 2 | LOGICAL TIME: 118 | PHYSICAL TIME: 2025-03-05 03:27:43.00, MESSAGE QUEUE LENGTH: 1

2025-03-05 03:27:43,715 - INFO - EVENT: Send Msg | RECIPIENT: 2 | LOGICAL TIME: 119 | PHYSICAL TIME: 2025-03-05 03:27:43.71, MESSAGE QUEUE LENGTH: 0

2025-03-05 03:27:43,916 - INFO - EVENT: Receive Msg | SENDER: 2 | LOGICAL TIME: 120 | PHYSICAL TIME: 2025-03-05 03:27:43.00, MESSAGE QUEUE LENGTH: 1

2025-03-05 03:27:44,097 - INFO - EVENT: Send Msg | RECIPIENT: 2 | LOGICAL TIME: 121 | PHYSICAL TIME: 2025-03-05 03:27:44.09, MESSAGE QUEUE LENGTH: 0

2025-03-05 03:27:44,332 - INFO - EVENT: Send Msg | RECIPIENT: 2 | LOGICAL TIME: 122 | PHYSICAL TIME: 2025-03-05 03:27:44.33, MESSAGE QUEUE LENGTH: 0

2025-03-05 03:27:44,534 - INFO - EVENT: Send Msg | RECIPIENT: 1 and 2 | LOGICAL TIME: 123 | PHYSICAL TIME: 2025-03-05 03:27:44.53, MESSAGE QUEUE LENGTH: 0

2025-03-05 03:27:44,749 - INFO - EVENT: Send Msg | RECIPIENT: 1 | LOGICAL TIME: 124 | PHYSICAL TIME: 2025-03-05 03:27:44.74, MESSAGE QUEUE LENGTH: 0

2025-03-05 03:27:44,917 - INFO - EVENT: Send Msg | RECIPIENT: 1 | LOGICAL TIME: 125 | PHYSICAL TIME: 2025-03-05 03:27:44.91, MESSAGE QUEUE LENGTH: 0

2025-03-05 03:27:45,085 - INFO - EVENT: Internal Event | LOGICAL TIME: 126 | PHYSICAL TIME: 2025-03-05 03:27:45.08, MESSAGE QUEUE LENGTH: 0

2025-03-05 03:27:45,283 - INFO - EVENT: Internal Event | LOGICAL TIME: 127 | PHYSICAL TIME: 2025-03-05 03:27:45.28, MESSAGE QUEUE LENGTH: 0

2025-03-05 03:27:45,469 - INFO - EVENT: Send Msg | RECIPIENT: 1 and 2 | LOGICAL TIME: 128 | PHYSICAL TIME: 2025-03-05 03:27:45.46, MESSAGE QUEUE LENGTH: 0

2025-03-05 03:27:45,653 - INFO - EVENT: Receive Msg | SENDER: 2 | LOGICAL TIME: 129 | PHYSICAL TIME: 2025-03-05 03:27:45.00, MESSAGE QUEUE LENGTH: 1

2025-03-05 03:27:45,853 - INFO - EVENT: Send Msg | RECIPIENT: 1 | LOGICAL TIME: 130 | PHYSICAL TIME: 2025-03-05 03:27:45.85, MESSAGE QUEUE LENGTH: 0

2025-03-05 03:27:46,053 - INFO - EVENT: Internal Event | LOGICAL TIME: 131 | PHYSICAL TIME: 2025-03-05 03:27:46.05, MESSAGE QUEUE LENGTH: 0

2025-03-05 03:27:46,237 - INFO - EVENT: Send Msg | RECIPIENT: 1 | LOGICAL TIME: 132 | PHYSICAL TIME: 2025-03-05 03:27:46.23, MESSAGE QUEUE LENGTH: 0

2025-03-05 03:27:46,419 - INFO - EVENT: Send Msg | RECIPIENT: 2 | LOGICAL TIME: 133 | PHYSICAL TIME: 2025-03-05 03:27:46.41, MESSAGE QUEUE LENGTH: 0

2025-03-05 03:27:46,653 - INFO - EVENT: Send Msg | RECIPIENT: 2 | LOGICAL TIME: 134 | PHYSICAL TIME: 2025-03-05 03:27:46.65, MESSAGE QUEUE LENGTH: 0

2025-03-05 03:27:46,852 - INFO - EVENT: Send Msg | RECIPIENT: 1 and 2 | LOGICAL TIME: 135 | PHYSICAL TIME: 2025-03-05 03:27:46.85, MESSAGE QUEUE LENGTH: 0

2025-03-05 03:27:47,069 - INFO - EVENT: Internal Event | LOGICAL TIME: 136 | PHYSICAL TIME: 2025-03-05 03:27:47.06, MESSAGE QUEUE LENGTH: 0

2025-03-05 03:27:47,254 - INFO - EVENT: Internal Event | LOGICAL TIME: 137 | PHYSICAL TIME: 2025-03-05 03:27:47.25, MESSAGE QUEUE LENGTH: 0

2025-03-05 03:27:47,437 - INFO - EVENT: Internal Event | LOGICAL TIME: 138 | PHYSICAL TIME: 2025-03-05 03:27:47.43, MESSAGE QUEUE LENGTH: 0

2025-03-05 03:27:47,616 - INFO - EVENT: Send Msg | RECIPIENT: 1 | LOGICAL TIME: 139 | PHYSICAL TIME: 2025-03-05 03:27:47.61, MESSAGE QUEUE LENGTH: 0

2025-03-05 03:27:47,818 - INFO - EVENT: Internal Event | LOGICAL TIME: 140 | PHYSICAL TIME: 2025-03-05 03:27:47.81, MESSAGE QUEUE LENGTH: 0

2025-03-05 03:27:48,055 - INFO - EVENT: Internal Event | LOGICAL TIME: 141 | PHYSICAL TIME: 2025-03-05 03:27:48.05, MESSAGE QUEUE LENGTH: 0

2025-03-05 03:27:48,222 - INFO - EVENT: Internal Event | LOGICAL TIME: 142 | PHYSICAL TIME: 2025-03-05 03:27:48.22, MESSAGE QUEUE LENGTH: 0

2025-03-05 03:27:48,406 - INFO - EVENT: Send Msg | RECIPIENT: 2 | LOGICAL TIME: 143 | PHYSICAL TIME: 2025-03-05 03:27:48.40, MESSAGE QUEUE LENGTH: 0

2025-03-05 03:27:48,621 - INFO - EVENT: Internal Event | LOGICAL TIME: 144 | PHYSICAL TIME: 2025-03-05 03:27:48.62, MESSAGE QUEUE LENGTH: 0

2025-03-05 03:27:48,803 - INFO - EVENT: Internal Event | LOGICAL TIME: 145 | PHYSICAL TIME: 2025-03-05 03:27:48.80, MESSAGE QUEUE LENGTH: 0

2025-03-05 03:27:48,990 - INFO - EVENT: Internal Event | LOGICAL TIME: 146 | PHYSICAL TIME: 2025-03-05 03:27:48.99, MESSAGE QUEUE LENGTH: 0

2025-03-05 03:27:49,174 - INFO - EVENT: Receive Msg | SENDER: 2 | LOGICAL TIME: 147 | PHYSICAL TIME: 2025-03-05 03:27:48.00, MESSAGE QUEUE LENGTH: 1

2025-03-05 03:27:49,421 - INFO - EVENT: Internal Event | LOGICAL TIME: 148 | PHYSICAL TIME: 2025-03-05 03:27:49.42, MESSAGE QUEUE LENGTH: 0

2025-03-05 03:27:49,671 - INFO - EVENT: Send Msg | RECIPIENT: 2 | LOGICAL TIME: 149 | PHYSICAL TIME: 2025-03-05 03:27:49.67, MESSAGE QUEUE LENGTH: 0

2025-03-05 03:27:49,873 - INFO - EVENT: Internal Event | LOGICAL TIME: 150 | PHYSICAL TIME: 2025-03-05 03:27:49.87, MESSAGE QUEUE LENGTH: 0

2025-03-05 03:27:50,051 - INFO - EVENT: Internal Event | LOGICAL TIME: 151 | PHYSICAL TIME: 2025-03-05 03:27:50.05, MESSAGE QUEUE LENGTH: 0

2025-03-05 03:27:50,224 - INFO - EVENT: Internal Event | LOGICAL TIME: 152 | PHYSICAL TIME: 2025-03-05 03:27:50.22, MESSAGE QUEUE LENGTH: 0

2025-03-05 03:27:50,422 - INFO - EVENT: Send Msg | RECIPIENT: 1 and 2 | LOGICAL TIME: 153 | PHYSICAL TIME: 2025-03-05 03:27:50.42, MESSAGE QUEUE LENGTH: 0

2025-03-05 03:27:50,654 - INFO - EVENT: Internal Event | LOGICAL TIME: 154 | PHYSICAL TIME: 2025-03-05 03:27:50.65, MESSAGE QUEUE LENGTH: 0

2025-03-05 03:27:50,824 - INFO - EVENT: Internal Event | LOGICAL TIME: 155 | PHYSICAL TIME: 2025-03-05 03:27:50.82, MESSAGE QUEUE LENGTH: 0

2025-03-05 03:27:51,024 - INFO - EVENT: Internal Event | LOGICAL TIME: 156 | PHYSICAL TIME: 2025-03-05 03:27:51.02, MESSAGE QUEUE LENGTH: 0

2025-03-05 03:27:51,205 - INFO - EVENT: Internal Event | LOGICAL TIME: 157 | PHYSICAL TIME: 2025-03-05 03:27:51.20, MESSAGE QUEUE LENGTH: 0

2025-03-05 03:27:51,391 - INFO - EVENT: Send Msg | RECIPIENT: 1 and 2 | LOGICAL TIME: 158 | PHYSICAL TIME: 2025-03-05 03:27:51.39, MESSAGE QUEUE LENGTH: 0

2025-03-05 03:27:51,588 - INFO - EVENT: Send Msg | RECIPIENT: 1 | LOGICAL TIME: 159 | PHYSICAL TIME: 2025-03-05 03:27:51.58, MESSAGE QUEUE LENGTH: 0

2025-03-05 03:27:51,791 - INFO - EVENT: Receive Msg | SENDER: 2 | LOGICAL TIME: 160 | PHYSICAL TIME: 2025-03-05 03:27:51.00, MESSAGE QUEUE LENGTH: 1

2025-03-05 03:27:51,967 - INFO - EVENT: Internal Event | LOGICAL TIME: 161 | PHYSICAL TIME: 2025-03-05 03:27:51.96, MESSAGE QUEUE LENGTH: 0

2025-03-05 03:27:52,152 - INFO - EVENT: Internal Event | LOGICAL TIME: 162 | PHYSICAL TIME: 2025-03-05 03:27:52.15, MESSAGE QUEUE LENGTH: 0

2025-03-05 03:27:52,321 - INFO - EVENT: Receive Msg | SENDER: 2 | LOGICAL TIME: 163 | PHYSICAL TIME: 2025-03-05 03:27:52.00, MESSAGE QUEUE LENGTH: 1

2025-03-05 03:27:52,501 - INFO - EVENT: Internal Event | LOGICAL TIME: 164 | PHYSICAL TIME: 2025-03-05 03:27:52.50, MESSAGE QUEUE LENGTH: 0

2025-03-05 03:27:52,672 - INFO - EVENT: Internal Event | LOGICAL TIME: 165 | PHYSICAL TIME: 2025-03-05 03:27:52.67, MESSAGE QUEUE LENGTH: 0

2025-03-05 03:27:52,921 - INFO - EVENT: Internal Event | LOGICAL TIME: 166 | PHYSICAL TIME: 2025-03-05 03:27:52.92, MESSAGE QUEUE LENGTH: 0

2025-03-05 03:27:53,106 - INFO - EVENT: Receive Msg | SENDER: 2 | LOGICAL TIME: 167 | PHYSICAL TIME: 2025-03-05 03:27:52.00, MESSAGE QUEUE LENGTH: 1

2025-03-05 03:27:53,305 - INFO - EVENT: Internal Event | LOGICAL TIME: 168 | PHYSICAL TIME: 2025-03-05 03:27:53.30, MESSAGE QUEUE LENGTH: 0

2025-03-05 03:27:53,525 - INFO - EVENT: Receive Msg | SENDER: 2 | LOGICAL TIME: 169 | PHYSICAL TIME: 2025-03-05 03:27:53.00, MESSAGE QUEUE LENGTH: 1

2025-03-05 03:27:53,743 - INFO - EVENT: Internal Event | LOGICAL TIME: 170 | PHYSICAL TIME: 2025-03-05 03:27:53.74, MESSAGE QUEUE LENGTH: 0

2025-03-05 03:27:53,944 - INFO - EVENT: Receive Msg | SENDER: 2 | LOGICAL TIME: 171 | PHYSICAL TIME: 2025-03-05 03:27:53.00, MESSAGE QUEUE LENGTH: 1

2025-03-05 03:27:54,159 - INFO - EVENT: Send Msg | RECIPIENT: 1 | LOGICAL TIME: 172 | PHYSICAL TIME: 2025-03-05 03:27:54.15, MESSAGE QUEUE LENGTH: 0

2025-03-05 03:27:54,354 - INFO - EVENT: Receive Msg | SENDER: 2 | LOGICAL TIME: 173 | PHYSICAL TIME: 2025-03-05 03:27:54.00, MESSAGE QUEUE LENGTH: 1

2025-03-05 03:27:54,577 - INFO - EVENT: Send Msg | RECIPIENT: 1 and 2 | LOGICAL TIME: 174 | PHYSICAL TIME: 2025-03-05 03:27:54.57, MESSAGE QUEUE LENGTH: 0

2025-03-05 03:27:54,759 - INFO - EVENT: Send Msg | RECIPIENT: 1 | LOGICAL TIME: 175 | PHYSICAL TIME: 2025-03-05 03:27:54.75, MESSAGE QUEUE LENGTH: 0

2025-03-05 03:27:54,957 - INFO - EVENT: Send Msg | RECIPIENT: 1 and 2 | LOGICAL TIME: 176 | PHYSICAL TIME: 2025-03-05 03:27:54.95, MESSAGE QUEUE LENGTH: 0

2025-03-05 03:27:55,161 - INFO - EVENT: Receive Msg | SENDER: 2 | LOGICAL TIME: 177 | PHYSICAL TIME: 2025-03-05 03:27:54.00, MESSAGE QUEUE LENGTH: 1

2025-03-05 03:27:55,342 - INFO - EVENT: Internal Event | LOGICAL TIME: 178 | PHYSICAL TIME: 2025-03-05 03:27:55.34, MESSAGE QUEUE LENGTH: 0

2025-03-05 03:27:55,616 - INFO - EVENT: Send Msg | RECIPIENT: 1 and 2 | LOGICAL TIME: 179 | PHYSICAL TIME: 2025-03-05 03:27:55.61, MESSAGE QUEUE LENGTH: 0

2025-03-05 03:27:55,811 - INFO - EVENT: Internal Event | LOGICAL TIME: 180 | PHYSICAL TIME: 2025-03-05 03:27:55.81, MESSAGE QUEUE LENGTH: 0

2025-03-05 03:27:55,996 - INFO - EVENT: Internal Event | LOGICAL TIME: 181 | PHYSICAL TIME: 2025-03-05 03:27:55.99, MESSAGE QUEUE LENGTH: 0

2025-03-05 03:27:56,227 - INFO - EVENT: Internal Event | LOGICAL TIME: 182 | PHYSICAL TIME: 2025-03-05 03:27:56.22, MESSAGE QUEUE LENGTH: 0

2025-03-05 03:27:56,494 - INFO - EVENT: Internal Event | LOGICAL TIME: 183 | PHYSICAL TIME: 2025-03-05 03:27:56.49, MESSAGE QUEUE LENGTH: 0

2025-03-05 03:27:56,678 - INFO - EVENT: Receive Msg | SENDER: 2 | LOGICAL TIME: 184 | PHYSICAL TIME: 2025-03-05 03:27:56.00, MESSAGE QUEUE LENGTH: 1

2025-03-05 03:27:56,862 - INFO - EVENT: Receive Msg | SENDER: 2 | LOGICAL TIME: 185 | PHYSICAL TIME: 2025-03-05 03:27:56.00, MESSAGE QUEUE LENGTH: 1

2025-03-05 03:27:57,043 - INFO - EVENT: Internal Event | LOGICAL TIME: 186 | PHYSICAL TIME: 2025-03-05 03:27:57.04, MESSAGE QUEUE LENGTH: 0

2025-03-05 03:27:57,244 - INFO - EVENT: Send Msg | RECIPIENT: 1 | LOGICAL TIME: 187 | PHYSICAL TIME: 2025-03-05 03:27:57.24, MESSAGE QUEUE LENGTH: 0

2025-03-05 03:27:57,443 - INFO - EVENT: Send Msg | RECIPIENT: 2 | LOGICAL TIME: 188 | PHYSICAL TIME: 2025-03-05 03:27:57.44, MESSAGE QUEUE LENGTH: 0

2025-03-05 03:27:57,645 - INFO - EVENT: Internal Event | LOGICAL TIME: 189 | PHYSICAL TIME: 2025-03-05 03:27:57.64, MESSAGE QUEUE LENGTH: 0

2025-03-05 03:27:57,846 - INFO - EVENT: Send Msg | RECIPIENT: 2 | LOGICAL TIME: 190 | PHYSICAL TIME: 2025-03-05 03:27:57.84, MESSAGE QUEUE LENGTH: 0

2025-03-05 03:27:58,047 - INFO - EVENT: Send Msg | RECIPIENT: 1 and 2 | LOGICAL TIME: 191 | PHYSICAL TIME: 2025-03-05 03:27:58.04, MESSAGE QUEUE LENGTH: 0

2025-03-05 03:27:58,313 - INFO - EVENT: Internal Event | LOGICAL TIME: 192 | PHYSICAL TIME: 2025-03-05 03:27:58.31, MESSAGE QUEUE LENGTH: 0

2025-03-05 03:27:58,494 - INFO - EVENT: Internal Event | LOGICAL TIME: 193 | PHYSICAL TIME: 2025-03-05 03:27:58.49, MESSAGE QUEUE LENGTH: 0

2025-03-05 03:27:58,679 - INFO - EVENT: Send Msg | RECIPIENT: 1 and 2 | LOGICAL TIME: 194 | PHYSICAL TIME: 2025-03-05 03:27:58.67, MESSAGE QUEUE LENGTH: 0

2025-03-05 03:27:58,864 - INFO - EVENT: Internal Event | LOGICAL TIME: 195 | PHYSICAL TIME: 2025-03-05 03:27:58.86, MESSAGE QUEUE LENGTH: 0

2025-03-05 03:27:59,081 - INFO - EVENT: Internal Event | LOGICAL TIME: 196 | PHYSICAL TIME: 2025-03-05 03:27:59.08, MESSAGE QUEUE LENGTH: 0

2025-03-05 03:27:59,346 - INFO - EVENT: Send Msg | RECIPIENT: 1 and 2 | LOGICAL TIME: 197 | PHYSICAL TIME: 2025-03-05 03:27:59.34, MESSAGE QUEUE LENGTH: 0

2025-03-05 03:27:59,516 - INFO - EVENT: Send Msg | RECIPIENT: 1 and 2 | LOGICAL TIME: 198 | PHYSICAL TIME: 2025-03-05 03:27:59.51, MESSAGE QUEUE LENGTH: 0

2025-03-05 03:27:59,747 - INFO - EVENT: Receive Msg | SENDER: 2 | LOGICAL TIME: 199 | PHYSICAL TIME: 2025-03-05 03:27:59.00, MESSAGE QUEUE LENGTH: 1

2025-03-05 03:27:59,928 - INFO - EVENT: Internal Event | LOGICAL TIME: 200 | PHYSICAL TIME: 2025-03-05 03:27:59.92, MESSAGE QUEUE LENGTH: 0

2025-03-05 03:28:00,097 - INFO - EVENT: Send Msg | RECIPIENT: 1 and 2 | LOGICAL TIME: 201 | PHYSICAL TIME: 2025-03-05 03:28:00.09, MESSAGE QUEUE LENGTH: 0

2025-03-05 03:28:00,314 - INFO - EVENT: Internal Event | LOGICAL TIME: 202 | PHYSICAL TIME: 2025-03-05 03:28:00.31, MESSAGE QUEUE LENGTH: 0

2025-03-05 03:28:00,515 - INFO - EVENT: Send Msg | RECIPIENT: 1 and 2 | LOGICAL TIME: 203 | PHYSICAL TIME: 2025-03-05 03:28:00.51, MESSAGE QUEUE LENGTH: 0

2025-03-05 03:28:00,683 - INFO - EVENT: Internal Event | LOGICAL TIME: 204 | PHYSICAL TIME: 2025-03-05 03:28:00.68, MESSAGE QUEUE LENGTH: 0

2025-03-05 03:28:00,880 - INFO - EVENT: Internal Event | LOGICAL TIME: 205 | PHYSICAL TIME: 2025-03-05 03:28:00.88, MESSAGE QUEUE LENGTH: 0

2025-03-05 03:28:01,114 - INFO - EVENT: Internal Event | LOGICAL TIME: 206 | PHYSICAL TIME: 2025-03-05 03:28:01.11, MESSAGE QUEUE LENGTH: 0

2025-03-05 03:28:01,333 - INFO - EVENT: Send Msg | RECIPIENT: 2 | LOGICAL TIME: 207 | PHYSICAL TIME: 2025-03-05 03:28:01.33, MESSAGE QUEUE LENGTH: 0

2025-03-05 03:28:01,517 - INFO - EVENT: Internal Event | LOGICAL TIME: 208 | PHYSICAL TIME: 2025-03-05 03:28:01.51, MESSAGE QUEUE LENGTH: 0

2025-03-05 03:28:01,700 - INFO - EVENT: Internal Event | LOGICAL TIME: 209 | PHYSICAL TIME: 2025-03-05 03:28:01.70, MESSAGE QUEUE LENGTH: 0

2025-03-05 03:28:01,871 - INFO - EVENT: Internal Event | LOGICAL TIME: 210 | PHYSICAL TIME: 2025-03-05 03:28:01.87, MESSAGE QUEUE LENGTH: 0

2025-03-05 03:28:02,044 - INFO - EVENT: Send Msg | RECIPIENT: 2 | LOGICAL TIME: 211 | PHYSICAL TIME: 2025-03-05 03:28:02.04, MESSAGE QUEUE LENGTH: 0

2025-03-05 03:28:02,221 - INFO - EVENT: Receive Msg | SENDER: 2 | LOGICAL TIME: 212 | PHYSICAL TIME: 2025-03-05 03:28:02.00, MESSAGE QUEUE LENGTH: 1

2025-03-05 03:28:02,421 - INFO - EVENT: Internal Event | LOGICAL TIME: 213 | PHYSICAL TIME: 2025-03-05 03:28:02.42, MESSAGE QUEUE LENGTH: 0

2025-03-05 03:28:02,702 - INFO - EVENT: Internal Event | LOGICAL TIME: 214 | PHYSICAL TIME: 2025-03-05 03:28:02.70, MESSAGE QUEUE LENGTH: 0

2025-03-05 03:28:02,984 - INFO - EVENT: Internal Event | LOGICAL TIME: 215 | PHYSICAL TIME: 2025-03-05 03:28:02.98, MESSAGE QUEUE LENGTH: 0

2025-03-05 03:28:03,264 - INFO - EVENT: Internal Event | LOGICAL TIME: 216 | PHYSICAL TIME: 2025-03-05 03:28:03.26, MESSAGE QUEUE LENGTH: 0

2025-03-05 03:28:03,534 - INFO - EVENT: Internal Event | LOGICAL TIME: 217 | PHYSICAL TIME: 2025-03-05 03:28:03.53, MESSAGE QUEUE LENGTH: 0

2025-03-05 03:28:03,735 - INFO - EVENT: Internal Event | LOGICAL TIME: 218 | PHYSICAL TIME: 2025-03-05 03:28:03.73, MESSAGE QUEUE LENGTH: 0

2025-03-05 03:28:04,015 - INFO - EVENT: Receive Msg | SENDER: 2 | LOGICAL TIME: 219 | PHYSICAL TIME: 2025-03-05 03:28:03.00, MESSAGE QUEUE LENGTH: 1

2025-03-05 03:28:04,196 - INFO - EVENT: Send Msg | RECIPIENT: 1 | LOGICAL TIME: 220 | PHYSICAL TIME: 2025-03-05 03:28:04.19, MESSAGE QUEUE LENGTH: 0

2025-03-05 03:28:04,367 - INFO - EVENT: Internal Event | LOGICAL TIME: 221 | PHYSICAL TIME: 2025-03-05 03:28:04.36, MESSAGE QUEUE LENGTH: 0

2025-03-05 03:28:04,602 - INFO - EVENT: Internal Event | LOGICAL TIME: 222 | PHYSICAL TIME: 2025-03-05 03:28:04.60, MESSAGE QUEUE LENGTH: 0

2025-03-05 03:28:04,786 - INFO - EVENT: Send Msg | RECIPIENT: 1 | LOGICAL TIME: 223 | PHYSICAL TIME: 2025-03-05 03:28:04.78, MESSAGE QUEUE LENGTH: 0

2025-03-05 03:28:04,968 - INFO - EVENT: Receive Msg | SENDER: 2 | LOGICAL TIME: 224 | PHYSICAL TIME: 2025-03-05 03:28:04.00, MESSAGE QUEUE LENGTH: 1

2025-03-05 03:28:05,202 - INFO - EVENT: Internal Event | LOGICAL TIME: 225 | PHYSICAL TIME: 2025-03-05 03:28:05.20, MESSAGE QUEUE LENGTH: 0

2025-03-05 03:28:05,384 - INFO - EVENT: Internal Event | LOGICAL TIME: 226 | PHYSICAL TIME: 2025-03-05 03:28:05.38, MESSAGE QUEUE LENGTH: 0

2025-03-05 03:28:05,671 - INFO - EVENT: Receive Msg | SENDER: 2 | LOGICAL TIME: 227 | PHYSICAL TIME: 2025-03-05 03:28:05.00, MESSAGE QUEUE LENGTH: 1

2025-03-05 03:28:05,869 - INFO - EVENT: Internal Event | LOGICAL TIME: 228 | PHYSICAL TIME: 2025-03-05 03:28:05.86, MESSAGE QUEUE LENGTH: 0

2025-03-05 03:28:06,078 - INFO - EVENT: Internal Event | LOGICAL TIME: 229 | PHYSICAL TIME: 2025-03-05 03:28:06.07, MESSAGE QUEUE LENGTH: 0

2025-03-05 03:28:06,249 - INFO - EVENT: Receive Msg | SENDER: 2 | LOGICAL TIME: 230 | PHYSICAL TIME: 2025-03-05 03:28:06.00, MESSAGE QUEUE LENGTH: 1

2025-03-05 03:28:06,419 - INFO - EVENT: Internal Event | LOGICAL TIME: 231 | PHYSICAL TIME: 2025-03-05 03:28:06.41, MESSAGE QUEUE LENGTH: 0

2025-03-05 03:28:06,620 - INFO - EVENT: Send Msg | RECIPIENT: 1 | LOGICAL TIME: 232 | PHYSICAL TIME: 2025-03-05 03:28:06.62, MESSAGE QUEUE LENGTH: 0

2025-03-05 03:28:06,800 - INFO - EVENT: Send Msg | RECIPIENT: 1 | LOGICAL TIME: 233 | PHYSICAL TIME: 2025-03-05 03:28:06.80, MESSAGE QUEUE LENGTH: 0

2025-03-05 03:28:06,971 - INFO - EVENT: Send Msg | RECIPIENT: 2 | LOGICAL TIME: 234 | PHYSICAL TIME: 2025-03-05 03:28:06.97, MESSAGE QUEUE LENGTH: 0

2025-03-05 03:28:07,154 - INFO - EVENT: Send Msg | RECIPIENT: 2 | LOGICAL TIME: 235 | PHYSICAL TIME: 2025-03-05 03:28:07.15, MESSAGE QUEUE LENGTH: 0

2025-03-05 03:28:07,330 - INFO - EVENT: Internal Event | LOGICAL TIME: 236 | PHYSICAL TIME: 2025-03-05 03:28:07.33, MESSAGE QUEUE LENGTH: 0

2025-03-05 03:28:07,502 - INFO - EVENT: Internal Event | LOGICAL TIME: 237 | PHYSICAL TIME: 2025-03-05 03:28:07.50, MESSAGE QUEUE LENGTH: 0

2025-03-05 03:28:07,721 - INFO - EVENT: Send Msg | RECIPIENT: 1 and 2 | LOGICAL TIME: 238 | PHYSICAL TIME: 2025-03-05 03:28:07.72, MESSAGE QUEUE LENGTH: 0

2025-03-05 03:28:07,900 - INFO - EVENT: Receive Msg | SENDER: 2 | LOGICAL TIME: 239 | PHYSICAL TIME: 2025-03-05 03:28:07.00, MESSAGE QUEUE LENGTH: 1

2025-03-05 03:28:08,185 - INFO - EVENT: Send Msg | RECIPIENT: 1 | LOGICAL TIME: 240 | PHYSICAL TIME: 2025-03-05 03:28:08.18, MESSAGE QUEUE LENGTH: 0

2025-03-05 03:28:08,356 - INFO - EVENT: Send Msg | RECIPIENT: 2 | LOGICAL TIME: 241 | PHYSICAL TIME: 2025-03-05 03:28:08.35, MESSAGE QUEUE LENGTH: 0

2025-03-05 03:28:08,539 - INFO - EVENT: Receive Msg | SENDER: 2 | LOGICAL TIME: 242 | PHYSICAL TIME: 2025-03-05 03:28:08.00, MESSAGE QUEUE LENGTH: 1

2025-03-05 03:28:08,804 - INFO - EVENT: Send Msg | RECIPIENT: 1 and 2 | LOGICAL TIME: 243 | PHYSICAL TIME: 2025-03-05 03:28:08.80, MESSAGE QUEUE LENGTH: 0

2025-03-05 03:28:08,988 - INFO - EVENT: Send Msg | RECIPIENT: 1 and 2 | LOGICAL TIME: 244 | PHYSICAL TIME: 2025-03-05 03:28:08.98, MESSAGE QUEUE LENGTH: 0

2025-03-05 03:28:09,204 - INFO - EVENT: Send Msg | RECIPIENT: 2 | LOGICAL TIME: 245 | PHYSICAL TIME: 2025-03-05 03:28:09.20, MESSAGE QUEUE LENGTH: 0

2025-03-05 03:28:09,405 - INFO - EVENT: Send Msg | RECIPIENT: 1 and 2 | LOGICAL TIME: 246 | PHYSICAL TIME: 2025-03-05 03:28:09.40, MESSAGE QUEUE LENGTH: 0

2025-03-05 03:28:09,572 - INFO - EVENT: Send Msg | RECIPIENT: 2 | LOGICAL TIME: 247 | PHYSICAL TIME: 2025-03-05 03:28:09.57, MESSAGE QUEUE LENGTH: 0

2025-03-05 03:28:09,766 - INFO - EVENT: Send Msg | RECIPIENT: 1 and 2 | LOGICAL TIME: 248 | PHYSICAL TIME: 2025-03-05 03:28:09.76, MESSAGE QUEUE LENGTH: 0

2025-03-05 03:28:09,940 - INFO - EVENT: Internal Event | LOGICAL TIME: 249 | PHYSICAL TIME: 2025-03-05 03:28:09.94, MESSAGE QUEUE LENGTH: 0

2025-03-05 03:28:10,156 - INFO - EVENT: Internal Event | LOGICAL TIME: 250 | PHYSICAL TIME: 2025-03-05 03:28:10.15, MESSAGE QUEUE LENGTH: 0

2025-03-05 03:28:10,336 - INFO - EVENT: Send Msg | RECIPIENT: 1 | LOGICAL TIME: 251 | PHYSICAL TIME: 2025-03-05 03:28:10.33, MESSAGE QUEUE LENGTH: 0

2025-03-05 03:28:10,540 - INFO - EVENT: Internal Event | LOGICAL TIME: 252 | PHYSICAL TIME: 2025-03-05 03:28:10.54, MESSAGE QUEUE LENGTH: 0

2025-03-05 03:28:10,815 - INFO - EVENT: Internal Event | LOGICAL TIME: 253 | PHYSICAL TIME: 2025-03-05 03:28:10.81, MESSAGE QUEUE LENGTH: 0

2025-03-05 03:28:11,055 - INFO - EVENT: Send Msg | RECIPIENT: 2 | LOGICAL TIME: 254 | PHYSICAL TIME: 2025-03-05 03:28:11.05, MESSAGE QUEUE LENGTH: 0

2025-03-05 03:28:11,225 - INFO - EVENT: Send Msg | RECIPIENT: 1 | LOGICAL TIME: 255 | PHYSICAL TIME: 2025-03-05 03:28:11.22, MESSAGE QUEUE LENGTH: 0

2025-03-05 03:28:11,423 - INFO - EVENT: Send Msg | RECIPIENT: 1 | LOGICAL TIME: 256 | PHYSICAL TIME: 2025-03-05 03:28:11.42, MESSAGE QUEUE LENGTH: 0

2025-03-05 03:28:11,673 - INFO - EVENT: Send Msg | RECIPIENT: 2 | LOGICAL TIME: 257 | PHYSICAL TIME: 2025-03-05 03:28:11.67, MESSAGE QUEUE LENGTH: 0

2025-03-05 03:28:11,841 - INFO - EVENT: Send Msg | RECIPIENT: 2 | LOGICAL TIME: 258 | PHYSICAL TIME: 2025-03-05 03:28:11.84, MESSAGE QUEUE LENGTH: 0

2025-03-05 03:28:12,122 - INFO - EVENT: Send Msg | RECIPIENT: 1 and 2 | LOGICAL TIME: 259 | PHYSICAL TIME: 2025-03-05 03:28:12.12, MESSAGE QUEUE LENGTH: 0

2025-03-05 03:28:12,305 - INFO - EVENT: Send Msg | RECIPIENT: 1 | LOGICAL TIME: 260 | PHYSICAL TIME: 2025-03-05 03:28:12.30, MESSAGE QUEUE LENGTH: 0

2025-03-05 03:28:12,557 - INFO - EVENT: Send Msg | RECIPIENT: 1 | LOGICAL TIME: 261 | PHYSICAL TIME: 2025-03-05 03:28:12.55, MESSAGE QUEUE LENGTH: 0

2025-03-05 03:28:12,757 - INFO - EVENT: Internal Event | LOGICAL TIME: 262 | PHYSICAL TIME: 2025-03-05 03:28:12.75, MESSAGE QUEUE LENGTH: 0

2025-03-05 03:28:12,925 - INFO - EVENT: Internal Event | LOGICAL TIME: 263 | PHYSICAL TIME: 2025-03-05 03:28:12.92, MESSAGE QUEUE LENGTH: 0

2025-03-05 03:28:13,109 - INFO - EVENT: Send Msg | RECIPIENT: 1 | LOGICAL TIME: 264 | PHYSICAL TIME: 2025-03-05 03:28:13.10, MESSAGE QUEUE LENGTH: 0

2025-03-05 03:28:13,353 - INFO - EVENT: Internal Event | LOGICAL TIME: 265 | PHYSICAL TIME: 2025-03-05 03:28:13.35, MESSAGE QUEUE LENGTH: 0

2025-03-05 03:28:13,542 - INFO - EVENT: Receive Msg | SENDER: 2 | LOGICAL TIME: 266 | PHYSICAL TIME: 2025-03-05 03:28:13.00, MESSAGE QUEUE LENGTH: 1

2025-03-05 03:28:13,711 - INFO - EVENT: Internal Event | LOGICAL TIME: 267 | PHYSICAL TIME: 2025-03-05 03:28:13.71, MESSAGE QUEUE LENGTH: 0

2025-03-05 03:28:13,909 - INFO - EVENT: Send Msg | RECIPIENT: 1 and 2 | LOGICAL TIME: 268 | PHYSICAL TIME: 2025-03-05 03:28:13.90, MESSAGE QUEUE LENGTH: 0

2025-03-05 03:28:14,120 - INFO - EVENT: Internal Event | LOGICAL TIME: 269 | PHYSICAL TIME: 2025-03-05 03:28:14.12, MESSAGE QUEUE LENGTH: 0

2025-03-05 03:28:14,310 - INFO - EVENT: Internal Event | LOGICAL TIME: 270 | PHYSICAL TIME: 2025-03-05 03:28:14.31, MESSAGE QUEUE LENGTH: 0

2025-03-05 03:28:14,509 - INFO - EVENT: Receive Msg | SENDER: 2 | LOGICAL TIME: 271 | PHYSICAL TIME: 2025-03-05 03:28:14.00, MESSAGE QUEUE LENGTH: 1

2025-03-05 03:28:14,677 - INFO - EVENT: Send Msg | RECIPIENT: 2 | LOGICAL TIME: 272 | PHYSICAL TIME: 2025-03-05 03:28:14.67, MESSAGE QUEUE LENGTH: 0

2025-03-05 03:28:14,955 - INFO - EVENT: Send Msg | RECIPIENT: 1 | LOGICAL TIME: 273 | PHYSICAL TIME: 2025-03-05 03:28:14.95, MESSAGE QUEUE LENGTH: 0

2025-03-05 03:28:15,145 - INFO - EVENT: Internal Event | LOGICAL TIME: 274 | PHYSICAL TIME: 2025-03-05 03:28:15.14, MESSAGE QUEUE LENGTH: 0

2025-03-05 03:28:15,361 - INFO - EVENT: Internal Event | LOGICAL TIME: 275 | PHYSICAL TIME: 2025-03-05 03:28:15.36, MESSAGE QUEUE LENGTH: 0

2025-03-05 03:28:15,596 - INFO - EVENT: Internal Event | LOGICAL TIME: 276 | PHYSICAL TIME: 2025-03-05 03:28:15.59, MESSAGE QUEUE LENGTH: 0

2025-03-05 03:28:15,794 - INFO - EVENT: Send Msg | RECIPIENT: 1 | LOGICAL TIME: 277 | PHYSICAL TIME: 2025-03-05 03:28:15.79, MESSAGE QUEUE LENGTH: 0

2025-03-05 03:28:16,010 - INFO - EVENT: Internal Event | LOGICAL TIME: 278 | PHYSICAL TIME: 2025-03-05 03:28:16.01, MESSAGE QUEUE LENGTH: 0

2025-03-05 03:28:16,188 - INFO - EVENT: Send Msg | RECIPIENT: 2 | LOGICAL TIME: 279 | PHYSICAL TIME: 2025-03-05 03:28:16.18, MESSAGE QUEUE LENGTH: 0

2025-03-05 03:28:16,389 - INFO - EVENT: Internal Event | LOGICAL TIME: 280 | PHYSICAL TIME: 2025-03-05 03:28:16.38, MESSAGE QUEUE LENGTH: 0

2025-03-05 03:28:16,558 - INFO - EVENT: Send Msg | RECIPIENT: 2 | LOGICAL TIME: 281 | PHYSICAL TIME: 2025-03-05 03:28:16.55, MESSAGE QUEUE LENGTH: 0

2025-03-05 03:28:16,727 - INFO - EVENT: Send Msg | RECIPIENT: 1 | LOGICAL TIME: 282 | PHYSICAL TIME: 2025-03-05 03:28:16.72, MESSAGE QUEUE LENGTH: 0

2025-03-05 03:28:16,907 - INFO - EVENT: Internal Event | LOGICAL TIME: 283 | PHYSICAL TIME: 2025-03-05 03:28:16.90, MESSAGE QUEUE LENGTH: 0

2025-03-05 03:28:17,111 - INFO - EVENT: Send Msg | RECIPIENT: 1 and 2 | LOGICAL TIME: 284 | PHYSICAL TIME: 2025-03-05 03:28:17.11, MESSAGE QUEUE LENGTH: 0

2025-03-05 03:28:17,279 - INFO - EVENT: Receive Msg | SENDER: 2 | LOGICAL TIME: 285 | PHYSICAL TIME: 2025-03-05 03:28:17.00, MESSAGE QUEUE LENGTH: 1

2025-03-05 03:28:17,493 - INFO - EVENT: Internal Event | LOGICAL TIME: 286 | PHYSICAL TIME: 2025-03-05 03:28:17.49, MESSAGE QUEUE LENGTH: 0

2025-03-05 03:28:17,693 - INFO - EVENT: Receive Msg | SENDER: 2 | LOGICAL TIME: 287 | PHYSICAL TIME: 2025-03-05 03:28:17.00, MESSAGE QUEUE LENGTH: 1

2025-03-05 03:28:18,026 - INFO - EVENT: Send Msg | RECIPIENT: 1 and 2 | LOGICAL TIME: 288 | PHYSICAL TIME: 2025-03-05 03:28:18.02, MESSAGE QUEUE LENGTH: 0

2025-03-05 03:28:18,195 - INFO - EVENT: Internal Event | LOGICAL TIME: 289 | PHYSICAL TIME: 2025-03-05 03:28:18.19, MESSAGE QUEUE LENGTH: 0

2025-03-05 03:28:18,462 - INFO - EVENT: Internal Event | LOGICAL TIME: 290 | PHYSICAL TIME: 2025-03-05 03:28:18.46, MESSAGE QUEUE LENGTH: 0

2025-03-05 03:28:18,644 - INFO - EVENT: Receive Msg | SENDER: 2 | LOGICAL TIME: 291 | PHYSICAL TIME: 2025-03-05 03:28:18.00, MESSAGE QUEUE LENGTH: 1

2025-03-05 03:28:18,880 - INFO - EVENT: Internal Event | LOGICAL TIME: 292 | PHYSICAL TIME: 2025-03-05 03:28:18.88, MESSAGE QUEUE LENGTH: 0

2025-03-05 03:28:19,130 - INFO - EVENT: Internal Event | LOGICAL TIME: 293 | PHYSICAL TIME: 2025-03-05 03:28:19.13, MESSAGE QUEUE LENGTH: 0

2025-03-05 03:28:19,311 - INFO - EVENT: Internal Event | LOGICAL TIME: 294 | PHYSICAL TIME: 2025-03-05 03:28:19.31, MESSAGE QUEUE LENGTH: 0

2025-03-05 03:28:19,479 - INFO - EVENT: Internal Event | LOGICAL TIME: 295 | PHYSICAL TIME: 2025-03-05 03:28:19.47, MESSAGE QUEUE LENGTH: 0

2025-03-05 03:28:19,716 - INFO - EVENT: Send Msg | RECIPIENT: 1 and 2 | LOGICAL TIME: 296 | PHYSICAL TIME: 2025-03-05 03:28:19.71, MESSAGE QUEUE LENGTH: 0

2025-03-05 03:28:19,898 - INFO - EVENT: Internal Event | LOGICAL TIME: 297 | PHYSICAL TIME: 2025-03-05 03:28:19.89, MESSAGE QUEUE LENGTH: 0

2025-03-05 03:28:20,083 - INFO - EVENT: Internal Event | LOGICAL TIME: 298 | PHYSICAL TIME: 2025-03-05 03:28:20.08, MESSAGE QUEUE LENGTH: 0

2025-03-05 03:28:20,348 - INFO - EVENT: Send Msg | RECIPIENT: 1 | LOGICAL TIME: 299 | PHYSICAL TIME: 2025-03-05 03:28:20.34, MESSAGE QUEUE LENGTH: 0

2025-03-05 03:28:20,545 - INFO - EVENT: Internal Event | LOGICAL TIME: 300 | PHYSICAL TIME: 2025-03-05 03:28:20.54, MESSAGE QUEUE LENGTH: 0

2025-03-05 03:28:20,716 - INFO - EVENT: Send Msg | RECIPIENT: 1 | LOGICAL TIME: 301 | PHYSICAL TIME: 2025-03-05 03:28:20.71, MESSAGE QUEUE LENGTH: 0

2025-03-05 03:28:20,931 - INFO - EVENT: Internal Event | LOGICAL TIME: 302 | PHYSICAL TIME: 2025-03-05 03:28:20.93, MESSAGE QUEUE LENGTH: 0

2025-03-05 03:28:21,147 - INFO - EVENT: Internal Event | LOGICAL TIME: 303 | PHYSICAL TIME: 2025-03-05 03:28:21.14, MESSAGE QUEUE LENGTH: 0

2025-03-05 03:28:21,316 - INFO - EVENT: Internal Event | LOGICAL TIME: 304 | PHYSICAL TIME: 2025-03-05 03:28:21.31, MESSAGE QUEUE LENGTH: 0

2025-03-05 03:28:21,532 - INFO - EVENT: Send Msg | RECIPIENT: 1 | LOGICAL TIME: 305 | PHYSICAL TIME: 2025-03-05 03:28:21.53, MESSAGE QUEUE LENGTH: 0

2025-03-05 03:28:21,716 - INFO - EVENT: Receive Msg | SENDER: 2 | LOGICAL TIME: 306 | PHYSICAL TIME: 2025-03-05 03:28:21.00, MESSAGE QUEUE LENGTH: 1

2025-03-05 03:28:21,917 - INFO - EVENT: Internal Event | LOGICAL TIME: 307 | PHYSICAL TIME: 2025-03-05 03:28:21.91, MESSAGE QUEUE LENGTH: 0

2025-03-05 03:28:22,098 - INFO - EVENT: Internal Event | LOGICAL TIME: 308 | PHYSICAL TIME: 2025-03-05 03:28:22.09, MESSAGE QUEUE LENGTH: 0

2025-03-05 03:28:22,283 - INFO - EVENT: Receive Msg | SENDER: 2 | LOGICAL TIME: 309 | PHYSICAL TIME: 2025-03-05 03:28:22.00, MESSAGE QUEUE LENGTH: 1

2025-03-05 03:28:22,548 - INFO - EVENT: Send Msg | RECIPIENT: 1 | LOGICAL TIME: 310 | PHYSICAL TIME: 2025-03-05 03:28:22.54, MESSAGE QUEUE LENGTH: 0

2025-03-05 03:28:22,734 - INFO - EVENT: Send Msg | RECIPIENT: 1 and 2 | LOGICAL TIME: 311 | PHYSICAL TIME: 2025-03-05 03:28:22.73, MESSAGE QUEUE LENGTH: 0

2025-03-05 03:28:22,983 - INFO - EVENT: Internal Event | LOGICAL TIME: 312 | PHYSICAL TIME: 2025-03-05 03:28:22.98, MESSAGE QUEUE LENGTH: 0

2025-03-05 03:28:23,167 - INFO - EVENT: Internal Event | LOGICAL TIME: 313 | PHYSICAL TIME: 2025-03-05 03:28:23.16, MESSAGE QUEUE LENGTH: 0

2025-03-05 03:28:23,364 - INFO - EVENT: Internal Event | LOGICAL TIME: 314 | PHYSICAL TIME: 2025-03-05 03:28:23.36, MESSAGE QUEUE LENGTH: 0

2025-03-05 03:28:23,569 - INFO - EVENT: Internal Event | LOGICAL TIME: 315 | PHYSICAL TIME: 2025-03-05 03:28:23.56, MESSAGE QUEUE LENGTH: 0

2025-03-05 03:28:23,768 - INFO - EVENT: Send Msg | RECIPIENT: 1 | LOGICAL TIME: 316 | PHYSICAL TIME: 2025-03-05 03:28:23.76, MESSAGE QUEUE LENGTH: 0

2025-03-05 03:28:23,962 - INFO - EVENT: Send Msg | RECIPIENT: 1 | LOGICAL TIME: 317 | PHYSICAL TIME: 2025-03-05 03:28:23.96, MESSAGE QUEUE LENGTH: 0

2025-03-05 03:28:24,151 - INFO - EVENT: Send Msg | RECIPIENT: 2 | LOGICAL TIME: 318 | PHYSICAL TIME: 2025-03-05 03:28:24.15, MESSAGE QUEUE LENGTH: 0

