2025-03-05 03:27:18,363 - Process-2 - INFO - Starting server for client 2 at localhost:54401
2025-03-05 03:27:18,376 - Process-3 - INFO - Starting server for client 3 at localhost:54402
2025-03-05 03:27:18,376 - Process-3 - INFO - Connected to client 1 at localhost:54400
2025-03-05 03:27:18,614 - Process-1 - INFO - Connected to client 2 at localhost:54401
2025-03-05 03:27:18,830 - Process-3 - INFO - Connected to client 2 at localhost:54401
2025-03-05 03:27:18,879 - Process-2 - INFO - Connected to client 3 at localhost:54402
2025-03-05 03:27:18,914 - Process-1 - INFO - Message Received from client 3
2025-03-05 03:27:18,991 - Process-1 - INFO - Message Received from client 2
2025-03-05 03:27:19,129 - Process-1 - INFO - Connected to client 3 at localhost:54402
2025-03-05 03:27:19,192 - Process-3 - INFO - Message Received from client 2
2025-03-05 03:27:19,199 - Process-2 - INFO - Message Received from client 1
2025-03-05 03:27:19,327 - Process-2 - INFO - Message Received from client 3
2025-03-05 03:27:19,398 - Process-1 - INFO - Message Received from client 3
2025-03-05 03:27:19,428 - Process-3 - INFO - Message Received from client 1
2025-03-05 03:27:19,655 - Process-2 - INFO - Message Received from client 3
2025-03-05 03:27:19,870 - Process-1 - INFO - Message Received from client 3
2025-03-05 03:27:19,898 - Process-2 - INFO - Message Received from client 3
2025-03-05 03:27:20,329 - Process-1 - INFO - Message Received from client 3
2025-03-05 03:27:20,565 - Process-3 - INFO - Message Received from client 2
2025-03-05 03:27:20,914 - Process-1 - INFO - Message Received from client 3
2025-03-05 03:27:21,725 - Process-2 - INFO - Message Received from client 3
2025-03-05 03:27:21,866 - Process-1 - INFO - Message Received from client 3
2025-03-05 03:27:21,897 - Process-2 - INFO - Message Received from client 3
2025-03-05 03:27:22,473 - Process-3 - INFO - Message Received from client 2
2025-03-05 03:27:22,532 - Process-1 - INFO - Message Received from client 3
2025-03-05 03:27:22,791 - Process-1 - INFO - Message Received from client 2
2025-03-05 03:27:22,885 - Process-2 - INFO - Message Received from client 3
2025-03-05 03:27:23,025 - Process-1 - INFO - Message Received from client 3
2025-03-05 03:27:23,531 - Process-2 - INFO - Message Received from client 3
2025-03-05 03:27:23,566 - Process-1 - INFO - Message Received from client 2
2025-03-05 03:27:23,634 - Process-1 - INFO - Message Received from client 3
2025-03-05 03:27:23,650 - Process-3 - INFO - Message Received from client 2
2025-03-05 03:27:24,464 - Process-1 - INFO - Message Received from client 3
2025-03-05 03:27:24,542 - Process-3 - INFO - Message Received from client 2
2025-03-05 03:27:25,803 - Process-2 - INFO - Message Received from client 3
2025-03-05 03:27:25,869 - Process-3 - INFO - Message Received from client 2
2025-03-05 03:27:25,954 - Process-2 - INFO - Message Received from client 3
2025-03-05 03:27:27,088 - Process-2 - INFO - Message Received from client 3
2025-03-05 03:27:27,739 - Process-2 - INFO - Message Received from client 3
2025-03-05 03:27:28,117 - Process-2 - INFO - Message Received from client 3
2025-03-05 03:27:28,538 - Process-1 - INFO - Message Received from client 3
2025-03-05 03:27:28,553 - Process-1 - INFO - Message Received from client 2
2025-03-05 03:27:28,606 - Process-3 - INFO - Message Received from client 2
2025-03-05 03:27:28,671 - Process-2 - INFO - Message Received from client 3
2025-03-05 03:27:29,305 - Process-3 - INFO - Message Received from client 2
2025-03-05 03:27:29,356 - Process-1 - INFO - Message Received from client 2
2025-03-05 03:27:30,372 - Process-2 - INFO - Message Received from client 3
2025-03-05 03:27:30,424 - Process-3 - INFO - Message Received from client 2
2025-03-05 03:27:31,039 - Process-2 - INFO - Message Received from client 3
2025-03-05 03:27:31,155 - Process-1 - INFO - Message Received from client 3
2025-03-05 03:27:31,270 - Process-2 - INFO - Message Received from client 3
2025-03-05 03:27:31,891 - Process-1 - INFO - Message Received from client 2
2025-03-05 03:27:32,043 - Process-2 - INFO - Message Received from client 3
2025-03-05 03:27:32,089 - Process-1 - INFO - Message Received from client 3
2025-03-05 03:27:32,790 - Process-1 - INFO - Message Received from client 2
2025-03-05 03:27:33,226 - Process-1 - INFO - Message Received from client 2
2025-03-05 03:27:33,358 - Process-1 - INFO - Message Received from client 3
2025-03-05 03:27:33,358 - Process-2 - INFO - Message Received from client 3
2025-03-05 03:27:33,974 - Process-1 - INFO - Message Received from client 2
2025-03-05 03:27:34,406 - Process-1 - INFO - Message Received from client 2
2025-03-05 03:27:34,477 - Process-3 - INFO - Message Received from client 2
2025-03-05 03:27:34,792 - Process-1 - INFO - Message Received from client 3
2025-03-05 03:27:34,895 - Process-3 - INFO - Message Received from client 2
2025-03-05 03:27:34,926 - Process-1 - INFO - Message Received from client 2
2025-03-05 03:27:35,725 - Process-2 - INFO - Message Received from client 3
2025-03-05 03:27:36,303 - Process-1 - INFO - Message Received from client 2
2025-03-05 03:27:36,543 - Process-3 - INFO - Message Received from client 2
2025-03-05 03:27:36,640 - Process-2 - INFO - Message Received from client 3
2025-03-05 03:27:36,739 - Process-1 - INFO - Message Received from client 3
2025-03-05 03:27:36,911 - Process-1 - INFO - Message Received from client 3
2025-03-05 03:27:36,962 - Process-2 - INFO - Message Received from client 3
2025-03-05 03:27:37,122 - Process-1 - INFO - Message Received from client 3
2025-03-05 03:27:37,229 - Process-2 - INFO - Message Received from client 3
2025-03-05 03:27:37,531 - Process-1 - INFO - Message Received from client 3
2025-03-05 03:27:37,691 - Process-2 - INFO - Message Received from client 3
2025-03-05 03:27:38,261 - Process-1 - INFO - Message Received from client 3
2025-03-05 03:27:38,473 - Process-1 - INFO - Message Received from client 2
2025-03-05 03:27:38,747 - Process-2 - INFO - Message Received from client 3
2025-03-05 03:27:38,945 - Process-2 - INFO - Message Received from client 3
2025-03-05 03:27:38,961 - Process-1 - INFO - Message Received from client 3
2025-03-05 03:27:39,231 - Process-2 - INFO - Message Received from client 3
2025-03-05 03:27:39,246 - Process-1 - INFO - Message Received from client 3
2025-03-05 03:27:39,863 - Process-1 - INFO - Message Received from client 3
2025-03-05 03:27:40,650 - Process-2 - INFO - Message Received from client 3
2025-03-05 03:27:41,278 - Process-3 - INFO - Message Received from client 2
2025-03-05 03:27:41,634 - Process-1 - INFO - Message Received from client 2
2025-03-05 03:27:42,147 - Process-3 - INFO - Message Received from client 2
2025-03-05 03:27:42,568 - Process-1 - INFO - Message Received from client 3
2025-03-05 03:27:42,701 - Process-2 - INFO - Message Received from client 3
2025-03-05 03:27:43,529 - Process-3 - INFO - Message Received from client 2
2025-03-05 03:27:43,750 - Process-2 - INFO - Message Received from client 3
2025-03-05 03:27:43,781 - Process-3 - INFO - Message Received from client 2
2025-03-05 03:27:44,201 - Process-2 - INFO - Message Received from client 3
2025-03-05 03:27:44,429 - Process-2 - INFO - Message Received from client 3
2025-03-05 03:27:44,686 - Process-1 - INFO - Message Received from client 3
2025-03-05 03:27:44,749 - Process-2 - INFO - Message Received from client 3
2025-03-05 03:27:44,885 - Process-1 - INFO - Message Received from client 3
2025-03-05 03:27:45,054 - Process-1 - INFO - Message Received from client 3
2025-03-05 03:27:45,550 - Process-2 - INFO - Message Received from client 3
2025-03-05 03:27:45,600 - Process-1 - INFO - Message Received from client 2
2025-03-05 03:27:45,616 - Process-3 - INFO - Message Received from client 2
2025-03-05 03:27:46,034 - Process-1 - INFO - Message Received from client 3
2025-03-05 03:27:46,299 - Process-1 - INFO - Message Received from client 3
2025-03-05 03:27:46,669 - Process-2 - INFO - Message Received from client 3
2025-03-05 03:27:46,919 - Process-2 - INFO - Message Received from client 3
2025-03-05 03:27:46,938 - Process-1 - INFO - Message Received from client 3
2025-03-05 03:27:47,319 - Process-2 - INFO - Message Received from client 3
2025-03-05 03:27:47,703 - Process-1 - INFO - Message Received from client 3
2025-03-05 03:27:47,932 - Process-1 - INFO - Message Received from client 2
2025-03-05 03:27:48,422 - Process-2 - INFO - Message Received from client 3
2025-03-05 03:27:48,939 - Process-3 - INFO - Message Received from client 2
2025-03-05 03:27:49,739 - Process-2 - INFO - Message Received from client 3
2025-03-05 03:27:50,470 - Process-1 - INFO - Message Received from client 3
2025-03-05 03:27:50,524 - Process-2 - INFO - Message Received from client 3
2025-03-05 03:27:50,608 - Process-1 - INFO - Message Received from client 2
2025-03-05 03:27:51,491 - Process-1 - INFO - Message Received from client 3
2025-03-05 03:27:51,588 - Process-2 - INFO - Message Received from client 3
2025-03-05 03:27:51,639 - Process-3 - INFO - Message Received from client 2
2025-03-05 03:27:51,806 - Process-1 - INFO - Message Received from client 3
2025-03-05 03:27:52,239 - Process-3 - INFO - Message Received from client 2
2025-03-05 03:27:52,937 - Process-3 - INFO - Message Received from client 2
2025-03-05 03:27:53,121 - Process-1 - INFO - Message Received from client 2
2025-03-05 03:27:53,305 - Process-1 - INFO - Message Received from client 2
2025-03-05 03:27:53,305 - Process-3 - INFO - Message Received from client 2
2025-03-05 03:27:53,907 - Process-3 - INFO - Message Received from client 2
2025-03-05 03:27:54,159 - Process-3 - INFO - Message Received from client 2
2025-03-05 03:27:54,174 - Process-1 - INFO - Message Received from client 2
2025-03-05 03:27:54,221 - Process-1 - INFO - Message Received from client 3
2025-03-05 03:27:54,623 - Process-2 - INFO - Message Received from client 3
2025-03-05 03:27:54,744 - Process-1 - INFO - Message Received from client 3
2025-03-05 03:27:55,012 - Process-1 - INFO - Message Received from client 3
2025-03-05 03:27:55,042 - Process-2 - INFO - Message Received from client 3
2025-03-05 03:27:55,092 - Process-3 - INFO - Message Received from client 2
2025-03-05 03:27:55,208 - Process-1 - INFO - Message Received from client 3
2025-03-05 03:27:55,632 - Process-2 - INFO - Message Received from client 3
2025-03-05 03:27:55,738 - Process-1 - INFO - Message Received from client 3
2025-03-05 03:27:56,494 - Process-3 - INFO - Message Received from client 2
2025-03-05 03:27:56,710 - Process-3 - INFO - Message Received from client 2
2025-03-05 03:27:57,443 - Process-1 - INFO - Message Received from client 3
2025-03-05 03:27:57,478 - Process-2 - INFO - Message Received from client 3
2025-03-05 03:27:57,929 - Process-2 - INFO - Message Received from client 3
2025-03-05 03:27:58,094 - Process-1 - INFO - Message Received from client 3
2025-03-05 03:27:58,280 - Process-2 - INFO - Message Received from client 3
2025-03-05 03:27:58,727 - Process-2 - INFO - Message Received from client 3
2025-03-05 03:27:58,743 - Process-1 - INFO - Message Received from client 3
2025-03-05 03:27:59,381 - Process-2 - INFO - Message Received from client 3
2025-03-05 03:27:59,396 - Process-1 - INFO - Message Received from client 2
2025-03-05 03:27:59,447 - Process-1 - INFO - Message Received from client 3
2025-03-05 03:27:59,479 - Process-3 - INFO - Message Received from client 2
2025-03-05 03:27:59,546 - Process-2 - INFO - Message Received from client 3
2025-03-05 03:27:59,779 - Process-1 - INFO - Message Received from client 3
2025-03-05 03:28:00,175 - Process-1 - INFO - Message Received from client 3
2025-03-05 03:28:00,191 - Process-2 - INFO - Message Received from client 3
2025-03-05 03:28:00,578 - Process-2 - INFO - Message Received from client 3
2025-03-05 03:28:00,583 - Process-1 - INFO - Message Received from client 3
2025-03-05 03:28:01,363 - Process-2 - INFO - Message Received from client 3
2025-03-05 03:28:01,901 - Process-1 - INFO - Message Received from client 2
2025-03-05 03:28:02,083 - Process-2 - INFO - Message Received from client 3
2025-03-05 03:28:02,144 - Process-3 - INFO - Message Received from client 2
2025-03-05 03:28:02,833 - Process-1 - INFO - Message Received from client 2
2025-03-05 03:28:03,851 - Process-3 - INFO - Message Received from client 2
2025-03-05 03:28:03,882 - Process-1 - INFO - Message Received from client 2
2025-03-05 03:28:04,311 - Process-1 - INFO - Message Received from client 3
2025-03-05 03:28:04,887 - Process-1 - INFO - Message Received from client 3
2025-03-05 03:28:04,902 - Process-3 - INFO - Message Received from client 2
2025-03-05 03:28:05,599 - Process-3 - INFO - Message Received from client 2
2025-03-05 03:28:05,687 - Process-1 - INFO - Message Received from client 2
2025-03-05 03:28:05,917 - Process-1 - INFO - Message Received from client 2
2025-03-05 03:28:06,104 - Process-3 - INFO - Message Received from client 2
2025-03-05 03:28:06,265 - Process-1 - INFO - Message Received from client 2
2025-03-05 03:28:06,719 - Process-1 - INFO - Message Received from client 3
2025-03-05 03:28:07,101 - Process-2 - INFO - Message Received from client 3
2025-03-05 03:28:07,220 - Process-2 - INFO - Message Received from client 3
2025-03-05 03:28:07,362 - Process-1 - INFO - Message Received from client 3
2025-03-05 03:28:07,721 - Process-3 - INFO - Message Received from client 2
2025-03-05 03:28:07,736 - Process-2 - INFO - Message Received from client 3
2025-03-05 03:28:07,900 - Process-1 - INFO - Message Received from client 3
2025-03-05 03:28:07,971 - Process-1 - INFO - Message Received from client 2
2025-03-05 03:28:08,301 - Process-1 - INFO - Message Received from client 3
2025-03-05 03:28:08,356 - Process-3 - INFO - Message Received from client 2
2025-03-05 03:28:08,403 - Process-2 - INFO - Message Received from client 3
2025-03-05 03:28:08,886 - Process-1 - INFO - Message Received from client 3
2025-03-05 03:28:08,886 - Process-2 - INFO - Message Received from client 3
2025-03-05 03:28:09,122 - Process-1 - INFO - Message Received from client 3
2025-03-05 03:28:09,204 - Process-2 - INFO - Message Received from client 3
2025-03-05 03:28:09,588 - Process-2 - INFO - Message Received from client 3
2025-03-05 03:28:09,604 - Process-1 - INFO - Message Received from client 3
2025-03-05 03:28:09,805 - Process-1 - INFO - Message Received from client 3
2025-03-05 03:28:09,805 - Process-2 - INFO - Message Received from client 3
2025-03-05 03:28:10,007 - Process-2 - INFO - Message Received from client 3
2025-03-05 03:28:10,290 - Process-2 - INFO - Message Received from client 3
2025-03-05 03:28:10,607 - Process-1 - INFO - Message Received from client 3
2025-03-05 03:28:11,308 - Process-2 - INFO - Message Received from client 3
2025-03-05 03:28:11,438 - Process-1 - INFO - Message Received from client 3
2025-03-05 03:28:11,521 - Process-1 - INFO - Message Received from client 3
2025-03-05 03:28:11,657 - Process-1 - INFO - Message Received from client 2
2025-03-05 03:28:11,769 - Process-2 - INFO - Message Received from client 3
2025-03-05 03:28:12,138 - Process-1 - INFO - Message Received from client 3
2025-03-05 03:28:12,206 - Process-2 - INFO - Message Received from client 3
2025-03-05 03:28:12,352 - Process-2 - INFO - Message Received from client 3
2025-03-05 03:28:12,458 - Process-1 - INFO - Message Received from client 3
2025-03-05 03:28:12,807 - Process-1 - INFO - Message Received from client 3
2025-03-05 03:28:13,307 - Process-1 - INFO - Message Received from client 3
2025-03-05 03:28:13,453 - Process-3 - INFO - Message Received from client 2
2025-03-05 03:28:13,491 - Process-1 - INFO - Message Received from client 2
2025-03-05 03:28:13,925 - Process-2 - INFO - Message Received from client 3
2025-03-05 03:28:14,006 - Process-1 - INFO - Message Received from client 3
2025-03-05 03:28:14,408 - Process-3 - INFO - Message Received from client 2
2025-03-05 03:28:14,774 - Process-2 - INFO - Message Received from client 3
2025-03-05 03:28:15,108 - Process-1 - INFO - Message Received from client 3
2025-03-05 03:28:15,762 - Process-1 - INFO - Message Received from client 2
2025-03-05 03:28:15,857 - Process-1 - INFO - Message Received from client 3
2025-03-05 03:28:16,235 - Process-2 - INFO - Message Received from client 3
2025-03-05 03:28:16,573 - Process-1 - INFO - Message Received from client 2
2025-03-05 03:28:16,613 - Process-2 - INFO - Message Received from client 3
2025-03-05 03:28:16,937 - Process-1 - INFO - Message Received from client 3
2025-03-05 03:28:17,111 - Process-1 - INFO - Message Received from client 2
2025-03-05 03:28:17,128 - Process-3 - INFO - Message Received from client 2
2025-03-05 03:28:17,209 - Process-1 - INFO - Message Received from client 3
2025-03-05 03:28:17,312 - Process-2 - INFO - Message Received from client 3
2025-03-05 03:28:17,663 - Process-3 - INFO - Message Received from client 2
2025-03-05 03:28:17,677 - Process-1 - INFO - Message Received from client 2
2025-03-05 03:28:18,077 - Process-1 - INFO - Message Received from client 3
2025-03-05 03:28:18,113 - Process-2 - INFO - Message Received from client 3
2025-03-05 03:28:18,462 - Process-3 - INFO - Message Received from client 2
2025-03-05 03:28:18,529 - Process-1 - INFO - Message Received from client 2
2025-03-05 03:28:19,645 - Process-1 - INFO - Message Received from client 2
2025-03-05 03:28:19,763 - Process-1 - INFO - Message Received from client 3
2025-03-05 03:28:19,841 - Process-2 - INFO - Message Received from client 3
2025-03-05 03:28:20,076 - Process-1 - INFO - Message Received from client 2
2025-03-05 03:28:20,561 - Process-1 - INFO - Message Received from client 3
2025-03-05 03:28:20,764 - Process-1 - INFO - Message Received from client 2
2025-03-05 03:28:21,096 - Process-1 - INFO - Message Received from client 3
2025-03-05 03:28:21,200 - Process-1 - INFO - Message Received from client 2
2025-03-05 03:28:21,532 - Process-1 - INFO - Message Received from client 2
2025-03-05 03:28:21,532 - Process-3 - INFO - Message Received from client 2
2025-03-05 03:28:21,747 - Process-1 - INFO - Message Received from client 3
2025-03-05 03:28:22,250 - Process-3 - INFO - Message Received from client 2
2025-03-05 03:28:22,597 - Process-1 - INFO - Message Received from client 3
2025-03-05 03:28:22,782 - Process-2 - INFO - Message Received from client 3
2025-03-05 03:28:22,884 - Process-1 - INFO - Message Received from client 2
2025-03-05 03:28:22,884 - Process-1 - INFO - Message Received from client 3
2025-03-05 03:28:23,869 - Process-1 - INFO - Message Received from client 3
2025-03-05 03:28:23,931 - Process-2 - INFO - Stopping messaging thread for client 3
2025-03-05 03:28:23,931 - Process-2 - INFO - Stopping messaging thread for client 1
2025-03-05 03:28:24,067 - Process-1 - INFO - Message Received from client 3
2025-03-05 03:28:24,167 - Process-2 - INFO - Message Received from client 3
2025-03-05 03:28:24,202 - Process-2 - INFO - Server stopped
2025-03-05 03:28:24,205 - Process-2 - INFO - Server for client 2 stopped
2025-03-05 03:28:24,205 - Process-2 - INFO - Closing client
2025-03-05 03:28:24,336 - Process-3 - INFO - Stopping messaging thread for client 1
the result of graceful server shutdown and can be ignored.
2025-03-05 03:28:24,336 - Process-3 - INFO - Stopping messaging thread for client 2
2025-03-05 03:28:24,337 - Process-3 - INFO - Client 2 is unavailable. This is likely the result of graceful server shutdown and can be ignored.
2025-03-05 03:28:24,353 - Process-3 - INFO - Server stopped
2025-03-05 03:28:24,354 - Process-3 - INFO - Server for client 3 stopped
2025-03-05 03:28:24,359 - Process-3 - INFO - Closing client
2025-03-05 03:28:24,384 - Process-1 - INFO - Client 3 is unavailable. This is likely the result of graceful server shutdown and can be ignored.
2025-03-05 03:28:24,702 - Process-1 - INFO - Stopping messaging thread for client 3
2025-03-05 03:28:24,702 - Process-1 - INFO - Stopping messaging thread for client 2
2025-03-05 03:28:24,703 - Process-1 - INFO - Server stopped
2025-03-05 03:28:24,705 - Process-1 - INFO - Server for client 1 stopped
2025-03-05 03:28:24,711 - Process-1 - INFO - Closing client
