2025-03-04 19:16:43,084 - INFO - Clock rate for client 2: 4 events per second
2025-03-04 19:16:43,579 - INFO - EVENT: Internal Event | LOGICAL TIME: 1 | PHYSICAL TIME: 2025-03-04 19:16:43.57, MESSAGE QUEUE LENGTH: 0

2025-03-04 19:16:43,922 - INFO - EVENT: Receive Msg | SENDER: 3 | LOGICAL TIME: 2 | PHYSICAL TIME: 2025-03-04 19:16:43.00, MESSAGE QUEUE LENGTH: 2

2025-03-04 19:16:44,212 - INFO - EVENT: Receive Msg | SENDER: 1 | LOGICAL TIME: 3 | PHYSICAL TIME: 2025-03-04 19:16:43.00, MESSAGE QUEUE LENGTH: 1

2025-03-04 19:16:44,486 - INFO - EVENT: Internal Event | LOGICAL TIME: 4 | PHYSICAL TIME: 2025-03-04 19:16:44.48, MESSAGE QUEUE LENGTH: 0

2025-03-04 19:16:44,811 - INFO - EVENT: Internal Event | LOGICAL TIME: 5 | PHYSICAL TIME: 2025-03-04 19:16:44.81, MESSAGE QUEUE LENGTH: 0

2025-03-04 19:16:45,079 - INFO - EVENT: Internal Event | LOGICAL TIME: 6 | PHYSICAL TIME: 2025-03-04 19:16:45.07, MESSAGE QUEUE LENGTH: 0

2025-03-04 19:16:45,371 - INFO - EVENT: Internal Event | LOGICAL TIME: 7 | PHYSICAL TIME: 2025-03-04 19:16:45.37, MESSAGE QUEUE LENGTH: 0

2025-03-04 19:16:45,627 - INFO - EVENT: Receive Msg | SENDER: 1 | LOGICAL TIME: 8 | PHYSICAL TIME: 2025-03-04 19:16:45.00, MESSAGE QUEUE LENGTH: 1

2025-03-04 19:16:45,926 - INFO - EVENT: Send Msg | RECIPIENT: 1 | LOGICAL TIME: 9 | PHYSICAL TIME: 2025-03-04 19:16:45.92, MESSAGE QUEUE LENGTH: 0

2025-03-04 19:16:46,181 - INFO - EVENT: Internal Event | LOGICAL TIME: 10 | PHYSICAL TIME: 2025-03-04 19:16:46.18, MESSAGE QUEUE LENGTH: 0

2025-03-04 19:16:46,515 - INFO - EVENT: Internal Event | LOGICAL TIME: 11 | PHYSICAL TIME: 2025-03-04 19:16:46.51, MESSAGE QUEUE LENGTH: 0

2025-03-04 19:16:46,778 - INFO - EVENT: Internal Event | LOGICAL TIME: 12 | PHYSICAL TIME: 2025-03-04 19:16:46.77, MESSAGE QUEUE LENGTH: 0

2025-03-04 19:16:47,038 - INFO - EVENT: Internal Event | LOGICAL TIME: 13 | PHYSICAL TIME: 2025-03-04 19:16:47.03, MESSAGE QUEUE LENGTH: 0

2025-03-04 19:16:47,403 - INFO - EVENT: Internal Event | LOGICAL TIME: 14 | PHYSICAL TIME: 2025-03-04 19:16:47.40, MESSAGE QUEUE LENGTH: 0

2025-03-04 19:16:47,699 - INFO - EVENT: Internal Event | LOGICAL TIME: 15 | PHYSICAL TIME: 2025-03-04 19:16:47.69, MESSAGE QUEUE LENGTH: 0

2025-03-04 19:16:48,059 - INFO - EVENT: Internal Event | LOGICAL TIME: 16 | PHYSICAL TIME: 2025-03-04 19:16:48.05, MESSAGE QUEUE LENGTH: 0

2025-03-04 19:16:48,324 - INFO - EVENT: Send Msg | RECIPIENT: 3 | LOGICAL TIME: 17 | PHYSICAL TIME: 2025-03-04 19:16:48.32, MESSAGE QUEUE LENGTH: 0

2025-03-04 19:16:48,636 - INFO - EVENT: Internal Event | LOGICAL TIME: 18 | PHYSICAL TIME: 2025-03-04 19:16:48.63, MESSAGE QUEUE LENGTH: 0

2025-03-04 19:16:48,931 - INFO - EVENT: Internal Event | LOGICAL TIME: 19 | PHYSICAL TIME: 2025-03-04 19:16:48.93, MESSAGE QUEUE LENGTH: 0

2025-03-04 19:16:49,200 - INFO - EVENT: Send Msg | RECIPIENT: 1 | LOGICAL TIME: 20 | PHYSICAL TIME: 2025-03-04 19:16:49.20, MESSAGE QUEUE LENGTH: 0

2025-03-04 19:16:49,480 - INFO - EVENT: Internal Event | LOGICAL TIME: 21 | PHYSICAL TIME: 2025-03-04 19:16:49.48, MESSAGE QUEUE LENGTH: 0

2025-03-04 19:16:49,759 - INFO - EVENT: Send Msg | RECIPIENT: 1 and 3 | LOGICAL TIME: 22 | PHYSICAL TIME: 2025-03-04 19:16:49.75, MESSAGE QUEUE LENGTH: 0

2025-03-04 19:16:50,084 - INFO - EVENT: Internal Event | LOGICAL TIME: 23 | PHYSICAL TIME: 2025-03-04 19:16:50.08, MESSAGE QUEUE LENGTH: 0

2025-03-04 19:16:50,366 - INFO - EVENT: Internal Event | LOGICAL TIME: 24 | PHYSICAL TIME: 2025-03-04 19:16:50.36, MESSAGE QUEUE LENGTH: 0

2025-03-04 19:16:50,629 - INFO - EVENT: Receive Msg | SENDER: 1 | LOGICAL TIME: 25 | PHYSICAL TIME: 2025-03-04 19:16:50.00, MESSAGE QUEUE LENGTH: 1

2025-03-04 19:16:50,899 - INFO - EVENT: Internal Event | LOGICAL TIME: 26 | PHYSICAL TIME: 2025-03-04 19:16:50.89, MESSAGE QUEUE LENGTH: 0

2025-03-04 19:16:51,193 - INFO - EVENT: Receive Msg | SENDER: 1 | LOGICAL TIME: 27 | PHYSICAL TIME: 2025-03-04 19:16:50.00, MESSAGE QUEUE LENGTH: 1

2025-03-04 19:16:51,449 - INFO - EVENT: Send Msg | RECIPIENT: 1 and 3 | LOGICAL TIME: 28 | PHYSICAL TIME: 2025-03-04 19:16:51.44, MESSAGE QUEUE LENGTH: 0

2025-03-04 19:16:51,796 - INFO - EVENT: Send Msg | RECIPIENT: 1 and 3 | LOGICAL TIME: 29 | PHYSICAL TIME: 2025-03-04 19:16:51.79, MESSAGE QUEUE LENGTH: 0

2025-03-04 19:16:52,060 - INFO - EVENT: Internal Event | LOGICAL TIME: 30 | PHYSICAL TIME: 2025-03-04 19:16:52.06, MESSAGE QUEUE LENGTH: 0

2025-03-04 19:16:52,432 - INFO - EVENT: Internal Event | LOGICAL TIME: 31 | PHYSICAL TIME: 2025-03-04 19:16:52.43, MESSAGE QUEUE LENGTH: 0

2025-03-04 19:16:52,713 - INFO - EVENT: Internal Event | LOGICAL TIME: 32 | PHYSICAL TIME: 2025-03-04 19:16:52.71, MESSAGE QUEUE LENGTH: 0

2025-03-04 19:16:53,069 - INFO - EVENT: Internal Event | LOGICAL TIME: 33 | PHYSICAL TIME: 2025-03-04 19:16:53.06, MESSAGE QUEUE LENGTH: 0

2025-03-04 19:16:53,335 - INFO - EVENT: Internal Event | LOGICAL TIME: 34 | PHYSICAL TIME: 2025-03-04 19:16:53.33, MESSAGE QUEUE LENGTH: 0

2025-03-04 19:16:53,637 - INFO - EVENT: Send Msg | RECIPIENT: 1 and 3 | LOGICAL TIME: 35 | PHYSICAL TIME: 2025-03-04 19:16:53.63, MESSAGE QUEUE LENGTH: 0

2025-03-04 19:16:53,965 - INFO - EVENT: Internal Event | LOGICAL TIME: 36 | PHYSICAL TIME: 2025-03-04 19:16:53.96, MESSAGE QUEUE LENGTH: 0

2025-03-04 19:16:54,226 - INFO - EVENT: Internal Event | LOGICAL TIME: 37 | PHYSICAL TIME: 2025-03-04 19:16:54.22, MESSAGE QUEUE LENGTH: 0

2025-03-04 19:16:54,486 - INFO - EVENT: Internal Event | LOGICAL TIME: 38 | PHYSICAL TIME: 2025-03-04 19:16:54.48, MESSAGE QUEUE LENGTH: 0

2025-03-04 19:16:54,749 - INFO - EVENT: Internal Event | LOGICAL TIME: 39 | PHYSICAL TIME: 2025-03-04 19:16:54.74, MESSAGE QUEUE LENGTH: 0

2025-03-04 19:16:55,005 - INFO - EVENT: Internal Event | LOGICAL TIME: 40 | PHYSICAL TIME: 2025-03-04 19:16:55.00, MESSAGE QUEUE LENGTH: 0

2025-03-04 19:16:55,300 - INFO - EVENT: Internal Event | LOGICAL TIME: 41 | PHYSICAL TIME: 2025-03-04 19:16:55.30, MESSAGE QUEUE LENGTH: 0

2025-03-04 19:16:55,606 - INFO - EVENT: Send Msg | RECIPIENT: 1 and 3 | LOGICAL TIME: 42 | PHYSICAL TIME: 2025-03-04 19:16:55.60, MESSAGE QUEUE LENGTH: 0

2025-03-04 19:16:55,865 - INFO - EVENT: Internal Event | LOGICAL TIME: 43 | PHYSICAL TIME: 2025-03-04 19:16:55.86, MESSAGE QUEUE LENGTH: 0

2025-03-04 19:16:56,122 - INFO - EVENT: Internal Event | LOGICAL TIME: 44 | PHYSICAL TIME: 2025-03-04 19:16:56.12, MESSAGE QUEUE LENGTH: 0

2025-03-04 19:16:56,399 - INFO - EVENT: Internal Event | LOGICAL TIME: 45 | PHYSICAL TIME: 2025-03-04 19:16:56.39, MESSAGE QUEUE LENGTH: 0

2025-03-04 19:16:56,656 - INFO - EVENT: Internal Event | LOGICAL TIME: 46 | PHYSICAL TIME: 2025-03-04 19:16:56.65, MESSAGE QUEUE LENGTH: 0

2025-03-04 19:16:56,938 - INFO - EVENT: Internal Event | LOGICAL TIME: 47 | PHYSICAL TIME: 2025-03-04 19:16:56.93, MESSAGE QUEUE LENGTH: 0

2025-03-04 19:16:57,191 - INFO - EVENT: Internal Event | LOGICAL TIME: 48 | PHYSICAL TIME: 2025-03-04 19:16:57.19, MESSAGE QUEUE LENGTH: 0

2025-03-04 19:16:57,498 - INFO - EVENT: Internal Event | LOGICAL TIME: 49 | PHYSICAL TIME: 2025-03-04 19:16:57.49, MESSAGE QUEUE LENGTH: 0

2025-03-04 19:16:57,842 - INFO - EVENT: Internal Event | LOGICAL TIME: 50 | PHYSICAL TIME: 2025-03-04 19:16:57.84, MESSAGE QUEUE LENGTH: 0

2025-03-04 19:16:58,170 - INFO - EVENT: Send Msg | RECIPIENT: 1 and 3 | LOGICAL TIME: 51 | PHYSICAL TIME: 2025-03-04 19:16:58.17, MESSAGE QUEUE LENGTH: 0

2025-03-04 19:16:58,422 - INFO - EVENT: Internal Event | LOGICAL TIME: 52 | PHYSICAL TIME: 2025-03-04 19:16:58.42, MESSAGE QUEUE LENGTH: 0

2025-03-04 19:16:58,772 - INFO - EVENT: Internal Event | LOGICAL TIME: 53 | PHYSICAL TIME: 2025-03-04 19:16:58.77, MESSAGE QUEUE LENGTH: 0

2025-03-04 19:16:59,045 - INFO - EVENT: Internal Event | LOGICAL TIME: 54 | PHYSICAL TIME: 2025-03-04 19:16:59.04, MESSAGE QUEUE LENGTH: 0

2025-03-04 19:16:59,387 - INFO - EVENT: Receive Msg | SENDER: 3 | LOGICAL TIME: 55 | PHYSICAL TIME: 2025-03-04 19:16:59.00, MESSAGE QUEUE LENGTH: 1

2025-03-04 19:16:59,643 - INFO - EVENT: Internal Event | LOGICAL TIME: 56 | PHYSICAL TIME: 2025-03-04 19:16:59.64, MESSAGE QUEUE LENGTH: 0

2025-03-04 19:16:59,942 - INFO - EVENT: Internal Event | LOGICAL TIME: 57 | PHYSICAL TIME: 2025-03-04 19:16:59.94, MESSAGE QUEUE LENGTH: 0

2025-03-04 19:17:00,215 - INFO - EVENT: Send Msg | RECIPIENT: 3 | LOGICAL TIME: 58 | PHYSICAL TIME: 2025-03-04 19:17:00.21, MESSAGE QUEUE LENGTH: 0

2025-03-04 19:17:00,473 - INFO - EVENT: Internal Event | LOGICAL TIME: 59 | PHYSICAL TIME: 2025-03-04 19:17:00.47, MESSAGE QUEUE LENGTH: 0

2025-03-04 19:17:00,751 - INFO - EVENT: Send Msg | RECIPIENT: 1 | LOGICAL TIME: 60 | PHYSICAL TIME: 2025-03-04 19:17:00.75, MESSAGE QUEUE LENGTH: 0

2025-03-04 19:17:01,024 - INFO - EVENT: Internal Event | LOGICAL TIME: 61 | PHYSICAL TIME: 2025-03-04 19:17:01.02, MESSAGE QUEUE LENGTH: 0

2025-03-04 19:17:01,342 - INFO - EVENT: Internal Event | LOGICAL TIME: 62 | PHYSICAL TIME: 2025-03-04 19:17:01.34, MESSAGE QUEUE LENGTH: 0

2025-03-04 19:17:01,594 - INFO - EVENT: Internal Event | LOGICAL TIME: 63 | PHYSICAL TIME: 2025-03-04 19:17:01.59, MESSAGE QUEUE LENGTH: 0

2025-03-04 19:17:01,862 - INFO - EVENT: Internal Event | LOGICAL TIME: 64 | PHYSICAL TIME: 2025-03-04 19:17:01.86, MESSAGE QUEUE LENGTH: 0

2025-03-04 19:17:02,133 - INFO - EVENT: Internal Event | LOGICAL TIME: 65 | PHYSICAL TIME: 2025-03-04 19:17:02.13, MESSAGE QUEUE LENGTH: 0

2025-03-04 19:17:02,426 - INFO - EVENT: Internal Event | LOGICAL TIME: 66 | PHYSICAL TIME: 2025-03-04 19:17:02.42, MESSAGE QUEUE LENGTH: 0

2025-03-04 19:17:02,744 - INFO - EVENT: Send Msg | RECIPIENT: 1 and 3 | LOGICAL TIME: 67 | PHYSICAL TIME: 2025-03-04 19:17:02.74, MESSAGE QUEUE LENGTH: 0

2025-03-04 19:17:03,007 - INFO - EVENT: Receive Msg | SENDER: 1 | LOGICAL TIME: 68 | PHYSICAL TIME: 2025-03-04 19:17:02.00, MESSAGE QUEUE LENGTH: 1

2025-03-04 19:17:03,344 - INFO - EVENT: Internal Event | LOGICAL TIME: 69 | PHYSICAL TIME: 2025-03-04 19:17:03.34, MESSAGE QUEUE LENGTH: 0

2025-03-04 19:17:03,598 - INFO - EVENT: Send Msg | RECIPIENT: 1 | LOGICAL TIME: 70 | PHYSICAL TIME: 2025-03-04 19:17:03.59, MESSAGE QUEUE LENGTH: 0

2025-03-04 19:17:03,862 - INFO - EVENT: Internal Event | LOGICAL TIME: 71 | PHYSICAL TIME: 2025-03-04 19:17:03.86, MESSAGE QUEUE LENGTH: 0

2025-03-04 19:17:04,126 - INFO - EVENT: Receive Msg | SENDER: 3 | LOGICAL TIME: 72 | PHYSICAL TIME: 2025-03-04 19:17:04.00, MESSAGE QUEUE LENGTH: 1

2025-03-04 19:17:04,396 - INFO - EVENT: Internal Event | LOGICAL TIME: 73 | PHYSICAL TIME: 2025-03-04 19:17:04.39, MESSAGE QUEUE LENGTH: 0

2025-03-04 19:17:04,706 - INFO - EVENT: Internal Event | LOGICAL TIME: 74 | PHYSICAL TIME: 2025-03-04 19:17:04.70, MESSAGE QUEUE LENGTH: 0

2025-03-04 19:17:04,983 - INFO - EVENT: Internal Event | LOGICAL TIME: 75 | PHYSICAL TIME: 2025-03-04 19:17:04.98, MESSAGE QUEUE LENGTH: 0

2025-03-04 19:17:05,236 - INFO - EVENT: Internal Event | LOGICAL TIME: 76 | PHYSICAL TIME: 2025-03-04 19:17:05.23, MESSAGE QUEUE LENGTH: 0

2025-03-04 19:17:05,511 - INFO - EVENT: Internal Event | LOGICAL TIME: 77 | PHYSICAL TIME: 2025-03-04 19:17:05.51, MESSAGE QUEUE LENGTH: 0

2025-03-04 19:17:05,763 - INFO - EVENT: Internal Event | LOGICAL TIME: 78 | PHYSICAL TIME: 2025-03-04 19:17:05.76, MESSAGE QUEUE LENGTH: 0

2025-03-04 19:17:06,027 - INFO - EVENT: Internal Event | LOGICAL TIME: 79 | PHYSICAL TIME: 2025-03-04 19:17:06.02, MESSAGE QUEUE LENGTH: 0

2025-03-04 19:17:06,424 - INFO - EVENT: Send Msg | RECIPIENT: 3 | LOGICAL TIME: 80 | PHYSICAL TIME: 2025-03-04 19:17:06.42, MESSAGE QUEUE LENGTH: 0

2025-03-04 19:17:06,682 - INFO - EVENT: Internal Event | LOGICAL TIME: 81 | PHYSICAL TIME: 2025-03-04 19:17:06.68, MESSAGE QUEUE LENGTH: 0

2025-03-04 19:17:06,979 - INFO - EVENT: Internal Event | LOGICAL TIME: 82 | PHYSICAL TIME: 2025-03-04 19:17:06.97, MESSAGE QUEUE LENGTH: 0

2025-03-04 19:17:07,271 - INFO - EVENT: Internal Event | LOGICAL TIME: 83 | PHYSICAL TIME: 2025-03-04 19:17:07.27, MESSAGE QUEUE LENGTH: 0

2025-03-04 19:17:07,563 - INFO - EVENT: Send Msg | RECIPIENT: 3 | LOGICAL TIME: 84 | PHYSICAL TIME: 2025-03-04 19:17:07.56, MESSAGE QUEUE LENGTH: 0

2025-03-04 19:17:07,817 - INFO - EVENT: Send Msg | RECIPIENT: 3 | LOGICAL TIME: 85 | PHYSICAL TIME: 2025-03-04 19:17:07.81, MESSAGE QUEUE LENGTH: 0

2025-03-04 19:17:08,117 - INFO - EVENT: Internal Event | LOGICAL TIME: 86 | PHYSICAL TIME: 2025-03-04 19:17:08.11, MESSAGE QUEUE LENGTH: 0

2025-03-04 19:17:08,397 - INFO - EVENT: Receive Msg | SENDER: 1 | LOGICAL TIME: 87 | PHYSICAL TIME: 2025-03-04 19:17:08.00, MESSAGE QUEUE LENGTH: 1

2025-03-04 19:17:08,699 - INFO - EVENT: Internal Event | LOGICAL TIME: 88 | PHYSICAL TIME: 2025-03-04 19:17:08.69, MESSAGE QUEUE LENGTH: 0

2025-03-04 19:17:09,045 - INFO - EVENT: Receive Msg | SENDER: 1 | LOGICAL TIME: 89 | PHYSICAL TIME: 2025-03-04 19:17:08.00, MESSAGE QUEUE LENGTH: 1

2025-03-04 19:17:09,362 - INFO - EVENT: Internal Event | LOGICAL TIME: 90 | PHYSICAL TIME: 2025-03-04 19:17:09.36, MESSAGE QUEUE LENGTH: 0

2025-03-04 19:17:09,751 - INFO - EVENT: Internal Event | LOGICAL TIME: 91 | PHYSICAL TIME: 2025-03-04 19:17:09.75, MESSAGE QUEUE LENGTH: 0

2025-03-04 19:17:10,003 - INFO - EVENT: Send Msg | RECIPIENT: 1 | LOGICAL TIME: 92 | PHYSICAL TIME: 2025-03-04 19:17:10.00, MESSAGE QUEUE LENGTH: 0

2025-03-04 19:17:10,269 - INFO - EVENT: Internal Event | LOGICAL TIME: 93 | PHYSICAL TIME: 2025-03-04 19:17:10.26, MESSAGE QUEUE LENGTH: 0

2025-03-04 19:17:10,534 - INFO - EVENT: Internal Event | LOGICAL TIME: 94 | PHYSICAL TIME: 2025-03-04 19:17:10.53, MESSAGE QUEUE LENGTH: 0

2025-03-04 19:17:10,896 - INFO - EVENT: Internal Event | LOGICAL TIME: 95 | PHYSICAL TIME: 2025-03-04 19:17:10.89, MESSAGE QUEUE LENGTH: 0

2025-03-04 19:17:11,149 - INFO - EVENT: Send Msg | RECIPIENT: 1 and 3 | LOGICAL TIME: 96 | PHYSICAL TIME: 2025-03-04 19:17:11.14, MESSAGE QUEUE LENGTH: 0

2025-03-04 19:17:11,447 - INFO - EVENT: Internal Event | LOGICAL TIME: 97 | PHYSICAL TIME: 2025-03-04 19:17:11.44, MESSAGE QUEUE LENGTH: 0

2025-03-04 19:17:11,705 - INFO - EVENT: Internal Event | LOGICAL TIME: 98 | PHYSICAL TIME: 2025-03-04 19:17:11.70, MESSAGE QUEUE LENGTH: 0

2025-03-04 19:17:12,015 - INFO - EVENT: Internal Event | LOGICAL TIME: 99 | PHYSICAL TIME: 2025-03-04 19:17:12.01, MESSAGE QUEUE LENGTH: 0

2025-03-04 19:17:12,287 - INFO - EVENT: Receive Msg | SENDER: 1 | LOGICAL TIME: 100 | PHYSICAL TIME: 2025-03-04 19:17:12.00, MESSAGE QUEUE LENGTH: 1

2025-03-04 19:17:12,620 - INFO - EVENT: Internal Event | LOGICAL TIME: 101 | PHYSICAL TIME: 2025-03-04 19:17:12.62, MESSAGE QUEUE LENGTH: 0

2025-03-04 19:17:12,985 - INFO - EVENT: Internal Event | LOGICAL TIME: 102 | PHYSICAL TIME: 2025-03-04 19:17:12.98, MESSAGE QUEUE LENGTH: 0

2025-03-04 19:17:13,237 - INFO - EVENT: Receive Msg | SENDER: 1 | LOGICAL TIME: 103 | PHYSICAL TIME: 2025-03-04 19:17:13.00, MESSAGE QUEUE LENGTH: 1

2025-03-04 19:17:13,540 - INFO - EVENT: Internal Event | LOGICAL TIME: 104 | PHYSICAL TIME: 2025-03-04 19:17:13.54, MESSAGE QUEUE LENGTH: 0

2025-03-04 19:17:13,820 - INFO - EVENT: Receive Msg | SENDER: 1 | LOGICAL TIME: 105 | PHYSICAL TIME: 2025-03-04 19:17:13.00, MESSAGE QUEUE LENGTH: 1

2025-03-04 19:17:14,120 - INFO - EVENT: Internal Event | LOGICAL TIME: 106 | PHYSICAL TIME: 2025-03-04 19:17:14.12, MESSAGE QUEUE LENGTH: 0

2025-03-04 19:17:14,420 - INFO - EVENT: Send Msg | RECIPIENT: 3 | LOGICAL TIME: 107 | PHYSICAL TIME: 2025-03-04 19:17:14.42, MESSAGE QUEUE LENGTH: 0

2025-03-04 19:17:14,747 - INFO - EVENT: Receive Msg | SENDER: 3 | LOGICAL TIME: 108 | PHYSICAL TIME: 2025-03-04 19:17:14.00, MESSAGE QUEUE LENGTH: 1

2025-03-04 19:17:15,003 - INFO - EVENT: Internal Event | LOGICAL TIME: 109 | PHYSICAL TIME: 2025-03-04 19:17:15.00, MESSAGE QUEUE LENGTH: 0

2025-03-04 19:17:15,282 - INFO - EVENT: Internal Event | LOGICAL TIME: 110 | PHYSICAL TIME: 2025-03-04 19:17:15.28, MESSAGE QUEUE LENGTH: 0

2025-03-04 19:17:15,617 - INFO - EVENT: Internal Event | LOGICAL TIME: 111 | PHYSICAL TIME: 2025-03-04 19:17:15.61, MESSAGE QUEUE LENGTH: 0

2025-03-04 19:17:15,922 - INFO - EVENT: Receive Msg | SENDER: 3 | LOGICAL TIME: 112 | PHYSICAL TIME: 2025-03-04 19:17:15.00, MESSAGE QUEUE LENGTH: 1

2025-03-04 19:17:16,202 - INFO - EVENT: Internal Event | LOGICAL TIME: 113 | PHYSICAL TIME: 2025-03-04 19:17:16.20, MESSAGE QUEUE LENGTH: 0

2025-03-04 19:17:16,486 - INFO - EVENT: Internal Event | LOGICAL TIME: 114 | PHYSICAL TIME: 2025-03-04 19:17:16.48, MESSAGE QUEUE LENGTH: 0

2025-03-04 19:17:16,756 - INFO - EVENT: Receive Msg | SENDER: 3 | LOGICAL TIME: 115 | PHYSICAL TIME: 2025-03-04 19:17:16.00, MESSAGE QUEUE LENGTH: 1

2025-03-04 19:17:17,182 - INFO - EVENT: Internal Event | LOGICAL TIME: 116 | PHYSICAL TIME: 2025-03-04 19:17:17.18, MESSAGE QUEUE LENGTH: 0

2025-03-04 19:17:17,539 - INFO - EVENT: Internal Event | LOGICAL TIME: 117 | PHYSICAL TIME: 2025-03-04 19:17:17.53, MESSAGE QUEUE LENGTH: 0

2025-03-04 19:17:17,791 - INFO - EVENT: Internal Event | LOGICAL TIME: 118 | PHYSICAL TIME: 2025-03-04 19:17:17.79, MESSAGE QUEUE LENGTH: 0

2025-03-04 19:17:18,090 - INFO - EVENT: Internal Event | LOGICAL TIME: 119 | PHYSICAL TIME: 2025-03-04 19:17:18.09, MESSAGE QUEUE LENGTH: 0

2025-03-04 19:17:18,389 - INFO - EVENT: Internal Event | LOGICAL TIME: 120 | PHYSICAL TIME: 2025-03-04 19:17:18.38, MESSAGE QUEUE LENGTH: 0

2025-03-04 19:17:18,644 - INFO - EVENT: Internal Event | LOGICAL TIME: 121 | PHYSICAL TIME: 2025-03-04 19:17:18.64, MESSAGE QUEUE LENGTH: 0

2025-03-04 19:17:19,062 - INFO - EVENT: Receive Msg | SENDER: 3 | LOGICAL TIME: 122 | PHYSICAL TIME: 2025-03-04 19:17:18.00, MESSAGE QUEUE LENGTH: 1

2025-03-04 19:17:19,418 - INFO - EVENT: Internal Event | LOGICAL TIME: 123 | PHYSICAL TIME: 2025-03-04 19:17:19.41, MESSAGE QUEUE LENGTH: 0

2025-03-04 19:17:19,679 - INFO - EVENT: Send Msg | RECIPIENT: 1 | LOGICAL TIME: 124 | PHYSICAL TIME: 2025-03-04 19:17:19.67, MESSAGE QUEUE LENGTH: 0

2025-03-04 19:17:19,930 - INFO - EVENT: Send Msg | RECIPIENT: 3 | LOGICAL TIME: 125 | PHYSICAL TIME: 2025-03-04 19:17:19.93, MESSAGE QUEUE LENGTH: 0

2025-03-04 19:17:20,240 - INFO - EVENT: Internal Event | LOGICAL TIME: 126 | PHYSICAL TIME: 2025-03-04 19:17:20.24, MESSAGE QUEUE LENGTH: 0

2025-03-04 19:17:20,528 - INFO - EVENT: Send Msg | RECIPIENT: 1 and 3 | LOGICAL TIME: 127 | PHYSICAL TIME: 2025-03-04 19:17:20.52, MESSAGE QUEUE LENGTH: 0

2025-03-04 19:17:20,827 - INFO - EVENT: Send Msg | RECIPIENT: 3 | LOGICAL TIME: 128 | PHYSICAL TIME: 2025-03-04 19:17:20.82, MESSAGE QUEUE LENGTH: 0

2025-03-04 19:17:21,169 - INFO - EVENT: Internal Event | LOGICAL TIME: 129 | PHYSICAL TIME: 2025-03-04 19:17:21.16, MESSAGE QUEUE LENGTH: 0

2025-03-04 19:17:21,433 - INFO - EVENT: Internal Event | LOGICAL TIME: 130 | PHYSICAL TIME: 2025-03-04 19:17:21.43, MESSAGE QUEUE LENGTH: 0

2025-03-04 19:17:21,699 - INFO - EVENT: Internal Event | LOGICAL TIME: 131 | PHYSICAL TIME: 2025-03-04 19:17:21.69, MESSAGE QUEUE LENGTH: 0

2025-03-04 19:17:21,962 - INFO - EVENT: Send Msg | RECIPIENT: 1 and 3 | LOGICAL TIME: 132 | PHYSICAL TIME: 2025-03-04 19:17:21.96, MESSAGE QUEUE LENGTH: 0

2025-03-04 19:17:22,233 - INFO - EVENT: Internal Event | LOGICAL TIME: 133 | PHYSICAL TIME: 2025-03-04 19:17:22.23, MESSAGE QUEUE LENGTH: 0

2025-03-04 19:17:22,573 - INFO - EVENT: Internal Event | LOGICAL TIME: 134 | PHYSICAL TIME: 2025-03-04 19:17:22.57, MESSAGE QUEUE LENGTH: 0

2025-03-04 19:17:22,859 - INFO - EVENT: Send Msg | RECIPIENT: 1 | LOGICAL TIME: 135 | PHYSICAL TIME: 2025-03-04 19:17:22.85, MESSAGE QUEUE LENGTH: 0

2025-03-04 19:17:23,112 - INFO - EVENT: Internal Event | LOGICAL TIME: 136 | PHYSICAL TIME: 2025-03-04 19:17:23.11, MESSAGE QUEUE LENGTH: 0

2025-03-04 19:17:23,363 - INFO - EVENT: Send Msg | RECIPIENT: 1 | LOGICAL TIME: 137 | PHYSICAL TIME: 2025-03-04 19:17:23.36, MESSAGE QUEUE LENGTH: 0

2025-03-04 19:17:23,742 - INFO - EVENT: Internal Event | LOGICAL TIME: 138 | PHYSICAL TIME: 2025-03-04 19:17:23.74, MESSAGE QUEUE LENGTH: 0

2025-03-04 19:17:24,061 - INFO - EVENT: Send Msg | RECIPIENT: 1 and 3 | LOGICAL TIME: 139 | PHYSICAL TIME: 2025-03-04 19:17:24.06, MESSAGE QUEUE LENGTH: 0

2025-03-04 19:17:24,329 - INFO - EVENT: Internal Event | LOGICAL TIME: 140 | PHYSICAL TIME: 2025-03-04 19:17:24.32, MESSAGE QUEUE LENGTH: 0

2025-03-04 19:17:24,625 - INFO - EVENT: Internal Event | LOGICAL TIME: 141 | PHYSICAL TIME: 2025-03-04 19:17:24.62, MESSAGE QUEUE LENGTH: 0

2025-03-04 19:17:24,897 - INFO - EVENT: Receive Msg | SENDER: 1 | LOGICAL TIME: 142 | PHYSICAL TIME: 2025-03-04 19:17:24.00, MESSAGE QUEUE LENGTH: 1

2025-03-04 19:17:25,151 - INFO - EVENT: Internal Event | LOGICAL TIME: 143 | PHYSICAL TIME: 2025-03-04 19:17:25.15, MESSAGE QUEUE LENGTH: 0

2025-03-04 19:17:25,406 - INFO - EVENT: Internal Event | LOGICAL TIME: 144 | PHYSICAL TIME: 2025-03-04 19:17:25.40, MESSAGE QUEUE LENGTH: 0

2025-03-04 19:17:25,665 - INFO - EVENT: Internal Event | LOGICAL TIME: 145 | PHYSICAL TIME: 2025-03-04 19:17:25.66, MESSAGE QUEUE LENGTH: 0

2025-03-04 19:17:25,977 - INFO - EVENT: Send Msg | RECIPIENT: 1 and 3 | LOGICAL TIME: 146 | PHYSICAL TIME: 2025-03-04 19:17:25.97, MESSAGE QUEUE LENGTH: 0

2025-03-04 19:17:26,256 - INFO - EVENT: Receive Msg | SENDER: 1 | LOGICAL TIME: 147 | PHYSICAL TIME: 2025-03-04 19:17:25.00, MESSAGE QUEUE LENGTH: 1

2025-03-04 19:17:26,553 - INFO - EVENT: Send Msg | RECIPIENT: 1 | LOGICAL TIME: 148 | PHYSICAL TIME: 2025-03-04 19:17:26.55, MESSAGE QUEUE LENGTH: 0

2025-03-04 19:17:26,879 - INFO - EVENT: Internal Event | LOGICAL TIME: 149 | PHYSICAL TIME: 2025-03-04 19:17:26.87, MESSAGE QUEUE LENGTH: 0

2025-03-04 19:17:27,144 - INFO - EVENT: Internal Event | LOGICAL TIME: 150 | PHYSICAL TIME: 2025-03-04 19:17:27.14, MESSAGE QUEUE LENGTH: 0

2025-03-04 19:17:27,442 - INFO - EVENT: Internal Event | LOGICAL TIME: 151 | PHYSICAL TIME: 2025-03-04 19:17:27.44, MESSAGE QUEUE LENGTH: 0

2025-03-04 19:17:27,700 - INFO - EVENT: Send Msg | RECIPIENT: 1 | LOGICAL TIME: 152 | PHYSICAL TIME: 2025-03-04 19:17:27.70, MESSAGE QUEUE LENGTH: 0

2025-03-04 19:17:27,980 - INFO - EVENT: Internal Event | LOGICAL TIME: 153 | PHYSICAL TIME: 2025-03-04 19:17:27.98, MESSAGE QUEUE LENGTH: 0

2025-03-04 19:17:28,249 - INFO - EVENT: Internal Event | LOGICAL TIME: 154 | PHYSICAL TIME: 2025-03-04 19:17:28.24, MESSAGE QUEUE LENGTH: 0

2025-03-04 19:17:28,527 - INFO - EVENT: Internal Event | LOGICAL TIME: 155 | PHYSICAL TIME: 2025-03-04 19:17:28.52, MESSAGE QUEUE LENGTH: 0

2025-03-04 19:17:28,801 - INFO - EVENT: Internal Event | LOGICAL TIME: 156 | PHYSICAL TIME: 2025-03-04 19:17:28.80, MESSAGE QUEUE LENGTH: 0

2025-03-04 19:17:29,056 - INFO - EVENT: Send Msg | RECIPIENT: 1 and 3 | LOGICAL TIME: 157 | PHYSICAL TIME: 2025-03-04 19:17:29.05, MESSAGE QUEUE LENGTH: 0

2025-03-04 19:17:29,333 - INFO - EVENT: Send Msg | RECIPIENT: 3 | LOGICAL TIME: 158 | PHYSICAL TIME: 2025-03-04 19:17:29.33, MESSAGE QUEUE LENGTH: 0

2025-03-04 19:17:29,625 - INFO - EVENT: Internal Event | LOGICAL TIME: 159 | PHYSICAL TIME: 2025-03-04 19:17:29.62, MESSAGE QUEUE LENGTH: 0

2025-03-04 19:17:29,884 - INFO - EVENT: Internal Event | LOGICAL TIME: 160 | PHYSICAL TIME: 2025-03-04 19:17:29.88, MESSAGE QUEUE LENGTH: 0

2025-03-04 19:17:30,149 - INFO - EVENT: Internal Event | LOGICAL TIME: 161 | PHYSICAL TIME: 2025-03-04 19:17:30.14, MESSAGE QUEUE LENGTH: 0

2025-03-04 19:17:30,418 - INFO - EVENT: Internal Event | LOGICAL TIME: 162 | PHYSICAL TIME: 2025-03-04 19:17:30.41, MESSAGE QUEUE LENGTH: 0

2025-03-04 19:17:30,917 - INFO - EVENT: Internal Event | LOGICAL TIME: 163 | PHYSICAL TIME: 2025-03-04 19:17:30.91, MESSAGE QUEUE LENGTH: 0

2025-03-04 19:17:31,169 - INFO - EVENT: Receive Msg | SENDER: 1 | LOGICAL TIME: 164 | PHYSICAL TIME: 2025-03-04 19:17:30.00, MESSAGE QUEUE LENGTH: 1

2025-03-04 19:17:31,503 - INFO - EVENT: Internal Event | LOGICAL TIME: 165 | PHYSICAL TIME: 2025-03-04 19:17:31.50, MESSAGE QUEUE LENGTH: 0

2025-03-04 19:17:31,838 - INFO - EVENT: Receive Msg | SENDER: 1 | LOGICAL TIME: 166 | PHYSICAL TIME: 2025-03-04 19:17:31.00, MESSAGE QUEUE LENGTH: 1

2025-03-04 19:17:32,151 - INFO - EVENT: Internal Event | LOGICAL TIME: 167 | PHYSICAL TIME: 2025-03-04 19:17:32.15, MESSAGE QUEUE LENGTH: 0

2025-03-04 19:17:32,480 - INFO - EVENT: Send Msg | RECIPIENT: 1 and 3 | LOGICAL TIME: 168 | PHYSICAL TIME: 2025-03-04 19:17:32.48, MESSAGE QUEUE LENGTH: 0

2025-03-04 19:17:32,775 - INFO - EVENT: Internal Event | LOGICAL TIME: 169 | PHYSICAL TIME: 2025-03-04 19:17:32.77, MESSAGE QUEUE LENGTH: 0

2025-03-04 19:17:33,070 - INFO - EVENT: Internal Event | LOGICAL TIME: 170 | PHYSICAL TIME: 2025-03-04 19:17:33.07, MESSAGE QUEUE LENGTH: 0

2025-03-04 19:17:33,321 - INFO - EVENT: Send Msg | RECIPIENT: 1 and 3 | LOGICAL TIME: 171 | PHYSICAL TIME: 2025-03-04 19:17:33.32, MESSAGE QUEUE LENGTH: 0

2025-03-04 19:17:33,581 - INFO - EVENT: Internal Event | LOGICAL TIME: 172 | PHYSICAL TIME: 2025-03-04 19:17:33.58, MESSAGE QUEUE LENGTH: 0

2025-03-04 19:17:33,833 - INFO - EVENT: Internal Event | LOGICAL TIME: 173 | PHYSICAL TIME: 2025-03-04 19:17:33.83, MESSAGE QUEUE LENGTH: 0

2025-03-04 19:17:34,087 - INFO - EVENT: Internal Event | LOGICAL TIME: 174 | PHYSICAL TIME: 2025-03-04 19:17:34.08, MESSAGE QUEUE LENGTH: 0

2025-03-04 19:17:34,403 - INFO - EVENT: Internal Event | LOGICAL TIME: 175 | PHYSICAL TIME: 2025-03-04 19:17:34.40, MESSAGE QUEUE LENGTH: 0

2025-03-04 19:17:34,737 - INFO - EVENT: Internal Event | LOGICAL TIME: 176 | PHYSICAL TIME: 2025-03-04 19:17:34.73, MESSAGE QUEUE LENGTH: 0

2025-03-04 19:17:35,016 - INFO - EVENT: Internal Event | LOGICAL TIME: 177 | PHYSICAL TIME: 2025-03-04 19:17:35.01, MESSAGE QUEUE LENGTH: 0

2025-03-04 19:17:35,287 - INFO - EVENT: Internal Event | LOGICAL TIME: 178 | PHYSICAL TIME: 2025-03-04 19:17:35.28, MESSAGE QUEUE LENGTH: 0

2025-03-04 19:17:35,573 - INFO - EVENT: Internal Event | LOGICAL TIME: 179 | PHYSICAL TIME: 2025-03-04 19:17:35.57, MESSAGE QUEUE LENGTH: 0

2025-03-04 19:17:35,871 - INFO - EVENT: Send Msg | RECIPIENT: 3 | LOGICAL TIME: 180 | PHYSICAL TIME: 2025-03-04 19:17:35.87, MESSAGE QUEUE LENGTH: 0

2025-03-04 19:17:36,124 - INFO - EVENT: Send Msg | RECIPIENT: 1 and 3 | LOGICAL TIME: 181 | PHYSICAL TIME: 2025-03-04 19:17:36.12, MESSAGE QUEUE LENGTH: 0

2025-03-04 19:17:36,384 - INFO - EVENT: Internal Event | LOGICAL TIME: 182 | PHYSICAL TIME: 2025-03-04 19:17:36.38, MESSAGE QUEUE LENGTH: 0

2025-03-04 19:17:36,924 - INFO - EVENT: Internal Event | LOGICAL TIME: 183 | PHYSICAL TIME: 2025-03-04 19:17:36.92, MESSAGE QUEUE LENGTH: 0

2025-03-04 19:17:37,258 - INFO - EVENT: Internal Event | LOGICAL TIME: 184 | PHYSICAL TIME: 2025-03-04 19:17:37.25, MESSAGE QUEUE LENGTH: 0

2025-03-04 19:17:37,554 - INFO - EVENT: Receive Msg | SENDER: 1 | LOGICAL TIME: 185 | PHYSICAL TIME: 2025-03-04 19:17:37.00, MESSAGE QUEUE LENGTH: 1

2025-03-04 19:17:37,817 - INFO - EVENT: Internal Event | LOGICAL TIME: 186 | PHYSICAL TIME: 2025-03-04 19:17:37.81, MESSAGE QUEUE LENGTH: 0

2025-03-04 19:17:38,097 - INFO - EVENT: Internal Event | LOGICAL TIME: 187 | PHYSICAL TIME: 2025-03-04 19:17:38.09, MESSAGE QUEUE LENGTH: 0

2025-03-04 19:17:38,374 - INFO - EVENT: Internal Event | LOGICAL TIME: 188 | PHYSICAL TIME: 2025-03-04 19:17:38.37, MESSAGE QUEUE LENGTH: 0

2025-03-04 19:17:38,659 - INFO - EVENT: Receive Msg | SENDER: 3 | LOGICAL TIME: 189 | PHYSICAL TIME: 2025-03-04 19:17:38.00, MESSAGE QUEUE LENGTH: 1

2025-03-04 19:17:38,925 - INFO - EVENT: Internal Event | LOGICAL TIME: 190 | PHYSICAL TIME: 2025-03-04 19:17:38.92, MESSAGE QUEUE LENGTH: 0

2025-03-04 19:17:39,186 - INFO - EVENT: Internal Event | LOGICAL TIME: 191 | PHYSICAL TIME: 2025-03-04 19:17:39.18, MESSAGE QUEUE LENGTH: 0

2025-03-04 19:17:39,438 - INFO - EVENT: Send Msg | RECIPIENT: 3 | LOGICAL TIME: 192 | PHYSICAL TIME: 2025-03-04 19:17:39.43, MESSAGE QUEUE LENGTH: 0

2025-03-04 19:17:39,742 - INFO - EVENT: Receive Msg | SENDER: 1 | LOGICAL TIME: 193 | PHYSICAL TIME: 2025-03-04 19:17:39.00, MESSAGE QUEUE LENGTH: 1

2025-03-04 19:17:39,993 - INFO - EVENT: Send Msg | RECIPIENT: 1 and 3 | LOGICAL TIME: 194 | PHYSICAL TIME: 2025-03-04 19:17:39.99, MESSAGE QUEUE LENGTH: 0

2025-03-04 19:17:40,258 - INFO - EVENT: Internal Event | LOGICAL TIME: 195 | PHYSICAL TIME: 2025-03-04 19:17:40.25, MESSAGE QUEUE LENGTH: 0

2025-03-04 19:17:40,511 - INFO - EVENT: Internal Event | LOGICAL TIME: 196 | PHYSICAL TIME: 2025-03-04 19:17:40.51, MESSAGE QUEUE LENGTH: 0

2025-03-04 19:17:40,822 - INFO - EVENT: Internal Event | LOGICAL TIME: 197 | PHYSICAL TIME: 2025-03-04 19:17:40.82, MESSAGE QUEUE LENGTH: 0

2025-03-04 19:17:41,140 - INFO - EVENT: Internal Event | LOGICAL TIME: 198 | PHYSICAL TIME: 2025-03-04 19:17:41.14, MESSAGE QUEUE LENGTH: 0

2025-03-04 19:17:41,407 - INFO - EVENT: Receive Msg | SENDER: 3 | LOGICAL TIME: 199 | PHYSICAL TIME: 2025-03-04 19:17:41.00, MESSAGE QUEUE LENGTH: 1

2025-03-04 19:17:41,661 - INFO - EVENT: Receive Msg | SENDER: 1 | LOGICAL TIME: 200 | PHYSICAL TIME: 2025-03-04 19:17:41.00, MESSAGE QUEUE LENGTH: 1

2025-03-04 19:17:41,929 - INFO - EVENT: Send Msg | RECIPIENT: 1 and 3 | LOGICAL TIME: 201 | PHYSICAL TIME: 2025-03-04 19:17:41.92, MESSAGE QUEUE LENGTH: 0

2025-03-04 19:17:42,240 - INFO - EVENT: Internal Event | LOGICAL TIME: 202 | PHYSICAL TIME: 2025-03-04 19:17:42.24, MESSAGE QUEUE LENGTH: 0

2025-03-04 19:17:42,525 - INFO - EVENT: Internal Event | LOGICAL TIME: 203 | PHYSICAL TIME: 2025-03-04 19:17:42.52, MESSAGE QUEUE LENGTH: 0

2025-03-04 19:17:42,794 - INFO - EVENT: Send Msg | RECIPIENT: 1 | LOGICAL TIME: 204 | PHYSICAL TIME: 2025-03-04 19:17:42.79, MESSAGE QUEUE LENGTH: 0

2025-03-04 19:17:43,076 - INFO - EVENT: Internal Event | LOGICAL TIME: 205 | PHYSICAL TIME: 2025-03-04 19:17:43.07, MESSAGE QUEUE LENGTH: 0

2025-03-04 19:17:43,368 - INFO - EVENT: Internal Event | LOGICAL TIME: 206 | PHYSICAL TIME: 2025-03-04 19:17:43.36, MESSAGE QUEUE LENGTH: 0

2025-03-04 19:17:43,743 - INFO - EVENT: Internal Event | LOGICAL TIME: 207 | PHYSICAL TIME: 2025-03-04 19:17:43.74, MESSAGE QUEUE LENGTH: 0

2025-03-04 19:17:44,025 - INFO - EVENT: Receive Msg | SENDER: 1 | LOGICAL TIME: 208 | PHYSICAL TIME: 2025-03-04 19:17:43.00, MESSAGE QUEUE LENGTH: 1

2025-03-04 19:17:44,286 - INFO - EVENT: Receive Msg | SENDER: 1 | LOGICAL TIME: 209 | PHYSICAL TIME: 2025-03-04 19:17:44.00, MESSAGE QUEUE LENGTH: 1

2025-03-04 19:17:44,573 - INFO - EVENT: Receive Msg | SENDER: 3 | LOGICAL TIME: 210 | PHYSICAL TIME: 2025-03-04 19:17:44.00, MESSAGE QUEUE LENGTH: 1

2025-03-04 19:17:44,879 - INFO - EVENT: Internal Event | LOGICAL TIME: 211 | PHYSICAL TIME: 2025-03-04 19:17:44.87, MESSAGE QUEUE LENGTH: 0

2025-03-04 19:17:45,130 - INFO - EVENT: Internal Event | LOGICAL TIME: 212 | PHYSICAL TIME: 2025-03-04 19:17:45.13, MESSAGE QUEUE LENGTH: 0

2025-03-04 19:17:45,396 - INFO - EVENT: Internal Event | LOGICAL TIME: 213 | PHYSICAL TIME: 2025-03-04 19:17:45.39, MESSAGE QUEUE LENGTH: 0

2025-03-04 19:17:45,660 - INFO - EVENT: Receive Msg | SENDER: 3 | LOGICAL TIME: 214 | PHYSICAL TIME: 2025-03-04 19:17:45.00, MESSAGE QUEUE LENGTH: 1

2025-03-04 19:17:45,925 - INFO - EVENT: Internal Event | LOGICAL TIME: 215 | PHYSICAL TIME: 2025-03-04 19:17:45.92, MESSAGE QUEUE LENGTH: 0

2025-03-04 19:17:46,197 - INFO - EVENT: Internal Event | LOGICAL TIME: 216 | PHYSICAL TIME: 2025-03-04 19:17:46.19, MESSAGE QUEUE LENGTH: 0

2025-03-04 19:17:46,451 - INFO - EVENT: Internal Event | LOGICAL TIME: 217 | PHYSICAL TIME: 2025-03-04 19:17:46.45, MESSAGE QUEUE LENGTH: 0

2025-03-04 19:17:46,762 - INFO - EVENT: Internal Event | LOGICAL TIME: 218 | PHYSICAL TIME: 2025-03-04 19:17:46.76, MESSAGE QUEUE LENGTH: 0

2025-03-04 19:17:47,019 - INFO - EVENT: Send Msg | RECIPIENT: 3 | LOGICAL TIME: 219 | PHYSICAL TIME: 2025-03-04 19:17:47.01, MESSAGE QUEUE LENGTH: 0

2025-03-04 19:17:47,426 - INFO - EVENT: Internal Event | LOGICAL TIME: 220 | PHYSICAL TIME: 2025-03-04 19:17:47.42, MESSAGE QUEUE LENGTH: 0

2025-03-04 19:17:47,717 - INFO - EVENT: Internal Event | LOGICAL TIME: 221 | PHYSICAL TIME: 2025-03-04 19:17:47.71, MESSAGE QUEUE LENGTH: 0

2025-03-04 19:17:48,032 - INFO - EVENT: Internal Event | LOGICAL TIME: 222 | PHYSICAL TIME: 2025-03-04 19:17:48.03, MESSAGE QUEUE LENGTH: 0

2025-03-04 19:17:48,283 - INFO - EVENT: Send Msg | RECIPIENT: 1 and 3 | LOGICAL TIME: 223 | PHYSICAL TIME: 2025-03-04 19:17:48.28, MESSAGE QUEUE LENGTH: 0

