2025-03-05 03:24:11,853 - INFO - Clock rate for client 1: 4 events per second
2025-03-05 03:24:12,592 - INFO - EVENT: Receive Msg | SENDER: 2 | LOGICAL TIME: 1 | PHYSICAL TIME: 2025-03-05 03:24:12.00, MESSAGE QUEUE LENGTH: 2

2025-03-05 03:24:12,914 - INFO - EVENT: Receive Msg | SENDER: 3 | LOGICAL TIME: 2 | PHYSICAL TIME: 2025-03-05 03:24:12.00, MESSAGE QUEUE LENGTH: 1

2025-03-05 03:24:13,194 - INFO - EVENT: Internal Event | LOGICAL TIME: 3 | PHYSICAL TIME: 2025-03-05 03:24:13.19, MESSAGE QUEUE LENGTH: 0

2025-03-05 03:24:13,567 - INFO - EVENT: Send Msg | RECIPIENT: 2 and 3 | LOGICAL TIME: 4 | PHYSICAL TIME: 2025-03-05 03:24:13.56, MESSAGE QUEUE LENGTH: 0

2025-03-05 03:24:13,926 - INFO - EVENT: Internal Event | LOGICAL TIME: 5 | PHYSICAL TIME: 2025-03-05 03:24:13.92, MESSAGE QUEUE LENGTH: 0

2025-03-05 03:24:14,189 - INFO - EVENT: Internal Event | LOGICAL TIME: 6 | PHYSICAL TIME: 2025-03-05 03:24:14.18, MESSAGE QUEUE LENGTH: 0

2025-03-05 03:24:14,443 - INFO - EVENT: Receive Msg | SENDER: 3 | LOGICAL TIME: 7 | PHYSICAL TIME: 2025-03-05 03:24:14.00, MESSAGE QUEUE LENGTH: 1

2025-03-05 03:24:14,746 - INFO - EVENT: Internal Event | LOGICAL TIME: 8 | PHYSICAL TIME: 2025-03-05 03:24:14.74, MESSAGE QUEUE LENGTH: 0

2025-03-05 03:24:15,110 - INFO - EVENT: Send Msg | RECIPIENT: 3 | LOGICAL TIME: 9 | PHYSICAL TIME: 2025-03-05 03:24:15.11, MESSAGE QUEUE LENGTH: 0

2025-03-05 03:24:15,560 - INFO - EVENT: Internal Event | LOGICAL TIME: 10 | PHYSICAL TIME: 2025-03-05 03:24:15.56, MESSAGE QUEUE LENGTH: 0

2025-03-05 03:24:15,829 - INFO - EVENT: Internal Event | LOGICAL TIME: 11 | PHYSICAL TIME: 2025-03-05 03:24:15.82, MESSAGE QUEUE LENGTH: 0

2025-03-05 03:24:16,229 - INFO - EVENT: Send Msg | RECIPIENT: 3 | LOGICAL TIME: 12 | PHYSICAL TIME: 2025-03-05 03:24:16.22, MESSAGE QUEUE LENGTH: 0

2025-03-05 03:24:16,512 - INFO - EVENT: Internal Event | LOGICAL TIME: 13 | PHYSICAL TIME: 2025-03-05 03:24:16.51, MESSAGE QUEUE LENGTH: 0

2025-03-05 03:24:16,830 - INFO - EVENT: Internal Event | LOGICAL TIME: 14 | PHYSICAL TIME: 2025-03-05 03:24:16.83, MESSAGE QUEUE LENGTH: 0

2025-03-05 03:24:17,110 - INFO - EVENT: Receive Msg | SENDER: 3 | LOGICAL TIME: 15 | PHYSICAL TIME: 2025-03-05 03:24:16.00, MESSAGE QUEUE LENGTH: 1

2025-03-05 03:24:17,363 - INFO - EVENT: Receive Msg | SENDER: 2 | LOGICAL TIME: 16 | PHYSICAL TIME: 2025-03-05 03:24:17.00, MESSAGE QUEUE LENGTH: 2

2025-03-05 03:24:17,646 - INFO - EVENT: Receive Msg | SENDER: 3 | LOGICAL TIME: 17 | PHYSICAL TIME: 2025-03-05 03:24:17.00, MESSAGE QUEUE LENGTH: 1

2025-03-05 03:24:17,913 - INFO - EVENT: Send Msg | RECIPIENT: 2 and 3 | LOGICAL TIME: 18 | PHYSICAL TIME: 2025-03-05 03:24:17.91, MESSAGE QUEUE LENGTH: 0

2025-03-05 03:24:18,222 - INFO - EVENT: Internal Event | LOGICAL TIME: 19 | PHYSICAL TIME: 2025-03-05 03:24:18.22, MESSAGE QUEUE LENGTH: 0

2025-03-05 03:24:18,597 - INFO - EVENT: Send Msg | RECIPIENT: 2 and 3 | LOGICAL TIME: 20 | PHYSICAL TIME: 2025-03-05 03:24:18.59, MESSAGE QUEUE LENGTH: 0

2025-03-05 03:24:18,913 - INFO - EVENT: Internal Event | LOGICAL TIME: 21 | PHYSICAL TIME: 2025-03-05 03:24:18.91, MESSAGE QUEUE LENGTH: 0

2025-03-05 03:24:19,199 - INFO - EVENT: Internal Event | LOGICAL TIME: 22 | PHYSICAL TIME: 2025-03-05 03:24:19.19, MESSAGE QUEUE LENGTH: 0

2025-03-05 03:24:19,497 - INFO - EVENT: Receive Msg | SENDER: 2 | LOGICAL TIME: 23 | PHYSICAL TIME: 2025-03-05 03:24:19.00, MESSAGE QUEUE LENGTH: 1

2025-03-05 03:24:19,759 - INFO - EVENT: Internal Event | LOGICAL TIME: 24 | PHYSICAL TIME: 2025-03-05 03:24:19.75, MESSAGE QUEUE LENGTH: 0

2025-03-05 03:24:20,048 - INFO - EVENT: Internal Event | LOGICAL TIME: 25 | PHYSICAL TIME: 2025-03-05 03:24:20.04, MESSAGE QUEUE LENGTH: 0

2025-03-05 03:24:20,414 - INFO - EVENT: Receive Msg | SENDER: 2 | LOGICAL TIME: 26 | PHYSICAL TIME: 2025-03-05 03:24:19.00, MESSAGE QUEUE LENGTH: 1

2025-03-05 03:24:20,733 - INFO - EVENT: Send Msg | RECIPIENT: 3 | LOGICAL TIME: 27 | PHYSICAL TIME: 2025-03-05 03:24:20.73, MESSAGE QUEUE LENGTH: 0

2025-03-05 03:24:20,984 - INFO - EVENT: Internal Event | LOGICAL TIME: 28 | PHYSICAL TIME: 2025-03-05 03:24:20.98, MESSAGE QUEUE LENGTH: 0

2025-03-05 03:24:21,284 - INFO - EVENT: Internal Event | LOGICAL TIME: 29 | PHYSICAL TIME: 2025-03-05 03:24:21.28, MESSAGE QUEUE LENGTH: 0

2025-03-05 03:24:21,561 - INFO - EVENT: Receive Msg | SENDER: 3 | LOGICAL TIME: 30 | PHYSICAL TIME: 2025-03-05 03:24:21.00, MESSAGE QUEUE LENGTH: 1

2025-03-05 03:24:21,850 - INFO - EVENT: Receive Msg | SENDER: 2 | LOGICAL TIME: 31 | PHYSICAL TIME: 2025-03-05 03:24:21.00, MESSAGE QUEUE LENGTH: 1

2025-03-05 03:24:22,116 - INFO - EVENT: Internal Event | LOGICAL TIME: 32 | PHYSICAL TIME: 2025-03-05 03:24:22.11, MESSAGE QUEUE LENGTH: 0

2025-03-05 03:24:22,569 - INFO - EVENT: Internal Event | LOGICAL TIME: 33 | PHYSICAL TIME: 2025-03-05 03:24:22.56, MESSAGE QUEUE LENGTH: 0

2025-03-05 03:24:22,850 - INFO - EVENT: Internal Event | LOGICAL TIME: 34 | PHYSICAL TIME: 2025-03-05 03:24:22.85, MESSAGE QUEUE LENGTH: 0

2025-03-05 03:24:23,132 - INFO - EVENT: Send Msg | RECIPIENT: 3 | LOGICAL TIME: 35 | PHYSICAL TIME: 2025-03-05 03:24:23.13, MESSAGE QUEUE LENGTH: 0

2025-03-05 03:24:23,418 - INFO - EVENT: Internal Event | LOGICAL TIME: 36 | PHYSICAL TIME: 2025-03-05 03:24:23.41, MESSAGE QUEUE LENGTH: 0

2025-03-05 03:24:23,734 - INFO - EVENT: Internal Event | LOGICAL TIME: 37 | PHYSICAL TIME: 2025-03-05 03:24:23.73, MESSAGE QUEUE LENGTH: 0

2025-03-05 03:24:24,037 - INFO - EVENT: Receive Msg | SENDER: 3 | LOGICAL TIME: 38 | PHYSICAL TIME: 2025-03-05 03:24:23.00, MESSAGE QUEUE LENGTH: 1

2025-03-05 03:24:24,303 - INFO - EVENT: Send Msg | RECIPIENT: 3 | LOGICAL TIME: 39 | PHYSICAL TIME: 2025-03-05 03:24:24.30, MESSAGE QUEUE LENGTH: 0

2025-03-05 03:24:24,565 - INFO - EVENT: Internal Event | LOGICAL TIME: 40 | PHYSICAL TIME: 2025-03-05 03:24:24.56, MESSAGE QUEUE LENGTH: 0

2025-03-05 03:24:24,821 - INFO - EVENT: Internal Event | LOGICAL TIME: 41 | PHYSICAL TIME: 2025-03-05 03:24:24.82, MESSAGE QUEUE LENGTH: 0

2025-03-05 03:24:25,151 - INFO - EVENT: Internal Event | LOGICAL TIME: 42 | PHYSICAL TIME: 2025-03-05 03:24:25.15, MESSAGE QUEUE LENGTH: 0

2025-03-05 03:24:25,419 - INFO - EVENT: Receive Msg | SENDER: 3 | LOGICAL TIME: 43 | PHYSICAL TIME: 2025-03-05 03:24:25.00, MESSAGE QUEUE LENGTH: 1

2025-03-05 03:24:25,702 - INFO - EVENT: Receive Msg | SENDER: 2 | LOGICAL TIME: 44 | PHYSICAL TIME: 2025-03-05 03:24:25.00, MESSAGE QUEUE LENGTH: 1

2025-03-05 03:24:25,953 - INFO - EVENT: Internal Event | LOGICAL TIME: 45 | PHYSICAL TIME: 2025-03-05 03:24:25.95, MESSAGE QUEUE LENGTH: 0

2025-03-05 03:24:26,204 - INFO - EVENT: Internal Event | LOGICAL TIME: 46 | PHYSICAL TIME: 2025-03-05 03:24:26.20, MESSAGE QUEUE LENGTH: 0

2025-03-05 03:24:26,471 - INFO - EVENT: Internal Event | LOGICAL TIME: 47 | PHYSICAL TIME: 2025-03-05 03:24:26.47, MESSAGE QUEUE LENGTH: 0

2025-03-05 03:24:26,721 - INFO - EVENT: Receive Msg | SENDER: 2 | LOGICAL TIME: 48 | PHYSICAL TIME: 2025-03-05 03:24:26.00, MESSAGE QUEUE LENGTH: 1

2025-03-05 03:24:27,002 - INFO - EVENT: Internal Event | LOGICAL TIME: 49 | PHYSICAL TIME: 2025-03-05 03:24:27.00, MESSAGE QUEUE LENGTH: 0

2025-03-05 03:24:27,255 - INFO - EVENT: Internal Event | LOGICAL TIME: 50 | PHYSICAL TIME: 2025-03-05 03:24:27.25, MESSAGE QUEUE LENGTH: 0

2025-03-05 03:24:27,604 - INFO - EVENT: Internal Event | LOGICAL TIME: 51 | PHYSICAL TIME: 2025-03-05 03:24:27.60, MESSAGE QUEUE LENGTH: 0

2025-03-05 03:24:27,887 - INFO - EVENT: Receive Msg | SENDER: 2 | LOGICAL TIME: 52 | PHYSICAL TIME: 2025-03-05 03:24:27.00, MESSAGE QUEUE LENGTH: 1

2025-03-05 03:24:28,280 - INFO - EVENT: Internal Event | LOGICAL TIME: 53 | PHYSICAL TIME: 2025-03-05 03:24:28.28, MESSAGE QUEUE LENGTH: 0

2025-03-05 03:24:28,539 - INFO - EVENT: Send Msg | RECIPIENT: 2 | LOGICAL TIME: 54 | PHYSICAL TIME: 2025-03-05 03:24:28.53, MESSAGE QUEUE LENGTH: 0

2025-03-05 03:24:28,805 - INFO - EVENT: Receive Msg | SENDER: 3 | LOGICAL TIME: 55 | PHYSICAL TIME: 2025-03-05 03:24:28.00, MESSAGE QUEUE LENGTH: 1

2025-03-05 03:24:29,105 - INFO - EVENT: Send Msg | RECIPIENT: 2 and 3 | LOGICAL TIME: 56 | PHYSICAL TIME: 2025-03-05 03:24:29.10, MESSAGE QUEUE LENGTH: 0

2025-03-05 03:24:29,373 - INFO - EVENT: Receive Msg | SENDER: 3 | LOGICAL TIME: 57 | PHYSICAL TIME: 2025-03-05 03:24:28.00, MESSAGE QUEUE LENGTH: 1

2025-03-05 03:24:29,872 - INFO - EVENT: Send Msg | RECIPIENT: 2 | LOGICAL TIME: 58 | PHYSICAL TIME: 2025-03-05 03:24:29.87, MESSAGE QUEUE LENGTH: 0

2025-03-05 03:24:30,140 - INFO - EVENT: Internal Event | LOGICAL TIME: 59 | PHYSICAL TIME: 2025-03-05 03:24:30.14, MESSAGE QUEUE LENGTH: 0

2025-03-05 03:24:30,474 - INFO - EVENT: Send Msg | RECIPIENT: 2 and 3 | LOGICAL TIME: 60 | PHYSICAL TIME: 2025-03-05 03:24:30.47, MESSAGE QUEUE LENGTH: 0

2025-03-05 03:24:30,757 - INFO - EVENT: Internal Event | LOGICAL TIME: 61 | PHYSICAL TIME: 2025-03-05 03:24:30.75, MESSAGE QUEUE LENGTH: 0

2025-03-05 03:24:31,091 - INFO - EVENT: Receive Msg | SENDER: 3 | LOGICAL TIME: 63 | PHYSICAL TIME: 2025-03-05 03:24:31.00, MESSAGE QUEUE LENGTH: 1

2025-03-05 03:24:31,504 - INFO - EVENT: Send Msg | RECIPIENT: 2 | LOGICAL TIME: 64 | PHYSICAL TIME: 2025-03-05 03:24:31.50, MESSAGE QUEUE LENGTH: 0

2025-03-05 03:24:31,809 - INFO - EVENT: Internal Event | LOGICAL TIME: 65 | PHYSICAL TIME: 2025-03-05 03:24:31.80, MESSAGE QUEUE LENGTH: 0

2025-03-05 03:24:32,091 - INFO - EVENT: Internal Event | LOGICAL TIME: 66 | PHYSICAL TIME: 2025-03-05 03:24:32.09, MESSAGE QUEUE LENGTH: 0

2025-03-05 03:24:32,359 - INFO - EVENT: Internal Event | LOGICAL TIME: 67 | PHYSICAL TIME: 2025-03-05 03:24:32.35, MESSAGE QUEUE LENGTH: 0

2025-03-05 03:24:32,691 - INFO - EVENT: Send Msg | RECIPIENT: 2 and 3 | LOGICAL TIME: 68 | PHYSICAL TIME: 2025-03-05 03:24:32.69, MESSAGE QUEUE LENGTH: 0

2025-03-05 03:24:32,943 - INFO - EVENT: Internal Event | LOGICAL TIME: 69 | PHYSICAL TIME: 2025-03-05 03:24:32.94, MESSAGE QUEUE LENGTH: 0

2025-03-05 03:24:33,226 - INFO - EVENT: Send Msg | RECIPIENT: 2 and 3 | LOGICAL TIME: 70 | PHYSICAL TIME: 2025-03-05 03:24:33.22, MESSAGE QUEUE LENGTH: 0

2025-03-05 03:24:33,490 - INFO - EVENT: Internal Event | LOGICAL TIME: 71 | PHYSICAL TIME: 2025-03-05 03:24:33.49, MESSAGE QUEUE LENGTH: 0

2025-03-05 03:24:33,756 - INFO - EVENT: Send Msg | RECIPIENT: 2 and 3 | LOGICAL TIME: 72 | PHYSICAL TIME: 2025-03-05 03:24:33.75, MESSAGE QUEUE LENGTH: 0

2025-03-05 03:24:34,006 - INFO - EVENT: Send Msg | RECIPIENT: 2 and 3 | LOGICAL TIME: 73 | PHYSICAL TIME: 2025-03-05 03:24:34.00, MESSAGE QUEUE LENGTH: 0

2025-03-05 03:24:34,277 - INFO - EVENT: Internal Event | LOGICAL TIME: 74 | PHYSICAL TIME: 2025-03-05 03:24:34.27, MESSAGE QUEUE LENGTH: 0

2025-03-05 03:24:34,556 - INFO - EVENT: Internal Event | LOGICAL TIME: 75 | PHYSICAL TIME: 2025-03-05 03:24:34.55, MESSAGE QUEUE LENGTH: 0

2025-03-05 03:24:34,810 - INFO - EVENT: Internal Event | LOGICAL TIME: 76 | PHYSICAL TIME: 2025-03-05 03:24:34.81, MESSAGE QUEUE LENGTH: 0

2025-03-05 03:24:35,078 - INFO - EVENT: Internal Event | LOGICAL TIME: 77 | PHYSICAL TIME: 2025-03-05 03:24:35.07, MESSAGE QUEUE LENGTH: 0

2025-03-05 03:24:35,358 - INFO - EVENT: Receive Msg | SENDER: 2 | LOGICAL TIME: 78 | PHYSICAL TIME: 2025-03-05 03:24:35.00, MESSAGE QUEUE LENGTH: 1

2025-03-05 03:24:35,613 - INFO - EVENT: Internal Event | LOGICAL TIME: 79 | PHYSICAL TIME: 2025-03-05 03:24:35.61, MESSAGE QUEUE LENGTH: 0

2025-03-05 03:24:35,869 - INFO - EVENT: Receive Msg | SENDER: 2 | LOGICAL TIME: 80 | PHYSICAL TIME: 2025-03-05 03:24:35.00, MESSAGE QUEUE LENGTH: 1

2025-03-05 03:24:36,145 - INFO - EVENT: Internal Event | LOGICAL TIME: 81 | PHYSICAL TIME: 2025-03-05 03:24:36.14, MESSAGE QUEUE LENGTH: 0

2025-03-05 03:24:36,546 - INFO - EVENT: Send Msg | RECIPIENT: 2 and 3 | LOGICAL TIME: 82 | PHYSICAL TIME: 2025-03-05 03:24:36.54, MESSAGE QUEUE LENGTH: 0

2025-03-05 03:24:36,813 - INFO - EVENT: Internal Event | LOGICAL TIME: 83 | PHYSICAL TIME: 2025-03-05 03:24:36.81, MESSAGE QUEUE LENGTH: 0

2025-03-05 03:24:37,178 - INFO - EVENT: Send Msg | RECIPIENT: 2 and 3 | LOGICAL TIME: 84 | PHYSICAL TIME: 2025-03-05 03:24:37.17, MESSAGE QUEUE LENGTH: 0

2025-03-05 03:24:37,460 - INFO - EVENT: Internal Event | LOGICAL TIME: 85 | PHYSICAL TIME: 2025-03-05 03:24:37.46, MESSAGE QUEUE LENGTH: 0

2025-03-05 03:24:37,807 - INFO - EVENT: Send Msg | RECIPIENT: 2 | LOGICAL TIME: 86 | PHYSICAL TIME: 2025-03-05 03:24:37.80, MESSAGE QUEUE LENGTH: 0

2025-03-05 03:24:38,080 - INFO - EVENT: Receive Msg | SENDER: 3 | LOGICAL TIME: 87 | PHYSICAL TIME: 2025-03-05 03:24:37.00, MESSAGE QUEUE LENGTH: 1

2025-03-05 03:24:38,364 - INFO - EVENT: Internal Event | LOGICAL TIME: 88 | PHYSICAL TIME: 2025-03-05 03:24:38.36, MESSAGE QUEUE LENGTH: 0

2025-03-05 03:24:38,614 - INFO - EVENT: Internal Event | LOGICAL TIME: 89 | PHYSICAL TIME: 2025-03-05 03:24:38.61, MESSAGE QUEUE LENGTH: 0

2025-03-05 03:24:38,882 - INFO - EVENT: Internal Event | LOGICAL TIME: 90 | PHYSICAL TIME: 2025-03-05 03:24:38.88, MESSAGE QUEUE LENGTH: 0

2025-03-05 03:24:39,156 - INFO - EVENT: Send Msg | RECIPIENT: 3 | LOGICAL TIME: 91 | PHYSICAL TIME: 2025-03-05 03:24:39.15, MESSAGE QUEUE LENGTH: 0

2025-03-05 03:24:39,510 - INFO - EVENT: Internal Event | LOGICAL TIME: 92 | PHYSICAL TIME: 2025-03-05 03:24:39.51, MESSAGE QUEUE LENGTH: 0

2025-03-05 03:24:39,858 - INFO - EVENT: Receive Msg | SENDER: 2 | LOGICAL TIME: 93 | PHYSICAL TIME: 2025-03-05 03:24:39.00, MESSAGE QUEUE LENGTH: 1

2025-03-05 03:24:40,166 - INFO - EVENT: Send Msg | RECIPIENT: 2 and 3 | LOGICAL TIME: 94 | PHYSICAL TIME: 2025-03-05 03:24:40.16, MESSAGE QUEUE LENGTH: 0

2025-03-05 03:24:40,498 - INFO - EVENT: Send Msg | RECIPIENT: 2 and 3 | LOGICAL TIME: 95 | PHYSICAL TIME: 2025-03-05 03:24:40.49, MESSAGE QUEUE LENGTH: 0

2025-03-05 03:24:40,750 - INFO - EVENT: Internal Event | LOGICAL TIME: 96 | PHYSICAL TIME: 2025-03-05 03:24:40.75, MESSAGE QUEUE LENGTH: 0

2025-03-05 03:24:41,015 - INFO - EVENT: Internal Event | LOGICAL TIME: 97 | PHYSICAL TIME: 2025-03-05 03:24:41.01, MESSAGE QUEUE LENGTH: 0

2025-03-05 03:24:41,367 - INFO - EVENT: Send Msg | RECIPIENT: 2 and 3 | LOGICAL TIME: 98 | PHYSICAL TIME: 2025-03-05 03:24:41.36, MESSAGE QUEUE LENGTH: 0

2025-03-05 03:24:41,665 - INFO - EVENT: Send Msg | RECIPIENT: 3 | LOGICAL TIME: 99 | PHYSICAL TIME: 2025-03-05 03:24:41.66, MESSAGE QUEUE LENGTH: 0

2025-03-05 03:24:41,933 - INFO - EVENT: Internal Event | LOGICAL TIME: 100 | PHYSICAL TIME: 2025-03-05 03:24:41.93, MESSAGE QUEUE LENGTH: 0

2025-03-05 03:24:42,281 - INFO - EVENT: Internal Event | LOGICAL TIME: 101 | PHYSICAL TIME: 2025-03-05 03:24:42.28, MESSAGE QUEUE LENGTH: 0

2025-03-05 03:24:42,556 - INFO - EVENT: Receive Msg | SENDER: 2 | LOGICAL TIME: 102 | PHYSICAL TIME: 2025-03-05 03:24:42.00, MESSAGE QUEUE LENGTH: 1

2025-03-05 03:24:42,850 - INFO - EVENT: Internal Event | LOGICAL TIME: 103 | PHYSICAL TIME: 2025-03-05 03:24:42.85, MESSAGE QUEUE LENGTH: 0

2025-03-05 03:24:43,178 - INFO - EVENT: Internal Event | LOGICAL TIME: 104 | PHYSICAL TIME: 2025-03-05 03:24:43.17, MESSAGE QUEUE LENGTH: 0

2025-03-05 03:24:43,450 - INFO - EVENT: Internal Event | LOGICAL TIME: 105 | PHYSICAL TIME: 2025-03-05 03:24:43.45, MESSAGE QUEUE LENGTH: 0

2025-03-05 03:24:43,752 - INFO - EVENT: Internal Event | LOGICAL TIME: 106 | PHYSICAL TIME: 2025-03-05 03:24:43.75, MESSAGE QUEUE LENGTH: 0

2025-03-05 03:24:44,068 - INFO - EVENT: Receive Msg | SENDER: 2 | LOGICAL TIME: 107 | PHYSICAL TIME: 2025-03-05 03:24:43.00, MESSAGE QUEUE LENGTH: 1

2025-03-05 03:24:44,420 - INFO - EVENT: Internal Event | LOGICAL TIME: 108 | PHYSICAL TIME: 2025-03-05 03:24:44.42, MESSAGE QUEUE LENGTH: 0

2025-03-05 03:24:44,769 - INFO - EVENT: Send Msg | RECIPIENT: 2 | LOGICAL TIME: 109 | PHYSICAL TIME: 2025-03-05 03:24:44.76, MESSAGE QUEUE LENGTH: 0

2025-03-05 03:24:45,082 - INFO - EVENT: Internal Event | LOGICAL TIME: 110 | PHYSICAL TIME: 2025-03-05 03:24:45.08, MESSAGE QUEUE LENGTH: 0

2025-03-05 03:24:45,449 - INFO - EVENT: Internal Event | LOGICAL TIME: 111 | PHYSICAL TIME: 2025-03-05 03:24:45.44, MESSAGE QUEUE LENGTH: 0

2025-03-05 03:24:45,725 - INFO - EVENT: Internal Event | LOGICAL TIME: 112 | PHYSICAL TIME: 2025-03-05 03:24:45.72, MESSAGE QUEUE LENGTH: 0

2025-03-05 03:24:46,018 - INFO - EVENT: Receive Msg | SENDER: 3 | LOGICAL TIME: 113 | PHYSICAL TIME: 2025-03-05 03:24:45.00, MESSAGE QUEUE LENGTH: 1

2025-03-05 03:24:46,320 - INFO - EVENT: Internal Event | LOGICAL TIME: 114 | PHYSICAL TIME: 2025-03-05 03:24:46.32, MESSAGE QUEUE LENGTH: 0

2025-03-05 03:24:46,635 - INFO - EVENT: Internal Event | LOGICAL TIME: 115 | PHYSICAL TIME: 2025-03-05 03:24:46.63, MESSAGE QUEUE LENGTH: 0

2025-03-05 03:24:46,888 - INFO - EVENT: Send Msg | RECIPIENT: 2 and 3 | LOGICAL TIME: 116 | PHYSICAL TIME: 2025-03-05 03:24:46.88, MESSAGE QUEUE LENGTH: 0

2025-03-05 03:24:47,180 - INFO - EVENT: Internal Event | LOGICAL TIME: 117 | PHYSICAL TIME: 2025-03-05 03:24:47.18, MESSAGE QUEUE LENGTH: 0

2025-03-05 03:24:47,494 - INFO - EVENT: Send Msg | RECIPIENT: 2 and 3 | LOGICAL TIME: 118 | PHYSICAL TIME: 2025-03-05 03:24:47.49, MESSAGE QUEUE LENGTH: 0

2025-03-05 03:24:47,772 - INFO - EVENT: Send Msg | RECIPIENT: 2 | LOGICAL TIME: 119 | PHYSICAL TIME: 2025-03-05 03:24:47.77, MESSAGE QUEUE LENGTH: 0

2025-03-05 03:24:48,039 - INFO - EVENT: Internal Event | LOGICAL TIME: 120 | PHYSICAL TIME: 2025-03-05 03:24:48.03, MESSAGE QUEUE LENGTH: 0

2025-03-05 03:24:48,388 - INFO - EVENT: Internal Event | LOGICAL TIME: 121 | PHYSICAL TIME: 2025-03-05 03:24:48.38, MESSAGE QUEUE LENGTH: 0

2025-03-05 03:24:48,697 - INFO - EVENT: Send Msg | RECIPIENT: 2 | LOGICAL TIME: 122 | PHYSICAL TIME: 2025-03-05 03:24:48.69, MESSAGE QUEUE LENGTH: 0

2025-03-05 03:24:49,038 - INFO - EVENT: Internal Event | LOGICAL TIME: 123 | PHYSICAL TIME: 2025-03-05 03:24:49.03, MESSAGE QUEUE LENGTH: 0

2025-03-05 03:24:49,325 - INFO - EVENT: Internal Event | LOGICAL TIME: 124 | PHYSICAL TIME: 2025-03-05 03:24:49.32, MESSAGE QUEUE LENGTH: 0

2025-03-05 03:24:49,673 - INFO - EVENT: Internal Event | LOGICAL TIME: 125 | PHYSICAL TIME: 2025-03-05 03:24:49.67, MESSAGE QUEUE LENGTH: 0

2025-03-05 03:24:49,953 - INFO - EVENT: Send Msg | RECIPIENT: 2 and 3 | LOGICAL TIME: 126 | PHYSICAL TIME: 2025-03-05 03:24:49.95, MESSAGE QUEUE LENGTH: 0

2025-03-05 03:24:50,226 - INFO - EVENT: Send Msg | RECIPIENT: 2 and 3 | LOGICAL TIME: 127 | PHYSICAL TIME: 2025-03-05 03:24:50.22, MESSAGE QUEUE LENGTH: 0

2025-03-05 03:24:50,541 - INFO - EVENT: Send Msg | RECIPIENT: 3 | LOGICAL TIME: 128 | PHYSICAL TIME: 2025-03-05 03:24:50.54, MESSAGE QUEUE LENGTH: 0

2025-03-05 03:24:50,857 - INFO - EVENT: Internal Event | LOGICAL TIME: 129 | PHYSICAL TIME: 2025-03-05 03:24:50.85, MESSAGE QUEUE LENGTH: 0

2025-03-05 03:24:51,204 - INFO - EVENT: Internal Event | LOGICAL TIME: 130 | PHYSICAL TIME: 2025-03-05 03:24:51.20, MESSAGE QUEUE LENGTH: 0

2025-03-05 03:24:51,492 - INFO - EVENT: Internal Event | LOGICAL TIME: 131 | PHYSICAL TIME: 2025-03-05 03:24:51.49, MESSAGE QUEUE LENGTH: 0

2025-03-05 03:24:51,791 - INFO - EVENT: Send Msg | RECIPIENT: 3 | LOGICAL TIME: 132 | PHYSICAL TIME: 2025-03-05 03:24:51.79, MESSAGE QUEUE LENGTH: 0

2025-03-05 03:24:52,107 - INFO - EVENT: Internal Event | LOGICAL TIME: 133 | PHYSICAL TIME: 2025-03-05 03:24:52.10, MESSAGE QUEUE LENGTH: 0

2025-03-05 03:24:52,374 - INFO - EVENT: Internal Event | LOGICAL TIME: 134 | PHYSICAL TIME: 2025-03-05 03:24:52.37, MESSAGE QUEUE LENGTH: 0

2025-03-05 03:24:52,709 - INFO - EVENT: Internal Event | LOGICAL TIME: 135 | PHYSICAL TIME: 2025-03-05 03:24:52.70, MESSAGE QUEUE LENGTH: 0

2025-03-05 03:24:52,992 - INFO - EVENT: Internal Event | LOGICAL TIME: 136 | PHYSICAL TIME: 2025-03-05 03:24:52.99, MESSAGE QUEUE LENGTH: 0

2025-03-05 03:24:53,356 - INFO - EVENT: Send Msg | RECIPIENT: 2 and 3 | LOGICAL TIME: 137 | PHYSICAL TIME: 2025-03-05 03:24:53.35, MESSAGE QUEUE LENGTH: 0

2025-03-05 03:24:53,609 - INFO - EVENT: Send Msg | RECIPIENT: 2 | LOGICAL TIME: 138 | PHYSICAL TIME: 2025-03-05 03:24:53.60, MESSAGE QUEUE LENGTH: 0

2025-03-05 03:24:53,935 - INFO - EVENT: Send Msg | RECIPIENT: 2 and 3 | LOGICAL TIME: 139 | PHYSICAL TIME: 2025-03-05 03:24:53.93, MESSAGE QUEUE LENGTH: 0

2025-03-05 03:24:54,195 - INFO - EVENT: Internal Event | LOGICAL TIME: 140 | PHYSICAL TIME: 2025-03-05 03:24:54.19, MESSAGE QUEUE LENGTH: 0

2025-03-05 03:24:54,528 - INFO - EVENT: Send Msg | RECIPIENT: 2 | LOGICAL TIME: 141 | PHYSICAL TIME: 2025-03-05 03:24:54.52, MESSAGE QUEUE LENGTH: 0

2025-03-05 03:24:54,827 - INFO - EVENT: Receive Msg | SENDER: 3 | LOGICAL TIME: 142 | PHYSICAL TIME: 2025-03-05 03:24:54.00, MESSAGE QUEUE LENGTH: 1

2025-03-05 03:24:55,092 - INFO - EVENT: Send Msg | RECIPIENT: 2 | LOGICAL TIME: 143 | PHYSICAL TIME: 2025-03-05 03:24:55.09, MESSAGE QUEUE LENGTH: 0

2025-03-05 03:24:55,413 - INFO - EVENT: Send Msg | RECIPIENT: 2 | LOGICAL TIME: 144 | PHYSICAL TIME: 2025-03-05 03:24:55.41, MESSAGE QUEUE LENGTH: 0

2025-03-05 03:24:55,695 - INFO - EVENT: Internal Event | LOGICAL TIME: 145 | PHYSICAL TIME: 2025-03-05 03:24:55.69, MESSAGE QUEUE LENGTH: 0

2025-03-05 03:24:55,995 - INFO - EVENT: Receive Msg | SENDER: 3 | LOGICAL TIME: 146 | PHYSICAL TIME: 2025-03-05 03:24:55.00, MESSAGE QUEUE LENGTH: 1

2025-03-05 03:24:56,263 - INFO - EVENT: Send Msg | RECIPIENT: 2 and 3 | LOGICAL TIME: 147 | PHYSICAL TIME: 2025-03-05 03:24:56.26, MESSAGE QUEUE LENGTH: 0

2025-03-05 03:24:56,526 - INFO - EVENT: Send Msg | RECIPIENT: 2 | LOGICAL TIME: 148 | PHYSICAL TIME: 2025-03-05 03:24:56.52, MESSAGE QUEUE LENGTH: 0

2025-03-05 03:24:56,789 - INFO - EVENT: Internal Event | LOGICAL TIME: 149 | PHYSICAL TIME: 2025-03-05 03:24:56.78, MESSAGE QUEUE LENGTH: 0

2025-03-05 03:24:57,041 - INFO - EVENT: Internal Event | LOGICAL TIME: 150 | PHYSICAL TIME: 2025-03-05 03:24:57.04, MESSAGE QUEUE LENGTH: 0

2025-03-05 03:24:57,530 - INFO - EVENT: Internal Event | LOGICAL TIME: 151 | PHYSICAL TIME: 2025-03-05 03:24:57.53, MESSAGE QUEUE LENGTH: 0

2025-03-05 03:24:57,814 - INFO - EVENT: Send Msg | RECIPIENT: 3 | LOGICAL TIME: 152 | PHYSICAL TIME: 2025-03-05 03:24:57.81, MESSAGE QUEUE LENGTH: 0

2025-03-05 03:24:58,080 - INFO - EVENT: Internal Event | LOGICAL TIME: 153 | PHYSICAL TIME: 2025-03-05 03:24:58.08, MESSAGE QUEUE LENGTH: 0

2025-03-05 03:24:58,359 - INFO - EVENT: Internal Event | LOGICAL TIME: 154 | PHYSICAL TIME: 2025-03-05 03:24:58.35, MESSAGE QUEUE LENGTH: 0

2025-03-05 03:24:58,628 - INFO - EVENT: Send Msg | RECIPIENT: 2 and 3 | LOGICAL TIME: 155 | PHYSICAL TIME: 2025-03-05 03:24:58.62, MESSAGE QUEUE LENGTH: 0

2025-03-05 03:24:58,929 - INFO - EVENT: Internal Event | LOGICAL TIME: 156 | PHYSICAL TIME: 2025-03-05 03:24:58.92, MESSAGE QUEUE LENGTH: 0

2025-03-05 03:24:59,313 - INFO - EVENT: Internal Event | LOGICAL TIME: 157 | PHYSICAL TIME: 2025-03-05 03:24:59.31, MESSAGE QUEUE LENGTH: 0

2025-03-05 03:24:59,564 - INFO - EVENT: Receive Msg | SENDER: 3 | LOGICAL TIME: 158 | PHYSICAL TIME: 2025-03-05 03:24:59.00, MESSAGE QUEUE LENGTH: 1

2025-03-05 03:24:59,816 - INFO - EVENT: Send Msg | RECIPIENT: 2 and 3 | LOGICAL TIME: 159 | PHYSICAL TIME: 2025-03-05 03:24:59.81, MESSAGE QUEUE LENGTH: 0

2025-03-05 03:25:00,098 - INFO - EVENT: Receive Msg | SENDER: 3 | LOGICAL TIME: 160 | PHYSICAL TIME: 2025-03-05 03:24:59.00, MESSAGE QUEUE LENGTH: 1

2025-03-05 03:25:00,355 - INFO - EVENT: Internal Event | LOGICAL TIME: 161 | PHYSICAL TIME: 2025-03-05 03:25:00.35, MESSAGE QUEUE LENGTH: 0

2025-03-05 03:25:00,637 - INFO - EVENT: Internal Event | LOGICAL TIME: 162 | PHYSICAL TIME: 2025-03-05 03:25:00.63, MESSAGE QUEUE LENGTH: 0

2025-03-05 03:25:00,931 - INFO - EVENT: Internal Event | LOGICAL TIME: 163 | PHYSICAL TIME: 2025-03-05 03:25:00.93, MESSAGE QUEUE LENGTH: 0

2025-03-05 03:25:01,182 - INFO - EVENT: Send Msg | RECIPIENT: 2 and 3 | LOGICAL TIME: 164 | PHYSICAL TIME: 2025-03-05 03:25:01.18, MESSAGE QUEUE LENGTH: 0

2025-03-05 03:25:01,466 - INFO - EVENT: Send Msg | RECIPIENT: 2 and 3 | LOGICAL TIME: 165 | PHYSICAL TIME: 2025-03-05 03:25:01.46, MESSAGE QUEUE LENGTH: 0

2025-03-05 03:25:01,733 - INFO - EVENT: Internal Event | LOGICAL TIME: 166 | PHYSICAL TIME: 2025-03-05 03:25:01.73, MESSAGE QUEUE LENGTH: 0

2025-03-05 03:25:02,027 - INFO - EVENT: Send Msg | RECIPIENT: 3 | LOGICAL TIME: 167 | PHYSICAL TIME: 2025-03-05 03:25:02.02, MESSAGE QUEUE LENGTH: 0

2025-03-05 03:25:02,334 - INFO - EVENT: Internal Event | LOGICAL TIME: 168 | PHYSICAL TIME: 2025-03-05 03:25:02.33, MESSAGE QUEUE LENGTH: 0

2025-03-05 03:25:02,617 - INFO - EVENT: Send Msg | RECIPIENT: 2 and 3 | LOGICAL TIME: 169 | PHYSICAL TIME: 2025-03-05 03:25:02.61, MESSAGE QUEUE LENGTH: 0

2025-03-05 03:25:02,882 - INFO - EVENT: Send Msg | RECIPIENT: 3 | LOGICAL TIME: 170 | PHYSICAL TIME: 2025-03-05 03:25:02.88, MESSAGE QUEUE LENGTH: 0

2025-03-05 03:25:03,168 - INFO - EVENT: Internal Event | LOGICAL TIME: 171 | PHYSICAL TIME: 2025-03-05 03:25:03.16, MESSAGE QUEUE LENGTH: 0

2025-03-05 03:25:03,447 - INFO - EVENT: Send Msg | RECIPIENT: 2 | LOGICAL TIME: 172 | PHYSICAL TIME: 2025-03-05 03:25:03.44, MESSAGE QUEUE LENGTH: 0

2025-03-05 03:25:03,718 - INFO - EVENT: Internal Event | LOGICAL TIME: 173 | PHYSICAL TIME: 2025-03-05 03:25:03.71, MESSAGE QUEUE LENGTH: 0

2025-03-05 03:25:03,985 - INFO - EVENT: Send Msg | RECIPIENT: 3 | LOGICAL TIME: 174 | PHYSICAL TIME: 2025-03-05 03:25:03.98, MESSAGE QUEUE LENGTH: 0

2025-03-05 03:25:04,252 - INFO - EVENT: Receive Msg | SENDER: 3 | LOGICAL TIME: 175 | PHYSICAL TIME: 2025-03-05 03:25:04.00, MESSAGE QUEUE LENGTH: 1

2025-03-05 03:25:04,567 - INFO - EVENT: Internal Event | LOGICAL TIME: 176 | PHYSICAL TIME: 2025-03-05 03:25:04.56, MESSAGE QUEUE LENGTH: 0

2025-03-05 03:25:04,837 - INFO - EVENT: Internal Event | LOGICAL TIME: 177 | PHYSICAL TIME: 2025-03-05 03:25:04.83, MESSAGE QUEUE LENGTH: 0

2025-03-05 03:25:05,097 - INFO - EVENT: Internal Event | LOGICAL TIME: 178 | PHYSICAL TIME: 2025-03-05 03:25:05.09, MESSAGE QUEUE LENGTH: 0

2025-03-05 03:25:05,351 - INFO - EVENT: Internal Event | LOGICAL TIME: 179 | PHYSICAL TIME: 2025-03-05 03:25:05.35, MESSAGE QUEUE LENGTH: 0

2025-03-05 03:25:05,603 - INFO - EVENT: Internal Event | LOGICAL TIME: 180 | PHYSICAL TIME: 2025-03-05 03:25:05.60, MESSAGE QUEUE LENGTH: 0

2025-03-05 03:25:05,934 - INFO - EVENT: Receive Msg | SENDER: 2 | LOGICAL TIME: 181 | PHYSICAL TIME: 2025-03-05 03:25:05.00, MESSAGE QUEUE LENGTH: 1

2025-03-05 03:25:06,195 - INFO - EVENT: Internal Event | LOGICAL TIME: 182 | PHYSICAL TIME: 2025-03-05 03:25:06.19, MESSAGE QUEUE LENGTH: 0

2025-03-05 03:25:06,459 - INFO - EVENT: Receive Msg | SENDER: 2 | LOGICAL TIME: 183 | PHYSICAL TIME: 2025-03-05 03:25:06.00, MESSAGE QUEUE LENGTH: 1

2025-03-05 03:25:06,755 - INFO - EVENT: Send Msg | RECIPIENT: 3 | LOGICAL TIME: 184 | PHYSICAL TIME: 2025-03-05 03:25:06.75, MESSAGE QUEUE LENGTH: 0

2025-03-05 03:25:07,037 - INFO - EVENT: Internal Event | LOGICAL TIME: 185 | PHYSICAL TIME: 2025-03-05 03:25:07.03, MESSAGE QUEUE LENGTH: 0

2025-03-05 03:25:07,288 - INFO - EVENT: Send Msg | RECIPIENT: 2 | LOGICAL TIME: 186 | PHYSICAL TIME: 2025-03-05 03:25:07.28, MESSAGE QUEUE LENGTH: 0

2025-03-05 03:25:07,538 - INFO - EVENT: Internal Event | LOGICAL TIME: 187 | PHYSICAL TIME: 2025-03-05 03:25:07.53, MESSAGE QUEUE LENGTH: 0

2025-03-05 03:25:07,818 - INFO - EVENT: Internal Event | LOGICAL TIME: 188 | PHYSICAL TIME: 2025-03-05 03:25:07.81, MESSAGE QUEUE LENGTH: 0

2025-03-05 03:25:08,073 - INFO - EVENT: Internal Event | LOGICAL TIME: 189 | PHYSICAL TIME: 2025-03-05 03:25:08.07, MESSAGE QUEUE LENGTH: 0

2025-03-05 03:25:08,407 - INFO - EVENT: Receive Msg | SENDER: 3 | LOGICAL TIME: 190 | PHYSICAL TIME: 2025-03-05 03:25:07.00, MESSAGE QUEUE LENGTH: 1

2025-03-05 03:25:08,721 - INFO - EVENT: Internal Event | LOGICAL TIME: 191 | PHYSICAL TIME: 2025-03-05 03:25:08.72, MESSAGE QUEUE LENGTH: 0

2025-03-05 03:25:09,007 - INFO - EVENT: Send Msg | RECIPIENT: 2 and 3 | LOGICAL TIME: 192 | PHYSICAL TIME: 2025-03-05 03:25:09.00, MESSAGE QUEUE LENGTH: 0

2025-03-05 03:25:09,273 - INFO - EVENT: Receive Msg | SENDER: 2 | LOGICAL TIME: 193 | PHYSICAL TIME: 2025-03-05 03:25:08.00, MESSAGE QUEUE LENGTH: 1

2025-03-05 03:25:09,537 - INFO - EVENT: Send Msg | RECIPIENT: 2 and 3 | LOGICAL TIME: 194 | PHYSICAL TIME: 2025-03-05 03:25:09.53, MESSAGE QUEUE LENGTH: 0

2025-03-05 03:25:09,808 - INFO - EVENT: Internal Event | LOGICAL TIME: 195 | PHYSICAL TIME: 2025-03-05 03:25:09.80, MESSAGE QUEUE LENGTH: 0

2025-03-05 03:25:10,090 - INFO - EVENT: Internal Event | LOGICAL TIME: 196 | PHYSICAL TIME: 2025-03-05 03:25:10.09, MESSAGE QUEUE LENGTH: 0

2025-03-05 03:25:10,355 - INFO - EVENT: Internal Event | LOGICAL TIME: 197 | PHYSICAL TIME: 2025-03-05 03:25:10.35, MESSAGE QUEUE LENGTH: 0

2025-03-05 03:25:10,608 - INFO - EVENT: Internal Event | LOGICAL TIME: 198 | PHYSICAL TIME: 2025-03-05 03:25:10.60, MESSAGE QUEUE LENGTH: 0

2025-03-05 03:25:10,906 - INFO - EVENT: Internal Event | LOGICAL TIME: 199 | PHYSICAL TIME: 2025-03-05 03:25:10.90, MESSAGE QUEUE LENGTH: 0

2025-03-05 03:25:11,174 - INFO - EVENT: Internal Event | LOGICAL TIME: 200 | PHYSICAL TIME: 2025-03-05 03:25:11.17, MESSAGE QUEUE LENGTH: 0

2025-03-05 03:25:11,441 - INFO - EVENT: Receive Msg | SENDER: 3 | LOGICAL TIME: 201 | PHYSICAL TIME: 2025-03-05 03:25:11.00, MESSAGE QUEUE LENGTH: 1

2025-03-05 03:25:11,708 - INFO - EVENT: Internal Event | LOGICAL TIME: 202 | PHYSICAL TIME: 2025-03-05 03:25:11.70, MESSAGE QUEUE LENGTH: 0

2025-03-05 03:25:11,960 - INFO - EVENT: Internal Event | LOGICAL TIME: 203 | PHYSICAL TIME: 2025-03-05 03:25:11.96, MESSAGE QUEUE LENGTH: 0

2025-03-05 03:25:12,234 - INFO - EVENT: Internal Event | LOGICAL TIME: 204 | PHYSICAL TIME: 2025-03-05 03:25:12.23, MESSAGE QUEUE LENGTH: 0

2025-03-05 03:25:12,494 - INFO - EVENT: Internal Event | LOGICAL TIME: 205 | PHYSICAL TIME: 2025-03-05 03:25:12.49, MESSAGE QUEUE LENGTH: 0

2025-03-05 03:25:12,760 - INFO - EVENT: Send Msg | RECIPIENT: 2 | LOGICAL TIME: 206 | PHYSICAL TIME: 2025-03-05 03:25:12.76, MESSAGE QUEUE LENGTH: 0

2025-03-05 03:25:13,042 - INFO - EVENT: Internal Event | LOGICAL TIME: 207 | PHYSICAL TIME: 2025-03-05 03:25:13.04, MESSAGE QUEUE LENGTH: 0

2025-03-05 03:25:13,343 - INFO - EVENT: Internal Event | LOGICAL TIME: 208 | PHYSICAL TIME: 2025-03-05 03:25:13.34, MESSAGE QUEUE LENGTH: 0

2025-03-05 03:25:13,607 - INFO - EVENT: Receive Msg | SENDER: 3 | LOGICAL TIME: 209 | PHYSICAL TIME: 2025-03-05 03:25:13.00, MESSAGE QUEUE LENGTH: 1

2025-03-05 03:25:13,892 - INFO - EVENT: Internal Event | LOGICAL TIME: 210 | PHYSICAL TIME: 2025-03-05 03:25:13.89, MESSAGE QUEUE LENGTH: 0

2025-03-05 03:25:14,144 - INFO - EVENT: Receive Msg | SENDER: 3 | LOGICAL TIME: 211 | PHYSICAL TIME: 2025-03-05 03:25:13.00, MESSAGE QUEUE LENGTH: 1

2025-03-05 03:25:14,408 - INFO - EVENT: Internal Event | LOGICAL TIME: 212 | PHYSICAL TIME: 2025-03-05 03:25:14.40, MESSAGE QUEUE LENGTH: 0

2025-03-05 03:25:14,732 - INFO - EVENT: Internal Event | LOGICAL TIME: 213 | PHYSICAL TIME: 2025-03-05 03:25:14.73, MESSAGE QUEUE LENGTH: 0

2025-03-05 03:25:15,126 - INFO - EVENT: Receive Msg | SENDER: 3 | LOGICAL TIME: 214 | PHYSICAL TIME: 2025-03-05 03:25:14.00, MESSAGE QUEUE LENGTH: 1

2025-03-05 03:25:15,527 - INFO - EVENT: Send Msg | RECIPIENT: 3 | LOGICAL TIME: 215 | PHYSICAL TIME: 2025-03-05 03:25:15.52, MESSAGE QUEUE LENGTH: 0

2025-03-05 03:25:15,844 - INFO - EVENT: Receive Msg | SENDER: 2 | LOGICAL TIME: 216 | PHYSICAL TIME: 2025-03-05 03:25:15.00, MESSAGE QUEUE LENGTH: 1

2025-03-05 03:25:16,112 - INFO - EVENT: Internal Event | LOGICAL TIME: 217 | PHYSICAL TIME: 2025-03-05 03:25:16.11, MESSAGE QUEUE LENGTH: 0

2025-03-05 03:25:16,397 - INFO - EVENT: Internal Event | LOGICAL TIME: 218 | PHYSICAL TIME: 2025-03-05 03:25:16.39, MESSAGE QUEUE LENGTH: 0

2025-03-05 03:25:16,661 - INFO - EVENT: Internal Event | LOGICAL TIME: 219 | PHYSICAL TIME: 2025-03-05 03:25:16.66, MESSAGE QUEUE LENGTH: 0

2025-03-05 03:25:16,939 - INFO - EVENT: Internal Event | LOGICAL TIME: 220 | PHYSICAL TIME: 2025-03-05 03:25:16.93, MESSAGE QUEUE LENGTH: 0

2025-03-05 03:25:17,196 - INFO - EVENT: Receive Msg | SENDER: 2 | LOGICAL TIME: 221 | PHYSICAL TIME: 2025-03-05 03:25:17.00, MESSAGE QUEUE LENGTH: 1

2025-03-05 03:25:17,480 - INFO - EVENT: Send Msg | RECIPIENT: 2 and 3 | LOGICAL TIME: 222 | PHYSICAL TIME: 2025-03-05 03:25:17.48, MESSAGE QUEUE LENGTH: 0

