2025-03-04 21:53:30,027 - INFO - Clock rate for client 3: 5 events per second
2025-03-04 21:53:30,479 - INFO - EVENT: Internal Event | LOGICAL TIME: 1 | PHYSICAL TIME: 2025-03-04 21:53:30.47, MESSAGE QUEUE LENGTH: 0

2025-03-04 21:53:30,803 - INFO - EVENT: Receive Msg | SENDER: 2 | LOGICAL TIME: 2 | PHYSICAL TIME: 2025-03-04 21:53:30.00, MESSAGE QUEUE LENGTH: 2

2025-03-04 21:53:31,098 - INFO - EVENT: Receive Msg | SENDER: 1 | LOGICAL TIME: 3 | PHYSICAL TIME: 2025-03-04 21:53:30.00, MESSAGE QUEUE LENGTH: 1

2025-03-04 21:53:31,374 - INFO - EVENT: Internal Event | LOGICAL TIME: 4 | PHYSICAL TIME: 2025-03-04 21:53:31.37, MESSAGE QUEUE LENGTH: 0

2025-03-04 21:53:31,642 - INFO - EVENT: Send Msg | RECIPIENT: 1 | LOGICAL TIME: 5 | PHYSICAL TIME: 2025-03-04 21:53:31.64, MESSAGE QUEUE LENGTH: 0

2025-03-04 21:53:31,856 - INFO - EVENT: Send Msg | RECIPIENT: 1 | LOGICAL TIME: 6 | PHYSICAL TIME: 2025-03-04 21:53:31.85, MESSAGE QUEUE LENGTH: 0

2025-03-04 21:53:32,201 - INFO - EVENT: Send Msg | RECIPIENT: 1 | LOGICAL TIME: 7 | PHYSICAL TIME: 2025-03-04 21:53:32.20, MESSAGE QUEUE LENGTH: 0

2025-03-04 21:53:32,414 - INFO - EVENT: Send Msg | RECIPIENT: 1 and 2 | LOGICAL TIME: 8 | PHYSICAL TIME: 2025-03-04 21:53:32.41, MESSAGE QUEUE LENGTH: 0

2025-03-04 21:53:32,621 - INFO - EVENT: Internal Event | LOGICAL TIME: 9 | PHYSICAL TIME: 2025-03-04 21:53:32.62, MESSAGE QUEUE LENGTH: 0

2025-03-04 21:53:32,864 - INFO - EVENT: Internal Event | LOGICAL TIME: 10 | PHYSICAL TIME: 2025-03-04 21:53:32.86, MESSAGE QUEUE LENGTH: 0

2025-03-04 21:53:33,070 - INFO - EVENT: Internal Event | LOGICAL TIME: 11 | PHYSICAL TIME: 2025-03-04 21:53:33.07, MESSAGE QUEUE LENGTH: 0

2025-03-04 21:53:33,297 - INFO - EVENT: Internal Event | LOGICAL TIME: 12 | PHYSICAL TIME: 2025-03-04 21:53:33.29, MESSAGE QUEUE LENGTH: 0

2025-03-04 21:53:33,535 - INFO - EVENT: Send Msg | RECIPIENT: 1 and 2 | LOGICAL TIME: 13 | PHYSICAL TIME: 2025-03-04 21:53:33.53, MESSAGE QUEUE LENGTH: 0

2025-03-04 21:53:33,743 - INFO - EVENT: Internal Event | LOGICAL TIME: 14 | PHYSICAL TIME: 2025-03-04 21:53:33.74, MESSAGE QUEUE LENGTH: 0

2025-03-04 21:53:33,958 - INFO - EVENT: Send Msg | RECIPIENT: 1 and 2 | LOGICAL TIME: 15 | PHYSICAL TIME: 2025-03-04 21:53:33.95, MESSAGE QUEUE LENGTH: 0

2025-03-04 21:53:34,206 - INFO - EVENT: Internal Event | LOGICAL TIME: 16 | PHYSICAL TIME: 2025-03-04 21:53:34.20, MESSAGE QUEUE LENGTH: 0

2025-03-04 21:53:34,456 - INFO - EVENT: Internal Event | LOGICAL TIME: 17 | PHYSICAL TIME: 2025-03-04 21:53:34.45, MESSAGE QUEUE LENGTH: 0

2025-03-04 21:53:34,860 - INFO - EVENT: Internal Event | LOGICAL TIME: 18 | PHYSICAL TIME: 2025-03-04 21:53:34.86, MESSAGE QUEUE LENGTH: 0

2025-03-04 21:53:35,093 - INFO - EVENT: Receive Msg | SENDER: 2 | LOGICAL TIME: 19 | PHYSICAL TIME: 2025-03-04 21:53:34.00, MESSAGE QUEUE LENGTH: 1

2025-03-04 21:53:35,311 - INFO - EVENT: Send Msg | RECIPIENT: 2 | LOGICAL TIME: 20 | PHYSICAL TIME: 2025-03-04 21:53:35.31, MESSAGE QUEUE LENGTH: 0

2025-03-04 21:53:35,515 - INFO - EVENT: Send Msg | RECIPIENT: 1 and 2 | LOGICAL TIME: 21 | PHYSICAL TIME: 2025-03-04 21:53:35.51, MESSAGE QUEUE LENGTH: 0

2025-03-04 21:53:35,743 - INFO - EVENT: Receive Msg | SENDER: 1 | LOGICAL TIME: 22 | PHYSICAL TIME: 2025-03-04 21:53:35.00, MESSAGE QUEUE LENGTH: 1

2025-03-04 21:53:35,946 - INFO - EVENT: Receive Msg | SENDER: 1 | LOGICAL TIME: 23 | PHYSICAL TIME: 2025-03-04 21:53:35.00, MESSAGE QUEUE LENGTH: 1

2025-03-04 21:53:36,161 - INFO - EVENT: Send Msg | RECIPIENT: 1 | LOGICAL TIME: 24 | PHYSICAL TIME: 2025-03-04 21:53:36.16, MESSAGE QUEUE LENGTH: 0

2025-03-04 21:53:36,454 - INFO - EVENT: Internal Event | LOGICAL TIME: 25 | PHYSICAL TIME: 2025-03-04 21:53:36.45, MESSAGE QUEUE LENGTH: 0

2025-03-04 21:53:36,660 - INFO - EVENT: Send Msg | RECIPIENT: 2 | LOGICAL TIME: 26 | PHYSICAL TIME: 2025-03-04 21:53:36.66, MESSAGE QUEUE LENGTH: 0

2025-03-04 21:53:36,895 - INFO - EVENT: Internal Event | LOGICAL TIME: 27 | PHYSICAL TIME: 2025-03-04 21:53:36.89, MESSAGE QUEUE LENGTH: 0

2025-03-04 21:53:37,108 - INFO - EVENT: Receive Msg | SENDER: 2 | LOGICAL TIME: 29 | PHYSICAL TIME: 2025-03-04 21:53:37.00, MESSAGE QUEUE LENGTH: 1

2025-03-04 21:53:37,428 - INFO - EVENT: Receive Msg | SENDER: 2 | LOGICAL TIME: 30 | PHYSICAL TIME: 2025-03-04 21:53:37.00, MESSAGE QUEUE LENGTH: 1

2025-03-04 21:53:37,645 - INFO - EVENT: Internal Event | LOGICAL TIME: 31 | PHYSICAL TIME: 2025-03-04 21:53:37.64, MESSAGE QUEUE LENGTH: 0

2025-03-04 21:53:37,863 - INFO - EVENT: Internal Event | LOGICAL TIME: 32 | PHYSICAL TIME: 2025-03-04 21:53:37.86, MESSAGE QUEUE LENGTH: 0

2025-03-04 21:53:38,125 - INFO - EVENT: Receive Msg | SENDER: 2 | LOGICAL TIME: 33 | PHYSICAL TIME: 2025-03-04 21:53:37.00, MESSAGE QUEUE LENGTH: 2

2025-03-04 21:53:38,463 - INFO - EVENT: Receive Msg | SENDER: 1 | LOGICAL TIME: 34 | PHYSICAL TIME: 2025-03-04 21:53:38.00, MESSAGE QUEUE LENGTH: 1

2025-03-04 21:53:38,713 - INFO - EVENT: Internal Event | LOGICAL TIME: 35 | PHYSICAL TIME: 2025-03-04 21:53:38.71, MESSAGE QUEUE LENGTH: 0

2025-03-04 21:53:38,945 - INFO - EVENT: Receive Msg | SENDER: 1 | LOGICAL TIME: 36 | PHYSICAL TIME: 2025-03-04 21:53:38.00, MESSAGE QUEUE LENGTH: 1

2025-03-04 21:53:39,164 - INFO - EVENT: Internal Event | LOGICAL TIME: 37 | PHYSICAL TIME: 2025-03-04 21:53:39.16, MESSAGE QUEUE LENGTH: 0

2025-03-04 21:53:39,381 - INFO - EVENT: Internal Event | LOGICAL TIME: 38 | PHYSICAL TIME: 2025-03-04 21:53:39.38, MESSAGE QUEUE LENGTH: 0

2025-03-04 21:53:39,596 - INFO - EVENT: Receive Msg | SENDER: 1 | LOGICAL TIME: 39 | PHYSICAL TIME: 2025-03-04 21:53:39.00, MESSAGE QUEUE LENGTH: 1

2025-03-04 21:53:39,866 - INFO - EVENT: Internal Event | LOGICAL TIME: 40 | PHYSICAL TIME: 2025-03-04 21:53:39.86, MESSAGE QUEUE LENGTH: 0

2025-03-04 21:53:40,158 - INFO - EVENT: Receive Msg | SENDER: 1 | LOGICAL TIME: 41 | PHYSICAL TIME: 2025-03-04 21:53:39.00, MESSAGE QUEUE LENGTH: 1

2025-03-04 21:53:40,366 - INFO - EVENT: Receive Msg | SENDER: 1 | LOGICAL TIME: 42 | PHYSICAL TIME: 2025-03-04 21:53:40.00, MESSAGE QUEUE LENGTH: 1

2025-03-04 21:53:40,629 - INFO - EVENT: Internal Event | LOGICAL TIME: 43 | PHYSICAL TIME: 2025-03-04 21:53:40.62, MESSAGE QUEUE LENGTH: 0

2025-03-04 21:53:40,833 - INFO - EVENT: Internal Event | LOGICAL TIME: 44 | PHYSICAL TIME: 2025-03-04 21:53:40.83, MESSAGE QUEUE LENGTH: 0

2025-03-04 21:53:41,114 - INFO - EVENT: Internal Event | LOGICAL TIME: 45 | PHYSICAL TIME: 2025-03-04 21:53:41.11, MESSAGE QUEUE LENGTH: 0

2025-03-04 21:53:41,329 - INFO - EVENT: Internal Event | LOGICAL TIME: 46 | PHYSICAL TIME: 2025-03-04 21:53:41.32, MESSAGE QUEUE LENGTH: 0

2025-03-04 21:53:41,533 - INFO - EVENT: Internal Event | LOGICAL TIME: 47 | PHYSICAL TIME: 2025-03-04 21:53:41.53, MESSAGE QUEUE LENGTH: 0

2025-03-04 21:53:41,771 - INFO - EVENT: Internal Event | LOGICAL TIME: 48 | PHYSICAL TIME: 2025-03-04 21:53:41.77, MESSAGE QUEUE LENGTH: 0

2025-03-04 21:53:42,072 - INFO - EVENT: Receive Msg | SENDER: 2 | LOGICAL TIME: 49 | PHYSICAL TIME: 2025-03-04 21:53:41.00, MESSAGE QUEUE LENGTH: 2

2025-03-04 21:53:42,284 - INFO - EVENT: Receive Msg | SENDER: 2 | LOGICAL TIME: 50 | PHYSICAL TIME: 2025-03-04 21:53:41.00, MESSAGE QUEUE LENGTH: 1

2025-03-04 21:53:42,559 - INFO - EVENT: Internal Event | LOGICAL TIME: 51 | PHYSICAL TIME: 2025-03-04 21:53:42.55, MESSAGE QUEUE LENGTH: 0

2025-03-04 21:53:42,912 - INFO - EVENT: Internal Event | LOGICAL TIME: 52 | PHYSICAL TIME: 2025-03-04 21:53:42.91, MESSAGE QUEUE LENGTH: 0

2025-03-04 21:53:43,151 - INFO - EVENT: Internal Event | LOGICAL TIME: 53 | PHYSICAL TIME: 2025-03-04 21:53:43.15, MESSAGE QUEUE LENGTH: 0

2025-03-04 21:53:43,382 - INFO - EVENT: Receive Msg | SENDER: 2 | LOGICAL TIME: 54 | PHYSICAL TIME: 2025-03-04 21:53:43.00, MESSAGE QUEUE LENGTH: 1

2025-03-04 21:53:43,585 - INFO - EVENT: Internal Event | LOGICAL TIME: 55 | PHYSICAL TIME: 2025-03-04 21:53:43.58, MESSAGE QUEUE LENGTH: 0

2025-03-04 21:53:43,866 - INFO - EVENT: Internal Event | LOGICAL TIME: 56 | PHYSICAL TIME: 2025-03-04 21:53:43.86, MESSAGE QUEUE LENGTH: 0

2025-03-04 21:53:44,150 - INFO - EVENT: Internal Event | LOGICAL TIME: 57 | PHYSICAL TIME: 2025-03-04 21:53:44.15, MESSAGE QUEUE LENGTH: 0

2025-03-04 21:53:44,468 - INFO - EVENT: Send Msg | RECIPIENT: 2 | LOGICAL TIME: 58 | PHYSICAL TIME: 2025-03-04 21:53:44.46, MESSAGE QUEUE LENGTH: 0

2025-03-04 21:53:44,717 - INFO - EVENT: Internal Event | LOGICAL TIME: 59 | PHYSICAL TIME: 2025-03-04 21:53:44.71, MESSAGE QUEUE LENGTH: 0

2025-03-04 21:53:44,984 - INFO - EVENT: Internal Event | LOGICAL TIME: 60 | PHYSICAL TIME: 2025-03-04 21:53:44.98, MESSAGE QUEUE LENGTH: 0

2025-03-04 21:53:45,186 - INFO - EVENT: Receive Msg | SENDER: 1 | LOGICAL TIME: 61 | PHYSICAL TIME: 2025-03-04 21:53:44.00, MESSAGE QUEUE LENGTH: 1

2025-03-04 21:53:45,393 - INFO - EVENT: Internal Event | LOGICAL TIME: 62 | PHYSICAL TIME: 2025-03-04 21:53:45.39, MESSAGE QUEUE LENGTH: 0

2025-03-04 21:53:45,652 - INFO - EVENT: Internal Event | LOGICAL TIME: 63 | PHYSICAL TIME: 2025-03-04 21:53:45.65, MESSAGE QUEUE LENGTH: 0

2025-03-04 21:53:45,866 - INFO - EVENT: Internal Event | LOGICAL TIME: 64 | PHYSICAL TIME: 2025-03-04 21:53:45.86, MESSAGE QUEUE LENGTH: 0

2025-03-04 21:53:46,085 - INFO - EVENT: Internal Event | LOGICAL TIME: 65 | PHYSICAL TIME: 2025-03-04 21:53:46.08, MESSAGE QUEUE LENGTH: 0

2025-03-04 21:53:46,303 - INFO - EVENT: Receive Msg | SENDER: 1 | LOGICAL TIME: 66 | PHYSICAL TIME: 2025-03-04 21:53:46.00, MESSAGE QUEUE LENGTH: 1

2025-03-04 21:53:46,616 - INFO - EVENT: Receive Msg | SENDER: 1 | LOGICAL TIME: 67 | PHYSICAL TIME: 2025-03-04 21:53:46.00, MESSAGE QUEUE LENGTH: 1

2025-03-04 21:53:46,855 - INFO - EVENT: Send Msg | RECIPIENT: 1 | LOGICAL TIME: 68 | PHYSICAL TIME: 2025-03-04 21:53:46.85, MESSAGE QUEUE LENGTH: 0

2025-03-04 21:53:47,116 - INFO - EVENT: Internal Event | LOGICAL TIME: 69 | PHYSICAL TIME: 2025-03-04 21:53:47.11, MESSAGE QUEUE LENGTH: 0

2025-03-04 21:53:47,339 - INFO - EVENT: Receive Msg | SENDER: 2 | LOGICAL TIME: 70 | PHYSICAL TIME: 2025-03-04 21:53:47.00, MESSAGE QUEUE LENGTH: 1

2025-03-04 21:53:47,567 - INFO - EVENT: Internal Event | LOGICAL TIME: 71 | PHYSICAL TIME: 2025-03-04 21:53:47.56, MESSAGE QUEUE LENGTH: 0

2025-03-04 21:53:47,770 - INFO - EVENT: Receive Msg | SENDER: 2 | LOGICAL TIME: 72 | PHYSICAL TIME: 2025-03-04 21:53:47.00, MESSAGE QUEUE LENGTH: 1

2025-03-04 21:53:48,031 - INFO - EVENT: Receive Msg | SENDER: 1 | LOGICAL TIME: 73 | PHYSICAL TIME: 2025-03-04 21:53:47.00, MESSAGE QUEUE LENGTH: 1

2025-03-04 21:53:48,372 - INFO - EVENT: Internal Event | LOGICAL TIME: 74 | PHYSICAL TIME: 2025-03-04 21:53:48.37, MESSAGE QUEUE LENGTH: 0

2025-03-04 21:53:48,587 - INFO - EVENT: Internal Event | LOGICAL TIME: 75 | PHYSICAL TIME: 2025-03-04 21:53:48.58, MESSAGE QUEUE LENGTH: 0

2025-03-04 21:53:49,037 - INFO - EVENT: Receive Msg | SENDER: 2 | LOGICAL TIME: 76 | PHYSICAL TIME: 2025-03-04 21:53:48.00, MESSAGE QUEUE LENGTH: 1

2025-03-04 21:53:49,288 - INFO - EVENT: Internal Event | LOGICAL TIME: 77 | PHYSICAL TIME: 2025-03-04 21:53:49.28, MESSAGE QUEUE LENGTH: 0

2025-03-04 21:53:49,506 - INFO - EVENT: Send Msg | RECIPIENT: 1 | LOGICAL TIME: 78 | PHYSICAL TIME: 2025-03-04 21:53:49.50, MESSAGE QUEUE LENGTH: 0

2025-03-04 21:53:49,734 - INFO - EVENT: Send Msg | RECIPIENT: 1 and 2 | LOGICAL TIME: 79 | PHYSICAL TIME: 2025-03-04 21:53:49.73, MESSAGE QUEUE LENGTH: 0

2025-03-04 21:53:49,937 - INFO - EVENT: Send Msg | RECIPIENT: 1 and 2 | LOGICAL TIME: 80 | PHYSICAL TIME: 2025-03-04 21:53:49.93, MESSAGE QUEUE LENGTH: 0

2025-03-04 21:53:50,190 - INFO - EVENT: Internal Event | LOGICAL TIME: 81 | PHYSICAL TIME: 2025-03-04 21:53:50.19, MESSAGE QUEUE LENGTH: 0

2025-03-04 21:53:50,421 - INFO - EVENT: Send Msg | RECIPIENT: 2 | LOGICAL TIME: 82 | PHYSICAL TIME: 2025-03-04 21:53:50.42, MESSAGE QUEUE LENGTH: 0

2025-03-04 21:53:50,688 - INFO - EVENT: Send Msg | RECIPIENT: 1 and 2 | LOGICAL TIME: 83 | PHYSICAL TIME: 2025-03-04 21:53:50.68, MESSAGE QUEUE LENGTH: 0

2025-03-04 21:53:50,890 - INFO - EVENT: Internal Event | LOGICAL TIME: 84 | PHYSICAL TIME: 2025-03-04 21:53:50.89, MESSAGE QUEUE LENGTH: 0

2025-03-04 21:53:51,191 - INFO - EVENT: Send Msg | RECIPIENT: 1 and 2 | LOGICAL TIME: 85 | PHYSICAL TIME: 2025-03-04 21:53:51.19, MESSAGE QUEUE LENGTH: 0

2025-03-04 21:53:51,406 - INFO - EVENT: Internal Event | LOGICAL TIME: 86 | PHYSICAL TIME: 2025-03-04 21:53:51.40, MESSAGE QUEUE LENGTH: 0

2025-03-04 21:53:51,609 - INFO - EVENT: Internal Event | LOGICAL TIME: 87 | PHYSICAL TIME: 2025-03-04 21:53:51.60, MESSAGE QUEUE LENGTH: 0

2025-03-04 21:53:51,909 - INFO - EVENT: Send Msg | RECIPIENT: 1 and 2 | LOGICAL TIME: 88 | PHYSICAL TIME: 2025-03-04 21:53:51.90, MESSAGE QUEUE LENGTH: 0

2025-03-04 21:53:52,124 - INFO - EVENT: Receive Msg | SENDER: 2 | LOGICAL TIME: 89 | PHYSICAL TIME: 2025-03-04 21:53:51.00, MESSAGE QUEUE LENGTH: 1

2025-03-04 21:53:52,425 - INFO - EVENT: Internal Event | LOGICAL TIME: 90 | PHYSICAL TIME: 2025-03-04 21:53:52.42, MESSAGE QUEUE LENGTH: 0

2025-03-04 21:53:52,641 - INFO - EVENT: Send Msg | RECIPIENT: 1 | LOGICAL TIME: 91 | PHYSICAL TIME: 2025-03-04 21:53:52.64, MESSAGE QUEUE LENGTH: 0

2025-03-04 21:53:52,842 - INFO - EVENT: Internal Event | LOGICAL TIME: 92 | PHYSICAL TIME: 2025-03-04 21:53:52.84, MESSAGE QUEUE LENGTH: 0

2025-03-04 21:53:53,088 - INFO - EVENT: Send Msg | RECIPIENT: 2 | LOGICAL TIME: 93 | PHYSICAL TIME: 2025-03-04 21:53:53.08, MESSAGE QUEUE LENGTH: 0

2025-03-04 21:53:53,289 - INFO - EVENT: Internal Event | LOGICAL TIME: 94 | PHYSICAL TIME: 2025-03-04 21:53:53.28, MESSAGE QUEUE LENGTH: 0

2025-03-04 21:53:53,591 - INFO - EVENT: Send Msg | RECIPIENT: 1 and 2 | LOGICAL TIME: 95 | PHYSICAL TIME: 2025-03-04 21:53:53.59, MESSAGE QUEUE LENGTH: 0

2025-03-04 21:53:53,808 - INFO - EVENT: Internal Event | LOGICAL TIME: 96 | PHYSICAL TIME: 2025-03-04 21:53:53.80, MESSAGE QUEUE LENGTH: 0

2025-03-04 21:53:54,039 - INFO - EVENT: Internal Event | LOGICAL TIME: 97 | PHYSICAL TIME: 2025-03-04 21:53:54.03, MESSAGE QUEUE LENGTH: 0

2025-03-04 21:53:54,241 - INFO - EVENT: Internal Event | LOGICAL TIME: 98 | PHYSICAL TIME: 2025-03-04 21:53:54.24, MESSAGE QUEUE LENGTH: 0

2025-03-04 21:53:54,460 - INFO - EVENT: Send Msg | RECIPIENT: 1 and 2 | LOGICAL TIME: 99 | PHYSICAL TIME: 2025-03-04 21:53:54.46, MESSAGE QUEUE LENGTH: 0

2025-03-04 21:53:54,661 - INFO - EVENT: Internal Event | LOGICAL TIME: 100 | PHYSICAL TIME: 2025-03-04 21:53:54.66, MESSAGE QUEUE LENGTH: 0

2025-03-04 21:53:54,870 - INFO - EVENT: Send Msg | RECIPIENT: 1 | LOGICAL TIME: 101 | PHYSICAL TIME: 2025-03-04 21:53:54.87, MESSAGE QUEUE LENGTH: 0

2025-03-04 21:53:55,076 - INFO - EVENT: Internal Event | LOGICAL TIME: 102 | PHYSICAL TIME: 2025-03-04 21:53:55.07, MESSAGE QUEUE LENGTH: 0

2025-03-04 21:53:55,292 - INFO - EVENT: Receive Msg | SENDER: 2 | LOGICAL TIME: 103 | PHYSICAL TIME: 2025-03-04 21:53:55.00, MESSAGE QUEUE LENGTH: 1

2025-03-04 21:53:55,592 - INFO - EVENT: Internal Event | LOGICAL TIME: 104 | PHYSICAL TIME: 2025-03-04 21:53:55.59, MESSAGE QUEUE LENGTH: 0

2025-03-04 21:53:55,859 - INFO - EVENT: Receive Msg | SENDER: 1 | LOGICAL TIME: 105 | PHYSICAL TIME: 2025-03-04 21:53:55.00, MESSAGE QUEUE LENGTH: 1

2025-03-04 21:53:56,062 - INFO - EVENT: Internal Event | LOGICAL TIME: 106 | PHYSICAL TIME: 2025-03-04 21:53:56.06, MESSAGE QUEUE LENGTH: 0

2025-03-04 21:53:56,276 - INFO - EVENT: Internal Event | LOGICAL TIME: 107 | PHYSICAL TIME: 2025-03-04 21:53:56.27, MESSAGE QUEUE LENGTH: 0

2025-03-04 21:53:56,527 - INFO - EVENT: Internal Event | LOGICAL TIME: 108 | PHYSICAL TIME: 2025-03-04 21:53:56.52, MESSAGE QUEUE LENGTH: 0

2025-03-04 21:53:56,777 - INFO - EVENT: Receive Msg | SENDER: 1 | LOGICAL TIME: 109 | PHYSICAL TIME: 2025-03-04 21:53:56.00, MESSAGE QUEUE LENGTH: 1

2025-03-04 21:53:57,009 - INFO - EVENT: Receive Msg | SENDER: 1 | LOGICAL TIME: 110 | PHYSICAL TIME: 2025-03-04 21:53:56.00, MESSAGE QUEUE LENGTH: 1

2025-03-04 21:53:57,279 - INFO - EVENT: Internal Event | LOGICAL TIME: 111 | PHYSICAL TIME: 2025-03-04 21:53:57.27, MESSAGE QUEUE LENGTH: 0

2025-03-04 21:53:57,593 - INFO - EVENT: Receive Msg | SENDER: 1 | LOGICAL TIME: 112 | PHYSICAL TIME: 2025-03-04 21:53:57.00, MESSAGE QUEUE LENGTH: 1

2025-03-04 21:53:57,809 - INFO - EVENT: Send Msg | RECIPIENT: 1 | LOGICAL TIME: 113 | PHYSICAL TIME: 2025-03-04 21:53:57.80, MESSAGE QUEUE LENGTH: 0

2025-03-04 21:53:58,011 - INFO - EVENT: Internal Event | LOGICAL TIME: 114 | PHYSICAL TIME: 2025-03-04 21:53:58.01, MESSAGE QUEUE LENGTH: 0

2025-03-04 21:53:58,230 - INFO - EVENT: Send Msg | RECIPIENT: 2 | LOGICAL TIME: 115 | PHYSICAL TIME: 2025-03-04 21:53:58.23, MESSAGE QUEUE LENGTH: 0

2025-03-04 21:53:58,514 - INFO - EVENT: Send Msg | RECIPIENT: 1 and 2 | LOGICAL TIME: 116 | PHYSICAL TIME: 2025-03-04 21:53:58.51, MESSAGE QUEUE LENGTH: 0

2025-03-04 21:53:58,728 - INFO - EVENT: Send Msg | RECIPIENT: 1 and 2 | LOGICAL TIME: 117 | PHYSICAL TIME: 2025-03-04 21:53:58.72, MESSAGE QUEUE LENGTH: 0

2025-03-04 21:53:58,948 - INFO - EVENT: Send Msg | RECIPIENT: 2 | LOGICAL TIME: 118 | PHYSICAL TIME: 2025-03-04 21:53:58.94, MESSAGE QUEUE LENGTH: 0

2025-03-04 21:53:59,164 - INFO - EVENT: Receive Msg | SENDER: 2 | LOGICAL TIME: 119 | PHYSICAL TIME: 2025-03-04 21:53:58.00, MESSAGE QUEUE LENGTH: 1

2025-03-04 21:53:59,382 - INFO - EVENT: Internal Event | LOGICAL TIME: 120 | PHYSICAL TIME: 2025-03-04 21:53:59.38, MESSAGE QUEUE LENGTH: 0

2025-03-04 21:53:59,630 - INFO - EVENT: Internal Event | LOGICAL TIME: 121 | PHYSICAL TIME: 2025-03-04 21:53:59.63, MESSAGE QUEUE LENGTH: 0

2025-03-04 21:53:59,847 - INFO - EVENT: Internal Event | LOGICAL TIME: 122 | PHYSICAL TIME: 2025-03-04 21:53:59.84, MESSAGE QUEUE LENGTH: 0

2025-03-04 21:54:00,115 - INFO - EVENT: Send Msg | RECIPIENT: 1 | LOGICAL TIME: 123 | PHYSICAL TIME: 2025-03-04 21:54:00.11, MESSAGE QUEUE LENGTH: 0

2025-03-04 21:54:00,344 - INFO - EVENT: Send Msg | RECIPIENT: 1 | LOGICAL TIME: 124 | PHYSICAL TIME: 2025-03-04 21:54:00.34, MESSAGE QUEUE LENGTH: 0

2025-03-04 21:54:00,546 - INFO - EVENT: Internal Event | LOGICAL TIME: 125 | PHYSICAL TIME: 2025-03-04 21:54:00.54, MESSAGE QUEUE LENGTH: 0

2025-03-04 21:54:00,798 - INFO - EVENT: Receive Msg | SENDER: 2 | LOGICAL TIME: 126 | PHYSICAL TIME: 2025-03-04 21:54:00.00, MESSAGE QUEUE LENGTH: 1

2025-03-04 21:54:01,015 - INFO - EVENT: Internal Event | LOGICAL TIME: 127 | PHYSICAL TIME: 2025-03-04 21:54:01.01, MESSAGE QUEUE LENGTH: 0

2025-03-04 21:54:01,282 - INFO - EVENT: Receive Msg | SENDER: 2 | LOGICAL TIME: 128 | PHYSICAL TIME: 2025-03-04 21:54:00.00, MESSAGE QUEUE LENGTH: 1

2025-03-04 21:54:01,499 - INFO - EVENT: Internal Event | LOGICAL TIME: 129 | PHYSICAL TIME: 2025-03-04 21:54:01.49, MESSAGE QUEUE LENGTH: 0

2025-03-04 21:54:01,792 - INFO - EVENT: Receive Msg | SENDER: 2 | LOGICAL TIME: 130 | PHYSICAL TIME: 2025-03-04 21:54:01.00, MESSAGE QUEUE LENGTH: 1

2025-03-04 21:54:02,049 - INFO - EVENT: Internal Event | LOGICAL TIME: 131 | PHYSICAL TIME: 2025-03-04 21:54:02.04, MESSAGE QUEUE LENGTH: 0

2025-03-04 21:54:02,364 - INFO - EVENT: Internal Event | LOGICAL TIME: 132 | PHYSICAL TIME: 2025-03-04 21:54:02.36, MESSAGE QUEUE LENGTH: 0

2025-03-04 21:54:02,614 - INFO - EVENT: Receive Msg | SENDER: 2 | LOGICAL TIME: 133 | PHYSICAL TIME: 2025-03-04 21:54:02.00, MESSAGE QUEUE LENGTH: 1

2025-03-04 21:54:02,815 - INFO - EVENT: Send Msg | RECIPIENT: 1 | LOGICAL TIME: 134 | PHYSICAL TIME: 2025-03-04 21:54:02.81, MESSAGE QUEUE LENGTH: 0

2025-03-04 21:54:03,083 - INFO - EVENT: Internal Event | LOGICAL TIME: 135 | PHYSICAL TIME: 2025-03-04 21:54:03.08, MESSAGE QUEUE LENGTH: 0

2025-03-04 21:54:03,335 - INFO - EVENT: Internal Event | LOGICAL TIME: 136 | PHYSICAL TIME: 2025-03-04 21:54:03.33, MESSAGE QUEUE LENGTH: 0

2025-03-04 21:54:03,601 - INFO - EVENT: Internal Event | LOGICAL TIME: 137 | PHYSICAL TIME: 2025-03-04 21:54:03.60, MESSAGE QUEUE LENGTH: 0

2025-03-04 21:54:03,823 - INFO - EVENT: Send Msg | RECIPIENT: 1 and 2 | LOGICAL TIME: 138 | PHYSICAL TIME: 2025-03-04 21:54:03.82, MESSAGE QUEUE LENGTH: 0

2025-03-04 21:54:04,084 - INFO - EVENT: Internal Event | LOGICAL TIME: 139 | PHYSICAL TIME: 2025-03-04 21:54:04.08, MESSAGE QUEUE LENGTH: 0

2025-03-04 21:54:04,384 - INFO - EVENT: Internal Event | LOGICAL TIME: 140 | PHYSICAL TIME: 2025-03-04 21:54:04.38, MESSAGE QUEUE LENGTH: 0

2025-03-04 21:54:04,721 - INFO - EVENT: Internal Event | LOGICAL TIME: 141 | PHYSICAL TIME: 2025-03-04 21:54:04.72, MESSAGE QUEUE LENGTH: 0

2025-03-04 21:54:04,972 - INFO - EVENT: Receive Msg | SENDER: 1 | LOGICAL TIME: 142 | PHYSICAL TIME: 2025-03-04 21:54:04.00, MESSAGE QUEUE LENGTH: 1

2025-03-04 21:54:05,466 - INFO - EVENT: Internal Event | LOGICAL TIME: 143 | PHYSICAL TIME: 2025-03-04 21:54:05.46, MESSAGE QUEUE LENGTH: 0

2025-03-04 21:54:05,682 - INFO - EVENT: Receive Msg | SENDER: 2 | LOGICAL TIME: 145 | PHYSICAL TIME: 2025-03-04 21:54:05.00, MESSAGE QUEUE LENGTH: 1

2025-03-04 21:54:05,919 - INFO - EVENT: Internal Event | LOGICAL TIME: 146 | PHYSICAL TIME: 2025-03-04 21:54:05.91, MESSAGE QUEUE LENGTH: 0

2025-03-04 21:54:06,169 - INFO - EVENT: Internal Event | LOGICAL TIME: 147 | PHYSICAL TIME: 2025-03-04 21:54:06.16, MESSAGE QUEUE LENGTH: 0

2025-03-04 21:54:06,388 - INFO - EVENT: Receive Msg | SENDER: 2 | LOGICAL TIME: 148 | PHYSICAL TIME: 2025-03-04 21:54:06.00, MESSAGE QUEUE LENGTH: 1

2025-03-04 21:54:06,771 - INFO - EVENT: Send Msg | RECIPIENT: 2 | LOGICAL TIME: 149 | PHYSICAL TIME: 2025-03-04 21:54:06.77, MESSAGE QUEUE LENGTH: 0

2025-03-04 21:54:06,977 - INFO - EVENT: Send Msg | RECIPIENT: 1 | LOGICAL TIME: 150 | PHYSICAL TIME: 2025-03-04 21:54:06.97, MESSAGE QUEUE LENGTH: 0

2025-03-04 21:54:07,270 - INFO - EVENT: Internal Event | LOGICAL TIME: 151 | PHYSICAL TIME: 2025-03-04 21:54:07.27, MESSAGE QUEUE LENGTH: 0

2025-03-04 21:54:07,533 - INFO - EVENT: Receive Msg | SENDER: 2 | LOGICAL TIME: 152 | PHYSICAL TIME: 2025-03-04 21:54:07.00, MESSAGE QUEUE LENGTH: 1

2025-03-04 21:54:07,785 - INFO - EVENT: Internal Event | LOGICAL TIME: 153 | PHYSICAL TIME: 2025-03-04 21:54:07.78, MESSAGE QUEUE LENGTH: 0

2025-03-04 21:54:08,092 - INFO - EVENT: Internal Event | LOGICAL TIME: 154 | PHYSICAL TIME: 2025-03-04 21:54:08.09, MESSAGE QUEUE LENGTH: 0

2025-03-04 21:54:08,340 - INFO - EVENT: Internal Event | LOGICAL TIME: 155 | PHYSICAL TIME: 2025-03-04 21:54:08.33, MESSAGE QUEUE LENGTH: 0

2025-03-04 21:54:08,572 - INFO - EVENT: Internal Event | LOGICAL TIME: 156 | PHYSICAL TIME: 2025-03-04 21:54:08.57, MESSAGE QUEUE LENGTH: 0

2025-03-04 21:54:08,839 - INFO - EVENT: Internal Event | LOGICAL TIME: 157 | PHYSICAL TIME: 2025-03-04 21:54:08.83, MESSAGE QUEUE LENGTH: 0

2025-03-04 21:54:09,144 - INFO - EVENT: Internal Event | LOGICAL TIME: 158 | PHYSICAL TIME: 2025-03-04 21:54:09.14, MESSAGE QUEUE LENGTH: 0

2025-03-04 21:54:09,501 - INFO - EVENT: Internal Event | LOGICAL TIME: 159 | PHYSICAL TIME: 2025-03-04 21:54:09.50, MESSAGE QUEUE LENGTH: 0

2025-03-04 21:54:09,723 - INFO - EVENT: Internal Event | LOGICAL TIME: 160 | PHYSICAL TIME: 2025-03-04 21:54:09.72, MESSAGE QUEUE LENGTH: 0

2025-03-04 21:54:10,006 - INFO - EVENT: Internal Event | LOGICAL TIME: 161 | PHYSICAL TIME: 2025-03-04 21:54:10.00, MESSAGE QUEUE LENGTH: 0

2025-03-04 21:54:10,284 - INFO - EVENT: Receive Msg | SENDER: 1 | LOGICAL TIME: 162 | PHYSICAL TIME: 2025-03-04 21:54:10.00, MESSAGE QUEUE LENGTH: 1

2025-03-04 21:54:10,721 - INFO - EVENT: Internal Event | LOGICAL TIME: 163 | PHYSICAL TIME: 2025-03-04 21:54:10.72, MESSAGE QUEUE LENGTH: 0

2025-03-04 21:54:11,024 - INFO - EVENT: Receive Msg | SENDER: 1 | LOGICAL TIME: 164 | PHYSICAL TIME: 2025-03-04 21:54:10.00, MESSAGE QUEUE LENGTH: 1

2025-03-04 21:54:11,340 - INFO - EVENT: Send Msg | RECIPIENT: 1 | LOGICAL TIME: 165 | PHYSICAL TIME: 2025-03-04 21:54:11.34, MESSAGE QUEUE LENGTH: 0

2025-03-04 21:54:11,592 - INFO - EVENT: Internal Event | LOGICAL TIME: 166 | PHYSICAL TIME: 2025-03-04 21:54:11.59, MESSAGE QUEUE LENGTH: 0

2025-03-04 21:54:11,857 - INFO - EVENT: Send Msg | RECIPIENT: 1 | LOGICAL TIME: 167 | PHYSICAL TIME: 2025-03-04 21:54:11.85, MESSAGE QUEUE LENGTH: 0

2025-03-04 21:54:12,108 - INFO - EVENT: Receive Msg | SENDER: 2 | LOGICAL TIME: 168 | PHYSICAL TIME: 2025-03-04 21:54:11.00, MESSAGE QUEUE LENGTH: 1

2025-03-04 21:54:12,341 - INFO - EVENT: Internal Event | LOGICAL TIME: 169 | PHYSICAL TIME: 2025-03-04 21:54:12.34, MESSAGE QUEUE LENGTH: 0

2025-03-04 21:54:12,591 - INFO - EVENT: Receive Msg | SENDER: 2 | LOGICAL TIME: 170 | PHYSICAL TIME: 2025-03-04 21:54:12.00, MESSAGE QUEUE LENGTH: 1

2025-03-04 21:54:12,825 - INFO - EVENT: Internal Event | LOGICAL TIME: 171 | PHYSICAL TIME: 2025-03-04 21:54:12.82, MESSAGE QUEUE LENGTH: 0

2025-03-04 21:54:13,074 - INFO - EVENT: Internal Event | LOGICAL TIME: 172 | PHYSICAL TIME: 2025-03-04 21:54:13.07, MESSAGE QUEUE LENGTH: 0

2025-03-04 21:54:13,325 - INFO - EVENT: Send Msg | RECIPIENT: 1 and 2 | LOGICAL TIME: 173 | PHYSICAL TIME: 2025-03-04 21:54:13.32, MESSAGE QUEUE LENGTH: 0

2025-03-04 21:54:13,622 - INFO - EVENT: Internal Event | LOGICAL TIME: 174 | PHYSICAL TIME: 2025-03-04 21:54:13.62, MESSAGE QUEUE LENGTH: 0

2025-03-04 21:54:13,824 - INFO - EVENT: Send Msg | RECIPIENT: 2 | LOGICAL TIME: 175 | PHYSICAL TIME: 2025-03-04 21:54:13.82, MESSAGE QUEUE LENGTH: 0

2025-03-04 21:54:14,180 - INFO - EVENT: Receive Msg | SENDER: 2 | LOGICAL TIME: 176 | PHYSICAL TIME: 2025-03-04 21:54:13.00, MESSAGE QUEUE LENGTH: 1

2025-03-04 21:54:14,394 - INFO - EVENT: Internal Event | LOGICAL TIME: 177 | PHYSICAL TIME: 2025-03-04 21:54:14.39, MESSAGE QUEUE LENGTH: 0

2025-03-04 21:54:14,652 - INFO - EVENT: Receive Msg | SENDER: 1 | LOGICAL TIME: 178 | PHYSICAL TIME: 2025-03-04 21:54:14.00, MESSAGE QUEUE LENGTH: 1

2025-03-04 21:54:14,971 - INFO - EVENT: Internal Event | LOGICAL TIME: 179 | PHYSICAL TIME: 2025-03-04 21:54:14.97, MESSAGE QUEUE LENGTH: 0

2025-03-04 21:54:15,271 - INFO - EVENT: Internal Event | LOGICAL TIME: 180 | PHYSICAL TIME: 2025-03-04 21:54:15.27, MESSAGE QUEUE LENGTH: 0

2025-03-04 21:54:15,485 - INFO - EVENT: Internal Event | LOGICAL TIME: 181 | PHYSICAL TIME: 2025-03-04 21:54:15.48, MESSAGE QUEUE LENGTH: 0

2025-03-04 21:54:15,743 - INFO - EVENT: Send Msg | RECIPIENT: 1 and 2 | LOGICAL TIME: 182 | PHYSICAL TIME: 2025-03-04 21:54:15.74, MESSAGE QUEUE LENGTH: 0

2025-03-04 21:54:15,961 - INFO - EVENT: Receive Msg | SENDER: 1 | LOGICAL TIME: 183 | PHYSICAL TIME: 2025-03-04 21:54:15.00, MESSAGE QUEUE LENGTH: 1

2025-03-04 21:54:16,341 - INFO - EVENT: Internal Event | LOGICAL TIME: 184 | PHYSICAL TIME: 2025-03-04 21:54:16.34, MESSAGE QUEUE LENGTH: 0

2025-03-04 21:54:16,560 - INFO - EVENT: Internal Event | LOGICAL TIME: 185 | PHYSICAL TIME: 2025-03-04 21:54:16.56, MESSAGE QUEUE LENGTH: 0

2025-03-04 21:54:16,790 - INFO - EVENT: Receive Msg | SENDER: 1 | LOGICAL TIME: 186 | PHYSICAL TIME: 2025-03-04 21:54:16.00, MESSAGE QUEUE LENGTH: 1

2025-03-04 21:54:17,178 - INFO - EVENT: Send Msg | RECIPIENT: 1 | LOGICAL TIME: 187 | PHYSICAL TIME: 2025-03-04 21:54:17.17, MESSAGE QUEUE LENGTH: 0

2025-03-04 21:54:17,473 - INFO - EVENT: Internal Event | LOGICAL TIME: 188 | PHYSICAL TIME: 2025-03-04 21:54:17.47, MESSAGE QUEUE LENGTH: 0

2025-03-04 21:54:17,678 - INFO - EVENT: Send Msg | RECIPIENT: 1 | LOGICAL TIME: 189 | PHYSICAL TIME: 2025-03-04 21:54:17.67, MESSAGE QUEUE LENGTH: 0

2025-03-04 21:54:17,945 - INFO - EVENT: Internal Event | LOGICAL TIME: 190 | PHYSICAL TIME: 2025-03-04 21:54:17.94, MESSAGE QUEUE LENGTH: 0

2025-03-04 21:54:18,180 - INFO - EVENT: Send Msg | RECIPIENT: 1 and 2 | LOGICAL TIME: 191 | PHYSICAL TIME: 2025-03-04 21:54:18.18, MESSAGE QUEUE LENGTH: 0

2025-03-04 21:54:18,395 - INFO - EVENT: Internal Event | LOGICAL TIME: 192 | PHYSICAL TIME: 2025-03-04 21:54:18.39, MESSAGE QUEUE LENGTH: 0

2025-03-04 21:54:18,625 - INFO - EVENT: Internal Event | LOGICAL TIME: 193 | PHYSICAL TIME: 2025-03-04 21:54:18.62, MESSAGE QUEUE LENGTH: 0

2025-03-04 21:54:18,825 - INFO - EVENT: Internal Event | LOGICAL TIME: 194 | PHYSICAL TIME: 2025-03-04 21:54:18.82, MESSAGE QUEUE LENGTH: 0

2025-03-04 21:54:19,067 - INFO - EVENT: Send Msg | RECIPIENT: 1 and 2 | LOGICAL TIME: 195 | PHYSICAL TIME: 2025-03-04 21:54:19.06, MESSAGE QUEUE LENGTH: 0

2025-03-04 21:54:19,329 - INFO - EVENT: Internal Event | LOGICAL TIME: 196 | PHYSICAL TIME: 2025-03-04 21:54:19.32, MESSAGE QUEUE LENGTH: 0

2025-03-04 21:54:19,603 - INFO - EVENT: Internal Event | LOGICAL TIME: 197 | PHYSICAL TIME: 2025-03-04 21:54:19.60, MESSAGE QUEUE LENGTH: 0

2025-03-04 21:54:19,823 - INFO - EVENT: Internal Event | LOGICAL TIME: 198 | PHYSICAL TIME: 2025-03-04 21:54:19.82, MESSAGE QUEUE LENGTH: 0

2025-03-04 21:54:20,029 - INFO - EVENT: Send Msg | RECIPIENT: 1 | LOGICAL TIME: 199 | PHYSICAL TIME: 2025-03-04 21:54:20.02, MESSAGE QUEUE LENGTH: 0

2025-03-04 21:54:20,313 - INFO - EVENT: Send Msg | RECIPIENT: 1 and 2 | LOGICAL TIME: 200 | PHYSICAL TIME: 2025-03-04 21:54:20.31, MESSAGE QUEUE LENGTH: 0

2025-03-04 21:54:20,627 - INFO - EVENT: Send Msg | RECIPIENT: 2 | LOGICAL TIME: 201 | PHYSICAL TIME: 2025-03-04 21:54:20.62, MESSAGE QUEUE LENGTH: 0

2025-03-04 21:54:20,835 - INFO - EVENT: Internal Event | LOGICAL TIME: 202 | PHYSICAL TIME: 2025-03-04 21:54:20.83, MESSAGE QUEUE LENGTH: 0

2025-03-04 21:54:21,067 - INFO - EVENT: Internal Event | LOGICAL TIME: 203 | PHYSICAL TIME: 2025-03-04 21:54:21.06, MESSAGE QUEUE LENGTH: 0

2025-03-04 21:54:21,270 - INFO - EVENT: Send Msg | RECIPIENT: 1 and 2 | LOGICAL TIME: 204 | PHYSICAL TIME: 2025-03-04 21:54:21.27, MESSAGE QUEUE LENGTH: 0

2025-03-04 21:54:21,482 - INFO - EVENT: Internal Event | LOGICAL TIME: 205 | PHYSICAL TIME: 2025-03-04 21:54:21.48, MESSAGE QUEUE LENGTH: 0

2025-03-04 21:54:21,732 - INFO - EVENT: Send Msg | RECIPIENT: 2 | LOGICAL TIME: 206 | PHYSICAL TIME: 2025-03-04 21:54:21.73, MESSAGE QUEUE LENGTH: 0

2025-03-04 21:54:21,933 - INFO - EVENT: Internal Event | LOGICAL TIME: 207 | PHYSICAL TIME: 2025-03-04 21:54:21.93, MESSAGE QUEUE LENGTH: 0

2025-03-04 21:54:22,163 - INFO - EVENT: Send Msg | RECIPIENT: 2 | LOGICAL TIME: 208 | PHYSICAL TIME: 2025-03-04 21:54:22.16, MESSAGE QUEUE LENGTH: 0

2025-03-04 21:54:22,398 - INFO - EVENT: Receive Msg | SENDER: 1 | LOGICAL TIME: 209 | PHYSICAL TIME: 2025-03-04 21:54:22.00, MESSAGE QUEUE LENGTH: 1

2025-03-04 21:54:22,614 - INFO - EVENT: Send Msg | RECIPIENT: 1 | LOGICAL TIME: 210 | PHYSICAL TIME: 2025-03-04 21:54:22.61, MESSAGE QUEUE LENGTH: 0

2025-03-04 21:54:22,818 - INFO - EVENT: Send Msg | RECIPIENT: 2 | LOGICAL TIME: 211 | PHYSICAL TIME: 2025-03-04 21:54:22.81, MESSAGE QUEUE LENGTH: 0

2025-03-04 21:54:23,081 - INFO - EVENT: Internal Event | LOGICAL TIME: 212 | PHYSICAL TIME: 2025-03-04 21:54:23.08, MESSAGE QUEUE LENGTH: 0

2025-03-04 21:54:23,300 - INFO - EVENT: Internal Event | LOGICAL TIME: 213 | PHYSICAL TIME: 2025-03-04 21:54:23.30, MESSAGE QUEUE LENGTH: 0

2025-03-04 21:54:23,549 - INFO - EVENT: Internal Event | LOGICAL TIME: 214 | PHYSICAL TIME: 2025-03-04 21:54:23.54, MESSAGE QUEUE LENGTH: 0

2025-03-04 21:54:23,850 - INFO - EVENT: Internal Event | LOGICAL TIME: 215 | PHYSICAL TIME: 2025-03-04 21:54:23.85, MESSAGE QUEUE LENGTH: 0

2025-03-04 21:54:24,080 - INFO - EVENT: Internal Event | LOGICAL TIME: 216 | PHYSICAL TIME: 2025-03-04 21:54:24.08, MESSAGE QUEUE LENGTH: 0

2025-03-04 21:54:24,300 - INFO - EVENT: Receive Msg | SENDER: 1 | LOGICAL TIME: 217 | PHYSICAL TIME: 2025-03-04 21:54:24.00, MESSAGE QUEUE LENGTH: 2

2025-03-04 21:54:24,649 - INFO - EVENT: Receive Msg | SENDER: 2 | LOGICAL TIME: 218 | PHYSICAL TIME: 2025-03-04 21:54:24.00, MESSAGE QUEUE LENGTH: 1

2025-03-04 21:54:24,904 - INFO - EVENT: Send Msg | RECIPIENT: 1 and 2 | LOGICAL TIME: 219 | PHYSICAL TIME: 2025-03-04 21:54:24.90, MESSAGE QUEUE LENGTH: 0

2025-03-04 21:54:25,118 - INFO - EVENT: Internal Event | LOGICAL TIME: 220 | PHYSICAL TIME: 2025-03-04 21:54:25.11, MESSAGE QUEUE LENGTH: 0

2025-03-04 21:54:25,368 - INFO - EVENT: Internal Event | LOGICAL TIME: 221 | PHYSICAL TIME: 2025-03-04 21:54:25.36, MESSAGE QUEUE LENGTH: 0

2025-03-04 21:54:25,599 - INFO - EVENT: Send Msg | RECIPIENT: 1 | LOGICAL TIME: 222 | PHYSICAL TIME: 2025-03-04 21:54:25.59, MESSAGE QUEUE LENGTH: 0

2025-03-04 21:54:25,828 - INFO - EVENT: Internal Event | LOGICAL TIME: 223 | PHYSICAL TIME: 2025-03-04 21:54:25.82, MESSAGE QUEUE LENGTH: 0

2025-03-04 21:54:26,069 - INFO - EVENT: Receive Msg | SENDER: 2 | LOGICAL TIME: 224 | PHYSICAL TIME: 2025-03-04 21:54:25.00, MESSAGE QUEUE LENGTH: 1

2025-03-04 21:54:26,335 - INFO - EVENT: Send Msg | RECIPIENT: 2 | LOGICAL TIME: 225 | PHYSICAL TIME: 2025-03-04 21:54:26.33, MESSAGE QUEUE LENGTH: 0

2025-03-04 21:54:26,586 - INFO - EVENT: Internal Event | LOGICAL TIME: 226 | PHYSICAL TIME: 2025-03-04 21:54:26.58, MESSAGE QUEUE LENGTH: 0

2025-03-04 21:54:26,827 - INFO - EVENT: Internal Event | LOGICAL TIME: 227 | PHYSICAL TIME: 2025-03-04 21:54:26.82, MESSAGE QUEUE LENGTH: 0

2025-03-04 21:54:27,034 - INFO - EVENT: Internal Event | LOGICAL TIME: 228 | PHYSICAL TIME: 2025-03-04 21:54:27.03, MESSAGE QUEUE LENGTH: 0

2025-03-04 21:54:27,279 - INFO - EVENT: Receive Msg | SENDER: 1 | LOGICAL TIME: 229 | PHYSICAL TIME: 2025-03-04 21:54:27.00, MESSAGE QUEUE LENGTH: 1

2025-03-04 21:54:27,619 - INFO - EVENT: Receive Msg | SENDER: 1 | LOGICAL TIME: 230 | PHYSICAL TIME: 2025-03-04 21:54:27.00, MESSAGE QUEUE LENGTH: 1

2025-03-04 21:54:27,969 - INFO - EVENT: Internal Event | LOGICAL TIME: 231 | PHYSICAL TIME: 2025-03-04 21:54:27.96, MESSAGE QUEUE LENGTH: 0

2025-03-04 21:54:28,189 - INFO - EVENT: Internal Event | LOGICAL TIME: 232 | PHYSICAL TIME: 2025-03-04 21:54:28.18, MESSAGE QUEUE LENGTH: 0

2025-03-04 21:54:28,429 - INFO - EVENT: Internal Event | LOGICAL TIME: 233 | PHYSICAL TIME: 2025-03-04 21:54:28.42, MESSAGE QUEUE LENGTH: 0

2025-03-04 21:54:28,675 - INFO - EVENT: Internal Event | LOGICAL TIME: 234 | PHYSICAL TIME: 2025-03-04 21:54:28.67, MESSAGE QUEUE LENGTH: 0

2025-03-04 21:54:28,955 - INFO - EVENT: Receive Msg | SENDER: 2 | LOGICAL TIME: 235 | PHYSICAL TIME: 2025-03-04 21:54:28.00, MESSAGE QUEUE LENGTH: 1

2025-03-04 21:54:29,230 - INFO - EVENT: Receive Msg | SENDER: 2 | LOGICAL TIME: 236 | PHYSICAL TIME: 2025-03-04 21:54:29.00, MESSAGE QUEUE LENGTH: 1

2025-03-04 21:54:29,488 - INFO - EVENT: Internal Event | LOGICAL TIME: 237 | PHYSICAL TIME: 2025-03-04 21:54:29.48, MESSAGE QUEUE LENGTH: 0

2025-03-04 21:54:29,740 - INFO - EVENT: Internal Event | LOGICAL TIME: 238 | PHYSICAL TIME: 2025-03-04 21:54:29.74, MESSAGE QUEUE LENGTH: 0

2025-03-04 21:54:29,955 - INFO - EVENT: Send Msg | RECIPIENT: 1 | LOGICAL TIME: 239 | PHYSICAL TIME: 2025-03-04 21:54:29.95, MESSAGE QUEUE LENGTH: 0

2025-03-04 21:54:30,174 - INFO - EVENT: Send Msg | RECIPIENT: 1 and 2 | LOGICAL TIME: 240 | PHYSICAL TIME: 2025-03-04 21:54:30.17, MESSAGE QUEUE LENGTH: 0

2025-03-04 21:54:30,423 - INFO - EVENT: Internal Event | LOGICAL TIME: 241 | PHYSICAL TIME: 2025-03-04 21:54:30.42, MESSAGE QUEUE LENGTH: 0

2025-03-04 21:54:30,625 - INFO - EVENT: Internal Event | LOGICAL TIME: 242 | PHYSICAL TIME: 2025-03-04 21:54:30.62, MESSAGE QUEUE LENGTH: 0

2025-03-04 21:54:30,834 - INFO - EVENT: Receive Msg | SENDER: 2 | LOGICAL TIME: 243 | PHYSICAL TIME: 2025-03-04 21:54:30.00, MESSAGE QUEUE LENGTH: 1

2025-03-04 21:54:31,037 - INFO - EVENT: Receive Msg | SENDER: 1 | LOGICAL TIME: 244 | PHYSICAL TIME: 2025-03-04 21:54:30.00, MESSAGE QUEUE LENGTH: 1

2025-03-04 21:54:31,390 - INFO - EVENT: Send Msg | RECIPIENT: 2 | LOGICAL TIME: 245 | PHYSICAL TIME: 2025-03-04 21:54:31.39, MESSAGE QUEUE LENGTH: 0

2025-03-04 21:54:31,620 - INFO - EVENT: Internal Event | LOGICAL TIME: 246 | PHYSICAL TIME: 2025-03-04 21:54:31.62, MESSAGE QUEUE LENGTH: 0

2025-03-04 21:54:31,835 - INFO - EVENT: Internal Event | LOGICAL TIME: 247 | PHYSICAL TIME: 2025-03-04 21:54:31.83, MESSAGE QUEUE LENGTH: 0

2025-03-04 21:54:32,189 - INFO - EVENT: Send Msg | RECIPIENT: 1 and 2 | LOGICAL TIME: 248 | PHYSICAL TIME: 2025-03-04 21:54:32.18, MESSAGE QUEUE LENGTH: 0

2025-03-04 21:54:32,391 - INFO - EVENT: Internal Event | LOGICAL TIME: 249 | PHYSICAL TIME: 2025-03-04 21:54:32.39, MESSAGE QUEUE LENGTH: 0

2025-03-04 21:54:32,625 - INFO - EVENT: Internal Event | LOGICAL TIME: 250 | PHYSICAL TIME: 2025-03-04 21:54:32.62, MESSAGE QUEUE LENGTH: 0

2025-03-04 21:54:32,842 - INFO - EVENT: Internal Event | LOGICAL TIME: 251 | PHYSICAL TIME: 2025-03-04 21:54:32.84, MESSAGE QUEUE LENGTH: 0

2025-03-04 21:54:33,143 - INFO - EVENT: Receive Msg | SENDER: 1 | LOGICAL TIME: 252 | PHYSICAL TIME: 2025-03-04 21:54:32.00, MESSAGE QUEUE LENGTH: 1

2025-03-04 21:54:33,374 - INFO - EVENT: Send Msg | RECIPIENT: 1 | LOGICAL TIME: 253 | PHYSICAL TIME: 2025-03-04 21:54:33.37, MESSAGE QUEUE LENGTH: 0

2025-03-04 21:54:33,625 - INFO - EVENT: Send Msg | RECIPIENT: 2 | LOGICAL TIME: 254 | PHYSICAL TIME: 2025-03-04 21:54:33.62, MESSAGE QUEUE LENGTH: 0

2025-03-04 21:54:33,843 - INFO - EVENT: Send Msg | RECIPIENT: 2 | LOGICAL TIME: 255 | PHYSICAL TIME: 2025-03-04 21:54:33.84, MESSAGE QUEUE LENGTH: 0

2025-03-04 21:54:34,126 - INFO - EVENT: Internal Event | LOGICAL TIME: 256 | PHYSICAL TIME: 2025-03-04 21:54:34.12, MESSAGE QUEUE LENGTH: 0

2025-03-04 21:54:34,360 - INFO - EVENT: Internal Event | LOGICAL TIME: 257 | PHYSICAL TIME: 2025-03-04 21:54:34.36, MESSAGE QUEUE LENGTH: 0

2025-03-04 21:54:34,603 - INFO - EVENT: Receive Msg | SENDER: 1 | LOGICAL TIME: 258 | PHYSICAL TIME: 2025-03-04 21:54:34.00, MESSAGE QUEUE LENGTH: 2

2025-03-04 21:54:34,823 - INFO - EVENT: Receive Msg | SENDER: 2 | LOGICAL TIME: 259 | PHYSICAL TIME: 2025-03-04 21:54:34.00, MESSAGE QUEUE LENGTH: 1

2025-03-04 21:54:35,061 - INFO - EVENT: Send Msg | RECIPIENT: 1 and 2 | LOGICAL TIME: 260 | PHYSICAL TIME: 2025-03-04 21:54:35.06, MESSAGE QUEUE LENGTH: 0

2025-03-04 21:54:35,294 - INFO - EVENT: Send Msg | RECIPIENT: 1 and 2 | LOGICAL TIME: 261 | PHYSICAL TIME: 2025-03-04 21:54:35.29, MESSAGE QUEUE LENGTH: 0

