2025-03-04 21:53:30,009 - INFO - Clock rate for client 2: 4 events per second
2025-03-04 21:53:30,449 - INFO - EVENT: Internal Event | LOGICAL TIME: 1 | PHYSICAL TIME: 2025-03-04 21:53:30.44, MESSAGE QUEUE LENGTH: 0

2025-03-04 21:53:30,757 - INFO - EVENT: Receive Msg | SENDER: 3 | LOGICAL TIME: 2 | PHYSICAL TIME: 2025-03-04 21:53:30.00, MESSAGE QUEUE LENGTH: 2

2025-03-04 21:53:31,036 - INFO - EVENT: Receive Msg | SENDER: 1 | LOGICAL TIME: 3 | PHYSICAL TIME: 2025-03-04 21:53:30.00, MESSAGE QUEUE LENGTH: 1

2025-03-04 21:53:31,457 - INFO - EVENT: Internal Event | LOGICAL TIME: 4 | PHYSICAL TIME: 2025-03-04 21:53:31.45, MESSAGE QUEUE LENGTH: 0

2025-03-04 21:53:31,749 - INFO - EVENT: Internal Event | LOGICAL TIME: 5 | PHYSICAL TIME: 2025-03-04 21:53:31.74, MESSAGE QUEUE LENGTH: 0

2025-03-04 21:53:32,036 - INFO - EVENT: Internal Event | LOGICAL TIME: 6 | PHYSICAL TIME: 2025-03-04 21:53:32.03, MESSAGE QUEUE LENGTH: 0

2025-03-04 21:53:32,398 - INFO - EVENT: Internal Event | LOGICAL TIME: 7 | PHYSICAL TIME: 2025-03-04 21:53:32.39, MESSAGE QUEUE LENGTH: 0

2025-03-04 21:53:32,652 - INFO - EVENT: Receive Msg | SENDER: 3 | LOGICAL TIME: 9 | PHYSICAL TIME: 2025-03-04 21:53:32.00, MESSAGE QUEUE LENGTH: 1

2025-03-04 21:53:32,958 - INFO - EVENT: Internal Event | LOGICAL TIME: 10 | PHYSICAL TIME: 2025-03-04 21:53:32.95, MESSAGE QUEUE LENGTH: 0

2025-03-04 21:53:33,219 - INFO - EVENT: Internal Event | LOGICAL TIME: 11 | PHYSICAL TIME: 2025-03-04 21:53:33.21, MESSAGE QUEUE LENGTH: 0

2025-03-04 21:53:33,473 - INFO - EVENT: Internal Event | LOGICAL TIME: 12 | PHYSICAL TIME: 2025-03-04 21:53:33.47, MESSAGE QUEUE LENGTH: 0

2025-03-04 21:53:33,728 - INFO - EVENT: Internal Event | LOGICAL TIME: 13 | PHYSICAL TIME: 2025-03-04 21:53:33.72, MESSAGE QUEUE LENGTH: 0

2025-03-04 21:53:34,010 - INFO - EVENT: Receive Msg | SENDER: 3 | LOGICAL TIME: 14 | PHYSICAL TIME: 2025-03-04 21:53:33.00, MESSAGE QUEUE LENGTH: 2

2025-03-04 21:53:34,276 - INFO - EVENT: Receive Msg | SENDER: 3 | LOGICAL TIME: 16 | PHYSICAL TIME: 2025-03-04 21:53:33.00, MESSAGE QUEUE LENGTH: 1

2025-03-04 21:53:34,528 - INFO - EVENT: Internal Event | LOGICAL TIME: 17 | PHYSICAL TIME: 2025-03-04 21:53:34.52, MESSAGE QUEUE LENGTH: 0

2025-03-04 21:53:34,795 - INFO - EVENT: Send Msg | RECIPIENT: 1 and 3 | LOGICAL TIME: 18 | PHYSICAL TIME: 2025-03-04 21:53:34.79, MESSAGE QUEUE LENGTH: 0

2025-03-04 21:53:35,061 - INFO - EVENT: Internal Event | LOGICAL TIME: 19 | PHYSICAL TIME: 2025-03-04 21:53:35.06, MESSAGE QUEUE LENGTH: 0

2025-03-04 21:53:35,360 - INFO - EVENT: Internal Event | LOGICAL TIME: 20 | PHYSICAL TIME: 2025-03-04 21:53:35.36, MESSAGE QUEUE LENGTH: 0

2025-03-04 21:53:35,625 - INFO - EVENT: Receive Msg | SENDER: 3 | LOGICAL TIME: 21 | PHYSICAL TIME: 2025-03-04 21:53:35.00, MESSAGE QUEUE LENGTH: 1

2025-03-04 21:53:35,994 - INFO - EVENT: Receive Msg | SENDER: 3 | LOGICAL TIME: 22 | PHYSICAL TIME: 2025-03-04 21:53:35.00, MESSAGE QUEUE LENGTH: 1

2025-03-04 21:53:36,263 - INFO - EVENT: Internal Event | LOGICAL TIME: 23 | PHYSICAL TIME: 2025-03-04 21:53:36.26, MESSAGE QUEUE LENGTH: 0

2025-03-04 21:53:36,515 - INFO - EVENT: Internal Event | LOGICAL TIME: 24 | PHYSICAL TIME: 2025-03-04 21:53:36.51, MESSAGE QUEUE LENGTH: 0

2025-03-04 21:53:36,775 - INFO - EVENT: Receive Msg | SENDER: 3 | LOGICAL TIME: 27 | PHYSICAL TIME: 2025-03-04 21:53:36.00, MESSAGE QUEUE LENGTH: 1

2025-03-04 21:53:37,039 - INFO - EVENT: Send Msg | RECIPIENT: 3 | LOGICAL TIME: 28 | PHYSICAL TIME: 2025-03-04 21:53:37.03, MESSAGE QUEUE LENGTH: 0

2025-03-04 21:53:37,295 - INFO - EVENT: Send Msg | RECIPIENT: 3 | LOGICAL TIME: 29 | PHYSICAL TIME: 2025-03-04 21:53:37.29, MESSAGE QUEUE LENGTH: 0

2025-03-04 21:53:37,577 - INFO - EVENT: Internal Event | LOGICAL TIME: 30 | PHYSICAL TIME: 2025-03-04 21:53:37.57, MESSAGE QUEUE LENGTH: 0

2025-03-04 21:53:37,830 - INFO - EVENT: Send Msg | RECIPIENT: 3 | LOGICAL TIME: 31 | PHYSICAL TIME: 2025-03-04 21:53:37.83, MESSAGE QUEUE LENGTH: 0

2025-03-04 21:53:38,110 - INFO - EVENT: Internal Event | LOGICAL TIME: 32 | PHYSICAL TIME: 2025-03-04 21:53:38.11, MESSAGE QUEUE LENGTH: 0

2025-03-04 21:53:38,397 - INFO - EVENT: Internal Event | LOGICAL TIME: 33 | PHYSICAL TIME: 2025-03-04 21:53:38.39, MESSAGE QUEUE LENGTH: 0

2025-03-04 21:53:38,744 - INFO - EVENT: Internal Event | LOGICAL TIME: 34 | PHYSICAL TIME: 2025-03-04 21:53:38.74, MESSAGE QUEUE LENGTH: 0

2025-03-04 21:53:38,997 - INFO - EVENT: Receive Msg | SENDER: 1 | LOGICAL TIME: 35 | PHYSICAL TIME: 2025-03-04 21:53:38.00, MESSAGE QUEUE LENGTH: 1

2025-03-04 21:53:39,277 - INFO - EVENT: Receive Msg | SENDER: 1 | LOGICAL TIME: 36 | PHYSICAL TIME: 2025-03-04 21:53:39.00, MESSAGE QUEUE LENGTH: 1

2025-03-04 21:53:39,659 - INFO - EVENT: Internal Event | LOGICAL TIME: 37 | PHYSICAL TIME: 2025-03-04 21:53:39.65, MESSAGE QUEUE LENGTH: 0

2025-03-04 21:53:39,949 - INFO - EVENT: Receive Msg | SENDER: 1 | LOGICAL TIME: 38 | PHYSICAL TIME: 2025-03-04 21:53:39.00, MESSAGE QUEUE LENGTH: 1

2025-03-04 21:53:40,233 - INFO - EVENT: Receive Msg | SENDER: 1 | LOGICAL TIME: 39 | PHYSICAL TIME: 2025-03-04 21:53:40.00, MESSAGE QUEUE LENGTH: 1

2025-03-04 21:53:40,516 - INFO - EVENT: Internal Event | LOGICAL TIME: 40 | PHYSICAL TIME: 2025-03-04 21:53:40.51, MESSAGE QUEUE LENGTH: 0

2025-03-04 21:53:40,780 - INFO - EVENT: Receive Msg | SENDER: 1 | LOGICAL TIME: 41 | PHYSICAL TIME: 2025-03-04 21:53:40.00, MESSAGE QUEUE LENGTH: 1

2025-03-04 21:53:41,033 - INFO - EVENT: Internal Event | LOGICAL TIME: 42 | PHYSICAL TIME: 2025-03-04 21:53:41.03, MESSAGE QUEUE LENGTH: 0

2025-03-04 21:53:41,329 - INFO - EVENT: Internal Event | LOGICAL TIME: 43 | PHYSICAL TIME: 2025-03-04 21:53:41.32, MESSAGE QUEUE LENGTH: 0

2025-03-04 21:53:41,647 - INFO - EVENT: Send Msg | RECIPIENT: 3 | LOGICAL TIME: 44 | PHYSICAL TIME: 2025-03-04 21:53:41.64, MESSAGE QUEUE LENGTH: 0

2025-03-04 21:53:41,932 - INFO - EVENT: Send Msg | RECIPIENT: 3 | LOGICAL TIME: 45 | PHYSICAL TIME: 2025-03-04 21:53:41.93, MESSAGE QUEUE LENGTH: 0

2025-03-04 21:53:42,217 - INFO - EVENT: Internal Event | LOGICAL TIME: 46 | PHYSICAL TIME: 2025-03-04 21:53:42.21, MESSAGE QUEUE LENGTH: 0

2025-03-04 21:53:42,634 - INFO - EVENT: Internal Event | LOGICAL TIME: 47 | PHYSICAL TIME: 2025-03-04 21:53:42.63, MESSAGE QUEUE LENGTH: 0

2025-03-04 21:53:42,897 - INFO - EVENT: Internal Event | LOGICAL TIME: 48 | PHYSICAL TIME: 2025-03-04 21:53:42.89, MESSAGE QUEUE LENGTH: 0

2025-03-04 21:53:43,267 - INFO - EVENT: Send Msg | RECIPIENT: 1 and 3 | LOGICAL TIME: 49 | PHYSICAL TIME: 2025-03-04 21:53:43.26, MESSAGE QUEUE LENGTH: 0

2025-03-04 21:53:43,536 - INFO - EVENT: Internal Event | LOGICAL TIME: 50 | PHYSICAL TIME: 2025-03-04 21:53:43.53, MESSAGE QUEUE LENGTH: 0

2025-03-04 21:53:43,835 - INFO - EVENT: Internal Event | LOGICAL TIME: 51 | PHYSICAL TIME: 2025-03-04 21:53:43.83, MESSAGE QUEUE LENGTH: 0

2025-03-04 21:53:44,166 - INFO - EVENT: Internal Event | LOGICAL TIME: 52 | PHYSICAL TIME: 2025-03-04 21:53:44.16, MESSAGE QUEUE LENGTH: 0

2025-03-04 21:53:44,418 - INFO - EVENT: Internal Event | LOGICAL TIME: 53 | PHYSICAL TIME: 2025-03-04 21:53:44.41, MESSAGE QUEUE LENGTH: 0

2025-03-04 21:53:44,670 - INFO - EVENT: Receive Msg | SENDER: 3 | LOGICAL TIME: 59 | PHYSICAL TIME: 2025-03-04 21:53:44.00, MESSAGE QUEUE LENGTH: 2

2025-03-04 21:53:45,002 - INFO - EVENT: Receive Msg | SENDER: 1 | LOGICAL TIME: 60 | PHYSICAL TIME: 2025-03-04 21:53:44.00, MESSAGE QUEUE LENGTH: 1

2025-03-04 21:53:45,316 - INFO - EVENT: Internal Event | LOGICAL TIME: 61 | PHYSICAL TIME: 2025-03-04 21:53:45.31, MESSAGE QUEUE LENGTH: 0

2025-03-04 21:53:45,585 - INFO - EVENT: Internal Event | LOGICAL TIME: 62 | PHYSICAL TIME: 2025-03-04 21:53:45.58, MESSAGE QUEUE LENGTH: 0

2025-03-04 21:53:45,902 - INFO - EVENT: Internal Event | LOGICAL TIME: 63 | PHYSICAL TIME: 2025-03-04 21:53:45.90, MESSAGE QUEUE LENGTH: 0

2025-03-04 21:53:46,186 - INFO - EVENT: Internal Event | LOGICAL TIME: 64 | PHYSICAL TIME: 2025-03-04 21:53:46.18, MESSAGE QUEUE LENGTH: 0

2025-03-04 21:53:46,484 - INFO - EVENT: Internal Event | LOGICAL TIME: 65 | PHYSICAL TIME: 2025-03-04 21:53:46.48, MESSAGE QUEUE LENGTH: 0

2025-03-04 21:53:46,855 - INFO - EVENT: Receive Msg | SENDER: 1 | LOGICAL TIME: 66 | PHYSICAL TIME: 2025-03-04 21:53:46.00, MESSAGE QUEUE LENGTH: 1

2025-03-04 21:53:47,153 - INFO - EVENT: Send Msg | RECIPIENT: 3 | LOGICAL TIME: 67 | PHYSICAL TIME: 2025-03-04 21:53:47.15, MESSAGE QUEUE LENGTH: 0

2025-03-04 21:53:47,421 - INFO - EVENT: Internal Event | LOGICAL TIME: 68 | PHYSICAL TIME: 2025-03-04 21:53:47.42, MESSAGE QUEUE LENGTH: 0

2025-03-04 21:53:47,687 - INFO - EVENT: Send Msg | RECIPIENT: 3 | LOGICAL TIME: 69 | PHYSICAL TIME: 2025-03-04 21:53:47.68, MESSAGE QUEUE LENGTH: 0

2025-03-04 21:53:48,046 - INFO - EVENT: Internal Event | LOGICAL TIME: 70 | PHYSICAL TIME: 2025-03-04 21:53:48.04, MESSAGE QUEUE LENGTH: 0

2025-03-04 21:53:48,321 - INFO - EVENT: Receive Msg | SENDER: 1 | LOGICAL TIME: 72 | PHYSICAL TIME: 2025-03-04 21:53:47.00, MESSAGE QUEUE LENGTH: 1

2025-03-04 21:53:48,622 - INFO - EVENT: Internal Event | LOGICAL TIME: 73 | PHYSICAL TIME: 2025-03-04 21:53:48.62, MESSAGE QUEUE LENGTH: 0

2025-03-04 21:53:48,923 - INFO - EVENT: Send Msg | RECIPIENT: 1 and 3 | LOGICAL TIME: 74 | PHYSICAL TIME: 2025-03-04 21:53:48.92, MESSAGE QUEUE LENGTH: 0

2025-03-04 21:53:49,189 - INFO - EVENT: Internal Event | LOGICAL TIME: 75 | PHYSICAL TIME: 2025-03-04 21:53:49.18, MESSAGE QUEUE LENGTH: 0

2025-03-04 21:53:49,489 - INFO - EVENT: Internal Event | LOGICAL TIME: 76 | PHYSICAL TIME: 2025-03-04 21:53:49.48, MESSAGE QUEUE LENGTH: 0

2025-03-04 21:53:49,756 - INFO - EVENT: Receive Msg | SENDER: 3 | LOGICAL TIME: 80 | PHYSICAL TIME: 2025-03-04 21:53:49.00, MESSAGE QUEUE LENGTH: 1

2025-03-04 21:53:50,072 - INFO - EVENT: Send Msg | RECIPIENT: 1 | LOGICAL TIME: 81 | PHYSICAL TIME: 2025-03-04 21:53:50.07, MESSAGE QUEUE LENGTH: 0

2025-03-04 21:53:50,323 - INFO - EVENT: Receive Msg | SENDER: 3 | LOGICAL TIME: 82 | PHYSICAL TIME: 2025-03-04 21:53:49.00, MESSAGE QUEUE LENGTH: 1

2025-03-04 21:53:50,636 - INFO - EVENT: Receive Msg | SENDER: 3 | LOGICAL TIME: 83 | PHYSICAL TIME: 2025-03-04 21:53:50.00, MESSAGE QUEUE LENGTH: 1

2025-03-04 21:53:50,967 - INFO - EVENT: Internal Event | LOGICAL TIME: 84 | PHYSICAL TIME: 2025-03-04 21:53:50.96, MESSAGE QUEUE LENGTH: 0

2025-03-04 21:53:51,224 - INFO - EVENT: Receive Msg | SENDER: 3 | LOGICAL TIME: 85 | PHYSICAL TIME: 2025-03-04 21:53:50.00, MESSAGE QUEUE LENGTH: 2

2025-03-04 21:53:51,490 - INFO - EVENT: Receive Msg | SENDER: 3 | LOGICAL TIME: 86 | PHYSICAL TIME: 2025-03-04 21:53:51.00, MESSAGE QUEUE LENGTH: 1

2025-03-04 21:53:51,758 - INFO - EVENT: Send Msg | RECIPIENT: 1 and 3 | LOGICAL TIME: 87 | PHYSICAL TIME: 2025-03-04 21:53:51.75, MESSAGE QUEUE LENGTH: 0

2025-03-04 21:53:52,009 - INFO - EVENT: Receive Msg | SENDER: 3 | LOGICAL TIME: 89 | PHYSICAL TIME: 2025-03-04 21:53:51.00, MESSAGE QUEUE LENGTH: 1

2025-03-04 21:53:52,275 - INFO - EVENT: Internal Event | LOGICAL TIME: 90 | PHYSICAL TIME: 2025-03-04 21:53:52.27, MESSAGE QUEUE LENGTH: 0

2025-03-04 21:53:52,526 - INFO - EVENT: Internal Event | LOGICAL TIME: 91 | PHYSICAL TIME: 2025-03-04 21:53:52.52, MESSAGE QUEUE LENGTH: 0

2025-03-04 21:53:52,842 - INFO - EVENT: Internal Event | LOGICAL TIME: 92 | PHYSICAL TIME: 2025-03-04 21:53:52.84, MESSAGE QUEUE LENGTH: 0

2025-03-04 21:53:53,142 - INFO - EVENT: Send Msg | RECIPIENT: 1 | LOGICAL TIME: 93 | PHYSICAL TIME: 2025-03-04 21:53:53.14, MESSAGE QUEUE LENGTH: 0

2025-03-04 21:53:53,408 - INFO - EVENT: Receive Msg | SENDER: 3 | LOGICAL TIME: 94 | PHYSICAL TIME: 2025-03-04 21:53:53.00, MESSAGE QUEUE LENGTH: 1

2025-03-04 21:53:53,693 - INFO - EVENT: Send Msg | RECIPIENT: 1 | LOGICAL TIME: 95 | PHYSICAL TIME: 2025-03-04 21:53:53.69, MESSAGE QUEUE LENGTH: 0

2025-03-04 21:53:53,947 - INFO - EVENT: Receive Msg | SENDER: 3 | LOGICAL TIME: 96 | PHYSICAL TIME: 2025-03-04 21:53:53.00, MESSAGE QUEUE LENGTH: 1

2025-03-04 21:53:54,225 - INFO - EVENT: Internal Event | LOGICAL TIME: 97 | PHYSICAL TIME: 2025-03-04 21:53:54.22, MESSAGE QUEUE LENGTH: 0

2025-03-04 21:53:54,575 - INFO - EVENT: Internal Event | LOGICAL TIME: 98 | PHYSICAL TIME: 2025-03-04 21:53:54.57, MESSAGE QUEUE LENGTH: 0

2025-03-04 21:53:54,840 - INFO - EVENT: Receive Msg | SENDER: 3 | LOGICAL TIME: 100 | PHYSICAL TIME: 2025-03-04 21:53:54.00, MESSAGE QUEUE LENGTH: 1

2025-03-04 21:53:55,110 - INFO - EVENT: Send Msg | RECIPIENT: 3 | LOGICAL TIME: 101 | PHYSICAL TIME: 2025-03-04 21:53:55.11, MESSAGE QUEUE LENGTH: 0

2025-03-04 21:53:55,393 - INFO - EVENT: Internal Event | LOGICAL TIME: 102 | PHYSICAL TIME: 2025-03-04 21:53:55.39, MESSAGE QUEUE LENGTH: 0

2025-03-04 21:53:55,722 - INFO - EVENT: Send Msg | RECIPIENT: 1 | LOGICAL TIME: 103 | PHYSICAL TIME: 2025-03-04 21:53:55.72, MESSAGE QUEUE LENGTH: 0

2025-03-04 21:53:56,010 - INFO - EVENT: Internal Event | LOGICAL TIME: 104 | PHYSICAL TIME: 2025-03-04 21:53:56.01, MESSAGE QUEUE LENGTH: 0

2025-03-04 21:53:56,276 - INFO - EVENT: Internal Event | LOGICAL TIME: 105 | PHYSICAL TIME: 2025-03-04 21:53:56.27, MESSAGE QUEUE LENGTH: 0

2025-03-04 21:53:56,557 - INFO - EVENT: Internal Event | LOGICAL TIME: 106 | PHYSICAL TIME: 2025-03-04 21:53:56.55, MESSAGE QUEUE LENGTH: 0

2025-03-04 21:53:56,812 - INFO - EVENT: Receive Msg | SENDER: 1 | LOGICAL TIME: 107 | PHYSICAL TIME: 2025-03-04 21:53:56.00, MESSAGE QUEUE LENGTH: 1

2025-03-04 21:53:57,160 - INFO - EVENT: Internal Event | LOGICAL TIME: 108 | PHYSICAL TIME: 2025-03-04 21:53:57.16, MESSAGE QUEUE LENGTH: 0

2025-03-04 21:53:57,447 - INFO - EVENT: Receive Msg | SENDER: 1 | LOGICAL TIME: 109 | PHYSICAL TIME: 2025-03-04 21:53:57.00, MESSAGE QUEUE LENGTH: 1

2025-03-04 21:53:57,729 - INFO - EVENT: Send Msg | RECIPIENT: 1 | LOGICAL TIME: 110 | PHYSICAL TIME: 2025-03-04 21:53:57.72, MESSAGE QUEUE LENGTH: 0

2025-03-04 21:53:58,046 - INFO - EVENT: Internal Event | LOGICAL TIME: 111 | PHYSICAL TIME: 2025-03-04 21:53:58.04, MESSAGE QUEUE LENGTH: 0

2025-03-04 21:53:58,298 - INFO - EVENT: Receive Msg | SENDER: 3 | LOGICAL TIME: 116 | PHYSICAL TIME: 2025-03-04 21:53:58.00, MESSAGE QUEUE LENGTH: 1

2025-03-04 21:53:58,563 - INFO - EVENT: Internal Event | LOGICAL TIME: 117 | PHYSICAL TIME: 2025-03-04 21:53:58.56, MESSAGE QUEUE LENGTH: 0

2025-03-04 21:53:58,878 - INFO - EVENT: Send Msg | RECIPIENT: 1 and 3 | LOGICAL TIME: 118 | PHYSICAL TIME: 2025-03-04 21:53:58.87, MESSAGE QUEUE LENGTH: 0

2025-03-04 21:53:59,144 - INFO - EVENT: Receive Msg | SENDER: 3 | LOGICAL TIME: 119 | PHYSICAL TIME: 2025-03-04 21:53:58.00, MESSAGE QUEUE LENGTH: 2

2025-03-04 21:53:59,495 - INFO - EVENT: Receive Msg | SENDER: 3 | LOGICAL TIME: 120 | PHYSICAL TIME: 2025-03-04 21:53:58.00, MESSAGE QUEUE LENGTH: 2

2025-03-04 21:53:59,748 - INFO - EVENT: Receive Msg | SENDER: 3 | LOGICAL TIME: 121 | PHYSICAL TIME: 2025-03-04 21:53:58.00, MESSAGE QUEUE LENGTH: 1

2025-03-04 21:54:00,065 - INFO - EVENT: Internal Event | LOGICAL TIME: 122 | PHYSICAL TIME: 2025-03-04 21:54:00.06, MESSAGE QUEUE LENGTH: 0

2025-03-04 21:54:00,350 - INFO - EVENT: Internal Event | LOGICAL TIME: 123 | PHYSICAL TIME: 2025-03-04 21:54:00.35, MESSAGE QUEUE LENGTH: 0

2025-03-04 21:54:00,631 - INFO - EVENT: Send Msg | RECIPIENT: 1 and 3 | LOGICAL TIME: 124 | PHYSICAL TIME: 2025-03-04 21:54:00.63, MESSAGE QUEUE LENGTH: 0

2025-03-04 21:54:00,947 - INFO - EVENT: Send Msg | RECIPIENT: 3 | LOGICAL TIME: 125 | PHYSICAL TIME: 2025-03-04 21:54:00.94, MESSAGE QUEUE LENGTH: 0

2025-03-04 21:54:01,199 - INFO - EVENT: Internal Event | LOGICAL TIME: 126 | PHYSICAL TIME: 2025-03-04 21:54:01.19, MESSAGE QUEUE LENGTH: 0

2025-03-04 21:54:01,464 - INFO - EVENT: Internal Event | LOGICAL TIME: 127 | PHYSICAL TIME: 2025-03-04 21:54:01.46, MESSAGE QUEUE LENGTH: 0

2025-03-04 21:54:01,716 - INFO - EVENT: Send Msg | RECIPIENT: 1 and 3 | LOGICAL TIME: 128 | PHYSICAL TIME: 2025-03-04 21:54:01.71, MESSAGE QUEUE LENGTH: 0

2025-03-04 21:54:02,016 - INFO - EVENT: Send Msg | RECIPIENT: 1 | LOGICAL TIME: 129 | PHYSICAL TIME: 2025-03-04 21:54:02.01, MESSAGE QUEUE LENGTH: 0

2025-03-04 21:54:02,298 - INFO - EVENT: Send Msg | RECIPIENT: 3 | LOGICAL TIME: 130 | PHYSICAL TIME: 2025-03-04 21:54:02.29, MESSAGE QUEUE LENGTH: 0

2025-03-04 21:54:02,551 - INFO - EVENT: Internal Event | LOGICAL TIME: 131 | PHYSICAL TIME: 2025-03-04 21:54:02.55, MESSAGE QUEUE LENGTH: 0

2025-03-04 21:54:02,898 - INFO - EVENT: Receive Msg | SENDER: 1 | LOGICAL TIME: 132 | PHYSICAL TIME: 2025-03-04 21:54:02.00, MESSAGE QUEUE LENGTH: 1

2025-03-04 21:54:03,151 - INFO - EVENT: Internal Event | LOGICAL TIME: 133 | PHYSICAL TIME: 2025-03-04 21:54:03.15, MESSAGE QUEUE LENGTH: 0

2025-03-04 21:54:03,411 - INFO - EVENT: Internal Event | LOGICAL TIME: 134 | PHYSICAL TIME: 2025-03-04 21:54:03.41, MESSAGE QUEUE LENGTH: 0

2025-03-04 21:54:03,668 - INFO - EVENT: Internal Event | LOGICAL TIME: 135 | PHYSICAL TIME: 2025-03-04 21:54:03.66, MESSAGE QUEUE LENGTH: 0

2025-03-04 21:54:03,934 - INFO - EVENT: Receive Msg | SENDER: 3 | LOGICAL TIME: 139 | PHYSICAL TIME: 2025-03-04 21:54:03.00, MESSAGE QUEUE LENGTH: 1

2025-03-04 21:54:04,186 - INFO - EVENT: Receive Msg | SENDER: 1 | LOGICAL TIME: 140 | PHYSICAL TIME: 2025-03-04 21:54:03.00, MESSAGE QUEUE LENGTH: 1

2025-03-04 21:54:04,514 - INFO - EVENT: Internal Event | LOGICAL TIME: 141 | PHYSICAL TIME: 2025-03-04 21:54:04.51, MESSAGE QUEUE LENGTH: 0

2025-03-04 21:54:04,834 - INFO - EVENT: Internal Event | LOGICAL TIME: 142 | PHYSICAL TIME: 2025-03-04 21:54:04.83, MESSAGE QUEUE LENGTH: 0

2025-03-04 21:54:05,186 - INFO - EVENT: Receive Msg | SENDER: 1 | LOGICAL TIME: 143 | PHYSICAL TIME: 2025-03-04 21:54:04.00, MESSAGE QUEUE LENGTH: 1

2025-03-04 21:54:05,486 - INFO - EVENT: Send Msg | RECIPIENT: 1 and 3 | LOGICAL TIME: 144 | PHYSICAL TIME: 2025-03-04 21:54:05.48, MESSAGE QUEUE LENGTH: 0

2025-03-04 21:54:05,742 - INFO - EVENT: Internal Event | LOGICAL TIME: 145 | PHYSICAL TIME: 2025-03-04 21:54:05.74, MESSAGE QUEUE LENGTH: 0

2025-03-04 21:54:06,236 - INFO - EVENT: Send Msg | RECIPIENT: 1 and 3 | LOGICAL TIME: 146 | PHYSICAL TIME: 2025-03-04 21:54:06.23, MESSAGE QUEUE LENGTH: 0

2025-03-04 21:54:06,537 - INFO - EVENT: Internal Event | LOGICAL TIME: 147 | PHYSICAL TIME: 2025-03-04 21:54:06.53, MESSAGE QUEUE LENGTH: 0

2025-03-04 21:54:06,886 - INFO - EVENT: Receive Msg | SENDER: 3 | LOGICAL TIME: 150 | PHYSICAL TIME: 2025-03-04 21:54:06.00, MESSAGE QUEUE LENGTH: 1

2025-03-04 21:54:07,270 - INFO - EVENT: Send Msg | RECIPIENT: 1 and 3 | LOGICAL TIME: 151 | PHYSICAL TIME: 2025-03-04 21:54:07.27, MESSAGE QUEUE LENGTH: 0

2025-03-04 21:54:07,533 - INFO - EVENT: Internal Event | LOGICAL TIME: 152 | PHYSICAL TIME: 2025-03-04 21:54:07.53, MESSAGE QUEUE LENGTH: 0

2025-03-04 21:54:07,985 - INFO - EVENT: Internal Event | LOGICAL TIME: 153 | PHYSICAL TIME: 2025-03-04 21:54:07.98, MESSAGE QUEUE LENGTH: 0

2025-03-04 21:54:08,431 - INFO - EVENT: Internal Event | LOGICAL TIME: 154 | PHYSICAL TIME: 2025-03-04 21:54:08.43, MESSAGE QUEUE LENGTH: 0

2025-03-04 21:54:09,097 - INFO - EVENT: Internal Event | LOGICAL TIME: 155 | PHYSICAL TIME: 2025-03-04 21:54:09.09, MESSAGE QUEUE LENGTH: 0

2025-03-04 21:54:09,394 - INFO - EVENT: Internal Event | LOGICAL TIME: 156 | PHYSICAL TIME: 2025-03-04 21:54:09.39, MESSAGE QUEUE LENGTH: 0

2025-03-04 21:54:09,756 - INFO - EVENT: Internal Event | LOGICAL TIME: 157 | PHYSICAL TIME: 2025-03-04 21:54:09.75, MESSAGE QUEUE LENGTH: 0

2025-03-04 21:54:10,040 - INFO - EVENT: Internal Event | LOGICAL TIME: 158 | PHYSICAL TIME: 2025-03-04 21:54:10.04, MESSAGE QUEUE LENGTH: 0

2025-03-04 21:54:10,375 - INFO - EVENT: Receive Msg | SENDER: 1 | LOGICAL TIME: 159 | PHYSICAL TIME: 2025-03-04 21:54:10.00, MESSAGE QUEUE LENGTH: 1

2025-03-04 21:54:10,705 - INFO - EVENT: Internal Event | LOGICAL TIME: 160 | PHYSICAL TIME: 2025-03-04 21:54:10.70, MESSAGE QUEUE LENGTH: 0

2025-03-04 21:54:11,006 - INFO - EVENT: Internal Event | LOGICAL TIME: 161 | PHYSICAL TIME: 2025-03-04 21:54:11.00, MESSAGE QUEUE LENGTH: 0

2025-03-04 21:54:11,275 - INFO - EVENT: Internal Event | LOGICAL TIME: 162 | PHYSICAL TIME: 2025-03-04 21:54:11.27, MESSAGE QUEUE LENGTH: 0

2025-03-04 21:54:11,624 - INFO - EVENT: Send Msg | RECIPIENT: 1 | LOGICAL TIME: 163 | PHYSICAL TIME: 2025-03-04 21:54:11.62, MESSAGE QUEUE LENGTH: 0

2025-03-04 21:54:11,937 - INFO - EVENT: Send Msg | RECIPIENT: 3 | LOGICAL TIME: 164 | PHYSICAL TIME: 2025-03-04 21:54:11.93, MESSAGE QUEUE LENGTH: 0

2025-03-04 21:54:12,224 - INFO - EVENT: Internal Event | LOGICAL TIME: 165 | PHYSICAL TIME: 2025-03-04 21:54:12.22, MESSAGE QUEUE LENGTH: 0

2025-03-04 21:54:12,493 - INFO - EVENT: Send Msg | RECIPIENT: 3 | LOGICAL TIME: 166 | PHYSICAL TIME: 2025-03-04 21:54:12.49, MESSAGE QUEUE LENGTH: 0

2025-03-04 21:54:12,776 - INFO - EVENT: Internal Event | LOGICAL TIME: 167 | PHYSICAL TIME: 2025-03-04 21:54:12.77, MESSAGE QUEUE LENGTH: 0

2025-03-04 21:54:13,125 - INFO - EVENT: Internal Event | LOGICAL TIME: 168 | PHYSICAL TIME: 2025-03-04 21:54:13.12, MESSAGE QUEUE LENGTH: 0

2025-03-04 21:54:13,440 - INFO - EVENT: Receive Msg | SENDER: 3 | LOGICAL TIME: 174 | PHYSICAL TIME: 2025-03-04 21:54:13.00, MESSAGE QUEUE LENGTH: 1

2025-03-04 21:54:13,721 - INFO - EVENT: Send Msg | RECIPIENT: 1 and 3 | LOGICAL TIME: 175 | PHYSICAL TIME: 2025-03-04 21:54:13.72, MESSAGE QUEUE LENGTH: 0

2025-03-04 21:54:14,010 - INFO - EVENT: Receive Msg | SENDER: 3 | LOGICAL TIME: 176 | PHYSICAL TIME: 2025-03-04 21:54:13.00, MESSAGE QUEUE LENGTH: 1

2025-03-04 21:54:14,355 - INFO - EVENT: Internal Event | LOGICAL TIME: 177 | PHYSICAL TIME: 2025-03-04 21:54:14.35, MESSAGE QUEUE LENGTH: 0

2025-03-04 21:54:14,697 - INFO - EVENT: Internal Event | LOGICAL TIME: 178 | PHYSICAL TIME: 2025-03-04 21:54:14.69, MESSAGE QUEUE LENGTH: 0

2025-03-04 21:54:15,124 - INFO - EVENT: Internal Event | LOGICAL TIME: 179 | PHYSICAL TIME: 2025-03-04 21:54:15.12, MESSAGE QUEUE LENGTH: 0

2025-03-04 21:54:15,469 - INFO - EVENT: Internal Event | LOGICAL TIME: 180 | PHYSICAL TIME: 2025-03-04 21:54:15.46, MESSAGE QUEUE LENGTH: 0

2025-03-04 21:54:15,743 - INFO - EVENT: Internal Event | LOGICAL TIME: 181 | PHYSICAL TIME: 2025-03-04 21:54:15.74, MESSAGE QUEUE LENGTH: 0

2025-03-04 21:54:16,038 - INFO - EVENT: Receive Msg | SENDER: 3 | LOGICAL TIME: 183 | PHYSICAL TIME: 2025-03-04 21:54:15.00, MESSAGE QUEUE LENGTH: 1

2025-03-04 21:54:16,357 - INFO - EVENT: Internal Event | LOGICAL TIME: 184 | PHYSICAL TIME: 2025-03-04 21:54:16.35, MESSAGE QUEUE LENGTH: 0

2025-03-04 21:54:16,622 - INFO - EVENT: Internal Event | LOGICAL TIME: 185 | PHYSICAL TIME: 2025-03-04 21:54:16.62, MESSAGE QUEUE LENGTH: 0

2025-03-04 21:54:16,940 - INFO - EVENT: Receive Msg | SENDER: 1 | LOGICAL TIME: 186 | PHYSICAL TIME: 2025-03-04 21:54:16.00, MESSAGE QUEUE LENGTH: 1

2025-03-04 21:54:17,194 - INFO - EVENT: Internal Event | LOGICAL TIME: 187 | PHYSICAL TIME: 2025-03-04 21:54:17.19, MESSAGE QUEUE LENGTH: 0

2025-03-04 21:54:17,458 - INFO - EVENT: Internal Event | LOGICAL TIME: 188 | PHYSICAL TIME: 2025-03-04 21:54:17.45, MESSAGE QUEUE LENGTH: 0

2025-03-04 21:54:17,747 - INFO - EVENT: Internal Event | LOGICAL TIME: 189 | PHYSICAL TIME: 2025-03-04 21:54:17.74, MESSAGE QUEUE LENGTH: 0

2025-03-04 21:54:18,063 - INFO - EVENT: Internal Event | LOGICAL TIME: 190 | PHYSICAL TIME: 2025-03-04 21:54:18.06, MESSAGE QUEUE LENGTH: 0

2025-03-04 21:54:18,449 - INFO - EVENT: Receive Msg | SENDER: 3 | LOGICAL TIME: 192 | PHYSICAL TIME: 2025-03-04 21:54:18.00, MESSAGE QUEUE LENGTH: 1

2025-03-04 21:54:18,702 - INFO - EVENT: Internal Event | LOGICAL TIME: 193 | PHYSICAL TIME: 2025-03-04 21:54:18.70, MESSAGE QUEUE LENGTH: 0

2025-03-04 21:54:19,067 - INFO - EVENT: Internal Event | LOGICAL TIME: 194 | PHYSICAL TIME: 2025-03-04 21:54:19.06, MESSAGE QUEUE LENGTH: 0

2025-03-04 21:54:19,344 - INFO - EVENT: Receive Msg | SENDER: 3 | LOGICAL TIME: 196 | PHYSICAL TIME: 2025-03-04 21:54:19.00, MESSAGE QUEUE LENGTH: 1

2025-03-04 21:54:19,697 - INFO - EVENT: Internal Event | LOGICAL TIME: 197 | PHYSICAL TIME: 2025-03-04 21:54:19.69, MESSAGE QUEUE LENGTH: 0

2025-03-04 21:54:19,998 - INFO - EVENT: Internal Event | LOGICAL TIME: 198 | PHYSICAL TIME: 2025-03-04 21:54:19.99, MESSAGE QUEUE LENGTH: 0

2025-03-04 21:54:20,430 - INFO - EVENT: Receive Msg | SENDER: 3 | LOGICAL TIME: 201 | PHYSICAL TIME: 2025-03-04 21:54:20.00, MESSAGE QUEUE LENGTH: 1

2025-03-04 21:54:20,820 - INFO - EVENT: Receive Msg | SENDER: 3 | LOGICAL TIME: 202 | PHYSICAL TIME: 2025-03-04 21:54:20.00, MESSAGE QUEUE LENGTH: 1

2025-03-04 21:54:21,099 - INFO - EVENT: Send Msg | RECIPIENT: 1 | LOGICAL TIME: 203 | PHYSICAL TIME: 2025-03-04 21:54:21.09, MESSAGE QUEUE LENGTH: 0

2025-03-04 21:54:21,425 - INFO - EVENT: Internal Event | LOGICAL TIME: 204 | PHYSICAL TIME: 2025-03-04 21:54:21.42, MESSAGE QUEUE LENGTH: 0

2025-03-04 21:54:21,732 - INFO - EVENT: Receive Msg | SENDER: 3 | LOGICAL TIME: 205 | PHYSICAL TIME: 2025-03-04 21:54:21.00, MESSAGE QUEUE LENGTH: 1

2025-03-04 21:54:21,999 - INFO - EVENT: Receive Msg | SENDER: 3 | LOGICAL TIME: 207 | PHYSICAL TIME: 2025-03-04 21:54:21.00, MESSAGE QUEUE LENGTH: 1

2025-03-04 21:54:22,282 - INFO - EVENT: Internal Event | LOGICAL TIME: 208 | PHYSICAL TIME: 2025-03-04 21:54:22.28, MESSAGE QUEUE LENGTH: 0

2025-03-04 21:54:22,584 - INFO - EVENT: Receive Msg | SENDER: 3 | LOGICAL TIME: 209 | PHYSICAL TIME: 2025-03-04 21:54:22.00, MESSAGE QUEUE LENGTH: 2

2025-03-04 21:54:22,868 - INFO - EVENT: Receive Msg | SENDER: 1 | LOGICAL TIME: 210 | PHYSICAL TIME: 2025-03-04 21:54:22.00, MESSAGE QUEUE LENGTH: 1

2025-03-04 21:54:23,184 - INFO - EVENT: Receive Msg | SENDER: 3 | LOGICAL TIME: 212 | PHYSICAL TIME: 2025-03-04 21:54:22.00, MESSAGE QUEUE LENGTH: 1

2025-03-04 21:54:23,451 - INFO - EVENT: Internal Event | LOGICAL TIME: 213 | PHYSICAL TIME: 2025-03-04 21:54:23.45, MESSAGE QUEUE LENGTH: 0

2025-03-04 21:54:23,748 - INFO - EVENT: Internal Event | LOGICAL TIME: 214 | PHYSICAL TIME: 2025-03-04 21:54:23.74, MESSAGE QUEUE LENGTH: 0

2025-03-04 21:54:24,111 - INFO - EVENT: Send Msg | RECIPIENT: 3 | LOGICAL TIME: 215 | PHYSICAL TIME: 2025-03-04 21:54:24.11, MESSAGE QUEUE LENGTH: 0

2025-03-04 21:54:24,363 - INFO - EVENT: Receive Msg | SENDER: 1 | LOGICAL TIME: 216 | PHYSICAL TIME: 2025-03-04 21:54:24.00, MESSAGE QUEUE LENGTH: 1

2025-03-04 21:54:24,649 - INFO - EVENT: Internal Event | LOGICAL TIME: 217 | PHYSICAL TIME: 2025-03-04 21:54:24.64, MESSAGE QUEUE LENGTH: 0

2025-03-04 21:54:25,135 - INFO - EVENT: Receive Msg | SENDER: 3 | LOGICAL TIME: 220 | PHYSICAL TIME: 2025-03-04 21:54:24.00, MESSAGE QUEUE LENGTH: 1

2025-03-04 21:54:25,399 - INFO - EVENT: Internal Event | LOGICAL TIME: 221 | PHYSICAL TIME: 2025-03-04 21:54:25.39, MESSAGE QUEUE LENGTH: 0

2025-03-04 21:54:25,751 - INFO - EVENT: Send Msg | RECIPIENT: 3 | LOGICAL TIME: 222 | PHYSICAL TIME: 2025-03-04 21:54:25.75, MESSAGE QUEUE LENGTH: 0

2025-03-04 21:54:26,002 - INFO - EVENT: Receive Msg | SENDER: 1 | LOGICAL TIME: 223 | PHYSICAL TIME: 2025-03-04 21:54:25.00, MESSAGE QUEUE LENGTH: 1

2025-03-04 21:54:26,268 - INFO - EVENT: Internal Event | LOGICAL TIME: 224 | PHYSICAL TIME: 2025-03-04 21:54:26.26, MESSAGE QUEUE LENGTH: 0

2025-03-04 21:54:26,586 - INFO - EVENT: Receive Msg | SENDER: 3 | LOGICAL TIME: 226 | PHYSICAL TIME: 2025-03-04 21:54:26.00, MESSAGE QUEUE LENGTH: 1

2025-03-04 21:54:26,917 - INFO - EVENT: Internal Event | LOGICAL TIME: 227 | PHYSICAL TIME: 2025-03-04 21:54:26.91, MESSAGE QUEUE LENGTH: 0

2025-03-04 21:54:27,218 - INFO - EVENT: Internal Event | LOGICAL TIME: 228 | PHYSICAL TIME: 2025-03-04 21:54:27.21, MESSAGE QUEUE LENGTH: 0

2025-03-04 21:54:27,472 - INFO - EVENT: Receive Msg | SENDER: 1 | LOGICAL TIME: 229 | PHYSICAL TIME: 2025-03-04 21:54:27.00, MESSAGE QUEUE LENGTH: 1

2025-03-04 21:54:27,767 - INFO - EVENT: Send Msg | RECIPIENT: 1 | LOGICAL TIME: 230 | PHYSICAL TIME: 2025-03-04 21:54:27.76, MESSAGE QUEUE LENGTH: 0

2025-03-04 21:54:28,070 - INFO - EVENT: Receive Msg | SENDER: 1 | LOGICAL TIME: 231 | PHYSICAL TIME: 2025-03-04 21:54:27.00, MESSAGE QUEUE LENGTH: 1

2025-03-04 21:54:28,505 - INFO - EVENT: Send Msg | RECIPIENT: 1 | LOGICAL TIME: 232 | PHYSICAL TIME: 2025-03-04 21:54:28.50, MESSAGE QUEUE LENGTH: 0

2025-03-04 21:54:28,813 - INFO - EVENT: Send Msg | RECIPIENT: 1 and 3 | LOGICAL TIME: 233 | PHYSICAL TIME: 2025-03-04 21:54:28.81, MESSAGE QUEUE LENGTH: 0

2025-03-04 21:54:29,168 - INFO - EVENT: Send Msg | RECIPIENT: 1 and 3 | LOGICAL TIME: 234 | PHYSICAL TIME: 2025-03-04 21:54:29.16, MESSAGE QUEUE LENGTH: 0

2025-03-04 21:54:29,420 - INFO - EVENT: Internal Event | LOGICAL TIME: 235 | PHYSICAL TIME: 2025-03-04 21:54:29.42, MESSAGE QUEUE LENGTH: 0

2025-03-04 21:54:29,673 - INFO - EVENT: Internal Event | LOGICAL TIME: 236 | PHYSICAL TIME: 2025-03-04 21:54:29.67, MESSAGE QUEUE LENGTH: 0

2025-03-04 21:54:30,007 - INFO - EVENT: Internal Event | LOGICAL TIME: 237 | PHYSICAL TIME: 2025-03-04 21:54:30.00, MESSAGE QUEUE LENGTH: 0

2025-03-04 21:54:30,373 - INFO - EVENT: Receive Msg | SENDER: 3 | LOGICAL TIME: 241 | PHYSICAL TIME: 2025-03-04 21:54:30.00, MESSAGE QUEUE LENGTH: 1

2025-03-04 21:54:30,690 - INFO - EVENT: Send Msg | RECIPIENT: 3 | LOGICAL TIME: 242 | PHYSICAL TIME: 2025-03-04 21:54:30.69, MESSAGE QUEUE LENGTH: 0

2025-03-04 21:54:30,989 - INFO - EVENT: Internal Event | LOGICAL TIME: 243 | PHYSICAL TIME: 2025-03-04 21:54:30.98, MESSAGE QUEUE LENGTH: 0

2025-03-04 21:54:31,274 - INFO - EVENT: Internal Event | LOGICAL TIME: 244 | PHYSICAL TIME: 2025-03-04 21:54:31.27, MESSAGE QUEUE LENGTH: 0

2025-03-04 21:54:31,589 - INFO - EVENT: Receive Msg | SENDER: 3 | LOGICAL TIME: 246 | PHYSICAL TIME: 2025-03-04 21:54:31.00, MESSAGE QUEUE LENGTH: 1

2025-03-04 21:54:32,020 - INFO - EVENT: Internal Event | LOGICAL TIME: 247 | PHYSICAL TIME: 2025-03-04 21:54:32.02, MESSAGE QUEUE LENGTH: 0

2025-03-04 21:54:32,342 - INFO - EVENT: Receive Msg | SENDER: 3 | LOGICAL TIME: 249 | PHYSICAL TIME: 2025-03-04 21:54:32.00, MESSAGE QUEUE LENGTH: 1

2025-03-04 21:54:32,725 - INFO - EVENT: Internal Event | LOGICAL TIME: 250 | PHYSICAL TIME: 2025-03-04 21:54:32.72, MESSAGE QUEUE LENGTH: 0

2025-03-04 21:54:32,976 - INFO - EVENT: Receive Msg | SENDER: 1 | LOGICAL TIME: 251 | PHYSICAL TIME: 2025-03-04 21:54:32.00, MESSAGE QUEUE LENGTH: 1

2025-03-04 21:54:33,276 - INFO - EVENT: Internal Event | LOGICAL TIME: 252 | PHYSICAL TIME: 2025-03-04 21:54:33.27, MESSAGE QUEUE LENGTH: 0

2025-03-04 21:54:33,539 - INFO - EVENT: Internal Event | LOGICAL TIME: 253 | PHYSICAL TIME: 2025-03-04 21:54:33.53, MESSAGE QUEUE LENGTH: 0

2025-03-04 21:54:33,826 - INFO - EVENT: Receive Msg | SENDER: 3 | LOGICAL TIME: 255 | PHYSICAL TIME: 2025-03-04 21:54:33.00, MESSAGE QUEUE LENGTH: 1

2025-03-04 21:54:34,126 - INFO - EVENT: Receive Msg | SENDER: 3 | LOGICAL TIME: 256 | PHYSICAL TIME: 2025-03-04 21:54:33.00, MESSAGE QUEUE LENGTH: 1

2025-03-04 21:54:34,410 - INFO - EVENT: Send Msg | RECIPIENT: 1 and 3 | LOGICAL TIME: 257 | PHYSICAL TIME: 2025-03-04 21:54:34.41, MESSAGE QUEUE LENGTH: 0

2025-03-04 21:54:34,674 - INFO - EVENT: Receive Msg | SENDER: 1 | LOGICAL TIME: 258 | PHYSICAL TIME: 2025-03-04 21:54:34.00, MESSAGE QUEUE LENGTH: 1

2025-03-04 21:54:34,977 - INFO - EVENT: Send Msg | RECIPIENT: 1 | LOGICAL TIME: 259 | PHYSICAL TIME: 2025-03-04 21:54:34.97, MESSAGE QUEUE LENGTH: 0

2025-03-04 21:54:35,257 - INFO - EVENT: Internal Event | LOGICAL TIME: 260 | PHYSICAL TIME: 2025-03-04 21:54:35.25, MESSAGE QUEUE LENGTH: 0

