2025-03-04 21:53:30,039 - Process-3 - INFO - Starting server for client 3 at localhost:54402
2025-03-04 21:53:30,041 - Process-3 - INFO - Connected to client 1 at localhost:54400
2025-03-04 21:53:30,266 - Process-1 - INFO - Connected to client 2 at localhost:54401
2025-03-04 21:53:30,358 - Process-3 - INFO - Connected to client 2 at localhost:54401
2025-03-04 21:53:30,418 - Process-2 - INFO - Connected to client 3 at localhost:54402
2025-03-04 21:53:30,479 - Process-1 - INFO - Message Received from client 2
2025-03-04 21:53:30,495 - Process-3 - INFO - Message Received from client 2
2025-03-04 21:53:30,510 - Process-2 - INFO - Message Received from client 3
2025-03-04 21:53:30,510 - Process-1 - INFO - Message Received from client 3
2025-03-04 21:53:30,618 - Process-1 - INFO - Connected to client 3 at localhost:54402
2025-03-04 21:53:30,664 - Process-2 - INFO - Message Received from client 1
2025-03-04 21:53:30,772 - Process-3 - INFO - Message Received from client 1
2025-03-04 21:53:31,718 - Process-1 - INFO - Message Received from client 3
2025-03-04 21:53:31,957 - Process-1 - INFO - Message Received from client 3
2025-03-04 21:53:32,322 - Process-1 - INFO - Message Received from client 3
2025-03-04 21:53:32,477 - Process-2 - INFO - Message Received from client 3
2025-03-04 21:53:32,710 - Process-1 - INFO - Message Received from client 3
2025-03-04 21:53:33,637 - Process-1 - INFO - Message Received from client 3
2025-03-04 21:53:33,728 - Process-2 - INFO - Message Received from client 3
2025-03-04 21:53:34,009 - Process-2 - INFO - Message Received from client 3
2025-03-04 21:53:34,094 - Process-1 - INFO - Message Received from client 3
2025-03-04 21:53:34,860 - Process-3 - INFO - Message Received from client 2
2025-03-04 21:53:34,876 - Process-1 - INFO - Message Received from client 2
2025-03-04 21:53:35,375 - Process-2 - INFO - Message Received from client 3
2025-03-04 21:53:35,484 - Process-3 - INFO - Message Received from client 1
2025-03-04 21:53:35,577 - Process-1 - INFO - Message Received from client 3
2025-03-04 21:53:35,812 - Process-3 - INFO - Message Received from client 1
2025-03-04 21:53:35,879 - Process-2 - INFO - Message Received from client 3
2025-03-04 21:53:36,253 - Process-1 - INFO - Message Received from client 3
2025-03-04 21:53:36,691 - Process-2 - INFO - Message Received from client 3
2025-03-04 21:53:37,062 - Process-3 - INFO - Message Received from client 2
2025-03-04 21:53:37,413 - Process-3 - INFO - Message Received from client 2
2025-03-04 21:53:37,926 - Process-3 - INFO - Message Received from client 2
2025-03-04 21:53:38,094 - Process-3 - INFO - Message Received from client 1
2025-03-04 21:53:38,744 - Process-2 - INFO - Message Received from client 1
2025-03-04 21:53:38,827 - Process-3 - INFO - Message Received from client 1
2025-03-04 21:53:39,090 - Process-2 - INFO - Message Received from client 1
2025-03-04 21:53:39,479 - Process-3 - INFO - Message Received from client 1
2025-03-04 21:53:39,746 - Process-2 - INFO - Message Received from client 1
2025-03-04 21:53:39,965 - Process-3 - INFO - Message Received from client 1
2025-03-04 21:53:40,096 - Process-2 - INFO - Message Received from client 1
2025-03-04 21:53:40,173 - Process-3 - INFO - Message Received from client 1
2025-03-04 21:53:40,582 - Process-2 - INFO - Message Received from client 1
2025-03-04 21:53:41,786 - Process-3 - INFO - Message Received from client 2
2025-03-04 21:53:41,963 - Process-3 - INFO - Message Received from client 2
2025-03-04 21:53:43,315 - Process-3 - INFO - Message Received from client 2
2025-03-04 21:53:43,397 - Process-1 - INFO - Message Received from client 2
2025-03-04 21:53:44,533 - Process-2 - INFO - Message Received from client 3
2025-03-04 21:53:44,664 - Process-2 - INFO - Message Received from client 1
2025-03-04 21:53:44,984 - Process-3 - INFO - Message Received from client 1
2025-03-04 21:53:46,135 - Process-3 - INFO - Message Received from client 1
2025-03-04 21:53:46,520 - Process-3 - INFO - Message Received from client 1
2025-03-04 21:53:46,585 - Process-2 - INFO - Message Received from client 1
2025-03-04 21:53:47,011 - Process-1 - INFO - Message Received from client 3
2025-03-04 21:53:47,189 - Process-3 - INFO - Message Received from client 2
2025-03-04 21:53:47,754 - Process-3 - INFO - Message Received from client 2
2025-03-04 21:53:47,999 - Process-3 - INFO - Message Received from client 1
2025-03-04 21:53:48,062 - Process-2 - INFO - Message Received from client 1
2025-03-04 21:53:48,954 - Process-1 - INFO - Message Received from client 2
2025-03-04 21:53:49,021 - Process-3 - INFO - Message Received from client 2
2025-03-04 21:53:49,605 - Process-1 - INFO - Message Received from client 3
2025-03-04 21:53:49,741 - Process-2 - INFO - Message Received from client 3
2025-03-04 21:53:49,772 - Process-1 - INFO - Message Received from client 3
2025-03-04 21:53:50,008 - Process-1 - INFO - Message Received from client 3
2025-03-04 21:53:50,072 - Process-2 - INFO - Message Received from client 3
2025-03-04 21:53:50,190 - Process-1 - INFO - Message Received from client 2
2025-03-04 21:53:50,605 - Process-2 - INFO - Message Received from client 3
2025-03-04 21:53:50,719 - Process-1 - INFO - Message Received from client 3
2025-03-04 21:53:50,967 - Process-2 - INFO - Message Received from client 3
2025-03-04 21:53:51,224 - Process-2 - INFO - Message Received from client 3
2025-03-04 21:53:51,224 - Process-1 - INFO - Message Received from client 3
2025-03-04 21:53:51,909 - Process-1 - INFO - Message Received from client 2
2025-03-04 21:53:51,909 - Process-3 - INFO - Message Received from client 2
2025-03-04 21:53:51,924 - Process-2 - INFO - Message Received from client 3
2025-03-04 21:53:52,158 - Process-1 - INFO - Message Received from client 3
2025-03-04 21:53:52,727 - Process-1 - INFO - Message Received from client 3
2025-03-04 21:53:53,142 - Process-2 - INFO - Message Received from client 3
2025-03-04 21:53:53,258 - Process-1 - INFO - Message Received from client 2
2025-03-04 21:53:53,659 - Process-2 - INFO - Message Received from client 3
2025-03-04 21:53:53,743 - Process-1 - INFO - Message Received from client 2
2025-03-04 21:53:53,775 - Process-1 - INFO - Message Received from client 3
2025-03-04 21:53:54,560 - Process-1 - INFO - Message Received from client 3
2025-03-04 21:53:54,677 - Process-2 - INFO - Message Received from client 3
2025-03-04 21:53:54,893 - Process-1 - INFO - Message Received from client 3
2025-03-04 21:53:55,227 - Process-3 - INFO - Message Received from client 2
2025-03-04 21:53:55,576 - Process-3 - INFO - Message Received from client 1
2025-03-04 21:53:55,843 - Process-1 - INFO - Message Received from client 2
2025-03-04 21:53:56,626 - Process-2 - INFO - Message Received from client 1
2025-03-04 21:53:56,641 - Process-3 - INFO - Message Received from client 1
2025-03-04 21:53:56,962 - Process-3 - INFO - Message Received from client 1
2025-03-04 21:53:57,294 - Process-2 - INFO - Message Received from client 1
2025-03-04 21:53:57,346 - Process-3 - INFO - Message Received from client 1
2025-03-04 21:53:57,778 - Process-1 - INFO - Message Received from client 2
2025-03-04 21:53:57,946 - Process-1 - INFO - Message Received from client 3
2025-03-04 21:53:58,298 - Process-2 - INFO - Message Received from client 3
2025-03-04 21:53:58,544 - Process-1 - INFO - Message Received from client 3
2025-03-04 21:53:58,879 - Process-2 - INFO - Message Received from client 3
2025-03-04 21:53:58,894 - Process-1 - INFO - Message Received from client 3
2025-03-04 21:53:58,964 - Process-3 - INFO - Message Received from client 2
2025-03-04 21:53:59,012 - Process-1 - INFO - Message Received from client 2
2025-03-04 21:53:59,042 - Process-2 - INFO - Message Received from client 3
2025-03-04 21:53:59,445 - Process-2 - INFO - Message Received from client 3
2025-03-04 21:54:00,165 - Process-1 - INFO - Message Received from client 3
2025-03-04 21:54:00,431 - Process-1 - INFO - Message Received from client 3
2025-03-04 21:54:00,664 - Process-3 - INFO - Message Received from client 2
2025-03-04 21:54:00,682 - Process-1 - INFO - Message Received from client 2
2025-03-04 21:54:01,098 - Process-3 - INFO - Message Received from client 2
2025-03-04 21:54:01,747 - Process-3 - INFO - Message Received from client 2
2025-03-04 21:54:01,912 - Process-1 - INFO - Message Received from client 2
2025-03-04 21:54:02,064 - Process-1 - INFO - Message Received from client 2
2025-03-04 21:54:02,364 - Process-3 - INFO - Message Received from client 2
2025-03-04 21:54:02,883 - Process-1 - INFO - Message Received from client 3
2025-03-04 21:54:02,883 - Process-2 - INFO - Message Received from client 1
2025-03-04 21:54:03,852 - Process-2 - INFO - Message Received from client 3
2025-03-04 21:54:03,918 - Process-2 - INFO - Message Received from client 1
2025-03-04 21:54:04,049 - Process-1 - INFO - Message Received from client 3
2025-03-04 21:54:04,941 - Process-3 - INFO - Message Received from client 1
2025-03-04 21:54:05,004 - Process-2 - INFO - Message Received from client 1
2025-03-04 21:54:05,569 - Process-3 - INFO - Message Received from client 2
2025-03-04 21:54:05,636 - Process-1 - INFO - Message Received from client 2
2025-03-04 21:54:06,320 - Process-3 - INFO - Message Received from client 2
2025-03-04 21:54:06,334 - Process-1 - INFO - Message Received from client 2
2025-03-04 21:54:06,847 - Process-2 - INFO - Message Received from client 3
2025-03-04 21:54:07,023 - Process-1 - INFO - Message Received from client 3
2025-03-04 21:54:07,337 - Process-3 - INFO - Message Received from client 2
2025-03-04 21:54:07,368 - Process-1 - INFO - Message Received from client 2
2025-03-04 21:54:10,147 - Process-3 - INFO - Message Received from client 1
2025-03-04 21:54:10,238 - Process-2 - INFO - Message Received from client 1
2025-03-04 21:54:10,857 - Process-3 - INFO - Message Received from client 1
2025-03-04 21:54:11,407 - Process-1 - INFO - Message Received from client 3
2025-03-04 21:54:11,769 - Process-1 - INFO - Message Received from client 2
2025-03-04 21:54:11,942 - Process-1 - INFO - Message Received from client 3
2025-03-04 21:54:11,988 - Process-3 - INFO - Message Received from client 2
2025-03-04 21:54:12,539 - Process-3 - INFO - Message Received from client 2
2025-03-04 21:54:13,374 - Process-1 - INFO - Message Received from client 3
2025-03-04 21:54:13,390 - Process-2 - INFO - Message Received from client 3
2025-03-04 21:54:13,892 - Process-3 - INFO - Message Received from client 2
2025-03-04 21:54:13,908 - Process-2 - INFO - Message Received from client 3
2025-03-04 21:54:14,394 - Process-3 - INFO - Message Received from client 1
2025-03-04 21:54:15,861 - Process-1 - INFO - Message Received from client 3
2025-03-04 21:54:15,909 - Process-3 - INFO - Message Received from client 1
2025-03-04 21:54:16,715 - Process-3 - INFO - Message Received from client 1
2025-03-04 21:54:16,730 - Process-2 - INFO - Message Received from client 1
2025-03-04 21:54:17,225 - Process-1 - INFO - Message Received from client 3
2025-03-04 21:54:17,747 - Process-1 - INFO - Message Received from client 3
2025-03-04 21:54:18,195 - Process-2 - INFO - Message Received from client 3
2025-03-04 21:54:18,263 - Process-1 - INFO - Message Received from client 3
2025-03-04 21:54:19,160 - Process-2 - INFO - Message Received from client 3
2025-03-04 21:54:19,176 - Process-1 - INFO - Message Received from client 3
2025-03-04 21:54:20,213 - Process-1 - INFO - Message Received from client 3
2025-03-04 21:54:20,399 - Process-2 - INFO - Message Received from client 3
2025-03-04 21:54:20,525 - Process-1 - INFO - Message Received from client 3
2025-03-04 21:54:20,648 - Process-2 - INFO - Message Received from client 3
2025-03-04 21:54:21,148 - Process-1 - INFO - Message Received from client 2
2025-03-04 21:54:21,441 - Process-1 - INFO - Message Received from client 3
2025-03-04 21:54:21,467 - Process-2 - INFO - Message Received from client 3
2025-03-04 21:54:21,748 - Process-2 - INFO - Message Received from client 3
2025-03-04 21:54:22,183 - Process-3 - INFO - Message Received from client 1
2025-03-04 21:54:22,332 - Process-2 - INFO - Message Received from client 3
2025-03-04 21:54:22,332 - Process-2 - INFO - Message Received from client 1
2025-03-04 21:54:22,732 - Process-1 - INFO - Message Received from client 3
2025-03-04 21:54:22,868 - Process-2 - INFO - Message Received from client 3
2025-03-04 21:54:24,095 - Process-3 - INFO - Message Received from client 1
2025-03-04 21:54:24,111 - Process-2 - INFO - Message Received from client 1
2025-03-04 21:54:24,158 - Process-3 - INFO - Message Received from client 2
2025-03-04 21:54:24,967 - Process-1 - INFO - Message Received from client 3
2025-03-04 21:54:25,069 - Process-2 - INFO - Message Received from client 3
2025-03-04 21:54:25,636 - Process-1 - INFO - Message Received from client 3
2025-03-04 21:54:25,652 - Process-2 - INFO - Message Received from client 1
2025-03-04 21:54:25,838 - Process-3 - INFO - Message Received from client 2
2025-03-04 21:54:26,419 - Process-2 - INFO - Message Received from client 3
2025-03-04 21:54:27,143 - Process-3 - INFO - Message Received from client 1
2025-03-04 21:54:27,466 - Process-2 - INFO - Message Received from client 1
2025-03-04 21:54:27,519 - Process-3 - INFO - Message Received from client 1
2025-03-04 21:54:27,798 - Process-1 - INFO - Message Received from client 2
2025-03-04 21:54:27,814 - Process-2 - INFO - Message Received from client 1
2025-03-04 21:54:28,551 - Process-1 - INFO - Message Received from client 2
2025-03-04 21:54:28,890 - Process-3 - INFO - Message Received from client 2
2025-03-04 21:54:28,955 - Process-1 - INFO - Message Received from client 2
2025-03-04 21:54:29,215 - Process-3 - INFO - Message Received from client 2
2025-03-04 21:54:29,261 - Process-1 - INFO - Message Received from client 2
2025-03-04 21:54:29,989 - Process-1 - INFO - Message Received from client 3
2025-03-04 21:54:30,220 - Process-2 - INFO - Message Received from client 3
2025-03-04 21:54:30,235 - Process-1 - INFO - Message Received from client 3
2025-03-04 21:54:30,772 - Process-3 - INFO - Message Received from client 2
2025-03-04 21:54:31,022 - Process-3 - INFO - Message Received from client 1
2025-03-04 21:54:31,475 - Process-2 - INFO - Message Received from client 3
2025-03-04 21:54:32,225 - Process-2 - INFO - Message Received from client 3
2025-03-04 21:54:32,242 - Process-1 - INFO - Message Received from client 3
2025-03-04 21:54:32,910 - Process-2 - INFO - Message Received from client 1
2025-03-04 21:54:32,976 - Process-3 - INFO - Message Received from client 1
2025-03-04 21:54:33,393 - Process-1 - INFO - Message Received from client 3
2025-03-04 21:54:33,656 - Process-2 - INFO - Message Received from client 3
2025-03-04 21:54:33,889 - Process-2 - INFO - Message Received from client 3
2025-03-04 21:54:34,410 - Process-2 - INFO - Message Received from client 1
2025-03-04 21:54:34,425 - Process-3 - INFO - Message Received from client 1
2025-03-04 21:54:34,472 - Process-1 - INFO - Message Received from client 2
2025-03-04 21:54:34,472 - Process-3 - INFO - Message Received from client 2
2025-03-04 21:54:35,039 - Process-1 - INFO - Message Received from client 2
2025-03-04 21:54:35,061 - Process-1 - INFO - Message Received from client 3
2025-03-04 21:54:35,242 - Process-2 - INFO - Message Received from client 3
2025-03-04 21:54:35,388 - Process-1 - INFO - Message Received from client 3
2025-03-04 21:54:35,509 - Process-2 - INFO - Message Received from client 3
2025-03-04 21:54:35,544 - Process-2 - INFO - Stopping messaging thread for client 1
2025-03-04 21:54:35,544 - Process-2 - INFO - Stopping messaging thread for client 3
2025-03-04 21:54:35,591 - Process-3 - INFO - Stopping messaging thread for client 2
2025-03-04 21:54:35,591 - Process-3 - INFO - Stopping messaging thread for client 1
2025-03-04 21:54:35,593 - Process-2 - INFO - Server stopped
2025-03-04 21:54:35,594 - Process-2 - INFO - Server for client 2 stopped
2025-03-04 21:54:35,594 - Process-2 - INFO - Closing client
2025-03-04 21:54:35,695 - Process-1 - INFO - Client 2 is unavailable. This is likely the result of graceful server shutdown and can be ignored.
2025-03-04 21:54:35,728 - Process-3 - INFO - Server stopped
2025-03-04 21:54:35,729 - Process-3 - INFO - Server for client 3 stopped
2025-03-04 21:54:35,729 - Process-3 - INFO - Closing client
2025-03-04 21:54:35,805 - Process-1 - INFO - Client 3 is unavailable. This is likely the result of graceful server shutdown and can be ignored.
2025-03-04 21:54:35,829 - Process-1 - INFO - Stopping messaging thread for client 2
2025-03-04 21:54:35,829 - Process-1 - INFO - Stopping messaging thread for client 3
2025-03-04 21:54:35,830 - Process-1 - INFO - Server stopped
2025-03-04 21:54:35,831 - Process-1 - INFO - Server for client 1 stopped
2025-03-04 21:54:35,836 - Process-1 - INFO - Closing client
