2025-03-05 03:42:49,497 - INFO - Clock rate for client 3: 5 events per second
2025-03-05 03:42:50,005 - INFO - EVENT: Send Msg | RECIPIENT: 2 | LOGICAL TIME: 1 | PHYSICAL TIME: 2025-03-05 03:42:50.00, MESSAGE QUEUE LENGTH: 0

2025-03-05 03:42:50,230 - INFO - EVENT: Receive Msg | SENDER: 2 | LOGICAL TIME: 2 | PHYSICAL TIME: 2025-03-05 03:42:49.00, MESSAGE QUEUE LENGTH: 1

2025-03-05 03:42:50,505 - INFO - EVENT: Send Msg | RECIPIENT: 2 | LOGICAL TIME: 3 | PHYSICAL TIME: 2025-03-05 03:42:50.50, MESSAGE QUEUE LENGTH: 0

2025-03-05 03:42:50,829 - INFO - EVENT: Receive Msg | SENDER: 1 | LOGICAL TIME: 4 | PHYSICAL TIME: 2025-03-05 03:42:50.00, MESSAGE QUEUE LENGTH: 1

2025-03-05 03:42:51,169 - INFO - EVENT: Send Msg | RECIPIENT: 1 and 2 | LOGICAL TIME: 5 | PHYSICAL TIME: 2025-03-05 03:42:51.16, MESSAGE QUEUE LENGTH: 0

2025-03-05 03:42:51,438 - INFO - EVENT: Internal Event | LOGICAL TIME: 6 | PHYSICAL TIME: 2025-03-05 03:42:51.43, MESSAGE QUEUE LENGTH: 0

2025-03-05 03:42:51,684 - INFO - EVENT: Internal Event | LOGICAL TIME: 7 | PHYSICAL TIME: 2025-03-05 03:42:51.68, MESSAGE QUEUE LENGTH: 0

2025-03-05 03:42:51,889 - INFO - EVENT: Internal Event | LOGICAL TIME: 8 | PHYSICAL TIME: 2025-03-05 03:42:51.88, MESSAGE QUEUE LENGTH: 0

2025-03-05 03:42:52,141 - INFO - EVENT: Receive Msg | SENDER: 1 | LOGICAL TIME: 9 | PHYSICAL TIME: 2025-03-05 03:42:51.00, MESSAGE QUEUE LENGTH: 1

2025-03-05 03:42:52,402 - INFO - EVENT: Internal Event | LOGICAL TIME: 10 | PHYSICAL TIME: 2025-03-05 03:42:52.40, MESSAGE QUEUE LENGTH: 0

2025-03-05 03:42:52,604 - INFO - EVENT: Send Msg | RECIPIENT: 2 | LOGICAL TIME: 11 | PHYSICAL TIME: 2025-03-05 03:42:52.60, MESSAGE QUEUE LENGTH: 0

2025-03-05 03:42:52,824 - INFO - EVENT: Internal Event | LOGICAL TIME: 12 | PHYSICAL TIME: 2025-03-05 03:42:52.82, MESSAGE QUEUE LENGTH: 0

2025-03-05 03:42:53,190 - INFO - EVENT: Internal Event | LOGICAL TIME: 13 | PHYSICAL TIME: 2025-03-05 03:42:53.19, MESSAGE QUEUE LENGTH: 0

2025-03-05 03:42:53,403 - INFO - EVENT: Internal Event | LOGICAL TIME: 14 | PHYSICAL TIME: 2025-03-05 03:42:53.40, MESSAGE QUEUE LENGTH: 0

2025-03-05 03:42:53,655 - INFO - EVENT: Internal Event | LOGICAL TIME: 15 | PHYSICAL TIME: 2025-03-05 03:42:53.65, MESSAGE QUEUE LENGTH: 0

2025-03-05 03:42:53,874 - INFO - EVENT: Send Msg | RECIPIENT: 1 and 2 | LOGICAL TIME: 16 | PHYSICAL TIME: 2025-03-05 03:42:53.87, MESSAGE QUEUE LENGTH: 0

2025-03-05 03:42:54,108 - INFO - EVENT: Internal Event | LOGICAL TIME: 17 | PHYSICAL TIME: 2025-03-05 03:42:54.10, MESSAGE QUEUE LENGTH: 0

2025-03-05 03:42:54,310 - INFO - EVENT: Internal Event | LOGICAL TIME: 18 | PHYSICAL TIME: 2025-03-05 03:42:54.31, MESSAGE QUEUE LENGTH: 0

2025-03-05 03:42:54,589 - INFO - EVENT: Internal Event | LOGICAL TIME: 19 | PHYSICAL TIME: 2025-03-05 03:42:54.58, MESSAGE QUEUE LENGTH: 0

2025-03-05 03:42:54,903 - INFO - EVENT: Send Msg | RECIPIENT: 2 | LOGICAL TIME: 20 | PHYSICAL TIME: 2025-03-05 03:42:54.90, MESSAGE QUEUE LENGTH: 0

2025-03-05 03:42:55,109 - INFO - EVENT: Send Msg | RECIPIENT: 1 and 2 | LOGICAL TIME: 21 | PHYSICAL TIME: 2025-03-05 03:42:55.10, MESSAGE QUEUE LENGTH: 0

2025-03-05 03:42:55,358 - INFO - EVENT: Internal Event | LOGICAL TIME: 22 | PHYSICAL TIME: 2025-03-05 03:42:55.35, MESSAGE QUEUE LENGTH: 0

2025-03-05 03:42:55,574 - INFO - EVENT: Send Msg | RECIPIENT: 1 | LOGICAL TIME: 23 | PHYSICAL TIME: 2025-03-05 03:42:55.57, MESSAGE QUEUE LENGTH: 0

2025-03-05 03:42:55,776 - INFO - EVENT: Send Msg | RECIPIENT: 2 | LOGICAL TIME: 24 | PHYSICAL TIME: 2025-03-05 03:42:55.77, MESSAGE QUEUE LENGTH: 0

2025-03-05 03:42:56,027 - INFO - EVENT: Internal Event | LOGICAL TIME: 25 | PHYSICAL TIME: 2025-03-05 03:42:56.02, MESSAGE QUEUE LENGTH: 0

2025-03-05 03:42:56,373 - INFO - EVENT: Internal Event | LOGICAL TIME: 26 | PHYSICAL TIME: 2025-03-05 03:42:56.37, MESSAGE QUEUE LENGTH: 0

2025-03-05 03:42:56,593 - INFO - EVENT: Internal Event | LOGICAL TIME: 27 | PHYSICAL TIME: 2025-03-05 03:42:56.59, MESSAGE QUEUE LENGTH: 0

2025-03-05 03:42:56,799 - INFO - EVENT: Internal Event | LOGICAL TIME: 28 | PHYSICAL TIME: 2025-03-05 03:42:56.79, MESSAGE QUEUE LENGTH: 0

2025-03-05 03:42:57,027 - INFO - EVENT: Internal Event | LOGICAL TIME: 29 | PHYSICAL TIME: 2025-03-05 03:42:57.02, MESSAGE QUEUE LENGTH: 0

2025-03-05 03:42:57,255 - INFO - EVENT: Send Msg | RECIPIENT: 1 | LOGICAL TIME: 30 | PHYSICAL TIME: 2025-03-05 03:42:57.25, MESSAGE QUEUE LENGTH: 0

2025-03-05 03:42:57,459 - INFO - EVENT: Send Msg | RECIPIENT: 1 and 2 | LOGICAL TIME: 31 | PHYSICAL TIME: 2025-03-05 03:42:57.45, MESSAGE QUEUE LENGTH: 0

2025-03-05 03:42:57,760 - INFO - EVENT: Internal Event | LOGICAL TIME: 32 | PHYSICAL TIME: 2025-03-05 03:42:57.76, MESSAGE QUEUE LENGTH: 0

2025-03-05 03:42:57,978 - INFO - EVENT: Internal Event | LOGICAL TIME: 33 | PHYSICAL TIME: 2025-03-05 03:42:57.97, MESSAGE QUEUE LENGTH: 0

2025-03-05 03:42:58,182 - INFO - EVENT: Internal Event | LOGICAL TIME: 34 | PHYSICAL TIME: 2025-03-05 03:42:58.18, MESSAGE QUEUE LENGTH: 0

2025-03-05 03:42:58,388 - INFO - EVENT: Internal Event | LOGICAL TIME: 35 | PHYSICAL TIME: 2025-03-05 03:42:58.38, MESSAGE QUEUE LENGTH: 0

2025-03-05 03:42:58,593 - INFO - EVENT: Internal Event | LOGICAL TIME: 36 | PHYSICAL TIME: 2025-03-05 03:42:58.59, MESSAGE QUEUE LENGTH: 0

2025-03-05 03:42:58,794 - INFO - EVENT: Internal Event | LOGICAL TIME: 37 | PHYSICAL TIME: 2025-03-05 03:42:58.79, MESSAGE QUEUE LENGTH: 0

2025-03-05 03:42:59,008 - INFO - EVENT: Internal Event | LOGICAL TIME: 38 | PHYSICAL TIME: 2025-03-05 03:42:59.00, MESSAGE QUEUE LENGTH: 0

2025-03-05 03:42:59,211 - INFO - EVENT: Internal Event | LOGICAL TIME: 39 | PHYSICAL TIME: 2025-03-05 03:42:59.21, MESSAGE QUEUE LENGTH: 0

2025-03-05 03:42:59,477 - INFO - EVENT: Send Msg | RECIPIENT: 1 | LOGICAL TIME: 40 | PHYSICAL TIME: 2025-03-05 03:42:59.47, MESSAGE QUEUE LENGTH: 0

2025-03-05 03:42:59,717 - INFO - EVENT: Internal Event | LOGICAL TIME: 41 | PHYSICAL TIME: 2025-03-05 03:42:59.71, MESSAGE QUEUE LENGTH: 0

2025-03-05 03:42:59,924 - INFO - EVENT: Internal Event | LOGICAL TIME: 42 | PHYSICAL TIME: 2025-03-05 03:42:59.92, MESSAGE QUEUE LENGTH: 0

2025-03-05 03:43:00,159 - INFO - EVENT: Internal Event | LOGICAL TIME: 43 | PHYSICAL TIME: 2025-03-05 03:43:00.15, MESSAGE QUEUE LENGTH: 0

2025-03-05 03:43:00,361 - INFO - EVENT: Send Msg | RECIPIENT: 1 and 2 | LOGICAL TIME: 44 | PHYSICAL TIME: 2025-03-05 03:43:00.36, MESSAGE QUEUE LENGTH: 0

2025-03-05 03:43:00,627 - INFO - EVENT: Receive Msg | SENDER: 1 | LOGICAL TIME: 45 | PHYSICAL TIME: 2025-03-05 03:43:00.00, MESSAGE QUEUE LENGTH: 1

2025-03-05 03:43:00,876 - INFO - EVENT: Send Msg | RECIPIENT: 1 | LOGICAL TIME: 46 | PHYSICAL TIME: 2025-03-05 03:43:00.87, MESSAGE QUEUE LENGTH: 0

2025-03-05 03:43:01,078 - INFO - EVENT: Internal Event | LOGICAL TIME: 47 | PHYSICAL TIME: 2025-03-05 03:43:01.07, MESSAGE QUEUE LENGTH: 0

2025-03-05 03:43:01,461 - INFO - EVENT: Internal Event | LOGICAL TIME: 48 | PHYSICAL TIME: 2025-03-05 03:43:01.46, MESSAGE QUEUE LENGTH: 0

2025-03-05 03:43:01,748 - INFO - EVENT: Send Msg | RECIPIENT: 1 and 2 | LOGICAL TIME: 49 | PHYSICAL TIME: 2025-03-05 03:43:01.74, MESSAGE QUEUE LENGTH: 0

2025-03-05 03:43:02,043 - INFO - EVENT: Internal Event | LOGICAL TIME: 50 | PHYSICAL TIME: 2025-03-05 03:43:02.04, MESSAGE QUEUE LENGTH: 0

2025-03-05 03:43:02,324 - INFO - EVENT: Send Msg | RECIPIENT: 1 | LOGICAL TIME: 51 | PHYSICAL TIME: 2025-03-05 03:43:02.32, MESSAGE QUEUE LENGTH: 0

2025-03-05 03:43:02,531 - INFO - EVENT: Internal Event | LOGICAL TIME: 52 | PHYSICAL TIME: 2025-03-05 03:43:02.53, MESSAGE QUEUE LENGTH: 0

2025-03-05 03:43:02,765 - INFO - EVENT: Send Msg | RECIPIENT: 2 | LOGICAL TIME: 53 | PHYSICAL TIME: 2025-03-05 03:43:02.76, MESSAGE QUEUE LENGTH: 0

2025-03-05 03:43:02,998 - INFO - EVENT: Internal Event | LOGICAL TIME: 54 | PHYSICAL TIME: 2025-03-05 03:43:02.99, MESSAGE QUEUE LENGTH: 0

2025-03-05 03:43:03,231 - INFO - EVENT: Internal Event | LOGICAL TIME: 55 | PHYSICAL TIME: 2025-03-05 03:43:03.23, MESSAGE QUEUE LENGTH: 0

2025-03-05 03:43:03,463 - INFO - EVENT: Send Msg | RECIPIENT: 2 | LOGICAL TIME: 56 | PHYSICAL TIME: 2025-03-05 03:43:03.46, MESSAGE QUEUE LENGTH: 0

2025-03-05 03:43:03,666 - INFO - EVENT: Receive Msg | SENDER: 1 | LOGICAL TIME: 57 | PHYSICAL TIME: 2025-03-05 03:43:03.00, MESSAGE QUEUE LENGTH: 1

2025-03-05 03:43:03,915 - INFO - EVENT: Internal Event | LOGICAL TIME: 58 | PHYSICAL TIME: 2025-03-05 03:43:03.91, MESSAGE QUEUE LENGTH: 0

2025-03-05 03:43:04,146 - INFO - EVENT: Internal Event | LOGICAL TIME: 59 | PHYSICAL TIME: 2025-03-05 03:43:04.14, MESSAGE QUEUE LENGTH: 0

2025-03-05 03:43:04,367 - INFO - EVENT: Internal Event | LOGICAL TIME: 60 | PHYSICAL TIME: 2025-03-05 03:43:04.36, MESSAGE QUEUE LENGTH: 0

2025-03-05 03:43:04,611 - INFO - EVENT: Receive Msg | SENDER: 1 | LOGICAL TIME: 61 | PHYSICAL TIME: 2025-03-05 03:43:04.00, MESSAGE QUEUE LENGTH: 1

2025-03-05 03:43:04,899 - INFO - EVENT: Internal Event | LOGICAL TIME: 62 | PHYSICAL TIME: 2025-03-05 03:43:04.89, MESSAGE QUEUE LENGTH: 0

2025-03-05 03:43:05,113 - INFO - EVENT: Send Msg | RECIPIENT: 1 and 2 | LOGICAL TIME: 63 | PHYSICAL TIME: 2025-03-05 03:43:05.11, MESSAGE QUEUE LENGTH: 0

2025-03-05 03:43:05,315 - INFO - EVENT: Send Msg | RECIPIENT: 2 | LOGICAL TIME: 64 | PHYSICAL TIME: 2025-03-05 03:43:05.31, MESSAGE QUEUE LENGTH: 0

2025-03-05 03:43:05,549 - INFO - EVENT: Internal Event | LOGICAL TIME: 65 | PHYSICAL TIME: 2025-03-05 03:43:05.54, MESSAGE QUEUE LENGTH: 0

2025-03-05 03:43:05,817 - INFO - EVENT: Send Msg | RECIPIENT: 1 and 2 | LOGICAL TIME: 66 | PHYSICAL TIME: 2025-03-05 03:43:05.81, MESSAGE QUEUE LENGTH: 0

2025-03-05 03:43:06,063 - INFO - EVENT: Internal Event | LOGICAL TIME: 67 | PHYSICAL TIME: 2025-03-05 03:43:06.06, MESSAGE QUEUE LENGTH: 0

2025-03-05 03:43:06,301 - INFO - EVENT: Internal Event | LOGICAL TIME: 68 | PHYSICAL TIME: 2025-03-05 03:43:06.30, MESSAGE QUEUE LENGTH: 0

2025-03-05 03:43:06,512 - INFO - EVENT: Send Msg | RECIPIENT: 2 | LOGICAL TIME: 69 | PHYSICAL TIME: 2025-03-05 03:43:06.51, MESSAGE QUEUE LENGTH: 0

2025-03-05 03:43:06,782 - INFO - EVENT: Internal Event | LOGICAL TIME: 70 | PHYSICAL TIME: 2025-03-05 03:43:06.78, MESSAGE QUEUE LENGTH: 0

2025-03-05 03:43:06,999 - INFO - EVENT: Send Msg | RECIPIENT: 1 and 2 | LOGICAL TIME: 71 | PHYSICAL TIME: 2025-03-05 03:43:06.99, MESSAGE QUEUE LENGTH: 0

2025-03-05 03:43:07,202 - INFO - EVENT: Internal Event | LOGICAL TIME: 72 | PHYSICAL TIME: 2025-03-05 03:43:07.20, MESSAGE QUEUE LENGTH: 0

2025-03-05 03:43:07,465 - INFO - EVENT: Send Msg | RECIPIENT: 1 and 2 | LOGICAL TIME: 73 | PHYSICAL TIME: 2025-03-05 03:43:07.46, MESSAGE QUEUE LENGTH: 0

2025-03-05 03:43:07,683 - INFO - EVENT: Send Msg | RECIPIENT: 1 and 2 | LOGICAL TIME: 74 | PHYSICAL TIME: 2025-03-05 03:43:07.68, MESSAGE QUEUE LENGTH: 0

2025-03-05 03:43:07,885 - INFO - EVENT: Internal Event | LOGICAL TIME: 75 | PHYSICAL TIME: 2025-03-05 03:43:07.88, MESSAGE QUEUE LENGTH: 0

2025-03-05 03:43:08,102 - INFO - EVENT: Internal Event | LOGICAL TIME: 76 | PHYSICAL TIME: 2025-03-05 03:43:08.10, MESSAGE QUEUE LENGTH: 0

2025-03-05 03:43:08,369 - INFO - EVENT: Send Msg | RECIPIENT: 2 | LOGICAL TIME: 77 | PHYSICAL TIME: 2025-03-05 03:43:08.36, MESSAGE QUEUE LENGTH: 0

2025-03-05 03:43:08,586 - INFO - EVENT: Send Msg | RECIPIENT: 1 | LOGICAL TIME: 78 | PHYSICAL TIME: 2025-03-05 03:43:08.58, MESSAGE QUEUE LENGTH: 0

2025-03-05 03:43:08,819 - INFO - EVENT: Send Msg | RECIPIENT: 1 | LOGICAL TIME: 79 | PHYSICAL TIME: 2025-03-05 03:43:08.81, MESSAGE QUEUE LENGTH: 0

2025-03-05 03:43:09,052 - INFO - EVENT: Internal Event | LOGICAL TIME: 80 | PHYSICAL TIME: 2025-03-05 03:43:09.05, MESSAGE QUEUE LENGTH: 0

2025-03-05 03:43:09,287 - INFO - EVENT: Internal Event | LOGICAL TIME: 81 | PHYSICAL TIME: 2025-03-05 03:43:09.28, MESSAGE QUEUE LENGTH: 0

2025-03-05 03:43:09,504 - INFO - EVENT: Internal Event | LOGICAL TIME: 82 | PHYSICAL TIME: 2025-03-05 03:43:09.50, MESSAGE QUEUE LENGTH: 0

2025-03-05 03:43:09,750 - INFO - EVENT: Internal Event | LOGICAL TIME: 83 | PHYSICAL TIME: 2025-03-05 03:43:09.75, MESSAGE QUEUE LENGTH: 0

2025-03-05 03:43:10,004 - INFO - EVENT: Internal Event | LOGICAL TIME: 84 | PHYSICAL TIME: 2025-03-05 03:43:10.00, MESSAGE QUEUE LENGTH: 0

2025-03-05 03:43:10,220 - INFO - EVENT: Send Msg | RECIPIENT: 2 | LOGICAL TIME: 85 | PHYSICAL TIME: 2025-03-05 03:43:10.22, MESSAGE QUEUE LENGTH: 0

2025-03-05 03:43:10,488 - INFO - EVENT: Receive Msg | SENDER: 1 | LOGICAL TIME: 86 | PHYSICAL TIME: 2025-03-05 03:43:10.00, MESSAGE QUEUE LENGTH: 1

2025-03-05 03:43:10,689 - INFO - EVENT: Send Msg | RECIPIENT: 1 and 2 | LOGICAL TIME: 87 | PHYSICAL TIME: 2025-03-05 03:43:10.68, MESSAGE QUEUE LENGTH: 0

2025-03-05 03:43:10,902 - INFO - EVENT: Send Msg | RECIPIENT: 1 and 2 | LOGICAL TIME: 88 | PHYSICAL TIME: 2025-03-05 03:43:10.90, MESSAGE QUEUE LENGTH: 0

2025-03-05 03:43:11,154 - INFO - EVENT: Send Msg | RECIPIENT: 2 | LOGICAL TIME: 89 | PHYSICAL TIME: 2025-03-05 03:43:11.15, MESSAGE QUEUE LENGTH: 0

2025-03-05 03:43:11,416 - INFO - EVENT: Internal Event | LOGICAL TIME: 90 | PHYSICAL TIME: 2025-03-05 03:43:11.41, MESSAGE QUEUE LENGTH: 0

2025-03-05 03:43:11,702 - INFO - EVENT: Internal Event | LOGICAL TIME: 91 | PHYSICAL TIME: 2025-03-05 03:43:11.70, MESSAGE QUEUE LENGTH: 0

2025-03-05 03:43:12,021 - INFO - EVENT: Send Msg | RECIPIENT: 1 and 2 | LOGICAL TIME: 92 | PHYSICAL TIME: 2025-03-05 03:43:12.02, MESSAGE QUEUE LENGTH: 0

2025-03-05 03:43:12,239 - INFO - EVENT: Send Msg | RECIPIENT: 1 and 2 | LOGICAL TIME: 93 | PHYSICAL TIME: 2025-03-05 03:43:12.23, MESSAGE QUEUE LENGTH: 0

2025-03-05 03:43:12,456 - INFO - EVENT: Send Msg | RECIPIENT: 1 | LOGICAL TIME: 94 | PHYSICAL TIME: 2025-03-05 03:43:12.45, MESSAGE QUEUE LENGTH: 0

2025-03-05 03:43:12,819 - INFO - EVENT: Internal Event | LOGICAL TIME: 95 | PHYSICAL TIME: 2025-03-05 03:43:12.81, MESSAGE QUEUE LENGTH: 0

2025-03-05 03:43:13,024 - INFO - EVENT: Send Msg | RECIPIENT: 2 | LOGICAL TIME: 96 | PHYSICAL TIME: 2025-03-05 03:43:13.02, MESSAGE QUEUE LENGTH: 0

2025-03-05 03:43:13,304 - INFO - EVENT: Internal Event | LOGICAL TIME: 97 | PHYSICAL TIME: 2025-03-05 03:43:13.30, MESSAGE QUEUE LENGTH: 0

2025-03-05 03:43:13,507 - INFO - EVENT: Send Msg | RECIPIENT: 1 and 2 | LOGICAL TIME: 98 | PHYSICAL TIME: 2025-03-05 03:43:13.50, MESSAGE QUEUE LENGTH: 0

2025-03-05 03:43:13,722 - INFO - EVENT: Internal Event | LOGICAL TIME: 99 | PHYSICAL TIME: 2025-03-05 03:43:13.72, MESSAGE QUEUE LENGTH: 0

2025-03-05 03:43:13,923 - INFO - EVENT: Internal Event | LOGICAL TIME: 100 | PHYSICAL TIME: 2025-03-05 03:43:13.92, MESSAGE QUEUE LENGTH: 0

2025-03-05 03:43:14,156 - INFO - EVENT: Send Msg | RECIPIENT: 1 | LOGICAL TIME: 101 | PHYSICAL TIME: 2025-03-05 03:43:14.15, MESSAGE QUEUE LENGTH: 0

2025-03-05 03:43:14,358 - INFO - EVENT: Internal Event | LOGICAL TIME: 102 | PHYSICAL TIME: 2025-03-05 03:43:14.35, MESSAGE QUEUE LENGTH: 0

2025-03-05 03:43:14,606 - INFO - EVENT: Send Msg | RECIPIENT: 1 | LOGICAL TIME: 103 | PHYSICAL TIME: 2025-03-05 03:43:14.60, MESSAGE QUEUE LENGTH: 0

2025-03-05 03:43:14,857 - INFO - EVENT: Internal Event | LOGICAL TIME: 104 | PHYSICAL TIME: 2025-03-05 03:43:14.85, MESSAGE QUEUE LENGTH: 0

2025-03-05 03:43:15,108 - INFO - EVENT: Internal Event | LOGICAL TIME: 105 | PHYSICAL TIME: 2025-03-05 03:43:15.10, MESSAGE QUEUE LENGTH: 0

2025-03-05 03:43:15,422 - INFO - EVENT: Internal Event | LOGICAL TIME: 106 | PHYSICAL TIME: 2025-03-05 03:43:15.42, MESSAGE QUEUE LENGTH: 0

2025-03-05 03:43:15,626 - INFO - EVENT: Receive Msg | SENDER: 1 | LOGICAL TIME: 107 | PHYSICAL TIME: 2025-03-05 03:43:15.00, MESSAGE QUEUE LENGTH: 1

2025-03-05 03:43:15,905 - INFO - EVENT: Send Msg | RECIPIENT: 2 | LOGICAL TIME: 108 | PHYSICAL TIME: 2025-03-05 03:43:15.90, MESSAGE QUEUE LENGTH: 0

2025-03-05 03:43:16,188 - INFO - EVENT: Internal Event | LOGICAL TIME: 109 | PHYSICAL TIME: 2025-03-05 03:43:16.18, MESSAGE QUEUE LENGTH: 0

2025-03-05 03:43:16,423 - INFO - EVENT: Send Msg | RECIPIENT: 1 and 2 | LOGICAL TIME: 110 | PHYSICAL TIME: 2025-03-05 03:43:16.42, MESSAGE QUEUE LENGTH: 0

2025-03-05 03:43:16,672 - INFO - EVENT: Receive Msg | SENDER: 1 | LOGICAL TIME: 111 | PHYSICAL TIME: 2025-03-05 03:43:16.00, MESSAGE QUEUE LENGTH: 1

2025-03-05 03:43:16,906 - INFO - EVENT: Internal Event | LOGICAL TIME: 112 | PHYSICAL TIME: 2025-03-05 03:43:16.90, MESSAGE QUEUE LENGTH: 0

2025-03-05 03:43:17,111 - INFO - EVENT: Internal Event | LOGICAL TIME: 113 | PHYSICAL TIME: 2025-03-05 03:43:17.11, MESSAGE QUEUE LENGTH: 0

2025-03-05 03:43:17,342 - INFO - EVENT: Internal Event | LOGICAL TIME: 114 | PHYSICAL TIME: 2025-03-05 03:43:17.34, MESSAGE QUEUE LENGTH: 0

2025-03-05 03:43:17,544 - INFO - EVENT: Send Msg | RECIPIENT: 1 and 2 | LOGICAL TIME: 115 | PHYSICAL TIME: 2025-03-05 03:43:17.54, MESSAGE QUEUE LENGTH: 0

2025-03-05 03:43:17,773 - INFO - EVENT: Receive Msg | SENDER: 1 | LOGICAL TIME: 116 | PHYSICAL TIME: 2025-03-05 03:43:17.00, MESSAGE QUEUE LENGTH: 1

2025-03-05 03:43:18,045 - INFO - EVENT: Internal Event | LOGICAL TIME: 117 | PHYSICAL TIME: 2025-03-05 03:43:18.04, MESSAGE QUEUE LENGTH: 0

2025-03-05 03:43:18,327 - INFO - EVENT: Send Msg | RECIPIENT: 1 | LOGICAL TIME: 118 | PHYSICAL TIME: 2025-03-05 03:43:18.32, MESSAGE QUEUE LENGTH: 0

2025-03-05 03:43:18,545 - INFO - EVENT: Internal Event | LOGICAL TIME: 119 | PHYSICAL TIME: 2025-03-05 03:43:18.54, MESSAGE QUEUE LENGTH: 0

2025-03-05 03:43:18,759 - INFO - EVENT: Internal Event | LOGICAL TIME: 120 | PHYSICAL TIME: 2025-03-05 03:43:18.75, MESSAGE QUEUE LENGTH: 0

2025-03-05 03:43:18,963 - INFO - EVENT: Internal Event | LOGICAL TIME: 121 | PHYSICAL TIME: 2025-03-05 03:43:18.96, MESSAGE QUEUE LENGTH: 0

2025-03-05 03:43:19,228 - INFO - EVENT: Internal Event | LOGICAL TIME: 122 | PHYSICAL TIME: 2025-03-05 03:43:19.22, MESSAGE QUEUE LENGTH: 0

2025-03-05 03:43:19,442 - INFO - EVENT: Receive Msg | SENDER: 1 | LOGICAL TIME: 123 | PHYSICAL TIME: 2025-03-05 03:43:19.00, MESSAGE QUEUE LENGTH: 1

2025-03-05 03:43:19,645 - INFO - EVENT: Send Msg | RECIPIENT: 2 | LOGICAL TIME: 124 | PHYSICAL TIME: 2025-03-05 03:43:19.64, MESSAGE QUEUE LENGTH: 0

2025-03-05 03:43:19,975 - INFO - EVENT: Internal Event | LOGICAL TIME: 125 | PHYSICAL TIME: 2025-03-05 03:43:19.97, MESSAGE QUEUE LENGTH: 0

2025-03-05 03:43:20,177 - INFO - EVENT: Internal Event | LOGICAL TIME: 126 | PHYSICAL TIME: 2025-03-05 03:43:20.17, MESSAGE QUEUE LENGTH: 0

2025-03-05 03:43:20,380 - INFO - EVENT: Receive Msg | SENDER: 1 | LOGICAL TIME: 127 | PHYSICAL TIME: 2025-03-05 03:43:20.00, MESSAGE QUEUE LENGTH: 1

2025-03-05 03:43:20,596 - INFO - EVENT: Internal Event | LOGICAL TIME: 128 | PHYSICAL TIME: 2025-03-05 03:43:20.59, MESSAGE QUEUE LENGTH: 0

2025-03-05 03:43:21,013 - INFO - EVENT: Internal Event | LOGICAL TIME: 129 | PHYSICAL TIME: 2025-03-05 03:43:21.01, MESSAGE QUEUE LENGTH: 0

2025-03-05 03:43:21,295 - INFO - EVENT: Send Msg | RECIPIENT: 1 and 2 | LOGICAL TIME: 130 | PHYSICAL TIME: 2025-03-05 03:43:21.29, MESSAGE QUEUE LENGTH: 0

2025-03-05 03:43:21,564 - INFO - EVENT: Internal Event | LOGICAL TIME: 131 | PHYSICAL TIME: 2025-03-05 03:43:21.56, MESSAGE QUEUE LENGTH: 0

2025-03-05 03:43:21,846 - INFO - EVENT: Send Msg | RECIPIENT: 1 | LOGICAL TIME: 132 | PHYSICAL TIME: 2025-03-05 03:43:21.84, MESSAGE QUEUE LENGTH: 0

2025-03-05 03:43:22,048 - INFO - EVENT: Internal Event | LOGICAL TIME: 133 | PHYSICAL TIME: 2025-03-05 03:43:22.04, MESSAGE QUEUE LENGTH: 0

2025-03-05 03:43:22,311 - INFO - EVENT: Internal Event | LOGICAL TIME: 134 | PHYSICAL TIME: 2025-03-05 03:43:22.31, MESSAGE QUEUE LENGTH: 0

2025-03-05 03:43:22,616 - INFO - EVENT: Send Msg | RECIPIENT: 1 | LOGICAL TIME: 135 | PHYSICAL TIME: 2025-03-05 03:43:22.61, MESSAGE QUEUE LENGTH: 0

2025-03-05 03:43:22,831 - INFO - EVENT: Send Msg | RECIPIENT: 2 | LOGICAL TIME: 136 | PHYSICAL TIME: 2025-03-05 03:43:22.83, MESSAGE QUEUE LENGTH: 0

2025-03-05 03:43:23,115 - INFO - EVENT: Internal Event | LOGICAL TIME: 137 | PHYSICAL TIME: 2025-03-05 03:43:23.11, MESSAGE QUEUE LENGTH: 0

2025-03-05 03:43:23,315 - INFO - EVENT: Internal Event | LOGICAL TIME: 138 | PHYSICAL TIME: 2025-03-05 03:43:23.31, MESSAGE QUEUE LENGTH: 0

2025-03-05 03:43:23,547 - INFO - EVENT: Send Msg | RECIPIENT: 2 | LOGICAL TIME: 139 | PHYSICAL TIME: 2025-03-05 03:43:23.54, MESSAGE QUEUE LENGTH: 0

2025-03-05 03:43:23,765 - INFO - EVENT: Send Msg | RECIPIENT: 1 | LOGICAL TIME: 140 | PHYSICAL TIME: 2025-03-05 03:43:23.76, MESSAGE QUEUE LENGTH: 0

2025-03-05 03:43:24,030 - INFO - EVENT: Receive Msg | SENDER: 1 | LOGICAL TIME: 141 | PHYSICAL TIME: 2025-03-05 03:43:23.00, MESSAGE QUEUE LENGTH: 1

2025-03-05 03:43:24,259 - INFO - EVENT: Send Msg | RECIPIENT: 1 and 2 | LOGICAL TIME: 142 | PHYSICAL TIME: 2025-03-05 03:43:24.25, MESSAGE QUEUE LENGTH: 0

2025-03-05 03:43:24,483 - INFO - EVENT: Internal Event | LOGICAL TIME: 143 | PHYSICAL TIME: 2025-03-05 03:43:24.48, MESSAGE QUEUE LENGTH: 0

2025-03-05 03:43:24,715 - INFO - EVENT: Internal Event | LOGICAL TIME: 144 | PHYSICAL TIME: 2025-03-05 03:43:24.71, MESSAGE QUEUE LENGTH: 0

2025-03-05 03:43:25,031 - INFO - EVENT: Internal Event | LOGICAL TIME: 145 | PHYSICAL TIME: 2025-03-05 03:43:25.03, MESSAGE QUEUE LENGTH: 0

2025-03-05 03:43:25,283 - INFO - EVENT: Internal Event | LOGICAL TIME: 146 | PHYSICAL TIME: 2025-03-05 03:43:25.28, MESSAGE QUEUE LENGTH: 0

2025-03-05 03:43:25,500 - INFO - EVENT: Internal Event | LOGICAL TIME: 147 | PHYSICAL TIME: 2025-03-05 03:43:25.50, MESSAGE QUEUE LENGTH: 0

2025-03-05 03:43:25,750 - INFO - EVENT: Internal Event | LOGICAL TIME: 148 | PHYSICAL TIME: 2025-03-05 03:43:25.75, MESSAGE QUEUE LENGTH: 0

2025-03-05 03:43:25,978 - INFO - EVENT: Internal Event | LOGICAL TIME: 149 | PHYSICAL TIME: 2025-03-05 03:43:25.97, MESSAGE QUEUE LENGTH: 0

2025-03-05 03:43:26,234 - INFO - EVENT: Receive Msg | SENDER: 1 | LOGICAL TIME: 150 | PHYSICAL TIME: 2025-03-05 03:43:25.00, MESSAGE QUEUE LENGTH: 1

2025-03-05 03:43:26,479 - INFO - EVENT: Internal Event | LOGICAL TIME: 151 | PHYSICAL TIME: 2025-03-05 03:43:26.47, MESSAGE QUEUE LENGTH: 0

2025-03-05 03:43:26,783 - INFO - EVENT: Send Msg | RECIPIENT: 1 | LOGICAL TIME: 152 | PHYSICAL TIME: 2025-03-05 03:43:26.78, MESSAGE QUEUE LENGTH: 0

2025-03-05 03:43:27,234 - INFO - EVENT: Internal Event | LOGICAL TIME: 153 | PHYSICAL TIME: 2025-03-05 03:43:27.23, MESSAGE QUEUE LENGTH: 0

2025-03-05 03:43:27,497 - INFO - EVENT: Internal Event | LOGICAL TIME: 154 | PHYSICAL TIME: 2025-03-05 03:43:27.49, MESSAGE QUEUE LENGTH: 0

2025-03-05 03:43:27,703 - INFO - EVENT: Receive Msg | SENDER: 1 | LOGICAL TIME: 155 | PHYSICAL TIME: 2025-03-05 03:43:27.00, MESSAGE QUEUE LENGTH: 1

2025-03-05 03:43:27,916 - INFO - EVENT: Internal Event | LOGICAL TIME: 156 | PHYSICAL TIME: 2025-03-05 03:43:27.91, MESSAGE QUEUE LENGTH: 0

2025-03-05 03:43:28,167 - INFO - EVENT: Internal Event | LOGICAL TIME: 157 | PHYSICAL TIME: 2025-03-05 03:43:28.16, MESSAGE QUEUE LENGTH: 0

2025-03-05 03:43:28,370 - INFO - EVENT: Internal Event | LOGICAL TIME: 158 | PHYSICAL TIME: 2025-03-05 03:43:28.37, MESSAGE QUEUE LENGTH: 0

2025-03-05 03:43:28,586 - INFO - EVENT: Send Msg | RECIPIENT: 1 | LOGICAL TIME: 159 | PHYSICAL TIME: 2025-03-05 03:43:28.58, MESSAGE QUEUE LENGTH: 0

2025-03-05 03:43:28,803 - INFO - EVENT: Receive Msg | SENDER: 1 | LOGICAL TIME: 160 | PHYSICAL TIME: 2025-03-05 03:43:28.00, MESSAGE QUEUE LENGTH: 1

2025-03-05 03:43:29,015 - INFO - EVENT: Internal Event | LOGICAL TIME: 161 | PHYSICAL TIME: 2025-03-05 03:43:29.01, MESSAGE QUEUE LENGTH: 0

2025-03-05 03:43:29,302 - INFO - EVENT: Send Msg | RECIPIENT: 1 | LOGICAL TIME: 162 | PHYSICAL TIME: 2025-03-05 03:43:29.30, MESSAGE QUEUE LENGTH: 0

2025-03-05 03:43:29,516 - INFO - EVENT: Internal Event | LOGICAL TIME: 163 | PHYSICAL TIME: 2025-03-05 03:43:29.51, MESSAGE QUEUE LENGTH: 0

2025-03-05 03:43:29,719 - INFO - EVENT: Send Msg | RECIPIENT: 1 | LOGICAL TIME: 164 | PHYSICAL TIME: 2025-03-05 03:43:29.71, MESSAGE QUEUE LENGTH: 0

2025-03-05 03:43:30,053 - INFO - EVENT: Send Msg | RECIPIENT: 2 | LOGICAL TIME: 165 | PHYSICAL TIME: 2025-03-05 03:43:30.05, MESSAGE QUEUE LENGTH: 0

2025-03-05 03:43:30,272 - INFO - EVENT: Send Msg | RECIPIENT: 1 | LOGICAL TIME: 166 | PHYSICAL TIME: 2025-03-05 03:43:30.27, MESSAGE QUEUE LENGTH: 0

2025-03-05 03:43:30,549 - INFO - EVENT: Internal Event | LOGICAL TIME: 167 | PHYSICAL TIME: 2025-03-05 03:43:30.54, MESSAGE QUEUE LENGTH: 0

2025-03-05 03:43:30,803 - INFO - EVENT: Internal Event | LOGICAL TIME: 168 | PHYSICAL TIME: 2025-03-05 03:43:30.80, MESSAGE QUEUE LENGTH: 0

2025-03-05 03:43:31,013 - INFO - EVENT: Internal Event | LOGICAL TIME: 169 | PHYSICAL TIME: 2025-03-05 03:43:31.01, MESSAGE QUEUE LENGTH: 0

2025-03-05 03:43:31,371 - INFO - EVENT: Send Msg | RECIPIENT: 1 | LOGICAL TIME: 170 | PHYSICAL TIME: 2025-03-05 03:43:31.37, MESSAGE QUEUE LENGTH: 0

2025-03-05 03:43:31,638 - INFO - EVENT: Send Msg | RECIPIENT: 1 and 2 | LOGICAL TIME: 171 | PHYSICAL TIME: 2025-03-05 03:43:31.63, MESSAGE QUEUE LENGTH: 0

2025-03-05 03:43:31,905 - INFO - EVENT: Internal Event | LOGICAL TIME: 172 | PHYSICAL TIME: 2025-03-05 03:43:31.90, MESSAGE QUEUE LENGTH: 0

2025-03-05 03:43:32,139 - INFO - EVENT: Internal Event | LOGICAL TIME: 173 | PHYSICAL TIME: 2025-03-05 03:43:32.13, MESSAGE QUEUE LENGTH: 0

2025-03-05 03:43:32,372 - INFO - EVENT: Send Msg | RECIPIENT: 1 and 2 | LOGICAL TIME: 174 | PHYSICAL TIME: 2025-03-05 03:43:32.37, MESSAGE QUEUE LENGTH: 0

2025-03-05 03:43:32,605 - INFO - EVENT: Internal Event | LOGICAL TIME: 175 | PHYSICAL TIME: 2025-03-05 03:43:32.60, MESSAGE QUEUE LENGTH: 0

2025-03-05 03:43:32,806 - INFO - EVENT: Internal Event | LOGICAL TIME: 176 | PHYSICAL TIME: 2025-03-05 03:43:32.80, MESSAGE QUEUE LENGTH: 0

2025-03-05 03:43:33,040 - INFO - EVENT: Internal Event | LOGICAL TIME: 177 | PHYSICAL TIME: 2025-03-05 03:43:33.04, MESSAGE QUEUE LENGTH: 0

2025-03-05 03:43:33,252 - INFO - EVENT: Internal Event | LOGICAL TIME: 178 | PHYSICAL TIME: 2025-03-05 03:43:33.25, MESSAGE QUEUE LENGTH: 0

2025-03-05 03:43:33,486 - INFO - EVENT: Internal Event | LOGICAL TIME: 179 | PHYSICAL TIME: 2025-03-05 03:43:33.48, MESSAGE QUEUE LENGTH: 0

2025-03-05 03:43:33,691 - INFO - EVENT: Receive Msg | SENDER: 1 | LOGICAL TIME: 180 | PHYSICAL TIME: 2025-03-05 03:43:33.00, MESSAGE QUEUE LENGTH: 1

2025-03-05 03:43:33,940 - INFO - EVENT: Send Msg | RECIPIENT: 2 | LOGICAL TIME: 181 | PHYSICAL TIME: 2025-03-05 03:43:33.94, MESSAGE QUEUE LENGTH: 0

2025-03-05 03:43:34,189 - INFO - EVENT: Send Msg | RECIPIENT: 2 | LOGICAL TIME: 182 | PHYSICAL TIME: 2025-03-05 03:43:34.18, MESSAGE QUEUE LENGTH: 0

2025-03-05 03:43:34,423 - INFO - EVENT: Receive Msg | SENDER: 1 | LOGICAL TIME: 183 | PHYSICAL TIME: 2025-03-05 03:43:34.00, MESSAGE QUEUE LENGTH: 1

2025-03-05 03:43:34,656 - INFO - EVENT: Internal Event | LOGICAL TIME: 184 | PHYSICAL TIME: 2025-03-05 03:43:34.65, MESSAGE QUEUE LENGTH: 0

2025-03-05 03:43:34,859 - INFO - EVENT: Receive Msg | SENDER: 1 | LOGICAL TIME: 185 | PHYSICAL TIME: 2025-03-05 03:43:34.00, MESSAGE QUEUE LENGTH: 1

2025-03-05 03:43:35,090 - INFO - EVENT: Send Msg | RECIPIENT: 1 | LOGICAL TIME: 186 | PHYSICAL TIME: 2025-03-05 03:43:35.09, MESSAGE QUEUE LENGTH: 0

2025-03-05 03:43:35,306 - INFO - EVENT: Internal Event | LOGICAL TIME: 187 | PHYSICAL TIME: 2025-03-05 03:43:35.30, MESSAGE QUEUE LENGTH: 0

2025-03-05 03:43:35,521 - INFO - EVENT: Send Msg | RECIPIENT: 2 | LOGICAL TIME: 188 | PHYSICAL TIME: 2025-03-05 03:43:35.52, MESSAGE QUEUE LENGTH: 0

2025-03-05 03:43:35,873 - INFO - EVENT: Internal Event | LOGICAL TIME: 189 | PHYSICAL TIME: 2025-03-05 03:43:35.87, MESSAGE QUEUE LENGTH: 0

2025-03-05 03:43:36,075 - INFO - EVENT: Internal Event | LOGICAL TIME: 190 | PHYSICAL TIME: 2025-03-05 03:43:36.07, MESSAGE QUEUE LENGTH: 0

2025-03-05 03:43:36,291 - INFO - EVENT: Internal Event | LOGICAL TIME: 191 | PHYSICAL TIME: 2025-03-05 03:43:36.29, MESSAGE QUEUE LENGTH: 0

2025-03-05 03:43:36,509 - INFO - EVENT: Receive Msg | SENDER: 1 | LOGICAL TIME: 192 | PHYSICAL TIME: 2025-03-05 03:43:36.00, MESSAGE QUEUE LENGTH: 1

2025-03-05 03:43:36,726 - INFO - EVENT: Internal Event | LOGICAL TIME: 193 | PHYSICAL TIME: 2025-03-05 03:43:36.72, MESSAGE QUEUE LENGTH: 0

2025-03-05 03:43:36,942 - INFO - EVENT: Send Msg | RECIPIENT: 2 | LOGICAL TIME: 194 | PHYSICAL TIME: 2025-03-05 03:43:36.94, MESSAGE QUEUE LENGTH: 0

2025-03-05 03:43:37,144 - INFO - EVENT: Internal Event | LOGICAL TIME: 195 | PHYSICAL TIME: 2025-03-05 03:43:37.14, MESSAGE QUEUE LENGTH: 0

2025-03-05 03:43:37,350 - INFO - EVENT: Internal Event | LOGICAL TIME: 196 | PHYSICAL TIME: 2025-03-05 03:43:37.35, MESSAGE QUEUE LENGTH: 0

2025-03-05 03:43:37,576 - INFO - EVENT: Send Msg | RECIPIENT: 1 and 2 | LOGICAL TIME: 197 | PHYSICAL TIME: 2025-03-05 03:43:37.57, MESSAGE QUEUE LENGTH: 0

2025-03-05 03:43:37,809 - INFO - EVENT: Send Msg | RECIPIENT: 1 and 2 | LOGICAL TIME: 198 | PHYSICAL TIME: 2025-03-05 03:43:37.80, MESSAGE QUEUE LENGTH: 0

2025-03-05 03:43:38,043 - INFO - EVENT: Internal Event | LOGICAL TIME: 199 | PHYSICAL TIME: 2025-03-05 03:43:38.04, MESSAGE QUEUE LENGTH: 0

2025-03-05 03:43:38,277 - INFO - EVENT: Send Msg | RECIPIENT: 2 | LOGICAL TIME: 200 | PHYSICAL TIME: 2025-03-05 03:43:38.27, MESSAGE QUEUE LENGTH: 0

2025-03-05 03:43:38,511 - INFO - EVENT: Internal Event | LOGICAL TIME: 201 | PHYSICAL TIME: 2025-03-05 03:43:38.51, MESSAGE QUEUE LENGTH: 0

2025-03-05 03:43:38,744 - INFO - EVENT: Send Msg | RECIPIENT: 2 | LOGICAL TIME: 202 | PHYSICAL TIME: 2025-03-05 03:43:38.74, MESSAGE QUEUE LENGTH: 0

2025-03-05 03:43:38,992 - INFO - EVENT: Receive Msg | SENDER: 1 | LOGICAL TIME: 203 | PHYSICAL TIME: 2025-03-05 03:43:38.00, MESSAGE QUEUE LENGTH: 1

2025-03-05 03:43:39,393 - INFO - EVENT: Internal Event | LOGICAL TIME: 204 | PHYSICAL TIME: 2025-03-05 03:43:39.39, MESSAGE QUEUE LENGTH: 0

2025-03-05 03:43:39,596 - INFO - EVENT: Internal Event | LOGICAL TIME: 205 | PHYSICAL TIME: 2025-03-05 03:43:39.59, MESSAGE QUEUE LENGTH: 0

2025-03-05 03:43:39,810 - INFO - EVENT: Internal Event | LOGICAL TIME: 206 | PHYSICAL TIME: 2025-03-05 03:43:39.81, MESSAGE QUEUE LENGTH: 0

2025-03-05 03:43:40,046 - INFO - EVENT: Send Msg | RECIPIENT: 1 | LOGICAL TIME: 207 | PHYSICAL TIME: 2025-03-05 03:43:40.04, MESSAGE QUEUE LENGTH: 0

2025-03-05 03:43:40,274 - INFO - EVENT: Internal Event | LOGICAL TIME: 208 | PHYSICAL TIME: 2025-03-05 03:43:40.27, MESSAGE QUEUE LENGTH: 0

2025-03-05 03:43:40,495 - INFO - EVENT: Internal Event | LOGICAL TIME: 209 | PHYSICAL TIME: 2025-03-05 03:43:40.49, MESSAGE QUEUE LENGTH: 0

2025-03-05 03:43:40,778 - INFO - EVENT: Send Msg | RECIPIENT: 1 and 2 | LOGICAL TIME: 210 | PHYSICAL TIME: 2025-03-05 03:43:40.77, MESSAGE QUEUE LENGTH: 0

2025-03-05 03:43:41,012 - INFO - EVENT: Internal Event | LOGICAL TIME: 211 | PHYSICAL TIME: 2025-03-05 03:43:41.01, MESSAGE QUEUE LENGTH: 0

2025-03-05 03:43:41,245 - INFO - EVENT: Internal Event | LOGICAL TIME: 212 | PHYSICAL TIME: 2025-03-05 03:43:41.24, MESSAGE QUEUE LENGTH: 0

2025-03-05 03:43:41,477 - INFO - EVENT: Send Msg | RECIPIENT: 2 | LOGICAL TIME: 213 | PHYSICAL TIME: 2025-03-05 03:43:41.47, MESSAGE QUEUE LENGTH: 0

2025-03-05 03:43:41,679 - INFO - EVENT: Receive Msg | SENDER: 1 | LOGICAL TIME: 214 | PHYSICAL TIME: 2025-03-05 03:43:41.00, MESSAGE QUEUE LENGTH: 1

2025-03-05 03:43:42,132 - INFO - EVENT: Send Msg | RECIPIENT: 1 and 2 | LOGICAL TIME: 215 | PHYSICAL TIME: 2025-03-05 03:43:42.13, MESSAGE QUEUE LENGTH: 0

2025-03-05 03:43:42,348 - INFO - EVENT: Internal Event | LOGICAL TIME: 216 | PHYSICAL TIME: 2025-03-05 03:43:42.34, MESSAGE QUEUE LENGTH: 0

2025-03-05 03:43:42,597 - INFO - EVENT: Internal Event | LOGICAL TIME: 217 | PHYSICAL TIME: 2025-03-05 03:43:42.59, MESSAGE QUEUE LENGTH: 0

2025-03-05 03:43:42,812 - INFO - EVENT: Internal Event | LOGICAL TIME: 218 | PHYSICAL TIME: 2025-03-05 03:43:42.81, MESSAGE QUEUE LENGTH: 0

2025-03-05 03:43:43,015 - INFO - EVENT: Send Msg | RECIPIENT: 1 | LOGICAL TIME: 219 | PHYSICAL TIME: 2025-03-05 03:43:43.01, MESSAGE QUEUE LENGTH: 0

2025-03-05 03:43:43,343 - INFO - EVENT: Send Msg | RECIPIENT: 1 and 2 | LOGICAL TIME: 220 | PHYSICAL TIME: 2025-03-05 03:43:43.34, MESSAGE QUEUE LENGTH: 0

2025-03-05 03:43:43,598 - INFO - EVENT: Send Msg | RECIPIENT: 1 | LOGICAL TIME: 221 | PHYSICAL TIME: 2025-03-05 03:43:43.59, MESSAGE QUEUE LENGTH: 0

2025-03-05 03:43:43,813 - INFO - EVENT: Internal Event | LOGICAL TIME: 222 | PHYSICAL TIME: 2025-03-05 03:43:43.81, MESSAGE QUEUE LENGTH: 0

2025-03-05 03:43:44,046 - INFO - EVENT: Internal Event | LOGICAL TIME: 223 | PHYSICAL TIME: 2025-03-05 03:43:44.04, MESSAGE QUEUE LENGTH: 0

2025-03-05 03:43:44,330 - INFO - EVENT: Send Msg | RECIPIENT: 2 | LOGICAL TIME: 224 | PHYSICAL TIME: 2025-03-05 03:43:44.33, MESSAGE QUEUE LENGTH: 0

2025-03-05 03:43:44,648 - INFO - EVENT: Internal Event | LOGICAL TIME: 225 | PHYSICAL TIME: 2025-03-05 03:43:44.64, MESSAGE QUEUE LENGTH: 0

2025-03-05 03:43:44,849 - INFO - EVENT: Internal Event | LOGICAL TIME: 226 | PHYSICAL TIME: 2025-03-05 03:43:44.84, MESSAGE QUEUE LENGTH: 0

2025-03-05 03:43:45,181 - INFO - EVENT: Internal Event | LOGICAL TIME: 227 | PHYSICAL TIME: 2025-03-05 03:43:45.18, MESSAGE QUEUE LENGTH: 0

2025-03-05 03:43:45,383 - INFO - EVENT: Internal Event | LOGICAL TIME: 228 | PHYSICAL TIME: 2025-03-05 03:43:45.38, MESSAGE QUEUE LENGTH: 0

2025-03-05 03:43:45,585 - INFO - EVENT: Internal Event | LOGICAL TIME: 229 | PHYSICAL TIME: 2025-03-05 03:43:45.58, MESSAGE QUEUE LENGTH: 0

2025-03-05 03:43:45,834 - INFO - EVENT: Internal Event | LOGICAL TIME: 230 | PHYSICAL TIME: 2025-03-05 03:43:45.83, MESSAGE QUEUE LENGTH: 0

2025-03-05 03:43:46,075 - INFO - EVENT: Send Msg | RECIPIENT: 1 | LOGICAL TIME: 231 | PHYSICAL TIME: 2025-03-05 03:43:46.07, MESSAGE QUEUE LENGTH: 0

2025-03-05 03:43:46,284 - INFO - EVENT: Internal Event | LOGICAL TIME: 232 | PHYSICAL TIME: 2025-03-05 03:43:46.28, MESSAGE QUEUE LENGTH: 0

2025-03-05 03:43:46,485 - INFO - EVENT: Send Msg | RECIPIENT: 1 | LOGICAL TIME: 233 | PHYSICAL TIME: 2025-03-05 03:43:46.48, MESSAGE QUEUE LENGTH: 0

2025-03-05 03:43:46,763 - INFO - EVENT: Internal Event | LOGICAL TIME: 234 | PHYSICAL TIME: 2025-03-05 03:43:46.76, MESSAGE QUEUE LENGTH: 0

2025-03-05 03:43:46,966 - INFO - EVENT: Internal Event | LOGICAL TIME: 235 | PHYSICAL TIME: 2025-03-05 03:43:46.96, MESSAGE QUEUE LENGTH: 0

2025-03-05 03:43:47,180 - INFO - EVENT: Send Msg | RECIPIENT: 2 | LOGICAL TIME: 236 | PHYSICAL TIME: 2025-03-05 03:43:47.18, MESSAGE QUEUE LENGTH: 0

2025-03-05 03:43:47,389 - INFO - EVENT: Internal Event | LOGICAL TIME: 237 | PHYSICAL TIME: 2025-03-05 03:43:47.38, MESSAGE QUEUE LENGTH: 0

2025-03-05 03:43:47,630 - INFO - EVENT: Send Msg | RECIPIENT: 1 and 2 | LOGICAL TIME: 238 | PHYSICAL TIME: 2025-03-05 03:43:47.63, MESSAGE QUEUE LENGTH: 0

2025-03-05 03:43:47,865 - INFO - EVENT: Send Msg | RECIPIENT: 1 and 2 | LOGICAL TIME: 239 | PHYSICAL TIME: 2025-03-05 03:43:47.86, MESSAGE QUEUE LENGTH: 0

2025-03-05 03:43:48,069 - INFO - EVENT: Internal Event | LOGICAL TIME: 240 | PHYSICAL TIME: 2025-03-05 03:43:48.06, MESSAGE QUEUE LENGTH: 0

2025-03-05 03:43:48,302 - INFO - EVENT: Internal Event | LOGICAL TIME: 241 | PHYSICAL TIME: 2025-03-05 03:43:48.30, MESSAGE QUEUE LENGTH: 0

2025-03-05 03:43:48,553 - INFO - EVENT: Internal Event | LOGICAL TIME: 242 | PHYSICAL TIME: 2025-03-05 03:43:48.55, MESSAGE QUEUE LENGTH: 0

2025-03-05 03:43:48,767 - INFO - EVENT: Send Msg | RECIPIENT: 1 and 2 | LOGICAL TIME: 243 | PHYSICAL TIME: 2025-03-05 03:43:48.76, MESSAGE QUEUE LENGTH: 0

2025-03-05 03:43:48,968 - INFO - EVENT: Send Msg | RECIPIENT: 1 and 2 | LOGICAL TIME: 244 | PHYSICAL TIME: 2025-03-05 03:43:48.96, MESSAGE QUEUE LENGTH: 0

2025-03-05 03:43:49,265 - INFO - EVENT: Internal Event | LOGICAL TIME: 245 | PHYSICAL TIME: 2025-03-05 03:43:49.26, MESSAGE QUEUE LENGTH: 0

2025-03-05 03:43:49,485 - INFO - EVENT: Internal Event | LOGICAL TIME: 246 | PHYSICAL TIME: 2025-03-05 03:43:49.48, MESSAGE QUEUE LENGTH: 0

2025-03-05 03:43:49,704 - INFO - EVENT: Internal Event | LOGICAL TIME: 247 | PHYSICAL TIME: 2025-03-05 03:43:49.70, MESSAGE QUEUE LENGTH: 0

2025-03-05 03:43:49,935 - INFO - EVENT: Internal Event | LOGICAL TIME: 248 | PHYSICAL TIME: 2025-03-05 03:43:49.93, MESSAGE QUEUE LENGTH: 0

2025-03-05 03:43:50,286 - INFO - EVENT: Send Msg | RECIPIENT: 1 and 2 | LOGICAL TIME: 249 | PHYSICAL TIME: 2025-03-05 03:43:50.28, MESSAGE QUEUE LENGTH: 0

2025-03-05 03:43:50,551 - INFO - EVENT: Internal Event | LOGICAL TIME: 250 | PHYSICAL TIME: 2025-03-05 03:43:50.55, MESSAGE QUEUE LENGTH: 0

2025-03-05 03:43:50,822 - INFO - EVENT: Send Msg | RECIPIENT: 1 | LOGICAL TIME: 251 | PHYSICAL TIME: 2025-03-05 03:43:50.82, MESSAGE QUEUE LENGTH: 0

2025-03-05 03:43:51,071 - INFO - EVENT: Send Msg | RECIPIENT: 1 | LOGICAL TIME: 252 | PHYSICAL TIME: 2025-03-05 03:43:51.07, MESSAGE QUEUE LENGTH: 0

2025-03-05 03:43:51,300 - INFO - EVENT: Send Msg | RECIPIENT: 1 and 2 | LOGICAL TIME: 253 | PHYSICAL TIME: 2025-03-05 03:43:51.30, MESSAGE QUEUE LENGTH: 0

2025-03-05 03:43:51,504 - INFO - EVENT: Internal Event | LOGICAL TIME: 254 | PHYSICAL TIME: 2025-03-05 03:43:51.50, MESSAGE QUEUE LENGTH: 0

2025-03-05 03:43:51,755 - INFO - EVENT: Send Msg | RECIPIENT: 1 | LOGICAL TIME: 255 | PHYSICAL TIME: 2025-03-05 03:43:51.75, MESSAGE QUEUE LENGTH: 0

2025-03-05 03:43:51,988 - INFO - EVENT: Send Msg | RECIPIENT: 2 | LOGICAL TIME: 256 | PHYSICAL TIME: 2025-03-05 03:43:51.98, MESSAGE QUEUE LENGTH: 0

2025-03-05 03:43:52,232 - INFO - EVENT: Internal Event | LOGICAL TIME: 257 | PHYSICAL TIME: 2025-03-05 03:43:52.23, MESSAGE QUEUE LENGTH: 0

2025-03-05 03:43:52,437 - INFO - EVENT: Send Msg | RECIPIENT: 2 | LOGICAL TIME: 258 | PHYSICAL TIME: 2025-03-05 03:43:52.43, MESSAGE QUEUE LENGTH: 0

2025-03-05 03:43:52,671 - INFO - EVENT: Send Msg | RECIPIENT: 1 and 2 | LOGICAL TIME: 259 | PHYSICAL TIME: 2025-03-05 03:43:52.67, MESSAGE QUEUE LENGTH: 0

2025-03-05 03:43:52,887 - INFO - EVENT: Internal Event | LOGICAL TIME: 260 | PHYSICAL TIME: 2025-03-05 03:43:52.88, MESSAGE QUEUE LENGTH: 0

2025-03-05 03:43:53,088 - INFO - EVENT: Send Msg | RECIPIENT: 1 and 2 | LOGICAL TIME: 261 | PHYSICAL TIME: 2025-03-05 03:43:53.08, MESSAGE QUEUE LENGTH: 0

2025-03-05 03:43:53,302 - INFO - EVENT: Internal Event | LOGICAL TIME: 262 | PHYSICAL TIME: 2025-03-05 03:43:53.30, MESSAGE QUEUE LENGTH: 0

2025-03-05 03:43:53,540 - INFO - EVENT: Internal Event | LOGICAL TIME: 263 | PHYSICAL TIME: 2025-03-05 03:43:53.54, MESSAGE QUEUE LENGTH: 0

2025-03-05 03:43:53,757 - INFO - EVENT: Internal Event | LOGICAL TIME: 264 | PHYSICAL TIME: 2025-03-05 03:43:53.75, MESSAGE QUEUE LENGTH: 0

2025-03-05 03:43:53,975 - INFO - EVENT: Internal Event | LOGICAL TIME: 265 | PHYSICAL TIME: 2025-03-05 03:43:53.97, MESSAGE QUEUE LENGTH: 0

2025-03-05 03:43:54,224 - INFO - EVENT: Internal Event | LOGICAL TIME: 266 | PHYSICAL TIME: 2025-03-05 03:43:54.22, MESSAGE QUEUE LENGTH: 0

2025-03-05 03:43:54,435 - INFO - EVENT: Send Msg | RECIPIENT: 1 | LOGICAL TIME: 267 | PHYSICAL TIME: 2025-03-05 03:43:54.43, MESSAGE QUEUE LENGTH: 0

2025-03-05 03:43:54,638 - INFO - EVENT: Internal Event | LOGICAL TIME: 268 | PHYSICAL TIME: 2025-03-05 03:43:54.63, MESSAGE QUEUE LENGTH: 0

2025-03-05 03:43:54,842 - INFO - EVENT: Send Msg | RECIPIENT: 1 and 2 | LOGICAL TIME: 269 | PHYSICAL TIME: 2025-03-05 03:43:54.84, MESSAGE QUEUE LENGTH: 0

