2025-03-04 19:19:11,263 - INFO - Clock rate for client 2: 6 events per second
2025-03-04 19:19:11,903 - INFO - EVENT: Internal Event | LOGICAL TIME: 1 | PHYSICAL TIME: 2025-03-04 19:19:11.90, MESSAGE QUEUE LENGTH: 0

2025-03-04 19:19:12,108 - INFO - EVENT: Receive Msg | SENDER: 3 | LOGICAL TIME: 2 | PHYSICAL TIME: 2025-03-04 19:19:11.00, MESSAGE QUEUE LENGTH: 2

2025-03-04 19:19:12,416 - INFO - EVENT: Receive Msg | SENDER: 1 | LOGICAL TIME: 3 | PHYSICAL TIME: 2025-03-04 19:19:12.00, MESSAGE QUEUE LENGTH: 1

2025-03-04 19:19:12,716 - INFO - EVENT: Send Msg | RECIPIENT: 3 | LOGICAL TIME: 4 | PHYSICAL TIME: 2025-03-04 19:19:12.71, MESSAGE QUEUE LENGTH: 0

2025-03-04 19:19:12,956 - INFO - EVENT: Receive Msg | SENDER: 1 | LOGICAL TIME: 5 | PHYSICAL TIME: 2025-03-04 19:19:12.00, MESSAGE QUEUE LENGTH: 1

2025-03-04 19:19:13,169 - INFO - EVENT: Internal Event | LOGICAL TIME: 6 | PHYSICAL TIME: 2025-03-04 19:19:13.16, MESSAGE QUEUE LENGTH: 0

2025-03-04 19:19:13,350 - INFO - EVENT: Receive Msg | SENDER: 1 | LOGICAL TIME: 7 | PHYSICAL TIME: 2025-03-04 19:19:13.00, MESSAGE QUEUE LENGTH: 1

2025-03-04 19:19:13,520 - INFO - EVENT: Internal Event | LOGICAL TIME: 8 | PHYSICAL TIME: 2025-03-04 19:19:13.52, MESSAGE QUEUE LENGTH: 0

2025-03-04 19:19:13,701 - INFO - EVENT: Send Msg | RECIPIENT: 1 | LOGICAL TIME: 9 | PHYSICAL TIME: 2025-03-04 19:19:13.70, MESSAGE QUEUE LENGTH: 0

2025-03-04 19:19:13,870 - INFO - EVENT: Internal Event | LOGICAL TIME: 10 | PHYSICAL TIME: 2025-03-04 19:19:13.87, MESSAGE QUEUE LENGTH: 0

2025-03-04 19:19:14,137 - INFO - EVENT: Receive Msg | SENDER: 3 | LOGICAL TIME: 11 | PHYSICAL TIME: 2025-03-04 19:19:13.00, MESSAGE QUEUE LENGTH: 1

2025-03-04 19:19:14,456 - INFO - EVENT: Internal Event | LOGICAL TIME: 12 | PHYSICAL TIME: 2025-03-04 19:19:14.45, MESSAGE QUEUE LENGTH: 0

2025-03-04 19:19:14,671 - INFO - EVENT: Send Msg | RECIPIENT: 1 and 3 | LOGICAL TIME: 13 | PHYSICAL TIME: 2025-03-04 19:19:14.67, MESSAGE QUEUE LENGTH: 0

2025-03-04 19:19:14,908 - INFO - EVENT: Internal Event | LOGICAL TIME: 14 | PHYSICAL TIME: 2025-03-04 19:19:14.90, MESSAGE QUEUE LENGTH: 0

2025-03-04 19:19:15,099 - INFO - EVENT: Internal Event | LOGICAL TIME: 15 | PHYSICAL TIME: 2025-03-04 19:19:15.09, MESSAGE QUEUE LENGTH: 0

2025-03-04 19:19:15,363 - INFO - EVENT: Internal Event | LOGICAL TIME: 16 | PHYSICAL TIME: 2025-03-04 19:19:15.36, MESSAGE QUEUE LENGTH: 0

2025-03-04 19:19:15,706 - INFO - EVENT: Receive Msg | SENDER: 3 | LOGICAL TIME: 17 | PHYSICAL TIME: 2025-03-04 19:19:15.00, MESSAGE QUEUE LENGTH: 1

2025-03-04 19:19:16,056 - INFO - EVENT: Receive Msg | SENDER: 3 | LOGICAL TIME: 19 | PHYSICAL TIME: 2025-03-04 19:19:15.00, MESSAGE QUEUE LENGTH: 1

2025-03-04 19:19:16,288 - INFO - EVENT: Internal Event | LOGICAL TIME: 20 | PHYSICAL TIME: 2025-03-04 19:19:16.28, MESSAGE QUEUE LENGTH: 0

2025-03-04 19:19:16,490 - INFO - EVENT: Receive Msg | SENDER: 1 | LOGICAL TIME: 21 | PHYSICAL TIME: 2025-03-04 19:19:16.00, MESSAGE QUEUE LENGTH: 1

2025-03-04 19:19:16,718 - INFO - EVENT: Internal Event | LOGICAL TIME: 22 | PHYSICAL TIME: 2025-03-04 19:19:16.71, MESSAGE QUEUE LENGTH: 0

2025-03-04 19:19:16,931 - INFO - EVENT: Send Msg | RECIPIENT: 3 | LOGICAL TIME: 23 | PHYSICAL TIME: 2025-03-04 19:19:16.93, MESSAGE QUEUE LENGTH: 0

2025-03-04 19:19:17,155 - INFO - EVENT: Internal Event | LOGICAL TIME: 24 | PHYSICAL TIME: 2025-03-04 19:19:17.15, MESSAGE QUEUE LENGTH: 0

2025-03-04 19:19:17,323 - INFO - EVENT: Internal Event | LOGICAL TIME: 25 | PHYSICAL TIME: 2025-03-04 19:19:17.32, MESSAGE QUEUE LENGTH: 0

2025-03-04 19:19:17,609 - INFO - EVENT: Internal Event | LOGICAL TIME: 26 | PHYSICAL TIME: 2025-03-04 19:19:17.60, MESSAGE QUEUE LENGTH: 0

2025-03-04 19:19:17,934 - INFO - EVENT: Receive Msg | SENDER: 3 | LOGICAL TIME: 27 | PHYSICAL TIME: 2025-03-04 19:19:17.00, MESSAGE QUEUE LENGTH: 1

2025-03-04 19:19:18,125 - INFO - EVENT: Send Msg | RECIPIENT: 1 | LOGICAL TIME: 28 | PHYSICAL TIME: 2025-03-04 19:19:18.12, MESSAGE QUEUE LENGTH: 0

2025-03-04 19:19:18,357 - INFO - EVENT: Send Msg | RECIPIENT: 1 and 3 | LOGICAL TIME: 29 | PHYSICAL TIME: 2025-03-04 19:19:18.35, MESSAGE QUEUE LENGTH: 0

2025-03-04 19:19:18,557 - INFO - EVENT: Internal Event | LOGICAL TIME: 30 | PHYSICAL TIME: 2025-03-04 19:19:18.55, MESSAGE QUEUE LENGTH: 0

2025-03-04 19:19:18,857 - INFO - EVENT: Internal Event | LOGICAL TIME: 31 | PHYSICAL TIME: 2025-03-04 19:19:18.85, MESSAGE QUEUE LENGTH: 0

2025-03-04 19:19:19,041 - INFO - EVENT: Internal Event | LOGICAL TIME: 32 | PHYSICAL TIME: 2025-03-04 19:19:19.04, MESSAGE QUEUE LENGTH: 0

2025-03-04 19:19:19,340 - INFO - EVENT: Internal Event | LOGICAL TIME: 33 | PHYSICAL TIME: 2025-03-04 19:19:19.34, MESSAGE QUEUE LENGTH: 0

2025-03-04 19:19:19,524 - INFO - EVENT: Internal Event | LOGICAL TIME: 34 | PHYSICAL TIME: 2025-03-04 19:19:19.52, MESSAGE QUEUE LENGTH: 0

2025-03-04 19:19:19,791 - INFO - EVENT: Internal Event | LOGICAL TIME: 35 | PHYSICAL TIME: 2025-03-04 19:19:19.79, MESSAGE QUEUE LENGTH: 0

2025-03-04 19:19:20,056 - INFO - EVENT: Send Msg | RECIPIENT: 3 | LOGICAL TIME: 36 | PHYSICAL TIME: 2025-03-04 19:19:20.05, MESSAGE QUEUE LENGTH: 0

2025-03-04 19:19:20,226 - INFO - EVENT: Receive Msg | SENDER: 3 | LOGICAL TIME: 37 | PHYSICAL TIME: 2025-03-04 19:19:19.00, MESSAGE QUEUE LENGTH: 1

2025-03-04 19:19:20,460 - INFO - EVENT: Send Msg | RECIPIENT: 3 | LOGICAL TIME: 38 | PHYSICAL TIME: 2025-03-04 19:19:20.46, MESSAGE QUEUE LENGTH: 0

2025-03-04 19:19:20,674 - INFO - EVENT: Receive Msg | SENDER: 1 | LOGICAL TIME: 39 | PHYSICAL TIME: 2025-03-04 19:19:20.00, MESSAGE QUEUE LENGTH: 1

2025-03-04 19:19:20,859 - INFO - EVENT: Send Msg | RECIPIENT: 3 | LOGICAL TIME: 40 | PHYSICAL TIME: 2025-03-04 19:19:20.85, MESSAGE QUEUE LENGTH: 0

2025-03-04 19:19:21,073 - INFO - EVENT: Internal Event | LOGICAL TIME: 41 | PHYSICAL TIME: 2025-03-04 19:19:21.07, MESSAGE QUEUE LENGTH: 0

2025-03-04 19:19:21,353 - INFO - EVENT: Receive Msg | SENDER: 1 | LOGICAL TIME: 42 | PHYSICAL TIME: 2025-03-04 19:19:21.00, MESSAGE QUEUE LENGTH: 1

2025-03-04 19:19:21,543 - INFO - EVENT: Internal Event | LOGICAL TIME: 43 | PHYSICAL TIME: 2025-03-04 19:19:21.54, MESSAGE QUEUE LENGTH: 0

2025-03-04 19:19:21,712 - INFO - EVENT: Internal Event | LOGICAL TIME: 44 | PHYSICAL TIME: 2025-03-04 19:19:21.71, MESSAGE QUEUE LENGTH: 0

2025-03-04 19:19:21,914 - INFO - EVENT: Internal Event | LOGICAL TIME: 45 | PHYSICAL TIME: 2025-03-04 19:19:21.91, MESSAGE QUEUE LENGTH: 0

2025-03-04 19:19:22,126 - INFO - EVENT: Send Msg | RECIPIENT: 1 | LOGICAL TIME: 46 | PHYSICAL TIME: 2025-03-04 19:19:22.12, MESSAGE QUEUE LENGTH: 0

2025-03-04 19:19:22,338 - INFO - EVENT: Internal Event | LOGICAL TIME: 47 | PHYSICAL TIME: 2025-03-04 19:19:22.33, MESSAGE QUEUE LENGTH: 0

2025-03-04 19:19:22,510 - INFO - EVENT: Internal Event | LOGICAL TIME: 48 | PHYSICAL TIME: 2025-03-04 19:19:22.51, MESSAGE QUEUE LENGTH: 0

2025-03-04 19:19:22,721 - INFO - EVENT: Internal Event | LOGICAL TIME: 49 | PHYSICAL TIME: 2025-03-04 19:19:22.72, MESSAGE QUEUE LENGTH: 0

2025-03-04 19:19:23,025 - INFO - EVENT: Send Msg | RECIPIENT: 1 | LOGICAL TIME: 50 | PHYSICAL TIME: 2025-03-04 19:19:23.02, MESSAGE QUEUE LENGTH: 0

2025-03-04 19:19:23,209 - INFO - EVENT: Internal Event | LOGICAL TIME: 51 | PHYSICAL TIME: 2025-03-04 19:19:23.20, MESSAGE QUEUE LENGTH: 0

2025-03-04 19:19:23,387 - INFO - EVENT: Receive Msg | SENDER: 3 | LOGICAL TIME: 52 | PHYSICAL TIME: 2025-03-04 19:19:23.00, MESSAGE QUEUE LENGTH: 1

2025-03-04 19:19:23,594 - INFO - EVENT: Receive Msg | SENDER: 1 | LOGICAL TIME: 54 | PHYSICAL TIME: 2025-03-04 19:19:23.00, MESSAGE QUEUE LENGTH: 1

2025-03-04 19:19:23,892 - INFO - EVENT: Receive Msg | SENDER: 1 | LOGICAL TIME: 55 | PHYSICAL TIME: 2025-03-04 19:19:23.00, MESSAGE QUEUE LENGTH: 1

2025-03-04 19:19:24,161 - INFO - EVENT: Internal Event | LOGICAL TIME: 56 | PHYSICAL TIME: 2025-03-04 19:19:24.16, MESSAGE QUEUE LENGTH: 0

2025-03-04 19:19:24,355 - INFO - EVENT: Receive Msg | SENDER: 3 | LOGICAL TIME: 57 | PHYSICAL TIME: 2025-03-04 19:19:24.00, MESSAGE QUEUE LENGTH: 1

2025-03-04 19:19:24,525 - INFO - EVENT: Internal Event | LOGICAL TIME: 58 | PHYSICAL TIME: 2025-03-04 19:19:24.52, MESSAGE QUEUE LENGTH: 0

2025-03-04 19:19:24,759 - INFO - EVENT: Send Msg | RECIPIENT: 1 and 3 | LOGICAL TIME: 59 | PHYSICAL TIME: 2025-03-04 19:19:24.75, MESSAGE QUEUE LENGTH: 0

2025-03-04 19:19:25,074 - INFO - EVENT: Internal Event | LOGICAL TIME: 60 | PHYSICAL TIME: 2025-03-04 19:19:25.07, MESSAGE QUEUE LENGTH: 0

2025-03-04 19:19:25,253 - INFO - EVENT: Receive Msg | SENDER: 1 | LOGICAL TIME: 63 | PHYSICAL TIME: 2025-03-04 19:19:25.00, MESSAGE QUEUE LENGTH: 1

2025-03-04 19:19:25,425 - INFO - EVENT: Internal Event | LOGICAL TIME: 64 | PHYSICAL TIME: 2025-03-04 19:19:25.42, MESSAGE QUEUE LENGTH: 0

2025-03-04 19:19:25,632 - INFO - EVENT: Internal Event | LOGICAL TIME: 65 | PHYSICAL TIME: 2025-03-04 19:19:25.63, MESSAGE QUEUE LENGTH: 0

2025-03-04 19:19:25,819 - INFO - EVENT: Internal Event | LOGICAL TIME: 66 | PHYSICAL TIME: 2025-03-04 19:19:25.81, MESSAGE QUEUE LENGTH: 0

2025-03-04 19:19:25,989 - INFO - EVENT: Receive Msg | SENDER: 3 | LOGICAL TIME: 67 | PHYSICAL TIME: 2025-03-04 19:19:25.00, MESSAGE QUEUE LENGTH: 1

2025-03-04 19:19:26,159 - INFO - EVENT: Send Msg | RECIPIENT: 3 | LOGICAL TIME: 68 | PHYSICAL TIME: 2025-03-04 19:19:26.15, MESSAGE QUEUE LENGTH: 0

2025-03-04 19:19:26,344 - INFO - EVENT: Receive Msg | SENDER: 1 | LOGICAL TIME: 69 | PHYSICAL TIME: 2025-03-04 19:19:26.00, MESSAGE QUEUE LENGTH: 2

2025-03-04 19:19:26,515 - INFO - EVENT: Receive Msg | SENDER: 3 | LOGICAL TIME: 70 | PHYSICAL TIME: 2025-03-04 19:19:26.00, MESSAGE QUEUE LENGTH: 1

2025-03-04 19:19:26,730 - INFO - EVENT: Send Msg | RECIPIENT: 3 | LOGICAL TIME: 71 | PHYSICAL TIME: 2025-03-04 19:19:26.73, MESSAGE QUEUE LENGTH: 0

2025-03-04 19:19:26,932 - INFO - EVENT: Receive Msg | SENDER: 1 | LOGICAL TIME: 72 | PHYSICAL TIME: 2025-03-04 19:19:26.00, MESSAGE QUEUE LENGTH: 1

2025-03-04 19:19:27,118 - INFO - EVENT: Internal Event | LOGICAL TIME: 73 | PHYSICAL TIME: 2025-03-04 19:19:27.11, MESSAGE QUEUE LENGTH: 0

2025-03-04 19:19:27,296 - INFO - EVENT: Send Msg | RECIPIENT: 3 | LOGICAL TIME: 74 | PHYSICAL TIME: 2025-03-04 19:19:27.29, MESSAGE QUEUE LENGTH: 0

2025-03-04 19:19:27,553 - INFO - EVENT: Internal Event | LOGICAL TIME: 75 | PHYSICAL TIME: 2025-03-04 19:19:27.55, MESSAGE QUEUE LENGTH: 0

2025-03-04 19:19:27,857 - INFO - EVENT: Internal Event | LOGICAL TIME: 76 | PHYSICAL TIME: 2025-03-04 19:19:27.85, MESSAGE QUEUE LENGTH: 0

2025-03-04 19:19:28,025 - INFO - EVENT: Internal Event | LOGICAL TIME: 77 | PHYSICAL TIME: 2025-03-04 19:19:28.02, MESSAGE QUEUE LENGTH: 0

2025-03-04 19:19:28,196 - INFO - EVENT: Receive Msg | SENDER: 1 | LOGICAL TIME: 78 | PHYSICAL TIME: 2025-03-04 19:19:28.00, MESSAGE QUEUE LENGTH: 1

2025-03-04 19:19:28,416 - INFO - EVENT: Send Msg | RECIPIENT: 3 | LOGICAL TIME: 79 | PHYSICAL TIME: 2025-03-04 19:19:28.41, MESSAGE QUEUE LENGTH: 0

2025-03-04 19:19:28,614 - INFO - EVENT: Receive Msg | SENDER: 1 | LOGICAL TIME: 80 | PHYSICAL TIME: 2025-03-04 19:19:28.00, MESSAGE QUEUE LENGTH: 1

2025-03-04 19:19:28,783 - INFO - EVENT: Receive Msg | SENDER: 1 | LOGICAL TIME: 81 | PHYSICAL TIME: 2025-03-04 19:19:28.00, MESSAGE QUEUE LENGTH: 1

2025-03-04 19:19:28,967 - INFO - EVENT: Internal Event | LOGICAL TIME: 82 | PHYSICAL TIME: 2025-03-04 19:19:28.96, MESSAGE QUEUE LENGTH: 0

2025-03-04 19:19:29,165 - INFO - EVENT: Internal Event | LOGICAL TIME: 83 | PHYSICAL TIME: 2025-03-04 19:19:29.16, MESSAGE QUEUE LENGTH: 0

2025-03-04 19:19:29,335 - INFO - EVENT: Internal Event | LOGICAL TIME: 84 | PHYSICAL TIME: 2025-03-04 19:19:29.33, MESSAGE QUEUE LENGTH: 0

2025-03-04 19:19:29,517 - INFO - EVENT: Receive Msg | SENDER: 3 | LOGICAL TIME: 86 | PHYSICAL TIME: 2025-03-04 19:19:29.00, MESSAGE QUEUE LENGTH: 1

2025-03-04 19:19:29,716 - INFO - EVENT: Internal Event | LOGICAL TIME: 87 | PHYSICAL TIME: 2025-03-04 19:19:29.71, MESSAGE QUEUE LENGTH: 0

2025-03-04 19:19:29,932 - INFO - EVENT: Send Msg | RECIPIENT: 3 | LOGICAL TIME: 88 | PHYSICAL TIME: 2025-03-04 19:19:29.93, MESSAGE QUEUE LENGTH: 0

2025-03-04 19:19:30,128 - INFO - EVENT: Send Msg | RECIPIENT: 1 | LOGICAL TIME: 89 | PHYSICAL TIME: 2025-03-04 19:19:30.12, MESSAGE QUEUE LENGTH: 0

2025-03-04 19:19:30,299 - INFO - EVENT: Internal Event | LOGICAL TIME: 90 | PHYSICAL TIME: 2025-03-04 19:19:30.29, MESSAGE QUEUE LENGTH: 0

2025-03-04 19:19:30,515 - INFO - EVENT: Send Msg | RECIPIENT: 3 | LOGICAL TIME: 91 | PHYSICAL TIME: 2025-03-04 19:19:30.51, MESSAGE QUEUE LENGTH: 0

2025-03-04 19:19:30,685 - INFO - EVENT: Internal Event | LOGICAL TIME: 92 | PHYSICAL TIME: 2025-03-04 19:19:30.68, MESSAGE QUEUE LENGTH: 0

2025-03-04 19:19:30,867 - INFO - EVENT: Internal Event | LOGICAL TIME: 93 | PHYSICAL TIME: 2025-03-04 19:19:30.86, MESSAGE QUEUE LENGTH: 0

2025-03-04 19:19:31,052 - INFO - EVENT: Internal Event | LOGICAL TIME: 94 | PHYSICAL TIME: 2025-03-04 19:19:31.05, MESSAGE QUEUE LENGTH: 0

2025-03-04 19:19:31,250 - INFO - EVENT: Internal Event | LOGICAL TIME: 95 | PHYSICAL TIME: 2025-03-04 19:19:31.25, MESSAGE QUEUE LENGTH: 0

2025-03-04 19:19:31,449 - INFO - EVENT: Send Msg | RECIPIENT: 1 and 3 | LOGICAL TIME: 96 | PHYSICAL TIME: 2025-03-04 19:19:31.44, MESSAGE QUEUE LENGTH: 0

2025-03-04 19:19:31,627 - INFO - EVENT: Internal Event | LOGICAL TIME: 97 | PHYSICAL TIME: 2025-03-04 19:19:31.62, MESSAGE QUEUE LENGTH: 0

2025-03-04 19:19:31,832 - INFO - EVENT: Send Msg | RECIPIENT: 1 | LOGICAL TIME: 98 | PHYSICAL TIME: 2025-03-04 19:19:31.83, MESSAGE QUEUE LENGTH: 0

2025-03-04 19:19:32,003 - INFO - EVENT: Internal Event | LOGICAL TIME: 99 | PHYSICAL TIME: 2025-03-04 19:19:32.00, MESSAGE QUEUE LENGTH: 0

2025-03-04 19:19:32,175 - INFO - EVENT: Internal Event | LOGICAL TIME: 100 | PHYSICAL TIME: 2025-03-04 19:19:32.17, MESSAGE QUEUE LENGTH: 0

2025-03-04 19:19:32,377 - INFO - EVENT: Internal Event | LOGICAL TIME: 101 | PHYSICAL TIME: 2025-03-04 19:19:32.37, MESSAGE QUEUE LENGTH: 0

2025-03-04 19:19:32,585 - INFO - EVENT: Receive Msg | SENDER: 1 | LOGICAL TIME: 102 | PHYSICAL TIME: 2025-03-04 19:19:32.00, MESSAGE QUEUE LENGTH: 1

2025-03-04 19:19:32,759 - INFO - EVENT: Internal Event | LOGICAL TIME: 103 | PHYSICAL TIME: 2025-03-04 19:19:32.75, MESSAGE QUEUE LENGTH: 0

2025-03-04 19:19:32,927 - INFO - EVENT: Receive Msg | SENDER: 1 | LOGICAL TIME: 104 | PHYSICAL TIME: 2025-03-04 19:19:32.00, MESSAGE QUEUE LENGTH: 1

2025-03-04 19:19:33,097 - INFO - EVENT: Internal Event | LOGICAL TIME: 105 | PHYSICAL TIME: 2025-03-04 19:19:33.09, MESSAGE QUEUE LENGTH: 0

2025-03-04 19:19:33,274 - INFO - EVENT: Send Msg | RECIPIENT: 1 and 3 | LOGICAL TIME: 106 | PHYSICAL TIME: 2025-03-04 19:19:33.27, MESSAGE QUEUE LENGTH: 0

2025-03-04 19:19:33,454 - INFO - EVENT: Send Msg | RECIPIENT: 1 | LOGICAL TIME: 107 | PHYSICAL TIME: 2025-03-04 19:19:33.45, MESSAGE QUEUE LENGTH: 0

2025-03-04 19:19:33,624 - INFO - EVENT: Internal Event | LOGICAL TIME: 108 | PHYSICAL TIME: 2025-03-04 19:19:33.62, MESSAGE QUEUE LENGTH: 0

2025-03-04 19:19:33,797 - INFO - EVENT: Internal Event | LOGICAL TIME: 109 | PHYSICAL TIME: 2025-03-04 19:19:33.79, MESSAGE QUEUE LENGTH: 0

2025-03-04 19:19:33,986 - INFO - EVENT: Internal Event | LOGICAL TIME: 110 | PHYSICAL TIME: 2025-03-04 19:19:33.98, MESSAGE QUEUE LENGTH: 0

2025-03-04 19:19:34,188 - INFO - EVENT: Internal Event | LOGICAL TIME: 111 | PHYSICAL TIME: 2025-03-04 19:19:34.18, MESSAGE QUEUE LENGTH: 0

2025-03-04 19:19:34,371 - INFO - EVENT: Internal Event | LOGICAL TIME: 112 | PHYSICAL TIME: 2025-03-04 19:19:34.37, MESSAGE QUEUE LENGTH: 0

2025-03-04 19:19:34,546 - INFO - EVENT: Internal Event | LOGICAL TIME: 113 | PHYSICAL TIME: 2025-03-04 19:19:34.54, MESSAGE QUEUE LENGTH: 0

2025-03-04 19:19:34,739 - INFO - EVENT: Receive Msg | SENDER: 3 | LOGICAL TIME: 114 | PHYSICAL TIME: 2025-03-04 19:19:34.00, MESSAGE QUEUE LENGTH: 1

2025-03-04 19:19:34,971 - INFO - EVENT: Internal Event | LOGICAL TIME: 115 | PHYSICAL TIME: 2025-03-04 19:19:34.97, MESSAGE QUEUE LENGTH: 0

2025-03-04 19:19:35,170 - INFO - EVENT: Internal Event | LOGICAL TIME: 116 | PHYSICAL TIME: 2025-03-04 19:19:35.17, MESSAGE QUEUE LENGTH: 0

2025-03-04 19:19:35,373 - INFO - EVENT: Send Msg | RECIPIENT: 3 | LOGICAL TIME: 117 | PHYSICAL TIME: 2025-03-04 19:19:35.37, MESSAGE QUEUE LENGTH: 0

2025-03-04 19:19:35,573 - INFO - EVENT: Internal Event | LOGICAL TIME: 118 | PHYSICAL TIME: 2025-03-04 19:19:35.57, MESSAGE QUEUE LENGTH: 0

2025-03-04 19:19:35,770 - INFO - EVENT: Internal Event | LOGICAL TIME: 119 | PHYSICAL TIME: 2025-03-04 19:19:35.77, MESSAGE QUEUE LENGTH: 0

2025-03-04 19:19:35,968 - INFO - EVENT: Internal Event | LOGICAL TIME: 120 | PHYSICAL TIME: 2025-03-04 19:19:35.96, MESSAGE QUEUE LENGTH: 0

2025-03-04 19:19:36,137 - INFO - EVENT: Send Msg | RECIPIENT: 1 | LOGICAL TIME: 121 | PHYSICAL TIME: 2025-03-04 19:19:36.13, MESSAGE QUEUE LENGTH: 0

2025-03-04 19:19:36,322 - INFO - EVENT: Internal Event | LOGICAL TIME: 122 | PHYSICAL TIME: 2025-03-04 19:19:36.32, MESSAGE QUEUE LENGTH: 0

2025-03-04 19:19:36,590 - INFO - EVENT: Internal Event | LOGICAL TIME: 123 | PHYSICAL TIME: 2025-03-04 19:19:36.59, MESSAGE QUEUE LENGTH: 0

2025-03-04 19:19:36,776 - INFO - EVENT: Receive Msg | SENDER: 3 | LOGICAL TIME: 125 | PHYSICAL TIME: 2025-03-04 19:19:36.00, MESSAGE QUEUE LENGTH: 1

2025-03-04 19:19:37,007 - INFO - EVENT: Receive Msg | SENDER: 3 | LOGICAL TIME: 126 | PHYSICAL TIME: 2025-03-04 19:19:36.00, MESSAGE QUEUE LENGTH: 1

2025-03-04 19:19:37,256 - INFO - EVENT: Internal Event | LOGICAL TIME: 127 | PHYSICAL TIME: 2025-03-04 19:19:37.25, MESSAGE QUEUE LENGTH: 0

2025-03-04 19:19:37,507 - INFO - EVENT: Send Msg | RECIPIENT: 1 | LOGICAL TIME: 128 | PHYSICAL TIME: 2025-03-04 19:19:37.50, MESSAGE QUEUE LENGTH: 0

2025-03-04 19:19:37,691 - INFO - EVENT: Receive Msg | SENDER: 3 | LOGICAL TIME: 129 | PHYSICAL TIME: 2025-03-04 19:19:37.00, MESSAGE QUEUE LENGTH: 2

2025-03-04 19:19:37,929 - INFO - EVENT: Receive Msg | SENDER: 1 | LOGICAL TIME: 130 | PHYSICAL TIME: 2025-03-04 19:19:37.00, MESSAGE QUEUE LENGTH: 1

2025-03-04 19:19:38,100 - INFO - EVENT: Send Msg | RECIPIENT: 1 and 3 | LOGICAL TIME: 131 | PHYSICAL TIME: 2025-03-04 19:19:38.10, MESSAGE QUEUE LENGTH: 0

2025-03-04 19:19:38,308 - INFO - EVENT: Send Msg | RECIPIENT: 3 | LOGICAL TIME: 132 | PHYSICAL TIME: 2025-03-04 19:19:38.30, MESSAGE QUEUE LENGTH: 0

2025-03-04 19:19:38,489 - INFO - EVENT: Internal Event | LOGICAL TIME: 133 | PHYSICAL TIME: 2025-03-04 19:19:38.48, MESSAGE QUEUE LENGTH: 0

2025-03-04 19:19:38,658 - INFO - EVENT: Internal Event | LOGICAL TIME: 134 | PHYSICAL TIME: 2025-03-04 19:19:38.65, MESSAGE QUEUE LENGTH: 0

2025-03-04 19:19:38,857 - INFO - EVENT: Receive Msg | SENDER: 3 | LOGICAL TIME: 136 | PHYSICAL TIME: 2025-03-04 19:19:38.00, MESSAGE QUEUE LENGTH: 1

2025-03-04 19:19:39,026 - INFO - EVENT: Internal Event | LOGICAL TIME: 137 | PHYSICAL TIME: 2025-03-04 19:19:39.02, MESSAGE QUEUE LENGTH: 0

2025-03-04 19:19:39,209 - INFO - EVENT: Receive Msg | SENDER: 3 | LOGICAL TIME: 138 | PHYSICAL TIME: 2025-03-04 19:19:38.00, MESSAGE QUEUE LENGTH: 2

2025-03-04 19:19:39,405 - INFO - EVENT: Receive Msg | SENDER: 1 | LOGICAL TIME: 139 | PHYSICAL TIME: 2025-03-04 19:19:39.00, MESSAGE QUEUE LENGTH: 2

2025-03-04 19:19:39,572 - INFO - EVENT: Receive Msg | SENDER: 1 | LOGICAL TIME: 140 | PHYSICAL TIME: 2025-03-04 19:19:39.00, MESSAGE QUEUE LENGTH: 1

2025-03-04 19:19:39,740 - INFO - EVENT: Internal Event | LOGICAL TIME: 141 | PHYSICAL TIME: 2025-03-04 19:19:39.74, MESSAGE QUEUE LENGTH: 0

2025-03-04 19:19:39,911 - INFO - EVENT: Internal Event | LOGICAL TIME: 142 | PHYSICAL TIME: 2025-03-04 19:19:39.91, MESSAGE QUEUE LENGTH: 0

2025-03-04 19:19:40,124 - INFO - EVENT: Receive Msg | SENDER: 3 | LOGICAL TIME: 143 | PHYSICAL TIME: 2025-03-04 19:19:39.00, MESSAGE QUEUE LENGTH: 1

2025-03-04 19:19:40,310 - INFO - EVENT: Send Msg | RECIPIENT: 1 | LOGICAL TIME: 144 | PHYSICAL TIME: 2025-03-04 19:19:40.31, MESSAGE QUEUE LENGTH: 0

2025-03-04 19:19:40,506 - INFO - EVENT: Receive Msg | SENDER: 3 | LOGICAL TIME: 145 | PHYSICAL TIME: 2025-03-04 19:19:40.00, MESSAGE QUEUE LENGTH: 1

2025-03-04 19:19:40,676 - INFO - EVENT: Internal Event | LOGICAL TIME: 146 | PHYSICAL TIME: 2025-03-04 19:19:40.67, MESSAGE QUEUE LENGTH: 0

2025-03-04 19:19:40,849 - INFO - EVENT: Send Msg | RECIPIENT: 1 and 3 | LOGICAL TIME: 147 | PHYSICAL TIME: 2025-03-04 19:19:40.84, MESSAGE QUEUE LENGTH: 0

2025-03-04 19:19:41,017 - INFO - EVENT: Send Msg | RECIPIENT: 1 and 3 | LOGICAL TIME: 148 | PHYSICAL TIME: 2025-03-04 19:19:41.01, MESSAGE QUEUE LENGTH: 0

2025-03-04 19:19:41,223 - INFO - EVENT: Internal Event | LOGICAL TIME: 149 | PHYSICAL TIME: 2025-03-04 19:19:41.22, MESSAGE QUEUE LENGTH: 0

2025-03-04 19:19:41,441 - INFO - EVENT: Internal Event | LOGICAL TIME: 150 | PHYSICAL TIME: 2025-03-04 19:19:41.44, MESSAGE QUEUE LENGTH: 0

2025-03-04 19:19:41,611 - INFO - EVENT: Internal Event | LOGICAL TIME: 151 | PHYSICAL TIME: 2025-03-04 19:19:41.61, MESSAGE QUEUE LENGTH: 0

2025-03-04 19:19:41,826 - INFO - EVENT: Receive Msg | SENDER: 1 | LOGICAL TIME: 152 | PHYSICAL TIME: 2025-03-04 19:19:41.00, MESSAGE QUEUE LENGTH: 1

2025-03-04 19:19:42,056 - INFO - EVENT: Internal Event | LOGICAL TIME: 153 | PHYSICAL TIME: 2025-03-04 19:19:42.05, MESSAGE QUEUE LENGTH: 0

2025-03-04 19:19:42,224 - INFO - EVENT: Internal Event | LOGICAL TIME: 154 | PHYSICAL TIME: 2025-03-04 19:19:42.22, MESSAGE QUEUE LENGTH: 0

2025-03-04 19:19:42,410 - INFO - EVENT: Receive Msg | SENDER: 1 | LOGICAL TIME: 155 | PHYSICAL TIME: 2025-03-04 19:19:42.00, MESSAGE QUEUE LENGTH: 1

2025-03-04 19:19:42,590 - INFO - EVENT: Internal Event | LOGICAL TIME: 156 | PHYSICAL TIME: 2025-03-04 19:19:42.59, MESSAGE QUEUE LENGTH: 0

2025-03-04 19:19:42,811 - INFO - EVENT: Send Msg | RECIPIENT: 3 | LOGICAL TIME: 157 | PHYSICAL TIME: 2025-03-04 19:19:42.81, MESSAGE QUEUE LENGTH: 0

2025-03-04 19:19:43,011 - INFO - EVENT: Internal Event | LOGICAL TIME: 158 | PHYSICAL TIME: 2025-03-04 19:19:43.01, MESSAGE QUEUE LENGTH: 0

2025-03-04 19:19:43,322 - INFO - EVENT: Internal Event | LOGICAL TIME: 159 | PHYSICAL TIME: 2025-03-04 19:19:43.32, MESSAGE QUEUE LENGTH: 0

2025-03-04 19:19:43,494 - INFO - EVENT: Internal Event | LOGICAL TIME: 160 | PHYSICAL TIME: 2025-03-04 19:19:43.49, MESSAGE QUEUE LENGTH: 0

2025-03-04 19:19:43,708 - INFO - EVENT: Receive Msg | SENDER: 3 | LOGICAL TIME: 161 | PHYSICAL TIME: 2025-03-04 19:19:43.00, MESSAGE QUEUE LENGTH: 1

2025-03-04 19:19:44,048 - INFO - EVENT: Receive Msg | SENDER: 1 | LOGICAL TIME: 163 | PHYSICAL TIME: 2025-03-04 19:19:43.00, MESSAGE QUEUE LENGTH: 1

2025-03-04 19:19:44,218 - INFO - EVENT: Send Msg | RECIPIENT: 3 | LOGICAL TIME: 164 | PHYSICAL TIME: 2025-03-04 19:19:44.21, MESSAGE QUEUE LENGTH: 0

2025-03-04 19:19:44,393 - INFO - EVENT: Internal Event | LOGICAL TIME: 165 | PHYSICAL TIME: 2025-03-04 19:19:44.39, MESSAGE QUEUE LENGTH: 0

2025-03-04 19:19:44,603 - INFO - EVENT: Internal Event | LOGICAL TIME: 166 | PHYSICAL TIME: 2025-03-04 19:19:44.60, MESSAGE QUEUE LENGTH: 0

2025-03-04 19:19:44,774 - INFO - EVENT: Internal Event | LOGICAL TIME: 167 | PHYSICAL TIME: 2025-03-04 19:19:44.77, MESSAGE QUEUE LENGTH: 0

2025-03-04 19:19:44,946 - INFO - EVENT: Receive Msg | SENDER: 1 | LOGICAL TIME: 168 | PHYSICAL TIME: 2025-03-04 19:19:44.00, MESSAGE QUEUE LENGTH: 1

2025-03-04 19:19:45,210 - INFO - EVENT: Internal Event | LOGICAL TIME: 169 | PHYSICAL TIME: 2025-03-04 19:19:45.21, MESSAGE QUEUE LENGTH: 0

2025-03-04 19:19:45,380 - INFO - EVENT: Send Msg | RECIPIENT: 3 | LOGICAL TIME: 170 | PHYSICAL TIME: 2025-03-04 19:19:45.38, MESSAGE QUEUE LENGTH: 0

2025-03-04 19:19:45,594 - INFO - EVENT: Receive Msg | SENDER: 1 | LOGICAL TIME: 171 | PHYSICAL TIME: 2025-03-04 19:19:45.00, MESSAGE QUEUE LENGTH: 1

2025-03-04 19:19:45,771 - INFO - EVENT: Send Msg | RECIPIENT: 1 | LOGICAL TIME: 172 | PHYSICAL TIME: 2025-03-04 19:19:45.77, MESSAGE QUEUE LENGTH: 0

2025-03-04 19:19:45,980 - INFO - EVENT: Internal Event | LOGICAL TIME: 173 | PHYSICAL TIME: 2025-03-04 19:19:45.98, MESSAGE QUEUE LENGTH: 0

2025-03-04 19:19:46,180 - INFO - EVENT: Send Msg | RECIPIENT: 1 | LOGICAL TIME: 174 | PHYSICAL TIME: 2025-03-04 19:19:46.18, MESSAGE QUEUE LENGTH: 0

2025-03-04 19:19:46,361 - INFO - EVENT: Internal Event | LOGICAL TIME: 175 | PHYSICAL TIME: 2025-03-04 19:19:46.36, MESSAGE QUEUE LENGTH: 0

2025-03-04 19:19:46,614 - INFO - EVENT: Receive Msg | SENDER: 3 | LOGICAL TIME: 176 | PHYSICAL TIME: 2025-03-04 19:19:46.00, MESSAGE QUEUE LENGTH: 1

2025-03-04 19:19:46,784 - INFO - EVENT: Send Msg | RECIPIENT: 3 | LOGICAL TIME: 177 | PHYSICAL TIME: 2025-03-04 19:19:46.78, MESSAGE QUEUE LENGTH: 0

2025-03-04 19:19:47,080 - INFO - EVENT: Receive Msg | SENDER: 1 | LOGICAL TIME: 178 | PHYSICAL TIME: 2025-03-04 19:19:46.00, MESSAGE QUEUE LENGTH: 1

2025-03-04 19:19:47,264 - INFO - EVENT: Internal Event | LOGICAL TIME: 179 | PHYSICAL TIME: 2025-03-04 19:19:47.26, MESSAGE QUEUE LENGTH: 0

2025-03-04 19:19:47,457 - INFO - EVENT: Send Msg | RECIPIENT: 3 | LOGICAL TIME: 180 | PHYSICAL TIME: 2025-03-04 19:19:47.45, MESSAGE QUEUE LENGTH: 0

2025-03-04 19:19:47,642 - INFO - EVENT: Send Msg | RECIPIENT: 1 and 3 | LOGICAL TIME: 181 | PHYSICAL TIME: 2025-03-04 19:19:47.64, MESSAGE QUEUE LENGTH: 0

2025-03-04 19:19:47,814 - INFO - EVENT: Internal Event | LOGICAL TIME: 182 | PHYSICAL TIME: 2025-03-04 19:19:47.81, MESSAGE QUEUE LENGTH: 0

2025-03-04 19:19:48,001 - INFO - EVENT: Internal Event | LOGICAL TIME: 183 | PHYSICAL TIME: 2025-03-04 19:19:48.00, MESSAGE QUEUE LENGTH: 0

2025-03-04 19:19:48,265 - INFO - EVENT: Internal Event | LOGICAL TIME: 184 | PHYSICAL TIME: 2025-03-04 19:19:48.26, MESSAGE QUEUE LENGTH: 0

2025-03-04 19:19:48,436 - INFO - EVENT: Send Msg | RECIPIENT: 3 | LOGICAL TIME: 185 | PHYSICAL TIME: 2025-03-04 19:19:48.43, MESSAGE QUEUE LENGTH: 0

2025-03-04 19:19:48,611 - INFO - EVENT: Receive Msg | SENDER: 1 | LOGICAL TIME: 186 | PHYSICAL TIME: 2025-03-04 19:19:48.00, MESSAGE QUEUE LENGTH: 1

2025-03-04 19:19:48,833 - INFO - EVENT: Receive Msg | SENDER: 1 | LOGICAL TIME: 187 | PHYSICAL TIME: 2025-03-04 19:19:48.00, MESSAGE QUEUE LENGTH: 1

2025-03-04 19:19:49,012 - INFO - EVENT: Internal Event | LOGICAL TIME: 188 | PHYSICAL TIME: 2025-03-04 19:19:49.01, MESSAGE QUEUE LENGTH: 0

2025-03-04 19:19:49,183 - INFO - EVENT: Internal Event | LOGICAL TIME: 189 | PHYSICAL TIME: 2025-03-04 19:19:49.18, MESSAGE QUEUE LENGTH: 0

2025-03-04 19:19:49,365 - INFO - EVENT: Send Msg | RECIPIENT: 1 and 3 | LOGICAL TIME: 190 | PHYSICAL TIME: 2025-03-04 19:19:49.36, MESSAGE QUEUE LENGTH: 0

2025-03-04 19:19:49,533 - INFO - EVENT: Receive Msg | SENDER: 3 | LOGICAL TIME: 191 | PHYSICAL TIME: 2025-03-04 19:19:49.00, MESSAGE QUEUE LENGTH: 1

2025-03-04 19:19:49,705 - INFO - EVENT: Internal Event | LOGICAL TIME: 192 | PHYSICAL TIME: 2025-03-04 19:19:49.70, MESSAGE QUEUE LENGTH: 0

2025-03-04 19:19:49,984 - INFO - EVENT: Internal Event | LOGICAL TIME: 193 | PHYSICAL TIME: 2025-03-04 19:19:49.98, MESSAGE QUEUE LENGTH: 0

2025-03-04 19:19:50,201 - INFO - EVENT: Receive Msg | SENDER: 3 | LOGICAL TIME: 194 | PHYSICAL TIME: 2025-03-04 19:19:49.00, MESSAGE QUEUE LENGTH: 1

2025-03-04 19:19:50,450 - INFO - EVENT: Internal Event | LOGICAL TIME: 195 | PHYSICAL TIME: 2025-03-04 19:19:50.45, MESSAGE QUEUE LENGTH: 0

2025-03-04 19:19:50,627 - INFO - EVENT: Internal Event | LOGICAL TIME: 196 | PHYSICAL TIME: 2025-03-04 19:19:50.62, MESSAGE QUEUE LENGTH: 0

2025-03-04 19:19:50,795 - INFO - EVENT: Internal Event | LOGICAL TIME: 197 | PHYSICAL TIME: 2025-03-04 19:19:50.79, MESSAGE QUEUE LENGTH: 0

2025-03-04 19:19:50,998 - INFO - EVENT: Internal Event | LOGICAL TIME: 198 | PHYSICAL TIME: 2025-03-04 19:19:50.99, MESSAGE QUEUE LENGTH: 0

2025-03-04 19:19:51,204 - INFO - EVENT: Internal Event | LOGICAL TIME: 199 | PHYSICAL TIME: 2025-03-04 19:19:51.20, MESSAGE QUEUE LENGTH: 0

2025-03-04 19:19:51,388 - INFO - EVENT: Send Msg | RECIPIENT: 3 | LOGICAL TIME: 200 | PHYSICAL TIME: 2025-03-04 19:19:51.38, MESSAGE QUEUE LENGTH: 0

2025-03-04 19:19:51,595 - INFO - EVENT: Internal Event | LOGICAL TIME: 201 | PHYSICAL TIME: 2025-03-04 19:19:51.59, MESSAGE QUEUE LENGTH: 0

2025-03-04 19:19:51,763 - INFO - EVENT: Receive Msg | SENDER: 1 | LOGICAL TIME: 202 | PHYSICAL TIME: 2025-03-04 19:19:51.00, MESSAGE QUEUE LENGTH: 1

2025-03-04 19:19:51,953 - INFO - EVENT: Internal Event | LOGICAL TIME: 203 | PHYSICAL TIME: 2025-03-04 19:19:51.95, MESSAGE QUEUE LENGTH: 0

2025-03-04 19:19:52,236 - INFO - EVENT: Receive Msg | SENDER: 1 | LOGICAL TIME: 205 | PHYSICAL TIME: 2025-03-04 19:19:52.00, MESSAGE QUEUE LENGTH: 1

2025-03-04 19:19:52,442 - INFO - EVENT: Internal Event | LOGICAL TIME: 206 | PHYSICAL TIME: 2025-03-04 19:19:52.44, MESSAGE QUEUE LENGTH: 0

2025-03-04 19:19:52,644 - INFO - EVENT: Receive Msg | SENDER: 3 | LOGICAL TIME: 207 | PHYSICAL TIME: 2025-03-04 19:19:52.00, MESSAGE QUEUE LENGTH: 1

2025-03-04 19:19:52,820 - INFO - EVENT: Send Msg | RECIPIENT: 3 | LOGICAL TIME: 208 | PHYSICAL TIME: 2025-03-04 19:19:52.82, MESSAGE QUEUE LENGTH: 0

2025-03-04 19:19:53,007 - INFO - EVENT: Internal Event | LOGICAL TIME: 209 | PHYSICAL TIME: 2025-03-04 19:19:53.00, MESSAGE QUEUE LENGTH: 0

2025-03-04 19:19:53,177 - INFO - EVENT: Send Msg | RECIPIENT: 3 | LOGICAL TIME: 210 | PHYSICAL TIME: 2025-03-04 19:19:53.17, MESSAGE QUEUE LENGTH: 0

2025-03-04 19:19:53,346 - INFO - EVENT: Receive Msg | SENDER: 1 | LOGICAL TIME: 211 | PHYSICAL TIME: 2025-03-04 19:19:53.00, MESSAGE QUEUE LENGTH: 1

2025-03-04 19:19:53,525 - INFO - EVENT: Internal Event | LOGICAL TIME: 212 | PHYSICAL TIME: 2025-03-04 19:19:53.52, MESSAGE QUEUE LENGTH: 0

2025-03-04 19:19:53,735 - INFO - EVENT: Send Msg | RECIPIENT: 1 and 3 | LOGICAL TIME: 213 | PHYSICAL TIME: 2025-03-04 19:19:53.73, MESSAGE QUEUE LENGTH: 0

2025-03-04 19:19:53,919 - INFO - EVENT: Internal Event | LOGICAL TIME: 214 | PHYSICAL TIME: 2025-03-04 19:19:53.91, MESSAGE QUEUE LENGTH: 0

2025-03-04 19:19:54,165 - INFO - EVENT: Internal Event | LOGICAL TIME: 215 | PHYSICAL TIME: 2025-03-04 19:19:54.16, MESSAGE QUEUE LENGTH: 0

2025-03-04 19:19:54,334 - INFO - EVENT: Send Msg | RECIPIENT: 1 and 3 | LOGICAL TIME: 216 | PHYSICAL TIME: 2025-03-04 19:19:54.33, MESSAGE QUEUE LENGTH: 0

2025-03-04 19:19:54,538 - INFO - EVENT: Internal Event | LOGICAL TIME: 217 | PHYSICAL TIME: 2025-03-04 19:19:54.53, MESSAGE QUEUE LENGTH: 0

2025-03-04 19:19:54,752 - INFO - EVENT: Internal Event | LOGICAL TIME: 218 | PHYSICAL TIME: 2025-03-04 19:19:54.75, MESSAGE QUEUE LENGTH: 0

2025-03-04 19:19:54,947 - INFO - EVENT: Internal Event | LOGICAL TIME: 219 | PHYSICAL TIME: 2025-03-04 19:19:54.94, MESSAGE QUEUE LENGTH: 0

2025-03-04 19:19:55,169 - INFO - EVENT: Receive Msg | SENDER: 3 | LOGICAL TIME: 221 | PHYSICAL TIME: 2025-03-04 19:19:55.00, MESSAGE QUEUE LENGTH: 1

2025-03-04 19:19:55,339 - INFO - EVENT: Send Msg | RECIPIENT: 1 and 3 | LOGICAL TIME: 222 | PHYSICAL TIME: 2025-03-04 19:19:55.33, MESSAGE QUEUE LENGTH: 0

2025-03-04 19:19:55,515 - INFO - EVENT: Internal Event | LOGICAL TIME: 223 | PHYSICAL TIME: 2025-03-04 19:19:55.51, MESSAGE QUEUE LENGTH: 0

2025-03-04 19:19:55,683 - INFO - EVENT: Internal Event | LOGICAL TIME: 224 | PHYSICAL TIME: 2025-03-04 19:19:55.68, MESSAGE QUEUE LENGTH: 0

2025-03-04 19:19:55,905 - INFO - EVENT: Send Msg | RECIPIENT: 3 | LOGICAL TIME: 225 | PHYSICAL TIME: 2025-03-04 19:19:55.90, MESSAGE QUEUE LENGTH: 0

2025-03-04 19:19:56,076 - INFO - EVENT: Send Msg | RECIPIENT: 3 | LOGICAL TIME: 226 | PHYSICAL TIME: 2025-03-04 19:19:56.07, MESSAGE QUEUE LENGTH: 0

2025-03-04 19:19:56,270 - INFO - EVENT: Receive Msg | SENDER: 1 | LOGICAL TIME: 227 | PHYSICAL TIME: 2025-03-04 19:19:56.00, MESSAGE QUEUE LENGTH: 1

2025-03-04 19:19:56,439 - INFO - EVENT: Send Msg | RECIPIENT: 3 | LOGICAL TIME: 228 | PHYSICAL TIME: 2025-03-04 19:19:56.43, MESSAGE QUEUE LENGTH: 0

2025-03-04 19:19:56,614 - INFO - EVENT: Receive Msg | SENDER: 1 | LOGICAL TIME: 229 | PHYSICAL TIME: 2025-03-04 19:19:56.00, MESSAGE QUEUE LENGTH: 1

2025-03-04 19:19:56,843 - INFO - EVENT: Internal Event | LOGICAL TIME: 230 | PHYSICAL TIME: 2025-03-04 19:19:56.84, MESSAGE QUEUE LENGTH: 0

2025-03-04 19:19:57,030 - INFO - EVENT: Internal Event | LOGICAL TIME: 231 | PHYSICAL TIME: 2025-03-04 19:19:57.03, MESSAGE QUEUE LENGTH: 0

2025-03-04 19:19:57,222 - INFO - EVENT: Internal Event | LOGICAL TIME: 232 | PHYSICAL TIME: 2025-03-04 19:19:57.22, MESSAGE QUEUE LENGTH: 0

2025-03-04 19:19:57,454 - INFO - EVENT: Internal Event | LOGICAL TIME: 233 | PHYSICAL TIME: 2025-03-04 19:19:57.45, MESSAGE QUEUE LENGTH: 0

2025-03-04 19:19:57,670 - INFO - EVENT: Internal Event | LOGICAL TIME: 234 | PHYSICAL TIME: 2025-03-04 19:19:57.67, MESSAGE QUEUE LENGTH: 0

2025-03-04 19:19:57,903 - INFO - EVENT: Receive Msg | SENDER: 3 | LOGICAL TIME: 235 | PHYSICAL TIME: 2025-03-04 19:19:57.00, MESSAGE QUEUE LENGTH: 1

2025-03-04 19:19:58,120 - INFO - EVENT: Internal Event | LOGICAL TIME: 236 | PHYSICAL TIME: 2025-03-04 19:19:58.12, MESSAGE QUEUE LENGTH: 0

2025-03-04 19:19:58,357 - INFO - EVENT: Receive Msg | SENDER: 1 | LOGICAL TIME: 237 | PHYSICAL TIME: 2025-03-04 19:19:58.00, MESSAGE QUEUE LENGTH: 3

2025-03-04 19:19:58,533 - INFO - EVENT: Receive Msg | SENDER: 3 | LOGICAL TIME: 238 | PHYSICAL TIME: 2025-03-04 19:19:58.00, MESSAGE QUEUE LENGTH: 2

2025-03-04 19:19:58,703 - INFO - EVENT: Receive Msg | SENDER: 1 | LOGICAL TIME: 239 | PHYSICAL TIME: 2025-03-04 19:19:58.00, MESSAGE QUEUE LENGTH: 1

2025-03-04 19:19:58,884 - INFO - EVENT: Receive Msg | SENDER: 1 | LOGICAL TIME: 241 | PHYSICAL TIME: 2025-03-04 19:19:58.00, MESSAGE QUEUE LENGTH: 1

2025-03-04 19:19:59,074 - INFO - EVENT: Receive Msg | SENDER: 3 | LOGICAL TIME: 242 | PHYSICAL TIME: 2025-03-04 19:19:58.00, MESSAGE QUEUE LENGTH: 1

2025-03-04 19:19:59,241 - INFO - EVENT: Receive Msg | SENDER: 1 | LOGICAL TIME: 243 | PHYSICAL TIME: 2025-03-04 19:19:59.00, MESSAGE QUEUE LENGTH: 1

2025-03-04 19:19:59,566 - INFO - EVENT: Receive Msg | SENDER: 1 | LOGICAL TIME: 244 | PHYSICAL TIME: 2025-03-04 19:19:59.00, MESSAGE QUEUE LENGTH: 1

2025-03-04 19:19:59,756 - INFO - EVENT: Internal Event | LOGICAL TIME: 245 | PHYSICAL TIME: 2025-03-04 19:19:59.75, MESSAGE QUEUE LENGTH: 0

2025-03-04 19:19:59,981 - INFO - EVENT: Internal Event | LOGICAL TIME: 246 | PHYSICAL TIME: 2025-03-04 19:19:59.98, MESSAGE QUEUE LENGTH: 0

2025-03-04 19:20:00,191 - INFO - EVENT: Receive Msg | SENDER: 1 | LOGICAL TIME: 247 | PHYSICAL TIME: 2025-03-04 19:20:00.00, MESSAGE QUEUE LENGTH: 2

2025-03-04 19:20:00,392 - INFO - EVENT: Receive Msg | SENDER: 3 | LOGICAL TIME: 248 | PHYSICAL TIME: 2025-03-04 19:20:00.00, MESSAGE QUEUE LENGTH: 1

2025-03-04 19:20:00,591 - INFO - EVENT: Receive Msg | SENDER: 3 | LOGICAL TIME: 250 | PHYSICAL TIME: 2025-03-04 19:20:00.00, MESSAGE QUEUE LENGTH: 1

2025-03-04 19:20:00,984 - INFO - EVENT: Receive Msg | SENDER: 3 | LOGICAL TIME: 251 | PHYSICAL TIME: 2025-03-04 19:20:00.00, MESSAGE QUEUE LENGTH: 1

2025-03-04 19:20:01,209 - INFO - EVENT: Receive Msg | SENDER: 3 | LOGICAL TIME: 252 | PHYSICAL TIME: 2025-03-04 19:20:01.00, MESSAGE QUEUE LENGTH: 1

2025-03-04 19:20:01,410 - INFO - EVENT: Internal Event | LOGICAL TIME: 253 | PHYSICAL TIME: 2025-03-04 19:20:01.41, MESSAGE QUEUE LENGTH: 0

2025-03-04 19:20:01,708 - INFO - EVENT: Receive Msg | SENDER: 3 | LOGICAL TIME: 255 | PHYSICAL TIME: 2025-03-04 19:20:01.00, MESSAGE QUEUE LENGTH: 1

2025-03-04 19:20:01,883 - INFO - EVENT: Receive Msg | SENDER: 1 | LOGICAL TIME: 256 | PHYSICAL TIME: 2025-03-04 19:20:01.00, MESSAGE QUEUE LENGTH: 1

2025-03-04 19:20:02,124 - INFO - EVENT: Internal Event | LOGICAL TIME: 257 | PHYSICAL TIME: 2025-03-04 19:20:02.12, MESSAGE QUEUE LENGTH: 0

2025-03-04 19:20:02,296 - INFO - EVENT: Receive Msg | SENDER: 1 | LOGICAL TIME: 258 | PHYSICAL TIME: 2025-03-04 19:20:02.00, MESSAGE QUEUE LENGTH: 1

2025-03-04 19:20:02,555 - INFO - EVENT: Internal Event | LOGICAL TIME: 259 | PHYSICAL TIME: 2025-03-04 19:20:02.55, MESSAGE QUEUE LENGTH: 0

2025-03-04 19:20:02,744 - INFO - EVENT: Send Msg | RECIPIENT: 3 | LOGICAL TIME: 260 | PHYSICAL TIME: 2025-03-04 19:20:02.74, MESSAGE QUEUE LENGTH: 0

2025-03-04 19:20:02,926 - INFO - EVENT: Receive Msg | SENDER: 1 | LOGICAL TIME: 261 | PHYSICAL TIME: 2025-03-04 19:20:02.00, MESSAGE QUEUE LENGTH: 1

2025-03-04 19:20:03,095 - INFO - EVENT: Receive Msg | SENDER: 1 | LOGICAL TIME: 262 | PHYSICAL TIME: 2025-03-04 19:20:02.00, MESSAGE QUEUE LENGTH: 1

2025-03-04 19:20:03,524 - INFO - EVENT: Receive Msg | SENDER: 1 | LOGICAL TIME: 263 | PHYSICAL TIME: 2025-03-04 19:20:03.00, MESSAGE QUEUE LENGTH: 1

2025-03-04 19:20:03,711 - INFO - EVENT: Receive Msg | SENDER: 1 | LOGICAL TIME: 265 | PHYSICAL TIME: 2025-03-04 19:20:03.00, MESSAGE QUEUE LENGTH: 1

2025-03-04 19:20:03,896 - INFO - EVENT: Internal Event | LOGICAL TIME: 266 | PHYSICAL TIME: 2025-03-04 19:20:03.89, MESSAGE QUEUE LENGTH: 0

2025-03-04 19:20:04,078 - INFO - EVENT: Send Msg | RECIPIENT: 1 and 3 | LOGICAL TIME: 267 | PHYSICAL TIME: 2025-03-04 19:20:04.07, MESSAGE QUEUE LENGTH: 0

2025-03-04 19:20:04,248 - INFO - EVENT: Receive Msg | SENDER: 3 | LOGICAL TIME: 268 | PHYSICAL TIME: 2025-03-04 19:20:04.00, MESSAGE QUEUE LENGTH: 1

2025-03-04 19:20:04,494 - INFO - EVENT: Internal Event | LOGICAL TIME: 269 | PHYSICAL TIME: 2025-03-04 19:20:04.49, MESSAGE QUEUE LENGTH: 0

2025-03-04 19:20:04,695 - INFO - EVENT: Internal Event | LOGICAL TIME: 270 | PHYSICAL TIME: 2025-03-04 19:20:04.69, MESSAGE QUEUE LENGTH: 0

2025-03-04 19:20:04,872 - INFO - EVENT: Send Msg | RECIPIENT: 3 | LOGICAL TIME: 271 | PHYSICAL TIME: 2025-03-04 19:20:04.87, MESSAGE QUEUE LENGTH: 0

2025-03-04 19:20:05,046 - INFO - EVENT: Receive Msg | SENDER: 3 | LOGICAL TIME: 272 | PHYSICAL TIME: 2025-03-04 19:20:04.00, MESSAGE QUEUE LENGTH: 1

2025-03-04 19:20:05,216 - INFO - EVENT: Internal Event | LOGICAL TIME: 273 | PHYSICAL TIME: 2025-03-04 19:20:05.21, MESSAGE QUEUE LENGTH: 0

2025-03-04 19:20:05,463 - INFO - EVENT: Internal Event | LOGICAL TIME: 274 | PHYSICAL TIME: 2025-03-04 19:20:05.46, MESSAGE QUEUE LENGTH: 0

2025-03-04 19:20:05,658 - INFO - EVENT: Internal Event | LOGICAL TIME: 275 | PHYSICAL TIME: 2025-03-04 19:20:05.65, MESSAGE QUEUE LENGTH: 0

2025-03-04 19:20:05,878 - INFO - EVENT: Internal Event | LOGICAL TIME: 276 | PHYSICAL TIME: 2025-03-04 19:20:05.87, MESSAGE QUEUE LENGTH: 0

2025-03-04 19:20:06,072 - INFO - EVENT: Send Msg | RECIPIENT: 1 and 3 | LOGICAL TIME: 277 | PHYSICAL TIME: 2025-03-04 19:20:06.07, MESSAGE QUEUE LENGTH: 0

2025-03-04 19:20:06,239 - INFO - EVENT: Internal Event | LOGICAL TIME: 278 | PHYSICAL TIME: 2025-03-04 19:20:06.23, MESSAGE QUEUE LENGTH: 0

2025-03-04 19:20:06,414 - INFO - EVENT: Send Msg | RECIPIENT: 1 | LOGICAL TIME: 279 | PHYSICAL TIME: 2025-03-04 19:20:06.41, MESSAGE QUEUE LENGTH: 0

2025-03-04 19:20:06,665 - INFO - EVENT: Internal Event | LOGICAL TIME: 280 | PHYSICAL TIME: 2025-03-04 19:20:06.66, MESSAGE QUEUE LENGTH: 0

2025-03-04 19:20:06,864 - INFO - EVENT: Internal Event | LOGICAL TIME: 281 | PHYSICAL TIME: 2025-03-04 19:20:06.86, MESSAGE QUEUE LENGTH: 0

2025-03-04 19:20:07,094 - INFO - EVENT: Receive Msg | SENDER: 1 | LOGICAL TIME: 282 | PHYSICAL TIME: 2025-03-04 19:20:06.00, MESSAGE QUEUE LENGTH: 1

2025-03-04 19:20:07,318 - INFO - EVENT: Internal Event | LOGICAL TIME: 283 | PHYSICAL TIME: 2025-03-04 19:20:07.31, MESSAGE QUEUE LENGTH: 0

2025-03-04 19:20:07,492 - INFO - EVENT: Internal Event | LOGICAL TIME: 284 | PHYSICAL TIME: 2025-03-04 19:20:07.49, MESSAGE QUEUE LENGTH: 0

2025-03-04 19:20:07,702 - INFO - EVENT: Receive Msg | SENDER: 3 | LOGICAL TIME: 286 | PHYSICAL TIME: 2025-03-04 19:20:07.00, MESSAGE QUEUE LENGTH: 1

2025-03-04 19:20:07,883 - INFO - EVENT: Internal Event | LOGICAL TIME: 287 | PHYSICAL TIME: 2025-03-04 19:20:07.88, MESSAGE QUEUE LENGTH: 0

2025-03-04 19:20:08,099 - INFO - EVENT: Internal Event | LOGICAL TIME: 288 | PHYSICAL TIME: 2025-03-04 19:20:08.09, MESSAGE QUEUE LENGTH: 0

2025-03-04 19:20:08,293 - INFO - EVENT: Send Msg | RECIPIENT: 1 | LOGICAL TIME: 289 | PHYSICAL TIME: 2025-03-04 19:20:08.29, MESSAGE QUEUE LENGTH: 0

2025-03-04 19:20:08,463 - INFO - EVENT: Send Msg | RECIPIENT: 3 | LOGICAL TIME: 290 | PHYSICAL TIME: 2025-03-04 19:20:08.46, MESSAGE QUEUE LENGTH: 0

2025-03-04 19:20:08,633 - INFO - EVENT: Internal Event | LOGICAL TIME: 291 | PHYSICAL TIME: 2025-03-04 19:20:08.63, MESSAGE QUEUE LENGTH: 0

2025-03-04 19:20:08,814 - INFO - EVENT: Internal Event | LOGICAL TIME: 292 | PHYSICAL TIME: 2025-03-04 19:20:08.81, MESSAGE QUEUE LENGTH: 0

2025-03-04 19:20:08,989 - INFO - EVENT: Send Msg | RECIPIENT: 1 | LOGICAL TIME: 293 | PHYSICAL TIME: 2025-03-04 19:20:08.98, MESSAGE QUEUE LENGTH: 0

2025-03-04 19:20:09,161 - INFO - EVENT: Internal Event | LOGICAL TIME: 294 | PHYSICAL TIME: 2025-03-04 19:20:09.16, MESSAGE QUEUE LENGTH: 0

2025-03-04 19:20:09,378 - INFO - EVENT: Receive Msg | SENDER: 1 | LOGICAL TIME: 296 | PHYSICAL TIME: 2025-03-04 19:20:09.00, MESSAGE QUEUE LENGTH: 1

2025-03-04 19:20:09,625 - INFO - EVENT: Internal Event | LOGICAL TIME: 297 | PHYSICAL TIME: 2025-03-04 19:20:09.62, MESSAGE QUEUE LENGTH: 0

2025-03-04 19:20:09,800 - INFO - EVENT: Internal Event | LOGICAL TIME: 298 | PHYSICAL TIME: 2025-03-04 19:20:09.80, MESSAGE QUEUE LENGTH: 0

2025-03-04 19:20:09,983 - INFO - EVENT: Receive Msg | SENDER: 1 | LOGICAL TIME: 299 | PHYSICAL TIME: 2025-03-04 19:20:09.00, MESSAGE QUEUE LENGTH: 1

2025-03-04 19:20:10,296 - INFO - EVENT: Send Msg | RECIPIENT: 1 | LOGICAL TIME: 300 | PHYSICAL TIME: 2025-03-04 19:20:10.29, MESSAGE QUEUE LENGTH: 0

2025-03-04 19:20:10,468 - INFO - EVENT: Internal Event | LOGICAL TIME: 301 | PHYSICAL TIME: 2025-03-04 19:20:10.46, MESSAGE QUEUE LENGTH: 0

2025-03-04 19:20:10,718 - INFO - EVENT: Internal Event | LOGICAL TIME: 302 | PHYSICAL TIME: 2025-03-04 19:20:10.71, MESSAGE QUEUE LENGTH: 0

2025-03-04 19:20:10,925 - INFO - EVENT: Send Msg | RECIPIENT: 1 | LOGICAL TIME: 303 | PHYSICAL TIME: 2025-03-04 19:20:10.92, MESSAGE QUEUE LENGTH: 0

2025-03-04 19:20:11,133 - INFO - EVENT: Send Msg | RECIPIENT: 1 | LOGICAL TIME: 304 | PHYSICAL TIME: 2025-03-04 19:20:11.13, MESSAGE QUEUE LENGTH: 0

2025-03-04 19:20:11,308 - INFO - EVENT: Internal Event | LOGICAL TIME: 305 | PHYSICAL TIME: 2025-03-04 19:20:11.30, MESSAGE QUEUE LENGTH: 0

2025-03-04 19:20:11,477 - INFO - EVENT: Send Msg | RECIPIENT: 1 | LOGICAL TIME: 306 | PHYSICAL TIME: 2025-03-04 19:20:11.47, MESSAGE QUEUE LENGTH: 0

2025-03-04 19:20:11,684 - INFO - EVENT: Internal Event | LOGICAL TIME: 307 | PHYSICAL TIME: 2025-03-04 19:20:11.68, MESSAGE QUEUE LENGTH: 0

2025-03-04 19:20:11,982 - INFO - EVENT: Receive Msg | SENDER: 3 | LOGICAL TIME: 308 | PHYSICAL TIME: 2025-03-04 19:20:11.00, MESSAGE QUEUE LENGTH: 1

2025-03-04 19:20:12,174 - INFO - EVENT: Receive Msg | SENDER: 1 | LOGICAL TIME: 311 | PHYSICAL TIME: 2025-03-04 19:20:12.00, MESSAGE QUEUE LENGTH: 1

2025-03-04 19:20:12,420 - INFO - EVENT: Receive Msg | SENDER: 3 | LOGICAL TIME: 312 | PHYSICAL TIME: 2025-03-04 19:20:12.00, MESSAGE QUEUE LENGTH: 1

2025-03-04 19:20:12,609 - INFO - EVENT: Send Msg | RECIPIENT: 1 | LOGICAL TIME: 313 | PHYSICAL TIME: 2025-03-04 19:20:12.60, MESSAGE QUEUE LENGTH: 0

2025-03-04 19:20:12,819 - INFO - EVENT: Internal Event | LOGICAL TIME: 314 | PHYSICAL TIME: 2025-03-04 19:20:12.81, MESSAGE QUEUE LENGTH: 0

2025-03-04 19:20:12,987 - INFO - EVENT: Send Msg | RECIPIENT: 1 and 3 | LOGICAL TIME: 315 | PHYSICAL TIME: 2025-03-04 19:20:12.98, MESSAGE QUEUE LENGTH: 0

2025-03-04 19:20:13,170 - INFO - EVENT: Send Msg | RECIPIENT: 1 and 3 | LOGICAL TIME: 316 | PHYSICAL TIME: 2025-03-04 19:20:13.17, MESSAGE QUEUE LENGTH: 0

2025-03-04 19:20:13,463 - INFO - EVENT: Receive Msg | SENDER: 1 | LOGICAL TIME: 317 | PHYSICAL TIME: 2025-03-04 19:20:13.00, MESSAGE QUEUE LENGTH: 1

2025-03-04 19:20:13,638 - INFO - EVENT: Internal Event | LOGICAL TIME: 318 | PHYSICAL TIME: 2025-03-04 19:20:13.63, MESSAGE QUEUE LENGTH: 0

2025-03-04 19:20:13,818 - INFO - EVENT: Internal Event | LOGICAL TIME: 319 | PHYSICAL TIME: 2025-03-04 19:20:13.81, MESSAGE QUEUE LENGTH: 0

2025-03-04 19:20:13,990 - INFO - EVENT: Send Msg | RECIPIENT: 1 and 3 | LOGICAL TIME: 320 | PHYSICAL TIME: 2025-03-04 19:20:13.99, MESSAGE QUEUE LENGTH: 0

2025-03-04 19:20:14,162 - INFO - EVENT: Internal Event | LOGICAL TIME: 321 | PHYSICAL TIME: 2025-03-04 19:20:14.16, MESSAGE QUEUE LENGTH: 0

2025-03-04 19:20:14,334 - INFO - EVENT: Internal Event | LOGICAL TIME: 322 | PHYSICAL TIME: 2025-03-04 19:20:14.33, MESSAGE QUEUE LENGTH: 0

2025-03-04 19:20:14,669 - INFO - EVENT: Internal Event | LOGICAL TIME: 323 | PHYSICAL TIME: 2025-03-04 19:20:14.66, MESSAGE QUEUE LENGTH: 0

2025-03-04 19:20:14,868 - INFO - EVENT: Internal Event | LOGICAL TIME: 324 | PHYSICAL TIME: 2025-03-04 19:20:14.86, MESSAGE QUEUE LENGTH: 0

2025-03-04 19:20:15,106 - INFO - EVENT: Internal Event | LOGICAL TIME: 325 | PHYSICAL TIME: 2025-03-04 19:20:15.10, MESSAGE QUEUE LENGTH: 0

2025-03-04 19:20:15,320 - INFO - EVENT: Receive Msg | SENDER: 3 | LOGICAL TIME: 328 | PHYSICAL TIME: 2025-03-04 19:20:15.00, MESSAGE QUEUE LENGTH: 1

2025-03-04 19:20:15,504 - INFO - EVENT: Internal Event | LOGICAL TIME: 329 | PHYSICAL TIME: 2025-03-04 19:20:15.50, MESSAGE QUEUE LENGTH: 0

2025-03-04 19:20:15,689 - INFO - EVENT: Internal Event | LOGICAL TIME: 330 | PHYSICAL TIME: 2025-03-04 19:20:15.68, MESSAGE QUEUE LENGTH: 0

2025-03-04 19:20:15,887 - INFO - EVENT: Internal Event | LOGICAL TIME: 331 | PHYSICAL TIME: 2025-03-04 19:20:15.88, MESSAGE QUEUE LENGTH: 0

2025-03-04 19:20:16,084 - INFO - EVENT: Send Msg | RECIPIENT: 1 | LOGICAL TIME: 332 | PHYSICAL TIME: 2025-03-04 19:20:16.08, MESSAGE QUEUE LENGTH: 0

2025-03-04 19:20:16,273 - INFO - EVENT: Receive Msg | SENDER: 3 | LOGICAL TIME: 333 | PHYSICAL TIME: 2025-03-04 19:20:16.00, MESSAGE QUEUE LENGTH: 1

2025-03-04 19:20:16,442 - INFO - EVENT: Internal Event | LOGICAL TIME: 334 | PHYSICAL TIME: 2025-03-04 19:20:16.44, MESSAGE QUEUE LENGTH: 0

2025-03-04 19:20:16,619 - INFO - EVENT: Internal Event | LOGICAL TIME: 335 | PHYSICAL TIME: 2025-03-04 19:20:16.61, MESSAGE QUEUE LENGTH: 0

2025-03-04 19:20:16,790 - INFO - EVENT: Internal Event | LOGICAL TIME: 336 | PHYSICAL TIME: 2025-03-04 19:20:16.79, MESSAGE QUEUE LENGTH: 0

