2025-03-04 19:19:11,288 - INFO - Clock rate for client 3: 6 events per second
2025-03-04 19:19:11,875 - INFO - EVENT: Send Msg | RECIPIENT: 1 | LOGICAL TIME: 1 | PHYSICAL TIME: 2025-03-04 19:19:11.87, MESSAGE QUEUE LENGTH: 0

2025-03-04 19:19:12,047 - INFO - EVENT: Receive Msg | SENDER: 2 | LOGICAL TIME: 2 | PHYSICAL TIME: 2025-03-04 19:19:11.00, MESSAGE QUEUE LENGTH: 1

2025-03-04 19:19:12,325 - INFO - EVENT: Internal Event | LOGICAL TIME: 3 | PHYSICAL TIME: 2025-03-04 19:19:12.32, MESSAGE QUEUE LENGTH: 0

2025-03-04 19:19:12,533 - INFO - EVENT: Receive Msg | SENDER: 1 | LOGICAL TIME: 4 | PHYSICAL TIME: 2025-03-04 19:19:12.00, MESSAGE QUEUE LENGTH: 1

2025-03-04 19:19:12,863 - INFO - EVENT: Internal Event | LOGICAL TIME: 5 | PHYSICAL TIME: 2025-03-04 19:19:12.86, MESSAGE QUEUE LENGTH: 0

2025-03-04 19:19:13,037 - INFO - EVENT: Receive Msg | SENDER: 2 | LOGICAL TIME: 6 | PHYSICAL TIME: 2025-03-04 19:19:12.00, MESSAGE QUEUE LENGTH: 1

2025-03-04 19:19:13,304 - INFO - EVENT: Receive Msg | SENDER: 1 | LOGICAL TIME: 7 | PHYSICAL TIME: 2025-03-04 19:19:13.00, MESSAGE QUEUE LENGTH: 1

2025-03-04 19:19:13,535 - INFO - EVENT: Receive Msg | SENDER: 1 | LOGICAL TIME: 8 | PHYSICAL TIME: 2025-03-04 19:19:13.00, MESSAGE QUEUE LENGTH: 1

2025-03-04 19:19:13,736 - INFO - EVENT: Send Msg | RECIPIENT: 1 and 2 | LOGICAL TIME: 9 | PHYSICAL TIME: 2025-03-04 19:19:13.73, MESSAGE QUEUE LENGTH: 0

2025-03-04 19:19:13,935 - INFO - EVENT: Send Msg | RECIPIENT: 1 | LOGICAL TIME: 10 | PHYSICAL TIME: 2025-03-04 19:19:13.93, MESSAGE QUEUE LENGTH: 0

2025-03-04 19:19:14,316 - INFO - EVENT: Internal Event | LOGICAL TIME: 11 | PHYSICAL TIME: 2025-03-04 19:19:14.31, MESSAGE QUEUE LENGTH: 0

2025-03-04 19:19:14,633 - INFO - EVENT: Internal Event | LOGICAL TIME: 12 | PHYSICAL TIME: 2025-03-04 19:19:14.63, MESSAGE QUEUE LENGTH: 0

2025-03-04 19:19:14,847 - INFO - EVENT: Internal Event | LOGICAL TIME: 13 | PHYSICAL TIME: 2025-03-04 19:19:14.84, MESSAGE QUEUE LENGTH: 0

2025-03-04 19:19:15,016 - INFO - EVENT: Receive Msg | SENDER: 2 | LOGICAL TIME: 14 | PHYSICAL TIME: 2025-03-04 19:19:14.00, MESSAGE QUEUE LENGTH: 1

2025-03-04 19:19:15,224 - INFO - EVENT: Send Msg | RECIPIENT: 1 | LOGICAL TIME: 15 | PHYSICAL TIME: 2025-03-04 19:19:15.22, MESSAGE QUEUE LENGTH: 0

2025-03-04 19:19:15,420 - INFO - EVENT: Send Msg | RECIPIENT: 1 and 2 | LOGICAL TIME: 16 | PHYSICAL TIME: 2025-03-04 19:19:15.42, MESSAGE QUEUE LENGTH: 0

2025-03-04 19:19:15,588 - INFO - EVENT: Internal Event | LOGICAL TIME: 17 | PHYSICAL TIME: 2025-03-04 19:19:15.58, MESSAGE QUEUE LENGTH: 0

2025-03-04 19:19:15,949 - INFO - EVENT: Send Msg | RECIPIENT: 1 and 2 | LOGICAL TIME: 18 | PHYSICAL TIME: 2025-03-04 19:19:15.94, MESSAGE QUEUE LENGTH: 0

2025-03-04 19:19:16,288 - INFO - EVENT: Internal Event | LOGICAL TIME: 19 | PHYSICAL TIME: 2025-03-04 19:19:16.28, MESSAGE QUEUE LENGTH: 0

2025-03-04 19:19:16,604 - INFO - EVENT: Internal Event | LOGICAL TIME: 20 | PHYSICAL TIME: 2025-03-04 19:19:16.60, MESSAGE QUEUE LENGTH: 0

2025-03-04 19:19:16,868 - INFO - EVENT: Internal Event | LOGICAL TIME: 21 | PHYSICAL TIME: 2025-03-04 19:19:16.86, MESSAGE QUEUE LENGTH: 0

2025-03-04 19:19:17,054 - INFO - EVENT: Internal Event | LOGICAL TIME: 22 | PHYSICAL TIME: 2025-03-04 19:19:17.05, MESSAGE QUEUE LENGTH: 0

2025-03-04 19:19:17,222 - INFO - EVENT: Receive Msg | SENDER: 2 | LOGICAL TIME: 24 | PHYSICAL TIME: 2025-03-04 19:19:16.00, MESSAGE QUEUE LENGTH: 1

2025-03-04 19:19:17,510 - INFO - EVENT: Internal Event | LOGICAL TIME: 25 | PHYSICAL TIME: 2025-03-04 19:19:17.51, MESSAGE QUEUE LENGTH: 0

2025-03-04 19:19:17,787 - INFO - EVENT: Send Msg | RECIPIENT: 1 and 2 | LOGICAL TIME: 26 | PHYSICAL TIME: 2025-03-04 19:19:17.78, MESSAGE QUEUE LENGTH: 0

2025-03-04 19:19:18,106 - INFO - EVENT: Internal Event | LOGICAL TIME: 27 | PHYSICAL TIME: 2025-03-04 19:19:18.10, MESSAGE QUEUE LENGTH: 0

2025-03-04 19:19:18,321 - INFO - EVENT: Internal Event | LOGICAL TIME: 28 | PHYSICAL TIME: 2025-03-04 19:19:18.32, MESSAGE QUEUE LENGTH: 0

2025-03-04 19:19:18,707 - INFO - EVENT: Receive Msg | SENDER: 2 | LOGICAL TIME: 30 | PHYSICAL TIME: 2025-03-04 19:19:18.00, MESSAGE QUEUE LENGTH: 1

2025-03-04 19:19:18,934 - INFO - EVENT: Internal Event | LOGICAL TIME: 31 | PHYSICAL TIME: 2025-03-04 19:19:18.93, MESSAGE QUEUE LENGTH: 0

2025-03-04 19:19:19,106 - INFO - EVENT: Internal Event | LOGICAL TIME: 32 | PHYSICAL TIME: 2025-03-04 19:19:19.10, MESSAGE QUEUE LENGTH: 0

2025-03-04 19:19:19,324 - INFO - EVENT: Receive Msg | SENDER: 1 | LOGICAL TIME: 33 | PHYSICAL TIME: 2025-03-04 19:19:19.00, MESSAGE QUEUE LENGTH: 1

2025-03-04 19:19:19,524 - INFO - EVENT: Internal Event | LOGICAL TIME: 34 | PHYSICAL TIME: 2025-03-04 19:19:19.52, MESSAGE QUEUE LENGTH: 0

2025-03-04 19:19:19,807 - INFO - EVENT: Receive Msg | SENDER: 1 | LOGICAL TIME: 35 | PHYSICAL TIME: 2025-03-04 19:19:19.00, MESSAGE QUEUE LENGTH: 1

2025-03-04 19:19:19,978 - INFO - EVENT: Send Msg | RECIPIENT: 2 | LOGICAL TIME: 36 | PHYSICAL TIME: 2025-03-04 19:19:19.97, MESSAGE QUEUE LENGTH: 0

2025-03-04 19:19:20,242 - INFO - EVENT: Receive Msg | SENDER: 2 | LOGICAL TIME: 37 | PHYSICAL TIME: 2025-03-04 19:19:20.00, MESSAGE QUEUE LENGTH: 1

2025-03-04 19:19:20,413 - INFO - EVENT: Internal Event | LOGICAL TIME: 38 | PHYSICAL TIME: 2025-03-04 19:19:20.41, MESSAGE QUEUE LENGTH: 0

2025-03-04 19:19:20,908 - INFO - EVENT: Receive Msg | SENDER: 1 | LOGICAL TIME: 39 | PHYSICAL TIME: 2025-03-04 19:19:20.00, MESSAGE QUEUE LENGTH: 2

2025-03-04 19:19:21,183 - INFO - EVENT: Receive Msg | SENDER: 2 | LOGICAL TIME: 40 | PHYSICAL TIME: 2025-03-04 19:19:20.00, MESSAGE QUEUE LENGTH: 2

2025-03-04 19:19:21,353 - INFO - EVENT: Receive Msg | SENDER: 2 | LOGICAL TIME: 41 | PHYSICAL TIME: 2025-03-04 19:19:20.00, MESSAGE QUEUE LENGTH: 1

2025-03-04 19:19:21,558 - INFO - EVENT: Receive Msg | SENDER: 1 | LOGICAL TIME: 43 | PHYSICAL TIME: 2025-03-04 19:19:21.00, MESSAGE QUEUE LENGTH: 1

2025-03-04 19:19:21,790 - INFO - EVENT: Internal Event | LOGICAL TIME: 44 | PHYSICAL TIME: 2025-03-04 19:19:21.79, MESSAGE QUEUE LENGTH: 0

2025-03-04 19:19:22,095 - INFO - EVENT: Internal Event | LOGICAL TIME: 45 | PHYSICAL TIME: 2025-03-04 19:19:22.09, MESSAGE QUEUE LENGTH: 0

2025-03-04 19:19:22,276 - INFO - EVENT: Receive Msg | SENDER: 1 | LOGICAL TIME: 46 | PHYSICAL TIME: 2025-03-04 19:19:22.00, MESSAGE QUEUE LENGTH: 1

2025-03-04 19:19:22,448 - INFO - EVENT: Internal Event | LOGICAL TIME: 47 | PHYSICAL TIME: 2025-03-04 19:19:22.44, MESSAGE QUEUE LENGTH: 0

2025-03-04 19:19:22,619 - INFO - EVENT: Internal Event | LOGICAL TIME: 48 | PHYSICAL TIME: 2025-03-04 19:19:22.61, MESSAGE QUEUE LENGTH: 0

2025-03-04 19:19:22,798 - INFO - EVENT: Internal Event | LOGICAL TIME: 49 | PHYSICAL TIME: 2025-03-04 19:19:22.79, MESSAGE QUEUE LENGTH: 0

2025-03-04 19:19:23,009 - INFO - EVENT: Internal Event | LOGICAL TIME: 50 | PHYSICAL TIME: 2025-03-04 19:19:23.00, MESSAGE QUEUE LENGTH: 0

2025-03-04 19:19:23,209 - INFO - EVENT: Send Msg | RECIPIENT: 1 and 2 | LOGICAL TIME: 51 | PHYSICAL TIME: 2025-03-04 19:19:23.20, MESSAGE QUEUE LENGTH: 0

2025-03-04 19:19:23,594 - INFO - EVENT: Receive Msg | SENDER: 1 | LOGICAL TIME: 54 | PHYSICAL TIME: 2025-03-04 19:19:23.00, MESSAGE QUEUE LENGTH: 1

2025-03-04 19:19:23,860 - INFO - EVENT: Internal Event | LOGICAL TIME: 55 | PHYSICAL TIME: 2025-03-04 19:19:23.86, MESSAGE QUEUE LENGTH: 0

2025-03-04 19:19:24,032 - INFO - EVENT: Send Msg | RECIPIENT: 1 and 2 | LOGICAL TIME: 56 | PHYSICAL TIME: 2025-03-04 19:19:24.03, MESSAGE QUEUE LENGTH: 0

2025-03-04 19:19:24,293 - INFO - EVENT: Internal Event | LOGICAL TIME: 57 | PHYSICAL TIME: 2025-03-04 19:19:24.29, MESSAGE QUEUE LENGTH: 0

2025-03-04 19:19:24,479 - INFO - EVENT: Send Msg | RECIPIENT: 1 | LOGICAL TIME: 58 | PHYSICAL TIME: 2025-03-04 19:19:24.47, MESSAGE QUEUE LENGTH: 0

2025-03-04 19:19:24,671 - INFO - EVENT: Internal Event | LOGICAL TIME: 59 | PHYSICAL TIME: 2025-03-04 19:19:24.67, MESSAGE QUEUE LENGTH: 0

2025-03-04 19:19:24,909 - INFO - EVENT: Receive Msg | SENDER: 2 | LOGICAL TIME: 60 | PHYSICAL TIME: 2025-03-04 19:19:24.00, MESSAGE QUEUE LENGTH: 1

2025-03-04 19:19:25,161 - INFO - EVENT: Internal Event | LOGICAL TIME: 61 | PHYSICAL TIME: 2025-03-04 19:19:25.16, MESSAGE QUEUE LENGTH: 0

2025-03-04 19:19:25,345 - INFO - EVENT: Receive Msg | SENDER: 1 | LOGICAL TIME: 63 | PHYSICAL TIME: 2025-03-04 19:19:25.00, MESSAGE QUEUE LENGTH: 1

2025-03-04 19:19:25,554 - INFO - EVENT: Internal Event | LOGICAL TIME: 64 | PHYSICAL TIME: 2025-03-04 19:19:25.55, MESSAGE QUEUE LENGTH: 0

2025-03-04 19:19:25,726 - INFO - EVENT: Send Msg | RECIPIENT: 2 | LOGICAL TIME: 65 | PHYSICAL TIME: 2025-03-04 19:19:25.72, MESSAGE QUEUE LENGTH: 0

2025-03-04 19:19:25,928 - INFO - EVENT: Internal Event | LOGICAL TIME: 66 | PHYSICAL TIME: 2025-03-04 19:19:25.92, MESSAGE QUEUE LENGTH: 0

2025-03-04 19:19:26,129 - INFO - EVENT: Send Msg | RECIPIENT: 1 and 2 | LOGICAL TIME: 67 | PHYSICAL TIME: 2025-03-04 19:19:26.12, MESSAGE QUEUE LENGTH: 0

2025-03-04 19:19:26,328 - INFO - EVENT: Receive Msg | SENDER: 2 | LOGICAL TIME: 69 | PHYSICAL TIME: 2025-03-04 19:19:26.00, MESSAGE QUEUE LENGTH: 1

2025-03-04 19:19:26,509 - INFO - EVENT: Internal Event | LOGICAL TIME: 70 | PHYSICAL TIME: 2025-03-04 19:19:26.50, MESSAGE QUEUE LENGTH: 0

2025-03-04 19:19:26,745 - INFO - EVENT: Internal Event | LOGICAL TIME: 71 | PHYSICAL TIME: 2025-03-04 19:19:26.74, MESSAGE QUEUE LENGTH: 0

2025-03-04 19:19:26,917 - INFO - EVENT: Receive Msg | SENDER: 2 | LOGICAL TIME: 72 | PHYSICAL TIME: 2025-03-04 19:19:26.00, MESSAGE QUEUE LENGTH: 2

2025-03-04 19:19:27,087 - INFO - EVENT: Receive Msg | SENDER: 1 | LOGICAL TIME: 73 | PHYSICAL TIME: 2025-03-04 19:19:26.00, MESSAGE QUEUE LENGTH: 1

2025-03-04 19:19:27,393 - INFO - EVENT: Receive Msg | SENDER: 2 | LOGICAL TIME: 75 | PHYSICAL TIME: 2025-03-04 19:19:27.00, MESSAGE QUEUE LENGTH: 1

2025-03-04 19:19:27,584 - INFO - EVENT: Internal Event | LOGICAL TIME: 76 | PHYSICAL TIME: 2025-03-04 19:19:27.58, MESSAGE QUEUE LENGTH: 0

2025-03-04 19:19:27,779 - INFO - EVENT: Internal Event | LOGICAL TIME: 77 | PHYSICAL TIME: 2025-03-04 19:19:27.77, MESSAGE QUEUE LENGTH: 0

2025-03-04 19:19:27,965 - INFO - EVENT: Internal Event | LOGICAL TIME: 78 | PHYSICAL TIME: 2025-03-04 19:19:27.96, MESSAGE QUEUE LENGTH: 0

2025-03-04 19:19:28,141 - INFO - EVENT: Internal Event | LOGICAL TIME: 79 | PHYSICAL TIME: 2025-03-04 19:19:28.14, MESSAGE QUEUE LENGTH: 0

2025-03-04 19:19:28,377 - INFO - EVENT: Receive Msg | SENDER: 1 | LOGICAL TIME: 80 | PHYSICAL TIME: 2025-03-04 19:19:28.00, MESSAGE QUEUE LENGTH: 1

2025-03-04 19:19:28,614 - INFO - EVENT: Receive Msg | SENDER: 2 | LOGICAL TIME: 81 | PHYSICAL TIME: 2025-03-04 19:19:28.00, MESSAGE QUEUE LENGTH: 1

2025-03-04 19:19:28,798 - INFO - EVENT: Send Msg | RECIPIENT: 1 | LOGICAL TIME: 82 | PHYSICAL TIME: 2025-03-04 19:19:28.79, MESSAGE QUEUE LENGTH: 0

2025-03-04 19:19:28,967 - INFO - EVENT: Receive Msg | SENDER: 1 | LOGICAL TIME: 83 | PHYSICAL TIME: 2025-03-04 19:19:28.00, MESSAGE QUEUE LENGTH: 1

2025-03-04 19:19:29,150 - INFO - EVENT: Internal Event | LOGICAL TIME: 84 | PHYSICAL TIME: 2025-03-04 19:19:29.15, MESSAGE QUEUE LENGTH: 0

2025-03-04 19:19:29,319 - INFO - EVENT: Send Msg | RECIPIENT: 1 and 2 | LOGICAL TIME: 85 | PHYSICAL TIME: 2025-03-04 19:19:29.31, MESSAGE QUEUE LENGTH: 0

2025-03-04 19:19:29,501 - INFO - EVENT: Internal Event | LOGICAL TIME: 86 | PHYSICAL TIME: 2025-03-04 19:19:29.50, MESSAGE QUEUE LENGTH: 0

2025-03-04 19:19:29,763 - INFO - EVENT: Internal Event | LOGICAL TIME: 87 | PHYSICAL TIME: 2025-03-04 19:19:29.76, MESSAGE QUEUE LENGTH: 0

2025-03-04 19:19:29,948 - INFO - EVENT: Internal Event | LOGICAL TIME: 88 | PHYSICAL TIME: 2025-03-04 19:19:29.94, MESSAGE QUEUE LENGTH: 0

2025-03-04 19:19:30,182 - INFO - EVENT: Receive Msg | SENDER: 2 | LOGICAL TIME: 89 | PHYSICAL TIME: 2025-03-04 19:19:29.00, MESSAGE QUEUE LENGTH: 1

2025-03-04 19:19:30,350 - INFO - EVENT: Internal Event | LOGICAL TIME: 90 | PHYSICAL TIME: 2025-03-04 19:19:30.35, MESSAGE QUEUE LENGTH: 0

2025-03-04 19:19:30,567 - INFO - EVENT: Send Msg | RECIPIENT: 1 | LOGICAL TIME: 91 | PHYSICAL TIME: 2025-03-04 19:19:30.56, MESSAGE QUEUE LENGTH: 0

2025-03-04 19:19:30,767 - INFO - EVENT: Receive Msg | SENDER: 2 | LOGICAL TIME: 92 | PHYSICAL TIME: 2025-03-04 19:19:30.00, MESSAGE QUEUE LENGTH: 1

2025-03-04 19:19:30,935 - INFO - EVENT: Internal Event | LOGICAL TIME: 93 | PHYSICAL TIME: 2025-03-04 19:19:30.93, MESSAGE QUEUE LENGTH: 0

2025-03-04 19:19:31,134 - INFO - EVENT: Internal Event | LOGICAL TIME: 94 | PHYSICAL TIME: 2025-03-04 19:19:31.13, MESSAGE QUEUE LENGTH: 0

2025-03-04 19:19:31,302 - INFO - EVENT: Internal Event | LOGICAL TIME: 95 | PHYSICAL TIME: 2025-03-04 19:19:31.30, MESSAGE QUEUE LENGTH: 0

2025-03-04 19:19:31,481 - INFO - EVENT: Internal Event | LOGICAL TIME: 96 | PHYSICAL TIME: 2025-03-04 19:19:31.48, MESSAGE QUEUE LENGTH: 0

2025-03-04 19:19:31,668 - INFO - EVENT: Receive Msg | SENDER: 2 | LOGICAL TIME: 97 | PHYSICAL TIME: 2025-03-04 19:19:31.00, MESSAGE QUEUE LENGTH: 1

2025-03-04 19:19:31,885 - INFO - EVENT: Internal Event | LOGICAL TIME: 98 | PHYSICAL TIME: 2025-03-04 19:19:31.88, MESSAGE QUEUE LENGTH: 0

2025-03-04 19:19:32,065 - INFO - EVENT: Internal Event | LOGICAL TIME: 99 | PHYSICAL TIME: 2025-03-04 19:19:32.06, MESSAGE QUEUE LENGTH: 0

2025-03-04 19:19:32,253 - INFO - EVENT: Internal Event | LOGICAL TIME: 100 | PHYSICAL TIME: 2025-03-04 19:19:32.25, MESSAGE QUEUE LENGTH: 0

2025-03-04 19:19:32,450 - INFO - EVENT: Internal Event | LOGICAL TIME: 101 | PHYSICAL TIME: 2025-03-04 19:19:32.45, MESSAGE QUEUE LENGTH: 0

2025-03-04 19:19:32,759 - INFO - EVENT: Receive Msg | SENDER: 1 | LOGICAL TIME: 103 | PHYSICAL TIME: 2025-03-04 19:19:32.00, MESSAGE QUEUE LENGTH: 1

2025-03-04 19:19:32,943 - INFO - EVENT: Internal Event | LOGICAL TIME: 104 | PHYSICAL TIME: 2025-03-04 19:19:32.94, MESSAGE QUEUE LENGTH: 0

2025-03-04 19:19:33,165 - INFO - EVENT: Internal Event | LOGICAL TIME: 105 | PHYSICAL TIME: 2025-03-04 19:19:33.16, MESSAGE QUEUE LENGTH: 0

2025-03-04 19:19:33,336 - INFO - EVENT: Internal Event | LOGICAL TIME: 106 | PHYSICAL TIME: 2025-03-04 19:19:33.33, MESSAGE QUEUE LENGTH: 0

2025-03-04 19:19:33,624 - INFO - EVENT: Receive Msg | SENDER: 2 | LOGICAL TIME: 107 | PHYSICAL TIME: 2025-03-04 19:19:33.00, MESSAGE QUEUE LENGTH: 1

2025-03-04 19:19:33,797 - INFO - EVENT: Internal Event | LOGICAL TIME: 108 | PHYSICAL TIME: 2025-03-04 19:19:33.79, MESSAGE QUEUE LENGTH: 0

2025-03-04 19:19:34,037 - INFO - EVENT: Internal Event | LOGICAL TIME: 109 | PHYSICAL TIME: 2025-03-04 19:19:34.03, MESSAGE QUEUE LENGTH: 0

2025-03-04 19:19:34,253 - INFO - EVENT: Internal Event | LOGICAL TIME: 110 | PHYSICAL TIME: 2025-03-04 19:19:34.25, MESSAGE QUEUE LENGTH: 0

2025-03-04 19:19:34,437 - INFO - EVENT: Send Msg | RECIPIENT: 1 and 2 | LOGICAL TIME: 111 | PHYSICAL TIME: 2025-03-04 19:19:34.43, MESSAGE QUEUE LENGTH: 0

2025-03-04 19:19:34,634 - INFO - EVENT: Internal Event | LOGICAL TIME: 112 | PHYSICAL TIME: 2025-03-04 19:19:34.63, MESSAGE QUEUE LENGTH: 0

2025-03-04 19:19:34,836 - INFO - EVENT: Receive Msg | SENDER: 1 | LOGICAL TIME: 115 | PHYSICAL TIME: 2025-03-04 19:19:34.00, MESSAGE QUEUE LENGTH: 1

2025-03-04 19:19:35,018 - INFO - EVENT: Internal Event | LOGICAL TIME: 116 | PHYSICAL TIME: 2025-03-04 19:19:35.01, MESSAGE QUEUE LENGTH: 0

2025-03-04 19:19:35,185 - INFO - EVENT: Internal Event | LOGICAL TIME: 117 | PHYSICAL TIME: 2025-03-04 19:19:35.18, MESSAGE QUEUE LENGTH: 0

2025-03-04 19:19:35,404 - INFO - EVENT: Internal Event | LOGICAL TIME: 118 | PHYSICAL TIME: 2025-03-04 19:19:35.40, MESSAGE QUEUE LENGTH: 0

2025-03-04 19:19:35,573 - INFO - EVENT: Receive Msg | SENDER: 2 | LOGICAL TIME: 119 | PHYSICAL TIME: 2025-03-04 19:19:35.00, MESSAGE QUEUE LENGTH: 1

2025-03-04 19:19:35,817 - INFO - EVENT: Internal Event | LOGICAL TIME: 120 | PHYSICAL TIME: 2025-03-04 19:19:35.81, MESSAGE QUEUE LENGTH: 0

2025-03-04 19:19:36,004 - INFO - EVENT: Internal Event | LOGICAL TIME: 121 | PHYSICAL TIME: 2025-03-04 19:19:36.00, MESSAGE QUEUE LENGTH: 0

2025-03-04 19:19:36,183 - INFO - EVENT: Internal Event | LOGICAL TIME: 122 | PHYSICAL TIME: 2025-03-04 19:19:36.18, MESSAGE QUEUE LENGTH: 0

2025-03-04 19:19:36,399 - INFO - EVENT: Internal Event | LOGICAL TIME: 123 | PHYSICAL TIME: 2025-03-04 19:19:36.39, MESSAGE QUEUE LENGTH: 0

2025-03-04 19:19:36,575 - INFO - EVENT: Send Msg | RECIPIENT: 2 | LOGICAL TIME: 124 | PHYSICAL TIME: 2025-03-04 19:19:36.57, MESSAGE QUEUE LENGTH: 0

2025-03-04 19:19:36,761 - INFO - EVENT: Send Msg | RECIPIENT: 1 and 2 | LOGICAL TIME: 125 | PHYSICAL TIME: 2025-03-04 19:19:36.76, MESSAGE QUEUE LENGTH: 0

2025-03-04 19:19:36,955 - INFO - EVENT: Internal Event | LOGICAL TIME: 126 | PHYSICAL TIME: 2025-03-04 19:19:36.95, MESSAGE QUEUE LENGTH: 0

2025-03-04 19:19:37,131 - INFO - EVENT: Internal Event | LOGICAL TIME: 127 | PHYSICAL TIME: 2025-03-04 19:19:37.13, MESSAGE QUEUE LENGTH: 0

2025-03-04 19:19:37,339 - INFO - EVENT: Send Msg | RECIPIENT: 2 | LOGICAL TIME: 128 | PHYSICAL TIME: 2025-03-04 19:19:37.33, MESSAGE QUEUE LENGTH: 0

2025-03-04 19:19:37,507 - INFO - EVENT: Internal Event | LOGICAL TIME: 129 | PHYSICAL TIME: 2025-03-04 19:19:37.50, MESSAGE QUEUE LENGTH: 0

2025-03-04 19:19:37,835 - INFO - EVENT: Receive Msg | SENDER: 1 | LOGICAL TIME: 130 | PHYSICAL TIME: 2025-03-04 19:19:37.00, MESSAGE QUEUE LENGTH: 1

2025-03-04 19:19:38,006 - INFO - EVENT: Internal Event | LOGICAL TIME: 131 | PHYSICAL TIME: 2025-03-04 19:19:38.00, MESSAGE QUEUE LENGTH: 0

2025-03-04 19:19:38,178 - INFO - EVENT: Receive Msg | SENDER: 2 | LOGICAL TIME: 132 | PHYSICAL TIME: 2025-03-04 19:19:38.00, MESSAGE QUEUE LENGTH: 1

2025-03-04 19:19:38,354 - INFO - EVENT: Receive Msg | SENDER: 1 | LOGICAL TIME: 133 | PHYSICAL TIME: 2025-03-04 19:19:38.00, MESSAGE QUEUE LENGTH: 1

2025-03-04 19:19:38,524 - INFO - EVENT: Receive Msg | SENDER: 2 | LOGICAL TIME: 134 | PHYSICAL TIME: 2025-03-04 19:19:38.00, MESSAGE QUEUE LENGTH: 1

2025-03-04 19:19:38,721 - INFO - EVENT: Send Msg | RECIPIENT: 2 | LOGICAL TIME: 135 | PHYSICAL TIME: 2025-03-04 19:19:38.72, MESSAGE QUEUE LENGTH: 0

2025-03-04 19:19:38,922 - INFO - EVENT: Send Msg | RECIPIENT: 2 | LOGICAL TIME: 136 | PHYSICAL TIME: 2025-03-04 19:19:38.92, MESSAGE QUEUE LENGTH: 0

2025-03-04 19:19:39,092 - INFO - EVENT: Receive Msg | SENDER: 1 | LOGICAL TIME: 137 | PHYSICAL TIME: 2025-03-04 19:19:39.00, MESSAGE QUEUE LENGTH: 1

2025-03-04 19:19:39,308 - INFO - EVENT: Internal Event | LOGICAL TIME: 138 | PHYSICAL TIME: 2025-03-04 19:19:39.30, MESSAGE QUEUE LENGTH: 0

2025-03-04 19:19:39,572 - INFO - EVENT: Send Msg | RECIPIENT: 1 | LOGICAL TIME: 139 | PHYSICAL TIME: 2025-03-04 19:19:39.57, MESSAGE QUEUE LENGTH: 0

2025-03-04 19:19:39,755 - INFO - EVENT: Internal Event | LOGICAL TIME: 140 | PHYSICAL TIME: 2025-03-04 19:19:39.75, MESSAGE QUEUE LENGTH: 0

2025-03-04 19:19:39,926 - INFO - EVENT: Send Msg | RECIPIENT: 1 and 2 | LOGICAL TIME: 141 | PHYSICAL TIME: 2025-03-04 19:19:39.92, MESSAGE QUEUE LENGTH: 0

2025-03-04 19:19:40,109 - INFO - EVENT: Internal Event | LOGICAL TIME: 142 | PHYSICAL TIME: 2025-03-04 19:19:40.10, MESSAGE QUEUE LENGTH: 0

2025-03-04 19:19:40,279 - INFO - EVENT: Send Msg | RECIPIENT: 1 and 2 | LOGICAL TIME: 143 | PHYSICAL TIME: 2025-03-04 19:19:40.27, MESSAGE QUEUE LENGTH: 0

2025-03-04 19:19:40,490 - INFO - EVENT: Internal Event | LOGICAL TIME: 144 | PHYSICAL TIME: 2025-03-04 19:19:40.49, MESSAGE QUEUE LENGTH: 0

2025-03-04 19:19:40,676 - INFO - EVENT: Internal Event | LOGICAL TIME: 145 | PHYSICAL TIME: 2025-03-04 19:19:40.67, MESSAGE QUEUE LENGTH: 0

2025-03-04 19:19:40,849 - INFO - EVENT: Internal Event | LOGICAL TIME: 146 | PHYSICAL TIME: 2025-03-04 19:19:40.84, MESSAGE QUEUE LENGTH: 0

2025-03-04 19:19:41,027 - INFO - EVENT: Receive Msg | SENDER: 2 | LOGICAL TIME: 148 | PHYSICAL TIME: 2025-03-04 19:19:40.00, MESSAGE QUEUE LENGTH: 1

2025-03-04 19:19:41,237 - INFO - EVENT: Receive Msg | SENDER: 2 | LOGICAL TIME: 149 | PHYSICAL TIME: 2025-03-04 19:19:41.00, MESSAGE QUEUE LENGTH: 1

2025-03-04 19:19:41,426 - INFO - EVENT: Internal Event | LOGICAL TIME: 150 | PHYSICAL TIME: 2025-03-04 19:19:41.42, MESSAGE QUEUE LENGTH: 0

2025-03-04 19:19:41,597 - INFO - EVENT: Receive Msg | SENDER: 1 | LOGICAL TIME: 151 | PHYSICAL TIME: 2025-03-04 19:19:41.00, MESSAGE QUEUE LENGTH: 1

2025-03-04 19:19:41,826 - INFO - EVENT: Internal Event | LOGICAL TIME: 152 | PHYSICAL TIME: 2025-03-04 19:19:41.82, MESSAGE QUEUE LENGTH: 0

2025-03-04 19:19:42,009 - INFO - EVENT: Internal Event | LOGICAL TIME: 153 | PHYSICAL TIME: 2025-03-04 19:19:42.00, MESSAGE QUEUE LENGTH: 0

2025-03-04 19:19:42,178 - INFO - EVENT: Internal Event | LOGICAL TIME: 154 | PHYSICAL TIME: 2025-03-04 19:19:42.17, MESSAGE QUEUE LENGTH: 0

2025-03-04 19:19:42,442 - INFO - EVENT: Receive Msg | SENDER: 1 | LOGICAL TIME: 155 | PHYSICAL TIME: 2025-03-04 19:19:42.00, MESSAGE QUEUE LENGTH: 1

2025-03-04 19:19:42,723 - INFO - EVENT: Send Msg | RECIPIENT: 1 | LOGICAL TIME: 156 | PHYSICAL TIME: 2025-03-04 19:19:42.72, MESSAGE QUEUE LENGTH: 0

2025-03-04 19:19:42,924 - INFO - EVENT: Receive Msg | SENDER: 2 | LOGICAL TIME: 158 | PHYSICAL TIME: 2025-03-04 19:19:42.00, MESSAGE QUEUE LENGTH: 1

2025-03-04 19:19:43,209 - INFO - EVENT: Internal Event | LOGICAL TIME: 159 | PHYSICAL TIME: 2025-03-04 19:19:43.20, MESSAGE QUEUE LENGTH: 0

2025-03-04 19:19:43,458 - INFO - EVENT: Send Msg | RECIPIENT: 1 and 2 | LOGICAL TIME: 160 | PHYSICAL TIME: 2025-03-04 19:19:43.45, MESSAGE QUEUE LENGTH: 0

2025-03-04 19:19:43,708 - INFO - EVENT: Internal Event | LOGICAL TIME: 161 | PHYSICAL TIME: 2025-03-04 19:19:43.70, MESSAGE QUEUE LENGTH: 0

2025-03-04 19:19:43,895 - INFO - EVENT: Send Msg | RECIPIENT: 1 | LOGICAL TIME: 162 | PHYSICAL TIME: 2025-03-04 19:19:43.89, MESSAGE QUEUE LENGTH: 0

2025-03-04 19:19:44,064 - INFO - EVENT: Internal Event | LOGICAL TIME: 163 | PHYSICAL TIME: 2025-03-04 19:19:44.06, MESSAGE QUEUE LENGTH: 0

2025-03-04 19:19:44,344 - INFO - EVENT: Internal Event | LOGICAL TIME: 164 | PHYSICAL TIME: 2025-03-04 19:19:44.34, MESSAGE QUEUE LENGTH: 0

2025-03-04 19:19:44,525 - INFO - EVENT: Receive Msg | SENDER: 2 | LOGICAL TIME: 165 | PHYSICAL TIME: 2025-03-04 19:19:44.00, MESSAGE QUEUE LENGTH: 2

2025-03-04 19:19:44,694 - INFO - EVENT: Receive Msg | SENDER: 1 | LOGICAL TIME: 166 | PHYSICAL TIME: 2025-03-04 19:19:44.00, MESSAGE QUEUE LENGTH: 1

2025-03-04 19:19:44,864 - INFO - EVENT: Internal Event | LOGICAL TIME: 167 | PHYSICAL TIME: 2025-03-04 19:19:44.86, MESSAGE QUEUE LENGTH: 0

2025-03-04 19:19:45,040 - INFO - EVENT: Internal Event | LOGICAL TIME: 168 | PHYSICAL TIME: 2025-03-04 19:19:45.04, MESSAGE QUEUE LENGTH: 0

2025-03-04 19:19:45,210 - INFO - EVENT: Send Msg | RECIPIENT: 1 | LOGICAL TIME: 169 | PHYSICAL TIME: 2025-03-04 19:19:45.21, MESSAGE QUEUE LENGTH: 0

2025-03-04 19:19:45,412 - INFO - EVENT: Internal Event | LOGICAL TIME: 170 | PHYSICAL TIME: 2025-03-04 19:19:45.41, MESSAGE QUEUE LENGTH: 0

2025-03-04 19:19:45,625 - INFO - EVENT: Receive Msg | SENDER: 2 | LOGICAL TIME: 171 | PHYSICAL TIME: 2025-03-04 19:19:45.00, MESSAGE QUEUE LENGTH: 1

2025-03-04 19:19:45,827 - INFO - EVENT: Receive Msg | SENDER: 1 | LOGICAL TIME: 172 | PHYSICAL TIME: 2025-03-04 19:19:45.00, MESSAGE QUEUE LENGTH: 1

2025-03-04 19:19:46,145 - INFO - EVENT: Internal Event | LOGICAL TIME: 173 | PHYSICAL TIME: 2025-03-04 19:19:46.14, MESSAGE QUEUE LENGTH: 0

2025-03-04 19:19:46,361 - INFO - EVENT: Send Msg | RECIPIENT: 1 and 2 | LOGICAL TIME: 174 | PHYSICAL TIME: 2025-03-04 19:19:46.36, MESSAGE QUEUE LENGTH: 0

2025-03-04 19:19:46,532 - INFO - EVENT: Internal Event | LOGICAL TIME: 175 | PHYSICAL TIME: 2025-03-04 19:19:46.53, MESSAGE QUEUE LENGTH: 0

2025-03-04 19:19:46,768 - INFO - EVENT: Internal Event | LOGICAL TIME: 176 | PHYSICAL TIME: 2025-03-04 19:19:46.76, MESSAGE QUEUE LENGTH: 0

2025-03-04 19:19:46,981 - INFO - EVENT: Receive Msg | SENDER: 2 | LOGICAL TIME: 178 | PHYSICAL TIME: 2025-03-04 19:19:46.00, MESSAGE QUEUE LENGTH: 2

2025-03-04 19:19:47,180 - INFO - EVENT: Receive Msg | SENDER: 1 | LOGICAL TIME: 179 | PHYSICAL TIME: 2025-03-04 19:19:46.00, MESSAGE QUEUE LENGTH: 2

2025-03-04 19:19:47,379 - INFO - EVENT: Receive Msg | SENDER: 1 | LOGICAL TIME: 180 | PHYSICAL TIME: 2025-03-04 19:19:46.00, MESSAGE QUEUE LENGTH: 1

2025-03-04 19:19:47,580 - INFO - EVENT: Receive Msg | SENDER: 2 | LOGICAL TIME: 181 | PHYSICAL TIME: 2025-03-04 19:19:47.00, MESSAGE QUEUE LENGTH: 1

2025-03-04 19:19:47,765 - INFO - EVENT: Receive Msg | SENDER: 1 | LOGICAL TIME: 182 | PHYSICAL TIME: 2025-03-04 19:19:47.00, MESSAGE QUEUE LENGTH: 1

2025-03-04 19:19:47,985 - INFO - EVENT: Send Msg | RECIPIENT: 1 | LOGICAL TIME: 183 | PHYSICAL TIME: 2025-03-04 19:19:47.98, MESSAGE QUEUE LENGTH: 0

2025-03-04 19:19:48,265 - INFO - EVENT: Receive Msg | SENDER: 2 | LOGICAL TIME: 184 | PHYSICAL TIME: 2025-03-04 19:19:47.00, MESSAGE QUEUE LENGTH: 1

2025-03-04 19:19:48,530 - INFO - EVENT: Internal Event | LOGICAL TIME: 185 | PHYSICAL TIME: 2025-03-04 19:19:48.53, MESSAGE QUEUE LENGTH: 0

2025-03-04 19:19:48,782 - INFO - EVENT: Receive Msg | SENDER: 2 | LOGICAL TIME: 186 | PHYSICAL TIME: 2025-03-04 19:19:48.00, MESSAGE QUEUE LENGTH: 2

2025-03-04 19:19:48,965 - INFO - EVENT: Receive Msg | SENDER: 1 | LOGICAL TIME: 187 | PHYSICAL TIME: 2025-03-04 19:19:48.00, MESSAGE QUEUE LENGTH: 2

2025-03-04 19:19:49,136 - INFO - EVENT: Receive Msg | SENDER: 1 | LOGICAL TIME: 188 | PHYSICAL TIME: 2025-03-04 19:19:48.00, MESSAGE QUEUE LENGTH: 1

2025-03-04 19:19:49,307 - INFO - EVENT: Send Msg | RECIPIENT: 1 and 2 | LOGICAL TIME: 189 | PHYSICAL TIME: 2025-03-04 19:19:49.30, MESSAGE QUEUE LENGTH: 0

2025-03-04 19:19:49,533 - INFO - EVENT: Receive Msg | SENDER: 2 | LOGICAL TIME: 191 | PHYSICAL TIME: 2025-03-04 19:19:49.00, MESSAGE QUEUE LENGTH: 1

2025-03-04 19:19:49,783 - INFO - EVENT: Internal Event | LOGICAL TIME: 192 | PHYSICAL TIME: 2025-03-04 19:19:49.78, MESSAGE QUEUE LENGTH: 0

2025-03-04 19:19:49,969 - INFO - EVENT: Send Msg | RECIPIENT: 1 and 2 | LOGICAL TIME: 193 | PHYSICAL TIME: 2025-03-04 19:19:49.96, MESSAGE QUEUE LENGTH: 0

2025-03-04 19:19:50,147 - INFO - EVENT: Receive Msg | SENDER: 1 | LOGICAL TIME: 194 | PHYSICAL TIME: 2025-03-04 19:19:49.00, MESSAGE QUEUE LENGTH: 1

2025-03-04 19:19:50,318 - INFO - EVENT: Internal Event | LOGICAL TIME: 195 | PHYSICAL TIME: 2025-03-04 19:19:50.31, MESSAGE QUEUE LENGTH: 0

2025-03-04 19:19:50,596 - INFO - EVENT: Send Msg | RECIPIENT: 1 | LOGICAL TIME: 196 | PHYSICAL TIME: 2025-03-04 19:19:50.59, MESSAGE QUEUE LENGTH: 0

2025-03-04 19:19:50,764 - INFO - EVENT: Internal Event | LOGICAL TIME: 197 | PHYSICAL TIME: 2025-03-04 19:19:50.76, MESSAGE QUEUE LENGTH: 0

2025-03-04 19:19:51,017 - INFO - EVENT: Internal Event | LOGICAL TIME: 198 | PHYSICAL TIME: 2025-03-04 19:19:51.01, MESSAGE QUEUE LENGTH: 0

2025-03-04 19:19:51,311 - INFO - EVENT: Internal Event | LOGICAL TIME: 199 | PHYSICAL TIME: 2025-03-04 19:19:51.31, MESSAGE QUEUE LENGTH: 0

2025-03-04 19:19:51,501 - INFO - EVENT: Send Msg | RECIPIENT: 1 | LOGICAL TIME: 200 | PHYSICAL TIME: 2025-03-04 19:19:51.50, MESSAGE QUEUE LENGTH: 0

2025-03-04 19:19:51,717 - INFO - EVENT: Receive Msg | SENDER: 2 | LOGICAL TIME: 201 | PHYSICAL TIME: 2025-03-04 19:19:51.00, MESSAGE QUEUE LENGTH: 2

2025-03-04 19:19:51,886 - INFO - EVENT: Receive Msg | SENDER: 1 | LOGICAL TIME: 202 | PHYSICAL TIME: 2025-03-04 19:19:51.00, MESSAGE QUEUE LENGTH: 1

2025-03-04 19:19:52,117 - INFO - EVENT: Internal Event | LOGICAL TIME: 203 | PHYSICAL TIME: 2025-03-04 19:19:52.11, MESSAGE QUEUE LENGTH: 0

2025-03-04 19:19:52,334 - INFO - EVENT: Send Msg | RECIPIENT: 1 and 2 | LOGICAL TIME: 204 | PHYSICAL TIME: 2025-03-04 19:19:52.33, MESSAGE QUEUE LENGTH: 0

2025-03-04 19:19:52,519 - INFO - EVENT: Internal Event | LOGICAL TIME: 205 | PHYSICAL TIME: 2025-03-04 19:19:52.51, MESSAGE QUEUE LENGTH: 0

2025-03-04 19:19:52,717 - INFO - EVENT: Internal Event | LOGICAL TIME: 206 | PHYSICAL TIME: 2025-03-04 19:19:52.71, MESSAGE QUEUE LENGTH: 0

2025-03-04 19:19:52,884 - INFO - EVENT: Internal Event | LOGICAL TIME: 207 | PHYSICAL TIME: 2025-03-04 19:19:52.88, MESSAGE QUEUE LENGTH: 0

2025-03-04 19:19:53,085 - INFO - EVENT: Receive Msg | SENDER: 2 | LOGICAL TIME: 209 | PHYSICAL TIME: 2025-03-04 19:19:52.00, MESSAGE QUEUE LENGTH: 1

2025-03-04 19:19:53,284 - INFO - EVENT: Send Msg | RECIPIENT: 1 | LOGICAL TIME: 210 | PHYSICAL TIME: 2025-03-04 19:19:53.28, MESSAGE QUEUE LENGTH: 0

2025-03-04 19:19:53,572 - INFO - EVENT: Receive Msg | SENDER: 2 | LOGICAL TIME: 211 | PHYSICAL TIME: 2025-03-04 19:19:53.00, MESSAGE QUEUE LENGTH: 1

2025-03-04 19:19:53,768 - INFO - EVENT: Send Msg | RECIPIENT: 1 | LOGICAL TIME: 212 | PHYSICAL TIME: 2025-03-04 19:19:53.76, MESSAGE QUEUE LENGTH: 0

2025-03-04 19:19:53,950 - INFO - EVENT: Receive Msg | SENDER: 2 | LOGICAL TIME: 214 | PHYSICAL TIME: 2025-03-04 19:19:53.00, MESSAGE QUEUE LENGTH: 1

2025-03-04 19:19:54,118 - INFO - EVENT: Internal Event | LOGICAL TIME: 215 | PHYSICAL TIME: 2025-03-04 19:19:54.11, MESSAGE QUEUE LENGTH: 0

2025-03-04 19:19:54,288 - INFO - EVENT: Internal Event | LOGICAL TIME: 216 | PHYSICAL TIME: 2025-03-04 19:19:54.28, MESSAGE QUEUE LENGTH: 0

2025-03-04 19:19:54,485 - INFO - EVENT: Receive Msg | SENDER: 2 | LOGICAL TIME: 217 | PHYSICAL TIME: 2025-03-04 19:19:54.00, MESSAGE QUEUE LENGTH: 1

2025-03-04 19:19:54,662 - INFO - EVENT: Internal Event | LOGICAL TIME: 218 | PHYSICAL TIME: 2025-03-04 19:19:54.66, MESSAGE QUEUE LENGTH: 0

2025-03-04 19:19:54,832 - INFO - EVENT: Send Msg | RECIPIENT: 1 | LOGICAL TIME: 219 | PHYSICAL TIME: 2025-03-04 19:19:54.83, MESSAGE QUEUE LENGTH: 0

2025-03-04 19:19:55,021 - INFO - EVENT: Send Msg | RECIPIENT: 2 | LOGICAL TIME: 220 | PHYSICAL TIME: 2025-03-04 19:19:55.02, MESSAGE QUEUE LENGTH: 0

2025-03-04 19:19:55,215 - INFO - EVENT: Internal Event | LOGICAL TIME: 221 | PHYSICAL TIME: 2025-03-04 19:19:55.21, MESSAGE QUEUE LENGTH: 0

2025-03-04 19:19:55,385 - INFO - EVENT: Internal Event | LOGICAL TIME: 222 | PHYSICAL TIME: 2025-03-04 19:19:55.38, MESSAGE QUEUE LENGTH: 0

2025-03-04 19:19:55,689 - INFO - EVENT: Receive Msg | SENDER: 2 | LOGICAL TIME: 223 | PHYSICAL TIME: 2025-03-04 19:19:55.00, MESSAGE QUEUE LENGTH: 1

2025-03-04 19:19:55,861 - INFO - EVENT: Internal Event | LOGICAL TIME: 224 | PHYSICAL TIME: 2025-03-04 19:19:55.86, MESSAGE QUEUE LENGTH: 0

2025-03-04 19:19:56,030 - INFO - EVENT: Receive Msg | SENDER: 2 | LOGICAL TIME: 226 | PHYSICAL TIME: 2025-03-04 19:19:55.00, MESSAGE QUEUE LENGTH: 1

2025-03-04 19:19:56,237 - INFO - EVENT: Receive Msg | SENDER: 2 | LOGICAL TIME: 227 | PHYSICAL TIME: 2025-03-04 19:19:56.00, MESSAGE QUEUE LENGTH: 1

2025-03-04 19:19:56,500 - INFO - EVENT: Receive Msg | SENDER: 1 | LOGICAL TIME: 228 | PHYSICAL TIME: 2025-03-04 19:19:56.00, MESSAGE QUEUE LENGTH: 1

2025-03-04 19:19:56,688 - INFO - EVENT: Send Msg | RECIPIENT: 1 | LOGICAL TIME: 229 | PHYSICAL TIME: 2025-03-04 19:19:56.68, MESSAGE QUEUE LENGTH: 0

2025-03-04 19:19:56,859 - INFO - EVENT: Receive Msg | SENDER: 2 | LOGICAL TIME: 230 | PHYSICAL TIME: 2025-03-04 19:19:56.00, MESSAGE QUEUE LENGTH: 1

2025-03-04 19:19:57,090 - INFO - EVENT: Internal Event | LOGICAL TIME: 231 | PHYSICAL TIME: 2025-03-04 19:19:57.09, MESSAGE QUEUE LENGTH: 0

2025-03-04 19:19:57,269 - INFO - EVENT: Internal Event | LOGICAL TIME: 232 | PHYSICAL TIME: 2025-03-04 19:19:57.26, MESSAGE QUEUE LENGTH: 0

2025-03-04 19:19:57,470 - INFO - EVENT: Send Msg | RECIPIENT: 1 | LOGICAL TIME: 233 | PHYSICAL TIME: 2025-03-04 19:19:57.47, MESSAGE QUEUE LENGTH: 0

2025-03-04 19:19:57,655 - INFO - EVENT: Send Msg | RECIPIENT: 2 | LOGICAL TIME: 234 | PHYSICAL TIME: 2025-03-04 19:19:57.65, MESSAGE QUEUE LENGTH: 0

2025-03-04 19:19:57,841 - INFO - EVENT: Internal Event | LOGICAL TIME: 235 | PHYSICAL TIME: 2025-03-04 19:19:57.84, MESSAGE QUEUE LENGTH: 0

2025-03-04 19:19:58,104 - INFO - EVENT: Send Msg | RECIPIENT: 2 | LOGICAL TIME: 236 | PHYSICAL TIME: 2025-03-04 19:19:58.10, MESSAGE QUEUE LENGTH: 0

2025-03-04 19:19:58,325 - INFO - EVENT: Receive Msg | SENDER: 1 | LOGICAL TIME: 237 | PHYSICAL TIME: 2025-03-04 19:19:58.00, MESSAGE QUEUE LENGTH: 2

2025-03-04 19:19:58,610 - INFO - EVENT: Receive Msg | SENDER: 1 | LOGICAL TIME: 238 | PHYSICAL TIME: 2025-03-04 19:19:58.00, MESSAGE QUEUE LENGTH: 1

2025-03-04 19:19:58,807 - INFO - EVENT: Send Msg | RECIPIENT: 2 | LOGICAL TIME: 239 | PHYSICAL TIME: 2025-03-04 19:19:58.80, MESSAGE QUEUE LENGTH: 0

2025-03-04 19:19:58,975 - INFO - EVENT: Receive Msg | SENDER: 1 | LOGICAL TIME: 241 | PHYSICAL TIME: 2025-03-04 19:19:58.00, MESSAGE QUEUE LENGTH: 1

2025-03-04 19:19:59,207 - INFO - EVENT: Receive Msg | SENDER: 1 | LOGICAL TIME: 242 | PHYSICAL TIME: 2025-03-04 19:19:59.00, MESSAGE QUEUE LENGTH: 1

2025-03-04 19:19:59,395 - INFO - EVENT: Internal Event | LOGICAL TIME: 243 | PHYSICAL TIME: 2025-03-04 19:19:59.39, MESSAGE QUEUE LENGTH: 0

2025-03-04 19:19:59,566 - INFO - EVENT: Internal Event | LOGICAL TIME: 244 | PHYSICAL TIME: 2025-03-04 19:19:59.56, MESSAGE QUEUE LENGTH: 0

2025-03-04 19:19:59,771 - INFO - EVENT: Internal Event | LOGICAL TIME: 245 | PHYSICAL TIME: 2025-03-04 19:19:59.77, MESSAGE QUEUE LENGTH: 0

2025-03-04 19:19:59,950 - INFO - EVENT: Internal Event | LOGICAL TIME: 246 | PHYSICAL TIME: 2025-03-04 19:19:59.95, MESSAGE QUEUE LENGTH: 0

2025-03-04 19:20:00,118 - INFO - EVENT: Send Msg | RECIPIENT: 1 and 2 | LOGICAL TIME: 247 | PHYSICAL TIME: 2025-03-04 19:20:00.11, MESSAGE QUEUE LENGTH: 0

2025-03-04 19:20:00,292 - INFO - EVENT: Receive Msg | SENDER: 1 | LOGICAL TIME: 248 | PHYSICAL TIME: 2025-03-04 19:20:00.00, MESSAGE QUEUE LENGTH: 1

2025-03-04 19:20:00,473 - INFO - EVENT: Send Msg | RECIPIENT: 2 | LOGICAL TIME: 249 | PHYSICAL TIME: 2025-03-04 19:20:00.47, MESSAGE QUEUE LENGTH: 0

2025-03-04 19:20:00,674 - INFO - EVENT: Send Msg | RECIPIENT: 1 and 2 | LOGICAL TIME: 250 | PHYSICAL TIME: 2025-03-04 19:20:00.67, MESSAGE QUEUE LENGTH: 0

2025-03-04 19:20:01,010 - INFO - EVENT: Send Msg | RECIPIENT: 1 and 2 | LOGICAL TIME: 251 | PHYSICAL TIME: 2025-03-04 19:20:01.01, MESSAGE QUEUE LENGTH: 0

2025-03-04 19:20:01,193 - INFO - EVENT: Internal Event | LOGICAL TIME: 252 | PHYSICAL TIME: 2025-03-04 19:20:01.19, MESSAGE QUEUE LENGTH: 0

2025-03-04 19:20:01,410 - INFO - EVENT: Internal Event | LOGICAL TIME: 253 | PHYSICAL TIME: 2025-03-04 19:20:01.41, MESSAGE QUEUE LENGTH: 0

2025-03-04 19:20:01,589 - INFO - EVENT: Send Msg | RECIPIENT: 1 and 2 | LOGICAL TIME: 254 | PHYSICAL TIME: 2025-03-04 19:20:01.58, MESSAGE QUEUE LENGTH: 0

2025-03-04 19:20:01,760 - INFO - EVENT: Internal Event | LOGICAL TIME: 255 | PHYSICAL TIME: 2025-03-04 19:20:01.76, MESSAGE QUEUE LENGTH: 0

2025-03-04 19:20:01,959 - INFO - EVENT: Receive Msg | SENDER: 1 | LOGICAL TIME: 256 | PHYSICAL TIME: 2025-03-04 19:20:01.00, MESSAGE QUEUE LENGTH: 1

2025-03-04 19:20:02,139 - INFO - EVENT: Internal Event | LOGICAL TIME: 257 | PHYSICAL TIME: 2025-03-04 19:20:02.13, MESSAGE QUEUE LENGTH: 0

2025-03-04 19:20:02,310 - INFO - EVENT: Receive Msg | SENDER: 1 | LOGICAL TIME: 258 | PHYSICAL TIME: 2025-03-04 19:20:02.00, MESSAGE QUEUE LENGTH: 1

2025-03-04 19:20:02,493 - INFO - EVENT: Internal Event | LOGICAL TIME: 259 | PHYSICAL TIME: 2025-03-04 19:20:02.49, MESSAGE QUEUE LENGTH: 0

2025-03-04 19:20:02,710 - INFO - EVENT: Internal Event | LOGICAL TIME: 260 | PHYSICAL TIME: 2025-03-04 19:20:02.71, MESSAGE QUEUE LENGTH: 0

2025-03-04 19:20:02,883 - INFO - EVENT: Receive Msg | SENDER: 2 | LOGICAL TIME: 261 | PHYSICAL TIME: 2025-03-04 19:20:02.00, MESSAGE QUEUE LENGTH: 1

2025-03-04 19:20:03,073 - INFO - EVENT: Receive Msg | SENDER: 1 | LOGICAL TIME: 262 | PHYSICAL TIME: 2025-03-04 19:20:02.00, MESSAGE QUEUE LENGTH: 1

2025-03-04 19:20:03,281 - INFO - EVENT: Internal Event | LOGICAL TIME: 263 | PHYSICAL TIME: 2025-03-04 19:20:03.28, MESSAGE QUEUE LENGTH: 0

2025-03-04 19:20:03,493 - INFO - EVENT: Internal Event | LOGICAL TIME: 264 | PHYSICAL TIME: 2025-03-04 19:20:03.49, MESSAGE QUEUE LENGTH: 0

2025-03-04 19:20:03,662 - INFO - EVENT: Receive Msg | SENDER: 1 | LOGICAL TIME: 265 | PHYSICAL TIME: 2025-03-04 19:20:03.00, MESSAGE QUEUE LENGTH: 1

2025-03-04 19:20:03,850 - INFO - EVENT: Internal Event | LOGICAL TIME: 266 | PHYSICAL TIME: 2025-03-04 19:20:03.85, MESSAGE QUEUE LENGTH: 0

2025-03-04 19:20:04,020 - INFO - EVENT: Send Msg | RECIPIENT: 1 and 2 | LOGICAL TIME: 267 | PHYSICAL TIME: 2025-03-04 19:20:04.02, MESSAGE QUEUE LENGTH: 0

2025-03-04 19:20:04,311 - INFO - EVENT: Receive Msg | SENDER: 2 | LOGICAL TIME: 268 | PHYSICAL TIME: 2025-03-04 19:20:04.00, MESSAGE QUEUE LENGTH: 1

2025-03-04 19:20:04,508 - INFO - EVENT: Send Msg | RECIPIENT: 1 | LOGICAL TIME: 269 | PHYSICAL TIME: 2025-03-04 19:20:04.50, MESSAGE QUEUE LENGTH: 0

2025-03-04 19:20:04,711 - INFO - EVENT: Internal Event | LOGICAL TIME: 270 | PHYSICAL TIME: 2025-03-04 19:20:04.71, MESSAGE QUEUE LENGTH: 0

2025-03-04 19:20:04,911 - INFO - EVENT: Send Msg | RECIPIENT: 1 and 2 | LOGICAL TIME: 271 | PHYSICAL TIME: 2025-03-04 19:20:04.91, MESSAGE QUEUE LENGTH: 0

2025-03-04 19:20:05,169 - INFO - EVENT: Receive Msg | SENDER: 2 | LOGICAL TIME: 272 | PHYSICAL TIME: 2025-03-04 19:20:04.00, MESSAGE QUEUE LENGTH: 1

2025-03-04 19:20:05,372 - INFO - EVENT: Internal Event | LOGICAL TIME: 273 | PHYSICAL TIME: 2025-03-04 19:20:05.37, MESSAGE QUEUE LENGTH: 0

2025-03-04 19:20:05,611 - INFO - EVENT: Internal Event | LOGICAL TIME: 274 | PHYSICAL TIME: 2025-03-04 19:20:05.61, MESSAGE QUEUE LENGTH: 0

2025-03-04 19:20:05,778 - INFO - EVENT: Internal Event | LOGICAL TIME: 275 | PHYSICAL TIME: 2025-03-04 19:20:05.77, MESSAGE QUEUE LENGTH: 0

2025-03-04 19:20:05,948 - INFO - EVENT: Internal Event | LOGICAL TIME: 276 | PHYSICAL TIME: 2025-03-04 19:20:05.94, MESSAGE QUEUE LENGTH: 0

2025-03-04 19:20:06,119 - INFO - EVENT: Internal Event | LOGICAL TIME: 277 | PHYSICAL TIME: 2025-03-04 19:20:06.11, MESSAGE QUEUE LENGTH: 0

2025-03-04 19:20:06,294 - INFO - EVENT: Receive Msg | SENDER: 2 | LOGICAL TIME: 278 | PHYSICAL TIME: 2025-03-04 19:20:06.00, MESSAGE QUEUE LENGTH: 1

2025-03-04 19:20:06,492 - INFO - EVENT: Internal Event | LOGICAL TIME: 279 | PHYSICAL TIME: 2025-03-04 19:20:06.49, MESSAGE QUEUE LENGTH: 0

2025-03-04 19:20:06,743 - INFO - EVENT: Internal Event | LOGICAL TIME: 280 | PHYSICAL TIME: 2025-03-04 19:20:06.74, MESSAGE QUEUE LENGTH: 0

2025-03-04 19:20:06,987 - INFO - EVENT: Internal Event | LOGICAL TIME: 281 | PHYSICAL TIME: 2025-03-04 19:20:06.98, MESSAGE QUEUE LENGTH: 0

2025-03-04 19:20:07,179 - INFO - EVENT: Internal Event | LOGICAL TIME: 282 | PHYSICAL TIME: 2025-03-04 19:20:07.17, MESSAGE QUEUE LENGTH: 0

2025-03-04 19:20:07,431 - INFO - EVENT: Receive Msg | SENDER: 1 | LOGICAL TIME: 284 | PHYSICAL TIME: 2025-03-04 19:20:07.00, MESSAGE QUEUE LENGTH: 1

2025-03-04 19:20:07,624 - INFO - EVENT: Send Msg | RECIPIENT: 1 and 2 | LOGICAL TIME: 285 | PHYSICAL TIME: 2025-03-04 19:20:07.62, MESSAGE QUEUE LENGTH: 0

2025-03-04 19:20:07,793 - INFO - EVENT: Internal Event | LOGICAL TIME: 286 | PHYSICAL TIME: 2025-03-04 19:20:07.79, MESSAGE QUEUE LENGTH: 0

2025-03-04 19:20:07,997 - INFO - EVENT: Internal Event | LOGICAL TIME: 287 | PHYSICAL TIME: 2025-03-04 19:20:07.99, MESSAGE QUEUE LENGTH: 0

2025-03-04 19:20:08,166 - INFO - EVENT: Internal Event | LOGICAL TIME: 288 | PHYSICAL TIME: 2025-03-04 19:20:08.16, MESSAGE QUEUE LENGTH: 0

2025-03-04 19:20:08,386 - INFO - EVENT: Internal Event | LOGICAL TIME: 289 | PHYSICAL TIME: 2025-03-04 19:20:08.38, MESSAGE QUEUE LENGTH: 0

2025-03-04 19:20:08,556 - INFO - EVENT: Internal Event | LOGICAL TIME: 290 | PHYSICAL TIME: 2025-03-04 19:20:08.55, MESSAGE QUEUE LENGTH: 0

2025-03-04 19:20:08,726 - INFO - EVENT: Receive Msg | SENDER: 2 | LOGICAL TIME: 291 | PHYSICAL TIME: 2025-03-04 19:20:08.00, MESSAGE QUEUE LENGTH: 1

2025-03-04 19:20:08,927 - INFO - EVENT: Internal Event | LOGICAL TIME: 292 | PHYSICAL TIME: 2025-03-04 19:20:08.92, MESSAGE QUEUE LENGTH: 0

2025-03-04 19:20:09,146 - INFO - EVENT: Internal Event | LOGICAL TIME: 293 | PHYSICAL TIME: 2025-03-04 19:20:09.14, MESSAGE QUEUE LENGTH: 0

2025-03-04 19:20:09,315 - INFO - EVENT: Internal Event | LOGICAL TIME: 294 | PHYSICAL TIME: 2025-03-04 19:20:09.31, MESSAGE QUEUE LENGTH: 0

2025-03-04 19:20:09,484 - INFO - EVENT: Internal Event | LOGICAL TIME: 295 | PHYSICAL TIME: 2025-03-04 19:20:09.48, MESSAGE QUEUE LENGTH: 0

2025-03-04 19:20:09,655 - INFO - EVENT: Internal Event | LOGICAL TIME: 296 | PHYSICAL TIME: 2025-03-04 19:20:09.65, MESSAGE QUEUE LENGTH: 0

2025-03-04 19:20:09,832 - INFO - EVENT: Receive Msg | SENDER: 1 | LOGICAL TIME: 298 | PHYSICAL TIME: 2025-03-04 19:20:09.00, MESSAGE QUEUE LENGTH: 1

2025-03-04 19:20:10,099 - INFO - EVENT: Internal Event | LOGICAL TIME: 299 | PHYSICAL TIME: 2025-03-04 19:20:10.09, MESSAGE QUEUE LENGTH: 0

2025-03-04 19:20:10,312 - INFO - EVENT: Internal Event | LOGICAL TIME: 300 | PHYSICAL TIME: 2025-03-04 19:20:10.31, MESSAGE QUEUE LENGTH: 0

2025-03-04 19:20:10,548 - INFO - EVENT: Internal Event | LOGICAL TIME: 301 | PHYSICAL TIME: 2025-03-04 19:20:10.54, MESSAGE QUEUE LENGTH: 0

2025-03-04 19:20:10,796 - INFO - EVENT: Internal Event | LOGICAL TIME: 302 | PHYSICAL TIME: 2025-03-04 19:20:10.79, MESSAGE QUEUE LENGTH: 0

2025-03-04 19:20:10,969 - INFO - EVENT: Internal Event | LOGICAL TIME: 303 | PHYSICAL TIME: 2025-03-04 19:20:10.96, MESSAGE QUEUE LENGTH: 0

2025-03-04 19:20:11,148 - INFO - EVENT: Send Msg | RECIPIENT: 1 | LOGICAL TIME: 304 | PHYSICAL TIME: 2025-03-04 19:20:11.14, MESSAGE QUEUE LENGTH: 0

2025-03-04 19:20:11,335 - INFO - EVENT: Send Msg | RECIPIENT: 1 | LOGICAL TIME: 305 | PHYSICAL TIME: 2025-03-04 19:20:11.33, MESSAGE QUEUE LENGTH: 0

2025-03-04 19:20:11,564 - INFO - EVENT: Internal Event | LOGICAL TIME: 306 | PHYSICAL TIME: 2025-03-04 19:20:11.56, MESSAGE QUEUE LENGTH: 0

2025-03-04 19:20:11,832 - INFO - EVENT: Send Msg | RECIPIENT: 1 and 2 | LOGICAL TIME: 307 | PHYSICAL TIME: 2025-03-04 19:20:11.83, MESSAGE QUEUE LENGTH: 0

2025-03-04 19:20:12,002 - INFO - EVENT: Internal Event | LOGICAL TIME: 308 | PHYSICAL TIME: 2025-03-04 19:20:12.00, MESSAGE QUEUE LENGTH: 0

2025-03-04 19:20:12,236 - INFO - EVENT: Send Msg | RECIPIENT: 1 and 2 | LOGICAL TIME: 309 | PHYSICAL TIME: 2025-03-04 19:20:12.23, MESSAGE QUEUE LENGTH: 0

2025-03-04 19:20:12,406 - INFO - EVENT: Receive Msg | SENDER: 1 | LOGICAL TIME: 311 | PHYSICAL TIME: 2025-03-04 19:20:12.00, MESSAGE QUEUE LENGTH: 1

2025-03-04 19:20:12,578 - INFO - EVENT: Internal Event | LOGICAL TIME: 312 | PHYSICAL TIME: 2025-03-04 19:20:12.57, MESSAGE QUEUE LENGTH: 0

2025-03-04 19:20:12,751 - INFO - EVENT: Internal Event | LOGICAL TIME: 313 | PHYSICAL TIME: 2025-03-04 19:20:12.75, MESSAGE QUEUE LENGTH: 0

2025-03-04 19:20:12,957 - INFO - EVENT: Internal Event | LOGICAL TIME: 314 | PHYSICAL TIME: 2025-03-04 19:20:12.95, MESSAGE QUEUE LENGTH: 0

2025-03-04 19:20:13,127 - INFO - EVENT: Internal Event | LOGICAL TIME: 315 | PHYSICAL TIME: 2025-03-04 19:20:13.12, MESSAGE QUEUE LENGTH: 0

2025-03-04 19:20:13,317 - INFO - EVENT: Receive Msg | SENDER: 2 | LOGICAL TIME: 316 | PHYSICAL TIME: 2025-03-04 19:20:12.00, MESSAGE QUEUE LENGTH: 2

2025-03-04 19:20:13,487 - INFO - EVENT: Receive Msg | SENDER: 2 | LOGICAL TIME: 317 | PHYSICAL TIME: 2025-03-04 19:20:13.00, MESSAGE QUEUE LENGTH: 1

2025-03-04 19:20:13,716 - INFO - EVENT: Internal Event | LOGICAL TIME: 318 | PHYSICAL TIME: 2025-03-04 19:20:13.71, MESSAGE QUEUE LENGTH: 0

2025-03-04 19:20:14,084 - INFO - EVENT: Receive Msg | SENDER: 1 | LOGICAL TIME: 320 | PHYSICAL TIME: 2025-03-04 19:20:13.00, MESSAGE QUEUE LENGTH: 1

2025-03-04 19:20:14,256 - INFO - EVENT: Receive Msg | SENDER: 2 | LOGICAL TIME: 321 | PHYSICAL TIME: 2025-03-04 19:20:13.00, MESSAGE QUEUE LENGTH: 1

2025-03-04 19:20:14,484 - INFO - EVENT: Receive Msg | SENDER: 1 | LOGICAL TIME: 324 | PHYSICAL TIME: 2025-03-04 19:20:14.00, MESSAGE QUEUE LENGTH: 1

2025-03-04 19:20:14,654 - INFO - EVENT: Send Msg | RECIPIENT: 1 | LOGICAL TIME: 325 | PHYSICAL TIME: 2025-03-04 19:20:14.65, MESSAGE QUEUE LENGTH: 0

2025-03-04 19:20:14,853 - INFO - EVENT: Internal Event | LOGICAL TIME: 326 | PHYSICAL TIME: 2025-03-04 19:20:14.85, MESSAGE QUEUE LENGTH: 0

2025-03-04 19:20:15,153 - INFO - EVENT: Send Msg | RECIPIENT: 1 and 2 | LOGICAL TIME: 327 | PHYSICAL TIME: 2025-03-04 19:20:15.15, MESSAGE QUEUE LENGTH: 0

2025-03-04 19:20:15,353 - INFO - EVENT: Internal Event | LOGICAL TIME: 328 | PHYSICAL TIME: 2025-03-04 19:20:15.35, MESSAGE QUEUE LENGTH: 0

2025-03-04 19:20:15,553 - INFO - EVENT: Internal Event | LOGICAL TIME: 329 | PHYSICAL TIME: 2025-03-04 19:20:15.55, MESSAGE QUEUE LENGTH: 0

2025-03-04 19:20:15,816 - INFO - EVENT: Internal Event | LOGICAL TIME: 330 | PHYSICAL TIME: 2025-03-04 19:20:15.81, MESSAGE QUEUE LENGTH: 0

2025-03-04 19:20:16,020 - INFO - EVENT: Send Msg | RECIPIENT: 1 and 2 | LOGICAL TIME: 331 | PHYSICAL TIME: 2025-03-04 19:20:16.02, MESSAGE QUEUE LENGTH: 0

2025-03-04 19:20:16,334 - INFO - EVENT: Internal Event | LOGICAL TIME: 332 | PHYSICAL TIME: 2025-03-04 19:20:16.33, MESSAGE QUEUE LENGTH: 0

2025-03-04 19:20:16,535 - INFO - EVENT: Internal Event | LOGICAL TIME: 333 | PHYSICAL TIME: 2025-03-04 19:20:16.53, MESSAGE QUEUE LENGTH: 0

2025-03-04 19:20:16,707 - INFO - EVENT: Internal Event | LOGICAL TIME: 334 | PHYSICAL TIME: 2025-03-04 19:20:16.70, MESSAGE QUEUE LENGTH: 0

