2025-03-04 19:19:11,256 - INFO - Clock rate for client 1: 6 events per second
2025-03-04 19:19:12,155 - INFO - EVENT: Receive Msg | SENDER: 2 | LOGICAL TIME: 1 | PHYSICAL TIME: 2025-03-04 19:19:11.00, MESSAGE QUEUE LENGTH: 3

2025-03-04 19:19:12,340 - INFO - EVENT: Receive Msg | SENDER: 3 | LOGICAL TIME: 2 | PHYSICAL TIME: 2025-03-04 19:19:11.00, MESSAGE QUEUE LENGTH: 2

2025-03-04 19:19:12,517 - INFO - EVENT: Receive Msg | SENDER: 3 | LOGICAL TIME: 3 | PHYSICAL TIME: 2025-03-04 19:19:11.00, MESSAGE QUEUE LENGTH: 1

2025-03-04 19:19:12,801 - INFO - EVENT: Send Msg | RECIPIENT: 2 | LOGICAL TIME: 4 | PHYSICAL TIME: 2025-03-04 19:19:12.80, MESSAGE QUEUE LENGTH: 0

2025-03-04 19:19:13,037 - INFO - EVENT: Send Msg | RECIPIENT: 3 | LOGICAL TIME: 5 | PHYSICAL TIME: 2025-03-04 19:19:13.03, MESSAGE QUEUE LENGTH: 0

2025-03-04 19:19:13,251 - INFO - EVENT: Send Msg | RECIPIENT: 2 and 3 | LOGICAL TIME: 6 | PHYSICAL TIME: 2025-03-04 19:19:13.25, MESSAGE QUEUE LENGTH: 0

2025-03-04 19:19:13,458 - INFO - EVENT: Internal Event | LOGICAL TIME: 7 | PHYSICAL TIME: 2025-03-04 19:19:13.45, MESSAGE QUEUE LENGTH: 0

2025-03-04 19:19:13,654 - INFO - EVENT: Internal Event | LOGICAL TIME: 8 | PHYSICAL TIME: 2025-03-04 19:19:13.65, MESSAGE QUEUE LENGTH: 0

2025-03-04 19:19:13,966 - INFO - EVENT: Receive Msg | SENDER: 2 | LOGICAL TIME: 10 | PHYSICAL TIME: 2025-03-04 19:19:13.00, MESSAGE QUEUE LENGTH: 2

2025-03-04 19:19:14,168 - INFO - EVENT: Receive Msg | SENDER: 3 | LOGICAL TIME: 11 | PHYSICAL TIME: 2025-03-04 19:19:13.00, MESSAGE QUEUE LENGTH: 2

2025-03-04 19:19:14,363 - INFO - EVENT: Receive Msg | SENDER: 3 | LOGICAL TIME: 12 | PHYSICAL TIME: 2025-03-04 19:19:13.00, MESSAGE QUEUE LENGTH: 1

2025-03-04 19:19:14,554 - INFO - EVENT: Internal Event | LOGICAL TIME: 13 | PHYSICAL TIME: 2025-03-04 19:19:14.55, MESSAGE QUEUE LENGTH: 0

2025-03-04 19:19:14,785 - INFO - EVENT: Internal Event | LOGICAL TIME: 14 | PHYSICAL TIME: 2025-03-04 19:19:14.78, MESSAGE QUEUE LENGTH: 0

2025-03-04 19:19:15,104 - INFO - EVENT: Receive Msg | SENDER: 2 | LOGICAL TIME: 15 | PHYSICAL TIME: 2025-03-04 19:19:14.00, MESSAGE QUEUE LENGTH: 1

2025-03-04 19:19:15,603 - INFO - EVENT: Receive Msg | SENDER: 3 | LOGICAL TIME: 16 | PHYSICAL TIME: 2025-03-04 19:19:15.00, MESSAGE QUEUE LENGTH: 2

2025-03-04 19:19:15,799 - INFO - EVENT: Receive Msg | SENDER: 3 | LOGICAL TIME: 17 | PHYSICAL TIME: 2025-03-04 19:19:15.00, MESSAGE QUEUE LENGTH: 1

2025-03-04 19:19:16,087 - INFO - EVENT: Receive Msg | SENDER: 3 | LOGICAL TIME: 19 | PHYSICAL TIME: 2025-03-04 19:19:15.00, MESSAGE QUEUE LENGTH: 1

2025-03-04 19:19:16,396 - INFO - EVENT: Send Msg | RECIPIENT: 2 | LOGICAL TIME: 20 | PHYSICAL TIME: 2025-03-04 19:19:16.39, MESSAGE QUEUE LENGTH: 0

2025-03-04 19:19:16,838 - INFO - EVENT: Internal Event | LOGICAL TIME: 21 | PHYSICAL TIME: 2025-03-04 19:19:16.83, MESSAGE QUEUE LENGTH: 0

2025-03-04 19:19:17,024 - INFO - EVENT: Internal Event | LOGICAL TIME: 22 | PHYSICAL TIME: 2025-03-04 19:19:17.02, MESSAGE QUEUE LENGTH: 0

2025-03-04 19:19:17,255 - INFO - EVENT: Internal Event | LOGICAL TIME: 23 | PHYSICAL TIME: 2025-03-04 19:19:17.25, MESSAGE QUEUE LENGTH: 0

2025-03-04 19:19:17,526 - INFO - EVENT: Internal Event | LOGICAL TIME: 24 | PHYSICAL TIME: 2025-03-04 19:19:17.52, MESSAGE QUEUE LENGTH: 0

2025-03-04 19:19:17,806 - INFO - EVENT: Internal Event | LOGICAL TIME: 25 | PHYSICAL TIME: 2025-03-04 19:19:17.80, MESSAGE QUEUE LENGTH: 0

2025-03-04 19:19:18,010 - INFO - EVENT: Receive Msg | SENDER: 3 | LOGICAL TIME: 27 | PHYSICAL TIME: 2025-03-04 19:19:17.00, MESSAGE QUEUE LENGTH: 1

2025-03-04 19:19:18,241 - INFO - EVENT: Internal Event | LOGICAL TIME: 28 | PHYSICAL TIME: 2025-03-04 19:19:18.24, MESSAGE QUEUE LENGTH: 0

2025-03-04 19:19:18,489 - INFO - EVENT: Receive Msg | SENDER: 2 | LOGICAL TIME: 29 | PHYSICAL TIME: 2025-03-04 19:19:18.00, MESSAGE QUEUE LENGTH: 2

2025-03-04 19:19:18,707 - INFO - EVENT: Receive Msg | SENDER: 2 | LOGICAL TIME: 30 | PHYSICAL TIME: 2025-03-04 19:19:18.00, MESSAGE QUEUE LENGTH: 1

2025-03-04 19:19:19,091 - INFO - EVENT: Send Msg | RECIPIENT: 3 | LOGICAL TIME: 31 | PHYSICAL TIME: 2025-03-04 19:19:19.09, MESSAGE QUEUE LENGTH: 0

2025-03-04 19:19:19,288 - INFO - EVENT: Internal Event | LOGICAL TIME: 32 | PHYSICAL TIME: 2025-03-04 19:19:19.28, MESSAGE QUEUE LENGTH: 0

2025-03-04 19:19:19,457 - INFO - EVENT: Send Msg | RECIPIENT: 3 | LOGICAL TIME: 33 | PHYSICAL TIME: 2025-03-04 19:19:19.45, MESSAGE QUEUE LENGTH: 0

2025-03-04 19:19:19,657 - INFO - EVENT: Internal Event | LOGICAL TIME: 34 | PHYSICAL TIME: 2025-03-04 19:19:19.65, MESSAGE QUEUE LENGTH: 0

2025-03-04 19:19:19,978 - INFO - EVENT: Internal Event | LOGICAL TIME: 35 | PHYSICAL TIME: 2025-03-04 19:19:19.97, MESSAGE QUEUE LENGTH: 0

2025-03-04 19:19:20,197 - INFO - EVENT: Internal Event | LOGICAL TIME: 36 | PHYSICAL TIME: 2025-03-04 19:19:20.19, MESSAGE QUEUE LENGTH: 0

2025-03-04 19:19:20,366 - INFO - EVENT: Send Msg | RECIPIENT: 2 and 3 | LOGICAL TIME: 37 | PHYSICAL TIME: 2025-03-04 19:19:20.36, MESSAGE QUEUE LENGTH: 0

2025-03-04 19:19:20,535 - INFO - EVENT: Internal Event | LOGICAL TIME: 38 | PHYSICAL TIME: 2025-03-04 19:19:20.53, MESSAGE QUEUE LENGTH: 0

2025-03-04 19:19:20,784 - INFO - EVENT: Internal Event | LOGICAL TIME: 39 | PHYSICAL TIME: 2025-03-04 19:19:20.78, MESSAGE QUEUE LENGTH: 0

2025-03-04 19:19:21,019 - INFO - EVENT: Send Msg | RECIPIENT: 2 | LOGICAL TIME: 40 | PHYSICAL TIME: 2025-03-04 19:19:21.01, MESSAGE QUEUE LENGTH: 0

2025-03-04 19:19:21,246 - INFO - EVENT: Internal Event | LOGICAL TIME: 41 | PHYSICAL TIME: 2025-03-04 19:19:21.24, MESSAGE QUEUE LENGTH: 0

2025-03-04 19:19:21,443 - INFO - EVENT: Send Msg | RECIPIENT: 3 | LOGICAL TIME: 42 | PHYSICAL TIME: 2025-03-04 19:19:21.44, MESSAGE QUEUE LENGTH: 0

2025-03-04 19:19:21,712 - INFO - EVENT: Internal Event | LOGICAL TIME: 43 | PHYSICAL TIME: 2025-03-04 19:19:21.71, MESSAGE QUEUE LENGTH: 0

2025-03-04 19:19:21,883 - INFO - EVENT: Internal Event | LOGICAL TIME: 44 | PHYSICAL TIME: 2025-03-04 19:19:21.88, MESSAGE QUEUE LENGTH: 0

2025-03-04 19:19:22,073 - INFO - EVENT: Send Msg | RECIPIENT: 3 | LOGICAL TIME: 45 | PHYSICAL TIME: 2025-03-04 19:19:22.07, MESSAGE QUEUE LENGTH: 0

2025-03-04 19:19:22,260 - INFO - EVENT: Receive Msg | SENDER: 2 | LOGICAL TIME: 47 | PHYSICAL TIME: 2025-03-04 19:19:22.00, MESSAGE QUEUE LENGTH: 1

2025-03-04 19:19:22,432 - INFO - EVENT: Internal Event | LOGICAL TIME: 48 | PHYSICAL TIME: 2025-03-04 19:19:22.43, MESSAGE QUEUE LENGTH: 0

2025-03-04 19:19:22,705 - INFO - EVENT: Internal Event | LOGICAL TIME: 49 | PHYSICAL TIME: 2025-03-04 19:19:22.70, MESSAGE QUEUE LENGTH: 0

2025-03-04 19:19:22,876 - INFO - EVENT: Internal Event | LOGICAL TIME: 50 | PHYSICAL TIME: 2025-03-04 19:19:22.87, MESSAGE QUEUE LENGTH: 0

2025-03-04 19:19:23,128 - INFO - EVENT: Receive Msg | SENDER: 2 | LOGICAL TIME: 51 | PHYSICAL TIME: 2025-03-04 19:19:23.00, MESSAGE QUEUE LENGTH: 1

2025-03-04 19:19:23,311 - INFO - EVENT: Receive Msg | SENDER: 3 | LOGICAL TIME: 52 | PHYSICAL TIME: 2025-03-04 19:19:23.00, MESSAGE QUEUE LENGTH: 1

2025-03-04 19:19:23,479 - INFO - EVENT: Send Msg | RECIPIENT: 2 and 3 | LOGICAL TIME: 53 | PHYSICAL TIME: 2025-03-04 19:19:23.47, MESSAGE QUEUE LENGTH: 0

2025-03-04 19:19:23,787 - INFO - EVENT: Send Msg | RECIPIENT: 2 | LOGICAL TIME: 54 | PHYSICAL TIME: 2025-03-04 19:19:23.78, MESSAGE QUEUE LENGTH: 0

2025-03-04 19:19:23,984 - INFO - EVENT: Internal Event | LOGICAL TIME: 55 | PHYSICAL TIME: 2025-03-04 19:19:23.98, MESSAGE QUEUE LENGTH: 0

2025-03-04 19:19:24,192 - INFO - EVENT: Receive Msg | SENDER: 3 | LOGICAL TIME: 57 | PHYSICAL TIME: 2025-03-04 19:19:24.00, MESSAGE QUEUE LENGTH: 1

2025-03-04 19:19:24,380 - INFO - EVENT: Internal Event | LOGICAL TIME: 58 | PHYSICAL TIME: 2025-03-04 19:19:24.38, MESSAGE QUEUE LENGTH: 0

2025-03-04 19:19:24,563 - INFO - EVENT: Internal Event | LOGICAL TIME: 59 | PHYSICAL TIME: 2025-03-04 19:19:24.56, MESSAGE QUEUE LENGTH: 0

2025-03-04 19:19:24,743 - INFO - EVENT: Receive Msg | SENDER: 3 | LOGICAL TIME: 60 | PHYSICAL TIME: 2025-03-04 19:19:24.00, MESSAGE QUEUE LENGTH: 1

2025-03-04 19:19:24,944 - INFO - EVENT: Receive Msg | SENDER: 2 | LOGICAL TIME: 61 | PHYSICAL TIME: 2025-03-04 19:19:24.00, MESSAGE QUEUE LENGTH: 1

2025-03-04 19:19:25,114 - INFO - EVENT: Send Msg | RECIPIENT: 2 and 3 | LOGICAL TIME: 62 | PHYSICAL TIME: 2025-03-04 19:19:25.11, MESSAGE QUEUE LENGTH: 0

2025-03-04 19:19:25,462 - INFO - EVENT: Internal Event | LOGICAL TIME: 63 | PHYSICAL TIME: 2025-03-04 19:19:25.46, MESSAGE QUEUE LENGTH: 0

2025-03-04 19:19:25,663 - INFO - EVENT: Internal Event | LOGICAL TIME: 64 | PHYSICAL TIME: 2025-03-04 19:19:25.66, MESSAGE QUEUE LENGTH: 0

2025-03-04 19:19:25,834 - INFO - EVENT: Internal Event | LOGICAL TIME: 65 | PHYSICAL TIME: 2025-03-04 19:19:25.83, MESSAGE QUEUE LENGTH: 0

2025-03-04 19:19:26,014 - INFO - EVENT: Send Msg | RECIPIENT: 2 | LOGICAL TIME: 66 | PHYSICAL TIME: 2025-03-04 19:19:26.01, MESSAGE QUEUE LENGTH: 0

2025-03-04 19:19:26,227 - INFO - EVENT: Internal Event | LOGICAL TIME: 67 | PHYSICAL TIME: 2025-03-04 19:19:26.22, MESSAGE QUEUE LENGTH: 0

2025-03-04 19:19:26,415 - INFO - EVENT: Receive Msg | SENDER: 3 | LOGICAL TIME: 68 | PHYSICAL TIME: 2025-03-04 19:19:26.00, MESSAGE QUEUE LENGTH: 1

2025-03-04 19:19:26,594 - INFO - EVENT: Internal Event | LOGICAL TIME: 69 | PHYSICAL TIME: 2025-03-04 19:19:26.59, MESSAGE QUEUE LENGTH: 0

2025-03-04 19:19:26,792 - INFO - EVENT: Send Msg | RECIPIENT: 2 and 3 | LOGICAL TIME: 70 | PHYSICAL TIME: 2025-03-04 19:19:26.79, MESSAGE QUEUE LENGTH: 0

2025-03-04 19:19:26,994 - INFO - EVENT: Internal Event | LOGICAL TIME: 71 | PHYSICAL TIME: 2025-03-04 19:19:26.99, MESSAGE QUEUE LENGTH: 0

2025-03-04 19:19:27,163 - INFO - EVENT: Internal Event | LOGICAL TIME: 72 | PHYSICAL TIME: 2025-03-04 19:19:27.16, MESSAGE QUEUE LENGTH: 0

2025-03-04 19:19:27,393 - INFO - EVENT: Internal Event | LOGICAL TIME: 73 | PHYSICAL TIME: 2025-03-04 19:19:27.39, MESSAGE QUEUE LENGTH: 0

2025-03-04 19:19:27,584 - INFO - EVENT: Internal Event | LOGICAL TIME: 74 | PHYSICAL TIME: 2025-03-04 19:19:27.58, MESSAGE QUEUE LENGTH: 0

2025-03-04 19:19:27,810 - INFO - EVENT: Internal Event | LOGICAL TIME: 75 | PHYSICAL TIME: 2025-03-04 19:19:27.81, MESSAGE QUEUE LENGTH: 0

2025-03-04 19:19:28,010 - INFO - EVENT: Send Msg | RECIPIENT: 2 | LOGICAL TIME: 76 | PHYSICAL TIME: 2025-03-04 19:19:28.01, MESSAGE QUEUE LENGTH: 0

2025-03-04 19:19:28,231 - INFO - EVENT: Send Msg | RECIPIENT: 2 and 3 | LOGICAL TIME: 77 | PHYSICAL TIME: 2025-03-04 19:19:28.23, MESSAGE QUEUE LENGTH: 0

2025-03-04 19:19:28,416 - INFO - EVENT: Internal Event | LOGICAL TIME: 78 | PHYSICAL TIME: 2025-03-04 19:19:28.41, MESSAGE QUEUE LENGTH: 0

2025-03-04 19:19:28,721 - INFO - EVENT: Send Msg | RECIPIENT: 2 and 3 | LOGICAL TIME: 79 | PHYSICAL TIME: 2025-03-04 19:19:28.72, MESSAGE QUEUE LENGTH: 0

2025-03-04 19:19:28,967 - INFO - EVENT: Receive Msg | SENDER: 3 | LOGICAL TIME: 83 | PHYSICAL TIME: 2025-03-04 19:19:28.00, MESSAGE QUEUE LENGTH: 1

2025-03-04 19:19:29,165 - INFO - EVENT: Internal Event | LOGICAL TIME: 84 | PHYSICAL TIME: 2025-03-04 19:19:29.16, MESSAGE QUEUE LENGTH: 0

2025-03-04 19:19:29,351 - INFO - EVENT: Internal Event | LOGICAL TIME: 85 | PHYSICAL TIME: 2025-03-04 19:19:29.35, MESSAGE QUEUE LENGTH: 0

2025-03-04 19:19:29,532 - INFO - EVENT: Receive Msg | SENDER: 3 | LOGICAL TIME: 86 | PHYSICAL TIME: 2025-03-04 19:19:29.00, MESSAGE QUEUE LENGTH: 1

2025-03-04 19:19:29,716 - INFO - EVENT: Internal Event | LOGICAL TIME: 87 | PHYSICAL TIME: 2025-03-04 19:19:29.71, MESSAGE QUEUE LENGTH: 0

2025-03-04 19:19:29,901 - INFO - EVENT: Internal Event | LOGICAL TIME: 88 | PHYSICAL TIME: 2025-03-04 19:19:29.90, MESSAGE QUEUE LENGTH: 0

2025-03-04 19:19:30,082 - INFO - EVENT: Internal Event | LOGICAL TIME: 89 | PHYSICAL TIME: 2025-03-04 19:19:30.08, MESSAGE QUEUE LENGTH: 0

2025-03-04 19:19:30,264 - INFO - EVENT: Internal Event | LOGICAL TIME: 90 | PHYSICAL TIME: 2025-03-04 19:19:30.26, MESSAGE QUEUE LENGTH: 0

2025-03-04 19:19:30,435 - INFO - EVENT: Receive Msg | SENDER: 2 | LOGICAL TIME: 91 | PHYSICAL TIME: 2025-03-04 19:19:30.00, MESSAGE QUEUE LENGTH: 1

2025-03-04 19:19:30,633 - INFO - EVENT: Internal Event | LOGICAL TIME: 92 | PHYSICAL TIME: 2025-03-04 19:19:30.63, MESSAGE QUEUE LENGTH: 0

2025-03-04 19:19:30,829 - INFO - EVENT: Receive Msg | SENDER: 3 | LOGICAL TIME: 93 | PHYSICAL TIME: 2025-03-04 19:19:30.00, MESSAGE QUEUE LENGTH: 1

2025-03-04 19:19:31,028 - INFO - EVENT: Internal Event | LOGICAL TIME: 94 | PHYSICAL TIME: 2025-03-04 19:19:31.02, MESSAGE QUEUE LENGTH: 0

2025-03-04 19:19:31,235 - INFO - EVENT: Internal Event | LOGICAL TIME: 95 | PHYSICAL TIME: 2025-03-04 19:19:31.23, MESSAGE QUEUE LENGTH: 0

2025-03-04 19:19:31,418 - INFO - EVENT: Internal Event | LOGICAL TIME: 96 | PHYSICAL TIME: 2025-03-04 19:19:31.41, MESSAGE QUEUE LENGTH: 0

2025-03-04 19:19:31,596 - INFO - EVENT: Receive Msg | SENDER: 2 | LOGICAL TIME: 97 | PHYSICAL TIME: 2025-03-04 19:19:31.00, MESSAGE QUEUE LENGTH: 1

2025-03-04 19:19:31,832 - INFO - EVENT: Internal Event | LOGICAL TIME: 98 | PHYSICAL TIME: 2025-03-04 19:19:31.83, MESSAGE QUEUE LENGTH: 0

2025-03-04 19:19:32,018 - INFO - EVENT: Internal Event | LOGICAL TIME: 99 | PHYSICAL TIME: 2025-03-04 19:19:32.01, MESSAGE QUEUE LENGTH: 0

2025-03-04 19:19:32,186 - INFO - EVENT: Receive Msg | SENDER: 2 | LOGICAL TIME: 100 | PHYSICAL TIME: 2025-03-04 19:19:31.00, MESSAGE QUEUE LENGTH: 1

2025-03-04 19:19:32,361 - INFO - EVENT: Send Msg | RECIPIENT: 2 | LOGICAL TIME: 101 | PHYSICAL TIME: 2025-03-04 19:19:32.36, MESSAGE QUEUE LENGTH: 0

2025-03-04 19:19:32,570 - INFO - EVENT: Send Msg | RECIPIENT: 2 and 3 | LOGICAL TIME: 102 | PHYSICAL TIME: 2025-03-04 19:19:32.57, MESSAGE QUEUE LENGTH: 0

2025-03-04 19:19:32,789 - INFO - EVENT: Internal Event | LOGICAL TIME: 103 | PHYSICAL TIME: 2025-03-04 19:19:32.78, MESSAGE QUEUE LENGTH: 0

2025-03-04 19:19:32,958 - INFO - EVENT: Internal Event | LOGICAL TIME: 104 | PHYSICAL TIME: 2025-03-04 19:19:32.95, MESSAGE QUEUE LENGTH: 0

2025-03-04 19:19:33,165 - INFO - EVENT: Internal Event | LOGICAL TIME: 105 | PHYSICAL TIME: 2025-03-04 19:19:33.16, MESSAGE QUEUE LENGTH: 0

2025-03-04 19:19:33,336 - INFO - EVENT: Internal Event | LOGICAL TIME: 106 | PHYSICAL TIME: 2025-03-04 19:19:33.33, MESSAGE QUEUE LENGTH: 0

2025-03-04 19:19:33,517 - INFO - EVENT: Receive Msg | SENDER: 2 | LOGICAL TIME: 107 | PHYSICAL TIME: 2025-03-04 19:19:33.00, MESSAGE QUEUE LENGTH: 2

2025-03-04 19:19:33,686 - INFO - EVENT: Receive Msg | SENDER: 2 | LOGICAL TIME: 108 | PHYSICAL TIME: 2025-03-04 19:19:33.00, MESSAGE QUEUE LENGTH: 1

2025-03-04 19:19:33,869 - INFO - EVENT: Internal Event | LOGICAL TIME: 109 | PHYSICAL TIME: 2025-03-04 19:19:33.86, MESSAGE QUEUE LENGTH: 0

2025-03-04 19:19:34,052 - INFO - EVENT: Internal Event | LOGICAL TIME: 110 | PHYSICAL TIME: 2025-03-04 19:19:34.05, MESSAGE QUEUE LENGTH: 0

2025-03-04 19:19:34,221 - INFO - EVENT: Internal Event | LOGICAL TIME: 111 | PHYSICAL TIME: 2025-03-04 19:19:34.22, MESSAGE QUEUE LENGTH: 0

2025-03-04 19:19:34,402 - INFO - EVENT: Internal Event | LOGICAL TIME: 112 | PHYSICAL TIME: 2025-03-04 19:19:34.40, MESSAGE QUEUE LENGTH: 0

2025-03-04 19:19:34,572 - INFO - EVENT: Receive Msg | SENDER: 3 | LOGICAL TIME: 113 | PHYSICAL TIME: 2025-03-04 19:19:34.00, MESSAGE QUEUE LENGTH: 1

2025-03-04 19:19:34,754 - INFO - EVENT: Send Msg | RECIPIENT: 3 | LOGICAL TIME: 114 | PHYSICAL TIME: 2025-03-04 19:19:34.75, MESSAGE QUEUE LENGTH: 0

2025-03-04 19:19:34,935 - INFO - EVENT: Internal Event | LOGICAL TIME: 115 | PHYSICAL TIME: 2025-03-04 19:19:34.93, MESSAGE QUEUE LENGTH: 0

2025-03-04 19:19:35,121 - INFO - EVENT: Internal Event | LOGICAL TIME: 116 | PHYSICAL TIME: 2025-03-04 19:19:35.12, MESSAGE QUEUE LENGTH: 0

2025-03-04 19:19:35,319 - INFO - EVENT: Internal Event | LOGICAL TIME: 117 | PHYSICAL TIME: 2025-03-04 19:19:35.31, MESSAGE QUEUE LENGTH: 0

2025-03-04 19:19:35,511 - INFO - EVENT: Internal Event | LOGICAL TIME: 118 | PHYSICAL TIME: 2025-03-04 19:19:35.51, MESSAGE QUEUE LENGTH: 0

2025-03-04 19:19:35,711 - INFO - EVENT: Internal Event | LOGICAL TIME: 119 | PHYSICAL TIME: 2025-03-04 19:19:35.71, MESSAGE QUEUE LENGTH: 0

2025-03-04 19:19:35,921 - INFO - EVENT: Internal Event | LOGICAL TIME: 120 | PHYSICAL TIME: 2025-03-04 19:19:35.92, MESSAGE QUEUE LENGTH: 0

2025-03-04 19:19:36,198 - INFO - EVENT: Internal Event | LOGICAL TIME: 121 | PHYSICAL TIME: 2025-03-04 19:19:36.19, MESSAGE QUEUE LENGTH: 0

2025-03-04 19:19:36,368 - INFO - EVENT: Receive Msg | SENDER: 2 | LOGICAL TIME: 122 | PHYSICAL TIME: 2025-03-04 19:19:36.00, MESSAGE QUEUE LENGTH: 1

2025-03-04 19:19:36,605 - INFO - EVENT: Internal Event | LOGICAL TIME: 123 | PHYSICAL TIME: 2025-03-04 19:19:36.60, MESSAGE QUEUE LENGTH: 0

2025-03-04 19:19:36,940 - INFO - EVENT: Receive Msg | SENDER: 3 | LOGICAL TIME: 126 | PHYSICAL TIME: 2025-03-04 19:19:36.00, MESSAGE QUEUE LENGTH: 1

2025-03-04 19:19:37,220 - INFO - EVENT: Internal Event | LOGICAL TIME: 127 | PHYSICAL TIME: 2025-03-04 19:19:37.22, MESSAGE QUEUE LENGTH: 0

2025-03-04 19:19:37,390 - INFO - EVENT: Send Msg | RECIPIENT: 2 | LOGICAL TIME: 128 | PHYSICAL TIME: 2025-03-04 19:19:37.39, MESSAGE QUEUE LENGTH: 0

2025-03-04 19:19:37,571 - INFO - EVENT: Send Msg | RECIPIENT: 3 | LOGICAL TIME: 129 | PHYSICAL TIME: 2025-03-04 19:19:37.57, MESSAGE QUEUE LENGTH: 0

2025-03-04 19:19:37,820 - INFO - EVENT: Receive Msg | SENDER: 2 | LOGICAL TIME: 130 | PHYSICAL TIME: 2025-03-04 19:19:37.00, MESSAGE QUEUE LENGTH: 1

2025-03-04 19:19:38,069 - INFO - EVENT: Send Msg | RECIPIENT: 3 | LOGICAL TIME: 131 | PHYSICAL TIME: 2025-03-04 19:19:38.06, MESSAGE QUEUE LENGTH: 0

2025-03-04 19:19:38,253 - INFO - EVENT: Internal Event | LOGICAL TIME: 132 | PHYSICAL TIME: 2025-03-04 19:19:38.25, MESSAGE QUEUE LENGTH: 0

2025-03-04 19:19:38,425 - INFO - EVENT: Receive Msg | SENDER: 2 | LOGICAL TIME: 133 | PHYSICAL TIME: 2025-03-04 19:19:38.00, MESSAGE QUEUE LENGTH: 1

2025-03-04 19:19:38,617 - INFO - EVENT: Internal Event | LOGICAL TIME: 134 | PHYSICAL TIME: 2025-03-04 19:19:38.61, MESSAGE QUEUE LENGTH: 0

2025-03-04 19:19:39,003 - INFO - EVENT: Send Msg | RECIPIENT: 2 and 3 | LOGICAL TIME: 135 | PHYSICAL TIME: 2025-03-04 19:19:39.00, MESSAGE QUEUE LENGTH: 0

2025-03-04 19:19:39,185 - INFO - EVENT: Send Msg | RECIPIENT: 2 | LOGICAL TIME: 136 | PHYSICAL TIME: 2025-03-04 19:19:39.18, MESSAGE QUEUE LENGTH: 0

2025-03-04 19:19:39,354 - INFO - EVENT: Internal Event | LOGICAL TIME: 137 | PHYSICAL TIME: 2025-03-04 19:19:39.35, MESSAGE QUEUE LENGTH: 0

2025-03-04 19:19:39,541 - INFO - EVENT: Internal Event | LOGICAL TIME: 138 | PHYSICAL TIME: 2025-03-04 19:19:39.54, MESSAGE QUEUE LENGTH: 0

2025-03-04 19:19:39,724 - INFO - EVENT: Internal Event | LOGICAL TIME: 139 | PHYSICAL TIME: 2025-03-04 19:19:39.72, MESSAGE QUEUE LENGTH: 0

2025-03-04 19:19:39,973 - INFO - EVENT: Receive Msg | SENDER: 3 | LOGICAL TIME: 140 | PHYSICAL TIME: 2025-03-04 19:19:39.00, MESSAGE QUEUE LENGTH: 1

2025-03-04 19:19:40,187 - INFO - EVENT: Receive Msg | SENDER: 3 | LOGICAL TIME: 142 | PHYSICAL TIME: 2025-03-04 19:19:39.00, MESSAGE QUEUE LENGTH: 1

2025-03-04 19:19:40,375 - INFO - EVENT: Internal Event | LOGICAL TIME: 143 | PHYSICAL TIME: 2025-03-04 19:19:40.37, MESSAGE QUEUE LENGTH: 0

2025-03-04 19:19:40,552 - INFO - EVENT: Receive Msg | SENDER: 3 | LOGICAL TIME: 144 | PHYSICAL TIME: 2025-03-04 19:19:40.00, MESSAGE QUEUE LENGTH: 1

2025-03-04 19:19:40,818 - INFO - EVENT: Receive Msg | SENDER: 2 | LOGICAL TIME: 145 | PHYSICAL TIME: 2025-03-04 19:19:40.00, MESSAGE QUEUE LENGTH: 1

2025-03-04 19:19:41,002 - INFO - EVENT: Receive Msg | SENDER: 2 | LOGICAL TIME: 148 | PHYSICAL TIME: 2025-03-04 19:19:40.00, MESSAGE QUEUE LENGTH: 1

2025-03-04 19:19:41,192 - INFO - EVENT: Receive Msg | SENDER: 2 | LOGICAL TIME: 149 | PHYSICAL TIME: 2025-03-04 19:19:41.00, MESSAGE QUEUE LENGTH: 1

2025-03-04 19:19:41,411 - INFO - EVENT: Send Msg | RECIPIENT: 2 and 3 | LOGICAL TIME: 150 | PHYSICAL TIME: 2025-03-04 19:19:41.41, MESSAGE QUEUE LENGTH: 0

2025-03-04 19:19:41,581 - INFO - EVENT: Internal Event | LOGICAL TIME: 151 | PHYSICAL TIME: 2025-03-04 19:19:41.58, MESSAGE QUEUE LENGTH: 0

2025-03-04 19:19:41,756 - INFO - EVENT: Internal Event | LOGICAL TIME: 152 | PHYSICAL TIME: 2025-03-04 19:19:41.75, MESSAGE QUEUE LENGTH: 0

2025-03-04 19:19:41,994 - INFO - EVENT: Internal Event | LOGICAL TIME: 153 | PHYSICAL TIME: 2025-03-04 19:19:41.99, MESSAGE QUEUE LENGTH: 0

2025-03-04 19:19:42,193 - INFO - EVENT: Send Msg | RECIPIENT: 2 and 3 | LOGICAL TIME: 154 | PHYSICAL TIME: 2025-03-04 19:19:42.19, MESSAGE QUEUE LENGTH: 0

2025-03-04 19:19:42,395 - INFO - EVENT: Internal Event | LOGICAL TIME: 155 | PHYSICAL TIME: 2025-03-04 19:19:42.39, MESSAGE QUEUE LENGTH: 0

2025-03-04 19:19:42,575 - INFO - EVENT: Internal Event | LOGICAL TIME: 156 | PHYSICAL TIME: 2025-03-04 19:19:42.57, MESSAGE QUEUE LENGTH: 0

2025-03-04 19:19:42,879 - INFO - EVENT: Internal Event | LOGICAL TIME: 157 | PHYSICAL TIME: 2025-03-04 19:19:42.87, MESSAGE QUEUE LENGTH: 0

2025-03-04 19:19:43,059 - INFO - EVENT: Receive Msg | SENDER: 3 | LOGICAL TIME: 158 | PHYSICAL TIME: 2025-03-04 19:19:42.00, MESSAGE QUEUE LENGTH: 1

2025-03-04 19:19:43,244 - INFO - EVENT: Internal Event | LOGICAL TIME: 159 | PHYSICAL TIME: 2025-03-04 19:19:43.24, MESSAGE QUEUE LENGTH: 0

2025-03-04 19:19:43,428 - INFO - EVENT: Internal Event | LOGICAL TIME: 160 | PHYSICAL TIME: 2025-03-04 19:19:43.42, MESSAGE QUEUE LENGTH: 0

2025-03-04 19:19:43,644 - INFO - EVENT: Receive Msg | SENDER: 3 | LOGICAL TIME: 161 | PHYSICAL TIME: 2025-03-04 19:19:43.00, MESSAGE QUEUE LENGTH: 1

2025-03-04 19:19:43,816 - INFO - EVENT: Send Msg | RECIPIENT: 2 | LOGICAL TIME: 162 | PHYSICAL TIME: 2025-03-04 19:19:43.81, MESSAGE QUEUE LENGTH: 0

2025-03-04 19:19:43,987 - INFO - EVENT: Internal Event | LOGICAL TIME: 163 | PHYSICAL TIME: 2025-03-04 19:19:43.98, MESSAGE QUEUE LENGTH: 0

2025-03-04 19:19:44,171 - INFO - EVENT: Receive Msg | SENDER: 3 | LOGICAL TIME: 164 | PHYSICAL TIME: 2025-03-04 19:19:43.00, MESSAGE QUEUE LENGTH: 1

2025-03-04 19:19:44,377 - INFO - EVENT: Send Msg | RECIPIENT: 3 | LOGICAL TIME: 165 | PHYSICAL TIME: 2025-03-04 19:19:44.37, MESSAGE QUEUE LENGTH: 0

2025-03-04 19:19:44,587 - INFO - EVENT: Internal Event | LOGICAL TIME: 166 | PHYSICAL TIME: 2025-03-04 19:19:44.58, MESSAGE QUEUE LENGTH: 0

2025-03-04 19:19:44,759 - INFO - EVENT: Send Msg | RECIPIENT: 2 | LOGICAL TIME: 167 | PHYSICAL TIME: 2025-03-04 19:19:44.75, MESSAGE QUEUE LENGTH: 0

2025-03-04 19:19:45,025 - INFO - EVENT: Internal Event | LOGICAL TIME: 168 | PHYSICAL TIME: 2025-03-04 19:19:45.02, MESSAGE QUEUE LENGTH: 0

2025-03-04 19:19:45,194 - INFO - EVENT: Send Msg | RECIPIENT: 2 | LOGICAL TIME: 169 | PHYSICAL TIME: 2025-03-04 19:19:45.19, MESSAGE QUEUE LENGTH: 0

2025-03-04 19:19:45,396 - INFO - EVENT: Receive Msg | SENDER: 3 | LOGICAL TIME: 170 | PHYSICAL TIME: 2025-03-04 19:19:45.00, MESSAGE QUEUE LENGTH: 1

2025-03-04 19:19:45,610 - INFO - EVENT: Send Msg | RECIPIENT: 3 | LOGICAL TIME: 171 | PHYSICAL TIME: 2025-03-04 19:19:45.61, MESSAGE QUEUE LENGTH: 0

2025-03-04 19:19:45,781 - INFO - EVENT: Internal Event | LOGICAL TIME: 172 | PHYSICAL TIME: 2025-03-04 19:19:45.78, MESSAGE QUEUE LENGTH: 0

2025-03-04 19:19:45,980 - INFO - EVENT: Receive Msg | SENDER: 2 | LOGICAL TIME: 173 | PHYSICAL TIME: 2025-03-04 19:19:45.00, MESSAGE QUEUE LENGTH: 1

2025-03-04 19:19:46,229 - INFO - EVENT: Internal Event | LOGICAL TIME: 174 | PHYSICAL TIME: 2025-03-04 19:19:46.22, MESSAGE QUEUE LENGTH: 0

2025-03-04 19:19:46,428 - INFO - EVENT: Receive Msg | SENDER: 2 | LOGICAL TIME: 175 | PHYSICAL TIME: 2025-03-04 19:19:46.00, MESSAGE QUEUE LENGTH: 2

2025-03-04 19:19:46,614 - INFO - EVENT: Receive Msg | SENDER: 3 | LOGICAL TIME: 176 | PHYSICAL TIME: 2025-03-04 19:19:46.00, MESSAGE QUEUE LENGTH: 1

2025-03-04 19:19:46,784 - INFO - EVENT: Send Msg | RECIPIENT: 2 and 3 | LOGICAL TIME: 177 | PHYSICAL TIME: 2025-03-04 19:19:46.78, MESSAGE QUEUE LENGTH: 0

2025-03-04 19:19:46,996 - INFO - EVENT: Send Msg | RECIPIENT: 3 | LOGICAL TIME: 178 | PHYSICAL TIME: 2025-03-04 19:19:46.99, MESSAGE QUEUE LENGTH: 0

2025-03-04 19:19:47,165 - INFO - EVENT: Internal Event | LOGICAL TIME: 179 | PHYSICAL TIME: 2025-03-04 19:19:47.16, MESSAGE QUEUE LENGTH: 0

2025-03-04 19:19:47,441 - INFO - EVENT: Internal Event | LOGICAL TIME: 180 | PHYSICAL TIME: 2025-03-04 19:19:47.44, MESSAGE QUEUE LENGTH: 0

2025-03-04 19:19:47,642 - INFO - EVENT: Send Msg | RECIPIENT: 3 | LOGICAL TIME: 181 | PHYSICAL TIME: 2025-03-04 19:19:47.64, MESSAGE QUEUE LENGTH: 0

2025-03-04 19:19:47,814 - INFO - EVENT: Receive Msg | SENDER: 2 | LOGICAL TIME: 182 | PHYSICAL TIME: 2025-03-04 19:19:47.00, MESSAGE QUEUE LENGTH: 1

2025-03-04 19:19:48,016 - INFO - EVENT: Internal Event | LOGICAL TIME: 183 | PHYSICAL TIME: 2025-03-04 19:19:48.01, MESSAGE QUEUE LENGTH: 0

2025-03-04 19:19:48,246 - INFO - EVENT: Receive Msg | SENDER: 3 | LOGICAL TIME: 184 | PHYSICAL TIME: 2025-03-04 19:19:47.00, MESSAGE QUEUE LENGTH: 1

2025-03-04 19:19:48,451 - INFO - EVENT: Send Msg | RECIPIENT: 2 | LOGICAL TIME: 185 | PHYSICAL TIME: 2025-03-04 19:19:48.45, MESSAGE QUEUE LENGTH: 0

2025-03-04 19:19:48,633 - INFO - EVENT: Send Msg | RECIPIENT: 2 and 3 | LOGICAL TIME: 186 | PHYSICAL TIME: 2025-03-04 19:19:48.63, MESSAGE QUEUE LENGTH: 0

2025-03-04 19:19:48,833 - INFO - EVENT: Send Msg | RECIPIENT: 3 | LOGICAL TIME: 187 | PHYSICAL TIME: 2025-03-04 19:19:48.83, MESSAGE QUEUE LENGTH: 0

2025-03-04 19:19:49,012 - INFO - EVENT: Internal Event | LOGICAL TIME: 188 | PHYSICAL TIME: 2025-03-04 19:19:49.01, MESSAGE QUEUE LENGTH: 0

2025-03-04 19:19:49,183 - INFO - EVENT: Internal Event | LOGICAL TIME: 189 | PHYSICAL TIME: 2025-03-04 19:19:49.18, MESSAGE QUEUE LENGTH: 0

2025-03-04 19:19:49,427 - INFO - EVENT: Internal Event | LOGICAL TIME: 190 | PHYSICAL TIME: 2025-03-04 19:19:49.42, MESSAGE QUEUE LENGTH: 0

2025-03-04 19:19:49,597 - INFO - EVENT: Receive Msg | SENDER: 2 | LOGICAL TIME: 191 | PHYSICAL TIME: 2025-03-04 19:19:49.00, MESSAGE QUEUE LENGTH: 2

2025-03-04 19:19:49,768 - INFO - EVENT: Receive Msg | SENDER: 3 | LOGICAL TIME: 192 | PHYSICAL TIME: 2025-03-04 19:19:49.00, MESSAGE QUEUE LENGTH: 1

2025-03-04 19:19:49,969 - INFO - EVENT: Send Msg | RECIPIENT: 3 | LOGICAL TIME: 193 | PHYSICAL TIME: 2025-03-04 19:19:49.96, MESSAGE QUEUE LENGTH: 0

2025-03-04 19:19:50,163 - INFO - EVENT: Receive Msg | SENDER: 3 | LOGICAL TIME: 194 | PHYSICAL TIME: 2025-03-04 19:19:49.00, MESSAGE QUEUE LENGTH: 1

2025-03-04 19:19:50,349 - INFO - EVENT: Internal Event | LOGICAL TIME: 195 | PHYSICAL TIME: 2025-03-04 19:19:50.34, MESSAGE QUEUE LENGTH: 0

2025-03-04 19:19:50,566 - INFO - EVENT: Internal Event | LOGICAL TIME: 196 | PHYSICAL TIME: 2025-03-04 19:19:50.56, MESSAGE QUEUE LENGTH: 0

2025-03-04 19:19:50,780 - INFO - EVENT: Receive Msg | SENDER: 3 | LOGICAL TIME: 197 | PHYSICAL TIME: 2025-03-04 19:19:50.00, MESSAGE QUEUE LENGTH: 1

2025-03-04 19:19:50,952 - INFO - EVENT: Internal Event | LOGICAL TIME: 198 | PHYSICAL TIME: 2025-03-04 19:19:50.95, MESSAGE QUEUE LENGTH: 0

2025-03-04 19:19:51,127 - INFO - EVENT: Internal Event | LOGICAL TIME: 199 | PHYSICAL TIME: 2025-03-04 19:19:51.12, MESSAGE QUEUE LENGTH: 0

2025-03-04 19:19:51,326 - INFO - EVENT: Internal Event | LOGICAL TIME: 200 | PHYSICAL TIME: 2025-03-04 19:19:51.32, MESSAGE QUEUE LENGTH: 0

2025-03-04 19:19:51,518 - INFO - EVENT: Send Msg | RECIPIENT: 2 and 3 | LOGICAL TIME: 201 | PHYSICAL TIME: 2025-03-04 19:19:51.51, MESSAGE QUEUE LENGTH: 0

2025-03-04 19:19:51,701 - INFO - EVENT: Receive Msg | SENDER: 3 | LOGICAL TIME: 202 | PHYSICAL TIME: 2025-03-04 19:19:51.00, MESSAGE QUEUE LENGTH: 1

2025-03-04 19:19:51,916 - INFO - EVENT: Internal Event | LOGICAL TIME: 203 | PHYSICAL TIME: 2025-03-04 19:19:51.91, MESSAGE QUEUE LENGTH: 0

2025-03-04 19:19:52,086 - INFO - EVENT: Send Msg | RECIPIENT: 2 | LOGICAL TIME: 204 | PHYSICAL TIME: 2025-03-04 19:19:52.08, MESSAGE QUEUE LENGTH: 0

2025-03-04 19:19:52,349 - INFO - EVENT: Internal Event | LOGICAL TIME: 205 | PHYSICAL TIME: 2025-03-04 19:19:52.34, MESSAGE QUEUE LENGTH: 0

2025-03-04 19:19:52,535 - INFO - EVENT: Receive Msg | SENDER: 3 | LOGICAL TIME: 206 | PHYSICAL TIME: 2025-03-04 19:19:52.00, MESSAGE QUEUE LENGTH: 1

2025-03-04 19:19:52,717 - INFO - EVENT: Internal Event | LOGICAL TIME: 207 | PHYSICAL TIME: 2025-03-04 19:19:52.71, MESSAGE QUEUE LENGTH: 0

2025-03-04 19:19:52,991 - INFO - EVENT: Internal Event | LOGICAL TIME: 208 | PHYSICAL TIME: 2025-03-04 19:19:52.99, MESSAGE QUEUE LENGTH: 0

2025-03-04 19:19:53,177 - INFO - EVENT: Send Msg | RECIPIENT: 2 | LOGICAL TIME: 209 | PHYSICAL TIME: 2025-03-04 19:19:53.17, MESSAGE QUEUE LENGTH: 0

2025-03-04 19:19:53,370 - INFO - EVENT: Receive Msg | SENDER: 3 | LOGICAL TIME: 211 | PHYSICAL TIME: 2025-03-04 19:19:53.00, MESSAGE QUEUE LENGTH: 1

2025-03-04 19:19:53,572 - INFO - EVENT: Internal Event | LOGICAL TIME: 212 | PHYSICAL TIME: 2025-03-04 19:19:53.57, MESSAGE QUEUE LENGTH: 0

2025-03-04 19:19:53,768 - INFO - EVENT: Internal Event | LOGICAL TIME: 213 | PHYSICAL TIME: 2025-03-04 19:19:53.76, MESSAGE QUEUE LENGTH: 0

2025-03-04 19:19:53,965 - INFO - EVENT: Receive Msg | SENDER: 2 | LOGICAL TIME: 214 | PHYSICAL TIME: 2025-03-04 19:19:53.00, MESSAGE QUEUE LENGTH: 2

2025-03-04 19:19:54,134 - INFO - EVENT: Receive Msg | SENDER: 3 | LOGICAL TIME: 215 | PHYSICAL TIME: 2025-03-04 19:19:53.00, MESSAGE QUEUE LENGTH: 1

2025-03-04 19:19:54,303 - INFO - EVENT: Internal Event | LOGICAL TIME: 216 | PHYSICAL TIME: 2025-03-04 19:19:54.30, MESSAGE QUEUE LENGTH: 0

2025-03-04 19:19:54,554 - INFO - EVENT: Receive Msg | SENDER: 2 | LOGICAL TIME: 217 | PHYSICAL TIME: 2025-03-04 19:19:54.00, MESSAGE QUEUE LENGTH: 1

2025-03-04 19:19:54,801 - INFO - EVENT: Internal Event | LOGICAL TIME: 218 | PHYSICAL TIME: 2025-03-04 19:19:54.80, MESSAGE QUEUE LENGTH: 0

2025-03-04 19:19:55,005 - INFO - EVENT: Receive Msg | SENDER: 3 | LOGICAL TIME: 220 | PHYSICAL TIME: 2025-03-04 19:19:54.00, MESSAGE QUEUE LENGTH: 1

2025-03-04 19:19:55,184 - INFO - EVENT: Internal Event | LOGICAL TIME: 221 | PHYSICAL TIME: 2025-03-04 19:19:55.18, MESSAGE QUEUE LENGTH: 0

2025-03-04 19:19:55,354 - INFO - EVENT: Internal Event | LOGICAL TIME: 222 | PHYSICAL TIME: 2025-03-04 19:19:55.35, MESSAGE QUEUE LENGTH: 0

2025-03-04 19:19:55,546 - INFO - EVENT: Receive Msg | SENDER: 2 | LOGICAL TIME: 223 | PHYSICAL TIME: 2025-03-04 19:19:55.00, MESSAGE QUEUE LENGTH: 1

2025-03-04 19:19:55,767 - INFO - EVENT: Internal Event | LOGICAL TIME: 224 | PHYSICAL TIME: 2025-03-04 19:19:55.76, MESSAGE QUEUE LENGTH: 0

2025-03-04 19:19:55,952 - INFO - EVENT: Internal Event | LOGICAL TIME: 225 | PHYSICAL TIME: 2025-03-04 19:19:55.95, MESSAGE QUEUE LENGTH: 0

2025-03-04 19:19:56,152 - INFO - EVENT: Send Msg | RECIPIENT: 2 | LOGICAL TIME: 226 | PHYSICAL TIME: 2025-03-04 19:19:56.15, MESSAGE QUEUE LENGTH: 0

2025-03-04 19:19:56,323 - INFO - EVENT: Send Msg | RECIPIENT: 2 and 3 | LOGICAL TIME: 227 | PHYSICAL TIME: 2025-03-04 19:19:56.32, MESSAGE QUEUE LENGTH: 0

2025-03-04 19:19:56,500 - INFO - EVENT: Internal Event | LOGICAL TIME: 228 | PHYSICAL TIME: 2025-03-04 19:19:56.50, MESSAGE QUEUE LENGTH: 0

2025-03-04 19:19:56,688 - INFO - EVENT: Internal Event | LOGICAL TIME: 229 | PHYSICAL TIME: 2025-03-04 19:19:56.68, MESSAGE QUEUE LENGTH: 0

2025-03-04 19:19:56,859 - INFO - EVENT: Internal Event | LOGICAL TIME: 230 | PHYSICAL TIME: 2025-03-04 19:19:56.85, MESSAGE QUEUE LENGTH: 0

2025-03-04 19:19:57,030 - INFO - EVENT: Receive Msg | SENDER: 3 | LOGICAL TIME: 231 | PHYSICAL TIME: 2025-03-04 19:19:56.00, MESSAGE QUEUE LENGTH: 1

2025-03-04 19:19:57,284 - INFO - EVENT: Internal Event | LOGICAL TIME: 232 | PHYSICAL TIME: 2025-03-04 19:19:57.28, MESSAGE QUEUE LENGTH: 0

2025-03-04 19:19:57,454 - INFO - EVENT: Internal Event | LOGICAL TIME: 233 | PHYSICAL TIME: 2025-03-04 19:19:57.45, MESSAGE QUEUE LENGTH: 0

2025-03-04 19:19:57,639 - INFO - EVENT: Receive Msg | SENDER: 3 | LOGICAL TIME: 234 | PHYSICAL TIME: 2025-03-04 19:19:57.00, MESSAGE QUEUE LENGTH: 1

2025-03-04 19:19:57,856 - INFO - EVENT: Internal Event | LOGICAL TIME: 235 | PHYSICAL TIME: 2025-03-04 19:19:57.85, MESSAGE QUEUE LENGTH: 0

2025-03-04 19:19:58,073 - INFO - EVENT: Send Msg | RECIPIENT: 2 and 3 | LOGICAL TIME: 236 | PHYSICAL TIME: 2025-03-04 19:19:58.07, MESSAGE QUEUE LENGTH: 0

2025-03-04 19:19:58,241 - INFO - EVENT: Send Msg | RECIPIENT: 2 and 3 | LOGICAL TIME: 237 | PHYSICAL TIME: 2025-03-04 19:19:58.24, MESSAGE QUEUE LENGTH: 0

2025-03-04 19:19:58,455 - INFO - EVENT: Internal Event | LOGICAL TIME: 238 | PHYSICAL TIME: 2025-03-04 19:19:58.45, MESSAGE QUEUE LENGTH: 0

2025-03-04 19:19:58,641 - INFO - EVENT: Internal Event | LOGICAL TIME: 239 | PHYSICAL TIME: 2025-03-04 19:19:58.64, MESSAGE QUEUE LENGTH: 0

2025-03-04 19:19:58,839 - INFO - EVENT: Send Msg | RECIPIENT: 2 and 3 | LOGICAL TIME: 240 | PHYSICAL TIME: 2025-03-04 19:19:58.83, MESSAGE QUEUE LENGTH: 0

2025-03-04 19:19:59,024 - INFO - EVENT: Send Msg | RECIPIENT: 2 and 3 | LOGICAL TIME: 241 | PHYSICAL TIME: 2025-03-04 19:19:59.02, MESSAGE QUEUE LENGTH: 0

2025-03-04 19:19:59,272 - INFO - EVENT: Send Msg | RECIPIENT: 2 | LOGICAL TIME: 242 | PHYSICAL TIME: 2025-03-04 19:19:59.27, MESSAGE QUEUE LENGTH: 0

2025-03-04 19:19:59,442 - INFO - EVENT: Internal Event | LOGICAL TIME: 243 | PHYSICAL TIME: 2025-03-04 19:19:59.44, MESSAGE QUEUE LENGTH: 0

2025-03-04 19:19:59,644 - INFO - EVENT: Internal Event | LOGICAL TIME: 244 | PHYSICAL TIME: 2025-03-04 19:19:59.64, MESSAGE QUEUE LENGTH: 0

2025-03-04 19:19:59,919 - INFO - EVENT: Internal Event | LOGICAL TIME: 245 | PHYSICAL TIME: 2025-03-04 19:19:59.91, MESSAGE QUEUE LENGTH: 0

2025-03-04 19:20:00,103 - INFO - EVENT: Send Msg | RECIPIENT: 2 and 3 | LOGICAL TIME: 246 | PHYSICAL TIME: 2025-03-04 19:20:00.10, MESSAGE QUEUE LENGTH: 0

2025-03-04 19:20:00,376 - INFO - EVENT: Receive Msg | SENDER: 3 | LOGICAL TIME: 248 | PHYSICAL TIME: 2025-03-04 19:20:00.00, MESSAGE QUEUE LENGTH: 1

2025-03-04 19:20:00,637 - INFO - EVENT: Internal Event | LOGICAL TIME: 249 | PHYSICAL TIME: 2025-03-04 19:20:00.63, MESSAGE QUEUE LENGTH: 0

2025-03-04 19:20:00,809 - INFO - EVENT: Receive Msg | SENDER: 3 | LOGICAL TIME: 251 | PHYSICAL TIME: 2025-03-04 19:20:00.00, MESSAGE QUEUE LENGTH: 1

2025-03-04 19:20:01,073 - INFO - EVENT: Internal Event | LOGICAL TIME: 252 | PHYSICAL TIME: 2025-03-04 19:20:01.07, MESSAGE QUEUE LENGTH: 0

2025-03-04 19:20:01,292 - INFO - EVENT: Receive Msg | SENDER: 3 | LOGICAL TIME: 253 | PHYSICAL TIME: 2025-03-04 19:20:01.00, MESSAGE QUEUE LENGTH: 1

2025-03-04 19:20:01,461 - INFO - EVENT: Internal Event | LOGICAL TIME: 254 | PHYSICAL TIME: 2025-03-04 19:20:01.46, MESSAGE QUEUE LENGTH: 0

2025-03-04 19:20:01,726 - INFO - EVENT: Send Msg | RECIPIENT: 2 and 3 | LOGICAL TIME: 255 | PHYSICAL TIME: 2025-03-04 19:20:01.72, MESSAGE QUEUE LENGTH: 0

2025-03-04 19:20:01,959 - INFO - EVENT: Receive Msg | SENDER: 3 | LOGICAL TIME: 256 | PHYSICAL TIME: 2025-03-04 19:20:01.00, MESSAGE QUEUE LENGTH: 1

2025-03-04 19:20:02,139 - INFO - EVENT: Send Msg | RECIPIENT: 2 and 3 | LOGICAL TIME: 257 | PHYSICAL TIME: 2025-03-04 19:20:02.13, MESSAGE QUEUE LENGTH: 0

2025-03-04 19:20:02,310 - INFO - EVENT: Internal Event | LOGICAL TIME: 258 | PHYSICAL TIME: 2025-03-04 19:20:02.31, MESSAGE QUEUE LENGTH: 0

2025-03-04 19:20:02,525 - INFO - EVENT: Internal Event | LOGICAL TIME: 259 | PHYSICAL TIME: 2025-03-04 19:20:02.52, MESSAGE QUEUE LENGTH: 0

2025-03-04 19:20:02,695 - INFO - EVENT: Send Msg | RECIPIENT: 2 | LOGICAL TIME: 260 | PHYSICAL TIME: 2025-03-04 19:20:02.69, MESSAGE QUEUE LENGTH: 0

2025-03-04 19:20:02,895 - INFO - EVENT: Send Msg | RECIPIENT: 2 and 3 | LOGICAL TIME: 261 | PHYSICAL TIME: 2025-03-04 19:20:02.89, MESSAGE QUEUE LENGTH: 0

2025-03-04 19:20:03,158 - INFO - EVENT: Send Msg | RECIPIENT: 2 | LOGICAL TIME: 262 | PHYSICAL TIME: 2025-03-04 19:20:03.15, MESSAGE QUEUE LENGTH: 0

2025-03-04 19:20:03,326 - INFO - EVENT: Internal Event | LOGICAL TIME: 263 | PHYSICAL TIME: 2025-03-04 19:20:03.32, MESSAGE QUEUE LENGTH: 0

2025-03-04 19:20:03,524 - INFO - EVENT: Send Msg | RECIPIENT: 2 and 3 | LOGICAL TIME: 264 | PHYSICAL TIME: 2025-03-04 19:20:03.52, MESSAGE QUEUE LENGTH: 0

2025-03-04 19:20:03,693 - INFO - EVENT: Internal Event | LOGICAL TIME: 265 | PHYSICAL TIME: 2025-03-04 19:20:03.69, MESSAGE QUEUE LENGTH: 0

2025-03-04 19:20:03,865 - INFO - EVENT: Internal Event | LOGICAL TIME: 266 | PHYSICAL TIME: 2025-03-04 19:20:03.86, MESSAGE QUEUE LENGTH: 0

2025-03-04 19:20:04,045 - INFO - EVENT: Internal Event | LOGICAL TIME: 267 | PHYSICAL TIME: 2025-03-04 19:20:04.04, MESSAGE QUEUE LENGTH: 0

2025-03-04 19:20:04,248 - INFO - EVENT: Receive Msg | SENDER: 3 | LOGICAL TIME: 268 | PHYSICAL TIME: 2025-03-04 19:20:04.00, MESSAGE QUEUE LENGTH: 2

2025-03-04 19:20:04,444 - INFO - EVENT: Receive Msg | SENDER: 2 | LOGICAL TIME: 269 | PHYSICAL TIME: 2025-03-04 19:20:04.00, MESSAGE QUEUE LENGTH: 1

2025-03-04 19:20:04,639 - INFO - EVENT: Receive Msg | SENDER: 3 | LOGICAL TIME: 270 | PHYSICAL TIME: 2025-03-04 19:20:04.00, MESSAGE QUEUE LENGTH: 1

2025-03-04 19:20:04,856 - INFO - EVENT: Internal Event | LOGICAL TIME: 271 | PHYSICAL TIME: 2025-03-04 19:20:04.85, MESSAGE QUEUE LENGTH: 0

2025-03-04 19:20:05,046 - INFO - EVENT: Receive Msg | SENDER: 3 | LOGICAL TIME: 272 | PHYSICAL TIME: 2025-03-04 19:20:04.00, MESSAGE QUEUE LENGTH: 1

2025-03-04 19:20:05,216 - INFO - EVENT: Internal Event | LOGICAL TIME: 273 | PHYSICAL TIME: 2025-03-04 19:20:05.21, MESSAGE QUEUE LENGTH: 0

2025-03-04 19:20:05,412 - INFO - EVENT: Internal Event | LOGICAL TIME: 274 | PHYSICAL TIME: 2025-03-04 19:20:05.41, MESSAGE QUEUE LENGTH: 0

2025-03-04 19:20:05,596 - INFO - EVENT: Internal Event | LOGICAL TIME: 275 | PHYSICAL TIME: 2025-03-04 19:20:05.59, MESSAGE QUEUE LENGTH: 0

2025-03-04 19:20:05,763 - INFO - EVENT: Internal Event | LOGICAL TIME: 276 | PHYSICAL TIME: 2025-03-04 19:20:05.76, MESSAGE QUEUE LENGTH: 0

2025-03-04 19:20:05,948 - INFO - EVENT: Internal Event | LOGICAL TIME: 277 | PHYSICAL TIME: 2025-03-04 19:20:05.94, MESSAGE QUEUE LENGTH: 0

2025-03-04 19:20:06,224 - INFO - EVENT: Internal Event | LOGICAL TIME: 278 | PHYSICAL TIME: 2025-03-04 19:20:06.22, MESSAGE QUEUE LENGTH: 0

2025-03-04 19:20:06,398 - INFO - EVENT: Receive Msg | SENDER: 2 | LOGICAL TIME: 279 | PHYSICAL TIME: 2025-03-04 19:20:06.00, MESSAGE QUEUE LENGTH: 1

2025-03-04 19:20:06,657 - INFO - EVENT: Receive Msg | SENDER: 2 | LOGICAL TIME: 280 | PHYSICAL TIME: 2025-03-04 19:20:06.00, MESSAGE QUEUE LENGTH: 1

2025-03-04 19:20:06,895 - INFO - EVENT: Send Msg | RECIPIENT: 2 | LOGICAL TIME: 281 | PHYSICAL TIME: 2025-03-04 19:20:06.89, MESSAGE QUEUE LENGTH: 0

2025-03-04 19:20:07,078 - INFO - EVENT: Internal Event | LOGICAL TIME: 282 | PHYSICAL TIME: 2025-03-04 19:20:07.07, MESSAGE QUEUE LENGTH: 0

2025-03-04 19:20:07,272 - INFO - EVENT: Send Msg | RECIPIENT: 3 | LOGICAL TIME: 283 | PHYSICAL TIME: 2025-03-04 19:20:07.27, MESSAGE QUEUE LENGTH: 0

2025-03-04 19:20:07,446 - INFO - EVENT: Internal Event | LOGICAL TIME: 284 | PHYSICAL TIME: 2025-03-04 19:20:07.44, MESSAGE QUEUE LENGTH: 0

2025-03-04 19:20:07,624 - INFO - EVENT: Internal Event | LOGICAL TIME: 285 | PHYSICAL TIME: 2025-03-04 19:20:07.62, MESSAGE QUEUE LENGTH: 0

2025-03-04 19:20:07,793 - INFO - EVENT: Internal Event | LOGICAL TIME: 286 | PHYSICAL TIME: 2025-03-04 19:20:07.79, MESSAGE QUEUE LENGTH: 0

2025-03-04 19:20:08,012 - INFO - EVENT: Receive Msg | SENDER: 3 | LOGICAL TIME: 287 | PHYSICAL TIME: 2025-03-04 19:20:07.00, MESSAGE QUEUE LENGTH: 1

2025-03-04 19:20:08,182 - INFO - EVENT: Internal Event | LOGICAL TIME: 288 | PHYSICAL TIME: 2025-03-04 19:20:08.18, MESSAGE QUEUE LENGTH: 0

2025-03-04 19:20:08,355 - INFO - EVENT: Internal Event | LOGICAL TIME: 289 | PHYSICAL TIME: 2025-03-04 19:20:08.35, MESSAGE QUEUE LENGTH: 0

2025-03-04 19:20:08,525 - INFO - EVENT: Receive Msg | SENDER: 2 | LOGICAL TIME: 290 | PHYSICAL TIME: 2025-03-04 19:20:08.00, MESSAGE QUEUE LENGTH: 1

2025-03-04 19:20:08,726 - INFO - EVENT: Internal Event | LOGICAL TIME: 291 | PHYSICAL TIME: 2025-03-04 19:20:08.72, MESSAGE QUEUE LENGTH: 0

2025-03-04 19:20:08,942 - INFO - EVENT: Internal Event | LOGICAL TIME: 292 | PHYSICAL TIME: 2025-03-04 19:20:08.94, MESSAGE QUEUE LENGTH: 0

2025-03-04 19:20:09,115 - INFO - EVENT: Receive Msg | SENDER: 2 | LOGICAL TIME: 294 | PHYSICAL TIME: 2025-03-04 19:20:08.00, MESSAGE QUEUE LENGTH: 1

2025-03-04 19:20:09,284 - INFO - EVENT: Send Msg | RECIPIENT: 2 | LOGICAL TIME: 295 | PHYSICAL TIME: 2025-03-04 19:20:09.28, MESSAGE QUEUE LENGTH: 0

2025-03-04 19:20:09,463 - INFO - EVENT: Internal Event | LOGICAL TIME: 296 | PHYSICAL TIME: 2025-03-04 19:20:09.46, MESSAGE QUEUE LENGTH: 0

2025-03-04 19:20:09,717 - INFO - EVENT: Send Msg | RECIPIENT: 2 and 3 | LOGICAL TIME: 297 | PHYSICAL TIME: 2025-03-04 19:20:09.71, MESSAGE QUEUE LENGTH: 0

2025-03-04 19:20:09,931 - INFO - EVENT: Internal Event | LOGICAL TIME: 298 | PHYSICAL TIME: 2025-03-04 19:20:09.93, MESSAGE QUEUE LENGTH: 0

2025-03-04 19:20:10,099 - INFO - EVENT: Internal Event | LOGICAL TIME: 299 | PHYSICAL TIME: 2025-03-04 19:20:10.09, MESSAGE QUEUE LENGTH: 0

2025-03-04 19:20:10,296 - INFO - EVENT: Internal Event | LOGICAL TIME: 300 | PHYSICAL TIME: 2025-03-04 19:20:10.29, MESSAGE QUEUE LENGTH: 0

2025-03-04 19:20:10,468 - INFO - EVENT: Receive Msg | SENDER: 2 | LOGICAL TIME: 301 | PHYSICAL TIME: 2025-03-04 19:20:10.00, MESSAGE QUEUE LENGTH: 1

2025-03-04 19:20:10,641 - INFO - EVENT: Internal Event | LOGICAL TIME: 302 | PHYSICAL TIME: 2025-03-04 19:20:10.64, MESSAGE QUEUE LENGTH: 0

2025-03-04 19:20:10,833 - INFO - EVENT: Internal Event | LOGICAL TIME: 303 | PHYSICAL TIME: 2025-03-04 19:20:10.83, MESSAGE QUEUE LENGTH: 0

2025-03-04 19:20:11,015 - INFO - EVENT: Receive Msg | SENDER: 2 | LOGICAL TIME: 304 | PHYSICAL TIME: 2025-03-04 19:20:10.00, MESSAGE QUEUE LENGTH: 1

2025-03-04 19:20:11,201 - INFO - EVENT: Receive Msg | SENDER: 2 | LOGICAL TIME: 305 | PHYSICAL TIME: 2025-03-04 19:20:11.00, MESSAGE QUEUE LENGTH: 1

2025-03-04 19:20:11,398 - INFO - EVENT: Receive Msg | SENDER: 3 | LOGICAL TIME: 306 | PHYSICAL TIME: 2025-03-04 19:20:11.00, MESSAGE QUEUE LENGTH: 1

2025-03-04 19:20:11,578 - INFO - EVENT: Receive Msg | SENDER: 3 | LOGICAL TIME: 307 | PHYSICAL TIME: 2025-03-04 19:20:11.00, MESSAGE QUEUE LENGTH: 2

2025-03-04 19:20:11,746 - INFO - EVENT: Receive Msg | SENDER: 2 | LOGICAL TIME: 308 | PHYSICAL TIME: 2025-03-04 19:20:11.00, MESSAGE QUEUE LENGTH: 1

2025-03-04 19:20:11,966 - INFO - EVENT: Receive Msg | SENDER: 3 | LOGICAL TIME: 309 | PHYSICAL TIME: 2025-03-04 19:20:11.00, MESSAGE QUEUE LENGTH: 1

2025-03-04 19:20:12,158 - INFO - EVENT: Send Msg | RECIPIENT: 2 and 3 | LOGICAL TIME: 310 | PHYSICAL TIME: 2025-03-04 19:20:12.15, MESSAGE QUEUE LENGTH: 0

2025-03-04 19:20:12,330 - INFO - EVENT: Receive Msg | SENDER: 3 | LOGICAL TIME: 311 | PHYSICAL TIME: 2025-03-04 19:20:12.00, MESSAGE QUEUE LENGTH: 1

2025-03-04 19:20:12,501 - INFO - EVENT: Internal Event | LOGICAL TIME: 312 | PHYSICAL TIME: 2025-03-04 19:20:12.50, MESSAGE QUEUE LENGTH: 0

2025-03-04 19:20:12,670 - INFO - EVENT: Internal Event | LOGICAL TIME: 313 | PHYSICAL TIME: 2025-03-04 19:20:12.67, MESSAGE QUEUE LENGTH: 0

2025-03-04 19:20:12,849 - INFO - EVENT: Receive Msg | SENDER: 2 | LOGICAL TIME: 314 | PHYSICAL TIME: 2025-03-04 19:20:12.00, MESSAGE QUEUE LENGTH: 1

2025-03-04 19:20:13,018 - INFO - EVENT: Send Msg | RECIPIENT: 2 | LOGICAL TIME: 315 | PHYSICAL TIME: 2025-03-04 19:20:13.01, MESSAGE QUEUE LENGTH: 0

2025-03-04 19:20:13,202 - INFO - EVENT: Receive Msg | SENDER: 2 | LOGICAL TIME: 316 | PHYSICAL TIME: 2025-03-04 19:20:12.00, MESSAGE QUEUE LENGTH: 1

2025-03-04 19:20:13,386 - INFO - EVENT: Internal Event | LOGICAL TIME: 317 | PHYSICAL TIME: 2025-03-04 19:20:13.38, MESSAGE QUEUE LENGTH: 0

2025-03-04 19:20:13,565 - INFO - EVENT: Receive Msg | SENDER: 2 | LOGICAL TIME: 318 | PHYSICAL TIME: 2025-03-04 19:20:13.00, MESSAGE QUEUE LENGTH: 1

2025-03-04 19:20:13,865 - INFO - EVENT: Send Msg | RECIPIENT: 3 | LOGICAL TIME: 319 | PHYSICAL TIME: 2025-03-04 19:20:13.86, MESSAGE QUEUE LENGTH: 0

2025-03-04 19:20:14,053 - INFO - EVENT: Receive Msg | SENDER: 2 | LOGICAL TIME: 321 | PHYSICAL TIME: 2025-03-04 19:20:13.00, MESSAGE QUEUE LENGTH: 1

2025-03-04 19:20:14,225 - INFO - EVENT: Internal Event | LOGICAL TIME: 322 | PHYSICAL TIME: 2025-03-04 19:20:14.22, MESSAGE QUEUE LENGTH: 0

2025-03-04 19:20:14,400 - INFO - EVENT: Send Msg | RECIPIENT: 3 | LOGICAL TIME: 323 | PHYSICAL TIME: 2025-03-04 19:20:14.40, MESSAGE QUEUE LENGTH: 0

2025-03-04 19:20:14,715 - INFO - EVENT: Internal Event | LOGICAL TIME: 324 | PHYSICAL TIME: 2025-03-04 19:20:14.71, MESSAGE QUEUE LENGTH: 0

2025-03-04 19:20:14,903 - INFO - EVENT: Receive Msg | SENDER: 3 | LOGICAL TIME: 326 | PHYSICAL TIME: 2025-03-04 19:20:14.00, MESSAGE QUEUE LENGTH: 1

2025-03-04 19:20:15,075 - INFO - EVENT: Internal Event | LOGICAL TIME: 327 | PHYSICAL TIME: 2025-03-04 19:20:15.07, MESSAGE QUEUE LENGTH: 0

2025-03-04 19:20:15,256 - INFO - EVENT: Internal Event | LOGICAL TIME: 328 | PHYSICAL TIME: 2025-03-04 19:20:15.25, MESSAGE QUEUE LENGTH: 0

2025-03-04 19:20:15,455 - INFO - EVENT: Receive Msg | SENDER: 3 | LOGICAL TIME: 329 | PHYSICAL TIME: 2025-03-04 19:20:15.00, MESSAGE QUEUE LENGTH: 1

2025-03-04 19:20:15,704 - INFO - EVENT: Internal Event | LOGICAL TIME: 330 | PHYSICAL TIME: 2025-03-04 19:20:15.70, MESSAGE QUEUE LENGTH: 0

2025-03-04 19:20:15,887 - INFO - EVENT: Internal Event | LOGICAL TIME: 331 | PHYSICAL TIME: 2025-03-04 19:20:15.88, MESSAGE QUEUE LENGTH: 0

2025-03-04 19:20:16,205 - INFO - EVENT: Receive Msg | SENDER: 2 | LOGICAL TIME: 333 | PHYSICAL TIME: 2025-03-04 19:20:16.00, MESSAGE QUEUE LENGTH: 2

2025-03-04 19:20:16,396 - INFO - EVENT: Receive Msg | SENDER: 3 | LOGICAL TIME: 334 | PHYSICAL TIME: 2025-03-04 19:20:16.00, MESSAGE QUEUE LENGTH: 1

2025-03-04 19:20:16,570 - INFO - EVENT: Internal Event | LOGICAL TIME: 335 | PHYSICAL TIME: 2025-03-04 19:20:16.57, MESSAGE QUEUE LENGTH: 0

2025-03-04 19:20:16,769 - INFO - EVENT: Internal Event | LOGICAL TIME: 336 | PHYSICAL TIME: 2025-03-04 19:20:16.76, MESSAGE QUEUE LENGTH: 0

2025-03-04 19:20:17,011 - INFO - EVENT: Send Msg | RECIPIENT: 2 and 3 | LOGICAL TIME: 337 | PHYSICAL TIME: 2025-03-04 19:20:17.01, MESSAGE QUEUE LENGTH: 0

