2025-03-04 19:19:11,300 - Process-3 - INFO - Starting server for client 3 at localhost:54402
2025-03-04 19:19:11,301 - Process-3 - INFO - Connected to client 1 at localhost:54400
2025-03-04 19:19:11,538 - Process-1 - INFO - Connected to client 2 at localhost:54401
2025-03-04 19:19:11,689 - Process-2 - INFO - Connected to client 3 at localhost:54402
2025-03-04 19:19:11,766 - Process-3 - INFO - Connected to client 2 at localhost:54401
2025-03-04 19:19:11,812 - Process-1 - INFO - Message Received from client 2
2025-03-04 19:19:11,828 - Process-1 - INFO - Message Received from client 3
2025-03-04 19:19:11,903 - Process-3 - INFO - Message Received from client 2
2025-03-04 19:19:11,952 - Process-2 - INFO - Message Received from client 3
2025-03-04 19:19:11,985 - Process-1 - INFO - Message Received from client 3
2025-03-04 19:19:12,031 - Process-1 - INFO - Connected to client 3 at localhost:54402
2025-03-04 19:19:12,093 - Process-2 - INFO - Message Received from client 1
2025-03-04 19:19:12,448 - Process-3 - INFO - Message Received from client 1
2025-03-04 19:19:12,894 - Process-3 - INFO - Message Received from client 2
2025-03-04 19:19:12,910 - Process-2 - INFO - Message Received from client 1
2025-03-04 19:19:13,084 - Process-3 - INFO - Message Received from client 1
2025-03-04 19:19:13,319 - Process-3 - INFO - Message Received from client 1
2025-03-04 19:19:13,782 - Process-2 - INFO - Message Received from client 3
2025-03-04 19:19:13,798 - Process-1 - INFO - Message Received from client 2
2025-03-04 19:19:13,887 - Process-1 - INFO - Message Received from client 3
2025-03-04 19:19:14,168 - Process-1 - INFO - Message Received from client 3
2025-03-04 19:19:14,816 - Process-1 - INFO - Message Received from client 2
2025-03-04 19:19:14,862 - Process-3 - INFO - Message Received from client 2
2025-03-04 19:19:15,239 - Process-1 - INFO - Message Received from client 3
2025-03-04 19:19:15,470 - Process-1 - INFO - Message Received from client 3
2025-03-04 19:19:15,503 - Process-2 - INFO - Message Received from client 3
2025-03-04 19:19:15,964 - Process-2 - INFO - Message Received from client 3
2025-03-04 19:19:15,988 - Process-1 - INFO - Message Received from client 3
2025-03-04 19:19:16,459 - Process-2 - INFO - Message Received from client 1
2025-03-04 19:19:16,992 - Process-3 - INFO - Message Received from client 2
2025-03-04 19:19:17,842 - Process-2 - INFO - Message Received from client 3
2025-03-04 19:19:17,873 - Process-1 - INFO - Message Received from client 3
2025-03-04 19:19:18,241 - Process-1 - INFO - Message Received from client 2
2025-03-04 19:19:18,404 - Process-3 - INFO - Message Received from client 2
2025-03-04 19:19:18,442 - Process-1 - INFO - Message Received from client 2
2025-03-04 19:19:19,140 - Process-3 - INFO - Message Received from client 1
2025-03-04 19:19:19,672 - Process-3 - INFO - Message Received from client 1
2025-03-04 19:19:20,103 - Process-2 - INFO - Message Received from client 3
2025-03-04 19:19:20,181 - Process-3 - INFO - Message Received from client 2
2025-03-04 19:19:20,413 - Process-3 - INFO - Message Received from client 1
2025-03-04 19:19:20,460 - Process-2 - INFO - Message Received from client 1
2025-03-04 19:19:20,674 - Process-3 - INFO - Message Received from client 2
2025-03-04 19:19:20,988 - Process-3 - INFO - Message Received from client 2
2025-03-04 19:19:21,090 - Process-2 - INFO - Message Received from client 1
2025-03-04 19:19:21,505 - Process-3 - INFO - Message Received from client 1
2025-03-04 19:19:22,141 - Process-3 - INFO - Message Received from client 1
2025-03-04 19:19:22,172 - Process-1 - INFO - Message Received from client 2
2025-03-04 19:19:23,108 - Process-1 - INFO - Message Received from client 2
2025-03-04 19:19:23,240 - Process-2 - INFO - Message Received from client 3
2025-03-04 19:19:23,261 - Process-1 - INFO - Message Received from client 3
2025-03-04 19:19:23,526 - Process-2 - INFO - Message Received from client 1
2025-03-04 19:19:23,556 - Process-3 - INFO - Message Received from client 1
2025-03-04 19:19:23,829 - Process-2 - INFO - Message Received from client 1
2025-03-04 19:19:24,108 - Process-1 - INFO - Message Received from client 3
2025-03-04 19:19:24,192 - Process-2 - INFO - Message Received from client 3
2025-03-04 19:19:24,712 - Process-1 - INFO - Message Received from client 3
2025-03-04 19:19:24,806 - Process-1 - INFO - Message Received from client 2
2025-03-04 19:19:25,161 - Process-2 - INFO - Message Received from client 1
2025-03-04 19:19:25,176 - Process-3 - INFO - Message Received from client 1
2025-03-04 19:19:25,943 - Process-2 - INFO - Message Received from client 3
2025-03-04 19:19:26,159 - Process-2 - INFO - Message Received from client 1
2025-03-04 19:19:26,197 - Process-1 - INFO - Message Received from client 3
2025-03-04 19:19:26,197 - Process-3 - INFO - Message Received from client 2
2025-03-04 19:19:26,808 - Process-3 - INFO - Message Received from client 2
2025-03-04 19:19:26,839 - Process-3 - INFO - Message Received from client 1
2025-03-04 19:19:26,870 - Process-2 - INFO - Message Received from client 1
2025-03-04 19:19:27,362 - Process-3 - INFO - Message Received from client 2
2025-03-04 19:19:28,111 - Process-2 - INFO - Message Received from client 1
2025-03-04 19:19:28,280 - Process-3 - INFO - Message Received from client 1
2025-03-04 19:19:28,447 - Process-2 - INFO - Message Received from client 1
2025-03-04 19:19:28,478 - Process-3 - INFO - Message Received from client 2
2025-03-04 19:19:28,768 - Process-2 - INFO - Message Received from client 1
2025-03-04 19:19:28,829 - Process-3 - INFO - Message Received from client 1
2025-03-04 19:19:28,875 - Process-1 - INFO - Message Received from client 3
2025-03-04 19:19:29,335 - Process-2 - INFO - Message Received from client 3
2025-03-04 19:19:29,464 - Process-1 - INFO - Message Received from client 3
2025-03-04 19:19:30,051 - Process-3 - INFO - Message Received from client 2
2025-03-04 19:19:30,284 - Process-1 - INFO - Message Received from client 2
2025-03-04 19:19:30,633 - Process-1 - INFO - Message Received from client 3
2025-03-04 19:19:30,664 - Process-3 - INFO - Message Received from client 2
2025-03-04 19:19:31,550 - Process-3 - INFO - Message Received from client 2
2025-03-04 19:19:31,550 - Process-1 - INFO - Message Received from client 2
2025-03-04 19:19:31,870 - Process-1 - INFO - Message Received from client 2
2025-03-04 19:19:32,392 - Process-2 - INFO - Message Received from client 1
2025-03-04 19:19:32,680 - Process-3 - INFO - Message Received from client 1
2025-03-04 19:19:32,835 - Process-2 - INFO - Message Received from client 1
2025-03-04 19:19:33,352 - Process-1 - INFO - Message Received from client 2
2025-03-04 19:19:33,432 - Process-3 - INFO - Message Received from client 2
2025-03-04 19:19:33,501 - Process-1 - INFO - Message Received from client 2
2025-03-04 19:19:34,546 - Process-2 - INFO - Message Received from client 3
2025-03-04 19:19:34,804 - Process-3 - INFO - Message Received from client 1
2025-03-04 19:19:35,404 - Process-3 - INFO - Message Received from client 2
2025-03-04 19:19:36,274 - Process-1 - INFO - Message Received from client 2
2025-03-04 19:19:36,652 - Process-2 - INFO - Message Received from client 3
2025-03-04 19:19:36,807 - Process-1 - INFO - Message Received from client 3
2025-03-04 19:19:36,838 - Process-2 - INFO - Message Received from client 3
2025-03-04 19:19:37,507 - Process-2 - INFO - Message Received from client 3
2025-03-04 19:19:37,556 - Process-2 - INFO - Message Received from client 1
2025-03-04 19:19:37,602 - Process-1 - INFO - Message Received from client 2
2025-03-04 19:19:37,706 - Process-3 - INFO - Message Received from client 1
2025-03-04 19:19:38,162 - Process-3 - INFO - Message Received from client 2
2025-03-04 19:19:38,258 - Process-1 - INFO - Message Received from client 2
2025-03-04 19:19:38,308 - Process-3 - INFO - Message Received from client 1
2025-03-04 19:19:38,385 - Process-3 - INFO - Message Received from client 2
2025-03-04 19:19:38,767 - Process-2 - INFO - Message Received from client 3
2025-03-04 19:19:39,041 - Process-2 - INFO - Message Received from client 3
2025-03-04 19:19:39,087 - Process-2 - INFO - Message Received from client 1
2025-03-04 19:19:39,087 - Process-3 - INFO - Message Received from client 1
2025-03-04 19:19:39,339 - Process-2 - INFO - Message Received from client 1
2025-03-04 19:19:39,801 - Process-1 - INFO - Message Received from client 3
2025-03-04 19:19:40,093 - Process-1 - INFO - Message Received from client 3
2025-03-04 19:19:40,124 - Process-2 - INFO - Message Received from client 3
2025-03-04 19:19:40,390 - Process-2 - INFO - Message Received from client 3
2025-03-04 19:19:40,409 - Process-1 - INFO - Message Received from client 3
2025-03-04 19:19:40,490 - Process-1 - INFO - Message Received from client 2
2025-03-04 19:19:40,880 - Process-3 - INFO - Message Received from client 2
2025-03-04 19:19:40,941 - Process-1 - INFO - Message Received from client 2
2025-03-04 19:19:41,088 - Process-3 - INFO - Message Received from client 2
2025-03-04 19:19:41,135 - Process-1 - INFO - Message Received from client 2
2025-03-04 19:19:41,472 - Process-3 - INFO - Message Received from client 1
2025-03-04 19:19:41,709 - Process-2 - INFO - Message Received from client 1
2025-03-04 19:19:42,224 - Process-2 - INFO - Message Received from client 1
2025-03-04 19:19:42,306 - Process-3 - INFO - Message Received from client 1
2025-03-04 19:19:42,873 - Process-3 - INFO - Message Received from client 2
2025-03-04 19:19:42,955 - Process-1 - INFO - Message Received from client 3
2025-03-04 19:19:43,478 - Process-1 - INFO - Message Received from client 3
2025-03-04 19:19:43,539 - Process-2 - INFO - Message Received from client 3
2025-03-04 19:19:43,941 - Process-2 - INFO - Message Received from client 1
2025-03-04 19:19:44,002 - Process-1 - INFO - Message Received from client 3
2025-03-04 19:19:44,393 - Process-3 - INFO - Message Received from client 2
2025-03-04 19:19:44,454 - Process-3 - INFO - Message Received from client 1
2025-03-04 19:19:44,796 - Process-2 - INFO - Message Received from client 1
2025-03-04 19:19:45,225 - Process-1 - INFO - Message Received from client 3
2025-03-04 19:19:45,364 - Process-2 - INFO - Message Received from client 1
2025-03-04 19:19:45,564 - Process-3 - INFO - Message Received from client 2
2025-03-04 19:19:45,756 - Process-3 - INFO - Message Received from client 1
2025-03-04 19:19:45,812 - Process-1 - INFO - Message Received from client 2
2025-03-04 19:19:46,229 - Process-1 - INFO - Message Received from client 2
2025-03-04 19:19:46,380 - Process-1 - INFO - Message Received from client 3
2025-03-04 19:19:46,444 - Process-2 - INFO - Message Received from client 3
2025-03-04 19:19:46,815 - Process-3 - INFO - Message Received from client 2
2025-03-04 19:19:46,815 - Process-3 - INFO - Message Received from client 1
2025-03-04 19:19:46,877 - Process-2 - INFO - Message Received from client 1
2025-03-04 19:19:47,065 - Process-3 - INFO - Message Received from client 1
2025-03-04 19:19:47,549 - Process-3 - INFO - Message Received from client 2
2025-03-04 19:19:47,703 - Process-3 - INFO - Message Received from client 1
2025-03-04 19:19:47,716 - Process-1 - INFO - Message Received from client 2
2025-03-04 19:19:48,001 - Process-3 - INFO - Message Received from client 2
2025-03-04 19:19:48,047 - Process-1 - INFO - Message Received from client 3
2025-03-04 19:19:48,499 - Process-2 - INFO - Message Received from client 1
2025-03-04 19:19:48,595 - Process-3 - INFO - Message Received from client 2
2025-03-04 19:19:48,649 - Process-3 - INFO - Message Received from client 1
2025-03-04 19:19:48,767 - Process-2 - INFO - Message Received from client 1
2025-03-04 19:19:48,863 - Process-3 - INFO - Message Received from client 1
2025-03-04 19:19:49,366 - Process-2 - INFO - Message Received from client 3
2025-03-04 19:19:49,427 - Process-1 - INFO - Message Received from client 2
2025-03-04 19:19:49,427 - Process-1 - INFO - Message Received from client 3
2025-03-04 19:19:49,533 - Process-3 - INFO - Message Received from client 2
2025-03-04 19:19:49,984 - Process-1 - INFO - Message Received from client 3
2025-03-04 19:19:50,030 - Process-2 - INFO - Message Received from client 3
2025-03-04 19:19:50,100 - Process-3 - INFO - Message Received from client 1
2025-03-04 19:19:50,641 - Process-1 - INFO - Message Received from client 3
2025-03-04 19:19:51,518 - Process-1 - INFO - Message Received from client 3
2025-03-04 19:19:51,549 - Process-3 - INFO - Message Received from client 2
2025-03-04 19:19:51,549 - Process-3 - INFO - Message Received from client 1
2025-03-04 19:19:51,595 - Process-2 - INFO - Message Received from client 1
2025-03-04 19:19:52,148 - Process-2 - INFO - Message Received from client 1
2025-03-04 19:19:52,365 - Process-1 - INFO - Message Received from client 3
2025-03-04 19:19:52,442 - Process-2 - INFO - Message Received from client 3
2025-03-04 19:19:52,868 - Process-3 - INFO - Message Received from client 2
2025-03-04 19:19:53,207 - Process-3 - INFO - Message Received from client 2
2025-03-04 19:19:53,331 - Process-2 - INFO - Message Received from client 1
2025-03-04 19:19:53,331 - Process-1 - INFO - Message Received from client 3
2025-03-04 19:19:53,800 - Process-3 - INFO - Message Received from client 2
2025-03-04 19:19:53,815 - Process-1 - INFO - Message Received from client 2
2025-03-04 19:19:53,815 - Process-1 - INFO - Message Received from client 3
2025-03-04 19:19:54,370 - Process-3 - INFO - Message Received from client 2
2025-03-04 19:19:54,418 - Process-1 - INFO - Message Received from client 2
2025-03-04 19:19:54,855 - Process-1 - INFO - Message Received from client 3
2025-03-04 19:19:55,169 - Process-2 - INFO - Message Received from client 3
2025-03-04 19:19:55,385 - Process-3 - INFO - Message Received from client 2
2025-03-04 19:19:55,419 - Process-1 - INFO - Message Received from client 2
2025-03-04 19:19:56,030 - Process-3 - INFO - Message Received from client 2
2025-03-04 19:19:56,152 - Process-3 - INFO - Message Received from client 2
2025-03-04 19:19:56,205 - Process-2 - INFO - Message Received from client 1
2025-03-04 19:19:56,422 - Process-3 - INFO - Message Received from client 1
2025-03-04 19:19:56,454 - Process-2 - INFO - Message Received from client 1
2025-03-04 19:19:56,569 - Process-3 - INFO - Message Received from client 2
2025-03-04 19:19:56,827 - Process-1 - INFO - Message Received from client 3
2025-03-04 19:19:57,501 - Process-1 - INFO - Message Received from client 3
2025-03-04 19:19:57,717 - Process-2 - INFO - Message Received from client 3
2025-03-04 19:19:58,104 - Process-3 - INFO - Message Received from client 1
2025-03-04 19:19:58,120 - Process-2 - INFO - Message Received from client 1
2025-03-04 19:19:58,135 - Process-2 - INFO - Message Received from client 3
2025-03-04 19:19:58,272 - Process-3 - INFO - Message Received from client 1
2025-03-04 19:19:58,325 - Process-2 - INFO - Message Received from client 1
2025-03-04 19:19:58,854 - Process-2 - INFO - Message Received from client 1
2025-03-04 19:19:58,854 - Process-3 - INFO - Message Received from client 1
2025-03-04 19:19:58,854 - Process-2 - INFO - Message Received from client 3
2025-03-04 19:19:59,055 - Process-3 - INFO - Message Received from client 1
2025-03-04 19:19:59,207 - Process-2 - INFO - Message Received from client 1
2025-03-04 19:19:59,333 - Process-2 - INFO - Message Received from client 1
2025-03-04 19:20:00,118 - Process-3 - INFO - Message Received from client 1
2025-03-04 19:20:00,141 - Process-2 - INFO - Message Received from client 1
2025-03-04 19:20:00,141 - Process-1 - INFO - Message Received from client 3
2025-03-04 19:20:00,141 - Process-2 - INFO - Message Received from client 3
2025-03-04 19:20:00,509 - Process-2 - INFO - Message Received from client 3
2025-03-04 19:20:00,790 - Process-2 - INFO - Message Received from client 3
2025-03-04 19:20:00,809 - Process-1 - INFO - Message Received from client 3
2025-03-04 19:20:01,042 - Process-2 - INFO - Message Received from client 3
2025-03-04 19:20:01,259 - Process-1 - INFO - Message Received from client 3
2025-03-04 19:20:01,708 - Process-2 - INFO - Message Received from client 3
2025-03-04 19:20:01,742 - Process-2 - INFO - Message Received from client 1
2025-03-04 19:20:01,760 - Process-1 - INFO - Message Received from client 3
2025-03-04 19:20:01,760 - Process-3 - INFO - Message Received from client 1
2025-03-04 19:20:02,217 - Process-2 - INFO - Message Received from client 1
2025-03-04 19:20:02,249 - Process-3 - INFO - Message Received from client 1
2025-03-04 19:20:02,759 - Process-2 - INFO - Message Received from client 1
2025-03-04 19:20:02,868 - Process-3 - INFO - Message Received from client 2
2025-03-04 19:20:02,926 - Process-2 - INFO - Message Received from client 1
2025-03-04 19:20:02,941 - Process-3 - INFO - Message Received from client 1
2025-03-04 19:20:03,265 - Process-2 - INFO - Message Received from client 1
2025-03-04 19:20:03,584 - Process-3 - INFO - Message Received from client 1
2025-03-04 19:20:03,631 - Process-2 - INFO - Message Received from client 1
2025-03-04 19:20:04,078 - Process-2 - INFO - Message Received from client 3
2025-03-04 19:20:04,109 - Process-1 - INFO - Message Received from client 3
2025-03-04 19:20:04,140 - Process-3 - INFO - Message Received from client 2
2025-03-04 19:20:04,171 - Process-1 - INFO - Message Received from client 2
2025-03-04 19:20:04,623 - Process-1 - INFO - Message Received from client 3
2025-03-04 19:20:04,911 - Process-3 - INFO - Message Received from client 2
2025-03-04 19:20:04,942 - Process-2 - INFO - Message Received from client 3
2025-03-04 19:20:04,973 - Process-1 - INFO - Message Received from client 3
2025-03-04 19:20:06,162 - Process-3 - INFO - Message Received from client 2
2025-03-04 19:20:06,178 - Process-1 - INFO - Message Received from client 2
2025-03-04 19:20:06,523 - Process-1 - INFO - Message Received from client 2
2025-03-04 19:20:06,910 - Process-2 - INFO - Message Received from client 1
2025-03-04 19:20:07,318 - Process-3 - INFO - Message Received from client 1
2025-03-04 19:20:07,687 - Process-2 - INFO - Message Received from client 3
2025-03-04 19:20:07,793 - Process-1 - INFO - Message Received from client 3
2025-03-04 19:20:08,432 - Process-1 - INFO - Message Received from client 2
2025-03-04 19:20:08,618 - Process-3 - INFO - Message Received from client 2
2025-03-04 19:20:09,100 - Process-1 - INFO - Message Received from client 2
2025-03-04 19:20:09,363 - Process-2 - INFO - Message Received from client 1
2025-03-04 19:20:09,749 - Process-3 - INFO - Message Received from client 1
2025-03-04 19:20:09,832 - Process-2 - INFO - Message Received from client 1
2025-03-04 19:20:10,385 - Process-1 - INFO - Message Received from client 2
2025-03-04 19:20:10,984 - Process-1 - INFO - Message Received from client 2
2025-03-04 19:20:11,185 - Process-1 - INFO - Message Received from client 2
2025-03-04 19:20:11,263 - Process-1 - INFO - Message Received from client 3
2025-03-04 19:20:11,414 - Process-1 - INFO - Message Received from client 3
2025-03-04 19:20:11,501 - Process-1 - INFO - Message Received from client 2
2025-03-04 19:20:11,878 - Process-1 - INFO - Message Received from client 3
2025-03-04 19:20:11,878 - Process-2 - INFO - Message Received from client 3
2025-03-04 19:20:12,174 - Process-2 - INFO - Message Received from client 1
2025-03-04 19:20:12,236 - Process-3 - INFO - Message Received from client 1
2025-03-04 19:20:12,252 - Process-2 - INFO - Message Received from client 3
2025-03-04 19:20:12,283 - Process-1 - INFO - Message Received from client 3
2025-03-04 19:20:12,670 - Process-1 - INFO - Message Received from client 2
2025-03-04 19:20:13,049 - Process-1 - INFO - Message Received from client 2
2025-03-04 19:20:13,127 - Process-3 - INFO - Message Received from client 2
2025-03-04 19:20:13,170 - Process-2 - INFO - Message Received from client 1
2025-03-04 19:20:13,317 - Process-3 - INFO - Message Received from client 2
2025-03-04 19:20:13,479 - Process-1 - INFO - Message Received from client 2
2025-03-04 19:20:14,021 - Process-1 - INFO - Message Received from client 2
2025-03-04 19:20:14,037 - Process-3 - INFO - Message Received from client 1
2025-03-04 19:20:14,084 - Process-3 - INFO - Message Received from client 2
2025-03-04 19:20:14,438 - Process-3 - INFO - Message Received from client 1
2025-03-04 19:20:14,770 - Process-1 - INFO - Message Received from client 3
2025-03-04 19:20:15,202 - Process-2 - INFO - Message Received from client 3
2025-03-04 19:20:15,288 - Process-1 - INFO - Message Received from client 3
2025-03-04 19:20:16,146 - Process-1 - INFO - Message Received from client 2
2025-03-04 19:20:16,162 - Process-1 - INFO - Message Received from client 3
2025-03-04 19:20:16,162 - Process-2 - INFO - Message Received from client 3
2025-03-04 19:20:16,887 - Process-3 - INFO - Stopping messaging thread for client 2
2025-03-04 19:20:16,887 - Process-3 - INFO - Stopping messaging thread for client 1
2025-03-04 19:20:16,964 - Process-2 - INFO - Stopping messaging thread for client 1
2025-03-04 19:20:16,964 - Process-2 - INFO - Stopping messaging thread for client 3
2025-03-04 19:20:16,966 - Process-3 - INFO - Server stopped
2025-03-04 19:20:16,967 - Process-3 - INFO - Server for client 3 stopped
2025-03-04 19:20:16,967 - Process-3 - INFO - Closing client
2025-03-04 19:20:17,002 - Process-2 - INFO - Client 3 is unavailable. This is likely the result of graceful server shutdown and can be ignored.
2025-03-04 19:20:17,012 - Process-2 - INFO - Message Received from client 1
2025-03-04 19:20:17,089 - Process-1 - INFO - Client 3 is unavailable. This is likely the result of graceful server shutdown and can be ignored.
2025-03-04 19:20:17,091 - Process-2 - INFO - Server stopped
2025-03-04 19:20:17,092 - Process-2 - INFO - Server for client 2 stopped
2025-03-04 19:20:17,097 - Process-2 - INFO - Closing client
2025-03-04 19:20:17,151 - Process-1 - INFO - Client 2 is unavailable. This is likely the result of graceful server shutdown and can be ignored.
2025-03-04 19:20:17,182 - Process-1 - INFO - Stopping messaging thread for client 2
2025-03-04 19:20:17,183 - Process-1 - INFO - Server stopped
2025-03-04 19:20:17,184 - Process-1 - INFO - Server for client 1 stopped
2025-03-04 19:20:17,189 - Process-1 - INFO - Closing client
